<?xml version="1.0" encoding="UTF-8"?>
<testsuites name="PPE" time="488" tests="1" failures="2" errors="0">
   <testsuite name="PPE" tests="1" failures="2" errors="0" time="488" timestamp="2018-02-05 16:34:30" hostname="gsalunkhe - CTS-QUA-4.cogitate.india" id="Test Suites/PPE">
      <properties>
         <property name="deviceName" value=""/>
         <property name="devicePlatform" value=""/>
         <property name="logFolder" value="D:\\Katalon_Practice_Workspace\\Katalon_PPE_GANESH\\Reports\\PPE\\20180205_163428"/>
         <property name="logFiles" value="D:\\Katalon_Practice_Workspace\\Katalon_PPE_GANESH\\Reports\\PPE\\20180205_163428\\execution0.log"/>
         <property name="attachments" value="D:\\Katalon_Practice_Workspace\\Katalon_PPE_GANESH\\Reports\\PPE\\20180205_163428\\1517829125368.png, D:\\Katalon_Practice_Workspace\\Katalon_PPE_GANESH\\Reports\\PPE\\20180205_163428\\1517829157175.png"/>
         <property name="hostName" value="gsalunkhe - CTS-QUA-4.cogitate.india"/>
         <property name="os" value="Windows 7 64bit"/>
         <property name="katalonVersion" value="5.0.1.1"/>
         <property name="browser" value="Chrome 63.0.3239.132"/>
         <property name="hostAddress" value="192.168.0.4"/>
         <property name="sessionId" value="91e460021fc3c402b8f45d0f81e97fa4"/>
         <property name="seleniumVersion" value="2.53.0"/>
         <property name="proxyInformation" value="ProxyInformation{proxyOption=NO_PROXY, proxyServerType=HTTP, password=, proxyServerAddress=, proxyServerPort=0}"/>
         <property name="platform" value="Windows 7"/>
      </properties>
      <testcase name="Test Cases/QUOTE_CREATION" classname="Test Cases/QUOTE_CREATION" status="PASSED">
         <system-out><![CDATA[2018-02-05 16:34:30 - [TEST_CASE][PASSED] - Test Cases/QUOTE_CREATION: Test Cases/QUOTE_CREATION

2018-02-05 16:34:31 - [TEST_STEP][PASSED] - Statement - propertyDataRowCounter = 0: null

2018-02-05 16:34:31 - [TEST_STEP][PASSED] - Statement - configDataRowCounter = 0: null

2018-02-05 16:34:31 - [TEST_STEP][PASSED] - Statement - genericDATA = com.kms.katalon.core.testdata.TestDataFactory.findTestData(PPE_Config_File): Test data is internal data, reading internal data

2018-02-05 16:34:31 - [TEST_STEP][PASSED] - Statement - propertyDATA = com.kms.katalon.core.testdata.TestDataFactory.findTestData(PPEPROPERTYDATA): Test data is internal data, reading internal data

2018-02-05 16:34:31 - [TEST_STEP][PASSED] - Statement - obj = data.get(propertyDataRowCounter): null

2018-02-05 16:34:31 - [TEST_STEP][PASSED] - Statement - obj.toString().replace("N", "Y"): null

2018-02-05 16:34:31 - [TEST_STEP][PASSED] - Statement - data.add(obj): null

2018-02-05 16:34:31 - [TEST_STEP][PASSED] - Statement - println(obj): null

2018-02-05 16:34:31 - [TEST_STEP][PASSED] - com.PPE.url_Navigation.gotoURL: com.PPE.url_Navigation.gotoURL is PASSED

2018-02-05 16:34:38 - [MESSAGE][PASSED] - Browser is opened with url: 'http://13.90.102.191:8066/'

2018-02-05 16:34:38 - [MESSAGE][PASSED] - Wait for page load successfully

2018-02-05 16:34:39 - [MESSAGE][PASSED] - Current window maximized

2018-02-05 16:34:39 - [MESSAGE][PASSED] - com.PPE.url_Navigation.gotoURL is PASSED

2018-02-05 16:34:39 - [TEST_STEP][PASSED] - com.PPE.IncorrectLogin.login: com.PPE.IncorrectLogin.login is PASSED

2018-02-05 16:34:39 - [MESSAGE][PASSED] - Text '125634' is set on object 'Object Repository/Quote_OR/txtfield_USERNAME'

2018-02-05 16:34:39 - [MESSAGE][PASSED] - Text '10#Hammer' is set on object 'Object Repository/Quote_OR/txtfield_PASSWORD'

2018-02-05 16:34:44 - [MESSAGE][PASSED] - Object: 'Object Repository/Quote_OR/btn-LOGIN' is clicked on

2018-02-05 16:34:50 - [MESSAGE][PASSED] - Delayed 6 second(s)

2018-02-05 16:34:51 - [MESSAGE][PASSED] - Text 'ih.chelms' is set on object 'Object Repository/Quote_OR/txtfield_USERNAME'

2018-02-05 16:34:51 - [MESSAGE][PASSED] - Text '123456' is set on object 'Object Repository/Quote_OR/txtfield_PASSWORD'

2018-02-05 16:34:52 - [MESSAGE][PASSED] - Object: 'Object Repository/Quote_OR/btn-LOGIN' is clicked on

2018-02-05 16:34:58 - [MESSAGE][PASSED] - Delayed 6 second(s)

2018-02-05 16:34:58 - [MESSAGE][PASSED] - Text 'ih.jbutler' is set on object 'Object Repository/Quote_OR/txtfield_USERNAME'

2018-02-05 16:34:58 - [MESSAGE][PASSED] - Text '123456' is set on object 'Object Repository/Quote_OR/txtfield_PASSWORD'

2018-02-05 16:34:59 - [MESSAGE][PASSED] - Object: 'Object Repository/Quote_OR/btn-LOGIN' is clicked on

2018-02-05 16:35:05 - [MESSAGE][PASSED] - Delayed 6 second(s)

2018-02-05 16:35:05 - [MESSAGE][PASSED] - Text 'Ganesh' is set on object 'Object Repository/Quote_OR/txtfield_USERNAME'

2018-02-05 16:35:05 - [MESSAGE][PASSED] - Text 'Salunkhe' is set on object 'Object Repository/Quote_OR/txtfield_PASSWORD'

2018-02-05 16:35:06 - [MESSAGE][PASSED] - Object: 'Object Repository/Quote_OR/btn-LOGIN' is clicked on

2018-02-05 16:35:12 - [MESSAGE][PASSED] - Delayed 6 second(s)

2018-02-05 16:35:12 - [MESSAGE][PASSED] - Text 'ih.william' is set on object 'Object Repository/Quote_OR/txtfield_USERNAME'

2018-02-05 16:35:12 - [MESSAGE][PASSED] - Text 'ih.chelms' is set on object 'Object Repository/Quote_OR/txtfield_PASSWORD'

2018-02-05 16:35:13 - [MESSAGE][PASSED] - Object: 'Object Repository/Quote_OR/btn-LOGIN' is clicked on

2018-02-05 16:35:19 - [MESSAGE][PASSED] - Delayed 6 second(s)

2018-02-05 16:35:19 - [MESSAGE][PASSED] - com.PPE.IncorrectLogin.login is PASSED

2018-02-05 16:35:19 - [TEST_STEP][PASSED] - com.PPE.Login.correctlogin: com.PPE.Login.correctlogin is PASSED

2018-02-05 16:35:19 - [MESSAGE][PASSED] - Text 'ih.jbutler' is set on object 'Object Repository/Quote_OR/txtfield_USERNAME'

2018-02-05 16:35:19 - [MESSAGE][PASSED] - Text '10#Hammer' is set on object 'Object Repository/Quote_OR/txtfield_PASSWORD'

2018-02-05 16:35:24 - [MESSAGE][PASSED] - Object: 'Object Repository/Quote_OR/btn-LOGIN' is clicked on

2018-02-05 16:35:24 - [MESSAGE][PASSED] - com.PPE.Login.correctlogin is PASSED

2018-02-05 16:35:24 - [TEST_STEP][PASSED] - Statement - If (genericDATA.internallyGetValue("STATE", configDataRowCounter) == "GA"): null

2018-02-05 16:35:24 - [TEST_STEP][PASSED] - Statement - Else: Delayed 6 second(s)

2018-02-05 16:35:24 - [TEST_STEP][PASSED] - setText: Text '2519 White Fence Way High Point, NC 27265 USA' is set on object 'Object Repository/Quote_OR/txtfield_ADDRESS_ON_LANDING_PAGE'

2018-02-05 16:35:25 - [MESSAGE][PASSED] - Text '2519 White Fence Way High Point, NC 27265 USA' is set on object 'Object Repository/Quote_OR/txtfield_ADDRESS_ON_LANDING_PAGE'

2018-02-05 16:35:25 - [TEST_STEP][PASSED] - delay: Delayed 6 second(s)

2018-02-05 16:35:31 - [MESSAGE][PASSED] - Delayed 6 second(s)

2018-02-05 16:35:31 - [TEST_STEP][PASSED] - click: Object: 'Object Repository/Quote_OR/btn_SEARCH_ADDRESS' is clicked on

2018-02-05 16:35:48 - [MESSAGE][PASSED] - Object: 'Object Repository/Quote_OR/btn_SEARCH_ADDRESS' is clicked on

2018-02-05 16:35:48 - [TEST_STEP][PASSED] - waitForPageLoad: Wait for page load successfully

2018-02-05 16:35:48 - [MESSAGE][PASSED] - Wait for page load successfully

2018-02-05 16:35:48 - [TEST_STEP][PASSED] - com.PPE.QuotePropertyDataSelection.QuoteCreation: com.PPE.QuotePropertyDataSelection.QuoteCreation is PASSED

2018-02-05 16:35:48 - [MESSAGE][PASSED] - All options with index in [1] are selected on object 'Object Repository/Quote_OR/drp_PROPERTY_TYPE'

2018-02-05 16:35:48 - [MESSAGE][PASSED] - Text '' is set on object 'Object Repository/Quote_OR/txtfield_HOME_VALUATION'

2018-02-05 16:35:48 - [MESSAGE][PASSED] - Object: 'Object Repository/Quote_OR/btn_GETQUOTE' is clicked on

2018-02-05 16:35:48 - [MESSAGE][PASSED] - All options with index in [2] are selected on object 'Object Repository/Quote_OR/drp_CONSTRUCTION_TYPE'

2018-02-05 16:35:49 - [MESSAGE][PASSED] - Text '75000' is set on object 'Object Repository/Quote_OR/txtfield_HOME_VALUATION'

2018-02-05 16:35:51 - [MESSAGE][PASSED] - Delayed 2 second(s)

2018-02-05 16:35:51 - [MESSAGE][PASSED] - Text '' is set on object 'Object Repository/Quote_OR/txtbx_YEARHOMEBUILD'

2018-02-05 16:35:51 - [MESSAGE][PASSED] - Object: 'Object Repository/Quote_OR/btn_GETQUOTE' is clicked on

2018-02-05 16:35:51 - [MESSAGE][PASSED] - Text '1968' is set on object 'Object Repository/Quote_OR/txtbx_YEARHOMEBUILD'

2018-02-05 16:35:51 - [MESSAGE][PASSED] - Object: 'Object Repository/Quote_OR/btn_GETQUOTE' is clicked on

2018-02-05 16:35:55 - [MESSAGE][PASSED] - Delayed 4 second(s)

2018-02-05 16:36:02 - [MESSAGE][PASSED] - Object: 'Object Repository/Quote_OR/btn_SENDQUOTE' is clicked on

2018-02-05 16:36:03 - [MESSAGE][PASSED] - Delayed 1 second(s)

2018-02-05 16:36:03 - [MESSAGE][PASSED] - Object: 'Object Repository/Quote_OR/btn_SEND_QUOTE_DETAILS' is clicked on

2018-02-05 16:36:04 - [MESSAGE][PASSED] - Delayed 1 second(s)

2018-02-05 16:36:04 - [MESSAGE][PASSED] - Text 'Ganesh' is set on object 'Object Repository/Quote_OR/txtfield_SENDQUOTE_FIRSTNAME'

2018-02-05 16:36:04 - [MESSAGE][PASSED] - Text 'Salunkhe' is set on object 'Object Repository/Quote_OR/txtfield_SENDQUOTE_LASTNAME'

2018-02-05 16:36:07 - [MESSAGE][PASSED] - Delayed 3 second(s)

2018-02-05 16:36:08 - [MESSAGE][PASSED] - Text '9768180080' is set on object 'Object Repository/Quote_OR/txtfield_SENDQUOTE_CONTACTNUMBER'

2018-02-05 16:36:11 - [MESSAGE][PASSED] - Delayed 3 second(s)

2018-02-05 16:36:11 - [MESSAGE][PASSED] - Text 'gsalunkhe@cogitate.us' is set on object 'Object Repository/Quote_OR/txtfield_SENDQUOTE_EMAIL'

2018-02-05 16:36:15 - [MESSAGE][PASSED] - Delayed 4 second(s)

2018-02-05 16:36:15 - [MESSAGE][PASSED] - Object: 'Object Repository/Quote_OR/btn_SEND_QUOTE_DETAILS' is clicked on

2018-02-05 16:36:19 - [MESSAGE][PASSED] - Delayed 4 second(s)

2018-02-05 16:36:19 - [MESSAGE][PASSED] - All options with index in [1] are selected on object 'Object Repository/Quote_OR/drp_CONSTRUCTION_TYPE'

2018-02-05 16:36:27 - [MESSAGE][PASSED] - Delayed 8 second(s)

2018-02-05 16:36:33 - [MESSAGE][PASSED] - Object: 'Object Repository/Quote_OR/btn_RECALCULATE_PREMIUM' is clicked on

2018-02-05 16:36:33 - [MESSAGE][PASSED] - com.PPE.QuotePropertyDataSelection.QuoteCreation is PASSED]]></system-out>
         <system-err><![CDATA[]]></system-err>
      </testcase>
      <testcase name="Test Cases/APPLICATION_CREATION" classname="Test Cases/APPLICATION_CREATION" status="FAILED">
         <failure type="FAILED" message="Unable to set text '111' of object 'Object Repository/Application_OR/btn_REVIEW_APPLICATION_AT_UW' (Root cause: com.kms.katalon.core.webui.exception.WebElementNotFoundException: Web element with id: 'Object Repository/Application_OR/btn_REVIEW_APPLICATION_AT_UW' located by 'By.xpath: //*[@id=&quot;divRenderBody&quot;]/div[1]/section/div[1]/div[1]/div[1]/div[1]/button' not found)"/>
         <system-out><![CDATA[2018-02-05 16:36:33 - [TEST_CASE][FAILED] - Test Cases/APPLICATION_CREATION: Test Cases/APPLICATION_CREATION FAILED because (of) Unable to set text '111' of object 'Object Repository/Application_OR/btn_REVIEW_APPLICATION_AT_UW' (Root cause: com.kms.katalon.core.webui.exception.WebElementNotFoundException: Web element with id: 'Object Repository/Application_OR/btn_REVIEW_APPLICATION_AT_UW' located by 'By.xpath: //*[@id="divRenderBody"]/div[1]/section/div[1]/div[1]/div[1]/div[1]/button' not found)

2018-02-05 16:36:33 - [TEST_STEP][PASSED] - Statement - propertyDataRowCounter = 0: null

2018-02-05 16:36:33 - [TEST_STEP][PASSED] - Statement - configDataRowCounter = 0: null

2018-02-05 16:36:33 - [TEST_STEP][PASSED] - Statement - genericDATA = com.kms.katalon.core.testdata.TestDataFactory.findTestData(PPE_Config_File): Test data is internal data, reading internal data

2018-02-05 16:36:33 - [TEST_STEP][PASSED] - Statement - propertyDATA = com.kms.katalon.core.testdata.TestDataFactory.findTestData(PPEPROPERTYDATA): Test data is internal data, reading internal data

2018-02-05 16:36:33 - [TEST_STEP][PASSED] - Statement - Address = com.kms.katalon.core.testobject.ObjectRepository.findTestObject(Endorsement_OR/get_Address): Finding Test Object with id 'Object Repository/Endorsement_OR/get_Address'

2018-02-05 16:36:33 - [TEST_STEP][PASSED] - Statement - propertyaddress = com.kms.katalon.core.webui.keyword.WebUiBuiltInKeywords.getAttribute(Address, "value"): Attribute 'value' of object 'Object Repository/Endorsement_OR/get_Address' is: '2519 White Fence Way, High Point, NC 27265, USA'

2018-02-05 16:36:33 - [MESSAGE][PASSED] - Attribute 'value' of object 'Object Repository/Endorsement_OR/get_Address' is: '2519 White Fence Way, High Point, NC 27265, USA'

2018-02-05 16:36:33 - [TEST_STEP][PASSED] - Statement - println(propertyaddress): null

2018-02-05 16:36:33 - [TEST_STEP][PASSED] - Statement - propertyaddress = propertyaddress: null

2018-02-05 16:36:33 - [TEST_STEP][PASSED] - com.PPE.Saving_PolicyHolderInfo_Page.PolicyHolderPage: com.PPE.Saving_PolicyHolderInfo_Page.PolicyHolderPage is PASSED

2018-02-05 16:36:37 - [MESSAGE][PASSED] - Delayed 4 second(s)

2018-02-05 16:36:50 - [MESSAGE][PASSED] - Object: 'Object Repository/Application_OR/btn_TOAPPLICATION' is clicked on

2018-02-05 16:36:54 - [MESSAGE][PASSED] - Delayed 4 second(s)

2018-02-05 16:36:57 - [MESSAGE][PASSED] - Object: 'Object Repository/Application_OR/btn-YES_IS_BNESS_PREMISES' is clicked on

2018-02-05 16:36:59 - [MESSAGE][PASSED] - Delayed 2 second(s)

2018-02-05 16:37:04 - [MESSAGE][PASSED] - Object: 'Object Repository/Application_OR/btn-YES_FOOT_TRAFFIC' is clicked on

2018-02-05 16:37:06 - [MESSAGE][PASSED] - Delayed 2 second(s)

2018-02-05 16:37:06 - [MESSAGE][PASSED] - Text '11' is set on object 'Object Repository/Application_OR/txtfield-Traffic_Percentage'

2018-02-05 16:37:09 - [MESSAGE][PASSED] - Delayed 3 second(s)

2018-02-05 16:37:14 - [MESSAGE][PASSED] - Object: 'Object Repository/Application_OR/btn_CONTINUE_UW_QUESTIONS' is clicked on

2018-02-05 16:37:17 - [MESSAGE][PASSED] - Delayed 3 second(s)

2018-02-05 16:37:17 - [MESSAGE][PASSED] - Text '10' is set on object 'Object Repository/Application_OR/txtfield-Traffic_Percentage'

2018-02-05 16:37:21 - [MESSAGE][PASSED] - Delayed 4 second(s)

2018-02-05 16:37:27 - [MESSAGE][PASSED] - Object: 'Object Repository/Application_OR/btn_CONTINUE_UW_QUESTIONS' is clicked on

2018-02-05 16:37:30 - [MESSAGE][PASSED] - Delayed 3 second(s)

2018-02-05 16:37:30 - [MESSAGE][PASSED] - Object: 'Object Repository/Application_OR/txtfield_INSURED_FIRSTNAME' is clicked on

2018-02-05 16:37:30 - [MESSAGE][PASSED] - Text '' is set on object 'Object Repository/Application_OR/txtfield_INSURED_FIRSTNAME'

2018-02-05 16:37:30 - [MESSAGE][PASSED] - Text 'Smith' is set on object 'Object Repository/Application_OR/txtfield_INSURED_FIRSTNAME'

2018-02-05 16:37:30 - [MESSAGE][PASSED] - Text '' is set on object 'Object Repository/Application_OR/txtfield_INSURED_MIDDLENAME'

2018-02-05 16:37:30 - [MESSAGE][PASSED] - Text 'Morkel' is set on object 'Object Repository/Application_OR/txtfield_INSURED_MIDDLENAME'

2018-02-05 16:37:30 - [MESSAGE][PASSED] - Text '' is set on object 'Object Repository/Application_OR/txtfield_INSURED_LASTNAME'

2018-02-05 16:37:30 - [MESSAGE][PASSED] - Text 'Duplesis' is set on object 'Object Repository/Application_OR/txtfield_INSURED_LASTNAME'

2018-02-05 16:37:31 - [MESSAGE][PASSED] - Text '09/10/1999' is set on object 'Object Repository/Application_OR/txtfield_INSURED_DOB'

2018-02-05 16:37:36 - [MESSAGE][PASSED] - Delayed 5 second(s)

2018-02-05 16:37:36 - [MESSAGE][PASSED] - Text 'gsalunkhe@cogitate.us' is set on object 'Object Repository/Application_OR/txtfield_INSURED_EMAIL'

2018-02-05 16:37:41 - [MESSAGE][PASSED] - Delayed 5 second(s)

2018-02-05 16:37:41 - [MESSAGE][PASSED] - Text '9768180080' is set on object 'Object Repository/Application_OR/txtfield_INSURED_CONTACTNUMBER'

2018-02-05 16:37:46 - [MESSAGE][PASSED] - Delayed 5 second(s)

2018-02-05 16:37:46 - [MESSAGE][PASSED] - Attribute 'value' of object 'Object Repository/Generic_OR/hdnPolicyInfoId' is: '3626'

2018-02-05 16:37:51 - [MESSAGE][PASSED] - Object: 'Object Repository/Application_OR/btn_POLICYHOLDER_SAVEANDCONTINUE' is clicked on

2018-02-05 16:37:52 - [MESSAGE][PASSED] - Delayed 1 second(s)

2018-02-05 16:37:52 - [MESSAGE][PASSED] - com.PPE.Saving_PolicyHolderInfo_Page.PolicyHolderPage is PASSED

2018-02-05 16:37:52 - [TEST_STEP][PASSED] - com.PPE.Saving_PropertyInfo_Page.PropertyPage: com.PPE.Saving_PropertyInfo_Page.PropertyPage is PASSED

2018-02-05 16:37:59 - [MESSAGE][PASSED] - Object: 'Object Repository/Application_OR/drp_ROOFTYPE_PROPERTYPAGE' is clicked on

2018-02-05 16:38:02 - [MESSAGE][PASSED] - Delayed 3 second(s)

2018-02-05 16:38:02 - [MESSAGE][PASSED] - All options with index in [1] are selected on object 'Object Repository/Application_OR/drp_ROOFTYPE_PROPERTYPAGE'

2018-02-05 16:38:04 - [MESSAGE][PASSED] - Delayed 2 second(s)

2018-02-05 16:38:04 - [MESSAGE][PASSED] - All options with index in [3] are selected on object 'Object Repository/Application_OR/drp_FOUNDATIONTYPE_PROPERTYPAGE'

2018-02-05 16:38:06 - [MESSAGE][PASSED] - Delayed 2 second(s)

2018-02-05 16:38:06 - [MESSAGE][PASSED] - All options with index in [7] are selected on object 'Object Repository/Application_OR/drp_HEATINGTYPE_PROPERTYPAGE'

2018-02-05 16:38:11 - [MESSAGE][PASSED] - Delayed 5 second(s)

2018-02-05 16:38:17 - [MESSAGE][PASSED] - Object: 'Object Repository/Application_OR/btn_OCCUPANYPAGE_SAVEANDCONTINUE' is clicked on

2018-02-05 16:38:21 - [MESSAGE][PASSED] - Delayed 4 second(s)

2018-02-05 16:38:26 - [MESSAGE][PASSED] - Object: 'Object Repository/Application_OR/btn_YES_ROOFAGE_POPUP' is clicked on

2018-02-05 16:38:30 - [MESSAGE][PASSED] - Delayed 4 second(s)

2018-02-05 16:38:35 - [MESSAGE][PASSED] - Object: 'Object Repository/Application_OR/btn_YES_ELECTRICALAGE_POPUP' is clicked on

2018-02-05 16:38:39 - [MESSAGE][PASSED] - Delayed 4 second(s)

2018-02-05 16:38:39 - [MESSAGE][PASSED] - Object: 'Object Repository/Application_OR/btn_YES_ELECTRICALAGE_POPUP' is clicked on

2018-02-05 16:38:44 - [MESSAGE][PASSED] - Delayed 5 second(s)

2018-02-05 16:38:44 - [MESSAGE][PASSED] - com.PPE.Saving_PropertyInfo_Page.PropertyPage is PASSED

2018-02-05 16:38:44 - [TEST_STEP][PASSED] - com.PPE.Policy_Creation.ApplicationBind: com.PPE.Policy_Creation.ApplicationBind is PASSED

2018-02-05 16:38:47 - [MESSAGE][PASSED] - Object: 'Object Repository/Application_OR/btn_OCCUPANYPAGE_SAVEANDCONTINUE' is clicked on

2018-02-05 16:38:52 - [MESSAGE][PASSED] - Delayed 5 second(s)

2018-02-05 16:38:52 - [MESSAGE][PASSED] - Object 'Object Repository/Application_OR/chkbx_AGREEMENT' is checked

2018-02-05 16:39:02 - [MESSAGE][PASSED] - Delayed 10 second(s)

2018-02-05 16:39:02 - [MESSAGE][PASSED] - Object: 'Object Repository/Application_OR/btn_OCCUPANYPAGE_SAVEANDCONTINUE' is clicked on

2018-02-05 16:39:07 - [MESSAGE][PASSED] - Delayed 5 second(s)

2018-02-05 16:39:25 - [MESSAGE][PASSED] - Object: 'Object Repository/Application_OR/btn_SIGNAPPLICATION_AGENT' is clicked on

2018-02-05 16:39:30 - [MESSAGE][PASSED] - Delayed 5 second(s)

2018-02-05 16:39:30 - [MESSAGE][PASSED] - Text of object 'Object Repository/Application_OR/get_INSUREDNAME_APPLICATION FORMSUMMARY' is: 'Smith Morkel Duplesis'

2018-02-05 16:39:30 - [MESSAGE][PASSED] - Object: 'Object Repository/Application_OR/btn_INSURED_SIGNATURE' is clicked on

2018-02-05 16:39:35 - [MESSAGE][PASSED] - Delayed 5 second(s)

2018-02-05 16:39:35 - [MESSAGE][PASSED] - Object: 'Object Repository/Application_OR/txtbx_INSURED_SIGNATURE' is clicked on

2018-02-05 16:39:40 - [MESSAGE][PASSED] - Delayed 5 second(s)

2018-02-05 16:39:40 - [MESSAGE][PASSED] - Text 'Smith Morkel Duplesis' is set on object 'Object Repository/Application_OR/txtbx_INSURED_SIGNATURE'

2018-02-05 16:39:40 - [MESSAGE][PASSED] - Object: 'Object Repository/Application_OR/btn_SUBMIT_INSURED_SIGNATURE' is clicked on

2018-02-05 16:39:40 - [MESSAGE][PASSED] - com.PPE.Policy_Creation.ApplicationBind is PASSED

2018-02-05 16:39:40 - [TEST_STEP][PASSED] - Statement - otpQuery = "SELECT TOP 1 OtpGenerated FROM PPE_ApplicationForms_trn where PolicyInfoId = " + policyInfoId + " Order BY ModifiedDateTime DESC": null

2018-02-05 16:39:40 - [TEST_STEP][PASSED] - Statement - println("otpQuery" + " " + otpQuery): null

2018-02-05 16:39:40 - [TEST_STEP][PASSED] - com.PPE.Database_Connection.connectDB: com.PPE.Database_Connection.connectDB is PASSED

2018-02-05 16:39:42 - [MESSAGE][PASSED] - com.PPE.Database_Connection.connectDB is PASSED

2018-02-05 16:39:42 - [TEST_STEP][PASSED] - Statement - recordset = CustomKeywords.com.PPE.Database_Connection.executeQuery(otpQuery): com.PPE.Database_Connection.executeQuery is PASSED

2018-02-05 16:39:43 - [MESSAGE][PASSED] - com.PPE.Database_Connection.executeQuery is PASSED

2018-02-05 16:39:43 - [TEST_STEP][PASSED] - Statement - otp = 0: null

2018-02-05 16:39:43 - [TEST_STEP][PASSED] - Statement - While (recordset.next()): null

2018-02-05 16:39:43 - [TEST_STEP][PASSED] - Statement - otp = recordset.getObject("OtpGenerated"): null

2018-02-05 16:39:43 - [TEST_STEP][PASSED] - Statement - println("otp" + " " + otp): null

2018-02-05 16:39:43 - [TEST_STEP][PASSED] - delay: Delayed 10 second(s)

2018-02-05 16:39:53 - [MESSAGE][PASSED] - Delayed 10 second(s)

2018-02-05 16:39:53 - [TEST_STEP][PASSED] - Statement - txtOtp = com.kms.katalon.core.testobject.ObjectRepository.findTestObject(Application_OR/txtfield-OTP): Finding Test Object with id 'Object Repository/Application_OR/txtfield-OTP'

2018-02-05 16:39:53 - [TEST_STEP][PASSED] - setText: Text '4137' is set on object 'Object Repository/Application_OR/txtfield-OTP'

2018-02-05 16:39:53 - [MESSAGE][PASSED] - Text '4137' is set on object 'Object Repository/Application_OR/txtfield-OTP'

2018-02-05 16:39:53 - [TEST_STEP][PASSED] - delay: Delayed 1 second(s)

2018-02-05 16:39:54 - [MESSAGE][PASSED] - Delayed 1 second(s)

2018-02-05 16:39:54 - [TEST_STEP][PASSED] - click: Object: 'Object Repository/Application_OR/btn_OTP_VERIFY' is clicked on

2018-02-05 16:39:54 - [MESSAGE][PASSED] - Object: 'Object Repository/Application_OR/btn_OTP_VERIFY' is clicked on

2018-02-05 16:39:54 - [TEST_STEP][PASSED] - delay: Delayed 5 second(s)

2018-02-05 16:39:59 - [MESSAGE][PASSED] - Delayed 5 second(s)

2018-02-05 16:39:59 - [TEST_STEP][PASSED] - click: Object: 'Object Repository/Application_OR/btn_AGENT_SIGNATURE' is clicked on

2018-02-05 16:39:59 - [MESSAGE][PASSED] - Object: 'Object Repository/Application_OR/btn_AGENT_SIGNATURE' is clicked on

2018-02-05 16:39:59 - [TEST_STEP][PASSED] - delay: Delayed 2 second(s)

2018-02-05 16:40:01 - [MESSAGE][PASSED] - Delayed 2 second(s)

2018-02-05 16:40:01 - [TEST_STEP][PASSED] - click: Object: 'Object Repository/Application_OR/txtbx_AGENT_SIGNATURE' is clicked on

2018-02-05 16:40:01 - [MESSAGE][PASSED] - Object: 'Object Repository/Application_OR/txtbx_AGENT_SIGNATURE' is clicked on

2018-02-05 16:40:01 - [TEST_STEP][PASSED] - delay: Delayed 2 second(s)

2018-02-05 16:40:03 - [MESSAGE][PASSED] - Delayed 2 second(s)

2018-02-05 16:40:03 - [TEST_STEP][PASSED] - Statement - If (genericDATA.internallyGetValue("STATE", configDataRowCounter) == "GA"): null

2018-02-05 16:40:03 - [TEST_STEP][PASSED] - Statement - Else: Delayed 2 second(s)

2018-02-05 16:40:03 - [TEST_STEP][PASSED] - setText: Text 'Jeff Buttler' is set on object 'Object Repository/Application_OR/txtbx_AGENT_SIGNATURE'

2018-02-05 16:40:03 - [MESSAGE][PASSED] - Text 'Jeff Buttler' is set on object 'Object Repository/Application_OR/txtbx_AGENT_SIGNATURE'

2018-02-05 16:40:03 - [TEST_STEP][PASSED] - delay: Delayed 2 second(s)

2018-02-05 16:40:05 - [MESSAGE][PASSED] - Delayed 2 second(s)

2018-02-05 16:40:05 - [TEST_STEP][PASSED] - click: Object: 'Object Repository/Application_OR/btn_SUBMIT_AGENT_SIGNATURE' is clicked on

2018-02-05 16:40:05 - [MESSAGE][PASSED] - Object: 'Object Repository/Application_OR/btn_SUBMIT_AGENT_SIGNATURE' is clicked on

2018-02-05 16:40:05 - [TEST_STEP][PASSED] - delay: Delayed 5 second(s)

2018-02-05 16:40:10 - [MESSAGE][PASSED] - Delayed 5 second(s)

2018-02-05 16:40:10 - [TEST_STEP][PASSED] - click: Object: 'Object Repository/Application_OR/btn_SURPLUSLINE_ACK' is clicked on

2018-02-05 16:40:12 - [MESSAGE][PASSED] - Object: 'Object Repository/Application_OR/btn_SURPLUSLINE_ACK' is clicked on

2018-02-05 16:40:12 - [TEST_STEP][PASSED] - delay: Delayed 5 second(s)

2018-02-05 16:40:17 - [MESSAGE][PASSED] - Delayed 5 second(s)

2018-02-05 16:40:17 - [TEST_STEP][PASSED] - Statement - If (genericDATA.internallyGetValue("STATE", configDataRowCounter) == "GA"): null

2018-02-05 16:40:17 - [TEST_STEP][PASSED] - Statement - Else: Object: 'Object Repository/Application_OR/btn_SUBMIT_SURPLUSLINE' is clicked on

2018-02-05 16:40:17 - [TEST_STEP][PASSED] - click: Object: 'Object Repository/Application_OR/chkbox_NC_SurPlusLine_Agreement' is clicked on

2018-02-05 16:40:17 - [MESSAGE][PASSED] - Object: 'Object Repository/Application_OR/chkbox_NC_SurPlusLine_Agreement' is clicked on

2018-02-05 16:40:17 - [TEST_STEP][PASSED] - delay: Delayed 2 second(s)

2018-02-05 16:40:19 - [MESSAGE][PASSED] - Delayed 2 second(s)

2018-02-05 16:40:19 - [TEST_STEP][PASSED] - click: Object: 'Object Repository/Application_OR/btn_SUBMIT_SURPLUSLINE' is clicked on

2018-02-05 16:40:19 - [MESSAGE][PASSED] - Object: 'Object Repository/Application_OR/btn_SUBMIT_SURPLUSLINE' is clicked on

2018-02-05 16:40:19 - [TEST_STEP][PASSED] - delay: Delayed 5 second(s)

2018-02-05 16:40:24 - [MESSAGE][PASSED] - Delayed 5 second(s)

2018-02-05 16:40:24 - [TEST_STEP][PASSED] - click: Object: 'Object Repository/Application_OR/btn_SUBMIT_FOR_UW_APPROVAL' is clicked on

2018-02-05 16:40:28 - [MESSAGE][PASSED] - Object: 'Object Repository/Application_OR/btn_SUBMIT_FOR_UW_APPROVAL' is clicked on

2018-02-05 16:40:28 - [TEST_STEP][PASSED] - delay: Delayed 8 second(s)

2018-02-05 16:40:36 - [MESSAGE][PASSED] - Delayed 8 second(s)

2018-02-05 16:40:36 - [TEST_STEP][PASSED] - click: Object: 'Object Repository/Application_OR/btn_LOGOUT' is clicked on

2018-02-05 16:40:39 - [MESSAGE][PASSED] - Object: 'Object Repository/Application_OR/btn_LOGOUT' is clicked on

2018-02-05 16:40:39 - [TEST_STEP][PASSED] - delay: Delayed 5 second(s)

2018-02-05 16:40:44 - [MESSAGE][PASSED] - Delayed 5 second(s)

2018-02-05 16:40:44 - [TEST_STEP][PASSED] - setText: Text 'ih.william' is set on object 'Object Repository/Quote_OR/txtfield_USERNAME'

2018-02-05 16:40:45 - [MESSAGE][PASSED] - Text 'ih.william' is set on object 'Object Repository/Quote_OR/txtfield_USERNAME'

2018-02-05 16:40:45 - [TEST_STEP][PASSED] - setText: Text '10#Hammer' is set on object 'Object Repository/Quote_OR/txtfield_PASSWORD'

2018-02-05 16:40:45 - [MESSAGE][PASSED] - Text '10#Hammer' is set on object 'Object Repository/Quote_OR/txtfield_PASSWORD'

2018-02-05 16:40:45 - [TEST_STEP][PASSED] - click: Object: 'Object Repository/Quote_OR/btn-LOGIN' is clicked on

2018-02-05 16:40:48 - [MESSAGE][PASSED] - Object: 'Object Repository/Quote_OR/btn-LOGIN' is clicked on

2018-02-05 16:40:48 - [TEST_STEP][PASSED] - delay: Delayed 5 second(s)

2018-02-05 16:40:53 - [MESSAGE][PASSED] - Delayed 5 second(s)

2018-02-05 16:40:53 - [TEST_STEP][PASSED] - Statement - btnId = "//*[@id="btnLoadApplication_" + policyInfoId + ""]": null

2018-02-05 16:40:53 - [TEST_STEP][PASSED] - Statement - btnViewApplication = new com.kms.katalon.core.testobject.TestObject(btnViewApplication): null

2018-02-05 16:40:53 - [TEST_STEP][PASSED] - Statement - btnViewApplication.addProperty("xpath", EQUALS, btnId, true): null

2018-02-05 16:40:53 - [TEST_STEP][PASSED] - delay: Delayed 20 second(s)

2018-02-05 16:41:13 - [MESSAGE][PASSED] - Delayed 20 second(s)

2018-02-05 16:41:13 - [TEST_STEP][PASSED] - click: Object: 'btnViewApplication' is clicked on

2018-02-05 16:41:15 - [MESSAGE][PASSED] - Object: 'btnViewApplication' is clicked on

2018-02-05 16:41:15 - [TEST_STEP][PASSED] - delay: Delayed 8 second(s)

2018-02-05 16:41:23 - [MESSAGE][PASSED] - Delayed 8 second(s)

2018-02-05 16:41:23 - [TEST_STEP][PASSED] - click: Object: 'Object Repository/Application_OR/btn_DOWNLOAD_AFS_UW' is clicked on

2018-02-05 16:41:23 - [MESSAGE][PASSED] - Object: 'Object Repository/Application_OR/btn_DOWNLOAD_AFS_UW' is clicked on

2018-02-05 16:41:23 - [TEST_STEP][PASSED] - delay: Delayed 5 second(s)

2018-02-05 16:41:28 - [MESSAGE][PASSED] - Delayed 5 second(s)

2018-02-05 16:41:28 - [TEST_STEP][PASSED] - click: Object: 'Object Repository/Application_OR/btn_REVIEW_APPLICATION_AT_UW' is clicked on

2018-02-05 16:41:29 - [MESSAGE][PASSED] - Object: 'Object Repository/Application_OR/btn_REVIEW_APPLICATION_AT_UW' is clicked on

2018-02-05 16:41:29 - [TEST_STEP][PASSED] - delay: Delayed 5 second(s)

2018-02-05 16:41:34 - [MESSAGE][PASSED] - Delayed 5 second(s)

2018-02-05 16:41:34 - [TEST_STEP][FAILED] - setText: Unable to set text '111' of object 'Object Repository/Application_OR/btn_REVIEW_APPLICATION_AT_UW' (Root cause: com.kms.katalon.core.webui.exception.WebElementNotFoundException: Web element with id: 'Object Repository/Application_OR/btn_REVIEW_APPLICATION_AT_UW' located by 'By.xpath: //*[@id="divRenderBody"]/div[1]/section/div[1]/div[1]/div[1]/div[1]/button' not found)

2018-02-05 16:42:06 - [MESSAGE][FAILED] - Unable to set text '111' of object 'Object Repository/Application_OR/btn_REVIEW_APPLICATION_AT_UW' (Root cause: com.kms.katalon.core.webui.exception.WebElementNotFoundException: Web element with id: 'Object Repository/Application_OR/btn_REVIEW_APPLICATION_AT_UW' located by 'By.xpath: //*[@id="divRenderBody"]/div[1]/section/div[1]/div[1]/div[1]/div[1]/button' not found)
[[ATTACHMENT|D:\\Katalon_Practice_Workspace\\Katalon_PPE_GANESH\\Reports\\PPE\\20180205_163428\\1517829125368.png]]]]></system-out>
         <system-err><![CDATA[2018-02-05 16:36:33 - [TEST_CASE][FAILED] - Test Cases/APPLICATION_CREATION: Test Cases/APPLICATION_CREATION FAILED because (of) Unable to set text '111' of object 'Object Repository/Application_OR/btn_REVIEW_APPLICATION_AT_UW' (Root cause: com.kms.katalon.core.webui.exception.WebElementNotFoundException: Web element with id: 'Object Repository/Application_OR/btn_REVIEW_APPLICATION_AT_UW' located by 'By.xpath: //*[@id="divRenderBody"]/div[1]/section/div[1]/div[1]/div[1]/div[1]/button' not found)]]></system-err>
      </testcase>
      <testcase name="Test Cases/ENDORSEMENT_CREATION" classname="Test Cases/ENDORSEMENT_CREATION" status="FAILED">
         <failure type="FAILED" message="Unable to click on object 'Object Repository/Endorsement_OR/btn_ADVANCE_FILTER' (Root cause: com.kms.katalon.core.webui.exception.WebElementNotFoundException: Web element with id: 'Object Repository/Endorsement_OR/btn_ADVANCE_FILTER' located by 'By.xpath: //*[@id=&quot;btnAdvanceFilter&quot;]/label' not found)"/>
         <system-out><![CDATA[2018-02-05 16:42:06 - [TEST_CASE][FAILED] - Test Cases/ENDORSEMENT_CREATION: Test Cases/ENDORSEMENT_CREATION FAILED because (of) Unable to click on object 'Object Repository/Endorsement_OR/btn_ADVANCE_FILTER' (Root cause: com.kms.katalon.core.webui.exception.WebElementNotFoundException: Web element with id: 'Object Repository/Endorsement_OR/btn_ADVANCE_FILTER' located by 'By.xpath: //*[@id="btnAdvanceFilter"]/label' not found)

2018-02-05 16:42:06 - [TEST_STEP][FAILED] - click: Unable to click on object 'Object Repository/Endorsement_OR/btn_ADVANCE_FILTER' (Root cause: com.kms.katalon.core.webui.exception.WebElementNotFoundException: Web element with id: 'Object Repository/Endorsement_OR/btn_ADVANCE_FILTER' located by 'By.xpath: //*[@id="btnAdvanceFilter"]/label' not found)

2018-02-05 16:42:37 - [MESSAGE][FAILED] - Unable to click on object 'Object Repository/Endorsement_OR/btn_ADVANCE_FILTER' (Root cause: com.kms.katalon.core.webui.exception.WebElementNotFoundException: Web element with id: 'Object Repository/Endorsement_OR/btn_ADVANCE_FILTER' located by 'By.xpath: //*[@id="btnAdvanceFilter"]/label' not found)
[[ATTACHMENT|D:\\Katalon_Practice_Workspace\\Katalon_PPE_GANESH\\Reports\\PPE\\20180205_163428\\1517829157175.png]]]]></system-out>
         <system-err><![CDATA[2018-02-05 16:42:06 - [TEST_CASE][FAILED] - Test Cases/ENDORSEMENT_CREATION: Test Cases/ENDORSEMENT_CREATION FAILED because (of) Unable to click on object 'Object Repository/Endorsement_OR/btn_ADVANCE_FILTER' (Root cause: com.kms.katalon.core.webui.exception.WebElementNotFoundException: Web element with id: 'Object Repository/Endorsement_OR/btn_ADVANCE_FILTER' located by 'By.xpath: //*[@id="btnAdvanceFilter"]/label' not found)]]></system-err>
      </testcase>
      <system-out><![CDATA[2018-02-05 16:34:30 - [TEST_SUITE][FAILED] - PPE: Test Cases/APPLICATION_CREATION FAILED because (of) Unable to set text '111' of object 'Object Repository/Application_OR/btn_REVIEW_APPLICATION_AT_UW' (Root cause: com.kms.katalon.core.webui.exception.WebElementNotFoundException: Web element with id: 'Object Repository/Application_OR/btn_REVIEW_APPLICATION_AT_UW' located by 'By.xpath: //*[@id="divRenderBody"]/div[1]/section/div[1]/div[1]/div[1]/div[1]/button' not found)]]></system-out>
      <system-err><![CDATA[2018-02-05 16:34:30 - [TEST_SUITE][FAILED] - PPE: Test Cases/APPLICATION_CREATION FAILED because (of) Unable to set text '111' of object 'Object Repository/Application_OR/btn_REVIEW_APPLICATION_AT_UW' (Root cause: com.kms.katalon.core.webui.exception.WebElementNotFoundException: Web element with id: 'Object Repository/Application_OR/btn_REVIEW_APPLICATION_AT_UW' located by 'By.xpath: //*[@id="divRenderBody"]/div[1]/section/div[1]/div[1]/div[1]/div[1]/button' not found)]]></system-err>
   </testsuite>
</testsuites>
