<?xml version="1.0" encoding="UTF-8"?>
<testsuites name="PPE" time="498" tests="1" failures="3" errors="0">
   <testsuite name="PPE" tests="1" failures="3" errors="0" time="498" timestamp="2018-01-29 16:29:20" hostname="gsalunkhe - CTS-QUA-4.cogitate.india" id="Test Suites/PPE">
      <properties>
         <property name="deviceName" value=""/>
         <property name="devicePlatform" value=""/>
         <property name="logFolder" value="D:\\Katalon_Practice_Workspace\\Katalon_Mitendra\\Reports\\PPE\\20180129_162919"/>
         <property name="logFiles" value="D:\\Katalon_Practice_Workspace\\Katalon_Mitendra\\Reports\\PPE\\20180129_162919\\execution0.log"/>
         <property name="attachments" value="D:\\Katalon_Practice_Workspace\\Katalon_Mitendra\\Reports\\PPE\\20180129_162919\\1517223993553.png, D:\\Katalon_Practice_Workspace\\Katalon_Mitendra\\Reports\\PPE\\20180129_162919\\1517224025639.png, D:\\Katalon_Practice_Workspace\\Katalon_Mitendra\\Reports\\PPE\\20180129_162919\\1517224057461.png"/>
         <property name="hostName" value="gsalunkhe - CTS-QUA-4.cogitate.india"/>
         <property name="os" value="Windows 7 64bit"/>
         <property name="katalonVersion" value="5.0.1.1"/>
         <property name="browser" value="Chrome 63.0.3239.132"/>
         <property name="hostAddress" value="192.168.0.4"/>
         <property name="sessionId" value="730004a2b12d910d0d9725dc13411293"/>
         <property name="seleniumVersion" value="2.53.0"/>
         <property name="proxyInformation" value="ProxyInformation{proxyOption=NO_PROXY, proxyServerType=HTTP, password=, proxyServerAddress=, proxyServerPort=0}"/>
         <property name="platform" value="Windows 7"/>
      </properties>
      <testcase name="Test Cases/QUOTE_CREATION" classname="Test Cases/QUOTE_CREATION" status="PASSED">
         <system-out><![CDATA[2018-01-29 16:29:20 - [TEST_CASE][PASSED] - Test Cases/QUOTE_CREATION: Test Cases/QUOTE_CREATION

2018-01-29 16:29:21 - [TEST_STEP][PASSED] - openBrowser: Browser is opened with url: 'http://13.90.102.191:8066'

2018-01-29 16:29:29 - [MESSAGE][PASSED] - Browser is opened with url: 'http://13.90.102.191:8066'

2018-01-29 16:29:29 - [TEST_STEP][PASSED] - maximizeWindow: Current window maximized

2018-01-29 16:29:31 - [MESSAGE][PASSED] - Current window maximized

2018-01-29 16:29:31 - [TEST_STEP][PASSED] - setText: Text 'ih.chelms' is set on object 'Object Repository/Quote_OR/txtfield_USERNAME'

2018-01-29 16:29:31 - [MESSAGE][PASSED] - Text 'ih.chelms' is set on object 'Object Repository/Quote_OR/txtfield_USERNAME'

2018-01-29 16:29:31 - [TEST_STEP][PASSED] - setText: Text '10#Hammer' is set on object 'Object Repository/Quote_OR/txtfield_PASSWORD'

2018-01-29 16:29:31 - [MESSAGE][PASSED] - Text '10#Hammer' is set on object 'Object Repository/Quote_OR/txtfield_PASSWORD'

2018-01-29 16:29:31 - [TEST_STEP][PASSED] - click: Object: 'Object Repository/Quote_OR/btn-LOGIN' is clicked on

2018-01-29 16:29:48 - [MESSAGE][PASSED] - Object: 'Object Repository/Quote_OR/btn-LOGIN' is clicked on

2018-01-29 16:29:48 - [TEST_STEP][PASSED] - setText: Text '1066 Putnam St Macon, GA 31206 USA' is set on object 'Object Repository/Quote_OR/txtfield_ADDRESS_ON_LANDING_PAGE'

2018-01-29 16:29:49 - [MESSAGE][PASSED] - Text '1066 Putnam St Macon, GA 31206 USA' is set on object 'Object Repository/Quote_OR/txtfield_ADDRESS_ON_LANDING_PAGE'

2018-01-29 16:29:49 - [TEST_STEP][PASSED] - click: Object: 'Object Repository/Quote_OR/btn_SEARCH_ADDRESS' is clicked on

2018-01-29 16:30:05 - [MESSAGE][PASSED] - Object: 'Object Repository/Quote_OR/btn_SEARCH_ADDRESS' is clicked on

2018-01-29 16:30:05 - [TEST_STEP][PASSED] - waitForPageLoad: Wait for page load successfully

2018-01-29 16:30:05 - [MESSAGE][PASSED] - Wait for page load successfully

2018-01-29 16:30:05 - [TEST_STEP][PASSED] - selectOptionByIndex: All options with index in [1] are selected on object 'Object Repository/Quote_OR/drp_PROPERTY_TYPE'

2018-01-29 16:30:05 - [MESSAGE][PASSED] - All options with index in [1] are selected on object 'Object Repository/Quote_OR/drp_PROPERTY_TYPE'

2018-01-29 16:30:05 - [TEST_STEP][PASSED] - setText: Text '' is set on object 'Object Repository/Quote_OR/txtfield_HOME_VALUATION'

2018-01-29 16:30:05 - [MESSAGE][PASSED] - Text '' is set on object 'Object Repository/Quote_OR/txtfield_HOME_VALUATION'

2018-01-29 16:30:05 - [TEST_STEP][PASSED] - selectOptionByIndex: All options with index in [2] are selected on object 'Object Repository/Quote_OR/drp_CONSTRUCTION_TYPE'

2018-01-29 16:30:05 - [MESSAGE][PASSED] - All options with index in [2] are selected on object 'Object Repository/Quote_OR/drp_CONSTRUCTION_TYPE'

2018-01-29 16:30:05 - [TEST_STEP][PASSED] - setText: Text '100000' is set on object 'Object Repository/Quote_OR/txtfield_HOME_VALUATION'

2018-01-29 16:30:06 - [MESSAGE][PASSED] - Text '100000' is set on object 'Object Repository/Quote_OR/txtfield_HOME_VALUATION'

2018-01-29 16:30:06 - [TEST_STEP][PASSED] - delay: Delayed 2 second(s)

2018-01-29 16:30:08 - [MESSAGE][PASSED] - Delayed 2 second(s)

2018-01-29 16:30:08 - [TEST_STEP][PASSED] - setText: Text '' is set on object 'Object Repository/Quote_OR/txtbx_YEARHOMEBUILD'

2018-01-29 16:30:08 - [MESSAGE][PASSED] - Text '' is set on object 'Object Repository/Quote_OR/txtbx_YEARHOMEBUILD'

2018-01-29 16:30:08 - [TEST_STEP][PASSED] - setText: Text '1968' is set on object 'Object Repository/Quote_OR/txtbx_YEARHOMEBUILD'

2018-01-29 16:30:08 - [MESSAGE][PASSED] - Text '1968' is set on object 'Object Repository/Quote_OR/txtbx_YEARHOMEBUILD'

2018-01-29 16:30:08 - [TEST_STEP][PASSED] - click: Object: 'Object Repository/Quote_OR/btn_GETQUOTE' is clicked on

2018-01-29 16:30:08 - [MESSAGE][PASSED] - Object: 'Object Repository/Quote_OR/btn_GETQUOTE' is clicked on

2018-01-29 16:30:08 - [TEST_STEP][PASSED] - delay: Delayed 1 second(s)

2018-01-29 16:30:09 - [MESSAGE][PASSED] - Delayed 1 second(s)

2018-01-29 16:30:09 - [TEST_STEP][PASSED] - click: Object: 'Object Repository/Quote_OR/btn_SENDQUOTE' is clicked on

2018-01-29 16:30:20 - [MESSAGE][PASSED] - Object: 'Object Repository/Quote_OR/btn_SENDQUOTE' is clicked on

2018-01-29 16:30:20 - [TEST_STEP][PASSED] - delay: Delayed 1 second(s)

2018-01-29 16:30:21 - [MESSAGE][PASSED] - Delayed 1 second(s)

2018-01-29 16:30:21 - [TEST_STEP][PASSED] - setText: Text 'Ganesh' is set on object 'Object Repository/Quote_OR/txtfield_SENDQUOTE_FIRSTNAME'

2018-01-29 16:30:21 - [MESSAGE][PASSED] - Text 'Ganesh' is set on object 'Object Repository/Quote_OR/txtfield_SENDQUOTE_FIRSTNAME'

2018-01-29 16:30:21 - [TEST_STEP][PASSED] - setText: Text 'Salunkhe' is set on object 'Object Repository/Quote_OR/txtfield_SENDQUOTE_LASTNAME'

2018-01-29 16:30:21 - [MESSAGE][PASSED] - Text 'Salunkhe' is set on object 'Object Repository/Quote_OR/txtfield_SENDQUOTE_LASTNAME'

2018-01-29 16:30:21 - [TEST_STEP][PASSED] - delay: Delayed 5 second(s)

2018-01-29 16:30:26 - [MESSAGE][PASSED] - Delayed 5 second(s)

2018-01-29 16:30:26 - [TEST_STEP][PASSED] - setText: Text '9768180080' is set on object 'Object Repository/Quote_OR/txtfield_SENDQUOTE_CONTACTNUMBER'

2018-01-29 16:30:27 - [MESSAGE][PASSED] - Text '9768180080' is set on object 'Object Repository/Quote_OR/txtfield_SENDQUOTE_CONTACTNUMBER'

2018-01-29 16:30:27 - [TEST_STEP][PASSED] - delay: Delayed 5 second(s)

2018-01-29 16:30:32 - [MESSAGE][PASSED] - Delayed 5 second(s)

2018-01-29 16:30:32 - [TEST_STEP][PASSED] - setText: Text 'gsalunkhe@cogitate.us' is set on object 'Object Repository/Quote_OR/txtfield_SENDQUOTE_EMAIL'

2018-01-29 16:30:32 - [MESSAGE][PASSED] - Text 'gsalunkhe@cogitate.us' is set on object 'Object Repository/Quote_OR/txtfield_SENDQUOTE_EMAIL'

2018-01-29 16:30:32 - [TEST_STEP][PASSED] - delay: Delayed 10 second(s)

2018-01-29 16:30:42 - [MESSAGE][PASSED] - Delayed 10 second(s)

2018-01-29 16:30:42 - [TEST_STEP][PASSED] - click: Object: 'Object Repository/Quote_OR/btn_SEND_QUOTE_DETAILS' is clicked on

2018-01-29 16:30:42 - [MESSAGE][PASSED] - Object: 'Object Repository/Quote_OR/btn_SEND_QUOTE_DETAILS' is clicked on

2018-01-29 16:30:42 - [TEST_STEP][PASSED] - selectOptionByIndex: All options with index in [1] are selected on object 'Object Repository/Quote_OR/drp_CONSTRUCTION_TYPE'

2018-01-29 16:30:42 - [MESSAGE][PASSED] - All options with index in [1] are selected on object 'Object Repository/Quote_OR/drp_CONSTRUCTION_TYPE'

2018-01-29 16:30:42 - [TEST_STEP][PASSED] - delay: Delayed 5 second(s)

2018-01-29 16:30:47 - [MESSAGE][PASSED] - Delayed 5 second(s)

2018-01-29 16:30:47 - [TEST_STEP][PASSED] - click: Object: 'Object Repository/Quote_OR/btn_RECALCULATE_PREMIUM' is clicked on

2018-01-29 16:30:48 - [MESSAGE][PASSED] - Object: 'Object Repository/Quote_OR/btn_RECALCULATE_PREMIUM' is clicked on]]></system-out>
         <system-err><![CDATA[]]></system-err>
      </testcase>
      <testcase name="Test Cases/APPLICATION_CREATION" classname="Test Cases/APPLICATION_CREATION" status="FAILED">
         <failure type="FAILED" message="Unable to click on object 'Object Repository/Application_OR/btn_VIEW_POLICY_FORMS' (Root cause: com.kms.katalon.core.webui.exception.WebElementNotFoundException: Web element with id: 'Object Repository/Application_OR/btn_VIEW_POLICY_FORMS' located by 'By.xpath: html/body/div[2]/div/section/div[1]/div[2]/form/button' not found)"/>
         <system-out><![CDATA[2018-01-29 16:30:48 - [TEST_CASE][FAILED] - Test Cases/APPLICATION_CREATION: Test Cases/APPLICATION_CREATION FAILED because (of) Unable to click on object 'Object Repository/Application_OR/btn_VIEW_POLICY_FORMS' (Root cause: com.kms.katalon.core.webui.exception.WebElementNotFoundException: Web element with id: 'Object Repository/Application_OR/btn_VIEW_POLICY_FORMS' located by 'By.xpath: html/body/div[2]/div/section/div[1]/div[2]/form/button' not found)

2018-01-29 16:30:48 - [TEST_STEP][PASSED] - setText: Text '4415 Mikado Ave Macon, GA 31206 USA' is set on object 'Object Repository/Application_OR/txtfield_ADDRESS_ON_QUOTE_PAGE'

2018-01-29 16:30:48 - [MESSAGE][PASSED] - Text '4415 Mikado Ave Macon, GA 31206 USA' is set on object 'Object Repository/Application_OR/txtfield_ADDRESS_ON_QUOTE_PAGE'

2018-01-29 16:30:48 - [TEST_STEP][PASSED] - click: Object: 'Object Repository/Application_OR/btn_SEARCH_ADDRESS_QUOTE_PAGE' is clicked on

2018-01-29 16:31:03 - [MESSAGE][PASSED] - Object: 'Object Repository/Application_OR/btn_SEARCH_ADDRESS_QUOTE_PAGE' is clicked on

2018-01-29 16:31:03 - [TEST_STEP][PASSED] - Statement - Address = com.kms.katalon.core.testobject.ObjectRepository.findTestObject(Endorsement_OR/get_Address): Finding Test Object with id 'Object Repository/Endorsement_OR/get_Address'

2018-01-29 16:31:03 - [TEST_STEP][PASSED] - Statement - propertyaddress = com.kms.katalon.core.webui.keyword.WebUiBuiltInKeywords.getAttribute(Address, "value"): Attribute 'value' of object 'Object Repository/Endorsement_OR/get_Address' is: '4415 Mikado Ave, Macon, GA 31206, USA'

2018-01-29 16:31:03 - [MESSAGE][PASSED] - Attribute 'value' of object 'Object Repository/Endorsement_OR/get_Address' is: '4415 Mikado Ave, Macon, GA 31206, USA'

2018-01-29 16:31:03 - [TEST_STEP][PASSED] - Statement - println(propertyaddress): null

2018-01-29 16:31:03 - [TEST_STEP][PASSED] - Statement - propertyaddress = propertyaddress: null

2018-01-29 16:31:03 - [TEST_STEP][PASSED] - selectOptionByIndex: All options with index in [1] are selected on object 'Object Repository/Quote_OR/drp_PROPERTY_TYPE'

2018-01-29 16:31:03 - [MESSAGE][PASSED] - All options with index in [1] are selected on object 'Object Repository/Quote_OR/drp_PROPERTY_TYPE'

2018-01-29 16:31:03 - [TEST_STEP][PASSED] - setText: Text '' is set on object 'Object Repository/Quote_OR/txtbx_YEARHOMEBUILD'

2018-01-29 16:31:03 - [MESSAGE][PASSED] - Text '' is set on object 'Object Repository/Quote_OR/txtbx_YEARHOMEBUILD'

2018-01-29 16:31:03 - [TEST_STEP][PASSED] - setText: Text '2000' is set on object 'Object Repository/Quote_OR/txtbx_YEARHOMEBUILD'

2018-01-29 16:31:03 - [MESSAGE][PASSED] - Text '2000' is set on object 'Object Repository/Quote_OR/txtbx_YEARHOMEBUILD'

2018-01-29 16:31:03 - [TEST_STEP][PASSED] - selectOptionByIndex: All options with index in [2] are selected on object 'Object Repository/Quote_OR/drp_CONSTRUCTION_TYPE'

2018-01-29 16:31:04 - [MESSAGE][PASSED] - All options with index in [2] are selected on object 'Object Repository/Quote_OR/drp_CONSTRUCTION_TYPE'

2018-01-29 16:31:04 - [TEST_STEP][PASSED] - setText: Text '' is set on object 'Object Repository/Quote_OR/txtfield_HOME_VALUATION'

2018-01-29 16:31:04 - [MESSAGE][PASSED] - Text '' is set on object 'Object Repository/Quote_OR/txtfield_HOME_VALUATION'

2018-01-29 16:31:04 - [TEST_STEP][PASSED] - setText: Text '100000' is set on object 'Object Repository/Quote_OR/txtfield_HOME_VALUATION'

2018-01-29 16:31:04 - [MESSAGE][PASSED] - Text '100000' is set on object 'Object Repository/Quote_OR/txtfield_HOME_VALUATION'

2018-01-29 16:31:04 - [TEST_STEP][PASSED] - click: Object: 'Object Repository/Quote_OR/btn_GETQUOTE' is clicked on

2018-01-29 16:31:04 - [MESSAGE][PASSED] - Object: 'Object Repository/Quote_OR/btn_GETQUOTE' is clicked on

2018-01-29 16:31:04 - [TEST_STEP][PASSED] - delay: Delayed 1 second(s)

2018-01-29 16:31:05 - [MESSAGE][PASSED] - Delayed 1 second(s)

2018-01-29 16:31:05 - [TEST_STEP][PASSED] - click: Object: 'Object Repository/Application_OR/btn_TOAPPLICATION' is clicked on

2018-01-29 16:31:34 - [MESSAGE][PASSED] - Object: 'Object Repository/Application_OR/btn_TOAPPLICATION' is clicked on

2018-01-29 16:31:34 - [TEST_STEP][PASSED] - delay: Delayed 10 second(s)

2018-01-29 16:31:44 - [MESSAGE][PASSED] - Delayed 10 second(s)

2018-01-29 16:31:44 - [TEST_STEP][PASSED] - click: Object: 'Object Repository/Application_OR/btn_CONTINUE_UW_QUESTIONS' is clicked on

2018-01-29 16:31:44 - [MESSAGE][PASSED] - Object: 'Object Repository/Application_OR/btn_CONTINUE_UW_QUESTIONS' is clicked on

2018-01-29 16:31:44 - [TEST_STEP][PASSED] - delay: Delayed 10 second(s)

2018-01-29 16:31:54 - [MESSAGE][PASSED] - Delayed 10 second(s)

2018-01-29 16:31:54 - [TEST_STEP][PASSED] - delay: Delayed 3 second(s)

2018-01-29 16:31:57 - [MESSAGE][PASSED] - Delayed 3 second(s)

2018-01-29 16:31:57 - [TEST_STEP][PASSED] - click: Object: 'Object Repository/Application_OR/txtfield_INSURED_FIRSTNAME' is clicked on

2018-01-29 16:31:58 - [MESSAGE][PASSED] - Object: 'Object Repository/Application_OR/txtfield_INSURED_FIRSTNAME' is clicked on

2018-01-29 16:31:58 - [TEST_STEP][PASSED] - setText: Text 'Smith' is set on object 'Object Repository/Application_OR/txtfield_INSURED_FIRSTNAME'

2018-01-29 16:31:58 - [MESSAGE][PASSED] - Text 'Smith' is set on object 'Object Repository/Application_OR/txtfield_INSURED_FIRSTNAME'

2018-01-29 16:31:58 - [TEST_STEP][PASSED] - setText: Text 'Racher' is set on object 'Object Repository/Application_OR/txtfield_INSURED_MIDDLENAME'

2018-01-29 16:31:58 - [MESSAGE][PASSED] - Text 'Racher' is set on object 'Object Repository/Application_OR/txtfield_INSURED_MIDDLENAME'

2018-01-29 16:31:58 - [TEST_STEP][PASSED] - setText: Text 'Lastin' is set on object 'Object Repository/Application_OR/txtfield_INSURED_LASTNAME'

2018-01-29 16:31:58 - [MESSAGE][PASSED] - Text 'Lastin' is set on object 'Object Repository/Application_OR/txtfield_INSURED_LASTNAME'

2018-01-29 16:31:58 - [TEST_STEP][PASSED] - setText: Text '09/10/1999' is set on object 'Object Repository/Application_OR/txtfield_INSURED_DOB'

2018-01-29 16:31:58 - [MESSAGE][PASSED] - Text '09/10/1999' is set on object 'Object Repository/Application_OR/txtfield_INSURED_DOB'

2018-01-29 16:31:58 - [TEST_STEP][PASSED] - delay: Delayed 5 second(s)

2018-01-29 16:32:03 - [MESSAGE][PASSED] - Delayed 5 second(s)

2018-01-29 16:32:03 - [TEST_STEP][PASSED] - setText: Text 'gsalunkhe@cogitate.us' is set on object 'Object Repository/Application_OR/txtfield_INSURED_EMAIL'

2018-01-29 16:32:03 - [MESSAGE][PASSED] - Text 'gsalunkhe@cogitate.us' is set on object 'Object Repository/Application_OR/txtfield_INSURED_EMAIL'

2018-01-29 16:32:03 - [TEST_STEP][PASSED] - delay: Delayed 5 second(s)

2018-01-29 16:32:08 - [MESSAGE][PASSED] - Delayed 5 second(s)

2018-01-29 16:32:08 - [TEST_STEP][PASSED] - setText: Text '9768180080' is set on object 'Object Repository/Application_OR/txtfield_INSURED_CONTACTNUMBER'

2018-01-29 16:32:09 - [MESSAGE][PASSED] - Text '9768180080' is set on object 'Object Repository/Application_OR/txtfield_INSURED_CONTACTNUMBER'

2018-01-29 16:32:09 - [TEST_STEP][PASSED] - delay: Delayed 5 second(s)

2018-01-29 16:32:14 - [MESSAGE][PASSED] - Delayed 5 second(s)

2018-01-29 16:32:14 - [TEST_STEP][PASSED] - Statement - hdnPolicyInfoId = com.kms.katalon.core.testobject.ObjectRepository.findTestObject(Generic_OR/hdnPolicyInfoId): Finding Test Object with id 'Object Repository/Generic_OR/hdnPolicyInfoId'

2018-01-29 16:32:14 - [TEST_STEP][PASSED] - Statement - policyInfoid = com.kms.katalon.core.webui.keyword.WebUiBuiltInKeywords.getAttribute(hdnPolicyInfoId, "value"): Attribute 'value' of object 'Object Repository/Generic_OR/hdnPolicyInfoId' is: '3511'

2018-01-29 16:32:14 - [MESSAGE][PASSED] - Attribute 'value' of object 'Object Repository/Generic_OR/hdnPolicyInfoId' is: '3511'

2018-01-29 16:32:14 - [TEST_STEP][PASSED] - Statement - policyInfoId = policyInfoid: null

2018-01-29 16:32:14 - [TEST_STEP][PASSED] - click: Object: 'Object Repository/Application_OR/btn_POLICYHOLDER_SAVEANDCONTINUE' is clicked on

2018-01-29 16:32:14 - [MESSAGE][PASSED] - Object: 'Object Repository/Application_OR/btn_POLICYHOLDER_SAVEANDCONTINUE' is clicked on

2018-01-29 16:32:14 - [TEST_STEP][PASSED] - delay: Delayed 1 second(s)

2018-01-29 16:32:15 - [MESSAGE][PASSED] - Delayed 1 second(s)

2018-01-29 16:32:15 - [TEST_STEP][PASSED] - click: Object: 'Object Repository/Application_OR/drp_ROOFTYPE_PROPERTYPAGE' is clicked on

2018-01-29 16:32:16 - [MESSAGE][PASSED] - Object: 'Object Repository/Application_OR/drp_ROOFTYPE_PROPERTYPAGE' is clicked on

2018-01-29 16:32:16 - [TEST_STEP][PASSED] - delay: Delayed 3 second(s)

2018-01-29 16:32:19 - [MESSAGE][PASSED] - Delayed 3 second(s)

2018-01-29 16:32:19 - [TEST_STEP][PASSED] - selectOptionByIndex: All options with index in [1] are selected on object 'Object Repository/Application_OR/drp_ROOFTYPE_PROPERTYPAGE'

2018-01-29 16:32:19 - [MESSAGE][PASSED] - All options with index in [1] are selected on object 'Object Repository/Application_OR/drp_ROOFTYPE_PROPERTYPAGE'

2018-01-29 16:32:19 - [TEST_STEP][PASSED] - delay: Delayed 2 second(s)

2018-01-29 16:32:21 - [MESSAGE][PASSED] - Delayed 2 second(s)

2018-01-29 16:32:21 - [TEST_STEP][PASSED] - selectOptionByIndex: All options with index in [3] are selected on object 'Object Repository/Application_OR/drp_FOUNDATIONTYPE_PROPERTYPAGE'

2018-01-29 16:32:21 - [MESSAGE][PASSED] - All options with index in [3] are selected on object 'Object Repository/Application_OR/drp_FOUNDATIONTYPE_PROPERTYPAGE'

2018-01-29 16:32:21 - [TEST_STEP][PASSED] - delay: Delayed 2 second(s)

2018-01-29 16:32:23 - [MESSAGE][PASSED] - Delayed 2 second(s)

2018-01-29 16:32:23 - [TEST_STEP][PASSED] - selectOptionByIndex: All options with index in [7] are selected on object 'Object Repository/Application_OR/drp_HEATINGTYPE_PROPERTYPAGE'

2018-01-29 16:32:23 - [MESSAGE][PASSED] - All options with index in [7] are selected on object 'Object Repository/Application_OR/drp_HEATINGTYPE_PROPERTYPAGE'

2018-01-29 16:32:23 - [TEST_STEP][PASSED] - delay: Delayed 5 second(s)

2018-01-29 16:32:28 - [MESSAGE][PASSED] - Delayed 5 second(s)

2018-01-29 16:32:28 - [TEST_STEP][PASSED] - click: Object: 'Object Repository/Application_OR/btn_OCCUPANYPAGE_SAVEANDCONTINUE' is clicked on

2018-01-29 16:32:28 - [MESSAGE][PASSED] - Object: 'Object Repository/Application_OR/btn_OCCUPANYPAGE_SAVEANDCONTINUE' is clicked on

2018-01-29 16:32:28 - [TEST_STEP][PASSED] - delay: Delayed 4 second(s)

2018-01-29 16:32:32 - [MESSAGE][PASSED] - Delayed 4 second(s)

2018-01-29 16:32:32 - [TEST_STEP][PASSED] - click: Object: 'Object Repository/Application_OR/btn_YES_ROOFAGE_POPUP' is clicked on

2018-01-29 16:32:33 - [MESSAGE][PASSED] - Object: 'Object Repository/Application_OR/btn_YES_ROOFAGE_POPUP' is clicked on

2018-01-29 16:32:33 - [TEST_STEP][PASSED] - delay: Delayed 4 second(s)

2018-01-29 16:32:36 - [MESSAGE][PASSED] - Delayed 4 second(s)

2018-01-29 16:32:36 - [TEST_STEP][PASSED] - click: Object: 'Object Repository/Application_OR/btn_YES_ELECTRICALAGE_POPUP' is clicked on

2018-01-29 16:32:37 - [MESSAGE][PASSED] - Object: 'Object Repository/Application_OR/btn_YES_ELECTRICALAGE_POPUP' is clicked on

2018-01-29 16:32:37 - [TEST_STEP][PASSED] - delay: Delayed 4 second(s)

2018-01-29 16:32:41 - [MESSAGE][PASSED] - Delayed 4 second(s)

2018-01-29 16:32:41 - [TEST_STEP][PASSED] - click: Object: 'Object Repository/Application_OR/btn_YES_ELECTRICALAGE_POPUP' is clicked on

2018-01-29 16:32:41 - [MESSAGE][PASSED] - Object: 'Object Repository/Application_OR/btn_YES_ELECTRICALAGE_POPUP' is clicked on

2018-01-29 16:32:41 - [TEST_STEP][PASSED] - delay: Delayed 5 second(s)

2018-01-29 16:32:46 - [MESSAGE][PASSED] - Delayed 5 second(s)

2018-01-29 16:32:46 - [TEST_STEP][PASSED] - click: Object: 'Object Repository/Application_OR/btn_OCCUPANYPAGE_SAVEANDCONTINUE' is clicked on

2018-01-29 16:32:47 - [MESSAGE][PASSED] - Object: 'Object Repository/Application_OR/btn_OCCUPANYPAGE_SAVEANDCONTINUE' is clicked on

2018-01-29 16:32:47 - [TEST_STEP][PASSED] - delay: Delayed 5 second(s)

2018-01-29 16:32:52 - [MESSAGE][PASSED] - Delayed 5 second(s)

2018-01-29 16:32:52 - [TEST_STEP][PASSED] - check: Object 'Object Repository/Application_OR/chkbx_AGREEMENT' is checked

2018-01-29 16:32:52 - [MESSAGE][PASSED] - Object 'Object Repository/Application_OR/chkbx_AGREEMENT' is checked

2018-01-29 16:32:52 - [TEST_STEP][PASSED] - delay: Delayed 10 second(s)

2018-01-29 16:33:02 - [MESSAGE][PASSED] - Delayed 10 second(s)

2018-01-29 16:33:02 - [TEST_STEP][PASSED] - click: Object: 'Object Repository/Application_OR/btn_OCCUPANYPAGE_SAVEANDCONTINUE' is clicked on

2018-01-29 16:33:02 - [MESSAGE][PASSED] - Object: 'Object Repository/Application_OR/btn_OCCUPANYPAGE_SAVEANDCONTINUE' is clicked on

2018-01-29 16:33:02 - [TEST_STEP][PASSED] - delay: Delayed 5 second(s)

2018-01-29 16:33:07 - [MESSAGE][PASSED] - Delayed 5 second(s)

2018-01-29 16:33:07 - [TEST_STEP][PASSED] - click: Object: 'Object Repository/Application_OR/btn_SIGNAPPLICATION_AGENT' is clicked on

2018-01-29 16:33:23 - [MESSAGE][PASSED] - Object: 'Object Repository/Application_OR/btn_SIGNAPPLICATION_AGENT' is clicked on

2018-01-29 16:33:23 - [TEST_STEP][PASSED] - delay: Delayed 5 second(s)

2018-01-29 16:33:28 - [MESSAGE][PASSED] - Delayed 5 second(s)

2018-01-29 16:33:28 - [TEST_STEP][PASSED] - Statement - getInsuredName = com.kms.katalon.core.webui.keyword.WebUiBuiltInKeywords.getText(com.kms.katalon.core.testobject.ObjectRepository.findTestObject(Application_OR/get_INSUREDNAME_APPLICATION FORMSUMMARY)): Text of object 'Object Repository/Application_OR/get_INSUREDNAME_APPLICATION FORMSUMMARY' is: 'Smith Racher Lastin'

2018-01-29 16:33:28 - [MESSAGE][PASSED] - Text of object 'Object Repository/Application_OR/get_INSUREDNAME_APPLICATION FORMSUMMARY' is: 'Smith Racher Lastin'

2018-01-29 16:33:28 - [TEST_STEP][PASSED] - Statement - println(getInsuredName): null

2018-01-29 16:33:28 - [TEST_STEP][PASSED] - click: Object: 'Object Repository/Application_OR/btn_INSURED_SIGNATURE' is clicked on

2018-01-29 16:33:28 - [MESSAGE][PASSED] - Object: 'Object Repository/Application_OR/btn_INSURED_SIGNATURE' is clicked on

2018-01-29 16:33:28 - [TEST_STEP][PASSED] - delay: Delayed 5 second(s)

2018-01-29 16:33:33 - [MESSAGE][PASSED] - Delayed 5 second(s)

2018-01-29 16:33:33 - [TEST_STEP][PASSED] - click: Object: 'Object Repository/Application_OR/txtbx_INSURED_SIGNATURE' is clicked on

2018-01-29 16:33:33 - [MESSAGE][PASSED] - Object: 'Object Repository/Application_OR/txtbx_INSURED_SIGNATURE' is clicked on

2018-01-29 16:33:33 - [TEST_STEP][PASSED] - delay: Delayed 5 second(s)

2018-01-29 16:33:38 - [MESSAGE][PASSED] - Delayed 5 second(s)

2018-01-29 16:33:38 - [TEST_STEP][PASSED] - setText: Text 'Smith Racher Lastin' is set on object 'Object Repository/Application_OR/txtbx_INSURED_SIGNATURE'

2018-01-29 16:33:39 - [MESSAGE][PASSED] - Text 'Smith Racher Lastin' is set on object 'Object Repository/Application_OR/txtbx_INSURED_SIGNATURE'

2018-01-29 16:33:39 - [TEST_STEP][PASSED] - click: Object: 'Object Repository/Application_OR/btn_SUBMIT_INSURED_SIGNATURE' is clicked on

2018-01-29 16:33:39 - [MESSAGE][PASSED] - Object: 'Object Repository/Application_OR/btn_SUBMIT_INSURED_SIGNATURE' is clicked on

2018-01-29 16:33:39 - [TEST_STEP][PASSED] - Statement - otpQuery = "SELECT TOP 1 OtpGenerated FROM PPE_ApplicationForms_trn where PolicyInfoId = " + policyInfoId + " Order BY ModifiedDateTime DESC": null

2018-01-29 16:33:39 - [TEST_STEP][PASSED] - Statement - println("otpQuery" + " " + otpQuery): null

2018-01-29 16:33:39 - [TEST_STEP][PASSED] - com.PPE.Database_Connection.connectDB: com.PPE.Database_Connection.connectDB is PASSED

2018-01-29 16:33:52 - [MESSAGE][PASSED] - com.PPE.Database_Connection.connectDB is PASSED

2018-01-29 16:33:52 - [TEST_STEP][PASSED] - Statement - recordset = CustomKeywords.com.PPE.Database_Connection.executeQuery(otpQuery): com.PPE.Database_Connection.executeQuery is PASSED

2018-01-29 16:33:52 - [MESSAGE][PASSED] - com.PPE.Database_Connection.executeQuery is PASSED

2018-01-29 16:33:52 - [TEST_STEP][PASSED] - Statement - otp = 0: null

2018-01-29 16:33:52 - [TEST_STEP][PASSED] - Statement - While (recordset.next()): null

2018-01-29 16:33:52 - [TEST_STEP][PASSED] - Statement - otp = recordset.getObject("OtpGenerated"): null

2018-01-29 16:33:52 - [TEST_STEP][PASSED] - Statement - println("otp" + " " + otp): null

2018-01-29 16:33:52 - [TEST_STEP][PASSED] - delay: Delayed 10 second(s)

2018-01-29 16:34:02 - [MESSAGE][PASSED] - Delayed 10 second(s)

2018-01-29 16:34:02 - [TEST_STEP][PASSED] - Statement - txtOtp = com.kms.katalon.core.testobject.ObjectRepository.findTestObject(Application_OR/txtfield-OTP): Finding Test Object with id 'Object Repository/Application_OR/txtfield-OTP'

2018-01-29 16:34:02 - [TEST_STEP][PASSED] - setText: Text '5919' is set on object 'Object Repository/Application_OR/txtfield-OTP'

2018-01-29 16:34:02 - [MESSAGE][PASSED] - Text '5919' is set on object 'Object Repository/Application_OR/txtfield-OTP'

2018-01-29 16:34:02 - [TEST_STEP][PASSED] - delay: Delayed 1 second(s)

2018-01-29 16:34:03 - [MESSAGE][PASSED] - Delayed 1 second(s)

2018-01-29 16:34:03 - [TEST_STEP][PASSED] - click: Object: 'Object Repository/Application_OR/btn_OTP_VERIFY' is clicked on

2018-01-29 16:34:03 - [MESSAGE][PASSED] - Object: 'Object Repository/Application_OR/btn_OTP_VERIFY' is clicked on

2018-01-29 16:34:03 - [TEST_STEP][PASSED] - delay: Delayed 5 second(s)

2018-01-29 16:34:08 - [MESSAGE][PASSED] - Delayed 5 second(s)

2018-01-29 16:34:08 - [TEST_STEP][PASSED] - click: Object: 'Object Repository/Application_OR/btn_AGENT_SIGNATURE' is clicked on

2018-01-29 16:34:09 - [MESSAGE][PASSED] - Object: 'Object Repository/Application_OR/btn_AGENT_SIGNATURE' is clicked on

2018-01-29 16:34:09 - [TEST_STEP][PASSED] - delay: Delayed 2 second(s)

2018-01-29 16:34:11 - [MESSAGE][PASSED] - Delayed 2 second(s)

2018-01-29 16:34:11 - [TEST_STEP][PASSED] - click: Object: 'Object Repository/Application_OR/txtbx_AGENT_SIGNATURE' is clicked on

2018-01-29 16:34:11 - [MESSAGE][PASSED] - Object: 'Object Repository/Application_OR/txtbx_AGENT_SIGNATURE' is clicked on

2018-01-29 16:34:11 - [TEST_STEP][PASSED] - delay: Delayed 2 second(s)

2018-01-29 16:34:13 - [MESSAGE][PASSED] - Delayed 2 second(s)

2018-01-29 16:34:13 - [TEST_STEP][PASSED] - setText: Text 'clement helms' is set on object 'Object Repository/Application_OR/txtbx_AGENT_SIGNATURE'

2018-01-29 16:34:13 - [MESSAGE][PASSED] - Text 'clement helms' is set on object 'Object Repository/Application_OR/txtbx_AGENT_SIGNATURE'

2018-01-29 16:34:13 - [TEST_STEP][PASSED] - delay: Delayed 2 second(s)

2018-01-29 16:34:15 - [MESSAGE][PASSED] - Delayed 2 second(s)

2018-01-29 16:34:15 - [TEST_STEP][PASSED] - click: Object: 'Object Repository/Application_OR/btn_SUBMIT_AGENT_SIGNATURE' is clicked on

2018-01-29 16:34:15 - [MESSAGE][PASSED] - Object: 'Object Repository/Application_OR/btn_SUBMIT_AGENT_SIGNATURE' is clicked on

2018-01-29 16:34:15 - [TEST_STEP][PASSED] - delay: Delayed 5 second(s)

2018-01-29 16:34:20 - [MESSAGE][PASSED] - Delayed 5 second(s)

2018-01-29 16:34:20 - [TEST_STEP][PASSED] - click: Object: 'Object Repository/Application_OR/btn_SURPLUSLINE_ACK' is clicked on

2018-01-29 16:34:21 - [MESSAGE][PASSED] - Object: 'Object Repository/Application_OR/btn_SURPLUSLINE_ACK' is clicked on

2018-01-29 16:34:21 - [TEST_STEP][PASSED] - delay: Delayed 5 second(s)

2018-01-29 16:34:26 - [MESSAGE][PASSED] - Delayed 5 second(s)

2018-01-29 16:34:26 - [TEST_STEP][PASSED] - click: Object: 'Object Repository/Application_OR/txtfield_SURPLUSLINE_FORM_TEXT' is clicked on

2018-01-29 16:34:26 - [MESSAGE][PASSED] - Object: 'Object Repository/Application_OR/txtfield_SURPLUSLINE_FORM_TEXT' is clicked on

2018-01-29 16:34:26 - [TEST_STEP][PASSED] - setText: Text 'Testing' is set on object 'Object Repository/Application_OR/txtfield_SURPLUSLINE_FORM_TEXT'

2018-01-29 16:34:26 - [MESSAGE][PASSED] - Text 'Testing' is set on object 'Object Repository/Application_OR/txtfield_SURPLUSLINE_FORM_TEXT'

2018-01-29 16:34:26 - [TEST_STEP][PASSED] - delay: Delayed 5 second(s)

2018-01-29 16:34:31 - [MESSAGE][PASSED] - Delayed 5 second(s)

2018-01-29 16:34:31 - [TEST_STEP][PASSED] - click: Object: 'Object Repository/Application_OR/btn_SUBMIT_SURPLUSLINE' is clicked on

2018-01-29 16:34:31 - [MESSAGE][PASSED] - Object: 'Object Repository/Application_OR/btn_SUBMIT_SURPLUSLINE' is clicked on

2018-01-29 16:34:31 - [TEST_STEP][PASSED] - delay: Delayed 5 second(s)

2018-01-29 16:34:36 - [MESSAGE][PASSED] - Delayed 5 second(s)

2018-01-29 16:34:36 - [TEST_STEP][PASSED] - click: Object: 'Object Repository/Application_OR/btn_SUBMIT_FOR_UW_APPROVAL' is clicked on

2018-01-29 16:34:40 - [MESSAGE][PASSED] - Object: 'Object Repository/Application_OR/btn_SUBMIT_FOR_UW_APPROVAL' is clicked on

2018-01-29 16:34:40 - [TEST_STEP][PASSED] - delay: Delayed 8 second(s)

2018-01-29 16:34:48 - [MESSAGE][PASSED] - Delayed 8 second(s)

2018-01-29 16:34:48 - [TEST_STEP][PASSED] - click: Object: 'Object Repository/Application_OR/btn_LOGOUT' is clicked on

2018-01-29 16:34:48 - [MESSAGE][PASSED] - Object: 'Object Repository/Application_OR/btn_LOGOUT' is clicked on

2018-01-29 16:34:48 - [TEST_STEP][PASSED] - delay: Delayed 5 second(s)

2018-01-29 16:34:53 - [MESSAGE][PASSED] - Delayed 5 second(s)

2018-01-29 16:34:53 - [TEST_STEP][PASSED] - setText: Text 'ih.william' is set on object 'Object Repository/Quote_OR/txtfield_USERNAME'

2018-01-29 16:34:53 - [MESSAGE][PASSED] - Text 'ih.william' is set on object 'Object Repository/Quote_OR/txtfield_USERNAME'

2018-01-29 16:34:53 - [TEST_STEP][PASSED] - setText: Text '10#Hammer' is set on object 'Object Repository/Quote_OR/txtfield_PASSWORD'

2018-01-29 16:34:54 - [MESSAGE][PASSED] - Text '10#Hammer' is set on object 'Object Repository/Quote_OR/txtfield_PASSWORD'

2018-01-29 16:34:54 - [TEST_STEP][PASSED] - click: Object: 'Object Repository/Quote_OR/btn-LOGIN' is clicked on

2018-01-29 16:34:56 - [MESSAGE][PASSED] - Object: 'Object Repository/Quote_OR/btn-LOGIN' is clicked on

2018-01-29 16:34:56 - [TEST_STEP][PASSED] - delay: Delayed 5 second(s)

2018-01-29 16:35:01 - [MESSAGE][PASSED] - Delayed 5 second(s)

2018-01-29 16:35:01 - [TEST_STEP][PASSED] - Statement - btnId = "//*[@id="btnLoadApplication_" + policyInfoId + ""]": null

2018-01-29 16:35:02 - [TEST_STEP][PASSED] - Statement - btnViewApplication = new com.kms.katalon.core.testobject.TestObject(btnViewApplication): null

2018-01-29 16:35:02 - [TEST_STEP][PASSED] - Statement - btnViewApplication.addProperty("xpath", EQUALS, btnId, true): null

2018-01-29 16:35:02 - [TEST_STEP][PASSED] - delay: Delayed 20 second(s)

2018-01-29 16:35:22 - [MESSAGE][PASSED] - Delayed 20 second(s)

2018-01-29 16:35:22 - [TEST_STEP][PASSED] - click: Object: 'btnViewApplication' is clicked on

2018-01-29 16:35:24 - [MESSAGE][PASSED] - Object: 'btnViewApplication' is clicked on

2018-01-29 16:35:24 - [TEST_STEP][PASSED] - delay: Delayed 8 second(s)

2018-01-29 16:35:32 - [MESSAGE][PASSED] - Delayed 8 second(s)

2018-01-29 16:35:32 - [TEST_STEP][PASSED] - click: Object: 'Object Repository/Application_OR/btn_DOWNLOAD_AFS_UW' is clicked on

2018-01-29 16:35:32 - [MESSAGE][PASSED] - Object: 'Object Repository/Application_OR/btn_DOWNLOAD_AFS_UW' is clicked on

2018-01-29 16:35:32 - [TEST_STEP][PASSED] - delay: Delayed 5 second(s)

2018-01-29 16:35:37 - [MESSAGE][PASSED] - Delayed 5 second(s)

2018-01-29 16:35:37 - [TEST_STEP][PASSED] - click: Object: 'Object Repository/Application_OR/btn_GENERATE_FORMS' is clicked on

2018-01-29 16:35:37 - [MESSAGE][PASSED] - Object: 'Object Repository/Application_OR/btn_GENERATE_FORMS' is clicked on

2018-01-29 16:35:37 - [TEST_STEP][PASSED] - delay: Delayed 5 second(s)

2018-01-29 16:35:42 - [MESSAGE][PASSED] - Delayed 5 second(s)

2018-01-29 16:35:42 - [TEST_STEP][PASSED] - click: Object: 'Object Repository/Application_OR/btn_REQUEST_FOR_BIND' is clicked on

2018-01-29 16:35:42 - [MESSAGE][PASSED] - Object: 'Object Repository/Application_OR/btn_REQUEST_FOR_BIND' is clicked on

2018-01-29 16:35:42 - [TEST_STEP][PASSED] - delay: Delayed 20 second(s)

2018-01-29 16:36:02 - [MESSAGE][PASSED] - Delayed 20 second(s)

2018-01-29 16:36:02 - [TEST_STEP][FAILED] - click: Unable to click on object 'Object Repository/Application_OR/btn_VIEW_POLICY_FORMS' (Root cause: com.kms.katalon.core.webui.exception.WebElementNotFoundException: Web element with id: 'Object Repository/Application_OR/btn_VIEW_POLICY_FORMS' located by 'By.xpath: html/body/div[2]/div/section/div[1]/div[2]/form/button' not found)

2018-01-29 16:36:34 - [MESSAGE][FAILED] - Unable to click on object 'Object Repository/Application_OR/btn_VIEW_POLICY_FORMS' (Root cause: com.kms.katalon.core.webui.exception.WebElementNotFoundException: Web element with id: 'Object Repository/Application_OR/btn_VIEW_POLICY_FORMS' located by 'By.xpath: html/body/div[2]/div/section/div[1]/div[2]/form/button' not found)
[[ATTACHMENT|D:\\Katalon_Practice_Workspace\\Katalon_Mitendra\\Reports\\PPE\\20180129_162919\\1517223993553.png]]]]></system-out>
         <system-err><![CDATA[2018-01-29 16:30:48 - [TEST_CASE][FAILED] - Test Cases/APPLICATION_CREATION: Test Cases/APPLICATION_CREATION FAILED because (of) Unable to click on object 'Object Repository/Application_OR/btn_VIEW_POLICY_FORMS' (Root cause: com.kms.katalon.core.webui.exception.WebElementNotFoundException: Web element with id: 'Object Repository/Application_OR/btn_VIEW_POLICY_FORMS' located by 'By.xpath: html/body/div[2]/div/section/div[1]/div[2]/form/button' not found)]]></system-err>
      </testcase>
      <testcase name="Test Cases/ENDORSEMENT_CREATION" classname="Test Cases/ENDORSEMENT_CREATION" status="FAILED">
         <failure type="FAILED" message="Unable to click on object 'Object Repository/Endorsement_OR/btn_ADVANCE_FILTER' (Root cause: com.kms.katalon.core.webui.exception.WebElementNotFoundException: Web element with id: 'Object Repository/Endorsement_OR/btn_ADVANCE_FILTER' located by 'By.xpath: //*[@id=&quot;btnAdvanceFilter&quot;]/label' not found)"/>
         <system-out><![CDATA[2018-01-29 16:36:34 - [TEST_CASE][FAILED] - Test Cases/ENDORSEMENT_CREATION: Test Cases/ENDORSEMENT_CREATION FAILED because (of) Unable to click on object 'Object Repository/Endorsement_OR/btn_ADVANCE_FILTER' (Root cause: com.kms.katalon.core.webui.exception.WebElementNotFoundException: Web element with id: 'Object Repository/Endorsement_OR/btn_ADVANCE_FILTER' located by 'By.xpath: //*[@id="btnAdvanceFilter"]/label' not found)

2018-01-29 16:36:34 - [TEST_STEP][FAILED] - click: Unable to click on object 'Object Repository/Endorsement_OR/btn_ADVANCE_FILTER' (Root cause: com.kms.katalon.core.webui.exception.WebElementNotFoundException: Web element with id: 'Object Repository/Endorsement_OR/btn_ADVANCE_FILTER' located by 'By.xpath: //*[@id="btnAdvanceFilter"]/label' not found)

2018-01-29 16:37:05 - [MESSAGE][FAILED] - Unable to click on object 'Object Repository/Endorsement_OR/btn_ADVANCE_FILTER' (Root cause: com.kms.katalon.core.webui.exception.WebElementNotFoundException: Web element with id: 'Object Repository/Endorsement_OR/btn_ADVANCE_FILTER' located by 'By.xpath: //*[@id="btnAdvanceFilter"]/label' not found)
[[ATTACHMENT|D:\\Katalon_Practice_Workspace\\Katalon_Mitendra\\Reports\\PPE\\20180129_162919\\1517224025639.png]]]]></system-out>
         <system-err><![CDATA[2018-01-29 16:36:34 - [TEST_CASE][FAILED] - Test Cases/ENDORSEMENT_CREATION: Test Cases/ENDORSEMENT_CREATION FAILED because (of) Unable to click on object 'Object Repository/Endorsement_OR/btn_ADVANCE_FILTER' (Root cause: com.kms.katalon.core.webui.exception.WebElementNotFoundException: Web element with id: 'Object Repository/Endorsement_OR/btn_ADVANCE_FILTER' located by 'By.xpath: //*[@id="btnAdvanceFilter"]/label' not found)]]></system-err>
      </testcase>
      <testcase name="Test Cases/AGENT_ENDORSEMENT_REQUEST" classname="Test Cases/AGENT_ENDORSEMENT_REQUEST" status="FAILED">
         <failure type="FAILED" message="Unable to set text 'ih.chelms' of object 'Object Repository/Quote_OR/txtfield_USERNAME' (Root cause: com.kms.katalon.core.webui.exception.WebElementNotFoundException: Web element with id: 'Object Repository/Quote_OR/txtfield_USERNAME' located by 'By.xpath: //*[@id=&quot;txtUserName&quot;]' not found)"/>
         <system-out><![CDATA[2018-01-29 16:37:06 - [TEST_CASE][FAILED] - Test Cases/AGENT_ENDORSEMENT_REQUEST: Test Cases/AGENT_ENDORSEMENT_REQUEST FAILED because (of) Unable to set text 'ih.chelms' of object 'Object Repository/Quote_OR/txtfield_USERNAME' (Root cause: com.kms.katalon.core.webui.exception.WebElementNotFoundException: Web element with id: 'Object Repository/Quote_OR/txtfield_USERNAME' located by 'By.xpath: //*[@id="txtUserName"]' not found)

2018-01-29 16:37:06 - [TEST_STEP][FAILED] - setText: Unable to set text 'ih.chelms' of object 'Object Repository/Quote_OR/txtfield_USERNAME' (Root cause: com.kms.katalon.core.webui.exception.WebElementNotFoundException: Web element with id: 'Object Repository/Quote_OR/txtfield_USERNAME' located by 'By.xpath: //*[@id="txtUserName"]' not found)

2018-01-29 16:37:38 - [MESSAGE][FAILED] - Unable to set text 'ih.chelms' of object 'Object Repository/Quote_OR/txtfield_USERNAME' (Root cause: com.kms.katalon.core.webui.exception.WebElementNotFoundException: Web element with id: 'Object Repository/Quote_OR/txtfield_USERNAME' located by 'By.xpath: //*[@id="txtUserName"]' not found)
[[ATTACHMENT|D:\\Katalon_Practice_Workspace\\Katalon_Mitendra\\Reports\\PPE\\20180129_162919\\1517224057461.png]]]]></system-out>
         <system-err><![CDATA[2018-01-29 16:37:06 - [TEST_CASE][FAILED] - Test Cases/AGENT_ENDORSEMENT_REQUEST: Test Cases/AGENT_ENDORSEMENT_REQUEST FAILED because (of) Unable to set text 'ih.chelms' of object 'Object Repository/Quote_OR/txtfield_USERNAME' (Root cause: com.kms.katalon.core.webui.exception.WebElementNotFoundException: Web element with id: 'Object Repository/Quote_OR/txtfield_USERNAME' located by 'By.xpath: //*[@id="txtUserName"]' not found)]]></system-err>
      </testcase>
      <system-out><![CDATA[2018-01-29 16:29:20 - [TEST_SUITE][FAILED] - PPE: Test Cases/APPLICATION_CREATION FAILED because (of) Unable to click on object 'Object Repository/Application_OR/btn_VIEW_POLICY_FORMS' (Root cause: com.kms.katalon.core.webui.exception.WebElementNotFoundException: Web element with id: 'Object Repository/Application_OR/btn_VIEW_POLICY_FORMS' located by 'By.xpath: html/body/div[2]/div/section/div[1]/div[2]/form/button' not found)]]></system-out>
      <system-err><![CDATA[2018-01-29 16:29:20 - [TEST_SUITE][FAILED] - PPE: Test Cases/APPLICATION_CREATION FAILED because (of) Unable to click on object 'Object Repository/Application_OR/btn_VIEW_POLICY_FORMS' (Root cause: com.kms.katalon.core.webui.exception.WebElementNotFoundException: Web element with id: 'Object Repository/Application_OR/btn_VIEW_POLICY_FORMS' located by 'By.xpath: html/body/div[2]/div/section/div[1]/div[2]/form/button' not found)]]></system-err>
   </testsuite>
</testsuites>
