<?xml version="1.0" encoding="UTF-8"?>
<testsuites name="PPE" time="487" tests="1" failures="2" errors="0">
   <testsuite name="PPE" tests="1" failures="2" errors="0" time="487" timestamp="2018-01-24 17:36:07" hostname="gsalunkhe - CTS-QUA-4.cogitate.india" id="Test Suites/PPE">
      <properties>
         <property name="deviceName" value=""/>
         <property name="devicePlatform" value=""/>
         <property name="logFolder" value="D:\\Katalon_Practice_Workspace\\Katalon_Mitendra\\Reports\\PPE\\20180124_173605"/>
         <property name="logFiles" value="D:\\Katalon_Practice_Workspace\\Katalon_Mitendra\\Reports\\PPE\\20180124_173605\\execution0.log"/>
         <property name="attachments" value="D:\\Katalon_Practice_Workspace\\Katalon_Mitendra\\Reports\\PPE\\20180124_173605\\1516796020970.png, D:\\Katalon_Practice_Workspace\\Katalon_Mitendra\\Reports\\PPE\\20180124_173605\\1516796053268.png"/>
         <property name="hostName" value="gsalunkhe - CTS-QUA-4.cogitate.india"/>
         <property name="os" value="Windows 7 64bit"/>
         <property name="katalonVersion" value="5.0.1.1"/>
         <property name="browser" value="Chrome 63.0.3239.132"/>
         <property name="hostAddress" value="192.168.0.4"/>
         <property name="sessionId" value="c1c09e5451f0a69b7b2158d5ff2e28f1"/>
         <property name="seleniumVersion" value="2.53.0"/>
         <property name="proxyInformation" value="ProxyInformation{proxyOption=NO_PROXY, proxyServerType=HTTP, password=, proxyServerAddress=, proxyServerPort=0}"/>
         <property name="platform" value="Windows 7"/>
      </properties>
      <testcase name="Test Cases/QUOTE_CREATION" classname="Test Cases/QUOTE_CREATION" status="PASSED">
         <system-out><![CDATA[2018-01-24 17:36:07 - [TEST_CASE][PASSED] - Test Cases/QUOTE_CREATION: Test Cases/QUOTE_CREATION

2018-01-24 17:36:08 - [TEST_STEP][PASSED] - openBrowser: Browser is opened with url: 'http://13.90.102.191:8066'

2018-01-24 17:36:15 - [MESSAGE][PASSED] - Browser is opened with url: 'http://13.90.102.191:8066'

2018-01-24 17:36:15 - [TEST_STEP][PASSED] - maximizeWindow: Current window maximized

2018-01-24 17:36:16 - [MESSAGE][PASSED] - Current window maximized

2018-01-24 17:36:16 - [TEST_STEP][PASSED] - setText: Text 'ih.chelms' is set on object 'Object Repository/Quote_OR/txtfield_USERNAME'

2018-01-24 17:36:17 - [MESSAGE][PASSED] - Text 'ih.chelms' is set on object 'Object Repository/Quote_OR/txtfield_USERNAME'

2018-01-24 17:36:17 - [TEST_STEP][PASSED] - setText: Text '10#Hammer' is set on object 'Object Repository/Quote_OR/txtfield_PASSWORD'

2018-01-24 17:36:17 - [MESSAGE][PASSED] - Text '10#Hammer' is set on object 'Object Repository/Quote_OR/txtfield_PASSWORD'

2018-01-24 17:36:17 - [TEST_STEP][PASSED] - click: Object: 'Object Repository/Quote_OR/btn-LOGIN' is clicked on

2018-01-24 17:36:23 - [MESSAGE][PASSED] - Object: 'Object Repository/Quote_OR/btn-LOGIN' is clicked on

2018-01-24 17:36:23 - [TEST_STEP][PASSED] - setText: Text '600 Red Fern Ct Roswell, GA 30075 USA' is set on object 'Object Repository/Quote_OR/txtfield_ADDRESS_ON_LANDING_PAGE'

2018-01-24 17:36:23 - [MESSAGE][PASSED] - Text '600 Red Fern Ct Roswell, GA 30075 USA' is set on object 'Object Repository/Quote_OR/txtfield_ADDRESS_ON_LANDING_PAGE'

2018-01-24 17:36:23 - [TEST_STEP][PASSED] - click: Object: 'Object Repository/Quote_OR/btn_SEARCH_ADDRESS' is clicked on

2018-01-24 17:36:37 - [MESSAGE][PASSED] - Object: 'Object Repository/Quote_OR/btn_SEARCH_ADDRESS' is clicked on

2018-01-24 17:36:37 - [TEST_STEP][PASSED] - waitForPageLoad: Wait for page load successfully

2018-01-24 17:36:37 - [MESSAGE][PASSED] - Wait for page load successfully

2018-01-24 17:36:37 - [TEST_STEP][PASSED] - selectOptionByIndex: All options with index in [1] are selected on object 'Object Repository/Quote_OR/drp_PROPERTY_TYPE'

2018-01-24 17:36:37 - [MESSAGE][PASSED] - All options with index in [1] are selected on object 'Object Repository/Quote_OR/drp_PROPERTY_TYPE'

2018-01-24 17:36:37 - [TEST_STEP][PASSED] - setText: Text '' is set on object 'Object Repository/Quote_OR/txtfield_HOME_VALUATION'

2018-01-24 17:36:38 - [MESSAGE][PASSED] - Text '' is set on object 'Object Repository/Quote_OR/txtfield_HOME_VALUATION'

2018-01-24 17:36:38 - [TEST_STEP][PASSED] - selectOptionByIndex: All options with index in [2] are selected on object 'Object Repository/Quote_OR/drp_CONSTRUCTION_TYPE'

2018-01-24 17:36:38 - [MESSAGE][PASSED] - All options with index in [2] are selected on object 'Object Repository/Quote_OR/drp_CONSTRUCTION_TYPE'

2018-01-24 17:36:38 - [TEST_STEP][PASSED] - setText: Text '100000' is set on object 'Object Repository/Quote_OR/txtfield_HOME_VALUATION'

2018-01-24 17:36:38 - [MESSAGE][PASSED] - Text '100000' is set on object 'Object Repository/Quote_OR/txtfield_HOME_VALUATION'

2018-01-24 17:36:38 - [TEST_STEP][PASSED] - delay: Delayed 2 second(s)

2018-01-24 17:36:40 - [MESSAGE][PASSED] - Delayed 2 second(s)

2018-01-24 17:36:40 - [TEST_STEP][PASSED] - setText: Text '' is set on object 'Object Repository/Quote_OR/txtbx_YEARHOMEBUILD'

2018-01-24 17:36:40 - [MESSAGE][PASSED] - Text '' is set on object 'Object Repository/Quote_OR/txtbx_YEARHOMEBUILD'

2018-01-24 17:36:40 - [TEST_STEP][PASSED] - setText: Text '1968' is set on object 'Object Repository/Quote_OR/txtbx_YEARHOMEBUILD'

2018-01-24 17:36:41 - [MESSAGE][PASSED] - Text '1968' is set on object 'Object Repository/Quote_OR/txtbx_YEARHOMEBUILD'

2018-01-24 17:36:41 - [TEST_STEP][PASSED] - click: Object: 'Object Repository/Quote_OR/btn_GETQUOTE' is clicked on

2018-01-24 17:36:41 - [MESSAGE][PASSED] - Object: 'Object Repository/Quote_OR/btn_GETQUOTE' is clicked on

2018-01-24 17:36:41 - [TEST_STEP][PASSED] - delay: Delayed 1 second(s)

2018-01-24 17:36:42 - [MESSAGE][PASSED] - Delayed 1 second(s)

2018-01-24 17:36:42 - [TEST_STEP][PASSED] - click: Object: 'Object Repository/Quote_OR/btn_SENDQUOTE' is clicked on

2018-01-24 17:36:47 - [MESSAGE][PASSED] - Object: 'Object Repository/Quote_OR/btn_SENDQUOTE' is clicked on

2018-01-24 17:36:47 - [TEST_STEP][PASSED] - delay: Delayed 1 second(s)

2018-01-24 17:36:48 - [MESSAGE][PASSED] - Delayed 1 second(s)

2018-01-24 17:36:48 - [TEST_STEP][PASSED] - setText: Text 'Ganesh' is set on object 'Object Repository/Quote_OR/txtfield_SENDQUOTE_FIRSTNAME'

2018-01-24 17:36:48 - [MESSAGE][PASSED] - Text 'Ganesh' is set on object 'Object Repository/Quote_OR/txtfield_SENDQUOTE_FIRSTNAME'

2018-01-24 17:36:48 - [TEST_STEP][PASSED] - setText: Text 'Salunkhe' is set on object 'Object Repository/Quote_OR/txtfield_SENDQUOTE_LASTNAME'

2018-01-24 17:36:48 - [MESSAGE][PASSED] - Text 'Salunkhe' is set on object 'Object Repository/Quote_OR/txtfield_SENDQUOTE_LASTNAME'

2018-01-24 17:36:48 - [TEST_STEP][PASSED] - delay: Delayed 5 second(s)

2018-01-24 17:36:53 - [MESSAGE][PASSED] - Delayed 5 second(s)

2018-01-24 17:36:53 - [TEST_STEP][PASSED] - setText: Text '9768180080' is set on object 'Object Repository/Quote_OR/txtfield_SENDQUOTE_CONTACTNUMBER'

2018-01-24 17:36:53 - [MESSAGE][PASSED] - Text '9768180080' is set on object 'Object Repository/Quote_OR/txtfield_SENDQUOTE_CONTACTNUMBER'

2018-01-24 17:36:53 - [TEST_STEP][PASSED] - delay: Delayed 5 second(s)

2018-01-24 17:36:58 - [MESSAGE][PASSED] - Delayed 5 second(s)

2018-01-24 17:36:59 - [TEST_STEP][PASSED] - setText: Text 'gsalunkhe@cogitate.us' is set on object 'Object Repository/Quote_OR/txtfield_SENDQUOTE_EMAIL'

2018-01-24 17:36:59 - [MESSAGE][PASSED] - Text 'gsalunkhe@cogitate.us' is set on object 'Object Repository/Quote_OR/txtfield_SENDQUOTE_EMAIL'

2018-01-24 17:36:59 - [TEST_STEP][PASSED] - delay: Delayed 10 second(s)

2018-01-24 17:37:09 - [MESSAGE][PASSED] - Delayed 10 second(s)

2018-01-24 17:37:09 - [TEST_STEP][PASSED] - click: Object: 'Object Repository/Quote_OR/btn_SEND_QUOTE_DETAILS' is clicked on

2018-01-24 17:37:09 - [MESSAGE][PASSED] - Object: 'Object Repository/Quote_OR/btn_SEND_QUOTE_DETAILS' is clicked on

2018-01-24 17:37:09 - [TEST_STEP][PASSED] - selectOptionByIndex: All options with index in [1] are selected on object 'Object Repository/Quote_OR/drp_CONSTRUCTION_TYPE'

2018-01-24 17:37:09 - [MESSAGE][PASSED] - All options with index in [1] are selected on object 'Object Repository/Quote_OR/drp_CONSTRUCTION_TYPE'

2018-01-24 17:37:09 - [TEST_STEP][PASSED] - delay: Delayed 5 second(s)

2018-01-24 17:37:14 - [MESSAGE][PASSED] - Delayed 5 second(s)

2018-01-24 17:37:14 - [TEST_STEP][PASSED] - click: Object: 'Object Repository/Quote_OR/btn_RECALCULATE_PREMIUM' is clicked on

2018-01-24 17:37:14 - [MESSAGE][PASSED] - Object: 'Object Repository/Quote_OR/btn_RECALCULATE_PREMIUM' is clicked on]]></system-out>
         <system-err><![CDATA[]]></system-err>
      </testcase>
      <testcase name="Test Cases/APPLICATION_CREATION" classname="Test Cases/APPLICATION_CREATION" status="FAILED">
         <failure type="FAILED" message="Unable to click on object 'Object Repository/Application_OR/btn_VIEW_POLICY_FORMS' (Root cause: org.openqa.selenium.WebDriverException: unknown error: Element &lt;button type=&quot;button&quot; id=&quot;btnSubmitForApproval&quot; class=&quot;btn btn-primary&quot; data-loading-text=&quot;&lt;i class='fa fa-circle-o-notch fa-spin'>&lt;/i> Please wait...&quot; data-link=&quot;/Status&quot; data-policysubmitedlink=&quot;/Policy&quot; style=&quot;width: 195.375px;&quot;>...&lt;/button> is not clickable at point (1204, 553). Other element would receive the click: &lt;div class=&quot;modal fade in&quot; id=&quot;modalViewForms&quot; tabindex=&quot;-1&quot; role=&quot;dialog&quot; aria-labelledby=&quot;myModalLabel&quot; data-backdrop=&quot;static&quot; aria-hidden=&quot;true&quot; style=&quot;display: block;&quot;>...&lt;/div>
  (Session info: chrome=63.0.3239.132)
  (Driver info: chromedriver=2.33.506120 (e3e53437346286c0bc2d2dc9aa4915ba81d9023f),platform=Windows NT 6.1.7601 SP1 x86_64) (WARNING: The server did not provide any stacktrace information)
Command duration or timeout: 44 milliseconds
Build info: version: '2.53.0', revision: '35ae25b', time: '2016-03-15 17:00:58'
System info: host: 'CTS-QUA-4', ip: '192.168.0.4', os.name: 'Windows 7', os.arch: 'amd64', os.version: '6.1', java.version: '1.8.0_102'
Driver info: com.kms.katalon.selenium.driver.CChromeDriver
Capabilities [{applicationCacheEnabled=false, rotatable=false, mobileEmulationEnabled=false, networkConnectionEnabled=false, chrome={chromedriverVersion=2.33.506120 (e3e53437346286c0bc2d2dc9aa4915ba81d9023f), userDataDir=C:\Users\GSALUN~1\AppData\Local\Temp\scoped_dir12712_7510}, takesHeapSnapshot=true, pageLoadStrategy=normal, databaseEnabled=false, handlesAlerts=true, hasTouchScreen=false, version=63.0.3239.132, platform=XP, browserConnectionEnabled=false, nativeEvents=true, acceptSslCerts=true, locationContextEnabled=true, webStorageEnabled=true, browserName=chrome, takesScreenshot=true, javascriptEnabled=true, cssSelectorsEnabled=true, setWindowRect=true, unexpectedAlertBehaviour=}]
Session ID: c1c09e5451f0a69b7b2158d5ff2e28f1)"/>
         <system-out><![CDATA[2018-01-24 17:37:14 - [TEST_CASE][FAILED] - Test Cases/APPLICATION_CREATION: Test Cases/APPLICATION_CREATION FAILED because (of) Unable to click on object 'Object Repository/Application_OR/btn_VIEW_POLICY_FORMS' (Root cause: org.openqa.selenium.WebDriverException: unknown error: Element <button type="button" id="btnSubmitForApproval" class="btn btn-primary" data-loading-text="<i class='fa fa-circle-o-notch fa-spin'></i> Please wait..." data-link="/Status" data-policysubmitedlink="/Policy" style="width: 195.375px;">...</button> is not clickable at point (1204, 553). Other element would receive the click: <div class="modal fade in" id="modalViewForms" tabindex="-1" role="dialog" aria-labelledby="myModalLabel" data-backdrop="static" aria-hidden="true" style="display: block;">...</div>
  (Session info: chrome=63.0.3239.132)
  (Driver info: chromedriver=2.33.506120 (e3e53437346286c0bc2d2dc9aa4915ba81d9023f),platform=Windows NT 6.1.7601 SP1 x86_64) (WARNING: The server did not provide any stacktrace information)
Command duration or timeout: 44 milliseconds
Build info: version: '2.53.0', revision: '35ae25b', time: '2016-03-15 17:00:58'
System info: host: 'CTS-QUA-4', ip: '192.168.0.4', os.name: 'Windows 7', os.arch: 'amd64', os.version: '6.1', java.version: '1.8.0_102'
Driver info: com.kms.katalon.selenium.driver.CChromeDriver
Capabilities [{applicationCacheEnabled=false, rotatable=false, mobileEmulationEnabled=false, networkConnectionEnabled=false, chrome={chromedriverVersion=2.33.506120 (e3e53437346286c0bc2d2dc9aa4915ba81d9023f), userDataDir=C:\Users\GSALUN~1\AppData\Local\Temp\scoped_dir12712_7510}, takesHeapSnapshot=true, pageLoadStrategy=normal, databaseEnabled=false, handlesAlerts=true, hasTouchScreen=false, version=63.0.3239.132, platform=XP, browserConnectionEnabled=false, nativeEvents=true, acceptSslCerts=true, locationContextEnabled=true, webStorageEnabled=true, browserName=chrome, takesScreenshot=true, javascriptEnabled=true, cssSelectorsEnabled=true, setWindowRect=true, unexpectedAlertBehaviour=}]
Session ID: c1c09e5451f0a69b7b2158d5ff2e28f1)

2018-01-24 17:37:15 - [TEST_STEP][PASSED] - setText: Text '325 Derby Ridge Trce Roswell, GA 30075 USA' is set on object 'Object Repository/Application_OR/txtfield_ADDRESS_ON_QUOTE_PAGE'

2018-01-24 17:37:15 - [MESSAGE][PASSED] - Text '325 Derby Ridge Trce Roswell, GA 30075 USA' is set on object 'Object Repository/Application_OR/txtfield_ADDRESS_ON_QUOTE_PAGE'

2018-01-24 17:37:15 - [TEST_STEP][PASSED] - click: Object: 'Object Repository/Application_OR/btn_SEARCH_ADDRESS_QUOTE_PAGE' is clicked on

2018-01-24 17:37:30 - [MESSAGE][PASSED] - Object: 'Object Repository/Application_OR/btn_SEARCH_ADDRESS_QUOTE_PAGE' is clicked on

2018-01-24 17:37:30 - [TEST_STEP][PASSED] - Statement - Address = com.kms.katalon.core.testobject.ObjectRepository.findTestObject(Endorsement_OR/get_Address): Finding Test Object with id 'Object Repository/Endorsement_OR/get_Address'

2018-01-24 17:37:30 - [TEST_STEP][PASSED] - Statement - propertyaddress = com.kms.katalon.core.webui.keyword.WebUiBuiltInKeywords.getAttribute(Address, "value"): Attribute 'value' of object 'Object Repository/Endorsement_OR/get_Address' is: '325 Derby Ridge Trce, Roswell, GA 30075, USA'

2018-01-24 17:37:30 - [MESSAGE][PASSED] - Attribute 'value' of object 'Object Repository/Endorsement_OR/get_Address' is: '325 Derby Ridge Trce, Roswell, GA 30075, USA'

2018-01-24 17:37:30 - [TEST_STEP][PASSED] - Statement - println(propertyaddress): null

2018-01-24 17:37:30 - [TEST_STEP][PASSED] - Statement - propertyaddress = propertyaddress: null

2018-01-24 17:37:30 - [TEST_STEP][PASSED] - selectOptionByIndex: All options with index in [1] are selected on object 'Object Repository/Quote_OR/drp_PROPERTY_TYPE'

2018-01-24 17:37:30 - [MESSAGE][PASSED] - All options with index in [1] are selected on object 'Object Repository/Quote_OR/drp_PROPERTY_TYPE'

2018-01-24 17:37:30 - [TEST_STEP][PASSED] - setText: Text '' is set on object 'Object Repository/Quote_OR/txtbx_YEARHOMEBUILD'

2018-01-24 17:37:30 - [MESSAGE][PASSED] - Text '' is set on object 'Object Repository/Quote_OR/txtbx_YEARHOMEBUILD'

2018-01-24 17:37:30 - [TEST_STEP][PASSED] - setText: Text '2000' is set on object 'Object Repository/Quote_OR/txtbx_YEARHOMEBUILD'

2018-01-24 17:37:30 - [MESSAGE][PASSED] - Text '2000' is set on object 'Object Repository/Quote_OR/txtbx_YEARHOMEBUILD'

2018-01-24 17:37:30 - [TEST_STEP][PASSED] - selectOptionByIndex: All options with index in [2] are selected on object 'Object Repository/Quote_OR/drp_CONSTRUCTION_TYPE'

2018-01-24 17:37:30 - [MESSAGE][PASSED] - All options with index in [2] are selected on object 'Object Repository/Quote_OR/drp_CONSTRUCTION_TYPE'

2018-01-24 17:37:30 - [TEST_STEP][PASSED] - setText: Text '' is set on object 'Object Repository/Quote_OR/txtfield_HOME_VALUATION'

2018-01-24 17:37:30 - [MESSAGE][PASSED] - Text '' is set on object 'Object Repository/Quote_OR/txtfield_HOME_VALUATION'

2018-01-24 17:37:30 - [TEST_STEP][PASSED] - setText: Text '100000' is set on object 'Object Repository/Quote_OR/txtfield_HOME_VALUATION'

2018-01-24 17:37:31 - [MESSAGE][PASSED] - Text '100000' is set on object 'Object Repository/Quote_OR/txtfield_HOME_VALUATION'

2018-01-24 17:37:31 - [TEST_STEP][PASSED] - click: Object: 'Object Repository/Quote_OR/btn_GETQUOTE' is clicked on

2018-01-24 17:37:31 - [MESSAGE][PASSED] - Object: 'Object Repository/Quote_OR/btn_GETQUOTE' is clicked on

2018-01-24 17:37:31 - [TEST_STEP][PASSED] - delay: Delayed 1 second(s)

2018-01-24 17:37:32 - [MESSAGE][PASSED] - Delayed 1 second(s)

2018-01-24 17:37:32 - [TEST_STEP][PASSED] - click: Object: 'Object Repository/Application_OR/btn_TOAPPLICATION' is clicked on

2018-01-24 17:38:10 - [MESSAGE][PASSED] - Object: 'Object Repository/Application_OR/btn_TOAPPLICATION' is clicked on

2018-01-24 17:38:10 - [TEST_STEP][PASSED] - delay: Delayed 10 second(s)

2018-01-24 17:38:20 - [MESSAGE][PASSED] - Delayed 10 second(s)

2018-01-24 17:38:20 - [TEST_STEP][PASSED] - click: Object: 'Object Repository/Application_OR/btn_CONTINUE_UW_QUESTIONS' is clicked on

2018-01-24 17:38:20 - [MESSAGE][PASSED] - Object: 'Object Repository/Application_OR/btn_CONTINUE_UW_QUESTIONS' is clicked on

2018-01-24 17:38:20 - [TEST_STEP][PASSED] - delay: Delayed 10 second(s)

2018-01-24 17:38:30 - [MESSAGE][PASSED] - Delayed 10 second(s)

2018-01-24 17:38:30 - [TEST_STEP][PASSED] - delay: Delayed 3 second(s)

2018-01-24 17:38:33 - [MESSAGE][PASSED] - Delayed 3 second(s)

2018-01-24 17:38:33 - [TEST_STEP][PASSED] - click: Object: 'Object Repository/Application_OR/txtfield_INSURED_FIRSTNAME' is clicked on

2018-01-24 17:38:34 - [MESSAGE][PASSED] - Object: 'Object Repository/Application_OR/txtfield_INSURED_FIRSTNAME' is clicked on

2018-01-24 17:38:34 - [TEST_STEP][PASSED] - setText: Text 'Ross' is set on object 'Object Repository/Application_OR/txtfield_INSURED_FIRSTNAME'

2018-01-24 17:38:34 - [MESSAGE][PASSED] - Text 'Ross' is set on object 'Object Repository/Application_OR/txtfield_INSURED_FIRSTNAME'

2018-01-24 17:38:34 - [TEST_STEP][PASSED] - setText: Text 'Marshal' is set on object 'Object Repository/Application_OR/txtfield_INSURED_MIDDLENAME'

2018-01-24 17:38:34 - [MESSAGE][PASSED] - Text 'Marshal' is set on object 'Object Repository/Application_OR/txtfield_INSURED_MIDDLENAME'

2018-01-24 17:38:34 - [TEST_STEP][PASSED] - setText: Text 'Guptil' is set on object 'Object Repository/Application_OR/txtfield_INSURED_LASTNAME'

2018-01-24 17:38:34 - [MESSAGE][PASSED] - Text 'Guptil' is set on object 'Object Repository/Application_OR/txtfield_INSURED_LASTNAME'

2018-01-24 17:38:34 - [TEST_STEP][PASSED] - setText: Text '09/10/1999' is set on object 'Object Repository/Application_OR/txtfield_INSURED_DOB'

2018-01-24 17:38:34 - [MESSAGE][PASSED] - Text '09/10/1999' is set on object 'Object Repository/Application_OR/txtfield_INSURED_DOB'

2018-01-24 17:38:34 - [TEST_STEP][PASSED] - delay: Delayed 5 second(s)

2018-01-24 17:38:39 - [MESSAGE][PASSED] - Delayed 5 second(s)

2018-01-24 17:38:39 - [TEST_STEP][PASSED] - setText: Text 'gsalunkhe@cogitate.us' is set on object 'Object Repository/Application_OR/txtfield_INSURED_EMAIL'

2018-01-24 17:38:40 - [MESSAGE][PASSED] - Text 'gsalunkhe@cogitate.us' is set on object 'Object Repository/Application_OR/txtfield_INSURED_EMAIL'

2018-01-24 17:38:40 - [TEST_STEP][PASSED] - delay: Delayed 5 second(s)

2018-01-24 17:38:45 - [MESSAGE][PASSED] - Delayed 5 second(s)

2018-01-24 17:38:45 - [TEST_STEP][PASSED] - setText: Text '9768180080' is set on object 'Object Repository/Application_OR/txtfield_INSURED_CONTACTNUMBER'

2018-01-24 17:38:45 - [MESSAGE][PASSED] - Text '9768180080' is set on object 'Object Repository/Application_OR/txtfield_INSURED_CONTACTNUMBER'

2018-01-24 17:38:45 - [TEST_STEP][PASSED] - delay: Delayed 5 second(s)

2018-01-24 17:38:50 - [MESSAGE][PASSED] - Delayed 5 second(s)

2018-01-24 17:38:50 - [TEST_STEP][PASSED] - Statement - hdnPolicyInfoId = com.kms.katalon.core.testobject.ObjectRepository.findTestObject(Generic_OR/hdnPolicyInfoId): Finding Test Object with id 'Object Repository/Generic_OR/hdnPolicyInfoId'

2018-01-24 17:38:50 - [TEST_STEP][PASSED] - Statement - policyInfoid = com.kms.katalon.core.webui.keyword.WebUiBuiltInKeywords.getAttribute(hdnPolicyInfoId, "value"): Attribute 'value' of object 'Object Repository/Generic_OR/hdnPolicyInfoId' is: '3408'

2018-01-24 17:38:50 - [MESSAGE][PASSED] - Attribute 'value' of object 'Object Repository/Generic_OR/hdnPolicyInfoId' is: '3408'

2018-01-24 17:38:50 - [TEST_STEP][PASSED] - Statement - policyInfoId = policyInfoid: null

2018-01-24 17:38:50 - [TEST_STEP][PASSED] - click: Object: 'Object Repository/Application_OR/btn_POLICYHOLDER_SAVEANDCONTINUE' is clicked on

2018-01-24 17:38:50 - [MESSAGE][PASSED] - Object: 'Object Repository/Application_OR/btn_POLICYHOLDER_SAVEANDCONTINUE' is clicked on

2018-01-24 17:38:50 - [TEST_STEP][PASSED] - delay: Delayed 1 second(s)

2018-01-24 17:38:51 - [MESSAGE][PASSED] - Delayed 1 second(s)

2018-01-24 17:38:51 - [TEST_STEP][PASSED] - click: Object: 'Object Repository/Application_OR/drp_ROOFTYPE_PROPERTYPAGE' is clicked on

2018-01-24 17:38:52 - [MESSAGE][PASSED] - Object: 'Object Repository/Application_OR/drp_ROOFTYPE_PROPERTYPAGE' is clicked on

2018-01-24 17:38:52 - [TEST_STEP][PASSED] - delay: Delayed 3 second(s)

2018-01-24 17:38:55 - [MESSAGE][PASSED] - Delayed 3 second(s)

2018-01-24 17:38:55 - [TEST_STEP][PASSED] - selectOptionByIndex: All options with index in [1] are selected on object 'Object Repository/Application_OR/drp_ROOFTYPE_PROPERTYPAGE'

2018-01-24 17:38:55 - [MESSAGE][PASSED] - All options with index in [1] are selected on object 'Object Repository/Application_OR/drp_ROOFTYPE_PROPERTYPAGE'

2018-01-24 17:38:55 - [TEST_STEP][PASSED] - delay: Delayed 2 second(s)

2018-01-24 17:38:57 - [MESSAGE][PASSED] - Delayed 2 second(s)

2018-01-24 17:38:57 - [TEST_STEP][PASSED] - selectOptionByIndex: All options with index in [3] are selected on object 'Object Repository/Application_OR/drp_FOUNDATIONTYPE_PROPERTYPAGE'

2018-01-24 17:38:58 - [MESSAGE][PASSED] - All options with index in [3] are selected on object 'Object Repository/Application_OR/drp_FOUNDATIONTYPE_PROPERTYPAGE'

2018-01-24 17:38:58 - [TEST_STEP][PASSED] - delay: Delayed 2 second(s)

2018-01-24 17:39:00 - [MESSAGE][PASSED] - Delayed 2 second(s)

2018-01-24 17:39:00 - [TEST_STEP][PASSED] - selectOptionByIndex: All options with index in [7] are selected on object 'Object Repository/Application_OR/drp_HEATINGTYPE_PROPERTYPAGE'

2018-01-24 17:39:00 - [MESSAGE][PASSED] - All options with index in [7] are selected on object 'Object Repository/Application_OR/drp_HEATINGTYPE_PROPERTYPAGE'

2018-01-24 17:39:00 - [TEST_STEP][PASSED] - delay: Delayed 5 second(s)

2018-01-24 17:39:05 - [MESSAGE][PASSED] - Delayed 5 second(s)

2018-01-24 17:39:05 - [TEST_STEP][PASSED] - click: Object: 'Object Repository/Application_OR/btn_OCCUPANYPAGE_SAVEANDCONTINUE' is clicked on

2018-01-24 17:39:05 - [MESSAGE][PASSED] - Object: 'Object Repository/Application_OR/btn_OCCUPANYPAGE_SAVEANDCONTINUE' is clicked on

2018-01-24 17:39:05 - [TEST_STEP][PASSED] - delay: Delayed 1 second(s)

2018-01-24 17:39:06 - [MESSAGE][PASSED] - Delayed 1 second(s)

2018-01-24 17:39:06 - [TEST_STEP][PASSED] - click: Object: 'Object Repository/Application_OR/btn_YES_ROOFAGE_POPUP' is clicked on

2018-01-24 17:39:06 - [MESSAGE][PASSED] - Object: 'Object Repository/Application_OR/btn_YES_ROOFAGE_POPUP' is clicked on

2018-01-24 17:39:06 - [TEST_STEP][PASSED] - delay: Delayed 1 second(s)

2018-01-24 17:39:07 - [MESSAGE][PASSED] - Delayed 1 second(s)

2018-01-24 17:39:07 - [TEST_STEP][PASSED] - click: Object: 'Object Repository/Application_OR/btn_YES_ELECTRICALAGE_POPUP' is clicked on

2018-01-24 17:39:07 - [MESSAGE][PASSED] - Object: 'Object Repository/Application_OR/btn_YES_ELECTRICALAGE_POPUP' is clicked on

2018-01-24 17:39:07 - [TEST_STEP][PASSED] - delay: Delayed 1 second(s)

2018-01-24 17:39:08 - [MESSAGE][PASSED] - Delayed 1 second(s)

2018-01-24 17:39:08 - [TEST_STEP][PASSED] - click: Object: 'Object Repository/Application_OR/btn_YES_ELECTRICALAGE_POPUP' is clicked on

2018-01-24 17:39:08 - [MESSAGE][PASSED] - Object: 'Object Repository/Application_OR/btn_YES_ELECTRICALAGE_POPUP' is clicked on

2018-01-24 17:39:08 - [TEST_STEP][PASSED] - delay: Delayed 5 second(s)

2018-01-24 17:39:13 - [MESSAGE][PASSED] - Delayed 5 second(s)

2018-01-24 17:39:13 - [TEST_STEP][PASSED] - click: Object: 'Object Repository/Application_OR/btn_OCCUPANYPAGE_SAVEANDCONTINUE' is clicked on

2018-01-24 17:39:20 - [MESSAGE][PASSED] - Object: 'Object Repository/Application_OR/btn_OCCUPANYPAGE_SAVEANDCONTINUE' is clicked on

2018-01-24 17:39:20 - [TEST_STEP][PASSED] - delay: Delayed 5 second(s)

2018-01-24 17:39:25 - [MESSAGE][PASSED] - Delayed 5 second(s)

2018-01-24 17:39:25 - [TEST_STEP][PASSED] - check: Object 'Object Repository/Application_OR/chkbx_AGREEMENT' is checked

2018-01-24 17:39:30 - [MESSAGE][PASSED] - Object 'Object Repository/Application_OR/chkbx_AGREEMENT' is checked

2018-01-24 17:39:30 - [TEST_STEP][PASSED] - delay: Delayed 10 second(s)

2018-01-24 17:39:40 - [MESSAGE][PASSED] - Delayed 10 second(s)

2018-01-24 17:39:40 - [TEST_STEP][PASSED] - click: Object: 'Object Repository/Application_OR/btn_OCCUPANYPAGE_SAVEANDCONTINUE' is clicked on

2018-01-24 17:39:45 - [MESSAGE][PASSED] - Object: 'Object Repository/Application_OR/btn_OCCUPANYPAGE_SAVEANDCONTINUE' is clicked on

2018-01-24 17:39:45 - [TEST_STEP][PASSED] - delay: Delayed 5 second(s)

2018-01-24 17:39:50 - [MESSAGE][PASSED] - Delayed 5 second(s)

2018-01-24 17:39:50 - [TEST_STEP][PASSED] - click: Object: 'Object Repository/Application_OR/btn_SIGNAPPLICATION_AGENT' is clicked on

2018-01-24 17:40:12 - [MESSAGE][PASSED] - Object: 'Object Repository/Application_OR/btn_SIGNAPPLICATION_AGENT' is clicked on

2018-01-24 17:40:12 - [TEST_STEP][PASSED] - delay: Delayed 5 second(s)

2018-01-24 17:40:17 - [MESSAGE][PASSED] - Delayed 5 second(s)

2018-01-24 17:40:17 - [TEST_STEP][PASSED] - click: Object: 'Object Repository/Application_OR/btn_INSURED_SIGNATURE' is clicked on

2018-01-24 17:40:23 - [MESSAGE][PASSED] - Object: 'Object Repository/Application_OR/btn_INSURED_SIGNATURE' is clicked on

2018-01-24 17:40:23 - [TEST_STEP][PASSED] - delay: Delayed 5 second(s)

2018-01-24 17:40:28 - [MESSAGE][PASSED] - Delayed 5 second(s)

2018-01-24 17:40:28 - [TEST_STEP][PASSED] - click: Object: 'Object Repository/Application_OR/txtbx_INSURED_SIGNATURE' is clicked on

2018-01-24 17:40:28 - [MESSAGE][PASSED] - Object: 'Object Repository/Application_OR/txtbx_INSURED_SIGNATURE' is clicked on

2018-01-24 17:40:28 - [TEST_STEP][PASSED] - delay: Delayed 5 second(s)

2018-01-24 17:40:33 - [MESSAGE][PASSED] - Delayed 5 second(s)

2018-01-24 17:40:33 - [TEST_STEP][PASSED] - setText: Text 'Ross Marshal Guptil' is set on object 'Object Repository/Application_OR/txtbx_INSURED_SIGNATURE'

2018-01-24 17:40:33 - [MESSAGE][PASSED] - Text 'Ross Marshal Guptil' is set on object 'Object Repository/Application_OR/txtbx_INSURED_SIGNATURE'

2018-01-24 17:40:33 - [TEST_STEP][PASSED] - click: Object: 'Object Repository/Application_OR/btn_SUBMIT_INSURED_SIGNATURE' is clicked on

2018-01-24 17:40:33 - [MESSAGE][PASSED] - Object: 'Object Repository/Application_OR/btn_SUBMIT_INSURED_SIGNATURE' is clicked on

2018-01-24 17:40:33 - [TEST_STEP][PASSED] - Statement - otpQuery = "SELECT TOP 1 OtpGenerated FROM PPE_ApplicationForms_trn where PolicyInfoId = " + policyInfoId + " Order BY ModifiedDateTime DESC": null

2018-01-24 17:40:33 - [TEST_STEP][PASSED] - Statement - println("otpQuery" + " " + otpQuery): null

2018-01-24 17:40:33 - [TEST_STEP][PASSED] - com.PPE.Database_Connection.connectDB: com.PPE.Database_Connection.connectDB is PASSED

2018-01-24 17:40:35 - [MESSAGE][PASSED] - com.PPE.Database_Connection.connectDB is PASSED

2018-01-24 17:40:35 - [TEST_STEP][PASSED] - Statement - recordset = CustomKeywords.com.PPE.Database_Connection.executeQuery(otpQuery): com.PPE.Database_Connection.executeQuery is PASSED

2018-01-24 17:40:35 - [MESSAGE][PASSED] - com.PPE.Database_Connection.executeQuery is PASSED

2018-01-24 17:40:35 - [TEST_STEP][PASSED] - Statement - otp = 0: null

2018-01-24 17:40:35 - [TEST_STEP][PASSED] - Statement - While (recordset.next()): null

2018-01-24 17:40:35 - [TEST_STEP][PASSED] - Statement - otp = recordset.getObject("OtpGenerated"): null

2018-01-24 17:40:35 - [TEST_STEP][PASSED] - Statement - println("otp" + " " + otp): null

2018-01-24 17:40:35 - [TEST_STEP][PASSED] - delay: Delayed 10 second(s)

2018-01-24 17:40:45 - [MESSAGE][PASSED] - Delayed 10 second(s)

2018-01-24 17:40:45 - [TEST_STEP][PASSED] - Statement - txtOtp = com.kms.katalon.core.testobject.ObjectRepository.findTestObject(Application_OR/txtfield-OTP): Finding Test Object with id 'Object Repository/Application_OR/txtfield-OTP'

2018-01-24 17:40:45 - [TEST_STEP][PASSED] - setText: Text '8269' is set on object 'Object Repository/Application_OR/txtfield-OTP'

2018-01-24 17:40:46 - [MESSAGE][PASSED] - Text '8269' is set on object 'Object Repository/Application_OR/txtfield-OTP'

2018-01-24 17:40:46 - [TEST_STEP][PASSED] - delay: Delayed 1 second(s)

2018-01-24 17:40:47 - [MESSAGE][PASSED] - Delayed 1 second(s)

2018-01-24 17:40:47 - [TEST_STEP][PASSED] - click: Object: 'Object Repository/Application_OR/btn_OTP_VERIFY' is clicked on

2018-01-24 17:40:47 - [MESSAGE][PASSED] - Object: 'Object Repository/Application_OR/btn_OTP_VERIFY' is clicked on

2018-01-24 17:40:47 - [TEST_STEP][PASSED] - delay: Delayed 5 second(s)

2018-01-24 17:40:52 - [MESSAGE][PASSED] - Delayed 5 second(s)

2018-01-24 17:40:52 - [TEST_STEP][PASSED] - click: Object: 'Object Repository/Application_OR/btn_AGENT_SIGNATURE' is clicked on

2018-01-24 17:40:52 - [MESSAGE][PASSED] - Object: 'Object Repository/Application_OR/btn_AGENT_SIGNATURE' is clicked on

2018-01-24 17:40:52 - [TEST_STEP][PASSED] - delay: Delayed 2 second(s)

2018-01-24 17:40:54 - [MESSAGE][PASSED] - Delayed 2 second(s)

2018-01-24 17:40:54 - [TEST_STEP][PASSED] - click: Object: 'Object Repository/Application_OR/txtbx_AGENT_SIGNATURE' is clicked on

2018-01-24 17:40:54 - [MESSAGE][PASSED] - Object: 'Object Repository/Application_OR/txtbx_AGENT_SIGNATURE' is clicked on

2018-01-24 17:40:54 - [TEST_STEP][PASSED] - delay: Delayed 2 second(s)

2018-01-24 17:40:56 - [MESSAGE][PASSED] - Delayed 2 second(s)

2018-01-24 17:40:56 - [TEST_STEP][PASSED] - setText: Text 'clement helms' is set on object 'Object Repository/Application_OR/txtbx_AGENT_SIGNATURE'

2018-01-24 17:40:56 - [MESSAGE][PASSED] - Text 'clement helms' is set on object 'Object Repository/Application_OR/txtbx_AGENT_SIGNATURE'

2018-01-24 17:40:56 - [TEST_STEP][PASSED] - delay: Delayed 2 second(s)

2018-01-24 17:40:58 - [MESSAGE][PASSED] - Delayed 2 second(s)

2018-01-24 17:40:58 - [TEST_STEP][PASSED] - click: Object: 'Object Repository/Application_OR/btn_SUBMIT_AGENT_SIGNATURE' is clicked on

2018-01-24 17:40:58 - [MESSAGE][PASSED] - Object: 'Object Repository/Application_OR/btn_SUBMIT_AGENT_SIGNATURE' is clicked on

2018-01-24 17:40:58 - [TEST_STEP][PASSED] - delay: Delayed 5 second(s)

2018-01-24 17:41:03 - [MESSAGE][PASSED] - Delayed 5 second(s)

2018-01-24 17:41:03 - [TEST_STEP][PASSED] - click: Object: 'Object Repository/Application_OR/btn_SURPLUSLINE_ACK' is clicked on

2018-01-24 17:41:09 - [MESSAGE][PASSED] - Object: 'Object Repository/Application_OR/btn_SURPLUSLINE_ACK' is clicked on

2018-01-24 17:41:09 - [TEST_STEP][PASSED] - delay: Delayed 5 second(s)

2018-01-24 17:41:14 - [MESSAGE][PASSED] - Delayed 5 second(s)

2018-01-24 17:41:14 - [TEST_STEP][PASSED] - click: Object: 'Object Repository/Application_OR/txtfield_SURPLUSLINE_FORM_TEXT' is clicked on

2018-01-24 17:41:14 - [MESSAGE][PASSED] - Object: 'Object Repository/Application_OR/txtfield_SURPLUSLINE_FORM_TEXT' is clicked on

2018-01-24 17:41:14 - [TEST_STEP][PASSED] - setText: Text 'Testing' is set on object 'Object Repository/Application_OR/txtfield_SURPLUSLINE_FORM_TEXT'

2018-01-24 17:41:14 - [MESSAGE][PASSED] - Text 'Testing' is set on object 'Object Repository/Application_OR/txtfield_SURPLUSLINE_FORM_TEXT'

2018-01-24 17:41:14 - [TEST_STEP][PASSED] - delay: Delayed 5 second(s)

2018-01-24 17:41:19 - [MESSAGE][PASSED] - Delayed 5 second(s)

2018-01-24 17:41:19 - [TEST_STEP][PASSED] - click: Object: 'Object Repository/Application_OR/btn_SUBMIT_SURPLUSLINE' is clicked on

2018-01-24 17:41:19 - [MESSAGE][PASSED] - Object: 'Object Repository/Application_OR/btn_SUBMIT_SURPLUSLINE' is clicked on

2018-01-24 17:41:19 - [TEST_STEP][PASSED] - delay: Delayed 5 second(s)

2018-01-24 17:41:24 - [MESSAGE][PASSED] - Delayed 5 second(s)

2018-01-24 17:41:24 - [TEST_STEP][PASSED] - click: Object: 'Object Repository/Application_OR/btn_SUBMIT_FOR_UW_APPROVAL' is clicked on

2018-01-24 17:41:29 - [MESSAGE][PASSED] - Object: 'Object Repository/Application_OR/btn_SUBMIT_FOR_UW_APPROVAL' is clicked on

2018-01-24 17:41:29 - [TEST_STEP][PASSED] - delay: Delayed 8 second(s)

2018-01-24 17:41:37 - [MESSAGE][PASSED] - Delayed 8 second(s)

2018-01-24 17:41:37 - [TEST_STEP][PASSED] - click: Object: 'Object Repository/Application_OR/btn_LOGOUT' is clicked on

2018-01-24 17:41:43 - [MESSAGE][PASSED] - Object: 'Object Repository/Application_OR/btn_LOGOUT' is clicked on

2018-01-24 17:41:43 - [TEST_STEP][PASSED] - delay: Delayed 5 second(s)

2018-01-24 17:41:48 - [MESSAGE][PASSED] - Delayed 5 second(s)

2018-01-24 17:41:48 - [TEST_STEP][PASSED] - setText: Text 'ih.william' is set on object 'Object Repository/Quote_OR/txtfield_USERNAME'

2018-01-24 17:41:48 - [MESSAGE][PASSED] - Text 'ih.william' is set on object 'Object Repository/Quote_OR/txtfield_USERNAME'

2018-01-24 17:41:48 - [TEST_STEP][PASSED] - setText: Text '10#Hammer' is set on object 'Object Repository/Quote_OR/txtfield_PASSWORD'

2018-01-24 17:41:48 - [MESSAGE][PASSED] - Text '10#Hammer' is set on object 'Object Repository/Quote_OR/txtfield_PASSWORD'

2018-01-24 17:41:48 - [TEST_STEP][PASSED] - click: Object: 'Object Repository/Quote_OR/btn-LOGIN' is clicked on

2018-01-24 17:42:08 - [MESSAGE][PASSED] - Object: 'Object Repository/Quote_OR/btn-LOGIN' is clicked on

2018-01-24 17:42:08 - [TEST_STEP][PASSED] - delay: Delayed 5 second(s)

2018-01-24 17:42:13 - [MESSAGE][PASSED] - Delayed 5 second(s)

2018-01-24 17:42:13 - [TEST_STEP][PASSED] - Statement - btnId = "//*[@id="btnLoadApplication_" + policyInfoId + ""]": null

2018-01-24 17:42:13 - [TEST_STEP][PASSED] - Statement - btnViewApplication = new com.kms.katalon.core.testobject.TestObject(btnViewApplication): null

2018-01-24 17:42:13 - [TEST_STEP][PASSED] - Statement - btnViewApplication.addProperty("xpath", EQUALS, btnId, true): null

2018-01-24 17:42:13 - [TEST_STEP][PASSED] - delay: Delayed 20 second(s)

2018-01-24 17:42:33 - [MESSAGE][PASSED] - Delayed 20 second(s)

2018-01-24 17:42:33 - [TEST_STEP][PASSED] - click: Object: 'btnViewApplication' is clicked on

2018-01-24 17:42:58 - [MESSAGE][PASSED] - Object: 'btnViewApplication' is clicked on

2018-01-24 17:42:58 - [TEST_STEP][PASSED] - delay: Delayed 8 second(s)

2018-01-24 17:43:06 - [MESSAGE][PASSED] - Delayed 8 second(s)

2018-01-24 17:43:06 - [TEST_STEP][PASSED] - click: Object: 'Object Repository/Application_OR/btn_DOWNLOAD_AFS_UW' is clicked on

2018-01-24 17:43:06 - [MESSAGE][PASSED] - Object: 'Object Repository/Application_OR/btn_DOWNLOAD_AFS_UW' is clicked on

2018-01-24 17:43:06 - [TEST_STEP][PASSED] - delay: Delayed 5 second(s)

2018-01-24 17:43:11 - [MESSAGE][PASSED] - Delayed 5 second(s)

2018-01-24 17:43:11 - [TEST_STEP][PASSED] - click: Object: 'Object Repository/Application_OR/btn_GENERATE_FORMS' is clicked on

2018-01-24 17:43:12 - [MESSAGE][PASSED] - Object: 'Object Repository/Application_OR/btn_GENERATE_FORMS' is clicked on

2018-01-24 17:43:12 - [TEST_STEP][PASSED] - delay: Delayed 5 second(s)

2018-01-24 17:43:17 - [MESSAGE][PASSED] - Delayed 5 second(s)

2018-01-24 17:43:17 - [TEST_STEP][PASSED] - click: Object: 'Object Repository/Application_OR/btn_REQUEST_FOR_BIND' is clicked on

2018-01-24 17:43:20 - [MESSAGE][PASSED] - Object: 'Object Repository/Application_OR/btn_REQUEST_FOR_BIND' is clicked on

2018-01-24 17:43:20 - [TEST_STEP][PASSED] - delay: Delayed 20 second(s)

2018-01-24 17:43:40 - [MESSAGE][PASSED] - Delayed 20 second(s)

2018-01-24 17:43:40 - [TEST_STEP][FAILED] - click: Unable to click on object 'Object Repository/Application_OR/btn_VIEW_POLICY_FORMS' (Root cause: org.openqa.selenium.WebDriverException: unknown error: Element <button type="button" id="btnSubmitForApproval" class="btn btn-primary" data-loading-text="<i class='fa fa-circle-o-notch fa-spin'></i> Please wait..." data-link="/Status" data-policysubmitedlink="/Policy" style="width: 195.375px;">...</button> is not clickable at point (1204, 553). Other element would receive the click: <div class="modal fade in" id="modalViewForms" tabindex="-1" role="dialog" aria-labelledby="myModalLabel" data-backdrop="static" aria-hidden="true" style="display: block;">...</div>
  (Session info: chrome=63.0.3239.132)
  (Driver info: chromedriver=2.33.506120 (e3e53437346286c0bc2d2dc9aa4915ba81d9023f),platform=Windows NT 6.1.7601 SP1 x86_64) (WARNING: The server did not provide any stacktrace information)
Command duration or timeout: 44 milliseconds
Build info: version: '2.53.0', revision: '35ae25b', time: '2016-03-15 17:00:58'
System info: host: 'CTS-QUA-4', ip: '192.168.0.4', os.name: 'Windows 7', os.arch: 'amd64', os.version: '6.1', java.version: '1.8.0_102'
Driver info: com.kms.katalon.selenium.driver.CChromeDriver
Capabilities [{applicationCacheEnabled=false, rotatable=false, mobileEmulationEnabled=false, networkConnectionEnabled=false, chrome={chromedriverVersion=2.33.506120 (e3e53437346286c0bc2d2dc9aa4915ba81d9023f), userDataDir=C:\Users\GSALUN~1\AppData\Local\Temp\scoped_dir12712_7510}, takesHeapSnapshot=true, pageLoadStrategy=normal, databaseEnabled=false, handlesAlerts=true, hasTouchScreen=false, version=63.0.3239.132, platform=XP, browserConnectionEnabled=false, nativeEvents=true, acceptSslCerts=true, locationContextEnabled=true, webStorageEnabled=true, browserName=chrome, takesScreenshot=true, javascriptEnabled=true, cssSelectorsEnabled=true, setWindowRect=true, unexpectedAlertBehaviour=}]
Session ID: c1c09e5451f0a69b7b2158d5ff2e28f1)

2018-01-24 17:43:41 - [MESSAGE][FAILED] - Unable to click on object 'Object Repository/Application_OR/btn_VIEW_POLICY_FORMS' (Root cause: org.openqa.selenium.WebDriverException: unknown error: Element <button type="button" id="btnSubmitForApproval" class="btn btn-primary" data-loading-text="<i class='fa fa-circle-o-notch fa-spin'></i> Please wait..." data-link="/Status" data-policysubmitedlink="/Policy" style="width: 195.375px;">...</button> is not clickable at point (1204, 553). Other element would receive the click: <div class="modal fade in" id="modalViewForms" tabindex="-1" role="dialog" aria-labelledby="myModalLabel" data-backdrop="static" aria-hidden="true" style="display: block;">...</div>
  (Session info: chrome=63.0.3239.132)
  (Driver info: chromedriver=2.33.506120 (e3e53437346286c0bc2d2dc9aa4915ba81d9023f),platform=Windows NT 6.1.7601 SP1 x86_64) (WARNING: The server did not provide any stacktrace information)
Command duration or timeout: 44 milliseconds
Build info: version: '2.53.0', revision: '35ae25b', time: '2016-03-15 17:00:58'
System info: host: 'CTS-QUA-4', ip: '192.168.0.4', os.name: 'Windows 7', os.arch: 'amd64', os.version: '6.1', java.version: '1.8.0_102'
Driver info: com.kms.katalon.selenium.driver.CChromeDriver
Capabilities [{applicationCacheEnabled=false, rotatable=false, mobileEmulationEnabled=false, networkConnectionEnabled=false, chrome={chromedriverVersion=2.33.506120 (e3e53437346286c0bc2d2dc9aa4915ba81d9023f), userDataDir=C:\Users\GSALUN~1\AppData\Local\Temp\scoped_dir12712_7510}, takesHeapSnapshot=true, pageLoadStrategy=normal, databaseEnabled=false, handlesAlerts=true, hasTouchScreen=false, version=63.0.3239.132, platform=XP, browserConnectionEnabled=false, nativeEvents=true, acceptSslCerts=true, locationContextEnabled=true, webStorageEnabled=true, browserName=chrome, takesScreenshot=true, javascriptEnabled=true, cssSelectorsEnabled=true, setWindowRect=true, unexpectedAlertBehaviour=}]
Session ID: c1c09e5451f0a69b7b2158d5ff2e28f1)
[[ATTACHMENT|D:\\Katalon_Practice_Workspace\\Katalon_Mitendra\\Reports\\PPE\\20180124_173605\\1516796020970.png]]]]></system-out>
         <system-err><![CDATA[2018-01-24 17:37:14 - [TEST_CASE][FAILED] - Test Cases/APPLICATION_CREATION: Test Cases/APPLICATION_CREATION FAILED because (of) Unable to click on object 'Object Repository/Application_OR/btn_VIEW_POLICY_FORMS' (Root cause: org.openqa.selenium.WebDriverException: unknown error: Element <button type="button" id="btnSubmitForApproval" class="btn btn-primary" data-loading-text="<i class='fa fa-circle-o-notch fa-spin'></i> Please wait..." data-link="/Status" data-policysubmitedlink="/Policy" style="width: 195.375px;">...</button> is not clickable at point (1204, 553). Other element would receive the click: <div class="modal fade in" id="modalViewForms" tabindex="-1" role="dialog" aria-labelledby="myModalLabel" data-backdrop="static" aria-hidden="true" style="display: block;">...</div>
  (Session info: chrome=63.0.3239.132)
  (Driver info: chromedriver=2.33.506120 (e3e53437346286c0bc2d2dc9aa4915ba81d9023f),platform=Windows NT 6.1.7601 SP1 x86_64) (WARNING: The server did not provide any stacktrace information)
Command duration or timeout: 44 milliseconds
Build info: version: '2.53.0', revision: '35ae25b', time: '2016-03-15 17:00:58'
System info: host: 'CTS-QUA-4', ip: '192.168.0.4', os.name: 'Windows 7', os.arch: 'amd64', os.version: '6.1', java.version: '1.8.0_102'
Driver info: com.kms.katalon.selenium.driver.CChromeDriver
Capabilities [{applicationCacheEnabled=false, rotatable=false, mobileEmulationEnabled=false, networkConnectionEnabled=false, chrome={chromedriverVersion=2.33.506120 (e3e53437346286c0bc2d2dc9aa4915ba81d9023f), userDataDir=C:\Users\GSALUN~1\AppData\Local\Temp\scoped_dir12712_7510}, takesHeapSnapshot=true, pageLoadStrategy=normal, databaseEnabled=false, handlesAlerts=true, hasTouchScreen=false, version=63.0.3239.132, platform=XP, browserConnectionEnabled=false, nativeEvents=true, acceptSslCerts=true, locationContextEnabled=true, webStorageEnabled=true, browserName=chrome, takesScreenshot=true, javascriptEnabled=true, cssSelectorsEnabled=true, setWindowRect=true, unexpectedAlertBehaviour=}]
Session ID: c1c09e5451f0a69b7b2158d5ff2e28f1)]]></system-err>
      </testcase>
      <testcase name="Test Cases/ENDORSEMENT_CREATION" classname="Test Cases/ENDORSEMENT_CREATION" status="FAILED">
         <failure type="FAILED" message="Unable to click on object 'Object Repository/Endorsement_OR/btn_ADVANCE_FILTER' (Root cause: com.kms.katalon.core.webui.exception.WebElementNotFoundException: Web element with id: 'Object Repository/Endorsement_OR/btn_ADVANCE_FILTER' located by 'By.xpath: //*[@id=&quot;btnAdvanceFilter&quot;]/label' not found)"/>
         <system-out><![CDATA[2018-01-24 17:43:41 - [TEST_CASE][FAILED] - Test Cases/ENDORSEMENT_CREATION: Test Cases/ENDORSEMENT_CREATION FAILED because (of) Unable to click on object 'Object Repository/Endorsement_OR/btn_ADVANCE_FILTER' (Root cause: com.kms.katalon.core.webui.exception.WebElementNotFoundException: Web element with id: 'Object Repository/Endorsement_OR/btn_ADVANCE_FILTER' located by 'By.xpath: //*[@id="btnAdvanceFilter"]/label' not found)

2018-01-24 17:43:41 - [TEST_STEP][FAILED] - click: Unable to click on object 'Object Repository/Endorsement_OR/btn_ADVANCE_FILTER' (Root cause: com.kms.katalon.core.webui.exception.WebElementNotFoundException: Web element with id: 'Object Repository/Endorsement_OR/btn_ADVANCE_FILTER' located by 'By.xpath: //*[@id="btnAdvanceFilter"]/label' not found)

2018-01-24 17:44:13 - [MESSAGE][FAILED] - Unable to click on object 'Object Repository/Endorsement_OR/btn_ADVANCE_FILTER' (Root cause: com.kms.katalon.core.webui.exception.WebElementNotFoundException: Web element with id: 'Object Repository/Endorsement_OR/btn_ADVANCE_FILTER' located by 'By.xpath: //*[@id="btnAdvanceFilter"]/label' not found)
[[ATTACHMENT|D:\\Katalon_Practice_Workspace\\Katalon_Mitendra\\Reports\\PPE\\20180124_173605\\1516796053268.png]]]]></system-out>
         <system-err><![CDATA[2018-01-24 17:43:41 - [TEST_CASE][FAILED] - Test Cases/ENDORSEMENT_CREATION: Test Cases/ENDORSEMENT_CREATION FAILED because (of) Unable to click on object 'Object Repository/Endorsement_OR/btn_ADVANCE_FILTER' (Root cause: com.kms.katalon.core.webui.exception.WebElementNotFoundException: Web element with id: 'Object Repository/Endorsement_OR/btn_ADVANCE_FILTER' located by 'By.xpath: //*[@id="btnAdvanceFilter"]/label' not found)]]></system-err>
      </testcase>
      <system-out><![CDATA[2018-01-24 17:36:07 - [TEST_SUITE][FAILED] - PPE: Test Cases/APPLICATION_CREATION FAILED because (of) Unable to click on object 'Object Repository/Application_OR/btn_VIEW_POLICY_FORMS' (Root cause: org.openqa.selenium.WebDriverException: unknown error: Element <button type="button" id="btnSubmitForApproval" class="btn btn-primary" data-loading-text="<i class='fa fa-circle-o-notch fa-spin'></i> Please wait..." data-link="/Status" data-policysubmitedlink="/Policy" style="width: 195.375px;">...</button> is not clickable at point (1204, 553). Other element would receive the click: <div class="modal fade in" id="modalViewForms" tabindex="-1" role="dialog" aria-labelledby="myModalLabel" data-backdrop="static" aria-hidden="true" style="display: block;">...</div>
  (Session info: chrome=63.0.3239.132)
  (Driver info: chromedriver=2.33.506120 (e3e53437346286c0bc2d2dc9aa4915ba81d9023f),platform=Windows NT 6.1.7601 SP1 x86_64) (WARNING: The server did not provide any stacktrace information)
Command duration or timeout: 44 milliseconds
Build info: version: '2.53.0', revision: '35ae25b', time: '2016-03-15 17:00:58'
System info: host: 'CTS-QUA-4', ip: '192.168.0.4', os.name: 'Windows 7', os.arch: 'amd64', os.version: '6.1', java.version: '1.8.0_102'
Driver info: com.kms.katalon.selenium.driver.CChromeDriver
Capabilities [{applicationCacheEnabled=false, rotatable=false, mobileEmulationEnabled=false, networkConnectionEnabled=false, chrome={chromedriverVersion=2.33.506120 (e3e53437346286c0bc2d2dc9aa4915ba81d9023f), userDataDir=C:\Users\GSALUN~1\AppData\Local\Temp\scoped_dir12712_7510}, takesHeapSnapshot=true, pageLoadStrategy=normal, databaseEnabled=false, handlesAlerts=true, hasTouchScreen=false, version=63.0.3239.132, platform=XP, browserConnectionEnabled=false, nativeEvents=true, acceptSslCerts=true, locationContextEnabled=true, webStorageEnabled=true, browserName=chrome, takesScreenshot=true, javascriptEnabled=true, cssSelectorsEnabled=true, setWindowRect=true, unexpectedAlertBehaviour=}]
Session ID: c1c09e5451f0a69b7b2158d5ff2e28f1)]]></system-out>
      <system-err><![CDATA[2018-01-24 17:36:07 - [TEST_SUITE][FAILED] - PPE: Test Cases/APPLICATION_CREATION FAILED because (of) Unable to click on object 'Object Repository/Application_OR/btn_VIEW_POLICY_FORMS' (Root cause: org.openqa.selenium.WebDriverException: unknown error: Element <button type="button" id="btnSubmitForApproval" class="btn btn-primary" data-loading-text="<i class='fa fa-circle-o-notch fa-spin'></i> Please wait..." data-link="/Status" data-policysubmitedlink="/Policy" style="width: 195.375px;">...</button> is not clickable at point (1204, 553). Other element would receive the click: <div class="modal fade in" id="modalViewForms" tabindex="-1" role="dialog" aria-labelledby="myModalLabel" data-backdrop="static" aria-hidden="true" style="display: block;">...</div>
  (Session info: chrome=63.0.3239.132)
  (Driver info: chromedriver=2.33.506120 (e3e53437346286c0bc2d2dc9aa4915ba81d9023f),platform=Windows NT 6.1.7601 SP1 x86_64) (WARNING: The server did not provide any stacktrace information)
Command duration or timeout: 44 milliseconds
Build info: version: '2.53.0', revision: '35ae25b', time: '2016-03-15 17:00:58'
System info: host: 'CTS-QUA-4', ip: '192.168.0.4', os.name: 'Windows 7', os.arch: 'amd64', os.version: '6.1', java.version: '1.8.0_102'
Driver info: com.kms.katalon.selenium.driver.CChromeDriver
Capabilities [{applicationCacheEnabled=false, rotatable=false, mobileEmulationEnabled=false, networkConnectionEnabled=false, chrome={chromedriverVersion=2.33.506120 (e3e53437346286c0bc2d2dc9aa4915ba81d9023f), userDataDir=C:\Users\GSALUN~1\AppData\Local\Temp\scoped_dir12712_7510}, takesHeapSnapshot=true, pageLoadStrategy=normal, databaseEnabled=false, handlesAlerts=true, hasTouchScreen=false, version=63.0.3239.132, platform=XP, browserConnectionEnabled=false, nativeEvents=true, acceptSslCerts=true, locationContextEnabled=true, webStorageEnabled=true, browserName=chrome, takesScreenshot=true, javascriptEnabled=true, cssSelectorsEnabled=true, setWindowRect=true, unexpectedAlertBehaviour=}]
Session ID: c1c09e5451f0a69b7b2158d5ff2e28f1)]]></system-err>
   </testsuite>
</testsuites>
