<?xml version="1.0" encoding="UTF-8"?>
<testsuites name="PPE" time="404" tests="1" failures="1" errors="0">
   <testsuite name="PPE" tests="1" failures="1" errors="0" time="404" timestamp="2018-01-23 12:27:15" hostname="gsalunkhe - CTS-QUA-4.cogitate.india" id="Test Suites/PPE">
      <properties>
         <property name="deviceName" value=""/>
         <property name="devicePlatform" value=""/>
         <property name="logFolder" value="D:\\Katalon_Practice_Workspace\\Katalon_Mitendra\\Reports\\PPE\\20180123_122714"/>
         <property name="logFiles" value="D:\\Katalon_Practice_Workspace\\Katalon_Mitendra\\Reports\\PPE\\20180123_122714\\execution0.log"/>
         <property name="attachments" value="D:\\Katalon_Practice_Workspace\\Katalon_Mitendra\\Reports\\PPE\\20180123_122714\\1516691038539.png"/>
         <property name="hostName" value="gsalunkhe - CTS-QUA-4.cogitate.india"/>
         <property name="os" value="Windows 7 64bit"/>
         <property name="katalonVersion" value="5.0.1.1"/>
         <property name="browser" value="Chrome 63.0.3239.132"/>
         <property name="hostAddress" value="192.168.0.4"/>
         <property name="sessionId" value="b1e63de369a3a099e0bad827ce21b77c"/>
         <property name="seleniumVersion" value="2.53.0"/>
         <property name="proxyInformation" value="ProxyInformation{proxyOption=NO_PROXY, proxyServerType=HTTP, password=, proxyServerAddress=, proxyServerPort=0}"/>
         <property name="platform" value="Windows 7"/>
      </properties>
      <testcase name="Test Cases/QUOTE_CREATION" classname="Test Cases/QUOTE_CREATION" status="PASSED">
         <system-out><![CDATA[2018-01-23 12:27:16 - [TEST_CASE][PASSED] - Test Cases/QUOTE_CREATION: Test Cases/QUOTE_CREATION

2018-01-23 12:27:16 - [TEST_STEP][PASSED] - openBrowser: Browser is opened with url: 'http://13.90.102.191:8066'

2018-01-23 12:27:24 - [MESSAGE][PASSED] - Browser is opened with url: 'http://13.90.102.191:8066'

2018-01-23 12:27:24 - [TEST_STEP][PASSED] - maximizeWindow: Current window maximized

2018-01-23 12:27:26 - [MESSAGE][PASSED] - Current window maximized

2018-01-23 12:27:26 - [TEST_STEP][PASSED] - setText: Text 'ih.chelms' is set on object 'Object Repository/Quote_OR/txtfield_USERNAME'

2018-01-23 12:27:26 - [MESSAGE][PASSED] - Text 'ih.chelms' is set on object 'Object Repository/Quote_OR/txtfield_USERNAME'

2018-01-23 12:27:26 - [TEST_STEP][PASSED] - setText: Text '10#Hammer' is set on object 'Object Repository/Quote_OR/txtfield_PASSWORD'

2018-01-23 12:27:26 - [MESSAGE][PASSED] - Text '10#Hammer' is set on object 'Object Repository/Quote_OR/txtfield_PASSWORD'

2018-01-23 12:27:26 - [TEST_STEP][PASSED] - click: Object: 'Object Repository/Quote_OR/btn-LOGIN' is clicked on

2018-01-23 12:27:32 - [MESSAGE][PASSED] - Object: 'Object Repository/Quote_OR/btn-LOGIN' is clicked on

2018-01-23 12:27:32 - [TEST_STEP][PASSED] - setText: Text '1445 Lakemist Ct Roswell, GA 30075 USA' is set on object 'Object Repository/Quote_OR/txtfield_ADDRESS_ON_LANDING_PAGE'

2018-01-23 12:27:32 - [MESSAGE][PASSED] - Text '1445 Lakemist Ct Roswell, GA 30075 USA' is set on object 'Object Repository/Quote_OR/txtfield_ADDRESS_ON_LANDING_PAGE'

2018-01-23 12:27:32 - [TEST_STEP][PASSED] - click: Object: 'Object Repository/Quote_OR/btn_SEARCH_ADDRESS' is clicked on

2018-01-23 12:27:47 - [MESSAGE][PASSED] - Object: 'Object Repository/Quote_OR/btn_SEARCH_ADDRESS' is clicked on

2018-01-23 12:27:47 - [TEST_STEP][PASSED] - waitForPageLoad: Wait for page load successfully

2018-01-23 12:27:47 - [MESSAGE][PASSED] - Wait for page load successfully

2018-01-23 12:27:47 - [TEST_STEP][PASSED] - selectOptionByIndex: All options with index in [1] are selected on object 'Object Repository/Quote_OR/drp_PROPERTY_TYPE'

2018-01-23 12:27:48 - [MESSAGE][PASSED] - All options with index in [1] are selected on object 'Object Repository/Quote_OR/drp_PROPERTY_TYPE'

2018-01-23 12:27:48 - [TEST_STEP][PASSED] - setText: Text '' is set on object 'Object Repository/Quote_OR/txtfield_HOME_VALUATION'

2018-01-23 12:27:48 - [MESSAGE][PASSED] - Text '' is set on object 'Object Repository/Quote_OR/txtfield_HOME_VALUATION'

2018-01-23 12:27:48 - [TEST_STEP][PASSED] - selectOptionByIndex: All options with index in [2] are selected on object 'Object Repository/Quote_OR/drp_CONSTRUCTION_TYPE'

2018-01-23 12:27:48 - [MESSAGE][PASSED] - All options with index in [2] are selected on object 'Object Repository/Quote_OR/drp_CONSTRUCTION_TYPE'

2018-01-23 12:27:48 - [TEST_STEP][PASSED] - setText: Text '100000' is set on object 'Object Repository/Quote_OR/txtfield_HOME_VALUATION'

2018-01-23 12:27:48 - [MESSAGE][PASSED] - Text '100000' is set on object 'Object Repository/Quote_OR/txtfield_HOME_VALUATION'

2018-01-23 12:27:48 - [TEST_STEP][PASSED] - delay: Delayed 2 second(s)

2018-01-23 12:27:50 - [MESSAGE][PASSED] - Delayed 2 second(s)

2018-01-23 12:27:50 - [TEST_STEP][PASSED] - setText: Text '' is set on object 'Object Repository/Quote_OR/txtbx_YEARHOMEBUILD'

2018-01-23 12:27:51 - [MESSAGE][PASSED] - Text '' is set on object 'Object Repository/Quote_OR/txtbx_YEARHOMEBUILD'

2018-01-23 12:27:51 - [TEST_STEP][PASSED] - setText: Text '1968' is set on object 'Object Repository/Quote_OR/txtbx_YEARHOMEBUILD'

2018-01-23 12:27:51 - [MESSAGE][PASSED] - Text '1968' is set on object 'Object Repository/Quote_OR/txtbx_YEARHOMEBUILD'

2018-01-23 12:27:51 - [TEST_STEP][PASSED] - click: Object: 'Object Repository/Quote_OR/btn_GETQUOTE' is clicked on

2018-01-23 12:27:51 - [MESSAGE][PASSED] - Object: 'Object Repository/Quote_OR/btn_GETQUOTE' is clicked on

2018-01-23 12:27:51 - [TEST_STEP][PASSED] - delay: Delayed 1 second(s)

2018-01-23 12:27:52 - [MESSAGE][PASSED] - Delayed 1 second(s)

2018-01-23 12:27:52 - [TEST_STEP][PASSED] - click: Object: 'Object Repository/Quote_OR/btn_SENDQUOTE' is clicked on

2018-01-23 12:27:59 - [MESSAGE][PASSED] - Object: 'Object Repository/Quote_OR/btn_SENDQUOTE' is clicked on

2018-01-23 12:27:59 - [TEST_STEP][PASSED] - delay: Delayed 1 second(s)

2018-01-23 12:28:00 - [MESSAGE][PASSED] - Delayed 1 second(s)

2018-01-23 12:28:00 - [TEST_STEP][PASSED] - setText: Text 'Ganesh' is set on object 'Object Repository/Quote_OR/txtfield_SENDQUOTE_FIRSTNAME'

2018-01-23 12:28:01 - [MESSAGE][PASSED] - Text 'Ganesh' is set on object 'Object Repository/Quote_OR/txtfield_SENDQUOTE_FIRSTNAME'

2018-01-23 12:28:01 - [TEST_STEP][PASSED] - setText: Text 'Salunkhe' is set on object 'Object Repository/Quote_OR/txtfield_SENDQUOTE_LASTNAME'

2018-01-23 12:28:01 - [MESSAGE][PASSED] - Text 'Salunkhe' is set on object 'Object Repository/Quote_OR/txtfield_SENDQUOTE_LASTNAME'

2018-01-23 12:28:01 - [TEST_STEP][PASSED] - delay: Delayed 10 second(s)

2018-01-23 12:28:11 - [MESSAGE][PASSED] - Delayed 10 second(s)

2018-01-23 12:28:11 - [TEST_STEP][PASSED] - setText: Text '9768180080' is set on object 'Object Repository/Quote_OR/txtfield_SENDQUOTE_CONTACTNUMBER'

2018-01-23 12:28:12 - [MESSAGE][PASSED] - Text '9768180080' is set on object 'Object Repository/Quote_OR/txtfield_SENDQUOTE_CONTACTNUMBER'

2018-01-23 12:28:12 - [TEST_STEP][PASSED] - delay: Delayed 10 second(s)

2018-01-23 12:28:22 - [MESSAGE][PASSED] - Delayed 10 second(s)

2018-01-23 12:28:22 - [TEST_STEP][PASSED] - setText: Text 'gsalunkhe@cogitate.us' is set on object 'Object Repository/Quote_OR/txtfield_SENDQUOTE_EMAIL'

2018-01-23 12:28:22 - [MESSAGE][PASSED] - Text 'gsalunkhe@cogitate.us' is set on object 'Object Repository/Quote_OR/txtfield_SENDQUOTE_EMAIL'

2018-01-23 12:28:22 - [TEST_STEP][PASSED] - delay: Delayed 10 second(s)

2018-01-23 12:28:32 - [MESSAGE][PASSED] - Delayed 10 second(s)

2018-01-23 12:28:32 - [TEST_STEP][PASSED] - click: Object: 'Object Repository/Quote_OR/btn_SEND_QUOTE_DETAILS' is clicked on

2018-01-23 12:28:32 - [MESSAGE][PASSED] - Object: 'Object Repository/Quote_OR/btn_SEND_QUOTE_DETAILS' is clicked on

2018-01-23 12:28:32 - [TEST_STEP][PASSED] - selectOptionByIndex: All options with index in [1] are selected on object 'Object Repository/Quote_OR/drp_CONSTRUCTION_TYPE'

2018-01-23 12:28:32 - [MESSAGE][PASSED] - All options with index in [1] are selected on object 'Object Repository/Quote_OR/drp_CONSTRUCTION_TYPE'

2018-01-23 12:28:32 - [TEST_STEP][PASSED] - delay: Delayed 5 second(s)

2018-01-23 12:28:37 - [MESSAGE][PASSED] - Delayed 5 second(s)

2018-01-23 12:28:37 - [TEST_STEP][PASSED] - click: Object: 'Object Repository/Quote_OR/btn_RECALCULATE_PREMIUM' is clicked on

2018-01-23 12:28:38 - [MESSAGE][PASSED] - Object: 'Object Repository/Quote_OR/btn_RECALCULATE_PREMIUM' is clicked on]]></system-out>
         <system-err><![CDATA[]]></system-err>
      </testcase>
      <testcase name="Test Cases/APPLICATION_CREATION" classname="Test Cases/APPLICATION_CREATION" status="FAILED">
         <failure type="FAILED" message="Unable to click on object 'btnViewApplication' (Root cause: com.kms.katalon.core.webui.exception.WebElementNotFoundException: Web element with id: 'btnViewApplication' located by 'By.xpath: //*[@id=&quot;btnLoadApplication_3388&quot;]' not found)"/>
         <system-out><![CDATA[2018-01-23 12:28:38 - [TEST_CASE][FAILED] - Test Cases/APPLICATION_CREATION: Test Cases/APPLICATION_CREATION FAILED because (of) Unable to click on object 'btnViewApplication' (Root cause: com.kms.katalon.core.webui.exception.WebElementNotFoundException: Web element with id: 'btnViewApplication' located by 'By.xpath: //*[@id="btnLoadApplication_3388"]' not found)

2018-01-23 12:28:38 - [TEST_STEP][PASSED] - setText: Text '11880 Wildwood Springs Dr Roswell, GA 30075 USA' is set on object 'Object Repository/Application_OR/txtfield_ADDRESS_ON_QUOTE_PAGE'

2018-01-23 12:28:38 - [MESSAGE][PASSED] - Text '11880 Wildwood Springs Dr Roswell, GA 30075 USA' is set on object 'Object Repository/Application_OR/txtfield_ADDRESS_ON_QUOTE_PAGE'

2018-01-23 12:28:38 - [TEST_STEP][PASSED] - click: Object: 'Object Repository/Application_OR/btn_SEARCH_ADDRESS_QUOTE_PAGE' is clicked on

2018-01-23 12:28:52 - [MESSAGE][PASSED] - Object: 'Object Repository/Application_OR/btn_SEARCH_ADDRESS_QUOTE_PAGE' is clicked on

2018-01-23 12:28:52 - [TEST_STEP][PASSED] - Statement - Address = com.kms.katalon.core.testobject.ObjectRepository.findTestObject(Endorsement_OR/get_Address): Finding Test Object with id 'Object Repository/Endorsement_OR/get_Address'

2018-01-23 12:28:52 - [TEST_STEP][PASSED] - Statement - propertyaddress = com.kms.katalon.core.webui.keyword.WebUiBuiltInKeywords.getAttribute(Address, "value"): Attribute 'value' of object 'Object Repository/Endorsement_OR/get_Address' is: '11880 Wildwood Springs Dr, Roswell, GA 30075, USA'

2018-01-23 12:28:52 - [MESSAGE][PASSED] - Attribute 'value' of object 'Object Repository/Endorsement_OR/get_Address' is: '11880 Wildwood Springs Dr, Roswell, GA 30075, USA'

2018-01-23 12:28:52 - [TEST_STEP][PASSED] - Statement - println(propertyaddress): null

2018-01-23 12:28:52 - [TEST_STEP][PASSED] - Statement - propertyaddress = propertyaddress: null

2018-01-23 12:28:52 - [TEST_STEP][PASSED] - selectOptionByIndex: All options with index in [1] are selected on object 'Object Repository/Quote_OR/drp_PROPERTY_TYPE'

2018-01-23 12:28:52 - [MESSAGE][PASSED] - All options with index in [1] are selected on object 'Object Repository/Quote_OR/drp_PROPERTY_TYPE'

2018-01-23 12:28:52 - [TEST_STEP][PASSED] - setText: Text '' is set on object 'Object Repository/Quote_OR/txtbx_YEARHOMEBUILD'

2018-01-23 12:28:52 - [MESSAGE][PASSED] - Text '' is set on object 'Object Repository/Quote_OR/txtbx_YEARHOMEBUILD'

2018-01-23 12:28:52 - [TEST_STEP][PASSED] - setText: Text '2000' is set on object 'Object Repository/Quote_OR/txtbx_YEARHOMEBUILD'

2018-01-23 12:28:52 - [MESSAGE][PASSED] - Text '2000' is set on object 'Object Repository/Quote_OR/txtbx_YEARHOMEBUILD'

2018-01-23 12:28:52 - [TEST_STEP][PASSED] - selectOptionByIndex: All options with index in [2] are selected on object 'Object Repository/Quote_OR/drp_CONSTRUCTION_TYPE'

2018-01-23 12:28:53 - [MESSAGE][PASSED] - All options with index in [2] are selected on object 'Object Repository/Quote_OR/drp_CONSTRUCTION_TYPE'

2018-01-23 12:28:53 - [TEST_STEP][PASSED] - setText: Text '' is set on object 'Object Repository/Quote_OR/txtfield_HOME_VALUATION'

2018-01-23 12:28:53 - [MESSAGE][PASSED] - Text '' is set on object 'Object Repository/Quote_OR/txtfield_HOME_VALUATION'

2018-01-23 12:28:53 - [TEST_STEP][PASSED] - setText: Text '100000' is set on object 'Object Repository/Quote_OR/txtfield_HOME_VALUATION'

2018-01-23 12:28:53 - [MESSAGE][PASSED] - Text '100000' is set on object 'Object Repository/Quote_OR/txtfield_HOME_VALUATION'

2018-01-23 12:28:53 - [TEST_STEP][PASSED] - click: Object: 'Object Repository/Quote_OR/btn_GETQUOTE' is clicked on

2018-01-23 12:28:54 - [MESSAGE][PASSED] - Object: 'Object Repository/Quote_OR/btn_GETQUOTE' is clicked on

2018-01-23 12:28:54 - [TEST_STEP][PASSED] - delay: Delayed 1 second(s)

2018-01-23 12:28:55 - [MESSAGE][PASSED] - Delayed 1 second(s)

2018-01-23 12:28:55 - [TEST_STEP][PASSED] - click: Object: 'Object Repository/Application_OR/btn_TOAPPLICATION' is clicked on

2018-01-23 12:29:20 - [MESSAGE][PASSED] - Object: 'Object Repository/Application_OR/btn_TOAPPLICATION' is clicked on

2018-01-23 12:29:20 - [TEST_STEP][PASSED] - delay: Delayed 10 second(s)

2018-01-23 12:29:30 - [MESSAGE][PASSED] - Delayed 10 second(s)

2018-01-23 12:29:30 - [TEST_STEP][PASSED] - click: Object: 'Object Repository/Application_OR/btn_CONTINUE_UW_QUESTIONS' is clicked on

2018-01-23 12:29:31 - [MESSAGE][PASSED] - Object: 'Object Repository/Application_OR/btn_CONTINUE_UW_QUESTIONS' is clicked on

2018-01-23 12:29:31 - [TEST_STEP][PASSED] - delay: Delayed 10 second(s)

2018-01-23 12:29:41 - [MESSAGE][PASSED] - Delayed 10 second(s)

2018-01-23 12:29:41 - [TEST_STEP][PASSED] - delay: Delayed 3 second(s)

2018-01-23 12:29:44 - [MESSAGE][PASSED] - Delayed 3 second(s)

2018-01-23 12:29:44 - [TEST_STEP][PASSED] - click: Object: 'Object Repository/Application_OR/txtfield_INSURED_FIRSTNAME' is clicked on

2018-01-23 12:29:44 - [MESSAGE][PASSED] - Object: 'Object Repository/Application_OR/txtfield_INSURED_FIRSTNAME' is clicked on

2018-01-23 12:29:44 - [TEST_STEP][PASSED] - setText: Text 'Ross' is set on object 'Object Repository/Application_OR/txtfield_INSURED_FIRSTNAME'

2018-01-23 12:29:44 - [MESSAGE][PASSED] - Text 'Ross' is set on object 'Object Repository/Application_OR/txtfield_INSURED_FIRSTNAME'

2018-01-23 12:29:44 - [TEST_STEP][PASSED] - setText: Text 'Marshal' is set on object 'Object Repository/Application_OR/txtfield_INSURED_MIDDLENAME'

2018-01-23 12:29:44 - [MESSAGE][PASSED] - Text 'Marshal' is set on object 'Object Repository/Application_OR/txtfield_INSURED_MIDDLENAME'

2018-01-23 12:29:44 - [TEST_STEP][PASSED] - setText: Text 'Guptil' is set on object 'Object Repository/Application_OR/txtfield_INSURED_LASTNAME'

2018-01-23 12:29:44 - [MESSAGE][PASSED] - Text 'Guptil' is set on object 'Object Repository/Application_OR/txtfield_INSURED_LASTNAME'

2018-01-23 12:29:44 - [TEST_STEP][PASSED] - setText: Text '09/10/1999' is set on object 'Object Repository/Application_OR/txtfield_INSURED_DOB'

2018-01-23 12:29:45 - [MESSAGE][PASSED] - Text '09/10/1999' is set on object 'Object Repository/Application_OR/txtfield_INSURED_DOB'

2018-01-23 12:29:45 - [TEST_STEP][PASSED] - delay: Delayed 5 second(s)

2018-01-23 12:29:50 - [MESSAGE][PASSED] - Delayed 5 second(s)

2018-01-23 12:29:50 - [TEST_STEP][PASSED] - setText: Text 'gsalunkhe@cogitate.us' is set on object 'Object Repository/Application_OR/txtfield_INSURED_EMAIL'

2018-01-23 12:29:50 - [MESSAGE][PASSED] - Text 'gsalunkhe@cogitate.us' is set on object 'Object Repository/Application_OR/txtfield_INSURED_EMAIL'

2018-01-23 12:29:50 - [TEST_STEP][PASSED] - delay: Delayed 5 second(s)

2018-01-23 12:29:55 - [MESSAGE][PASSED] - Delayed 5 second(s)

2018-01-23 12:29:55 - [TEST_STEP][PASSED] - setText: Text '9768180080' is set on object 'Object Repository/Application_OR/txtfield_INSURED_CONTACTNUMBER'

2018-01-23 12:29:55 - [MESSAGE][PASSED] - Text '9768180080' is set on object 'Object Repository/Application_OR/txtfield_INSURED_CONTACTNUMBER'

2018-01-23 12:29:55 - [TEST_STEP][PASSED] - delay: Delayed 5 second(s)

2018-01-23 12:30:00 - [MESSAGE][PASSED] - Delayed 5 second(s)

2018-01-23 12:30:00 - [TEST_STEP][PASSED] - Statement - hdnPolicyInfoId = com.kms.katalon.core.testobject.ObjectRepository.findTestObject(Generic_OR/hdnPolicyInfoId): Finding Test Object with id 'Object Repository/Generic_OR/hdnPolicyInfoId'

2018-01-23 12:30:00 - [TEST_STEP][PASSED] - Statement - policyInfoid = com.kms.katalon.core.webui.keyword.WebUiBuiltInKeywords.getAttribute(hdnPolicyInfoId, "value"): Attribute 'value' of object 'Object Repository/Generic_OR/hdnPolicyInfoId' is: '3388'

2018-01-23 12:30:00 - [MESSAGE][PASSED] - Attribute 'value' of object 'Object Repository/Generic_OR/hdnPolicyInfoId' is: '3388'

2018-01-23 12:30:00 - [TEST_STEP][PASSED] - Statement - policyInfoId = policyInfoid: null

2018-01-23 12:30:00 - [TEST_STEP][PASSED] - click: Object: 'Object Repository/Application_OR/btn_POLICYHOLDER_SAVEANDCONTINUE' is clicked on

2018-01-23 12:30:00 - [MESSAGE][PASSED] - Object: 'Object Repository/Application_OR/btn_POLICYHOLDER_SAVEANDCONTINUE' is clicked on

2018-01-23 12:30:00 - [TEST_STEP][PASSED] - delay: Delayed 1 second(s)

2018-01-23 12:30:01 - [MESSAGE][PASSED] - Delayed 1 second(s)

2018-01-23 12:30:01 - [TEST_STEP][PASSED] - click: Object: 'Object Repository/Application_OR/drp_ROOFTYPE_PROPERTYPAGE' is clicked on

2018-01-23 12:30:03 - [MESSAGE][PASSED] - Object: 'Object Repository/Application_OR/drp_ROOFTYPE_PROPERTYPAGE' is clicked on

2018-01-23 12:30:03 - [TEST_STEP][PASSED] - delay: Delayed 3 second(s)

2018-01-23 12:30:06 - [MESSAGE][PASSED] - Delayed 3 second(s)

2018-01-23 12:30:06 - [TEST_STEP][PASSED] - selectOptionByIndex: All options with index in [1] are selected on object 'Object Repository/Application_OR/drp_ROOFTYPE_PROPERTYPAGE'

2018-01-23 12:30:06 - [MESSAGE][PASSED] - All options with index in [1] are selected on object 'Object Repository/Application_OR/drp_ROOFTYPE_PROPERTYPAGE'

2018-01-23 12:30:06 - [TEST_STEP][PASSED] - delay: Delayed 2 second(s)

2018-01-23 12:30:08 - [MESSAGE][PASSED] - Delayed 2 second(s)

2018-01-23 12:30:08 - [TEST_STEP][PASSED] - selectOptionByIndex: All options with index in [3] are selected on object 'Object Repository/Application_OR/drp_FOUNDATIONTYPE_PROPERTYPAGE'

2018-01-23 12:30:08 - [MESSAGE][PASSED] - All options with index in [3] are selected on object 'Object Repository/Application_OR/drp_FOUNDATIONTYPE_PROPERTYPAGE'

2018-01-23 12:30:08 - [TEST_STEP][PASSED] - delay: Delayed 2 second(s)

2018-01-23 12:30:10 - [MESSAGE][PASSED] - Delayed 2 second(s)

2018-01-23 12:30:10 - [TEST_STEP][PASSED] - selectOptionByIndex: All options with index in [7] are selected on object 'Object Repository/Application_OR/drp_HEATINGTYPE_PROPERTYPAGE'

2018-01-23 12:30:10 - [MESSAGE][PASSED] - All options with index in [7] are selected on object 'Object Repository/Application_OR/drp_HEATINGTYPE_PROPERTYPAGE'

2018-01-23 12:30:10 - [TEST_STEP][PASSED] - delay: Delayed 5 second(s)

2018-01-23 12:30:15 - [MESSAGE][PASSED] - Delayed 5 second(s)

2018-01-23 12:30:15 - [TEST_STEP][PASSED] - click: Object: 'Object Repository/Application_OR/btn_OCCUPANYPAGE_SAVEANDCONTINUE' is clicked on

2018-01-23 12:30:16 - [MESSAGE][PASSED] - Object: 'Object Repository/Application_OR/btn_OCCUPANYPAGE_SAVEANDCONTINUE' is clicked on

2018-01-23 12:30:16 - [TEST_STEP][PASSED] - delay: Delayed 1 second(s)

2018-01-23 12:30:17 - [MESSAGE][PASSED] - Delayed 1 second(s)

2018-01-23 12:30:17 - [TEST_STEP][PASSED] - click: Object: 'Object Repository/Application_OR/btn_YES_ROOFAGE_POPUP' is clicked on

2018-01-23 12:30:17 - [MESSAGE][PASSED] - Object: 'Object Repository/Application_OR/btn_YES_ROOFAGE_POPUP' is clicked on

2018-01-23 12:30:17 - [TEST_STEP][PASSED] - delay: Delayed 1 second(s)

2018-01-23 12:30:18 - [MESSAGE][PASSED] - Delayed 1 second(s)

2018-01-23 12:30:18 - [TEST_STEP][PASSED] - click: Object: 'Object Repository/Application_OR/btn_YES_ELECTRICALAGE_POPUP' is clicked on

2018-01-23 12:30:18 - [MESSAGE][PASSED] - Object: 'Object Repository/Application_OR/btn_YES_ELECTRICALAGE_POPUP' is clicked on

2018-01-23 12:30:18 - [TEST_STEP][PASSED] - delay: Delayed 1 second(s)

2018-01-23 12:30:19 - [MESSAGE][PASSED] - Delayed 1 second(s)

2018-01-23 12:30:19 - [TEST_STEP][PASSED] - click: Object: 'Object Repository/Application_OR/btn_YES_ELECTRICALAGE_POPUP' is clicked on

2018-01-23 12:30:19 - [MESSAGE][PASSED] - Object: 'Object Repository/Application_OR/btn_YES_ELECTRICALAGE_POPUP' is clicked on

2018-01-23 12:30:19 - [TEST_STEP][PASSED] - delay: Delayed 5 second(s)

2018-01-23 12:30:24 - [MESSAGE][PASSED] - Delayed 5 second(s)

2018-01-23 12:30:24 - [TEST_STEP][PASSED] - click: Object: 'Object Repository/Application_OR/btn_OCCUPANYPAGE_SAVEANDCONTINUE' is clicked on

2018-01-23 12:30:25 - [MESSAGE][PASSED] - Object: 'Object Repository/Application_OR/btn_OCCUPANYPAGE_SAVEANDCONTINUE' is clicked on

2018-01-23 12:30:25 - [TEST_STEP][PASSED] - delay: Delayed 5 second(s)

2018-01-23 12:30:30 - [MESSAGE][PASSED] - Delayed 5 second(s)

2018-01-23 12:30:30 - [TEST_STEP][PASSED] - check: Object 'Object Repository/Application_OR/chkbx_AGREEMENT' is checked

2018-01-23 12:30:31 - [MESSAGE][PASSED] - Object 'Object Repository/Application_OR/chkbx_AGREEMENT' is checked

2018-01-23 12:30:31 - [TEST_STEP][PASSED] - delay: Delayed 10 second(s)

2018-01-23 12:30:41 - [MESSAGE][PASSED] - Delayed 10 second(s)

2018-01-23 12:30:41 - [TEST_STEP][PASSED] - click: Object: 'Object Repository/Application_OR/btn_OCCUPANYPAGE_SAVEANDCONTINUE' is clicked on

2018-01-23 12:30:41 - [MESSAGE][PASSED] - Object: 'Object Repository/Application_OR/btn_OCCUPANYPAGE_SAVEANDCONTINUE' is clicked on

2018-01-23 12:30:41 - [TEST_STEP][PASSED] - delay: Delayed 5 second(s)

2018-01-23 12:30:46 - [MESSAGE][PASSED] - Delayed 5 second(s)

2018-01-23 12:30:46 - [TEST_STEP][PASSED] - click: Object: 'Object Repository/Application_OR/btn_SIGNAPPLICATION_AGENT' is clicked on

2018-01-23 12:31:01 - [MESSAGE][PASSED] - Object: 'Object Repository/Application_OR/btn_SIGNAPPLICATION_AGENT' is clicked on

2018-01-23 12:31:01 - [TEST_STEP][PASSED] - delay: Delayed 5 second(s)

2018-01-23 12:31:06 - [MESSAGE][PASSED] - Delayed 5 second(s)

2018-01-23 12:31:06 - [TEST_STEP][PASSED] - click: Object: 'Object Repository/Application_OR/btn_INSURED_SIGNATURE' is clicked on

2018-01-23 12:31:06 - [MESSAGE][PASSED] - Object: 'Object Repository/Application_OR/btn_INSURED_SIGNATURE' is clicked on

2018-01-23 12:31:06 - [TEST_STEP][PASSED] - delay: Delayed 5 second(s)

2018-01-23 12:31:11 - [MESSAGE][PASSED] - Delayed 5 second(s)

2018-01-23 12:31:11 - [TEST_STEP][PASSED] - click: Object: 'Object Repository/Application_OR/txtbx_INSURED_SIGNATURE' is clicked on

2018-01-23 12:31:11 - [MESSAGE][PASSED] - Object: 'Object Repository/Application_OR/txtbx_INSURED_SIGNATURE' is clicked on

2018-01-23 12:31:11 - [TEST_STEP][PASSED] - delay: Delayed 5 second(s)

2018-01-23 12:31:16 - [MESSAGE][PASSED] - Delayed 5 second(s)

2018-01-23 12:31:16 - [TEST_STEP][PASSED] - setText: Text 'Ross Marshal Guptil' is set on object 'Object Repository/Application_OR/txtbx_INSURED_SIGNATURE'

2018-01-23 12:31:17 - [MESSAGE][PASSED] - Text 'Ross Marshal Guptil' is set on object 'Object Repository/Application_OR/txtbx_INSURED_SIGNATURE'

2018-01-23 12:31:17 - [TEST_STEP][PASSED] - click: Object: 'Object Repository/Application_OR/btn_SUBMIT_INSURED_SIGNATURE' is clicked on

2018-01-23 12:31:22 - [MESSAGE][PASSED] - Object: 'Object Repository/Application_OR/btn_SUBMIT_INSURED_SIGNATURE' is clicked on

2018-01-23 12:31:22 - [TEST_STEP][PASSED] - Statement - otpQuery = "SELECT TOP 1 OtpGenerated FROM PPE_ApplicationForms_trn where PolicyInfoId = " + policyInfoId + " Order BY ModifiedDateTime DESC": null

2018-01-23 12:31:22 - [TEST_STEP][PASSED] - Statement - println("otpQuery" + " " + otpQuery): null

2018-01-23 12:31:22 - [TEST_STEP][PASSED] - com.PPE.Database_Connection.connectDB: com.PPE.Database_Connection.connectDB is PASSED

2018-01-23 12:31:23 - [MESSAGE][PASSED] - com.PPE.Database_Connection.connectDB is PASSED

2018-01-23 12:31:23 - [TEST_STEP][PASSED] - Statement - recordset = CustomKeywords.com.PPE.Database_Connection.executeQuery(otpQuery): com.PPE.Database_Connection.executeQuery is PASSED

2018-01-23 12:31:24 - [MESSAGE][PASSED] - com.PPE.Database_Connection.executeQuery is PASSED

2018-01-23 12:31:24 - [TEST_STEP][PASSED] - Statement - otp = 0: null

2018-01-23 12:31:24 - [TEST_STEP][PASSED] - Statement - While (recordset.next()): null

2018-01-23 12:31:24 - [TEST_STEP][PASSED] - Statement - otp = recordset.getObject("OtpGenerated"): null

2018-01-23 12:31:24 - [TEST_STEP][PASSED] - Statement - println("otp" + " " + otp): null

2018-01-23 12:31:24 - [TEST_STEP][PASSED] - delay: Delayed 10 second(s)

2018-01-23 12:31:34 - [MESSAGE][PASSED] - Delayed 10 second(s)

2018-01-23 12:31:34 - [TEST_STEP][PASSED] - Statement - txtOtp = com.kms.katalon.core.testobject.ObjectRepository.findTestObject(Application_OR/txtfield-OTP): Finding Test Object with id 'Object Repository/Application_OR/txtfield-OTP'

2018-01-23 12:31:34 - [TEST_STEP][PASSED] - setText: Text '3168' is set on object 'Object Repository/Application_OR/txtfield-OTP'

2018-01-23 12:31:34 - [MESSAGE][PASSED] - Text '3168' is set on object 'Object Repository/Application_OR/txtfield-OTP'

2018-01-23 12:31:34 - [TEST_STEP][PASSED] - delay: Delayed 1 second(s)

2018-01-23 12:31:35 - [MESSAGE][PASSED] - Delayed 1 second(s)

2018-01-23 12:31:35 - [TEST_STEP][PASSED] - click: Object: 'Object Repository/Application_OR/btn_OTP_VERIFY' is clicked on

2018-01-23 12:31:40 - [MESSAGE][PASSED] - Object: 'Object Repository/Application_OR/btn_OTP_VERIFY' is clicked on

2018-01-23 12:31:40 - [TEST_STEP][PASSED] - delay: Delayed 5 second(s)

2018-01-23 12:31:45 - [MESSAGE][PASSED] - Delayed 5 second(s)

2018-01-23 12:31:45 - [TEST_STEP][PASSED] - click: Object: 'Object Repository/Application_OR/btn_AGENT_SIGNATURE' is clicked on

2018-01-23 12:31:50 - [MESSAGE][PASSED] - Object: 'Object Repository/Application_OR/btn_AGENT_SIGNATURE' is clicked on

2018-01-23 12:31:50 - [TEST_STEP][PASSED] - delay: Delayed 2 second(s)

2018-01-23 12:31:52 - [MESSAGE][PASSED] - Delayed 2 second(s)

2018-01-23 12:31:52 - [TEST_STEP][PASSED] - click: Object: 'Object Repository/Application_OR/txtbx_AGENT_SIGNATURE' is clicked on

2018-01-23 12:31:57 - [MESSAGE][PASSED] - Object: 'Object Repository/Application_OR/txtbx_AGENT_SIGNATURE' is clicked on

2018-01-23 12:31:57 - [TEST_STEP][PASSED] - delay: Delayed 2 second(s)

2018-01-23 12:31:59 - [MESSAGE][PASSED] - Delayed 2 second(s)

2018-01-23 12:31:59 - [TEST_STEP][PASSED] - setText: Text 'clement helms' is set on object 'Object Repository/Application_OR/txtbx_AGENT_SIGNATURE'

2018-01-23 12:32:00 - [MESSAGE][PASSED] - Text 'clement helms' is set on object 'Object Repository/Application_OR/txtbx_AGENT_SIGNATURE'

2018-01-23 12:32:00 - [TEST_STEP][PASSED] - delay: Delayed 2 second(s)

2018-01-23 12:32:02 - [MESSAGE][PASSED] - Delayed 2 second(s)

2018-01-23 12:32:02 - [TEST_STEP][PASSED] - click: Object: 'Object Repository/Application_OR/btn_SUBMIT_AGENT_SIGNATURE' is clicked on

2018-01-23 12:32:07 - [MESSAGE][PASSED] - Object: 'Object Repository/Application_OR/btn_SUBMIT_AGENT_SIGNATURE' is clicked on

2018-01-23 12:32:07 - [TEST_STEP][PASSED] - delay: Delayed 5 second(s)

2018-01-23 12:32:12 - [MESSAGE][PASSED] - Delayed 5 second(s)

2018-01-23 12:32:12 - [TEST_STEP][PASSED] - click: Object: 'Object Repository/Application_OR/btn_SURPLUSLINE_ACK' is clicked on

2018-01-23 12:32:14 - [MESSAGE][PASSED] - Object: 'Object Repository/Application_OR/btn_SURPLUSLINE_ACK' is clicked on

2018-01-23 12:32:14 - [TEST_STEP][PASSED] - delay: Delayed 5 second(s)

2018-01-23 12:32:20 - [MESSAGE][PASSED] - Delayed 5 second(s)

2018-01-23 12:32:20 - [TEST_STEP][PASSED] - click: Object: 'Object Repository/Application_OR/txtfield_SURPLUSLINE_FORM_TEXT' is clicked on

2018-01-23 12:32:25 - [MESSAGE][PASSED] - Object: 'Object Repository/Application_OR/txtfield_SURPLUSLINE_FORM_TEXT' is clicked on

2018-01-23 12:32:25 - [TEST_STEP][PASSED] - setText: Text 'Testing' is set on object 'Object Repository/Application_OR/txtfield_SURPLUSLINE_FORM_TEXT'

2018-01-23 12:32:25 - [MESSAGE][PASSED] - Text 'Testing' is set on object 'Object Repository/Application_OR/txtfield_SURPLUSLINE_FORM_TEXT'

2018-01-23 12:32:25 - [TEST_STEP][PASSED] - delay: Delayed 5 second(s)

2018-01-23 12:32:30 - [MESSAGE][PASSED] - Delayed 5 second(s)

2018-01-23 12:32:30 - [TEST_STEP][PASSED] - click: Object: 'Object Repository/Application_OR/btn_SUBMIT_SURPLUSLINE' is clicked on

2018-01-23 12:32:36 - [MESSAGE][PASSED] - Object: 'Object Repository/Application_OR/btn_SUBMIT_SURPLUSLINE' is clicked on

2018-01-23 12:32:36 - [TEST_STEP][PASSED] - delay: Delayed 5 second(s)

2018-01-23 12:32:41 - [MESSAGE][PASSED] - Delayed 5 second(s)

2018-01-23 12:32:41 - [TEST_STEP][PASSED] - click: Object: 'Object Repository/Application_OR/btn_SUBMIT_FOR_UW_APPROVAL' is clicked on

2018-01-23 12:32:45 - [MESSAGE][PASSED] - Object: 'Object Repository/Application_OR/btn_SUBMIT_FOR_UW_APPROVAL' is clicked on

2018-01-23 12:32:45 - [TEST_STEP][PASSED] - delay: Delayed 8 second(s)

2018-01-23 12:32:53 - [MESSAGE][PASSED] - Delayed 8 second(s)

2018-01-23 12:32:53 - [TEST_STEP][PASSED] - click: Object: 'Object Repository/Application_OR/btn_LOGOUT' is clicked on

2018-01-23 12:32:54 - [MESSAGE][PASSED] - Object: 'Object Repository/Application_OR/btn_LOGOUT' is clicked on

2018-01-23 12:32:54 - [TEST_STEP][PASSED] - delay: Delayed 5 second(s)

2018-01-23 12:32:59 - [MESSAGE][PASSED] - Delayed 5 second(s)

2018-01-23 12:32:59 - [TEST_STEP][PASSED] - setText: Text 'ih.william' is set on object 'Object Repository/Quote_OR/txtfield_USERNAME'

2018-01-23 12:32:59 - [MESSAGE][PASSED] - Text 'ih.william' is set on object 'Object Repository/Quote_OR/txtfield_USERNAME'

2018-01-23 12:32:59 - [TEST_STEP][PASSED] - setText: Text '10#Hammer' is set on object 'Object Repository/Quote_OR/txtfield_PASSWORD'

2018-01-23 12:32:59 - [MESSAGE][PASSED] - Text '10#Hammer' is set on object 'Object Repository/Quote_OR/txtfield_PASSWORD'

2018-01-23 12:32:59 - [TEST_STEP][PASSED] - click: Object: 'Object Repository/Quote_OR/btn-LOGIN' is clicked on

2018-01-23 12:33:02 - [MESSAGE][PASSED] - Object: 'Object Repository/Quote_OR/btn-LOGIN' is clicked on

2018-01-23 12:33:02 - [TEST_STEP][PASSED] - delay: Delayed 5 second(s)

2018-01-23 12:33:07 - [MESSAGE][PASSED] - Delayed 5 second(s)

2018-01-23 12:33:07 - [TEST_STEP][PASSED] - Statement - btnId = "//*[@id="btnLoadApplication_" + policyInfoId + ""]": null

2018-01-23 12:33:07 - [TEST_STEP][PASSED] - Statement - btnViewApplication = new com.kms.katalon.core.testobject.TestObject(btnViewApplication): null

2018-01-23 12:33:07 - [TEST_STEP][PASSED] - Statement - btnViewApplication.addProperty("xpath", EQUALS, btnId, true): null

2018-01-23 12:33:07 - [TEST_STEP][PASSED] - delay: Delayed 20 second(s)

2018-01-23 12:33:27 - [MESSAGE][PASSED] - Delayed 20 second(s)

2018-01-23 12:33:27 - [TEST_STEP][FAILED] - click: Unable to click on object 'btnViewApplication' (Root cause: com.kms.katalon.core.webui.exception.WebElementNotFoundException: Web element with id: 'btnViewApplication' located by 'By.xpath: //*[@id="btnLoadApplication_3388"]' not found)

2018-01-23 12:33:59 - [MESSAGE][FAILED] - Unable to click on object 'btnViewApplication' (Root cause: com.kms.katalon.core.webui.exception.WebElementNotFoundException: Web element with id: 'btnViewApplication' located by 'By.xpath: //*[@id="btnLoadApplication_3388"]' not found)
[[ATTACHMENT|D:\\Katalon_Practice_Workspace\\Katalon_Mitendra\\Reports\\PPE\\20180123_122714\\1516691038539.png]]]]></system-out>
         <system-err><![CDATA[2018-01-23 12:28:38 - [TEST_CASE][FAILED] - Test Cases/APPLICATION_CREATION: Test Cases/APPLICATION_CREATION FAILED because (of) Unable to click on object 'btnViewApplication' (Root cause: com.kms.katalon.core.webui.exception.WebElementNotFoundException: Web element with id: 'btnViewApplication' located by 'By.xpath: //*[@id="btnLoadApplication_3388"]' not found)]]></system-err>
      </testcase>
      <system-out><![CDATA[2018-01-23 12:27:15 - [TEST_SUITE][FAILED] - PPE: Test Cases/APPLICATION_CREATION FAILED because (of) Unable to click on object 'btnViewApplication' (Root cause: com.kms.katalon.core.webui.exception.WebElementNotFoundException: Web element with id: 'btnViewApplication' located by 'By.xpath: //*[@id="btnLoadApplication_3388"]' not found)]]></system-out>
      <system-err><![CDATA[2018-01-23 12:27:15 - [TEST_SUITE][FAILED] - PPE: Test Cases/APPLICATION_CREATION FAILED because (of) Unable to click on object 'btnViewApplication' (Root cause: com.kms.katalon.core.webui.exception.WebElementNotFoundException: Web element with id: 'btnViewApplication' located by 'By.xpath: //*[@id="btnLoadApplication_3388"]' not found)]]></system-err>
   </testsuite>
</testsuites>
