<?xml version="1.0" encoding="UTF-8"?>
<testsuites name="PPE" time="346" tests="1" failures="4" errors="1">
   <testsuite name="PPE" tests="1" failures="4" errors="1" time="346" timestamp="2018-02-21 13:10:49" hostname="gsalunkhe - CTS-QUA-4.cogitate.india" id="Test Suites/PPE">
      <properties>
         <property name="deviceName" value=""/>
         <property name="devicePlatform" value=""/>
         <property name="logFolder" value="D:\\Katalon_Practice_Workspace\\Katalon_PPE_GANESH_OG\\Reports\\PPE\\20180221_131047"/>
         <property name="logFiles" value="D:\\Katalon_Practice_Workspace\\Katalon_PPE_GANESH_OG\\Reports\\PPE\\20180221_131047\\execution0.log"/>
         <property name="attachments" value="D:\\Katalon_Practice_Workspace\\Katalon_PPE_GANESH_OG\\Reports\\PPE\\20180221_131047\\1519199099581.png, D:\\Katalon_Practice_Workspace\\Katalon_PPE_GANESH_OG\\Reports\\PPE\\20180221_131047\\1519199131168.png, D:\\Katalon_Practice_Workspace\\Katalon_PPE_GANESH_OG\\Reports\\PPE\\20180221_131047\\1519199162671.png, D:\\Katalon_Practice_Workspace\\Katalon_PPE_GANESH_OG\\Reports\\PPE\\20180221_131047\\1519199194171.png"/>
         <property name="hostName" value="gsalunkhe - CTS-QUA-4.cogitate.india"/>
         <property name="os" value="Windows 7 64bit"/>
         <property name="katalonVersion" value="5.0.1.1"/>
         <property name="browser" value="Chrome 63.0.3239.132"/>
         <property name="hostAddress" value="192.168.0.4"/>
         <property name="sessionId" value="86ba83492d8fdedb4d8a347167d52eb9"/>
         <property name="seleniumVersion" value="2.53.0"/>
         <property name="proxyInformation" value="ProxyInformation{proxyOption=NO_PROXY, proxyServerType=, password=, proxyServerAddress=, proxyServerPort=0}"/>
         <property name="platform" value="Windows 7"/>
      </properties>
      <testcase name="Test Cases/Quote/Quote Creation" classname="Test Cases/Quote/Quote Creation" status="PASSED">
         <system-out><![CDATA[2018-02-21 13:10:49 - [TEST_CASE][PASSED] - Test Cases/Quote/Quote Creation: Test Cases/Quote/Quote Creation

2018-02-21 13:10:50 - [TEST_STEP][PASSED] - Statement - url = "http://test.cogitate.us/PPE.Test/": null

2018-02-21 13:10:50 - [TEST_STEP][PASSED] - openBrowser: Browser is opened with url: 'http://test.cogitate.us/PPE.Test/'

2018-02-21 13:10:56 - [MESSAGE][PASSED] - Browser is opened with url: 'http://test.cogitate.us/PPE.Test/'

2018-02-21 13:10:56 - [TEST_STEP][PASSED] - maximizeWindow: Current window maximized

2018-02-21 13:10:58 - [MESSAGE][PASSED] - Current window maximized

2018-02-21 13:10:58 - [TEST_STEP][PASSED] - setText: Text 'ih.chelms' is set on object 'Object Repository/Quote_OR/txtfield_USERNAME'

2018-02-21 13:10:58 - [MESSAGE][PASSED] - Text 'ih.chelms' is set on object 'Object Repository/Quote_OR/txtfield_USERNAME'

2018-02-21 13:10:58 - [TEST_STEP][PASSED] - setText: Text '10#Hammer' is set on object 'Object Repository/Quote_OR/txtfield_PASSWORD'

2018-02-21 13:10:58 - [MESSAGE][PASSED] - Text '10#Hammer' is set on object 'Object Repository/Quote_OR/txtfield_PASSWORD'

2018-02-21 13:10:58 - [TEST_STEP][PASSED] - click: Object: 'Object Repository/Quote_OR/btn-LOGIN' is clicked on

2018-02-21 13:11:03 - [MESSAGE][PASSED] - Object: 'Object Repository/Quote_OR/btn-LOGIN' is clicked on

2018-02-21 13:11:03 - [TEST_STEP][PASSED] - setText: Text '1248 Ross St Macon, GA 31201 USA' is set on object 'Object Repository/Quote_OR/txtfield_ADDRESS_ON_LANDING_PAGE'

2018-02-21 13:11:04 - [MESSAGE][PASSED] - Text '1248 Ross St Macon, GA 31201 USA' is set on object 'Object Repository/Quote_OR/txtfield_ADDRESS_ON_LANDING_PAGE'

2018-02-21 13:11:04 - [TEST_STEP][PASSED] - click: Object: 'Object Repository/Quote_OR/btn_SEARCH_ADDRESS' is clicked on

2018-02-21 13:11:19 - [MESSAGE][PASSED] - Object: 'Object Repository/Quote_OR/btn_SEARCH_ADDRESS' is clicked on

2018-02-21 13:11:19 - [TEST_STEP][PASSED] - waitForPageLoad: Wait for page load successfully

2018-02-21 13:11:19 - [MESSAGE][PASSED] - Wait for page load successfully

2018-02-21 13:11:19 - [TEST_STEP][PASSED] - selectOptionByIndex: All options with index in [1] are selected on object 'Object Repository/Quote_OR/drp_PROPERTY_TYPE'

2018-02-21 13:11:19 - [MESSAGE][PASSED] - All options with index in [1] are selected on object 'Object Repository/Quote_OR/drp_PROPERTY_TYPE'

2018-02-21 13:11:19 - [TEST_STEP][PASSED] - setText: Text '' is set on object 'Object Repository/Quote_OR/txtfield_HOME_VALUATION'

2018-02-21 13:11:20 - [MESSAGE][PASSED] - Text '' is set on object 'Object Repository/Quote_OR/txtfield_HOME_VALUATION'

2018-02-21 13:11:20 - [TEST_STEP][PASSED] - selectOptionByIndex: All options with index in [2] are selected on object 'Object Repository/Quote_OR/drp_CONSTRUCTION_TYPE'

2018-02-21 13:11:20 - [MESSAGE][PASSED] - All options with index in [2] are selected on object 'Object Repository/Quote_OR/drp_CONSTRUCTION_TYPE'

2018-02-21 13:11:20 - [TEST_STEP][PASSED] - setText: Text '100000' is set on object 'Object Repository/Quote_OR/txtfield_HOME_VALUATION'

2018-02-21 13:11:20 - [MESSAGE][PASSED] - Text '100000' is set on object 'Object Repository/Quote_OR/txtfield_HOME_VALUATION'

2018-02-21 13:11:20 - [TEST_STEP][PASSED] - delay: Delayed 2 second(s)

2018-02-21 13:11:22 - [MESSAGE][PASSED] - Delayed 2 second(s)

2018-02-21 13:11:22 - [TEST_STEP][PASSED] - setText: Text '' is set on object 'Object Repository/Quote_OR/txtbx_YEARHOMEBUILD'

2018-02-21 13:11:23 - [MESSAGE][PASSED] - Text '' is set on object 'Object Repository/Quote_OR/txtbx_YEARHOMEBUILD'

2018-02-21 13:11:23 - [TEST_STEP][PASSED] - setText: Text '1968' is set on object 'Object Repository/Quote_OR/txtbx_YEARHOMEBUILD'

2018-02-21 13:11:23 - [MESSAGE][PASSED] - Text '1968' is set on object 'Object Repository/Quote_OR/txtbx_YEARHOMEBUILD'

2018-02-21 13:11:23 - [TEST_STEP][PASSED] - click: Object: 'Object Repository/Quote_OR/btn_GETQUOTE' is clicked on

2018-02-21 13:11:23 - [MESSAGE][PASSED] - Object: 'Object Repository/Quote_OR/btn_GETQUOTE' is clicked on

2018-02-21 13:11:23 - [TEST_STEP][PASSED] - delay: Delayed 1 second(s)

2018-02-21 13:11:24 - [MESSAGE][PASSED] - Delayed 1 second(s)

2018-02-21 13:11:24 - [TEST_STEP][PASSED] - click: Object: 'Object Repository/Quote_OR/btn_SENDQUOTE' is clicked on

2018-02-21 13:11:28 - [MESSAGE][PASSED] - Object: 'Object Repository/Quote_OR/btn_SENDQUOTE' is clicked on

2018-02-21 13:11:28 - [TEST_STEP][PASSED] - delay: Delayed 1 second(s)

2018-02-21 13:11:29 - [MESSAGE][PASSED] - Delayed 1 second(s)

2018-02-21 13:11:29 - [TEST_STEP][PASSED] - setText: Text 'Ganesh' is set on object 'Object Repository/Quote_OR/txtfield_SENDQUOTE_FIRSTNAME'

2018-02-21 13:11:29 - [MESSAGE][PASSED] - Text 'Ganesh' is set on object 'Object Repository/Quote_OR/txtfield_SENDQUOTE_FIRSTNAME'

2018-02-21 13:11:29 - [TEST_STEP][PASSED] - setText: Text 'Salunkhe' is set on object 'Object Repository/Quote_OR/txtfield_SENDQUOTE_LASTNAME'

2018-02-21 13:11:29 - [MESSAGE][PASSED] - Text 'Salunkhe' is set on object 'Object Repository/Quote_OR/txtfield_SENDQUOTE_LASTNAME'

2018-02-21 13:11:29 - [TEST_STEP][PASSED] - delay: Delayed 5 second(s)

2018-02-21 13:11:34 - [MESSAGE][PASSED] - Delayed 5 second(s)

2018-02-21 13:11:34 - [TEST_STEP][PASSED] - setText: Text '9768180080' is set on object 'Object Repository/Quote_OR/txtfield_SENDQUOTE_CONTACTNUMBER'

2018-02-21 13:11:35 - [MESSAGE][PASSED] - Text '9768180080' is set on object 'Object Repository/Quote_OR/txtfield_SENDQUOTE_CONTACTNUMBER'

2018-02-21 13:11:35 - [TEST_STEP][PASSED] - delay: Delayed 5 second(s)

2018-02-21 13:11:40 - [MESSAGE][PASSED] - Delayed 5 second(s)

2018-02-21 13:11:40 - [TEST_STEP][PASSED] - setText: Text 'gsalunkhe@cogitate.us' is set on object 'Object Repository/Quote_OR/txtfield_SENDQUOTE_EMAIL'

2018-02-21 13:11:40 - [MESSAGE][PASSED] - Text 'gsalunkhe@cogitate.us' is set on object 'Object Repository/Quote_OR/txtfield_SENDQUOTE_EMAIL'

2018-02-21 13:11:40 - [TEST_STEP][PASSED] - delay: Delayed 10 second(s)

2018-02-21 13:11:50 - [MESSAGE][PASSED] - Delayed 10 second(s)

2018-02-21 13:11:50 - [TEST_STEP][PASSED] - click: Object: 'Object Repository/Quote_OR/btn_SEND_QUOTE_DETAILS' is clicked on

2018-02-21 13:11:50 - [MESSAGE][PASSED] - Object: 'Object Repository/Quote_OR/btn_SEND_QUOTE_DETAILS' is clicked on

2018-02-21 13:11:50 - [TEST_STEP][PASSED] - delay: Delayed 4 second(s)

2018-02-21 13:11:54 - [MESSAGE][PASSED] - Delayed 4 second(s)

2018-02-21 13:11:54 - [TEST_STEP][PASSED] - selectOptionByIndex: All options with index in [1] are selected on object 'Object Repository/Quote_OR/drp_CONSTRUCTION_TYPE'

2018-02-21 13:11:55 - [MESSAGE][PASSED] - All options with index in [1] are selected on object 'Object Repository/Quote_OR/drp_CONSTRUCTION_TYPE'

2018-02-21 13:11:55 - [TEST_STEP][PASSED] - delay: Delayed 8 second(s)

2018-02-21 13:12:03 - [MESSAGE][PASSED] - Delayed 8 second(s)

2018-02-21 13:12:03 - [TEST_STEP][PASSED] - click: Object: 'Object Repository/Quote_OR/btn_RECALCULATE_PREMIUM' is clicked on

2018-02-21 13:12:03 - [MESSAGE][PASSED] - Object: 'Object Repository/Quote_OR/btn_RECALCULATE_PREMIUM' is clicked on]]></system-out>
         <system-err><![CDATA[]]></system-err>
      </testcase>
      <testcase name="Test Cases/Application/Application Creation" classname="Test Cases/Application/Application Creation" status="ERROR">
         <error type="ERROR" message="Test Cases/Application/Application Creation FAILED because (of) org.codehaus.groovy.runtime.InvokerInvocationException: com.microsoft.sqlserver.jdbc.SQLServerException: Cannot open database &quot;TEST_DID&quot; requested by the login. The login failed. ClientConnectionId:37cd174d-42df-4f35-95c3-3ab74d71c8ea"/>
         <system-out><![CDATA[2018-02-21 13:12:03 - [TEST_CASE][ERROR] - Test Cases/Application/Application Creation: Test Cases/Application/Application Creation FAILED because (of) org.codehaus.groovy.runtime.InvokerInvocationException: com.microsoft.sqlserver.jdbc.SQLServerException: Cannot open database "TEST_DID" requested by the login. The login failed. ClientConnectionId:37cd174d-42df-4f35-95c3-3ab74d71c8ea

2018-02-21 13:12:03 - [TEST_STEP][PASSED] - setText: Text '864 Ash St Macon, GA 31201 USA' is set on object 'Object Repository/Application_OR/txtfield_ADDRESS_ON_QUOTE_PAGE'

2018-02-21 13:12:04 - [MESSAGE][PASSED] - Text '864 Ash St Macon, GA 31201 USA' is set on object 'Object Repository/Application_OR/txtfield_ADDRESS_ON_QUOTE_PAGE'

2018-02-21 13:12:04 - [TEST_STEP][PASSED] - delay: Delayed 4 second(s)

2018-02-21 13:12:08 - [MESSAGE][PASSED] - Delayed 4 second(s)

2018-02-21 13:12:08 - [TEST_STEP][PASSED] - click: Object: 'Object Repository/Application_OR/btn_SEARCH_ADDRESS_QUOTE_PAGE' is clicked on

2018-02-21 13:12:14 - [MESSAGE][PASSED] - Object: 'Object Repository/Application_OR/btn_SEARCH_ADDRESS_QUOTE_PAGE' is clicked on

2018-02-21 13:12:14 - [TEST_STEP][PASSED] - delay: Delayed 3 second(s)

2018-02-21 13:12:17 - [MESSAGE][PASSED] - Delayed 3 second(s)

2018-02-21 13:12:17 - [TEST_STEP][PASSED] - Statement - Address = com.kms.katalon.core.testobject.ObjectRepository.findTestObject(Endorsement_OR/get_Address): Finding Test Object with id 'Object Repository/Endorsement_OR/get_Address'

2018-02-21 13:12:17 - [TEST_STEP][PASSED] - Statement - propertyaddress = com.kms.katalon.core.webui.keyword.WebUiBuiltInKeywords.getAttribute(Address, "value"): Attribute 'value' of object 'Object Repository/Endorsement_OR/get_Address' is: '864 Ash St, Macon, GA 31201, USA'

2018-02-21 13:12:17 - [MESSAGE][PASSED] - Attribute 'value' of object 'Object Repository/Endorsement_OR/get_Address' is: '864 Ash St, Macon, GA 31201, USA'

2018-02-21 13:12:17 - [TEST_STEP][PASSED] - Statement - println(propertyaddress): null

2018-02-21 13:12:17 - [TEST_STEP][PASSED] - Statement - propertyaddress = propertyaddress: null

2018-02-21 13:12:17 - [TEST_STEP][PASSED] - selectOptionByIndex: All options with index in [1] are selected on object 'Object Repository/Quote_OR/drp_PROPERTY_TYPE'

2018-02-21 13:12:17 - [MESSAGE][PASSED] - All options with index in [1] are selected on object 'Object Repository/Quote_OR/drp_PROPERTY_TYPE'

2018-02-21 13:12:17 - [TEST_STEP][PASSED] - setText: Text '' is set on object 'Object Repository/Quote_OR/txtbx_YEARHOMEBUILD'

2018-02-21 13:12:17 - [MESSAGE][PASSED] - Text '' is set on object 'Object Repository/Quote_OR/txtbx_YEARHOMEBUILD'

2018-02-21 13:12:17 - [TEST_STEP][PASSED] - setText: Text '2000' is set on object 'Object Repository/Quote_OR/txtbx_YEARHOMEBUILD'

2018-02-21 13:12:17 - [MESSAGE][PASSED] - Text '2000' is set on object 'Object Repository/Quote_OR/txtbx_YEARHOMEBUILD'

2018-02-21 13:12:17 - [TEST_STEP][PASSED] - selectOptionByIndex: All options with index in [2] are selected on object 'Object Repository/Quote_OR/drp_CONSTRUCTION_TYPE'

2018-02-21 13:12:17 - [MESSAGE][PASSED] - All options with index in [2] are selected on object 'Object Repository/Quote_OR/drp_CONSTRUCTION_TYPE'

2018-02-21 13:12:17 - [TEST_STEP][PASSED] - setText: Text '' is set on object 'Object Repository/Quote_OR/txtfield_HOME_VALUATION'

2018-02-21 13:12:17 - [MESSAGE][PASSED] - Text '' is set on object 'Object Repository/Quote_OR/txtfield_HOME_VALUATION'

2018-02-21 13:12:17 - [TEST_STEP][PASSED] - setText: Text '100000' is set on object 'Object Repository/Quote_OR/txtfield_HOME_VALUATION'

2018-02-21 13:12:18 - [MESSAGE][PASSED] - Text '100000' is set on object 'Object Repository/Quote_OR/txtfield_HOME_VALUATION'

2018-02-21 13:12:18 - [TEST_STEP][PASSED] - click: Object: 'Object Repository/Quote_OR/btn_GETQUOTE' is clicked on

2018-02-21 13:12:18 - [MESSAGE][PASSED] - Object: 'Object Repository/Quote_OR/btn_GETQUOTE' is clicked on

2018-02-21 13:12:18 - [TEST_STEP][PASSED] - delay: Delayed 4 second(s)

2018-02-21 13:12:22 - [MESSAGE][PASSED] - Delayed 4 second(s)

2018-02-21 13:12:22 - [TEST_STEP][PASSED] - click: Object: 'Object Repository/Application_OR/btn_TOAPPLICATION' is clicked on

2018-02-21 13:12:23 - [MESSAGE][PASSED] - Object: 'Object Repository/Application_OR/btn_TOAPPLICATION' is clicked on

2018-02-21 13:12:23 - [TEST_STEP][PASSED] - delay: Delayed 10 second(s)

2018-02-21 13:12:33 - [MESSAGE][PASSED] - Delayed 10 second(s)

2018-02-21 13:12:33 - [TEST_STEP][PASSED] - click: Object: 'Object Repository/Application_OR/btn_CONTINUE_UW_QUESTIONS' is clicked on

2018-02-21 13:12:33 - [MESSAGE][PASSED] - Object: 'Object Repository/Application_OR/btn_CONTINUE_UW_QUESTIONS' is clicked on

2018-02-21 13:12:33 - [TEST_STEP][PASSED] - delay: Delayed 10 second(s)

2018-02-21 13:12:43 - [MESSAGE][PASSED] - Delayed 10 second(s)

2018-02-21 13:12:43 - [TEST_STEP][PASSED] - delay: Delayed 3 second(s)

2018-02-21 13:12:46 - [MESSAGE][PASSED] - Delayed 3 second(s)

2018-02-21 13:12:46 - [TEST_STEP][PASSED] - click: Object: 'Object Repository/Application_OR/txtfield_INSURED_FIRSTNAME' is clicked on

2018-02-21 13:12:46 - [MESSAGE][PASSED] - Object: 'Object Repository/Application_OR/txtfield_INSURED_FIRSTNAME' is clicked on

2018-02-21 13:12:46 - [TEST_STEP][PASSED] - setText: Text 'Smith' is set on object 'Object Repository/Application_OR/txtfield_INSURED_FIRSTNAME'

2018-02-21 13:12:46 - [MESSAGE][PASSED] - Text 'Smith' is set on object 'Object Repository/Application_OR/txtfield_INSURED_FIRSTNAME'

2018-02-21 13:12:46 - [TEST_STEP][PASSED] - setText: Text 'Racher' is set on object 'Object Repository/Application_OR/txtfield_INSURED_MIDDLENAME'

2018-02-21 13:12:47 - [MESSAGE][PASSED] - Text 'Racher' is set on object 'Object Repository/Application_OR/txtfield_INSURED_MIDDLENAME'

2018-02-21 13:12:47 - [TEST_STEP][PASSED] - setText: Text 'Lastin' is set on object 'Object Repository/Application_OR/txtfield_INSURED_LASTNAME'

2018-02-21 13:12:47 - [MESSAGE][PASSED] - Text 'Lastin' is set on object 'Object Repository/Application_OR/txtfield_INSURED_LASTNAME'

2018-02-21 13:12:47 - [TEST_STEP][PASSED] - setText: Text '09/10/1999' is set on object 'Object Repository/Application_OR/txtfield_INSURED_DOB'

2018-02-21 13:12:47 - [MESSAGE][PASSED] - Text '09/10/1999' is set on object 'Object Repository/Application_OR/txtfield_INSURED_DOB'

2018-02-21 13:12:47 - [TEST_STEP][PASSED] - delay: Delayed 5 second(s)

2018-02-21 13:12:52 - [MESSAGE][PASSED] - Delayed 5 second(s)

2018-02-21 13:12:52 - [TEST_STEP][PASSED] - setText: Text 'gsalunkhe@cogitate.us' is set on object 'Object Repository/Application_OR/txtfield_INSURED_EMAIL'

2018-02-21 13:12:52 - [MESSAGE][PASSED] - Text 'gsalunkhe@cogitate.us' is set on object 'Object Repository/Application_OR/txtfield_INSURED_EMAIL'

2018-02-21 13:12:52 - [TEST_STEP][PASSED] - delay: Delayed 5 second(s)

2018-02-21 13:12:57 - [MESSAGE][PASSED] - Delayed 5 second(s)

2018-02-21 13:12:57 - [TEST_STEP][PASSED] - setText: Text '9768180080' is set on object 'Object Repository/Application_OR/txtfield_INSURED_CONTACTNUMBER'

2018-02-21 13:12:58 - [MESSAGE][PASSED] - Text '9768180080' is set on object 'Object Repository/Application_OR/txtfield_INSURED_CONTACTNUMBER'

2018-02-21 13:12:58 - [TEST_STEP][PASSED] - delay: Delayed 5 second(s)

2018-02-21 13:13:03 - [MESSAGE][PASSED] - Delayed 5 second(s)

2018-02-21 13:13:03 - [TEST_STEP][PASSED] - Statement - hdnPolicyInfoId = com.kms.katalon.core.testobject.ObjectRepository.findTestObject(Generic_OR/hdnPolicyInfoId): Finding Test Object with id 'Object Repository/Generic_OR/hdnPolicyInfoId'

2018-02-21 13:13:03 - [TEST_STEP][PASSED] - Statement - policyInfoid = com.kms.katalon.core.webui.keyword.WebUiBuiltInKeywords.getAttribute(hdnPolicyInfoId, "value"): Attribute 'value' of object 'Object Repository/Generic_OR/hdnPolicyInfoId' is: '3206'

2018-02-21 13:13:03 - [MESSAGE][PASSED] - Attribute 'value' of object 'Object Repository/Generic_OR/hdnPolicyInfoId' is: '3206'

2018-02-21 13:13:03 - [TEST_STEP][PASSED] - Statement - policyInfoId = policyInfoid: null

2018-02-21 13:13:03 - [TEST_STEP][PASSED] - click: Object: 'Object Repository/Application_OR/btn_POLICYHOLDER_SAVEANDCONTINUE' is clicked on

2018-02-21 13:13:03 - [MESSAGE][PASSED] - Object: 'Object Repository/Application_OR/btn_POLICYHOLDER_SAVEANDCONTINUE' is clicked on

2018-02-21 13:13:03 - [TEST_STEP][PASSED] - delay: Delayed 1 second(s)

2018-02-21 13:13:04 - [MESSAGE][PASSED] - Delayed 1 second(s)

2018-02-21 13:13:04 - [TEST_STEP][PASSED] - click: Object: 'Object Repository/Application_OR/drp_ROOFTYPE_PROPERTYPAGE' is clicked on

2018-02-21 13:13:05 - [MESSAGE][PASSED] - Object: 'Object Repository/Application_OR/drp_ROOFTYPE_PROPERTYPAGE' is clicked on

2018-02-21 13:13:05 - [TEST_STEP][PASSED] - delay: Delayed 3 second(s)

2018-02-21 13:13:08 - [MESSAGE][PASSED] - Delayed 3 second(s)

2018-02-21 13:13:08 - [TEST_STEP][PASSED] - selectOptionByIndex: All options with index in [1] are selected on object 'Object Repository/Application_OR/drp_ROOFTYPE_PROPERTYPAGE'

2018-02-21 13:13:09 - [MESSAGE][PASSED] - All options with index in [1] are selected on object 'Object Repository/Application_OR/drp_ROOFTYPE_PROPERTYPAGE'

2018-02-21 13:13:09 - [TEST_STEP][PASSED] - delay: Delayed 2 second(s)

2018-02-21 13:13:11 - [MESSAGE][PASSED] - Delayed 2 second(s)

2018-02-21 13:13:11 - [TEST_STEP][PASSED] - selectOptionByIndex: All options with index in [3] are selected on object 'Object Repository/Application_OR/drp_FOUNDATIONTYPE_PROPERTYPAGE'

2018-02-21 13:13:11 - [MESSAGE][PASSED] - All options with index in [3] are selected on object 'Object Repository/Application_OR/drp_FOUNDATIONTYPE_PROPERTYPAGE'

2018-02-21 13:13:11 - [TEST_STEP][PASSED] - delay: Delayed 2 second(s)

2018-02-21 13:13:13 - [MESSAGE][PASSED] - Delayed 2 second(s)

2018-02-21 13:13:13 - [TEST_STEP][PASSED] - selectOptionByIndex: All options with index in [7] are selected on object 'Object Repository/Application_OR/drp_HEATINGTYPE_PROPERTYPAGE'

2018-02-21 13:13:13 - [MESSAGE][PASSED] - All options with index in [7] are selected on object 'Object Repository/Application_OR/drp_HEATINGTYPE_PROPERTYPAGE'

2018-02-21 13:13:13 - [TEST_STEP][PASSED] - delay: Delayed 5 second(s)

2018-02-21 13:13:18 - [MESSAGE][PASSED] - Delayed 5 second(s)

2018-02-21 13:13:18 - [TEST_STEP][PASSED] - click: Object: 'Object Repository/Application_OR/btn_OCCUPANYPAGE_SAVEANDCONTINUE' is clicked on

2018-02-21 13:13:18 - [MESSAGE][PASSED] - Object: 'Object Repository/Application_OR/btn_OCCUPANYPAGE_SAVEANDCONTINUE' is clicked on

2018-02-21 13:13:18 - [TEST_STEP][PASSED] - delay: Delayed 4 second(s)

2018-02-21 13:13:22 - [MESSAGE][PASSED] - Delayed 4 second(s)

2018-02-21 13:13:22 - [TEST_STEP][PASSED] - click: Object: 'Object Repository/Application_OR/btn_YES_ROOFAGE_POPUP' is clicked on

2018-02-21 13:13:22 - [MESSAGE][PASSED] - Object: 'Object Repository/Application_OR/btn_YES_ROOFAGE_POPUP' is clicked on

2018-02-21 13:13:22 - [TEST_STEP][PASSED] - delay: Delayed 4 second(s)

2018-02-21 13:13:26 - [MESSAGE][PASSED] - Delayed 4 second(s)

2018-02-21 13:13:26 - [TEST_STEP][PASSED] - click: Object: 'Object Repository/Application_OR/btn_YES_ELECTRICALAGE_POPUP' is clicked on

2018-02-21 13:13:26 - [MESSAGE][PASSED] - Object: 'Object Repository/Application_OR/btn_YES_ELECTRICALAGE_POPUP' is clicked on

2018-02-21 13:13:26 - [TEST_STEP][PASSED] - delay: Delayed 4 second(s)

2018-02-21 13:13:30 - [MESSAGE][PASSED] - Delayed 4 second(s)

2018-02-21 13:13:30 - [TEST_STEP][PASSED] - click: Object: 'Object Repository/Application_OR/btn_YES_ELECTRICALAGE_POPUP' is clicked on

2018-02-21 13:13:31 - [MESSAGE][PASSED] - Object: 'Object Repository/Application_OR/btn_YES_ELECTRICALAGE_POPUP' is clicked on

2018-02-21 13:13:31 - [TEST_STEP][PASSED] - delay: Delayed 5 second(s)

2018-02-21 13:13:36 - [MESSAGE][PASSED] - Delayed 5 second(s)

2018-02-21 13:13:36 - [TEST_STEP][PASSED] - click: Object: 'Object Repository/Application_OR/btn_OCCUPANYPAGE_SAVEANDCONTINUE' is clicked on

2018-02-21 13:13:38 - [MESSAGE][PASSED] - Object: 'Object Repository/Application_OR/btn_OCCUPANYPAGE_SAVEANDCONTINUE' is clicked on

2018-02-21 13:13:38 - [TEST_STEP][PASSED] - delay: Delayed 5 second(s)

2018-02-21 13:13:43 - [MESSAGE][PASSED] - Delayed 5 second(s)

2018-02-21 13:13:43 - [TEST_STEP][PASSED] - check: Object 'Object Repository/Application_OR/chkbx_AGREEMENT' is checked

2018-02-21 13:13:43 - [MESSAGE][PASSED] - Object 'Object Repository/Application_OR/chkbx_AGREEMENT' is checked

2018-02-21 13:13:43 - [TEST_STEP][PASSED] - delay: Delayed 10 second(s)

2018-02-21 13:13:53 - [MESSAGE][PASSED] - Delayed 10 second(s)

2018-02-21 13:13:53 - [TEST_STEP][PASSED] - click: Object: 'Object Repository/Application_OR/btn_OCCUPANYPAGE_SAVEANDCONTINUE' is clicked on

2018-02-21 13:13:53 - [MESSAGE][PASSED] - Object: 'Object Repository/Application_OR/btn_OCCUPANYPAGE_SAVEANDCONTINUE' is clicked on

2018-02-21 13:13:53 - [TEST_STEP][PASSED] - delay: Delayed 5 second(s)

2018-02-21 13:13:58 - [MESSAGE][PASSED] - Delayed 5 second(s)

2018-02-21 13:13:58 - [TEST_STEP][PASSED] - click: Object: 'Object Repository/Application_OR/btn_SIGNAPPLICATION_AGENT' is clicked on

2018-02-21 13:14:09 - [MESSAGE][PASSED] - Object: 'Object Repository/Application_OR/btn_SIGNAPPLICATION_AGENT' is clicked on

2018-02-21 13:14:09 - [TEST_STEP][PASSED] - delay: Delayed 5 second(s)

2018-02-21 13:14:14 - [MESSAGE][PASSED] - Delayed 5 second(s)

2018-02-21 13:14:14 - [TEST_STEP][PASSED] - Statement - getInsuredName = com.kms.katalon.core.webui.keyword.WebUiBuiltInKeywords.getText(com.kms.katalon.core.testobject.ObjectRepository.findTestObject(Application_OR/get_INSUREDNAME_APPLICATION FORMSUMMARY)): Text of object 'Object Repository/Application_OR/get_INSUREDNAME_APPLICATION FORMSUMMARY' is: 'Smith Racher Lastin'

2018-02-21 13:14:15 - [MESSAGE][PASSED] - Text of object 'Object Repository/Application_OR/get_INSUREDNAME_APPLICATION FORMSUMMARY' is: 'Smith Racher Lastin'

2018-02-21 13:14:15 - [TEST_STEP][PASSED] - Statement - println(getInsuredName): null

2018-02-21 13:14:15 - [TEST_STEP][PASSED] - click: Object: 'Object Repository/Application_OR/btn_INSURED_SIGNATURE' is clicked on

2018-02-21 13:14:15 - [MESSAGE][PASSED] - Object: 'Object Repository/Application_OR/btn_INSURED_SIGNATURE' is clicked on

2018-02-21 13:14:15 - [TEST_STEP][PASSED] - delay: Delayed 5 second(s)

2018-02-21 13:14:20 - [MESSAGE][PASSED] - Delayed 5 second(s)

2018-02-21 13:14:20 - [TEST_STEP][PASSED] - click: Object: 'Object Repository/Application_OR/txtbx_INSURED_SIGNATURE' is clicked on

2018-02-21 13:14:20 - [MESSAGE][PASSED] - Object: 'Object Repository/Application_OR/txtbx_INSURED_SIGNATURE' is clicked on

2018-02-21 13:14:20 - [TEST_STEP][PASSED] - delay: Delayed 5 second(s)

2018-02-21 13:14:25 - [MESSAGE][PASSED] - Delayed 5 second(s)

2018-02-21 13:14:25 - [TEST_STEP][PASSED] - setText: Text 'Smith Racher Lastin' is set on object 'Object Repository/Application_OR/txtbx_INSURED_SIGNATURE'

2018-02-21 13:14:25 - [MESSAGE][PASSED] - Text 'Smith Racher Lastin' is set on object 'Object Repository/Application_OR/txtbx_INSURED_SIGNATURE'

2018-02-21 13:14:25 - [TEST_STEP][PASSED] - click: Object: 'Object Repository/Application_OR/btn_SUBMIT_INSURED_SIGNATURE' is clicked on

2018-02-21 13:14:25 - [MESSAGE][PASSED] - Object: 'Object Repository/Application_OR/btn_SUBMIT_INSURED_SIGNATURE' is clicked on

2018-02-21 13:14:25 - [TEST_STEP][PASSED] - Statement - otpQuery = "SELECT TOP 1 OtpGenerated FROM PPE_ApplicationForms_trn where PolicyInfoId = " + policyInfoId + " Order BY ModifiedDateTime DESC": null

2018-02-21 13:14:25 - [TEST_STEP][PASSED] - Statement - println("otpQuery" + " " + otpQuery): null

2018-02-21 13:14:25 - [TEST_STEP][ERROR] - com.PPE.Database_Connection.connectDB: com.microsoft.sqlserver.jdbc.SQLServerException: Cannot open database "TEST_DID" requested by the login. The login failed. ClientConnectionId:37cd174d-42df-4f35-95c3-3ab74d71c8ea

2018-02-21 13:14:28 - [MESSAGE][ERROR] - com.microsoft.sqlserver.jdbc.SQLServerException: Cannot open database "TEST_DID" requested by the login. The login failed. ClientConnectionId:37cd174d-42df-4f35-95c3-3ab74d71c8ea]]></system-out>
         <system-err><![CDATA[2018-02-21 13:12:03 - [TEST_CASE][ERROR] - Test Cases/Application/Application Creation: Test Cases/Application/Application Creation FAILED because (of) org.codehaus.groovy.runtime.InvokerInvocationException: com.microsoft.sqlserver.jdbc.SQLServerException: Cannot open database "TEST_DID" requested by the login. The login failed. ClientConnectionId:37cd174d-42df-4f35-95c3-3ab74d71c8ea]]></system-err>
      </testcase>
      <testcase name="Test Cases/Endorsement By UW/UW Endorsement" classname="Test Cases/Endorsement By UW/UW Endorsement" status="FAILED">
         <failure type="FAILED" message="Unable to click on object 'Object Repository/Endorsement_OR/btn_ADVANCE_FILTER' (Root cause: com.kms.katalon.core.webui.exception.WebElementNotFoundException: Web element with id: 'Object Repository/Endorsement_OR/btn_ADVANCE_FILTER' located by 'By.xpath: //*[@id=&quot;btnAdvanceFilter&quot;]/label' not found)"/>
         <system-out><![CDATA[2018-02-21 13:14:28 - [TEST_CASE][FAILED] - Test Cases/Endorsement By UW/UW Endorsement: Test Cases/Endorsement By UW/UW Endorsement FAILED because (of) Unable to click on object 'Object Repository/Endorsement_OR/btn_ADVANCE_FILTER' (Root cause: com.kms.katalon.core.webui.exception.WebElementNotFoundException: Web element with id: 'Object Repository/Endorsement_OR/btn_ADVANCE_FILTER' located by 'By.xpath: //*[@id="btnAdvanceFilter"]/label' not found)

2018-02-21 13:14:28 - [TEST_STEP][FAILED] - click: Unable to click on object 'Object Repository/Endorsement_OR/btn_ADVANCE_FILTER' (Root cause: com.kms.katalon.core.webui.exception.WebElementNotFoundException: Web element with id: 'Object Repository/Endorsement_OR/btn_ADVANCE_FILTER' located by 'By.xpath: //*[@id="btnAdvanceFilter"]/label' not found)

2018-02-21 13:14:59 - [MESSAGE][FAILED] - Unable to click on object 'Object Repository/Endorsement_OR/btn_ADVANCE_FILTER' (Root cause: com.kms.katalon.core.webui.exception.WebElementNotFoundException: Web element with id: 'Object Repository/Endorsement_OR/btn_ADVANCE_FILTER' located by 'By.xpath: //*[@id="btnAdvanceFilter"]/label' not found)
[[ATTACHMENT|D:\\Katalon_Practice_Workspace\\Katalon_PPE_GANESH_OG\\Reports\\PPE\\20180221_131047\\1519199099581.png]]]]></system-out>
         <system-err><![CDATA[2018-02-21 13:14:28 - [TEST_CASE][FAILED] - Test Cases/Endorsement By UW/UW Endorsement: Test Cases/Endorsement By UW/UW Endorsement FAILED because (of) Unable to click on object 'Object Repository/Endorsement_OR/btn_ADVANCE_FILTER' (Root cause: com.kms.katalon.core.webui.exception.WebElementNotFoundException: Web element with id: 'Object Repository/Endorsement_OR/btn_ADVANCE_FILTER' located by 'By.xpath: //*[@id="btnAdvanceFilter"]/label' not found)]]></system-err>
      </testcase>
      <testcase name="Test Cases/Endorsement By Agent/Agent Endorsment" classname="Test Cases/Endorsement By Agent/Agent Endorsment" status="FAILED">
         <failure type="FAILED" message="Unable to set text 'ih.chelms' of object 'Object Repository/Quote_OR/txtfield_USERNAME' (Root cause: com.kms.katalon.core.webui.exception.WebElementNotFoundException: Web element with id: 'Object Repository/Quote_OR/txtfield_USERNAME' located by 'By.xpath: //*[@id=&quot;txtUserName&quot;]' not found)"/>
         <system-out><![CDATA[2018-02-21 13:14:59 - [TEST_CASE][FAILED] - Test Cases/Endorsement By Agent/Agent Endorsment: Test Cases/Endorsement By Agent/Agent Endorsment FAILED because (of) Unable to set text 'ih.chelms' of object 'Object Repository/Quote_OR/txtfield_USERNAME' (Root cause: com.kms.katalon.core.webui.exception.WebElementNotFoundException: Web element with id: 'Object Repository/Quote_OR/txtfield_USERNAME' located by 'By.xpath: //*[@id="txtUserName"]' not found)

2018-02-21 13:15:00 - [TEST_STEP][FAILED] - setText: Unable to set text 'ih.chelms' of object 'Object Repository/Quote_OR/txtfield_USERNAME' (Root cause: com.kms.katalon.core.webui.exception.WebElementNotFoundException: Web element with id: 'Object Repository/Quote_OR/txtfield_USERNAME' located by 'By.xpath: //*[@id="txtUserName"]' not found)

2018-02-21 13:15:31 - [MESSAGE][FAILED] - Unable to set text 'ih.chelms' of object 'Object Repository/Quote_OR/txtfield_USERNAME' (Root cause: com.kms.katalon.core.webui.exception.WebElementNotFoundException: Web element with id: 'Object Repository/Quote_OR/txtfield_USERNAME' located by 'By.xpath: //*[@id="txtUserName"]' not found)
[[ATTACHMENT|D:\\Katalon_Practice_Workspace\\Katalon_PPE_GANESH_OG\\Reports\\PPE\\20180221_131047\\1519199131168.png]]]]></system-out>
         <system-err><![CDATA[2018-02-21 13:14:59 - [TEST_CASE][FAILED] - Test Cases/Endorsement By Agent/Agent Endorsment: Test Cases/Endorsement By Agent/Agent Endorsment FAILED because (of) Unable to set text 'ih.chelms' of object 'Object Repository/Quote_OR/txtfield_USERNAME' (Root cause: com.kms.katalon.core.webui.exception.WebElementNotFoundException: Web element with id: 'Object Repository/Quote_OR/txtfield_USERNAME' located by 'By.xpath: //*[@id="txtUserName"]' not found)]]></system-err>
      </testcase>
      <testcase name="Test Cases/Endorsement Approval/Endorsment Approval Process" classname="Test Cases/Endorsement Approval/Endorsment Approval Process" status="FAILED">
         <failure type="FAILED" message="Unable to set text 'ih.william' of object 'Object Repository/Quote_OR/txtfield_USERNAME' (Root cause: com.kms.katalon.core.webui.exception.WebElementNotFoundException: Web element with id: 'Object Repository/Quote_OR/txtfield_USERNAME' located by 'By.xpath: //*[@id=&quot;txtUserName&quot;]' not found)"/>
         <system-out><![CDATA[2018-02-21 13:15:31 - [TEST_CASE][FAILED] - Test Cases/Endorsement Approval/Endorsment Approval Process: Test Cases/Endorsement Approval/Endorsment Approval Process FAILED because (of) Unable to set text 'ih.william' of object 'Object Repository/Quote_OR/txtfield_USERNAME' (Root cause: com.kms.katalon.core.webui.exception.WebElementNotFoundException: Web element with id: 'Object Repository/Quote_OR/txtfield_USERNAME' located by 'By.xpath: //*[@id="txtUserName"]' not found)

2018-02-21 13:15:31 - [TEST_STEP][FAILED] - setText: Unable to set text 'ih.william' of object 'Object Repository/Quote_OR/txtfield_USERNAME' (Root cause: com.kms.katalon.core.webui.exception.WebElementNotFoundException: Web element with id: 'Object Repository/Quote_OR/txtfield_USERNAME' located by 'By.xpath: //*[@id="txtUserName"]' not found)

2018-02-21 13:16:02 - [MESSAGE][FAILED] - Unable to set text 'ih.william' of object 'Object Repository/Quote_OR/txtfield_USERNAME' (Root cause: com.kms.katalon.core.webui.exception.WebElementNotFoundException: Web element with id: 'Object Repository/Quote_OR/txtfield_USERNAME' located by 'By.xpath: //*[@id="txtUserName"]' not found)
[[ATTACHMENT|D:\\Katalon_Practice_Workspace\\Katalon_PPE_GANESH_OG\\Reports\\PPE\\20180221_131047\\1519199162671.png]]]]></system-out>
         <system-err><![CDATA[2018-02-21 13:15:31 - [TEST_CASE][FAILED] - Test Cases/Endorsement Approval/Endorsment Approval Process: Test Cases/Endorsement Approval/Endorsment Approval Process FAILED because (of) Unable to set text 'ih.william' of object 'Object Repository/Quote_OR/txtfield_USERNAME' (Root cause: com.kms.katalon.core.webui.exception.WebElementNotFoundException: Web element with id: 'Object Repository/Quote_OR/txtfield_USERNAME' located by 'By.xpath: //*[@id="txtUserName"]' not found)]]></system-err>
      </testcase>
      <testcase name="Test Cases/Cancellation By UW/UW Cancellation" classname="Test Cases/Cancellation By UW/UW Cancellation" status="FAILED">
         <failure type="FAILED" message="Unable to get text of object 'Object Repository/Endorsement_OR/get_POLICYNUMBER' (Root cause: com.kms.katalon.core.webui.exception.WebElementNotFoundException: Web element with id: 'Object Repository/Endorsement_OR/get_POLICYNUMBER' located by 'By.xpath: //*[@id=&quot;divApplicationList&quot;]/tr/td[6]' not found)"/>
         <system-out><![CDATA[2018-02-21 13:16:03 - [TEST_CASE][FAILED] - Test Cases/Cancellation By UW/UW Cancellation: Test Cases/Cancellation By UW/UW Cancellation FAILED because (of) Unable to get text of object 'Object Repository/Endorsement_OR/get_POLICYNUMBER' (Root cause: com.kms.katalon.core.webui.exception.WebElementNotFoundException: Web element with id: 'Object Repository/Endorsement_OR/get_POLICYNUMBER' located by 'By.xpath: //*[@id="divApplicationList"]/tr/td[6]' not found)

2018-02-21 13:16:03 - [TEST_STEP][FAILED] - Statement - policynumber = com.kms.katalon.core.webui.keyword.WebUiBuiltInKeywords.getText(com.kms.katalon.core.testobject.ObjectRepository.findTestObject(Endorsement_OR/get_POLICYNUMBER)): Unable to get text of object 'Object Repository/Endorsement_OR/get_POLICYNUMBER' (Root cause: com.kms.katalon.core.webui.exception.WebElementNotFoundException: Web element with id: 'Object Repository/Endorsement_OR/get_POLICYNUMBER' located by 'By.xpath: //*[@id="divApplicationList"]/tr/td[6]' not found)

2018-02-21 13:16:34 - [MESSAGE][FAILED] - Unable to get text of object 'Object Repository/Endorsement_OR/get_POLICYNUMBER' (Root cause: com.kms.katalon.core.webui.exception.WebElementNotFoundException: Web element with id: 'Object Repository/Endorsement_OR/get_POLICYNUMBER' located by 'By.xpath: //*[@id="divApplicationList"]/tr/td[6]' not found)
[[ATTACHMENT|D:\\Katalon_Practice_Workspace\\Katalon_PPE_GANESH_OG\\Reports\\PPE\\20180221_131047\\1519199194171.png]]]]></system-out>
         <system-err><![CDATA[2018-02-21 13:16:03 - [TEST_CASE][FAILED] - Test Cases/Cancellation By UW/UW Cancellation: Test Cases/Cancellation By UW/UW Cancellation FAILED because (of) Unable to get text of object 'Object Repository/Endorsement_OR/get_POLICYNUMBER' (Root cause: com.kms.katalon.core.webui.exception.WebElementNotFoundException: Web element with id: 'Object Repository/Endorsement_OR/get_POLICYNUMBER' located by 'By.xpath: //*[@id="divApplicationList"]/tr/td[6]' not found)]]></system-err>
      </testcase>
      <system-out><![CDATA[2018-02-21 13:10:49 - [TEST_SUITE][ERROR] - PPE: Test Cases/Application/Application Creation FAILED because (of) org.codehaus.groovy.runtime.InvokerInvocationException: com.microsoft.sqlserver.jdbc.SQLServerException: Cannot open database "TEST_DID" requested by the login. The login failed. ClientConnectionId:37cd174d-42df-4f35-95c3-3ab74d71c8ea]]></system-out>
      <system-err><![CDATA[2018-02-21 13:10:49 - [TEST_SUITE][ERROR] - PPE: Test Cases/Application/Application Creation FAILED because (of) org.codehaus.groovy.runtime.InvokerInvocationException: com.microsoft.sqlserver.jdbc.SQLServerException: Cannot open database "TEST_DID" requested by the login. The login failed. ClientConnectionId:37cd174d-42df-4f35-95c3-3ab74d71c8ea]]></system-err>
   </testsuite>
</testsuites>
