<?xml version="1.0" encoding="UTF-8"?>
<testsuites name="PPE" time="445" tests="2" failures="1" errors="0">
   <testsuite name="PPE" tests="2" failures="1" errors="0" time="445" timestamp="2018-01-24 17:15:57" hostname="gsalunkhe - CTS-QUA-4.cogitate.india" id="Test Suites/PPE">
      <properties>
         <property name="deviceName" value=""/>
         <property name="devicePlatform" value=""/>
         <property name="logFolder" value="D:\\Katalon_Practice_Workspace\\Katalon_Mitendra\\Reports\\PPE\\20180124_171555"/>
         <property name="logFiles" value="D:\\Katalon_Practice_Workspace\\Katalon_Mitendra\\Reports\\PPE\\20180124_171555\\execution0.log"/>
         <property name="attachments" value="D:\\Katalon_Practice_Workspace\\Katalon_Mitendra\\Reports\\PPE\\20180124_171555\\1516794800669.png"/>
         <property name="hostName" value="gsalunkhe - CTS-QUA-4.cogitate.india"/>
         <property name="os" value="Windows 7 64bit"/>
         <property name="katalonVersion" value="5.0.1.1"/>
         <property name="browser" value="Chrome 63.0.3239.132"/>
         <property name="hostAddress" value="192.168.0.4"/>
         <property name="sessionId" value="579e4b870a6d703005e0c4c8ba230d96"/>
         <property name="seleniumVersion" value="2.53.0"/>
         <property name="proxyInformation" value="ProxyInformation{proxyOption=NO_PROXY, proxyServerType=HTTP, password=, proxyServerAddress=, proxyServerPort=0}"/>
         <property name="platform" value="Windows 7"/>
      </properties>
      <testcase name="Test Cases/QUOTE_CREATION" classname="Test Cases/QUOTE_CREATION" status="PASSED">
         <system-out><![CDATA[2018-01-24 17:15:57 - [TEST_CASE][PASSED] - Test Cases/QUOTE_CREATION: Test Cases/QUOTE_CREATION

2018-01-24 17:15:58 - [TEST_STEP][PASSED] - openBrowser: Browser is opened with url: 'http://13.90.102.191:8066'

2018-01-24 17:16:08 - [MESSAGE][PASSED] - Browser is opened with url: 'http://13.90.102.191:8066'

2018-01-24 17:16:08 - [TEST_STEP][PASSED] - maximizeWindow: Current window maximized

2018-01-24 17:16:10 - [MESSAGE][PASSED] - Current window maximized

2018-01-24 17:16:10 - [TEST_STEP][PASSED] - setText: Text 'ih.chelms' is set on object 'Object Repository/Quote_OR/txtfield_USERNAME'

2018-01-24 17:16:10 - [MESSAGE][PASSED] - Text 'ih.chelms' is set on object 'Object Repository/Quote_OR/txtfield_USERNAME'

2018-01-24 17:16:10 - [TEST_STEP][PASSED] - setText: Text '10#Hammer' is set on object 'Object Repository/Quote_OR/txtfield_PASSWORD'

2018-01-24 17:16:11 - [MESSAGE][PASSED] - Text '10#Hammer' is set on object 'Object Repository/Quote_OR/txtfield_PASSWORD'

2018-01-24 17:16:11 - [TEST_STEP][PASSED] - click: Object: 'Object Repository/Quote_OR/btn-LOGIN' is clicked on

2018-01-24 17:16:17 - [MESSAGE][PASSED] - Object: 'Object Repository/Quote_OR/btn-LOGIN' is clicked on

2018-01-24 17:16:17 - [TEST_STEP][PASSED] - setText: Text '700 Winterwind Way Roswell, GA 30075 USA' is set on object 'Object Repository/Quote_OR/txtfield_ADDRESS_ON_LANDING_PAGE'

2018-01-24 17:16:17 - [MESSAGE][PASSED] - Text '700 Winterwind Way Roswell, GA 30075 USA' is set on object 'Object Repository/Quote_OR/txtfield_ADDRESS_ON_LANDING_PAGE'

2018-01-24 17:16:17 - [TEST_STEP][PASSED] - click: Object: 'Object Repository/Quote_OR/btn_SEARCH_ADDRESS' is clicked on

2018-01-24 17:16:34 - [MESSAGE][PASSED] - Object: 'Object Repository/Quote_OR/btn_SEARCH_ADDRESS' is clicked on

2018-01-24 17:16:34 - [TEST_STEP][PASSED] - waitForPageLoad: Wait for page load successfully

2018-01-24 17:16:34 - [MESSAGE][PASSED] - Wait for page load successfully

2018-01-24 17:16:34 - [TEST_STEP][PASSED] - selectOptionByIndex: All options with index in [1] are selected on object 'Object Repository/Quote_OR/drp_PROPERTY_TYPE'

2018-01-24 17:16:34 - [MESSAGE][PASSED] - All options with index in [1] are selected on object 'Object Repository/Quote_OR/drp_PROPERTY_TYPE'

2018-01-24 17:16:34 - [TEST_STEP][PASSED] - setText: Text '' is set on object 'Object Repository/Quote_OR/txtfield_HOME_VALUATION'

2018-01-24 17:16:34 - [MESSAGE][PASSED] - Text '' is set on object 'Object Repository/Quote_OR/txtfield_HOME_VALUATION'

2018-01-24 17:16:34 - [TEST_STEP][PASSED] - selectOptionByIndex: All options with index in [2] are selected on object 'Object Repository/Quote_OR/drp_CONSTRUCTION_TYPE'

2018-01-24 17:16:35 - [MESSAGE][PASSED] - All options with index in [2] are selected on object 'Object Repository/Quote_OR/drp_CONSTRUCTION_TYPE'

2018-01-24 17:16:35 - [TEST_STEP][PASSED] - setText: Text '100000' is set on object 'Object Repository/Quote_OR/txtfield_HOME_VALUATION'

2018-01-24 17:16:35 - [MESSAGE][PASSED] - Text '100000' is set on object 'Object Repository/Quote_OR/txtfield_HOME_VALUATION'

2018-01-24 17:16:35 - [TEST_STEP][PASSED] - delay: Delayed 2 second(s)

2018-01-24 17:16:37 - [MESSAGE][PASSED] - Delayed 2 second(s)

2018-01-24 17:16:37 - [TEST_STEP][PASSED] - setText: Text '' is set on object 'Object Repository/Quote_OR/txtbx_YEARHOMEBUILD'

2018-01-24 17:16:37 - [MESSAGE][PASSED] - Text '' is set on object 'Object Repository/Quote_OR/txtbx_YEARHOMEBUILD'

2018-01-24 17:16:37 - [TEST_STEP][PASSED] - setText: Text '1968' is set on object 'Object Repository/Quote_OR/txtbx_YEARHOMEBUILD'

2018-01-24 17:16:37 - [MESSAGE][PASSED] - Text '1968' is set on object 'Object Repository/Quote_OR/txtbx_YEARHOMEBUILD'

2018-01-24 17:16:37 - [TEST_STEP][PASSED] - click: Object: 'Object Repository/Quote_OR/btn_GETQUOTE' is clicked on

2018-01-24 17:16:37 - [MESSAGE][PASSED] - Object: 'Object Repository/Quote_OR/btn_GETQUOTE' is clicked on

2018-01-24 17:16:37 - [TEST_STEP][PASSED] - delay: Delayed 1 second(s)

2018-01-24 17:16:38 - [MESSAGE][PASSED] - Delayed 1 second(s)

2018-01-24 17:16:38 - [TEST_STEP][PASSED] - click: Object: 'Object Repository/Quote_OR/btn_SENDQUOTE' is clicked on

2018-01-24 17:17:00 - [MESSAGE][PASSED] - Object: 'Object Repository/Quote_OR/btn_SENDQUOTE' is clicked on

2018-01-24 17:17:00 - [TEST_STEP][PASSED] - delay: Delayed 1 second(s)

2018-01-24 17:17:01 - [MESSAGE][PASSED] - Delayed 1 second(s)

2018-01-24 17:17:01 - [TEST_STEP][PASSED] - setText: Text 'Ganesh' is set on object 'Object Repository/Quote_OR/txtfield_SENDQUOTE_FIRSTNAME'

2018-01-24 17:17:01 - [MESSAGE][PASSED] - Text 'Ganesh' is set on object 'Object Repository/Quote_OR/txtfield_SENDQUOTE_FIRSTNAME'

2018-01-24 17:17:01 - [TEST_STEP][PASSED] - setText: Text 'Salunkhe' is set on object 'Object Repository/Quote_OR/txtfield_SENDQUOTE_LASTNAME'

2018-01-24 17:17:01 - [MESSAGE][PASSED] - Text 'Salunkhe' is set on object 'Object Repository/Quote_OR/txtfield_SENDQUOTE_LASTNAME'

2018-01-24 17:17:01 - [TEST_STEP][PASSED] - delay: Delayed 5 second(s)

2018-01-24 17:17:06 - [MESSAGE][PASSED] - Delayed 5 second(s)

2018-01-24 17:17:06 - [TEST_STEP][PASSED] - setText: Text '9768180080' is set on object 'Object Repository/Quote_OR/txtfield_SENDQUOTE_CONTACTNUMBER'

2018-01-24 17:17:07 - [MESSAGE][PASSED] - Text '9768180080' is set on object 'Object Repository/Quote_OR/txtfield_SENDQUOTE_CONTACTNUMBER'

2018-01-24 17:17:07 - [TEST_STEP][PASSED] - delay: Delayed 5 second(s)

2018-01-24 17:17:12 - [MESSAGE][PASSED] - Delayed 5 second(s)

2018-01-24 17:17:12 - [TEST_STEP][PASSED] - setText: Text 'gsalunkhe@cogitate.us' is set on object 'Object Repository/Quote_OR/txtfield_SENDQUOTE_EMAIL'

2018-01-24 17:17:12 - [MESSAGE][PASSED] - Text 'gsalunkhe@cogitate.us' is set on object 'Object Repository/Quote_OR/txtfield_SENDQUOTE_EMAIL'

2018-01-24 17:17:12 - [TEST_STEP][PASSED] - delay: Delayed 10 second(s)

2018-01-24 17:17:22 - [MESSAGE][PASSED] - Delayed 10 second(s)

2018-01-24 17:17:22 - [TEST_STEP][PASSED] - click: Object: 'Object Repository/Quote_OR/btn_SEND_QUOTE_DETAILS' is clicked on

2018-01-24 17:17:22 - [MESSAGE][PASSED] - Object: 'Object Repository/Quote_OR/btn_SEND_QUOTE_DETAILS' is clicked on

2018-01-24 17:17:22 - [TEST_STEP][PASSED] - selectOptionByIndex: All options with index in [1] are selected on object 'Object Repository/Quote_OR/drp_CONSTRUCTION_TYPE'

2018-01-24 17:17:22 - [MESSAGE][PASSED] - All options with index in [1] are selected on object 'Object Repository/Quote_OR/drp_CONSTRUCTION_TYPE'

2018-01-24 17:17:22 - [TEST_STEP][PASSED] - delay: Delayed 5 second(s)

2018-01-24 17:17:27 - [MESSAGE][PASSED] - Delayed 5 second(s)

2018-01-24 17:17:27 - [TEST_STEP][PASSED] - click: Object: 'Object Repository/Quote_OR/btn_RECALCULATE_PREMIUM' is clicked on

2018-01-24 17:17:27 - [MESSAGE][PASSED] - Object: 'Object Repository/Quote_OR/btn_RECALCULATE_PREMIUM' is clicked on]]></system-out>
         <system-err><![CDATA[]]></system-err>
      </testcase>
      <testcase name="Test Cases/APPLICATION_CREATION" classname="Test Cases/APPLICATION_CREATION" status="PASSED">
         <system-out><![CDATA[2018-01-24 17:17:27 - [TEST_CASE][PASSED] - Test Cases/APPLICATION_CREATION: Test Cases/APPLICATION_CREATION

2018-01-24 17:17:28 - [TEST_STEP][PASSED] - setText: Text '200 Quiet Stream Ct Roswell, GA 30075 USA' is set on object 'Object Repository/Application_OR/txtfield_ADDRESS_ON_QUOTE_PAGE'

2018-01-24 17:17:28 - [MESSAGE][PASSED] - Text '200 Quiet Stream Ct Roswell, GA 30075 USA' is set on object 'Object Repository/Application_OR/txtfield_ADDRESS_ON_QUOTE_PAGE'

2018-01-24 17:17:28 - [TEST_STEP][PASSED] - click: Object: 'Object Repository/Application_OR/btn_SEARCH_ADDRESS_QUOTE_PAGE' is clicked on

2018-01-24 17:17:47 - [MESSAGE][PASSED] - Object: 'Object Repository/Application_OR/btn_SEARCH_ADDRESS_QUOTE_PAGE' is clicked on

2018-01-24 17:17:47 - [TEST_STEP][PASSED] - Statement - Address = com.kms.katalon.core.testobject.ObjectRepository.findTestObject(Endorsement_OR/get_Address): Finding Test Object with id 'Object Repository/Endorsement_OR/get_Address'

2018-01-24 17:17:47 - [TEST_STEP][PASSED] - Statement - propertyaddress = com.kms.katalon.core.webui.keyword.WebUiBuiltInKeywords.getAttribute(Address, "value"): Attribute 'value' of object 'Object Repository/Endorsement_OR/get_Address' is: '200 Quiet Stream Ct, Roswell, GA 30075, USA'

2018-01-24 17:17:47 - [MESSAGE][PASSED] - Attribute 'value' of object 'Object Repository/Endorsement_OR/get_Address' is: '200 Quiet Stream Ct, Roswell, GA 30075, USA'

2018-01-24 17:17:47 - [TEST_STEP][PASSED] - Statement - println(propertyaddress): null

2018-01-24 17:17:47 - [TEST_STEP][PASSED] - Statement - propertyaddress = propertyaddress: null

2018-01-24 17:17:47 - [TEST_STEP][PASSED] - selectOptionByIndex: All options with index in [1] are selected on object 'Object Repository/Quote_OR/drp_PROPERTY_TYPE'

2018-01-24 17:17:47 - [MESSAGE][PASSED] - All options with index in [1] are selected on object 'Object Repository/Quote_OR/drp_PROPERTY_TYPE'

2018-01-24 17:17:47 - [TEST_STEP][PASSED] - setText: Text '' is set on object 'Object Repository/Quote_OR/txtbx_YEARHOMEBUILD'

2018-01-24 17:17:47 - [MESSAGE][PASSED] - Text '' is set on object 'Object Repository/Quote_OR/txtbx_YEARHOMEBUILD'

2018-01-24 17:17:47 - [TEST_STEP][PASSED] - setText: Text '2000' is set on object 'Object Repository/Quote_OR/txtbx_YEARHOMEBUILD'

2018-01-24 17:17:47 - [MESSAGE][PASSED] - Text '2000' is set on object 'Object Repository/Quote_OR/txtbx_YEARHOMEBUILD'

2018-01-24 17:17:47 - [TEST_STEP][PASSED] - selectOptionByIndex: All options with index in [2] are selected on object 'Object Repository/Quote_OR/drp_CONSTRUCTION_TYPE'

2018-01-24 17:17:47 - [MESSAGE][PASSED] - All options with index in [2] are selected on object 'Object Repository/Quote_OR/drp_CONSTRUCTION_TYPE'

2018-01-24 17:17:47 - [TEST_STEP][PASSED] - setText: Text '' is set on object 'Object Repository/Quote_OR/txtfield_HOME_VALUATION'

2018-01-24 17:17:48 - [MESSAGE][PASSED] - Text '' is set on object 'Object Repository/Quote_OR/txtfield_HOME_VALUATION'

2018-01-24 17:17:48 - [TEST_STEP][PASSED] - setText: Text '100000' is set on object 'Object Repository/Quote_OR/txtfield_HOME_VALUATION'

2018-01-24 17:17:48 - [MESSAGE][PASSED] - Text '100000' is set on object 'Object Repository/Quote_OR/txtfield_HOME_VALUATION'

2018-01-24 17:17:48 - [TEST_STEP][PASSED] - click: Object: 'Object Repository/Quote_OR/btn_GETQUOTE' is clicked on

2018-01-24 17:17:48 - [MESSAGE][PASSED] - Object: 'Object Repository/Quote_OR/btn_GETQUOTE' is clicked on

2018-01-24 17:17:48 - [TEST_STEP][PASSED] - delay: Delayed 1 second(s)

2018-01-24 17:17:49 - [MESSAGE][PASSED] - Delayed 1 second(s)

2018-01-24 17:17:49 - [TEST_STEP][PASSED] - click: Object: 'Object Repository/Application_OR/btn_TOAPPLICATION' is clicked on

2018-01-24 17:18:08 - [MESSAGE][PASSED] - Object: 'Object Repository/Application_OR/btn_TOAPPLICATION' is clicked on

2018-01-24 17:18:08 - [TEST_STEP][PASSED] - delay: Delayed 10 second(s)

2018-01-24 17:18:18 - [MESSAGE][PASSED] - Delayed 10 second(s)

2018-01-24 17:18:18 - [TEST_STEP][PASSED] - click: Object: 'Object Repository/Application_OR/btn_CONTINUE_UW_QUESTIONS' is clicked on

2018-01-24 17:18:18 - [MESSAGE][PASSED] - Object: 'Object Repository/Application_OR/btn_CONTINUE_UW_QUESTIONS' is clicked on

2018-01-24 17:18:18 - [TEST_STEP][PASSED] - delay: Delayed 10 second(s)

2018-01-24 17:18:28 - [MESSAGE][PASSED] - Delayed 10 second(s)

2018-01-24 17:18:28 - [TEST_STEP][PASSED] - delay: Delayed 3 second(s)

2018-01-24 17:18:31 - [MESSAGE][PASSED] - Delayed 3 second(s)

2018-01-24 17:18:31 - [TEST_STEP][PASSED] - click: Object: 'Object Repository/Application_OR/txtfield_INSURED_FIRSTNAME' is clicked on

2018-01-24 17:18:31 - [MESSAGE][PASSED] - Object: 'Object Repository/Application_OR/txtfield_INSURED_FIRSTNAME' is clicked on

2018-01-24 17:18:31 - [TEST_STEP][PASSED] - setText: Text 'Ross' is set on object 'Object Repository/Application_OR/txtfield_INSURED_FIRSTNAME'

2018-01-24 17:18:32 - [MESSAGE][PASSED] - Text 'Ross' is set on object 'Object Repository/Application_OR/txtfield_INSURED_FIRSTNAME'

2018-01-24 17:18:32 - [TEST_STEP][PASSED] - setText: Text 'Marshal' is set on object 'Object Repository/Application_OR/txtfield_INSURED_MIDDLENAME'

2018-01-24 17:18:32 - [MESSAGE][PASSED] - Text 'Marshal' is set on object 'Object Repository/Application_OR/txtfield_INSURED_MIDDLENAME'

2018-01-24 17:18:32 - [TEST_STEP][PASSED] - setText: Text 'Guptil' is set on object 'Object Repository/Application_OR/txtfield_INSURED_LASTNAME'

2018-01-24 17:18:32 - [MESSAGE][PASSED] - Text 'Guptil' is set on object 'Object Repository/Application_OR/txtfield_INSURED_LASTNAME'

2018-01-24 17:18:32 - [TEST_STEP][PASSED] - setText: Text '09/10/1999' is set on object 'Object Repository/Application_OR/txtfield_INSURED_DOB'

2018-01-24 17:18:32 - [MESSAGE][PASSED] - Text '09/10/1999' is set on object 'Object Repository/Application_OR/txtfield_INSURED_DOB'

2018-01-24 17:18:32 - [TEST_STEP][PASSED] - delay: Delayed 5 second(s)

2018-01-24 17:18:37 - [MESSAGE][PASSED] - Delayed 5 second(s)

2018-01-24 17:18:37 - [TEST_STEP][PASSED] - setText: Text 'gsalunkhe@cogitate.us' is set on object 'Object Repository/Application_OR/txtfield_INSURED_EMAIL'

2018-01-24 17:18:37 - [MESSAGE][PASSED] - Text 'gsalunkhe@cogitate.us' is set on object 'Object Repository/Application_OR/txtfield_INSURED_EMAIL'

2018-01-24 17:18:37 - [TEST_STEP][PASSED] - delay: Delayed 5 second(s)

2018-01-24 17:18:42 - [MESSAGE][PASSED] - Delayed 5 second(s)

2018-01-24 17:18:42 - [TEST_STEP][PASSED] - setText: Text '9768180080' is set on object 'Object Repository/Application_OR/txtfield_INSURED_CONTACTNUMBER'

2018-01-24 17:18:43 - [MESSAGE][PASSED] - Text '9768180080' is set on object 'Object Repository/Application_OR/txtfield_INSURED_CONTACTNUMBER'

2018-01-24 17:18:43 - [TEST_STEP][PASSED] - delay: Delayed 5 second(s)

2018-01-24 17:18:48 - [MESSAGE][PASSED] - Delayed 5 second(s)

2018-01-24 17:18:48 - [TEST_STEP][PASSED] - Statement - hdnPolicyInfoId = com.kms.katalon.core.testobject.ObjectRepository.findTestObject(Generic_OR/hdnPolicyInfoId): Finding Test Object with id 'Object Repository/Generic_OR/hdnPolicyInfoId'

2018-01-24 17:18:48 - [TEST_STEP][PASSED] - Statement - policyInfoid = com.kms.katalon.core.webui.keyword.WebUiBuiltInKeywords.getAttribute(hdnPolicyInfoId, "value"): Attribute 'value' of object 'Object Repository/Generic_OR/hdnPolicyInfoId' is: '3404'

2018-01-24 17:18:48 - [MESSAGE][PASSED] - Attribute 'value' of object 'Object Repository/Generic_OR/hdnPolicyInfoId' is: '3404'

2018-01-24 17:18:48 - [TEST_STEP][PASSED] - Statement - policyInfoId = policyInfoid: null

2018-01-24 17:18:48 - [TEST_STEP][PASSED] - click: Object: 'Object Repository/Application_OR/btn_POLICYHOLDER_SAVEANDCONTINUE' is clicked on

2018-01-24 17:18:48 - [MESSAGE][PASSED] - Object: 'Object Repository/Application_OR/btn_POLICYHOLDER_SAVEANDCONTINUE' is clicked on

2018-01-24 17:18:48 - [TEST_STEP][PASSED] - delay: Delayed 1 second(s)

2018-01-24 17:18:49 - [MESSAGE][PASSED] - Delayed 1 second(s)

2018-01-24 17:18:49 - [TEST_STEP][PASSED] - click: Object: 'Object Repository/Application_OR/drp_ROOFTYPE_PROPERTYPAGE' is clicked on

2018-01-24 17:18:50 - [MESSAGE][PASSED] - Object: 'Object Repository/Application_OR/drp_ROOFTYPE_PROPERTYPAGE' is clicked on

2018-01-24 17:18:50 - [TEST_STEP][PASSED] - delay: Delayed 3 second(s)

2018-01-24 17:18:53 - [MESSAGE][PASSED] - Delayed 3 second(s)

2018-01-24 17:18:53 - [TEST_STEP][PASSED] - selectOptionByIndex: All options with index in [1] are selected on object 'Object Repository/Application_OR/drp_ROOFTYPE_PROPERTYPAGE'

2018-01-24 17:18:53 - [MESSAGE][PASSED] - All options with index in [1] are selected on object 'Object Repository/Application_OR/drp_ROOFTYPE_PROPERTYPAGE'

2018-01-24 17:18:53 - [TEST_STEP][PASSED] - delay: Delayed 2 second(s)

2018-01-24 17:18:55 - [MESSAGE][PASSED] - Delayed 2 second(s)

2018-01-24 17:18:55 - [TEST_STEP][PASSED] - selectOptionByIndex: All options with index in [3] are selected on object 'Object Repository/Application_OR/drp_FOUNDATIONTYPE_PROPERTYPAGE'

2018-01-24 17:18:55 - [MESSAGE][PASSED] - All options with index in [3] are selected on object 'Object Repository/Application_OR/drp_FOUNDATIONTYPE_PROPERTYPAGE'

2018-01-24 17:18:55 - [TEST_STEP][PASSED] - delay: Delayed 2 second(s)

2018-01-24 17:18:57 - [MESSAGE][PASSED] - Delayed 2 second(s)

2018-01-24 17:18:57 - [TEST_STEP][PASSED] - selectOptionByIndex: All options with index in [7] are selected on object 'Object Repository/Application_OR/drp_HEATINGTYPE_PROPERTYPAGE'

2018-01-24 17:18:58 - [MESSAGE][PASSED] - All options with index in [7] are selected on object 'Object Repository/Application_OR/drp_HEATINGTYPE_PROPERTYPAGE'

2018-01-24 17:18:58 - [TEST_STEP][PASSED] - delay: Delayed 5 second(s)

2018-01-24 17:19:03 - [MESSAGE][PASSED] - Delayed 5 second(s)

2018-01-24 17:19:03 - [TEST_STEP][PASSED] - click: Object: 'Object Repository/Application_OR/btn_OCCUPANYPAGE_SAVEANDCONTINUE' is clicked on

2018-01-24 17:19:03 - [MESSAGE][PASSED] - Object: 'Object Repository/Application_OR/btn_OCCUPANYPAGE_SAVEANDCONTINUE' is clicked on

2018-01-24 17:19:03 - [TEST_STEP][PASSED] - delay: Delayed 1 second(s)

2018-01-24 17:19:04 - [MESSAGE][PASSED] - Delayed 1 second(s)

2018-01-24 17:19:04 - [TEST_STEP][PASSED] - click: Object: 'Object Repository/Application_OR/btn_YES_ROOFAGE_POPUP' is clicked on

2018-01-24 17:19:04 - [MESSAGE][PASSED] - Object: 'Object Repository/Application_OR/btn_YES_ROOFAGE_POPUP' is clicked on

2018-01-24 17:19:04 - [TEST_STEP][PASSED] - delay: Delayed 1 second(s)

2018-01-24 17:19:05 - [MESSAGE][PASSED] - Delayed 1 second(s)

2018-01-24 17:19:05 - [TEST_STEP][PASSED] - click: Object: 'Object Repository/Application_OR/btn_YES_ELECTRICALAGE_POPUP' is clicked on

2018-01-24 17:19:05 - [MESSAGE][PASSED] - Object: 'Object Repository/Application_OR/btn_YES_ELECTRICALAGE_POPUP' is clicked on

2018-01-24 17:19:05 - [TEST_STEP][PASSED] - delay: Delayed 1 second(s)

2018-01-24 17:19:06 - [MESSAGE][PASSED] - Delayed 1 second(s)

2018-01-24 17:19:06 - [TEST_STEP][PASSED] - click: Object: 'Object Repository/Application_OR/btn_YES_ELECTRICALAGE_POPUP' is clicked on

2018-01-24 17:19:06 - [MESSAGE][PASSED] - Object: 'Object Repository/Application_OR/btn_YES_ELECTRICALAGE_POPUP' is clicked on

2018-01-24 17:19:06 - [TEST_STEP][PASSED] - delay: Delayed 5 second(s)

2018-01-24 17:19:11 - [MESSAGE][PASSED] - Delayed 5 second(s)

2018-01-24 17:19:11 - [TEST_STEP][PASSED] - click: Object: 'Object Repository/Application_OR/btn_OCCUPANYPAGE_SAVEANDCONTINUE' is clicked on

2018-01-24 17:19:14 - [MESSAGE][PASSED] - Object: 'Object Repository/Application_OR/btn_OCCUPANYPAGE_SAVEANDCONTINUE' is clicked on

2018-01-24 17:19:14 - [TEST_STEP][PASSED] - delay: Delayed 5 second(s)

2018-01-24 17:19:19 - [MESSAGE][PASSED] - Delayed 5 second(s)

2018-01-24 17:19:19 - [TEST_STEP][PASSED] - check: Object 'Object Repository/Application_OR/chkbx_AGREEMENT' is checked

2018-01-24 17:19:19 - [MESSAGE][PASSED] - Object 'Object Repository/Application_OR/chkbx_AGREEMENT' is checked

2018-01-24 17:19:19 - [TEST_STEP][PASSED] - delay: Delayed 10 second(s)

2018-01-24 17:19:29 - [MESSAGE][PASSED] - Delayed 10 second(s)

2018-01-24 17:19:29 - [TEST_STEP][PASSED] - click: Object: 'Object Repository/Application_OR/btn_OCCUPANYPAGE_SAVEANDCONTINUE' is clicked on

2018-01-24 17:19:29 - [MESSAGE][PASSED] - Object: 'Object Repository/Application_OR/btn_OCCUPANYPAGE_SAVEANDCONTINUE' is clicked on

2018-01-24 17:19:29 - [TEST_STEP][PASSED] - delay: Delayed 5 second(s)

2018-01-24 17:19:34 - [MESSAGE][PASSED] - Delayed 5 second(s)

2018-01-24 17:19:34 - [TEST_STEP][PASSED] - click: Object: 'Object Repository/Application_OR/btn_SIGNAPPLICATION_AGENT' is clicked on

2018-01-24 17:19:49 - [MESSAGE][PASSED] - Object: 'Object Repository/Application_OR/btn_SIGNAPPLICATION_AGENT' is clicked on

2018-01-24 17:19:49 - [TEST_STEP][PASSED] - delay: Delayed 5 second(s)

2018-01-24 17:19:54 - [MESSAGE][PASSED] - Delayed 5 second(s)

2018-01-24 17:19:54 - [TEST_STEP][PASSED] - click: Object: 'Object Repository/Application_OR/btn_INSURED_SIGNATURE' is clicked on

2018-01-24 17:19:54 - [MESSAGE][PASSED] - Object: 'Object Repository/Application_OR/btn_INSURED_SIGNATURE' is clicked on

2018-01-24 17:19:54 - [TEST_STEP][PASSED] - delay: Delayed 5 second(s)

2018-01-24 17:19:59 - [MESSAGE][PASSED] - Delayed 5 second(s)

2018-01-24 17:19:59 - [TEST_STEP][PASSED] - click: Object: 'Object Repository/Application_OR/txtbx_INSURED_SIGNATURE' is clicked on

2018-01-24 17:19:59 - [MESSAGE][PASSED] - Object: 'Object Repository/Application_OR/txtbx_INSURED_SIGNATURE' is clicked on

2018-01-24 17:19:59 - [TEST_STEP][PASSED] - delay: Delayed 5 second(s)

2018-01-24 17:20:04 - [MESSAGE][PASSED] - Delayed 5 second(s)

2018-01-24 17:20:04 - [TEST_STEP][PASSED] - setText: Text 'Ross Marshal Guptil' is set on object 'Object Repository/Application_OR/txtbx_INSURED_SIGNATURE'

2018-01-24 17:20:05 - [MESSAGE][PASSED] - Text 'Ross Marshal Guptil' is set on object 'Object Repository/Application_OR/txtbx_INSURED_SIGNATURE'

2018-01-24 17:20:05 - [TEST_STEP][PASSED] - click: Object: 'Object Repository/Application_OR/btn_SUBMIT_INSURED_SIGNATURE' is clicked on

2018-01-24 17:20:05 - [MESSAGE][PASSED] - Object: 'Object Repository/Application_OR/btn_SUBMIT_INSURED_SIGNATURE' is clicked on

2018-01-24 17:20:05 - [TEST_STEP][PASSED] - Statement - otpQuery = "SELECT TOP 1 OtpGenerated FROM PPE_ApplicationForms_trn where PolicyInfoId = " + policyInfoId + " Order BY ModifiedDateTime DESC": null

2018-01-24 17:20:05 - [TEST_STEP][PASSED] - Statement - println("otpQuery" + " " + otpQuery): null

2018-01-24 17:20:05 - [TEST_STEP][PASSED] - com.PPE.Database_Connection.connectDB: com.PPE.Database_Connection.connectDB is PASSED

2018-01-24 17:20:10 - [MESSAGE][PASSED] - com.PPE.Database_Connection.connectDB is PASSED

2018-01-24 17:20:10 - [TEST_STEP][PASSED] - Statement - recordset = CustomKeywords.com.PPE.Database_Connection.executeQuery(otpQuery): com.PPE.Database_Connection.executeQuery is PASSED

2018-01-24 17:20:10 - [MESSAGE][PASSED] - com.PPE.Database_Connection.executeQuery is PASSED

2018-01-24 17:20:10 - [TEST_STEP][PASSED] - Statement - otp = 0: null

2018-01-24 17:20:10 - [TEST_STEP][PASSED] - Statement - While (recordset.next()): null

2018-01-24 17:20:10 - [TEST_STEP][PASSED] - Statement - otp = recordset.getObject("OtpGenerated"): null

2018-01-24 17:20:10 - [TEST_STEP][PASSED] - Statement - println("otp" + " " + otp): null

2018-01-24 17:20:10 - [TEST_STEP][PASSED] - delay: Delayed 10 second(s)

2018-01-24 17:20:20 - [MESSAGE][PASSED] - Delayed 10 second(s)

2018-01-24 17:20:20 - [TEST_STEP][PASSED] - Statement - txtOtp = com.kms.katalon.core.testobject.ObjectRepository.findTestObject(Application_OR/txtfield-OTP): Finding Test Object with id 'Object Repository/Application_OR/txtfield-OTP'

2018-01-24 17:20:20 - [TEST_STEP][PASSED] - setText: Text '5511' is set on object 'Object Repository/Application_OR/txtfield-OTP'

2018-01-24 17:20:20 - [MESSAGE][PASSED] - Text '5511' is set on object 'Object Repository/Application_OR/txtfield-OTP'

2018-01-24 17:20:20 - [TEST_STEP][PASSED] - delay: Delayed 1 second(s)

2018-01-24 17:20:21 - [MESSAGE][PASSED] - Delayed 1 second(s)

2018-01-24 17:20:21 - [TEST_STEP][PASSED] - click: Object: 'Object Repository/Application_OR/btn_OTP_VERIFY' is clicked on

2018-01-24 17:20:21 - [MESSAGE][PASSED] - Object: 'Object Repository/Application_OR/btn_OTP_VERIFY' is clicked on

2018-01-24 17:20:21 - [TEST_STEP][PASSED] - delay: Delayed 5 second(s)

2018-01-24 17:20:26 - [MESSAGE][PASSED] - Delayed 5 second(s)

2018-01-24 17:20:26 - [TEST_STEP][PASSED] - click: Object: 'Object Repository/Application_OR/btn_AGENT_SIGNATURE' is clicked on

2018-01-24 17:20:26 - [MESSAGE][PASSED] - Object: 'Object Repository/Application_OR/btn_AGENT_SIGNATURE' is clicked on

2018-01-24 17:20:26 - [TEST_STEP][PASSED] - delay: Delayed 2 second(s)

2018-01-24 17:20:28 - [MESSAGE][PASSED] - Delayed 2 second(s)

2018-01-24 17:20:28 - [TEST_STEP][PASSED] - click: Object: 'Object Repository/Application_OR/txtbx_AGENT_SIGNATURE' is clicked on

2018-01-24 17:20:29 - [MESSAGE][PASSED] - Object: 'Object Repository/Application_OR/txtbx_AGENT_SIGNATURE' is clicked on

2018-01-24 17:20:29 - [TEST_STEP][PASSED] - delay: Delayed 2 second(s)

2018-01-24 17:20:31 - [MESSAGE][PASSED] - Delayed 2 second(s)

2018-01-24 17:20:31 - [TEST_STEP][PASSED] - setText: Text 'clement helms' is set on object 'Object Repository/Application_OR/txtbx_AGENT_SIGNATURE'

2018-01-24 17:20:31 - [MESSAGE][PASSED] - Text 'clement helms' is set on object 'Object Repository/Application_OR/txtbx_AGENT_SIGNATURE'

2018-01-24 17:20:31 - [TEST_STEP][PASSED] - delay: Delayed 2 second(s)

2018-01-24 17:20:33 - [MESSAGE][PASSED] - Delayed 2 second(s)

2018-01-24 17:20:33 - [TEST_STEP][PASSED] - click: Object: 'Object Repository/Application_OR/btn_SUBMIT_AGENT_SIGNATURE' is clicked on

2018-01-24 17:20:33 - [MESSAGE][PASSED] - Object: 'Object Repository/Application_OR/btn_SUBMIT_AGENT_SIGNATURE' is clicked on

2018-01-24 17:20:33 - [TEST_STEP][PASSED] - delay: Delayed 5 second(s)

2018-01-24 17:20:38 - [MESSAGE][PASSED] - Delayed 5 second(s)

2018-01-24 17:20:38 - [TEST_STEP][PASSED] - click: Object: 'Object Repository/Application_OR/btn_SURPLUSLINE_ACK' is clicked on

2018-01-24 17:20:39 - [MESSAGE][PASSED] - Object: 'Object Repository/Application_OR/btn_SURPLUSLINE_ACK' is clicked on

2018-01-24 17:20:39 - [TEST_STEP][PASSED] - delay: Delayed 5 second(s)

2018-01-24 17:20:44 - [MESSAGE][PASSED] - Delayed 5 second(s)

2018-01-24 17:20:44 - [TEST_STEP][PASSED] - click: Object: 'Object Repository/Application_OR/txtfield_SURPLUSLINE_FORM_TEXT' is clicked on

2018-01-24 17:20:44 - [MESSAGE][PASSED] - Object: 'Object Repository/Application_OR/txtfield_SURPLUSLINE_FORM_TEXT' is clicked on

2018-01-24 17:20:44 - [TEST_STEP][PASSED] - setText: Text 'Testing' is set on object 'Object Repository/Application_OR/txtfield_SURPLUSLINE_FORM_TEXT'

2018-01-24 17:20:44 - [MESSAGE][PASSED] - Text 'Testing' is set on object 'Object Repository/Application_OR/txtfield_SURPLUSLINE_FORM_TEXT'

2018-01-24 17:20:44 - [TEST_STEP][PASSED] - delay: Delayed 5 second(s)

2018-01-24 17:20:49 - [MESSAGE][PASSED] - Delayed 5 second(s)

2018-01-24 17:20:49 - [TEST_STEP][PASSED] - click: Object: 'Object Repository/Application_OR/btn_SUBMIT_SURPLUSLINE' is clicked on

2018-01-24 17:20:49 - [MESSAGE][PASSED] - Object: 'Object Repository/Application_OR/btn_SUBMIT_SURPLUSLINE' is clicked on

2018-01-24 17:20:49 - [TEST_STEP][PASSED] - delay: Delayed 5 second(s)

2018-01-24 17:20:54 - [MESSAGE][PASSED] - Delayed 5 second(s)

2018-01-24 17:20:54 - [TEST_STEP][PASSED] - click: Object: 'Object Repository/Application_OR/btn_SUBMIT_FOR_UW_APPROVAL' is clicked on

2018-01-24 17:20:58 - [MESSAGE][PASSED] - Object: 'Object Repository/Application_OR/btn_SUBMIT_FOR_UW_APPROVAL' is clicked on

2018-01-24 17:20:58 - [TEST_STEP][PASSED] - delay: Delayed 8 second(s)

2018-01-24 17:21:06 - [MESSAGE][PASSED] - Delayed 8 second(s)

2018-01-24 17:21:06 - [TEST_STEP][PASSED] - click: Object: 'Object Repository/Application_OR/btn_LOGOUT' is clicked on

2018-01-24 17:21:09 - [MESSAGE][PASSED] - Object: 'Object Repository/Application_OR/btn_LOGOUT' is clicked on

2018-01-24 17:21:09 - [TEST_STEP][PASSED] - delay: Delayed 5 second(s)

2018-01-24 17:21:14 - [MESSAGE][PASSED] - Delayed 5 second(s)

2018-01-24 17:21:14 - [TEST_STEP][PASSED] - setText: Text 'ih.william' is set on object 'Object Repository/Quote_OR/txtfield_USERNAME'

2018-01-24 17:21:14 - [MESSAGE][PASSED] - Text 'ih.william' is set on object 'Object Repository/Quote_OR/txtfield_USERNAME'

2018-01-24 17:21:14 - [TEST_STEP][PASSED] - setText: Text '10#Hammer' is set on object 'Object Repository/Quote_OR/txtfield_PASSWORD'

2018-01-24 17:21:14 - [MESSAGE][PASSED] - Text '10#Hammer' is set on object 'Object Repository/Quote_OR/txtfield_PASSWORD'

2018-01-24 17:21:14 - [TEST_STEP][PASSED] - click: Object: 'Object Repository/Quote_OR/btn-LOGIN' is clicked on

2018-01-24 17:21:19 - [MESSAGE][PASSED] - Object: 'Object Repository/Quote_OR/btn-LOGIN' is clicked on

2018-01-24 17:21:19 - [TEST_STEP][PASSED] - delay: Delayed 5 second(s)

2018-01-24 17:21:24 - [MESSAGE][PASSED] - Delayed 5 second(s)

2018-01-24 17:21:24 - [TEST_STEP][PASSED] - Statement - btnId = "//*[@id="btnLoadApplication_" + policyInfoId + ""]": null

2018-01-24 17:21:24 - [TEST_STEP][PASSED] - Statement - btnViewApplication = new com.kms.katalon.core.testobject.TestObject(btnViewApplication): null

2018-01-24 17:21:24 - [TEST_STEP][PASSED] - Statement - btnViewApplication.addProperty("xpath", EQUALS, btnId, true): null

2018-01-24 17:21:24 - [TEST_STEP][PASSED] - delay: Delayed 20 second(s)

2018-01-24 17:21:44 - [MESSAGE][PASSED] - Delayed 20 second(s)

2018-01-24 17:21:44 - [TEST_STEP][PASSED] - click: Object: 'btnViewApplication' is clicked on

2018-01-24 17:21:46 - [MESSAGE][PASSED] - Object: 'btnViewApplication' is clicked on

2018-01-24 17:21:46 - [TEST_STEP][PASSED] - delay: Delayed 8 second(s)

2018-01-24 17:21:54 - [MESSAGE][PASSED] - Delayed 8 second(s)

2018-01-24 17:21:54 - [TEST_STEP][PASSED] - click: Object: 'Object Repository/Application_OR/btn_DOWNLOAD_AFS_UW' is clicked on

2018-01-24 17:21:54 - [MESSAGE][PASSED] - Object: 'Object Repository/Application_OR/btn_DOWNLOAD_AFS_UW' is clicked on

2018-01-24 17:21:54 - [TEST_STEP][PASSED] - delay: Delayed 5 second(s)

2018-01-24 17:21:59 - [MESSAGE][PASSED] - Delayed 5 second(s)

2018-01-24 17:21:59 - [TEST_STEP][PASSED] - click: Object: 'Object Repository/Application_OR/btn_GENERATE_FORMS' is clicked on

2018-01-24 17:21:59 - [MESSAGE][PASSED] - Object: 'Object Repository/Application_OR/btn_GENERATE_FORMS' is clicked on

2018-01-24 17:21:59 - [TEST_STEP][PASSED] - delay: Delayed 5 second(s)

2018-01-24 17:22:04 - [MESSAGE][PASSED] - Delayed 5 second(s)

2018-01-24 17:22:04 - [TEST_STEP][PASSED] - click: Object: 'Object Repository/Application_OR/btn_REQUEST_FOR_BIND' is clicked on

2018-01-24 17:22:04 - [MESSAGE][PASSED] - Object: 'Object Repository/Application_OR/btn_REQUEST_FOR_BIND' is clicked on

2018-01-24 17:22:04 - [TEST_STEP][PASSED] - delay: Delayed 20 second(s)

2018-01-24 17:22:24 - [MESSAGE][PASSED] - Delayed 20 second(s)

2018-01-24 17:22:24 - [TEST_STEP][PASSED] - click: Object: 'Object Repository/Application_OR/btn_VIEW_POLICY_FORMS' is clicked on

2018-01-24 17:22:25 - [MESSAGE][PASSED] - Object: 'Object Repository/Application_OR/btn_VIEW_POLICY_FORMS' is clicked on

2018-01-24 17:22:25 - [TEST_STEP][PASSED] - delay: Delayed 15 second(s)

2018-01-24 17:22:40 - [MESSAGE][PASSED] - Delayed 15 second(s)

2018-01-24 17:22:40 - [TEST_STEP][PASSED] - click: Object: 'Object Repository/Application_OR/btn_UW_APPLICATION_STATUS_MENU' is clicked on

2018-01-24 17:22:40 - [MESSAGE][PASSED] - Object: 'Object Repository/Application_OR/btn_UW_APPLICATION_STATUS_MENU' is clicked on

2018-01-24 17:22:40 - [TEST_STEP][PASSED] - delay: Delayed 2 second(s)

2018-01-24 17:22:42 - [MESSAGE][PASSED] - Delayed 2 second(s)

2018-01-24 17:22:42 - [TEST_STEP][PASSED] - click: Object: 'Object Repository/Application_OR/btn_YES_CONFIRMATION' is clicked on

2018-01-24 17:22:43 - [MESSAGE][PASSED] - Object: 'Object Repository/Application_OR/btn_YES_CONFIRMATION' is clicked on

2018-01-24 17:22:43 - [TEST_STEP][PASSED] - delay: Delayed 12 second(s)

2018-01-24 17:22:55 - [MESSAGE][PASSED] - Delayed 12 second(s)]]></system-out>
         <system-err><![CDATA[]]></system-err>
      </testcase>
      <testcase name="Test Cases/ENDORSEMENT_CREATION" classname="Test Cases/ENDORSEMENT_CREATION" status="FAILED">
         <failure type="FAILED" message="Unable to click on object 'Object Repository/Endorsement_OR/btn_ENDORSEMENT_MENU' (Root cause: org.openqa.selenium.WebDriverException: unknown error: Element &lt;img src=&quot;/assets/images/endorsement.png&quot; class=&quot;active&quot; style=&quot;display:inline;&quot; alt=&quot;&quot;> is not clickable at point (54, 352). Other element would receive the click: &lt;div class=&quot;modalLoader&quot;>...&lt;/div>
  (Session info: chrome=63.0.3239.132)
  (Driver info: chromedriver=2.33.506120 (e3e53437346286c0bc2d2dc9aa4915ba81d9023f),platform=Windows NT 6.1.7601 SP1 x86_64) (WARNING: The server did not provide any stacktrace information)
Command duration or timeout: 41 milliseconds
Build info: version: '2.53.0', revision: '35ae25b', time: '2016-03-15 17:00:58'
System info: host: 'CTS-QUA-4', ip: '192.168.0.4', os.name: 'Windows 7', os.arch: 'amd64', os.version: '6.1', java.version: '1.8.0_102'
Driver info: com.kms.katalon.selenium.driver.CChromeDriver
Capabilities [{applicationCacheEnabled=false, rotatable=false, mobileEmulationEnabled=false, networkConnectionEnabled=false, chrome={chromedriverVersion=2.33.506120 (e3e53437346286c0bc2d2dc9aa4915ba81d9023f), userDataDir=C:\Users\GSALUN~1\AppData\Local\Temp\scoped_dir14056_15037}, takesHeapSnapshot=true, pageLoadStrategy=normal, databaseEnabled=false, handlesAlerts=true, hasTouchScreen=false, version=63.0.3239.132, platform=XP, browserConnectionEnabled=false, nativeEvents=true, acceptSslCerts=true, locationContextEnabled=true, webStorageEnabled=true, browserName=chrome, takesScreenshot=true, javascriptEnabled=true, cssSelectorsEnabled=true, setWindowRect=true, unexpectedAlertBehaviour=}]
Session ID: 579e4b870a6d703005e0c4c8ba230d96)"/>
         <system-out><![CDATA[2018-01-24 17:22:55 - [TEST_CASE][FAILED] - Test Cases/ENDORSEMENT_CREATION: Test Cases/ENDORSEMENT_CREATION FAILED because (of) Unable to click on object 'Object Repository/Endorsement_OR/btn_ENDORSEMENT_MENU' (Root cause: org.openqa.selenium.WebDriverException: unknown error: Element <img src="/assets/images/endorsement.png" class="active" style="display:inline;" alt=""> is not clickable at point (54, 352). Other element would receive the click: <div class="modalLoader">...</div>
  (Session info: chrome=63.0.3239.132)
  (Driver info: chromedriver=2.33.506120 (e3e53437346286c0bc2d2dc9aa4915ba81d9023f),platform=Windows NT 6.1.7601 SP1 x86_64) (WARNING: The server did not provide any stacktrace information)
Command duration or timeout: 41 milliseconds
Build info: version: '2.53.0', revision: '35ae25b', time: '2016-03-15 17:00:58'
System info: host: 'CTS-QUA-4', ip: '192.168.0.4', os.name: 'Windows 7', os.arch: 'amd64', os.version: '6.1', java.version: '1.8.0_102'
Driver info: com.kms.katalon.selenium.driver.CChromeDriver
Capabilities [{applicationCacheEnabled=false, rotatable=false, mobileEmulationEnabled=false, networkConnectionEnabled=false, chrome={chromedriverVersion=2.33.506120 (e3e53437346286c0bc2d2dc9aa4915ba81d9023f), userDataDir=C:\Users\GSALUN~1\AppData\Local\Temp\scoped_dir14056_15037}, takesHeapSnapshot=true, pageLoadStrategy=normal, databaseEnabled=false, handlesAlerts=true, hasTouchScreen=false, version=63.0.3239.132, platform=XP, browserConnectionEnabled=false, nativeEvents=true, acceptSslCerts=true, locationContextEnabled=true, webStorageEnabled=true, browserName=chrome, takesScreenshot=true, javascriptEnabled=true, cssSelectorsEnabled=true, setWindowRect=true, unexpectedAlertBehaviour=}]
Session ID: 579e4b870a6d703005e0c4c8ba230d96)

2018-01-24 17:22:55 - [TEST_STEP][PASSED] - click: Object: 'Object Repository/Endorsement_OR/btn_ADVANCE_FILTER' is clicked on

2018-01-24 17:22:55 - [MESSAGE][PASSED] - Object: 'Object Repository/Endorsement_OR/btn_ADVANCE_FILTER' is clicked on

2018-01-24 17:22:55 - [TEST_STEP][PASSED] - setText: Text '200 Quiet Stream Ct, Roswell, GA 30075, USA' is set on object 'Object Repository/Endorsement_OR/txtfield_AdvanceFilter_PROPERTY_ADDRESS'

2018-01-24 17:22:56 - [MESSAGE][PASSED] - Text '200 Quiet Stream Ct, Roswell, GA 30075, USA' is set on object 'Object Repository/Endorsement_OR/txtfield_AdvanceFilter_PROPERTY_ADDRESS'

2018-01-24 17:22:56 - [TEST_STEP][PASSED] - delay: Delayed 12 second(s)

2018-01-24 17:23:08 - [MESSAGE][PASSED] - Delayed 12 second(s)

2018-01-24 17:23:08 - [TEST_STEP][PASSED] - click: Object: 'Object Repository/Endorsement_OR/btn_APPLY_Advance_Filter' is clicked on

2018-01-24 17:23:08 - [MESSAGE][PASSED] - Object: 'Object Repository/Endorsement_OR/btn_APPLY_Advance_Filter' is clicked on

2018-01-24 17:23:08 - [TEST_STEP][PASSED] - delay: Delayed 10 second(s)

2018-01-24 17:23:18 - [MESSAGE][PASSED] - Delayed 10 second(s)

2018-01-24 17:23:18 - [TEST_STEP][PASSED] - Statement - policynumber = com.kms.katalon.core.webui.keyword.WebUiBuiltInKeywords.getText(com.kms.katalon.core.testobject.ObjectRepository.findTestObject(Endorsement_OR/get_POLICYNUMBER)): Text of object 'Object Repository/Endorsement_OR/get_POLICYNUMBER' is: 'BCIHGA1800071'

2018-01-24 17:23:18 - [MESSAGE][PASSED] - Text of object 'Object Repository/Endorsement_OR/get_POLICYNUMBER' is: 'BCIHGA1800071'

2018-01-24 17:23:18 - [TEST_STEP][PASSED] - Statement - println(policynumber): null

2018-01-24 17:23:18 - [TEST_STEP][PASSED] - delay: Delayed 2 second(s)

2018-01-24 17:23:20 - [MESSAGE][PASSED] - Delayed 2 second(s)

2018-01-24 17:23:20 - [TEST_STEP][FAILED] - click: Unable to click on object 'Object Repository/Endorsement_OR/btn_ENDORSEMENT_MENU' (Root cause: org.openqa.selenium.WebDriverException: unknown error: Element <img src="/assets/images/endorsement.png" class="active" style="display:inline;" alt=""> is not clickable at point (54, 352). Other element would receive the click: <div class="modalLoader">...</div>
  (Session info: chrome=63.0.3239.132)
  (Driver info: chromedriver=2.33.506120 (e3e53437346286c0bc2d2dc9aa4915ba81d9023f),platform=Windows NT 6.1.7601 SP1 x86_64) (WARNING: The server did not provide any stacktrace information)
Command duration or timeout: 41 milliseconds
Build info: version: '2.53.0', revision: '35ae25b', time: '2016-03-15 17:00:58'
System info: host: 'CTS-QUA-4', ip: '192.168.0.4', os.name: 'Windows 7', os.arch: 'amd64', os.version: '6.1', java.version: '1.8.0_102'
Driver info: com.kms.katalon.selenium.driver.CChromeDriver
Capabilities [{applicationCacheEnabled=false, rotatable=false, mobileEmulationEnabled=false, networkConnectionEnabled=false, chrome={chromedriverVersion=2.33.506120 (e3e53437346286c0bc2d2dc9aa4915ba81d9023f), userDataDir=C:\Users\GSALUN~1\AppData\Local\Temp\scoped_dir14056_15037}, takesHeapSnapshot=true, pageLoadStrategy=normal, databaseEnabled=false, handlesAlerts=true, hasTouchScreen=false, version=63.0.3239.132, platform=XP, browserConnectionEnabled=false, nativeEvents=true, acceptSslCerts=true, locationContextEnabled=true, webStorageEnabled=true, browserName=chrome, takesScreenshot=true, javascriptEnabled=true, cssSelectorsEnabled=true, setWindowRect=true, unexpectedAlertBehaviour=}]
Session ID: 579e4b870a6d703005e0c4c8ba230d96)

2018-01-24 17:23:21 - [MESSAGE][FAILED] - Unable to click on object 'Object Repository/Endorsement_OR/btn_ENDORSEMENT_MENU' (Root cause: org.openqa.selenium.WebDriverException: unknown error: Element <img src="/assets/images/endorsement.png" class="active" style="display:inline;" alt=""> is not clickable at point (54, 352). Other element would receive the click: <div class="modalLoader">...</div>
  (Session info: chrome=63.0.3239.132)
  (Driver info: chromedriver=2.33.506120 (e3e53437346286c0bc2d2dc9aa4915ba81d9023f),platform=Windows NT 6.1.7601 SP1 x86_64) (WARNING: The server did not provide any stacktrace information)
Command duration or timeout: 41 milliseconds
Build info: version: '2.53.0', revision: '35ae25b', time: '2016-03-15 17:00:58'
System info: host: 'CTS-QUA-4', ip: '192.168.0.4', os.name: 'Windows 7', os.arch: 'amd64', os.version: '6.1', java.version: '1.8.0_102'
Driver info: com.kms.katalon.selenium.driver.CChromeDriver
Capabilities [{applicationCacheEnabled=false, rotatable=false, mobileEmulationEnabled=false, networkConnectionEnabled=false, chrome={chromedriverVersion=2.33.506120 (e3e53437346286c0bc2d2dc9aa4915ba81d9023f), userDataDir=C:\Users\GSALUN~1\AppData\Local\Temp\scoped_dir14056_15037}, takesHeapSnapshot=true, pageLoadStrategy=normal, databaseEnabled=false, handlesAlerts=true, hasTouchScreen=false, version=63.0.3239.132, platform=XP, browserConnectionEnabled=false, nativeEvents=true, acceptSslCerts=true, locationContextEnabled=true, webStorageEnabled=true, browserName=chrome, takesScreenshot=true, javascriptEnabled=true, cssSelectorsEnabled=true, setWindowRect=true, unexpectedAlertBehaviour=}]
Session ID: 579e4b870a6d703005e0c4c8ba230d96)
[[ATTACHMENT|D:\\Katalon_Practice_Workspace\\Katalon_Mitendra\\Reports\\PPE\\20180124_171555\\1516794800669.png]]]]></system-out>
         <system-err><![CDATA[2018-01-24 17:22:55 - [TEST_CASE][FAILED] - Test Cases/ENDORSEMENT_CREATION: Test Cases/ENDORSEMENT_CREATION FAILED because (of) Unable to click on object 'Object Repository/Endorsement_OR/btn_ENDORSEMENT_MENU' (Root cause: org.openqa.selenium.WebDriverException: unknown error: Element <img src="/assets/images/endorsement.png" class="active" style="display:inline;" alt=""> is not clickable at point (54, 352). Other element would receive the click: <div class="modalLoader">...</div>
  (Session info: chrome=63.0.3239.132)
  (Driver info: chromedriver=2.33.506120 (e3e53437346286c0bc2d2dc9aa4915ba81d9023f),platform=Windows NT 6.1.7601 SP1 x86_64) (WARNING: The server did not provide any stacktrace information)
Command duration or timeout: 41 milliseconds
Build info: version: '2.53.0', revision: '35ae25b', time: '2016-03-15 17:00:58'
System info: host: 'CTS-QUA-4', ip: '192.168.0.4', os.name: 'Windows 7', os.arch: 'amd64', os.version: '6.1', java.version: '1.8.0_102'
Driver info: com.kms.katalon.selenium.driver.CChromeDriver
Capabilities [{applicationCacheEnabled=false, rotatable=false, mobileEmulationEnabled=false, networkConnectionEnabled=false, chrome={chromedriverVersion=2.33.506120 (e3e53437346286c0bc2d2dc9aa4915ba81d9023f), userDataDir=C:\Users\GSALUN~1\AppData\Local\Temp\scoped_dir14056_15037}, takesHeapSnapshot=true, pageLoadStrategy=normal, databaseEnabled=false, handlesAlerts=true, hasTouchScreen=false, version=63.0.3239.132, platform=XP, browserConnectionEnabled=false, nativeEvents=true, acceptSslCerts=true, locationContextEnabled=true, webStorageEnabled=true, browserName=chrome, takesScreenshot=true, javascriptEnabled=true, cssSelectorsEnabled=true, setWindowRect=true, unexpectedAlertBehaviour=}]
Session ID: 579e4b870a6d703005e0c4c8ba230d96)]]></system-err>
      </testcase>
      <system-out><![CDATA[2018-01-24 17:15:57 - [TEST_SUITE][FAILED] - PPE: Test Cases/ENDORSEMENT_CREATION FAILED because (of) Unable to click on object 'Object Repository/Endorsement_OR/btn_ENDORSEMENT_MENU' (Root cause: org.openqa.selenium.WebDriverException: unknown error: Element <img src="/assets/images/endorsement.png" class="active" style="display:inline;" alt=""> is not clickable at point (54, 352). Other element would receive the click: <div class="modalLoader">...</div>
  (Session info: chrome=63.0.3239.132)
  (Driver info: chromedriver=2.33.506120 (e3e53437346286c0bc2d2dc9aa4915ba81d9023f),platform=Windows NT 6.1.7601 SP1 x86_64) (WARNING: The server did not provide any stacktrace information)
Command duration or timeout: 41 milliseconds
Build info: version: '2.53.0', revision: '35ae25b', time: '2016-03-15 17:00:58'
System info: host: 'CTS-QUA-4', ip: '192.168.0.4', os.name: 'Windows 7', os.arch: 'amd64', os.version: '6.1', java.version: '1.8.0_102'
Driver info: com.kms.katalon.selenium.driver.CChromeDriver
Capabilities [{applicationCacheEnabled=false, rotatable=false, mobileEmulationEnabled=false, networkConnectionEnabled=false, chrome={chromedriverVersion=2.33.506120 (e3e53437346286c0bc2d2dc9aa4915ba81d9023f), userDataDir=C:\Users\GSALUN~1\AppData\Local\Temp\scoped_dir14056_15037}, takesHeapSnapshot=true, pageLoadStrategy=normal, databaseEnabled=false, handlesAlerts=true, hasTouchScreen=false, version=63.0.3239.132, platform=XP, browserConnectionEnabled=false, nativeEvents=true, acceptSslCerts=true, locationContextEnabled=true, webStorageEnabled=true, browserName=chrome, takesScreenshot=true, javascriptEnabled=true, cssSelectorsEnabled=true, setWindowRect=true, unexpectedAlertBehaviour=}]
Session ID: 579e4b870a6d703005e0c4c8ba230d96)]]></system-out>
      <system-err><![CDATA[2018-01-24 17:15:57 - [TEST_SUITE][FAILED] - PPE: Test Cases/ENDORSEMENT_CREATION FAILED because (of) Unable to click on object 'Object Repository/Endorsement_OR/btn_ENDORSEMENT_MENU' (Root cause: org.openqa.selenium.WebDriverException: unknown error: Element <img src="/assets/images/endorsement.png" class="active" style="display:inline;" alt=""> is not clickable at point (54, 352). Other element would receive the click: <div class="modalLoader">...</div>
  (Session info: chrome=63.0.3239.132)
  (Driver info: chromedriver=2.33.506120 (e3e53437346286c0bc2d2dc9aa4915ba81d9023f),platform=Windows NT 6.1.7601 SP1 x86_64) (WARNING: The server did not provide any stacktrace information)
Command duration or timeout: 41 milliseconds
Build info: version: '2.53.0', revision: '35ae25b', time: '2016-03-15 17:00:58'
System info: host: 'CTS-QUA-4', ip: '192.168.0.4', os.name: 'Windows 7', os.arch: 'amd64', os.version: '6.1', java.version: '1.8.0_102'
Driver info: com.kms.katalon.selenium.driver.CChromeDriver
Capabilities [{applicationCacheEnabled=false, rotatable=false, mobileEmulationEnabled=false, networkConnectionEnabled=false, chrome={chromedriverVersion=2.33.506120 (e3e53437346286c0bc2d2dc9aa4915ba81d9023f), userDataDir=C:\Users\GSALUN~1\AppData\Local\Temp\scoped_dir14056_15037}, takesHeapSnapshot=true, pageLoadStrategy=normal, databaseEnabled=false, handlesAlerts=true, hasTouchScreen=false, version=63.0.3239.132, platform=XP, browserConnectionEnabled=false, nativeEvents=true, acceptSslCerts=true, locationContextEnabled=true, webStorageEnabled=true, browserName=chrome, takesScreenshot=true, javascriptEnabled=true, cssSelectorsEnabled=true, setWindowRect=true, unexpectedAlertBehaviour=}]
Session ID: 579e4b870a6d703005e0c4c8ba230d96)]]></system-err>
   </testsuite>
</testsuites>
