<?xml version="1.0" encoding="UTF-8"?>
<testsuites name="PPE" time="460" tests="2" failures="0" errors="1">
   <testsuite name="PPE" tests="2" failures="0" errors="1" time="460" timestamp="2018-01-18 12:40:37" hostname="gsalunkhe - CTS-QUA-4.cogitate.india" id="Test Suites/PPE">
      <properties>
         <property name="deviceName" value=""/>
         <property name="devicePlatform" value=""/>
         <property name="logFolder" value="D:\\Katalon_Practice_Workspace\\Katalon_Mitendra\\Reports\\PPE\\20180118_124036"/>
         <property name="logFiles" value="D:\\Katalon_Practice_Workspace\\Katalon_Mitendra\\Reports\\PPE\\20180118_124036\\execution0.log"/>
         <property name="attachments" value=""/>
         <property name="hostName" value="gsalunkhe - CTS-QUA-4.cogitate.india"/>
         <property name="os" value="Windows 7 64bit"/>
         <property name="katalonVersion" value="5.0.1.1"/>
         <property name="browser" value="Chrome 63.0.3239.132"/>
         <property name="hostAddress" value="192.168.0.4"/>
         <property name="sessionId" value="8263c48f3f1a9c92ee3e5487c4c3e391"/>
         <property name="seleniumVersion" value="2.53.0"/>
         <property name="proxyInformation" value="ProxyInformation{proxyOption=NO_PROXY, proxyServerType=HTTP, password=, proxyServerAddress=, proxyServerPort=0}"/>
         <property name="platform" value="Windows 7"/>
      </properties>
      <testcase name="Test Cases/QUOTE_CREATION" classname="Test Cases/QUOTE_CREATION" status="PASSED">
         <system-out><![CDATA[2018-01-18 12:40:37 - [TEST_CASE][PASSED] - Test Cases/QUOTE_CREATION: Test Cases/QUOTE_CREATION

2018-01-18 12:40:38 - [TEST_STEP][PASSED] - openBrowser: Browser is opened with url: 'http://13.90.102.191:8066'

2018-01-18 12:40:46 - [MESSAGE][PASSED] - Browser is opened with url: 'http://13.90.102.191:8066'

2018-01-18 12:40:46 - [TEST_STEP][PASSED] - maximizeWindow: Current window maximized

2018-01-18 12:40:47 - [MESSAGE][PASSED] - Current window maximized

2018-01-18 12:40:47 - [TEST_STEP][PASSED] - setText: Text 'ih.chelms' is set on object 'Object Repository/Quote_OR/txtfield_USERNAME'

2018-01-18 12:40:48 - [MESSAGE][PASSED] - Text 'ih.chelms' is set on object 'Object Repository/Quote_OR/txtfield_USERNAME'

2018-01-18 12:40:48 - [TEST_STEP][PASSED] - setText: Text '10#Hammer' is set on object 'Object Repository/Quote_OR/txtfield_PASSWORD'

2018-01-18 12:40:48 - [MESSAGE][PASSED] - Text '10#Hammer' is set on object 'Object Repository/Quote_OR/txtfield_PASSWORD'

2018-01-18 12:40:48 - [TEST_STEP][PASSED] - click: Object: 'Object Repository/Quote_OR/btn-LOGIN' is clicked on

2018-01-18 12:41:08 - [MESSAGE][PASSED] - Object: 'Object Repository/Quote_OR/btn-LOGIN' is clicked on

2018-01-18 12:41:08 - [TEST_STEP][PASSED] - setText: Text '1065 Moores Grove Rd Winterville, GA 30683 USA' is set on object 'Object Repository/Quote_OR/txtfield_ADDRESS_ON_LANDING_PAGE'

2018-01-18 12:41:09 - [MESSAGE][PASSED] - Text '1065 Moores Grove Rd Winterville, GA 30683 USA' is set on object 'Object Repository/Quote_OR/txtfield_ADDRESS_ON_LANDING_PAGE'

2018-01-18 12:41:09 - [TEST_STEP][PASSED] - click: Object: 'Object Repository/Quote_OR/btn_SEARCH_ADDRESS' is clicked on

2018-01-18 12:41:24 - [MESSAGE][PASSED] - Object: 'Object Repository/Quote_OR/btn_SEARCH_ADDRESS' is clicked on

2018-01-18 12:41:24 - [TEST_STEP][PASSED] - waitForPageLoad: Wait for page load successfully

2018-01-18 12:41:24 - [MESSAGE][PASSED] - Wait for page load successfully

2018-01-18 12:41:24 - [TEST_STEP][PASSED] - selectOptionByIndex: All options with index in [1] are selected on object 'Object Repository/Quote_OR/drp_PROPERTY_TYPE'

2018-01-18 12:41:24 - [MESSAGE][PASSED] - All options with index in [1] are selected on object 'Object Repository/Quote_OR/drp_PROPERTY_TYPE'

2018-01-18 12:41:24 - [TEST_STEP][PASSED] - setText: Text '' is set on object 'Object Repository/Quote_OR/txtfield_HOME_VALUATION'

2018-01-18 12:41:25 - [MESSAGE][PASSED] - Text '' is set on object 'Object Repository/Quote_OR/txtfield_HOME_VALUATION'

2018-01-18 12:41:25 - [TEST_STEP][PASSED] - selectOptionByIndex: All options with index in [2] are selected on object 'Object Repository/Quote_OR/drp_CONSTRUCTION_TYPE'

2018-01-18 12:41:25 - [MESSAGE][PASSED] - All options with index in [2] are selected on object 'Object Repository/Quote_OR/drp_CONSTRUCTION_TYPE'

2018-01-18 12:41:25 - [TEST_STEP][PASSED] - setText: Text '100000' is set on object 'Object Repository/Quote_OR/txtfield_HOME_VALUATION'

2018-01-18 12:41:25 - [MESSAGE][PASSED] - Text '100000' is set on object 'Object Repository/Quote_OR/txtfield_HOME_VALUATION'

2018-01-18 12:41:25 - [TEST_STEP][PASSED] - delay: Delayed 2 second(s)

2018-01-18 12:41:27 - [MESSAGE][PASSED] - Delayed 2 second(s)

2018-01-18 12:41:27 - [TEST_STEP][PASSED] - setText: Text '' is set on object 'Object Repository/Quote_OR/txtbx_YEARHOMEBUILD'

2018-01-18 12:41:27 - [MESSAGE][PASSED] - Text '' is set on object 'Object Repository/Quote_OR/txtbx_YEARHOMEBUILD'

2018-01-18 12:41:27 - [TEST_STEP][PASSED] - setText: Text '1968' is set on object 'Object Repository/Quote_OR/txtbx_YEARHOMEBUILD'

2018-01-18 12:41:27 - [MESSAGE][PASSED] - Text '1968' is set on object 'Object Repository/Quote_OR/txtbx_YEARHOMEBUILD'

2018-01-18 12:41:27 - [TEST_STEP][PASSED] - click: Object: 'Object Repository/Quote_OR/btn_GETQUOTE' is clicked on

2018-01-18 12:41:27 - [MESSAGE][PASSED] - Object: 'Object Repository/Quote_OR/btn_GETQUOTE' is clicked on

2018-01-18 12:41:27 - [TEST_STEP][PASSED] - delay: Delayed 1 second(s)

2018-01-18 12:41:28 - [MESSAGE][PASSED] - Delayed 1 second(s)

2018-01-18 12:41:29 - [TEST_STEP][PASSED] - click: Object: 'Object Repository/Quote_OR/btn_SENDQUOTE' is clicked on

2018-01-18 12:41:40 - [MESSAGE][PASSED] - Object: 'Object Repository/Quote_OR/btn_SENDQUOTE' is clicked on

2018-01-18 12:41:40 - [TEST_STEP][PASSED] - delay: Delayed 1 second(s)

2018-01-18 12:41:41 - [MESSAGE][PASSED] - Delayed 1 second(s)

2018-01-18 12:41:41 - [TEST_STEP][PASSED] - setText: Text 'Ganesh' is set on object 'Object Repository/Quote_OR/txtfield_SENDQUOTE_FIRSTNAME'

2018-01-18 12:41:41 - [MESSAGE][PASSED] - Text 'Ganesh' is set on object 'Object Repository/Quote_OR/txtfield_SENDQUOTE_FIRSTNAME'

2018-01-18 12:41:41 - [TEST_STEP][PASSED] - setText: Text 'Salunkhe' is set on object 'Object Repository/Quote_OR/txtfield_SENDQUOTE_LASTNAME'

2018-01-18 12:41:41 - [MESSAGE][PASSED] - Text 'Salunkhe' is set on object 'Object Repository/Quote_OR/txtfield_SENDQUOTE_LASTNAME'

2018-01-18 12:41:41 - [TEST_STEP][PASSED] - delay: Delayed 10 second(s)

2018-01-18 12:41:51 - [MESSAGE][PASSED] - Delayed 10 second(s)

2018-01-18 12:41:51 - [TEST_STEP][PASSED] - setText: Text '9768180080' is set on object 'Object Repository/Quote_OR/txtfield_SENDQUOTE_CONTACTNUMBER'

2018-01-18 12:41:51 - [MESSAGE][PASSED] - Text '9768180080' is set on object 'Object Repository/Quote_OR/txtfield_SENDQUOTE_CONTACTNUMBER'

2018-01-18 12:41:51 - [TEST_STEP][PASSED] - delay: Delayed 10 second(s)

2018-01-18 12:42:01 - [MESSAGE][PASSED] - Delayed 10 second(s)

2018-01-18 12:42:01 - [TEST_STEP][PASSED] - setText: Text 'gsalunkhe@cogitate.us' is set on object 'Object Repository/Quote_OR/txtfield_SENDQUOTE_EMAIL'

2018-01-18 12:42:02 - [MESSAGE][PASSED] - Text 'gsalunkhe@cogitate.us' is set on object 'Object Repository/Quote_OR/txtfield_SENDQUOTE_EMAIL'

2018-01-18 12:42:02 - [TEST_STEP][PASSED] - delay: Delayed 10 second(s)

2018-01-18 12:42:12 - [MESSAGE][PASSED] - Delayed 10 second(s)

2018-01-18 12:42:12 - [TEST_STEP][PASSED] - click: Object: 'Object Repository/Quote_OR/btn_SEND_QUOTE_DETAILS' is clicked on

2018-01-18 12:42:12 - [MESSAGE][PASSED] - Object: 'Object Repository/Quote_OR/btn_SEND_QUOTE_DETAILS' is clicked on

2018-01-18 12:42:12 - [TEST_STEP][PASSED] - selectOptionByIndex: All options with index in [1] are selected on object 'Object Repository/Quote_OR/drp_CONSTRUCTION_TYPE'

2018-01-18 12:42:12 - [MESSAGE][PASSED] - All options with index in [1] are selected on object 'Object Repository/Quote_OR/drp_CONSTRUCTION_TYPE'

2018-01-18 12:42:12 - [TEST_STEP][PASSED] - delay: Delayed 5 second(s)

2018-01-18 12:42:17 - [MESSAGE][PASSED] - Delayed 5 second(s)

2018-01-18 12:42:17 - [TEST_STEP][PASSED] - click: Object: 'Object Repository/Quote_OR/btn_RECALCULATE_PREMIUM' is clicked on

2018-01-18 12:42:17 - [MESSAGE][PASSED] - Object: 'Object Repository/Quote_OR/btn_RECALCULATE_PREMIUM' is clicked on]]></system-out>
         <system-err><![CDATA[]]></system-err>
      </testcase>
      <testcase name="Test Cases/APPLICATION_CREATION" classname="Test Cases/APPLICATION_CREATION" status="PASSED">
         <system-out><![CDATA[2018-01-18 12:42:17 - [TEST_CASE][PASSED] - Test Cases/APPLICATION_CREATION: Test Cases/APPLICATION_CREATION

2018-01-18 12:42:18 - [TEST_STEP][PASSED] - setText: Text '360 Gordon Cir Winterville, GA 30683 USA' is set on object 'Object Repository/Application_OR/txtfield_ADDRESS_ON_QUOTE_PAGE'

2018-01-18 12:42:18 - [MESSAGE][PASSED] - Text '360 Gordon Cir Winterville, GA 30683 USA' is set on object 'Object Repository/Application_OR/txtfield_ADDRESS_ON_QUOTE_PAGE'

2018-01-18 12:42:18 - [TEST_STEP][PASSED] - click: Object: 'Object Repository/Application_OR/btn_SEARCH_ADDRESS_QUOTE_PAGE' is clicked on

2018-01-18 12:42:40 - [MESSAGE][PASSED] - Object: 'Object Repository/Application_OR/btn_SEARCH_ADDRESS_QUOTE_PAGE' is clicked on

2018-01-18 12:42:40 - [TEST_STEP][PASSED] - setText: Text '' is set on object 'Object Repository/Quote_OR/txtbx_YEARHOMEBUILD'

2018-01-18 12:42:40 - [MESSAGE][PASSED] - Text '' is set on object 'Object Repository/Quote_OR/txtbx_YEARHOMEBUILD'

2018-01-18 12:42:40 - [TEST_STEP][PASSED] - setText: Text '2000' is set on object 'Object Repository/Quote_OR/txtbx_YEARHOMEBUILD'

2018-01-18 12:42:40 - [MESSAGE][PASSED] - Text '2000' is set on object 'Object Repository/Quote_OR/txtbx_YEARHOMEBUILD'

2018-01-18 12:42:40 - [TEST_STEP][PASSED] - selectOptionByIndex: All options with index in [2] are selected on object 'Object Repository/Quote_OR/drp_CONSTRUCTION_TYPE'

2018-01-18 12:42:40 - [MESSAGE][PASSED] - All options with index in [2] are selected on object 'Object Repository/Quote_OR/drp_CONSTRUCTION_TYPE'

2018-01-18 12:42:40 - [TEST_STEP][PASSED] - setText: Text '' is set on object 'Object Repository/Quote_OR/txtfield_HOME_VALUATION'

2018-01-18 12:42:41 - [MESSAGE][PASSED] - Text '' is set on object 'Object Repository/Quote_OR/txtfield_HOME_VALUATION'

2018-01-18 12:42:41 - [TEST_STEP][PASSED] - setText: Text '100000' is set on object 'Object Repository/Quote_OR/txtfield_HOME_VALUATION'

2018-01-18 12:42:41 - [MESSAGE][PASSED] - Text '100000' is set on object 'Object Repository/Quote_OR/txtfield_HOME_VALUATION'

2018-01-18 12:42:41 - [TEST_STEP][PASSED] - click: Object: 'Object Repository/Quote_OR/btn_GETQUOTE' is clicked on

2018-01-18 12:42:41 - [MESSAGE][PASSED] - Object: 'Object Repository/Quote_OR/btn_GETQUOTE' is clicked on

2018-01-18 12:42:41 - [TEST_STEP][PASSED] - delay: Delayed 1 second(s)

2018-01-18 12:42:42 - [MESSAGE][PASSED] - Delayed 1 second(s)

2018-01-18 12:42:42 - [TEST_STEP][PASSED] - click: Object: 'Object Repository/Application_OR/btn_TOAPPLICATION' is clicked on

2018-01-18 12:43:06 - [MESSAGE][PASSED] - Object: 'Object Repository/Application_OR/btn_TOAPPLICATION' is clicked on

2018-01-18 12:43:06 - [TEST_STEP][PASSED] - delay: Delayed 10 second(s)

2018-01-18 12:43:16 - [MESSAGE][PASSED] - Delayed 10 second(s)

2018-01-18 12:43:16 - [TEST_STEP][PASSED] - click: Object: 'Object Repository/Application_OR/btn_CONTINUE_UW_QUESTIONS' is clicked on

2018-01-18 12:43:16 - [MESSAGE][PASSED] - Object: 'Object Repository/Application_OR/btn_CONTINUE_UW_QUESTIONS' is clicked on

2018-01-18 12:43:16 - [TEST_STEP][PASSED] - delay: Delayed 10 second(s)

2018-01-18 12:43:26 - [MESSAGE][PASSED] - Delayed 10 second(s)

2018-01-18 12:43:26 - [TEST_STEP][PASSED] - delay: Delayed 3 second(s)

2018-01-18 12:43:29 - [MESSAGE][PASSED] - Delayed 3 second(s)

2018-01-18 12:43:29 - [TEST_STEP][PASSED] - click: Object: 'Object Repository/Application_OR/txtfield_INSURED_FIRSTNAME' is clicked on

2018-01-18 12:43:29 - [MESSAGE][PASSED] - Object: 'Object Repository/Application_OR/txtfield_INSURED_FIRSTNAME' is clicked on

2018-01-18 12:43:29 - [TEST_STEP][PASSED] - setText: Text 'Ross' is set on object 'Object Repository/Application_OR/txtfield_INSURED_FIRSTNAME'

2018-01-18 12:43:30 - [MESSAGE][PASSED] - Text 'Ross' is set on object 'Object Repository/Application_OR/txtfield_INSURED_FIRSTNAME'

2018-01-18 12:43:30 - [TEST_STEP][PASSED] - setText: Text 'Marshal' is set on object 'Object Repository/Application_OR/txtfield_INSURED_MIDDLENAME'

2018-01-18 12:43:30 - [MESSAGE][PASSED] - Text 'Marshal' is set on object 'Object Repository/Application_OR/txtfield_INSURED_MIDDLENAME'

2018-01-18 12:43:30 - [TEST_STEP][PASSED] - setText: Text 'Guptil' is set on object 'Object Repository/Application_OR/txtfield_INSURED_LASTNAME'

2018-01-18 12:43:30 - [MESSAGE][PASSED] - Text 'Guptil' is set on object 'Object Repository/Application_OR/txtfield_INSURED_LASTNAME'

2018-01-18 12:43:30 - [TEST_STEP][PASSED] - setText: Text '09/10/1999' is set on object 'Object Repository/Application_OR/txtfield_INSURED_DOB'

2018-01-18 12:43:30 - [MESSAGE][PASSED] - Text '09/10/1999' is set on object 'Object Repository/Application_OR/txtfield_INSURED_DOB'

2018-01-18 12:43:30 - [TEST_STEP][PASSED] - delay: Delayed 5 second(s)

2018-01-18 12:43:35 - [MESSAGE][PASSED] - Delayed 5 second(s)

2018-01-18 12:43:35 - [TEST_STEP][PASSED] - setText: Text 'gsalunkhe@cogitate.us' is set on object 'Object Repository/Application_OR/txtfield_INSURED_EMAIL'

2018-01-18 12:43:35 - [MESSAGE][PASSED] - Text 'gsalunkhe@cogitate.us' is set on object 'Object Repository/Application_OR/txtfield_INSURED_EMAIL'

2018-01-18 12:43:35 - [TEST_STEP][PASSED] - delay: Delayed 5 second(s)

2018-01-18 12:43:40 - [MESSAGE][PASSED] - Delayed 5 second(s)

2018-01-18 12:43:40 - [TEST_STEP][PASSED] - setText: Text '9768180080' is set on object 'Object Repository/Application_OR/txtfield_INSURED_CONTACTNUMBER'

2018-01-18 12:43:41 - [MESSAGE][PASSED] - Text '9768180080' is set on object 'Object Repository/Application_OR/txtfield_INSURED_CONTACTNUMBER'

2018-01-18 12:43:41 - [TEST_STEP][PASSED] - delay: Delayed 5 second(s)

2018-01-18 12:43:46 - [MESSAGE][PASSED] - Delayed 5 second(s)

2018-01-18 12:43:46 - [TEST_STEP][PASSED] - Statement - hdnPolicyInfoId = com.kms.katalon.core.testobject.ObjectRepository.findTestObject(Generic_OR/hdnPolicyInfoId): Finding Test Object with id 'Object Repository/Generic_OR/hdnPolicyInfoId'

2018-01-18 12:43:46 - [TEST_STEP][PASSED] - Statement - policyInfoid = com.kms.katalon.core.webui.keyword.WebUiBuiltInKeywords.getAttribute(hdnPolicyInfoId, "value"): Attribute 'value' of object 'Object Repository/Generic_OR/hdnPolicyInfoId' is: '3313'

2018-01-18 12:43:46 - [MESSAGE][PASSED] - Attribute 'value' of object 'Object Repository/Generic_OR/hdnPolicyInfoId' is: '3313'

2018-01-18 12:43:46 - [TEST_STEP][PASSED] - Statement - policyInfoId = policyInfoid: null

2018-01-18 12:43:46 - [TEST_STEP][PASSED] - click: Object: 'Object Repository/Application_OR/btn_POLICYHOLDER_SAVEANDCONTINUE' is clicked on

2018-01-18 12:43:46 - [MESSAGE][PASSED] - Object: 'Object Repository/Application_OR/btn_POLICYHOLDER_SAVEANDCONTINUE' is clicked on

2018-01-18 12:43:46 - [TEST_STEP][PASSED] - delay: Delayed 1 second(s)

2018-01-18 12:43:47 - [MESSAGE][PASSED] - Delayed 1 second(s)

2018-01-18 12:43:47 - [TEST_STEP][PASSED] - click: Object: 'Object Repository/Application_OR/drp_ROOFTYPE_PROPERTYPAGE' is clicked on

2018-01-18 12:43:48 - [MESSAGE][PASSED] - Object: 'Object Repository/Application_OR/drp_ROOFTYPE_PROPERTYPAGE' is clicked on

2018-01-18 12:43:48 - [TEST_STEP][PASSED] - delay: Delayed 3 second(s)

2018-01-18 12:43:51 - [MESSAGE][PASSED] - Delayed 3 second(s)

2018-01-18 12:43:51 - [TEST_STEP][PASSED] - selectOptionByIndex: All options with index in [1] are selected on object 'Object Repository/Application_OR/drp_ROOFTYPE_PROPERTYPAGE'

2018-01-18 12:43:51 - [MESSAGE][PASSED] - All options with index in [1] are selected on object 'Object Repository/Application_OR/drp_ROOFTYPE_PROPERTYPAGE'

2018-01-18 12:43:51 - [TEST_STEP][PASSED] - delay: Delayed 2 second(s)

2018-01-18 12:43:53 - [MESSAGE][PASSED] - Delayed 2 second(s)

2018-01-18 12:43:53 - [TEST_STEP][PASSED] - selectOptionByIndex: All options with index in [3] are selected on object 'Object Repository/Application_OR/drp_FOUNDATIONTYPE_PROPERTYPAGE'

2018-01-18 12:43:53 - [MESSAGE][PASSED] - All options with index in [3] are selected on object 'Object Repository/Application_OR/drp_FOUNDATIONTYPE_PROPERTYPAGE'

2018-01-18 12:43:53 - [TEST_STEP][PASSED] - delay: Delayed 2 second(s)

2018-01-18 12:43:55 - [MESSAGE][PASSED] - Delayed 2 second(s)

2018-01-18 12:43:55 - [TEST_STEP][PASSED] - selectOptionByIndex: All options with index in [7] are selected on object 'Object Repository/Application_OR/drp_HEATINGTYPE_PROPERTYPAGE'

2018-01-18 12:43:56 - [MESSAGE][PASSED] - All options with index in [7] are selected on object 'Object Repository/Application_OR/drp_HEATINGTYPE_PROPERTYPAGE'

2018-01-18 12:43:56 - [TEST_STEP][PASSED] - delay: Delayed 5 second(s)

2018-01-18 12:44:01 - [MESSAGE][PASSED] - Delayed 5 second(s)

2018-01-18 12:44:01 - [TEST_STEP][PASSED] - click: Object: 'Object Repository/Application_OR/btn_OCCUPANYPAGE_SAVEANDCONTINUE' is clicked on

2018-01-18 12:44:01 - [MESSAGE][PASSED] - Object: 'Object Repository/Application_OR/btn_OCCUPANYPAGE_SAVEANDCONTINUE' is clicked on

2018-01-18 12:44:01 - [TEST_STEP][PASSED] - delay: Delayed 1 second(s)

2018-01-18 12:44:02 - [MESSAGE][PASSED] - Delayed 1 second(s)

2018-01-18 12:44:02 - [TEST_STEP][PASSED] - click: Object: 'Object Repository/Application_OR/btn_YES_ROOFAGE_POPUP' is clicked on

2018-01-18 12:44:02 - [MESSAGE][PASSED] - Object: 'Object Repository/Application_OR/btn_YES_ROOFAGE_POPUP' is clicked on

2018-01-18 12:44:02 - [TEST_STEP][PASSED] - delay: Delayed 1 second(s)

2018-01-18 12:44:03 - [MESSAGE][PASSED] - Delayed 1 second(s)

2018-01-18 12:44:03 - [TEST_STEP][PASSED] - click: Object: 'Object Repository/Application_OR/btn_YES_ELECTRICALAGE_POPUP' is clicked on

2018-01-18 12:44:03 - [MESSAGE][PASSED] - Object: 'Object Repository/Application_OR/btn_YES_ELECTRICALAGE_POPUP' is clicked on

2018-01-18 12:44:03 - [TEST_STEP][PASSED] - delay: Delayed 1 second(s)

2018-01-18 12:44:04 - [MESSAGE][PASSED] - Delayed 1 second(s)

2018-01-18 12:44:04 - [TEST_STEP][PASSED] - click: Object: 'Object Repository/Application_OR/btn_YES_ELECTRICALAGE_POPUP' is clicked on

2018-01-18 12:44:04 - [MESSAGE][PASSED] - Object: 'Object Repository/Application_OR/btn_YES_ELECTRICALAGE_POPUP' is clicked on

2018-01-18 12:44:04 - [TEST_STEP][PASSED] - delay: Delayed 5 second(s)

2018-01-18 12:44:09 - [MESSAGE][PASSED] - Delayed 5 second(s)

2018-01-18 12:44:09 - [TEST_STEP][PASSED] - click: Object: 'Object Repository/Application_OR/btn_OCCUPANYPAGE_SAVEANDCONTINUE' is clicked on

2018-01-18 12:44:10 - [MESSAGE][PASSED] - Object: 'Object Repository/Application_OR/btn_OCCUPANYPAGE_SAVEANDCONTINUE' is clicked on

2018-01-18 12:44:10 - [TEST_STEP][PASSED] - delay: Delayed 5 second(s)

2018-01-18 12:44:15 - [MESSAGE][PASSED] - Delayed 5 second(s)

2018-01-18 12:44:15 - [TEST_STEP][PASSED] - check: Object 'Object Repository/Application_OR/chkbx_AGREEMENT' is checked

2018-01-18 12:44:16 - [MESSAGE][PASSED] - Object 'Object Repository/Application_OR/chkbx_AGREEMENT' is checked

2018-01-18 12:44:16 - [TEST_STEP][PASSED] - delay: Delayed 10 second(s)

2018-01-18 12:44:26 - [MESSAGE][PASSED] - Delayed 10 second(s)

2018-01-18 12:44:26 - [TEST_STEP][PASSED] - click: Object: 'Object Repository/Application_OR/btn_OCCUPANYPAGE_SAVEANDCONTINUE' is clicked on

2018-01-18 12:44:26 - [MESSAGE][PASSED] - Object: 'Object Repository/Application_OR/btn_OCCUPANYPAGE_SAVEANDCONTINUE' is clicked on

2018-01-18 12:44:26 - [TEST_STEP][PASSED] - delay: Delayed 5 second(s)

2018-01-18 12:44:31 - [MESSAGE][PASSED] - Delayed 5 second(s)

2018-01-18 12:44:31 - [TEST_STEP][PASSED] - click: Object: 'Object Repository/Application_OR/btn_SIGNAPPLICATION_AGENT' is clicked on

2018-01-18 12:44:46 - [MESSAGE][PASSED] - Object: 'Object Repository/Application_OR/btn_SIGNAPPLICATION_AGENT' is clicked on

2018-01-18 12:44:46 - [TEST_STEP][PASSED] - delay: Delayed 5 second(s)

2018-01-18 12:44:51 - [MESSAGE][PASSED] - Delayed 5 second(s)

2018-01-18 12:44:51 - [TEST_STEP][PASSED] - click: Object: 'Object Repository/Application_OR/btn_INSURED_SIGNATURE' is clicked on

2018-01-18 12:44:51 - [MESSAGE][PASSED] - Object: 'Object Repository/Application_OR/btn_INSURED_SIGNATURE' is clicked on

2018-01-18 12:44:51 - [TEST_STEP][PASSED] - delay: Delayed 5 second(s)

2018-01-18 12:44:56 - [MESSAGE][PASSED] - Delayed 5 second(s)

2018-01-18 12:44:56 - [TEST_STEP][PASSED] - click: Object: 'Object Repository/Application_OR/txtbx_INSURED_SIGNATURE' is clicked on

2018-01-18 12:44:56 - [MESSAGE][PASSED] - Object: 'Object Repository/Application_OR/txtbx_INSURED_SIGNATURE' is clicked on

2018-01-18 12:44:56 - [TEST_STEP][PASSED] - delay: Delayed 5 second(s)

2018-01-18 12:45:01 - [MESSAGE][PASSED] - Delayed 5 second(s)

2018-01-18 12:45:01 - [TEST_STEP][PASSED] - setText: Text 'Ross Marshal Guptil' is set on object 'Object Repository/Application_OR/txtbx_INSURED_SIGNATURE'

2018-01-18 12:45:01 - [MESSAGE][PASSED] - Text 'Ross Marshal Guptil' is set on object 'Object Repository/Application_OR/txtbx_INSURED_SIGNATURE'

2018-01-18 12:45:01 - [TEST_STEP][PASSED] - click: Object: 'Object Repository/Application_OR/btn_SUBMIT_INSURED_SIGNATURE' is clicked on

2018-01-18 12:45:02 - [MESSAGE][PASSED] - Object: 'Object Repository/Application_OR/btn_SUBMIT_INSURED_SIGNATURE' is clicked on

2018-01-18 12:45:02 - [TEST_STEP][PASSED] - Statement - otpQuery = "SELECT TOP 1 OtpGenerated FROM PPE_ApplicationForms_trn where PolicyInfoId = " + policyInfoId + " Order BY ModifiedDateTime DESC": null

2018-01-18 12:45:02 - [TEST_STEP][PASSED] - Statement - println("otpQuery" + " " + otpQuery): null

2018-01-18 12:45:02 - [TEST_STEP][PASSED] - com.PPE.Database_Connection.connectDB: com.PPE.Database_Connection.connectDB is PASSED

2018-01-18 12:45:15 - [MESSAGE][PASSED] - com.PPE.Database_Connection.connectDB is PASSED

2018-01-18 12:45:15 - [TEST_STEP][PASSED] - Statement - recordset = CustomKeywords.com.PPE.Database_Connection.executeQuery(otpQuery): com.PPE.Database_Connection.executeQuery is PASSED

2018-01-18 12:45:15 - [MESSAGE][PASSED] - com.PPE.Database_Connection.executeQuery is PASSED

2018-01-18 12:45:15 - [TEST_STEP][PASSED] - Statement - otp = 0: null

2018-01-18 12:45:15 - [TEST_STEP][PASSED] - Statement - While (recordset.next()): null

2018-01-18 12:45:15 - [TEST_STEP][PASSED] - Statement - otp = recordset.getObject("OtpGenerated"): null

2018-01-18 12:45:15 - [TEST_STEP][PASSED] - Statement - println("otp" + " " + otp): null

2018-01-18 12:45:15 - [TEST_STEP][PASSED] - delay: Delayed 10 second(s)

2018-01-18 12:45:25 - [MESSAGE][PASSED] - Delayed 10 second(s)

2018-01-18 12:45:25 - [TEST_STEP][PASSED] - Statement - txtOtp = com.kms.katalon.core.testobject.ObjectRepository.findTestObject(Application_OR/txtfield-OTP): Finding Test Object with id 'Object Repository/Application_OR/txtfield-OTP'

2018-01-18 12:45:25 - [TEST_STEP][PASSED] - setText: Text '7213' is set on object 'Object Repository/Application_OR/txtfield-OTP'

2018-01-18 12:45:26 - [MESSAGE][PASSED] - Text '7213' is set on object 'Object Repository/Application_OR/txtfield-OTP'

2018-01-18 12:45:26 - [TEST_STEP][PASSED] - delay: Delayed 1 second(s)

2018-01-18 12:45:27 - [MESSAGE][PASSED] - Delayed 1 second(s)

2018-01-18 12:45:27 - [TEST_STEP][PASSED] - click: Object: 'Object Repository/Application_OR/btn_OTP_VERIFY' is clicked on

2018-01-18 12:45:27 - [MESSAGE][PASSED] - Object: 'Object Repository/Application_OR/btn_OTP_VERIFY' is clicked on

2018-01-18 12:45:27 - [TEST_STEP][PASSED] - delay: Delayed 5 second(s)

2018-01-18 12:45:32 - [MESSAGE][PASSED] - Delayed 5 second(s)

2018-01-18 12:45:32 - [TEST_STEP][PASSED] - click: Object: 'Object Repository/Application_OR/btn_AGENT_SIGNATURE' is clicked on

2018-01-18 12:45:32 - [MESSAGE][PASSED] - Object: 'Object Repository/Application_OR/btn_AGENT_SIGNATURE' is clicked on

2018-01-18 12:45:32 - [TEST_STEP][PASSED] - delay: Delayed 2 second(s)

2018-01-18 12:45:34 - [MESSAGE][PASSED] - Delayed 2 second(s)

2018-01-18 12:45:34 - [TEST_STEP][PASSED] - click: Object: 'Object Repository/Application_OR/txtbx_AGENT_SIGNATURE' is clicked on

2018-01-18 12:45:34 - [MESSAGE][PASSED] - Object: 'Object Repository/Application_OR/txtbx_AGENT_SIGNATURE' is clicked on

2018-01-18 12:45:34 - [TEST_STEP][PASSED] - delay: Delayed 2 second(s)

2018-01-18 12:45:36 - [MESSAGE][PASSED] - Delayed 2 second(s)

2018-01-18 12:45:36 - [TEST_STEP][PASSED] - setText: Text 'clement helms' is set on object 'Object Repository/Application_OR/txtbx_AGENT_SIGNATURE'

2018-01-18 12:45:36 - [MESSAGE][PASSED] - Text 'clement helms' is set on object 'Object Repository/Application_OR/txtbx_AGENT_SIGNATURE'

2018-01-18 12:45:36 - [TEST_STEP][PASSED] - delay: Delayed 2 second(s)

2018-01-18 12:45:38 - [MESSAGE][PASSED] - Delayed 2 second(s)

2018-01-18 12:45:38 - [TEST_STEP][PASSED] - click: Object: 'Object Repository/Application_OR/btn_SUBMIT_AGENT_SIGNATURE' is clicked on

2018-01-18 12:45:38 - [MESSAGE][PASSED] - Object: 'Object Repository/Application_OR/btn_SUBMIT_AGENT_SIGNATURE' is clicked on

2018-01-18 12:45:38 - [TEST_STEP][PASSED] - delay: Delayed 5 second(s)

2018-01-18 12:45:43 - [MESSAGE][PASSED] - Delayed 5 second(s)

2018-01-18 12:45:43 - [TEST_STEP][PASSED] - click: Object: 'Object Repository/Application_OR/btn_SURPLUSLINE_ACK' is clicked on

2018-01-18 12:45:44 - [MESSAGE][PASSED] - Object: 'Object Repository/Application_OR/btn_SURPLUSLINE_ACK' is clicked on

2018-01-18 12:45:44 - [TEST_STEP][PASSED] - delay: Delayed 5 second(s)

2018-01-18 12:45:49 - [MESSAGE][PASSED] - Delayed 5 second(s)

2018-01-18 12:45:49 - [TEST_STEP][PASSED] - click: Object: 'Object Repository/Application_OR/txtfield_SURPLUSLINE_FORM_TEXT' is clicked on

2018-01-18 12:45:49 - [MESSAGE][PASSED] - Object: 'Object Repository/Application_OR/txtfield_SURPLUSLINE_FORM_TEXT' is clicked on

2018-01-18 12:45:49 - [TEST_STEP][PASSED] - setText: Text 'Testing' is set on object 'Object Repository/Application_OR/txtfield_SURPLUSLINE_FORM_TEXT'

2018-01-18 12:45:49 - [MESSAGE][PASSED] - Text 'Testing' is set on object 'Object Repository/Application_OR/txtfield_SURPLUSLINE_FORM_TEXT'

2018-01-18 12:45:49 - [TEST_STEP][PASSED] - delay: Delayed 5 second(s)

2018-01-18 12:45:54 - [MESSAGE][PASSED] - Delayed 5 second(s)

2018-01-18 12:45:54 - [TEST_STEP][PASSED] - click: Object: 'Object Repository/Application_OR/btn_SUBMIT_SURPLUSLINE' is clicked on

2018-01-18 12:45:55 - [MESSAGE][PASSED] - Object: 'Object Repository/Application_OR/btn_SUBMIT_SURPLUSLINE' is clicked on

2018-01-18 12:45:55 - [TEST_STEP][PASSED] - delay: Delayed 5 second(s)

2018-01-18 12:46:00 - [MESSAGE][PASSED] - Delayed 5 second(s)

2018-01-18 12:46:00 - [TEST_STEP][PASSED] - click: Object: 'Object Repository/Application_OR/btn_SUBMIT_FOR_UW_APPROVAL' is clicked on

2018-01-18 12:46:03 - [MESSAGE][PASSED] - Object: 'Object Repository/Application_OR/btn_SUBMIT_FOR_UW_APPROVAL' is clicked on

2018-01-18 12:46:03 - [TEST_STEP][PASSED] - delay: Delayed 8 second(s)

2018-01-18 12:46:11 - [MESSAGE][PASSED] - Delayed 8 second(s)

2018-01-18 12:46:11 - [TEST_STEP][PASSED] - click: Object: 'Object Repository/Application_OR/btn_LOGOUT' is clicked on

2018-01-18 12:46:11 - [MESSAGE][PASSED] - Object: 'Object Repository/Application_OR/btn_LOGOUT' is clicked on

2018-01-18 12:46:11 - [TEST_STEP][PASSED] - delay: Delayed 5 second(s)

2018-01-18 12:46:16 - [MESSAGE][PASSED] - Delayed 5 second(s)

2018-01-18 12:46:16 - [TEST_STEP][PASSED] - setText: Text 'ih.william' is set on object 'Object Repository/Quote_OR/txtfield_USERNAME'

2018-01-18 12:46:17 - [MESSAGE][PASSED] - Text 'ih.william' is set on object 'Object Repository/Quote_OR/txtfield_USERNAME'

2018-01-18 12:46:17 - [TEST_STEP][PASSED] - setText: Text '10#Hammer' is set on object 'Object Repository/Quote_OR/txtfield_PASSWORD'

2018-01-18 12:46:17 - [MESSAGE][PASSED] - Text '10#Hammer' is set on object 'Object Repository/Quote_OR/txtfield_PASSWORD'

2018-01-18 12:46:17 - [TEST_STEP][PASSED] - click: Object: 'Object Repository/Quote_OR/btn-LOGIN' is clicked on

2018-01-18 12:46:19 - [MESSAGE][PASSED] - Object: 'Object Repository/Quote_OR/btn-LOGIN' is clicked on

2018-01-18 12:46:19 - [TEST_STEP][PASSED] - delay: Delayed 5 second(s)

2018-01-18 12:46:24 - [MESSAGE][PASSED] - Delayed 5 second(s)

2018-01-18 12:46:24 - [TEST_STEP][PASSED] - Statement - btnId = "//*[@id="btnLoadApplication_" + policyInfoId + ""]": null

2018-01-18 12:46:24 - [TEST_STEP][PASSED] - Statement - btnViewApplication = new com.kms.katalon.core.testobject.TestObject(btnViewApplication): null

2018-01-18 12:46:24 - [TEST_STEP][PASSED] - Statement - btnViewApplication.addProperty("xpath", EQUALS, btnId, true): null

2018-01-18 12:46:24 - [TEST_STEP][PASSED] - delay: Delayed 20 second(s)

2018-01-18 12:46:44 - [MESSAGE][PASSED] - Delayed 20 second(s)

2018-01-18 12:46:44 - [TEST_STEP][PASSED] - click: Object: 'btnViewApplication' is clicked on

2018-01-18 12:46:46 - [MESSAGE][PASSED] - Object: 'btnViewApplication' is clicked on

2018-01-18 12:46:46 - [TEST_STEP][PASSED] - delay: Delayed 8 second(s)

2018-01-18 12:46:54 - [MESSAGE][PASSED] - Delayed 8 second(s)

2018-01-18 12:46:54 - [TEST_STEP][PASSED] - click: Object: 'Object Repository/Application_OR/btn_DOWNLOAD_AFS_UW' is clicked on

2018-01-18 12:46:54 - [MESSAGE][PASSED] - Object: 'Object Repository/Application_OR/btn_DOWNLOAD_AFS_UW' is clicked on

2018-01-18 12:46:54 - [TEST_STEP][PASSED] - delay: Delayed 5 second(s)

2018-01-18 12:46:59 - [MESSAGE][PASSED] - Delayed 5 second(s)

2018-01-18 12:46:59 - [TEST_STEP][PASSED] - click: Object: 'Object Repository/Application_OR/btn_GENERATE_FORMS' is clicked on

2018-01-18 12:46:59 - [MESSAGE][PASSED] - Object: 'Object Repository/Application_OR/btn_GENERATE_FORMS' is clicked on

2018-01-18 12:46:59 - [TEST_STEP][PASSED] - delay: Delayed 5 second(s)

2018-01-18 12:47:04 - [MESSAGE][PASSED] - Delayed 5 second(s)

2018-01-18 12:47:04 - [TEST_STEP][PASSED] - click: Object: 'Object Repository/Application_OR/btn_REQUEST_FOR_BIND' is clicked on

2018-01-18 12:47:05 - [MESSAGE][PASSED] - Object: 'Object Repository/Application_OR/btn_REQUEST_FOR_BIND' is clicked on

2018-01-18 12:47:05 - [TEST_STEP][PASSED] - delay: Delayed 20 second(s)

2018-01-18 12:47:25 - [MESSAGE][PASSED] - Delayed 20 second(s)

2018-01-18 12:47:25 - [TEST_STEP][PASSED] - click: Object: 'Object Repository/Application_OR/btn_VIEW_POLICY_FORMS' is clicked on

2018-01-18 12:47:25 - [MESSAGE][PASSED] - Object: 'Object Repository/Application_OR/btn_VIEW_POLICY_FORMS' is clicked on

2018-01-18 12:47:25 - [TEST_STEP][PASSED] - delay: Delayed 20 second(s)

2018-01-18 12:47:45 - [MESSAGE][PASSED] - Delayed 20 second(s)

2018-01-18 12:47:45 - [TEST_STEP][PASSED] - click: Object: 'Object Repository/Application_OR/btn_UW_APPLICATION_STATUS_MENU' is clicked on

2018-01-18 12:47:45 - [MESSAGE][PASSED] - Object: 'Object Repository/Application_OR/btn_UW_APPLICATION_STATUS_MENU' is clicked on

2018-01-18 12:47:45 - [TEST_STEP][PASSED] - delay: Delayed 2 second(s)

2018-01-18 12:47:47 - [MESSAGE][PASSED] - Delayed 2 second(s)

2018-01-18 12:47:47 - [TEST_STEP][PASSED] - click: Object: 'Object Repository/Application_OR/btn_YES_CONFIRMATION' is clicked on

2018-01-18 12:47:48 - [MESSAGE][PASSED] - Object: 'Object Repository/Application_OR/btn_YES_CONFIRMATION' is clicked on

2018-01-18 12:47:48 - [TEST_STEP][PASSED] - delay: Delayed 12 second(s)

2018-01-18 12:48:00 - [MESSAGE][PASSED] - Delayed 12 second(s)]]></system-out>
         <system-err><![CDATA[]]></system-err>
      </testcase>
      <testcase name="Test Cases/ENDORSEMENT_CREATION" classname="Test Cases/ENDORSEMENT_CREATION" status="ERROR">
         <error type="ERROR" message="Test Cases/ENDORSEMENT_CREATION FAILED because (of) groovy.lang.MissingMethodException: No signature of method: static com.kms.katalon.core.webui.keyword.WebUiBuiltInKeywords.getText() is applicable for argument types: (java.lang.String) values: [Endorsement_OR/get_Policynumber]
Possible solutions: getText(com.kms.katalon.core.testobject.TestObject), getText(com.kms.katalon.core.testobject.TestObject, com.kms.katalon.core.model.FailureHandling), setText(com.kms.katalon.core.testobject.TestObject, java.lang.String), setText(com.kms.katalon.core.testobject.TestObject, java.lang.String, com.kms.katalon.core.model.FailureHandling), getAt(java.lang.String), getUrl()"/>
         <system-out><![CDATA[2018-01-18 12:48:00 - [TEST_CASE][ERROR] - Test Cases/ENDORSEMENT_CREATION: Test Cases/ENDORSEMENT_CREATION FAILED because (of) groovy.lang.MissingMethodException: No signature of method: static com.kms.katalon.core.webui.keyword.WebUiBuiltInKeywords.getText() is applicable for argument types: (java.lang.String) values: [Endorsement_OR/get_Policynumber]
Possible solutions: getText(com.kms.katalon.core.testobject.TestObject), getText(com.kms.katalon.core.testobject.TestObject, com.kms.katalon.core.model.FailureHandling), setText(com.kms.katalon.core.testobject.TestObject, java.lang.String), setText(com.kms.katalon.core.testobject.TestObject, java.lang.String, com.kms.katalon.core.model.FailureHandling), getAt(java.lang.String), getUrl()

2018-01-18 12:48:00 - [TEST_STEP][PASSED] - click: Object: 'Object Repository/Endorsement_OR/btn_ADVANCE_FILTER' is clicked on

2018-01-18 12:48:00 - [MESSAGE][PASSED] - Object: 'Object Repository/Endorsement_OR/btn_ADVANCE_FILTER' is clicked on

2018-01-18 12:48:00 - [TEST_STEP][PASSED] - Statement - str = address2: null

2018-01-18 12:48:00 - [TEST_STEP][PASSED] - Statement - println(str): null

2018-01-18 12:48:00 - [TEST_STEP][PASSED] - setText: Text '360 Gordon Cir Winterville, GA 30683 USA' is set on object 'Object Repository/Endorsement_OR/txtfield_AdvanceFilter_PROPERTY_ADDRESS'

2018-01-18 12:48:00 - [MESSAGE][PASSED] - Text '360 Gordon Cir Winterville, GA 30683 USA' is set on object 'Object Repository/Endorsement_OR/txtfield_AdvanceFilter_PROPERTY_ADDRESS'

2018-01-18 12:48:00 - [TEST_STEP][PASSED] - delay: Delayed 12 second(s)

2018-01-18 12:48:12 - [MESSAGE][PASSED] - Delayed 12 second(s)

2018-01-18 12:48:12 - [TEST_STEP][PASSED] - click: Object: 'Object Repository/Endorsement_OR/btn_APPLY_Advance_Filter' is clicked on

2018-01-18 12:48:12 - [MESSAGE][PASSED] - Object: 'Object Repository/Endorsement_OR/btn_APPLY_Advance_Filter' is clicked on

2018-01-18 12:48:12 - [TEST_STEP][PASSED] - delay: Delayed 4 second(s)

2018-01-18 12:48:16 - [MESSAGE][PASSED] - Delayed 4 second(s)

2018-01-18 12:48:16 - [TEST_STEP][PASSED] - Statement - policynumber = com.kms.katalon.core.webui.keyword.WebUiBuiltInKeywords.getText("Endorsement_OR/get_Policynumber"): null]]></system-out>
         <system-err><![CDATA[2018-01-18 12:48:00 - [TEST_CASE][ERROR] - Test Cases/ENDORSEMENT_CREATION: Test Cases/ENDORSEMENT_CREATION FAILED because (of) groovy.lang.MissingMethodException: No signature of method: static com.kms.katalon.core.webui.keyword.WebUiBuiltInKeywords.getText() is applicable for argument types: (java.lang.String) values: [Endorsement_OR/get_Policynumber]
Possible solutions: getText(com.kms.katalon.core.testobject.TestObject), getText(com.kms.katalon.core.testobject.TestObject, com.kms.katalon.core.model.FailureHandling), setText(com.kms.katalon.core.testobject.TestObject, java.lang.String), setText(com.kms.katalon.core.testobject.TestObject, java.lang.String, com.kms.katalon.core.model.FailureHandling), getAt(java.lang.String), getUrl()]]></system-err>
      </testcase>
      <system-out><![CDATA[2018-01-18 12:40:37 - [TEST_SUITE][ERROR] - PPE: Test Cases/ENDORSEMENT_CREATION FAILED because (of) groovy.lang.MissingMethodException: No signature of method: static com.kms.katalon.core.webui.keyword.WebUiBuiltInKeywords.getText() is applicable for argument types: (java.lang.String) values: [Endorsement_OR/get_Policynumber]
Possible solutions: getText(com.kms.katalon.core.testobject.TestObject), getText(com.kms.katalon.core.testobject.TestObject, com.kms.katalon.core.model.FailureHandling), setText(com.kms.katalon.core.testobject.TestObject, java.lang.String), setText(com.kms.katalon.core.testobject.TestObject, java.lang.String, com.kms.katalon.core.model.FailureHandling), getAt(java.lang.String), getUrl()]]></system-out>
      <system-err><![CDATA[2018-01-18 12:40:37 - [TEST_SUITE][ERROR] - PPE: Test Cases/ENDORSEMENT_CREATION FAILED because (of) groovy.lang.MissingMethodException: No signature of method: static com.kms.katalon.core.webui.keyword.WebUiBuiltInKeywords.getText() is applicable for argument types: (java.lang.String) values: [Endorsement_OR/get_Policynumber]
Possible solutions: getText(com.kms.katalon.core.testobject.TestObject), getText(com.kms.katalon.core.testobject.TestObject, com.kms.katalon.core.model.FailureHandling), setText(com.kms.katalon.core.testobject.TestObject, java.lang.String), setText(com.kms.katalon.core.testobject.TestObject, java.lang.String, com.kms.katalon.core.model.FailureHandling), getAt(java.lang.String), getUrl()]]></system-err>
   </testsuite>
</testsuites>
