<?xml version="1.0" encoding="UTF-8"?>
<testsuites name="PPE" time="104" tests="1" failures="1" errors="2">
   <testsuite name="PPE" tests="1" failures="1" errors="2" time="104" timestamp="2018-01-29 12:21:38" hostname="gsalunkhe - CTS-QUA-4.cogitate.india" id="Test Suites/PPE">
      <properties>
         <property name="deviceName" value=""/>
         <property name="devicePlatform" value=""/>
         <property name="logFolder" value="D:\\Katalon_Practice_Workspace\\Katalon_Mitendra\\Reports\\PPE\\20180129_122137"/>
         <property name="logFiles" value="D:\\Katalon_Practice_Workspace\\Katalon_Mitendra\\Reports\\PPE\\20180129_122137\\execution0.log"/>
         <property name="attachments" value="D:\\Katalon_Practice_Workspace\\Katalon_Mitendra\\Reports\\PPE\\20180129_122137\\1517208801119.png"/>
         <property name="hostName" value="gsalunkhe - CTS-QUA-4.cogitate.india"/>
         <property name="os" value="Windows 7 64bit"/>
         <property name="katalonVersion" value="5.0.1.1"/>
         <property name="browser" value="Chrome 63.0.3239.132"/>
         <property name="hostAddress" value="192.168.0.4"/>
         <property name="sessionId" value="336b9401ae9b77256a487c8d72e46c17"/>
         <property name="seleniumVersion" value="2.53.0"/>
         <property name="proxyInformation" value="ProxyInformation{proxyOption=NO_PROXY, proxyServerType=HTTP, password=, proxyServerAddress=, proxyServerPort=0}"/>
         <property name="platform" value="Windows 7"/>
      </properties>
      <testcase name="Test Cases/QUOTE_CREATION" classname="Test Cases/QUOTE_CREATION" status="PASSED">
         <system-out><![CDATA[2018-01-29 12:21:39 - [TEST_CASE][PASSED] - Test Cases/QUOTE_CREATION: Test Cases/QUOTE_CREATION

2018-01-29 12:21:39 - [TEST_STEP][PASSED] - openBrowser: Browser is opened with url: 'http://13.90.102.191:8066'

2018-01-29 12:21:46 - [MESSAGE][PASSED] - Browser is opened with url: 'http://13.90.102.191:8066'

2018-01-29 12:21:46 - [TEST_STEP][PASSED] - maximizeWindow: Current window maximized

2018-01-29 12:21:48 - [MESSAGE][PASSED] - Current window maximized

2018-01-29 12:21:48 - [TEST_STEP][PASSED] - setText: Text 'ih.chelms' is set on object 'Object Repository/Quote_OR/txtfield_USERNAME'

2018-01-29 12:21:48 - [MESSAGE][PASSED] - Text 'ih.chelms' is set on object 'Object Repository/Quote_OR/txtfield_USERNAME'

2018-01-29 12:21:48 - [TEST_STEP][PASSED] - setText: Text '10#Hammer' is set on object 'Object Repository/Quote_OR/txtfield_PASSWORD'

2018-01-29 12:21:48 - [MESSAGE][PASSED] - Text '10#Hammer' is set on object 'Object Repository/Quote_OR/txtfield_PASSWORD'

2018-01-29 12:21:48 - [TEST_STEP][PASSED] - click: Object: 'Object Repository/Quote_OR/btn-LOGIN' is clicked on

2018-01-29 12:21:53 - [MESSAGE][PASSED] - Object: 'Object Repository/Quote_OR/btn-LOGIN' is clicked on

2018-01-29 12:21:53 - [TEST_STEP][PASSED] - setText: Text '978 Elm St Macon, GA 31201 USA' is set on object 'Object Repository/Quote_OR/txtfield_ADDRESS_ON_LANDING_PAGE'

2018-01-29 12:21:53 - [MESSAGE][PASSED] - Text '978 Elm St Macon, GA 31201 USA' is set on object 'Object Repository/Quote_OR/txtfield_ADDRESS_ON_LANDING_PAGE'

2018-01-29 12:21:53 - [TEST_STEP][PASSED] - click: Object: 'Object Repository/Quote_OR/btn_SEARCH_ADDRESS' is clicked on

2018-01-29 12:22:10 - [MESSAGE][PASSED] - Object: 'Object Repository/Quote_OR/btn_SEARCH_ADDRESS' is clicked on

2018-01-29 12:22:10 - [TEST_STEP][PASSED] - waitForPageLoad: Wait for page load successfully

2018-01-29 12:22:10 - [MESSAGE][PASSED] - Wait for page load successfully

2018-01-29 12:22:10 - [TEST_STEP][PASSED] - selectOptionByIndex: All options with index in [1] are selected on object 'Object Repository/Quote_OR/drp_PROPERTY_TYPE'

2018-01-29 12:22:10 - [MESSAGE][PASSED] - All options with index in [1] are selected on object 'Object Repository/Quote_OR/drp_PROPERTY_TYPE'

2018-01-29 12:22:10 - [TEST_STEP][PASSED] - setText: Text '' is set on object 'Object Repository/Quote_OR/txtfield_HOME_VALUATION'

2018-01-29 12:22:10 - [MESSAGE][PASSED] - Text '' is set on object 'Object Repository/Quote_OR/txtfield_HOME_VALUATION'

2018-01-29 12:22:10 - [TEST_STEP][PASSED] - selectOptionByIndex: All options with index in [2] are selected on object 'Object Repository/Quote_OR/drp_CONSTRUCTION_TYPE'

2018-01-29 12:22:10 - [MESSAGE][PASSED] - All options with index in [2] are selected on object 'Object Repository/Quote_OR/drp_CONSTRUCTION_TYPE'

2018-01-29 12:22:10 - [TEST_STEP][PASSED] - setText: Text '100000' is set on object 'Object Repository/Quote_OR/txtfield_HOME_VALUATION'

2018-01-29 12:22:11 - [MESSAGE][PASSED] - Text '100000' is set on object 'Object Repository/Quote_OR/txtfield_HOME_VALUATION'

2018-01-29 12:22:11 - [TEST_STEP][PASSED] - delay: Delayed 2 second(s)

2018-01-29 12:22:13 - [MESSAGE][PASSED] - Delayed 2 second(s)

2018-01-29 12:22:13 - [TEST_STEP][PASSED] - setText: Text '' is set on object 'Object Repository/Quote_OR/txtbx_YEARHOMEBUILD'

2018-01-29 12:22:13 - [MESSAGE][PASSED] - Text '' is set on object 'Object Repository/Quote_OR/txtbx_YEARHOMEBUILD'

2018-01-29 12:22:13 - [TEST_STEP][PASSED] - setText: Text '1968' is set on object 'Object Repository/Quote_OR/txtbx_YEARHOMEBUILD'

2018-01-29 12:22:13 - [MESSAGE][PASSED] - Text '1968' is set on object 'Object Repository/Quote_OR/txtbx_YEARHOMEBUILD'

2018-01-29 12:22:13 - [TEST_STEP][PASSED] - click: Object: 'Object Repository/Quote_OR/btn_GETQUOTE' is clicked on

2018-01-29 12:22:13 - [MESSAGE][PASSED] - Object: 'Object Repository/Quote_OR/btn_GETQUOTE' is clicked on

2018-01-29 12:22:13 - [TEST_STEP][PASSED] - delay: Delayed 1 second(s)

2018-01-29 12:22:14 - [MESSAGE][PASSED] - Delayed 1 second(s)

2018-01-29 12:22:14 - [TEST_STEP][PASSED] - click: Object: 'Object Repository/Quote_OR/btn_SENDQUOTE' is clicked on

2018-01-29 12:22:21 - [MESSAGE][PASSED] - Object: 'Object Repository/Quote_OR/btn_SENDQUOTE' is clicked on

2018-01-29 12:22:21 - [TEST_STEP][PASSED] - delay: Delayed 1 second(s)

2018-01-29 12:22:22 - [MESSAGE][PASSED] - Delayed 1 second(s)

2018-01-29 12:22:22 - [TEST_STEP][PASSED] - setText: Text 'Ganesh' is set on object 'Object Repository/Quote_OR/txtfield_SENDQUOTE_FIRSTNAME'

2018-01-29 12:22:22 - [MESSAGE][PASSED] - Text 'Ganesh' is set on object 'Object Repository/Quote_OR/txtfield_SENDQUOTE_FIRSTNAME'

2018-01-29 12:22:22 - [TEST_STEP][PASSED] - setText: Text 'Salunkhe' is set on object 'Object Repository/Quote_OR/txtfield_SENDQUOTE_LASTNAME'

2018-01-29 12:22:23 - [MESSAGE][PASSED] - Text 'Salunkhe' is set on object 'Object Repository/Quote_OR/txtfield_SENDQUOTE_LASTNAME'

2018-01-29 12:22:23 - [TEST_STEP][PASSED] - delay: Delayed 5 second(s)

2018-01-29 12:22:28 - [MESSAGE][PASSED] - Delayed 5 second(s)

2018-01-29 12:22:28 - [TEST_STEP][PASSED] - setText: Text '9768180080' is set on object 'Object Repository/Quote_OR/txtfield_SENDQUOTE_CONTACTNUMBER'

2018-01-29 12:22:28 - [MESSAGE][PASSED] - Text '9768180080' is set on object 'Object Repository/Quote_OR/txtfield_SENDQUOTE_CONTACTNUMBER'

2018-01-29 12:22:28 - [TEST_STEP][PASSED] - delay: Delayed 5 second(s)

2018-01-29 12:22:33 - [MESSAGE][PASSED] - Delayed 5 second(s)

2018-01-29 12:22:33 - [TEST_STEP][PASSED] - setText: Text 'gsalunkhe@cogitate.us' is set on object 'Object Repository/Quote_OR/txtfield_SENDQUOTE_EMAIL'

2018-01-29 12:22:33 - [MESSAGE][PASSED] - Text 'gsalunkhe@cogitate.us' is set on object 'Object Repository/Quote_OR/txtfield_SENDQUOTE_EMAIL'

2018-01-29 12:22:33 - [TEST_STEP][PASSED] - delay: Delayed 10 second(s)

2018-01-29 12:22:43 - [MESSAGE][PASSED] - Delayed 10 second(s)

2018-01-29 12:22:43 - [TEST_STEP][PASSED] - click: Object: 'Object Repository/Quote_OR/btn_SEND_QUOTE_DETAILS' is clicked on

2018-01-29 12:22:44 - [MESSAGE][PASSED] - Object: 'Object Repository/Quote_OR/btn_SEND_QUOTE_DETAILS' is clicked on

2018-01-29 12:22:44 - [TEST_STEP][PASSED] - selectOptionByIndex: All options with index in [1] are selected on object 'Object Repository/Quote_OR/drp_CONSTRUCTION_TYPE'

2018-01-29 12:22:44 - [MESSAGE][PASSED] - All options with index in [1] are selected on object 'Object Repository/Quote_OR/drp_CONSTRUCTION_TYPE'

2018-01-29 12:22:44 - [TEST_STEP][PASSED] - delay: Delayed 5 second(s)

2018-01-29 12:22:49 - [MESSAGE][PASSED] - Delayed 5 second(s)

2018-01-29 12:22:49 - [TEST_STEP][PASSED] - click: Object: 'Object Repository/Quote_OR/btn_RECALCULATE_PREMIUM' is clicked on

2018-01-29 12:22:49 - [MESSAGE][PASSED] - Object: 'Object Repository/Quote_OR/btn_RECALCULATE_PREMIUM' is clicked on]]></system-out>
         <system-err><![CDATA[]]></system-err>
      </testcase>
      <testcase name="Test Cases/APPLICATION_CREATION" classname="Test Cases/APPLICATION_CREATION" status="ERROR">
         <error type="ERROR" message="Test Cases/APPLICATION_CREATION FAILED because (of) org.codehaus.groovy.control.MultipleCompilationErrorsException: startup failed:
file:/D:/Katalon_Practice_Workspace/Katalon_Mitendra/Scripts/APPLICATION_CREATION/Script1516183804840.groovy: 188: The current scope already contains a variable of the name getInsuredName
 @ line 188, column 9.
   Println getInsuredName
           ^

file:/D:/Katalon_Practice_Workspace/Katalon_Mitendra/Scripts/APPLICATION_CREATION/Script1516183804840.groovy: 188: unable to resolve class Println 
 @ line 188, column 9.
   Println getInsuredName
           ^

2 errors
"/>
         <system-out><![CDATA[2018-01-29 12:22:49 - [TEST_CASE][ERROR] - Test Cases/APPLICATION_CREATION: Test Cases/APPLICATION_CREATION FAILED because (of) org.codehaus.groovy.control.MultipleCompilationErrorsException: startup failed:
file:/D:/Katalon_Practice_Workspace/Katalon_Mitendra/Scripts/APPLICATION_CREATION/Script1516183804840.groovy: 188: The current scope already contains a variable of the name getInsuredName
 @ line 188, column 9.
   Println getInsuredName
           ^

file:/D:/Katalon_Practice_Workspace/Katalon_Mitendra/Scripts/APPLICATION_CREATION/Script1516183804840.groovy: 188: unable to resolve class Println 
 @ line 188, column 9.
   Println getInsuredName
           ^

2 errors]]></system-out>
         <system-err><![CDATA[2018-01-29 12:22:49 - [TEST_CASE][ERROR] - Test Cases/APPLICATION_CREATION: Test Cases/APPLICATION_CREATION FAILED because (of) org.codehaus.groovy.control.MultipleCompilationErrorsException: startup failed:
file:/D:/Katalon_Practice_Workspace/Katalon_Mitendra/Scripts/APPLICATION_CREATION/Script1516183804840.groovy: 188: The current scope already contains a variable of the name getInsuredName
 @ line 188, column 9.
   Println getInsuredName
           ^

file:/D:/Katalon_Practice_Workspace/Katalon_Mitendra/Scripts/APPLICATION_CREATION/Script1516183804840.groovy: 188: unable to resolve class Println 
 @ line 188, column 9.
   Println getInsuredName
           ^

2 errors]]></system-err>
      </testcase>
      <testcase name="Test Cases/ENDORSEMENT_CREATION" classname="Test Cases/ENDORSEMENT_CREATION" status="ERROR">
         <error type="ERROR" message="Test Cases/ENDORSEMENT_CREATION FAILED because (of) org.codehaus.groovy.control.MultipleCompilationErrorsException: startup failed:
file:/D:/Katalon_Practice_Workspace/Katalon_Mitendra/Scripts/ENDORSEMENT_CREATION/Script1516186317510.groovy: 236: unable to resolve class WebElement 
 @ line 236, column 12.
   WebElement elementToClick = WebUI.click(findTestObject('Application_OR/btn_LOGOUT'))
              ^

1 error
"/>
         <system-out><![CDATA[2018-01-29 12:22:49 - [TEST_CASE][ERROR] - Test Cases/ENDORSEMENT_CREATION: Test Cases/ENDORSEMENT_CREATION FAILED because (of) org.codehaus.groovy.control.MultipleCompilationErrorsException: startup failed:
file:/D:/Katalon_Practice_Workspace/Katalon_Mitendra/Scripts/ENDORSEMENT_CREATION/Script1516186317510.groovy: 236: unable to resolve class WebElement 
 @ line 236, column 12.
   WebElement elementToClick = WebUI.click(findTestObject('Application_OR/btn_LOGOUT'))
              ^

1 error]]></system-out>
         <system-err><![CDATA[2018-01-29 12:22:49 - [TEST_CASE][ERROR] - Test Cases/ENDORSEMENT_CREATION: Test Cases/ENDORSEMENT_CREATION FAILED because (of) org.codehaus.groovy.control.MultipleCompilationErrorsException: startup failed:
file:/D:/Katalon_Practice_Workspace/Katalon_Mitendra/Scripts/ENDORSEMENT_CREATION/Script1516186317510.groovy: 236: unable to resolve class WebElement 
 @ line 236, column 12.
   WebElement elementToClick = WebUI.click(findTestObject('Application_OR/btn_LOGOUT'))
              ^

1 error]]></system-err>
      </testcase>
      <testcase name="Test Cases/AGENT_ENDORSEMENT_REQUEST" classname="Test Cases/AGENT_ENDORSEMENT_REQUEST" status="FAILED">
         <failure type="FAILED" message="Unable to set text 'ih.chelms' of object 'Object Repository/Quote_OR/txtfield_USERNAME' (Root cause: com.kms.katalon.core.webui.exception.WebElementNotFoundException: Web element with id: 'Object Repository/Quote_OR/txtfield_USERNAME' located by 'By.xpath: //*[@id=&quot;txtUserName&quot;]' not found)"/>
         <system-out><![CDATA[2018-01-29 12:22:49 - [TEST_CASE][FAILED] - Test Cases/AGENT_ENDORSEMENT_REQUEST: Test Cases/AGENT_ENDORSEMENT_REQUEST FAILED because (of) Unable to set text 'ih.chelms' of object 'Object Repository/Quote_OR/txtfield_USERNAME' (Root cause: com.kms.katalon.core.webui.exception.WebElementNotFoundException: Web element with id: 'Object Repository/Quote_OR/txtfield_USERNAME' located by 'By.xpath: //*[@id="txtUserName"]' not found)

2018-01-29 12:22:50 - [TEST_STEP][FAILED] - setText: Unable to set text 'ih.chelms' of object 'Object Repository/Quote_OR/txtfield_USERNAME' (Root cause: com.kms.katalon.core.webui.exception.WebElementNotFoundException: Web element with id: 'Object Repository/Quote_OR/txtfield_USERNAME' located by 'By.xpath: //*[@id="txtUserName"]' not found)

2018-01-29 12:23:21 - [MESSAGE][FAILED] - Unable to set text 'ih.chelms' of object 'Object Repository/Quote_OR/txtfield_USERNAME' (Root cause: com.kms.katalon.core.webui.exception.WebElementNotFoundException: Web element with id: 'Object Repository/Quote_OR/txtfield_USERNAME' located by 'By.xpath: //*[@id="txtUserName"]' not found)
[[ATTACHMENT|D:\\Katalon_Practice_Workspace\\Katalon_Mitendra\\Reports\\PPE\\20180129_122137\\1517208801119.png]]]]></system-out>
         <system-err><![CDATA[2018-01-29 12:22:49 - [TEST_CASE][FAILED] - Test Cases/AGENT_ENDORSEMENT_REQUEST: Test Cases/AGENT_ENDORSEMENT_REQUEST FAILED because (of) Unable to set text 'ih.chelms' of object 'Object Repository/Quote_OR/txtfield_USERNAME' (Root cause: com.kms.katalon.core.webui.exception.WebElementNotFoundException: Web element with id: 'Object Repository/Quote_OR/txtfield_USERNAME' located by 'By.xpath: //*[@id="txtUserName"]' not found)]]></system-err>
      </testcase>
      <system-out><![CDATA[2018-01-29 12:21:38 - [TEST_SUITE][ERROR] - PPE: Test Cases/APPLICATION_CREATION FAILED because (of) org.codehaus.groovy.control.MultipleCompilationErrorsException: startup failed:
file:/D:/Katalon_Practice_Workspace/Katalon_Mitendra/Scripts/APPLICATION_CREATION/Script1516183804840.groovy: 188: The current scope already contains a variable of the name getInsuredName
 @ line 188, column 9.
   Println getInsuredName
           ^

file:/D:/Katalon_Practice_Workspace/Katalon_Mitendra/Scripts/APPLICATION_CREATION/Script1516183804840.groovy: 188: unable to resolve class Println 
 @ line 188, column 9.
   Println getInsuredName
           ^

2 errors]]></system-out>
      <system-err><![CDATA[2018-01-29 12:21:38 - [TEST_SUITE][ERROR] - PPE: Test Cases/APPLICATION_CREATION FAILED because (of) org.codehaus.groovy.control.MultipleCompilationErrorsException: startup failed:
file:/D:/Katalon_Practice_Workspace/Katalon_Mitendra/Scripts/APPLICATION_CREATION/Script1516183804840.groovy: 188: The current scope already contains a variable of the name getInsuredName
 @ line 188, column 9.
   Println getInsuredName
           ^

file:/D:/Katalon_Practice_Workspace/Katalon_Mitendra/Scripts/APPLICATION_CREATION/Script1516183804840.groovy: 188: unable to resolve class Println 
 @ line 188, column 9.
   Println getInsuredName
           ^

2 errors]]></system-err>
   </testsuite>
</testsuites>
