<?xml version="1.0" encoding="UTF-8"?>
<testsuites name="PPE" time="625" tests="2" failures="1" errors="0">
   <testsuite name="PPE" tests="2" failures="1" errors="0" time="625" timestamp="2018-01-25 14:47:50" hostname="gsalunkhe - CTS-QUA-4.cogitate.india" id="Test Suites/PPE">
      <properties>
         <property name="deviceName" value=""/>
         <property name="devicePlatform" value=""/>
         <property name="logFolder" value="D:\\Katalon_Practice_Workspace\\Katalon_Mitendra\\Reports\\PPE\\20180125_144749"/>
         <property name="logFiles" value="D:\\Katalon_Practice_Workspace\\Katalon_Mitendra\\Reports\\PPE\\20180125_144749\\execution0.log"/>
         <property name="attachments" value="D:\\Katalon_Practice_Workspace\\Katalon_Mitendra\\Reports\\PPE\\20180125_144749\\1516872493754.png"/>
         <property name="hostName" value="gsalunkhe - CTS-QUA-4.cogitate.india"/>
         <property name="os" value="Windows 7 64bit"/>
         <property name="katalonVersion" value="5.0.1.1"/>
         <property name="browser" value="Chrome 63.0.3239.132"/>
         <property name="hostAddress" value="192.168.0.4"/>
         <property name="sessionId" value="0c9e7979240e4754488f7409f49f1577"/>
         <property name="seleniumVersion" value="2.53.0"/>
         <property name="proxyInformation" value="ProxyInformation{proxyOption=NO_PROXY, proxyServerType=HTTP, password=, proxyServerAddress=, proxyServerPort=0}"/>
         <property name="platform" value="Windows 7"/>
      </properties>
      <testcase name="Test Cases/QUOTE_CREATION" classname="Test Cases/QUOTE_CREATION" status="PASSED">
         <system-out><![CDATA[2018-01-25 14:47:51 - [TEST_CASE][PASSED] - Test Cases/QUOTE_CREATION: Test Cases/QUOTE_CREATION

2018-01-25 14:47:51 - [TEST_STEP][PASSED] - openBrowser: Browser is opened with url: 'http://13.90.102.191:8066'

2018-01-25 14:47:59 - [MESSAGE][PASSED] - Browser is opened with url: 'http://13.90.102.191:8066'

2018-01-25 14:47:59 - [TEST_STEP][PASSED] - maximizeWindow: Current window maximized

2018-01-25 14:48:00 - [MESSAGE][PASSED] - Current window maximized

2018-01-25 14:48:00 - [TEST_STEP][PASSED] - setText: Text 'ih.chelms' is set on object 'Object Repository/Quote_OR/txtfield_USERNAME'

2018-01-25 14:48:01 - [MESSAGE][PASSED] - Text 'ih.chelms' is set on object 'Object Repository/Quote_OR/txtfield_USERNAME'

2018-01-25 14:48:01 - [TEST_STEP][PASSED] - setText: Text '10#Hammer' is set on object 'Object Repository/Quote_OR/txtfield_PASSWORD'

2018-01-25 14:48:01 - [MESSAGE][PASSED] - Text '10#Hammer' is set on object 'Object Repository/Quote_OR/txtfield_PASSWORD'

2018-01-25 14:48:01 - [TEST_STEP][PASSED] - click: Object: 'Object Repository/Quote_OR/btn-LOGIN' is clicked on

2018-01-25 14:48:10 - [MESSAGE][PASSED] - Object: 'Object Repository/Quote_OR/btn-LOGIN' is clicked on

2018-01-25 14:48:10 - [TEST_STEP][PASSED] - setText: Text '149 Pecan Dr Macon, GA 31217 USA' is set on object 'Object Repository/Quote_OR/txtfield_ADDRESS_ON_LANDING_PAGE'

2018-01-25 14:48:11 - [MESSAGE][PASSED] - Text '149 Pecan Dr Macon, GA 31217 USA' is set on object 'Object Repository/Quote_OR/txtfield_ADDRESS_ON_LANDING_PAGE'

2018-01-25 14:48:11 - [TEST_STEP][PASSED] - click: Object: 'Object Repository/Quote_OR/btn_SEARCH_ADDRESS' is clicked on

2018-01-25 14:48:27 - [MESSAGE][PASSED] - Object: 'Object Repository/Quote_OR/btn_SEARCH_ADDRESS' is clicked on

2018-01-25 14:48:27 - [TEST_STEP][PASSED] - waitForPageLoad: Wait for page load successfully

2018-01-25 14:48:28 - [MESSAGE][PASSED] - Wait for page load successfully

2018-01-25 14:48:28 - [TEST_STEP][PASSED] - selectOptionByIndex: All options with index in [1] are selected on object 'Object Repository/Quote_OR/drp_PROPERTY_TYPE'

2018-01-25 14:48:28 - [MESSAGE][PASSED] - All options with index in [1] are selected on object 'Object Repository/Quote_OR/drp_PROPERTY_TYPE'

2018-01-25 14:48:28 - [TEST_STEP][PASSED] - setText: Text '' is set on object 'Object Repository/Quote_OR/txtfield_HOME_VALUATION'

2018-01-25 14:48:28 - [MESSAGE][PASSED] - Text '' is set on object 'Object Repository/Quote_OR/txtfield_HOME_VALUATION'

2018-01-25 14:48:28 - [TEST_STEP][PASSED] - selectOptionByIndex: All options with index in [2] are selected on object 'Object Repository/Quote_OR/drp_CONSTRUCTION_TYPE'

2018-01-25 14:48:29 - [MESSAGE][PASSED] - All options with index in [2] are selected on object 'Object Repository/Quote_OR/drp_CONSTRUCTION_TYPE'

2018-01-25 14:48:29 - [TEST_STEP][PASSED] - setText: Text '100000' is set on object 'Object Repository/Quote_OR/txtfield_HOME_VALUATION'

2018-01-25 14:48:29 - [MESSAGE][PASSED] - Text '100000' is set on object 'Object Repository/Quote_OR/txtfield_HOME_VALUATION'

2018-01-25 14:48:29 - [TEST_STEP][PASSED] - delay: Delayed 2 second(s)

2018-01-25 14:48:31 - [MESSAGE][PASSED] - Delayed 2 second(s)

2018-01-25 14:48:31 - [TEST_STEP][PASSED] - setText: Text '' is set on object 'Object Repository/Quote_OR/txtbx_YEARHOMEBUILD'

2018-01-25 14:48:31 - [MESSAGE][PASSED] - Text '' is set on object 'Object Repository/Quote_OR/txtbx_YEARHOMEBUILD'

2018-01-25 14:48:31 - [TEST_STEP][PASSED] - setText: Text '1968' is set on object 'Object Repository/Quote_OR/txtbx_YEARHOMEBUILD'

2018-01-25 14:48:31 - [MESSAGE][PASSED] - Text '1968' is set on object 'Object Repository/Quote_OR/txtbx_YEARHOMEBUILD'

2018-01-25 14:48:31 - [TEST_STEP][PASSED] - click: Object: 'Object Repository/Quote_OR/btn_GETQUOTE' is clicked on

2018-01-25 14:48:31 - [MESSAGE][PASSED] - Object: 'Object Repository/Quote_OR/btn_GETQUOTE' is clicked on

2018-01-25 14:48:31 - [TEST_STEP][PASSED] - delay: Delayed 1 second(s)

2018-01-25 14:48:32 - [MESSAGE][PASSED] - Delayed 1 second(s)

2018-01-25 14:48:32 - [TEST_STEP][PASSED] - click: Object: 'Object Repository/Quote_OR/btn_SENDQUOTE' is clicked on

2018-01-25 14:48:53 - [MESSAGE][PASSED] - Object: 'Object Repository/Quote_OR/btn_SENDQUOTE' is clicked on

2018-01-25 14:48:53 - [TEST_STEP][PASSED] - delay: Delayed 1 second(s)

2018-01-25 14:48:54 - [MESSAGE][PASSED] - Delayed 1 second(s)

2018-01-25 14:48:54 - [TEST_STEP][PASSED] - setText: Text 'Ganesh' is set on object 'Object Repository/Quote_OR/txtfield_SENDQUOTE_FIRSTNAME'

2018-01-25 14:48:54 - [MESSAGE][PASSED] - Text 'Ganesh' is set on object 'Object Repository/Quote_OR/txtfield_SENDQUOTE_FIRSTNAME'

2018-01-25 14:48:54 - [TEST_STEP][PASSED] - setText: Text 'Salunkhe' is set on object 'Object Repository/Quote_OR/txtfield_SENDQUOTE_LASTNAME'

2018-01-25 14:48:54 - [MESSAGE][PASSED] - Text 'Salunkhe' is set on object 'Object Repository/Quote_OR/txtfield_SENDQUOTE_LASTNAME'

2018-01-25 14:48:54 - [TEST_STEP][PASSED] - delay: Delayed 5 second(s)

2018-01-25 14:48:59 - [MESSAGE][PASSED] - Delayed 5 second(s)

2018-01-25 14:48:59 - [TEST_STEP][PASSED] - setText: Text '9768180080' is set on object 'Object Repository/Quote_OR/txtfield_SENDQUOTE_CONTACTNUMBER'

2018-01-25 14:48:59 - [MESSAGE][PASSED] - Text '9768180080' is set on object 'Object Repository/Quote_OR/txtfield_SENDQUOTE_CONTACTNUMBER'

2018-01-25 14:48:59 - [TEST_STEP][PASSED] - delay: Delayed 5 second(s)

2018-01-25 14:49:04 - [MESSAGE][PASSED] - Delayed 5 second(s)

2018-01-25 14:49:04 - [TEST_STEP][PASSED] - setText: Text 'gsalunkhe@cogitate.us' is set on object 'Object Repository/Quote_OR/txtfield_SENDQUOTE_EMAIL'

2018-01-25 14:49:05 - [MESSAGE][PASSED] - Text 'gsalunkhe@cogitate.us' is set on object 'Object Repository/Quote_OR/txtfield_SENDQUOTE_EMAIL'

2018-01-25 14:49:05 - [TEST_STEP][PASSED] - delay: Delayed 10 second(s)

2018-01-25 14:49:15 - [MESSAGE][PASSED] - Delayed 10 second(s)

2018-01-25 14:49:15 - [TEST_STEP][PASSED] - click: Object: 'Object Repository/Quote_OR/btn_SEND_QUOTE_DETAILS' is clicked on

2018-01-25 14:49:15 - [MESSAGE][PASSED] - Object: 'Object Repository/Quote_OR/btn_SEND_QUOTE_DETAILS' is clicked on

2018-01-25 14:49:15 - [TEST_STEP][PASSED] - selectOptionByIndex: All options with index in [1] are selected on object 'Object Repository/Quote_OR/drp_CONSTRUCTION_TYPE'

2018-01-25 14:49:15 - [MESSAGE][PASSED] - All options with index in [1] are selected on object 'Object Repository/Quote_OR/drp_CONSTRUCTION_TYPE'

2018-01-25 14:49:15 - [TEST_STEP][PASSED] - delay: Delayed 5 second(s)

2018-01-25 14:49:20 - [MESSAGE][PASSED] - Delayed 5 second(s)

2018-01-25 14:49:20 - [TEST_STEP][PASSED] - click: Object: 'Object Repository/Quote_OR/btn_RECALCULATE_PREMIUM' is clicked on

2018-01-25 14:49:20 - [MESSAGE][PASSED] - Object: 'Object Repository/Quote_OR/btn_RECALCULATE_PREMIUM' is clicked on]]></system-out>
         <system-err><![CDATA[]]></system-err>
      </testcase>
      <testcase name="Test Cases/APPLICATION_CREATION" classname="Test Cases/APPLICATION_CREATION" status="PASSED">
         <system-out><![CDATA[2018-01-25 14:49:20 - [TEST_CASE][PASSED] - Test Cases/APPLICATION_CREATION: Test Cases/APPLICATION_CREATION

2018-01-25 14:49:21 - [TEST_STEP][PASSED] - setText: Text '199 Hickory Ridge Dr Macon, GA 31211 USA' is set on object 'Object Repository/Application_OR/txtfield_ADDRESS_ON_QUOTE_PAGE'

2018-01-25 14:49:21 - [MESSAGE][PASSED] - Text '199 Hickory Ridge Dr Macon, GA 31211 USA' is set on object 'Object Repository/Application_OR/txtfield_ADDRESS_ON_QUOTE_PAGE'

2018-01-25 14:49:21 - [TEST_STEP][PASSED] - click: Object: 'Object Repository/Application_OR/btn_SEARCH_ADDRESS_QUOTE_PAGE' is clicked on

2018-01-25 14:49:49 - [MESSAGE][PASSED] - Object: 'Object Repository/Application_OR/btn_SEARCH_ADDRESS_QUOTE_PAGE' is clicked on

2018-01-25 14:49:49 - [TEST_STEP][PASSED] - Statement - Address = com.kms.katalon.core.testobject.ObjectRepository.findTestObject(Endorsement_OR/get_Address): Finding Test Object with id 'Object Repository/Endorsement_OR/get_Address'

2018-01-25 14:49:49 - [TEST_STEP][PASSED] - Statement - propertyaddress = com.kms.katalon.core.webui.keyword.WebUiBuiltInKeywords.getAttribute(Address, "value"): Attribute 'value' of object 'Object Repository/Endorsement_OR/get_Address' is: '199 Hickory Ridge Dr, Macon, GA 31211, USA'

2018-01-25 14:49:49 - [MESSAGE][PASSED] - Attribute 'value' of object 'Object Repository/Endorsement_OR/get_Address' is: '199 Hickory Ridge Dr, Macon, GA 31211, USA'

2018-01-25 14:49:49 - [TEST_STEP][PASSED] - Statement - println(propertyaddress): null

2018-01-25 14:49:49 - [TEST_STEP][PASSED] - Statement - propertyaddress = propertyaddress: null

2018-01-25 14:49:49 - [TEST_STEP][PASSED] - selectOptionByIndex: All options with index in [1] are selected on object 'Object Repository/Quote_OR/drp_PROPERTY_TYPE'

2018-01-25 14:49:49 - [MESSAGE][PASSED] - All options with index in [1] are selected on object 'Object Repository/Quote_OR/drp_PROPERTY_TYPE'

2018-01-25 14:49:49 - [TEST_STEP][PASSED] - setText: Text '' is set on object 'Object Repository/Quote_OR/txtbx_YEARHOMEBUILD'

2018-01-25 14:49:49 - [MESSAGE][PASSED] - Text '' is set on object 'Object Repository/Quote_OR/txtbx_YEARHOMEBUILD'

2018-01-25 14:49:49 - [TEST_STEP][PASSED] - setText: Text '2000' is set on object 'Object Repository/Quote_OR/txtbx_YEARHOMEBUILD'

2018-01-25 14:49:50 - [MESSAGE][PASSED] - Text '2000' is set on object 'Object Repository/Quote_OR/txtbx_YEARHOMEBUILD'

2018-01-25 14:49:50 - [TEST_STEP][PASSED] - selectOptionByIndex: All options with index in [2] are selected on object 'Object Repository/Quote_OR/drp_CONSTRUCTION_TYPE'

2018-01-25 14:49:50 - [MESSAGE][PASSED] - All options with index in [2] are selected on object 'Object Repository/Quote_OR/drp_CONSTRUCTION_TYPE'

2018-01-25 14:49:50 - [TEST_STEP][PASSED] - setText: Text '' is set on object 'Object Repository/Quote_OR/txtfield_HOME_VALUATION'

2018-01-25 14:49:50 - [MESSAGE][PASSED] - Text '' is set on object 'Object Repository/Quote_OR/txtfield_HOME_VALUATION'

2018-01-25 14:49:50 - [TEST_STEP][PASSED] - setText: Text '100000' is set on object 'Object Repository/Quote_OR/txtfield_HOME_VALUATION'

2018-01-25 14:49:50 - [MESSAGE][PASSED] - Text '100000' is set on object 'Object Repository/Quote_OR/txtfield_HOME_VALUATION'

2018-01-25 14:49:50 - [TEST_STEP][PASSED] - click: Object: 'Object Repository/Quote_OR/btn_GETQUOTE' is clicked on

2018-01-25 14:49:50 - [MESSAGE][PASSED] - Object: 'Object Repository/Quote_OR/btn_GETQUOTE' is clicked on

2018-01-25 14:49:50 - [TEST_STEP][PASSED] - delay: Delayed 1 second(s)

2018-01-25 14:49:51 - [MESSAGE][PASSED] - Delayed 1 second(s)

2018-01-25 14:49:51 - [TEST_STEP][PASSED] - click: Object: 'Object Repository/Application_OR/btn_TOAPPLICATION' is clicked on

2018-01-25 14:50:16 - [MESSAGE][PASSED] - Object: 'Object Repository/Application_OR/btn_TOAPPLICATION' is clicked on

2018-01-25 14:50:16 - [TEST_STEP][PASSED] - delay: Delayed 10 second(s)

2018-01-25 14:50:26 - [MESSAGE][PASSED] - Delayed 10 second(s)

2018-01-25 14:50:26 - [TEST_STEP][PASSED] - click: Object: 'Object Repository/Application_OR/btn_CONTINUE_UW_QUESTIONS' is clicked on

2018-01-25 14:50:26 - [MESSAGE][PASSED] - Object: 'Object Repository/Application_OR/btn_CONTINUE_UW_QUESTIONS' is clicked on

2018-01-25 14:50:26 - [TEST_STEP][PASSED] - delay: Delayed 10 second(s)

2018-01-25 14:50:36 - [MESSAGE][PASSED] - Delayed 10 second(s)

2018-01-25 14:50:36 - [TEST_STEP][PASSED] - delay: Delayed 3 second(s)

2018-01-25 14:50:39 - [MESSAGE][PASSED] - Delayed 3 second(s)

2018-01-25 14:50:39 - [TEST_STEP][PASSED] - click: Object: 'Object Repository/Application_OR/txtfield_INSURED_FIRSTNAME' is clicked on

2018-01-25 14:50:39 - [MESSAGE][PASSED] - Object: 'Object Repository/Application_OR/txtfield_INSURED_FIRSTNAME' is clicked on

2018-01-25 14:50:39 - [TEST_STEP][PASSED] - setText: Text 'Ross' is set on object 'Object Repository/Application_OR/txtfield_INSURED_FIRSTNAME'

2018-01-25 14:50:39 - [MESSAGE][PASSED] - Text 'Ross' is set on object 'Object Repository/Application_OR/txtfield_INSURED_FIRSTNAME'

2018-01-25 14:50:39 - [TEST_STEP][PASSED] - setText: Text 'Marshal' is set on object 'Object Repository/Application_OR/txtfield_INSURED_MIDDLENAME'

2018-01-25 14:50:39 - [MESSAGE][PASSED] - Text 'Marshal' is set on object 'Object Repository/Application_OR/txtfield_INSURED_MIDDLENAME'

2018-01-25 14:50:39 - [TEST_STEP][PASSED] - setText: Text 'Guptil' is set on object 'Object Repository/Application_OR/txtfield_INSURED_LASTNAME'

2018-01-25 14:50:40 - [MESSAGE][PASSED] - Text 'Guptil' is set on object 'Object Repository/Application_OR/txtfield_INSURED_LASTNAME'

2018-01-25 14:50:40 - [TEST_STEP][PASSED] - setText: Text '09/10/1999' is set on object 'Object Repository/Application_OR/txtfield_INSURED_DOB'

2018-01-25 14:50:40 - [MESSAGE][PASSED] - Text '09/10/1999' is set on object 'Object Repository/Application_OR/txtfield_INSURED_DOB'

2018-01-25 14:50:40 - [TEST_STEP][PASSED] - delay: Delayed 5 second(s)

2018-01-25 14:50:45 - [MESSAGE][PASSED] - Delayed 5 second(s)

2018-01-25 14:50:45 - [TEST_STEP][PASSED] - setText: Text 'gsalunkhe@cogitate.us' is set on object 'Object Repository/Application_OR/txtfield_INSURED_EMAIL'

2018-01-25 14:50:45 - [MESSAGE][PASSED] - Text 'gsalunkhe@cogitate.us' is set on object 'Object Repository/Application_OR/txtfield_INSURED_EMAIL'

2018-01-25 14:50:45 - [TEST_STEP][PASSED] - delay: Delayed 5 second(s)

2018-01-25 14:50:50 - [MESSAGE][PASSED] - Delayed 5 second(s)

2018-01-25 14:50:50 - [TEST_STEP][PASSED] - setText: Text '9768180080' is set on object 'Object Repository/Application_OR/txtfield_INSURED_CONTACTNUMBER'

2018-01-25 14:50:50 - [MESSAGE][PASSED] - Text '9768180080' is set on object 'Object Repository/Application_OR/txtfield_INSURED_CONTACTNUMBER'

2018-01-25 14:50:50 - [TEST_STEP][PASSED] - delay: Delayed 5 second(s)

2018-01-25 14:50:55 - [MESSAGE][PASSED] - Delayed 5 second(s)

2018-01-25 14:50:55 - [TEST_STEP][PASSED] - Statement - hdnPolicyInfoId = com.kms.katalon.core.testobject.ObjectRepository.findTestObject(Generic_OR/hdnPolicyInfoId): Finding Test Object with id 'Object Repository/Generic_OR/hdnPolicyInfoId'

2018-01-25 14:50:55 - [TEST_STEP][PASSED] - Statement - policyInfoid = com.kms.katalon.core.webui.keyword.WebUiBuiltInKeywords.getAttribute(hdnPolicyInfoId, "value"): Attribute 'value' of object 'Object Repository/Generic_OR/hdnPolicyInfoId' is: '3448'

2018-01-25 14:50:55 - [MESSAGE][PASSED] - Attribute 'value' of object 'Object Repository/Generic_OR/hdnPolicyInfoId' is: '3448'

2018-01-25 14:50:55 - [TEST_STEP][PASSED] - Statement - policyInfoId = policyInfoid: null

2018-01-25 14:50:55 - [TEST_STEP][PASSED] - click: Object: 'Object Repository/Application_OR/btn_POLICYHOLDER_SAVEANDCONTINUE' is clicked on

2018-01-25 14:50:56 - [MESSAGE][PASSED] - Object: 'Object Repository/Application_OR/btn_POLICYHOLDER_SAVEANDCONTINUE' is clicked on

2018-01-25 14:50:56 - [TEST_STEP][PASSED] - delay: Delayed 1 second(s)

2018-01-25 14:50:57 - [MESSAGE][PASSED] - Delayed 1 second(s)

2018-01-25 14:50:57 - [TEST_STEP][PASSED] - click: Object: 'Object Repository/Application_OR/drp_ROOFTYPE_PROPERTYPAGE' is clicked on

2018-01-25 14:50:58 - [MESSAGE][PASSED] - Object: 'Object Repository/Application_OR/drp_ROOFTYPE_PROPERTYPAGE' is clicked on

2018-01-25 14:50:58 - [TEST_STEP][PASSED] - delay: Delayed 3 second(s)

2018-01-25 14:51:01 - [MESSAGE][PASSED] - Delayed 3 second(s)

2018-01-25 14:51:01 - [TEST_STEP][PASSED] - selectOptionByIndex: All options with index in [1] are selected on object 'Object Repository/Application_OR/drp_ROOFTYPE_PROPERTYPAGE'

2018-01-25 14:51:01 - [MESSAGE][PASSED] - All options with index in [1] are selected on object 'Object Repository/Application_OR/drp_ROOFTYPE_PROPERTYPAGE'

2018-01-25 14:51:01 - [TEST_STEP][PASSED] - delay: Delayed 2 second(s)

2018-01-25 14:51:03 - [MESSAGE][PASSED] - Delayed 2 second(s)

2018-01-25 14:51:03 - [TEST_STEP][PASSED] - selectOptionByIndex: All options with index in [3] are selected on object 'Object Repository/Application_OR/drp_FOUNDATIONTYPE_PROPERTYPAGE'

2018-01-25 14:51:03 - [MESSAGE][PASSED] - All options with index in [3] are selected on object 'Object Repository/Application_OR/drp_FOUNDATIONTYPE_PROPERTYPAGE'

2018-01-25 14:51:03 - [TEST_STEP][PASSED] - delay: Delayed 2 second(s)

2018-01-25 14:51:05 - [MESSAGE][PASSED] - Delayed 2 second(s)

2018-01-25 14:51:05 - [TEST_STEP][PASSED] - selectOptionByIndex: All options with index in [7] are selected on object 'Object Repository/Application_OR/drp_HEATINGTYPE_PROPERTYPAGE'

2018-01-25 14:51:05 - [MESSAGE][PASSED] - All options with index in [7] are selected on object 'Object Repository/Application_OR/drp_HEATINGTYPE_PROPERTYPAGE'

2018-01-25 14:51:05 - [TEST_STEP][PASSED] - delay: Delayed 5 second(s)

2018-01-25 14:51:10 - [MESSAGE][PASSED] - Delayed 5 second(s)

2018-01-25 14:51:10 - [TEST_STEP][PASSED] - click: Object: 'Object Repository/Application_OR/btn_OCCUPANYPAGE_SAVEANDCONTINUE' is clicked on

2018-01-25 14:51:10 - [MESSAGE][PASSED] - Object: 'Object Repository/Application_OR/btn_OCCUPANYPAGE_SAVEANDCONTINUE' is clicked on

2018-01-25 14:51:10 - [TEST_STEP][PASSED] - delay: Delayed 1 second(s)

2018-01-25 14:51:11 - [MESSAGE][PASSED] - Delayed 1 second(s)

2018-01-25 14:51:11 - [TEST_STEP][PASSED] - click: Object: 'Object Repository/Application_OR/btn_YES_ROOFAGE_POPUP' is clicked on

2018-01-25 14:51:12 - [MESSAGE][PASSED] - Object: 'Object Repository/Application_OR/btn_YES_ROOFAGE_POPUP' is clicked on

2018-01-25 14:51:12 - [TEST_STEP][PASSED] - delay: Delayed 1 second(s)

2018-01-25 14:51:13 - [MESSAGE][PASSED] - Delayed 1 second(s)

2018-01-25 14:51:13 - [TEST_STEP][PASSED] - click: Object: 'Object Repository/Application_OR/btn_YES_ELECTRICALAGE_POPUP' is clicked on

2018-01-25 14:51:13 - [MESSAGE][PASSED] - Object: 'Object Repository/Application_OR/btn_YES_ELECTRICALAGE_POPUP' is clicked on

2018-01-25 14:51:13 - [TEST_STEP][PASSED] - delay: Delayed 1 second(s)

2018-01-25 14:51:14 - [MESSAGE][PASSED] - Delayed 1 second(s)

2018-01-25 14:51:14 - [TEST_STEP][PASSED] - click: Object: 'Object Repository/Application_OR/btn_YES_ELECTRICALAGE_POPUP' is clicked on

2018-01-25 14:51:14 - [MESSAGE][PASSED] - Object: 'Object Repository/Application_OR/btn_YES_ELECTRICALAGE_POPUP' is clicked on

2018-01-25 14:51:14 - [TEST_STEP][PASSED] - delay: Delayed 5 second(s)

2018-01-25 14:51:19 - [MESSAGE][PASSED] - Delayed 5 second(s)

2018-01-25 14:51:19 - [TEST_STEP][PASSED] - click: Object: 'Object Repository/Application_OR/btn_OCCUPANYPAGE_SAVEANDCONTINUE' is clicked on

2018-01-25 14:51:21 - [MESSAGE][PASSED] - Object: 'Object Repository/Application_OR/btn_OCCUPANYPAGE_SAVEANDCONTINUE' is clicked on

2018-01-25 14:51:21 - [TEST_STEP][PASSED] - delay: Delayed 5 second(s)

2018-01-25 14:51:26 - [MESSAGE][PASSED] - Delayed 5 second(s)

2018-01-25 14:51:26 - [TEST_STEP][PASSED] - check: Object 'Object Repository/Application_OR/chkbx_AGREEMENT' is checked

2018-01-25 14:51:26 - [MESSAGE][PASSED] - Object 'Object Repository/Application_OR/chkbx_AGREEMENT' is checked

2018-01-25 14:51:26 - [TEST_STEP][PASSED] - delay: Delayed 10 second(s)

2018-01-25 14:51:36 - [MESSAGE][PASSED] - Delayed 10 second(s)

2018-01-25 14:51:36 - [TEST_STEP][PASSED] - click: Object: 'Object Repository/Application_OR/btn_OCCUPANYPAGE_SAVEANDCONTINUE' is clicked on

2018-01-25 14:51:36 - [MESSAGE][PASSED] - Object: 'Object Repository/Application_OR/btn_OCCUPANYPAGE_SAVEANDCONTINUE' is clicked on

2018-01-25 14:51:36 - [TEST_STEP][PASSED] - delay: Delayed 5 second(s)

2018-01-25 14:51:41 - [MESSAGE][PASSED] - Delayed 5 second(s)

2018-01-25 14:51:41 - [TEST_STEP][PASSED] - click: Object: 'Object Repository/Application_OR/btn_SIGNAPPLICATION_AGENT' is clicked on

2018-01-25 14:51:57 - [MESSAGE][PASSED] - Object: 'Object Repository/Application_OR/btn_SIGNAPPLICATION_AGENT' is clicked on

2018-01-25 14:51:57 - [TEST_STEP][PASSED] - delay: Delayed 5 second(s)

2018-01-25 14:52:02 - [MESSAGE][PASSED] - Delayed 5 second(s)

2018-01-25 14:52:02 - [TEST_STEP][PASSED] - click: Object: 'Object Repository/Application_OR/btn_INSURED_SIGNATURE' is clicked on

2018-01-25 14:52:02 - [MESSAGE][PASSED] - Object: 'Object Repository/Application_OR/btn_INSURED_SIGNATURE' is clicked on

2018-01-25 14:52:02 - [TEST_STEP][PASSED] - delay: Delayed 5 second(s)

2018-01-25 14:52:07 - [MESSAGE][PASSED] - Delayed 5 second(s)

2018-01-25 14:52:07 - [TEST_STEP][PASSED] - click: Object: 'Object Repository/Application_OR/txtbx_INSURED_SIGNATURE' is clicked on

2018-01-25 14:52:07 - [MESSAGE][PASSED] - Object: 'Object Repository/Application_OR/txtbx_INSURED_SIGNATURE' is clicked on

2018-01-25 14:52:07 - [TEST_STEP][PASSED] - delay: Delayed 5 second(s)

2018-01-25 14:52:12 - [MESSAGE][PASSED] - Delayed 5 second(s)

2018-01-25 14:52:12 - [TEST_STEP][PASSED] - setText: Text 'Ross Marshal Guptil' is set on object 'Object Repository/Application_OR/txtbx_INSURED_SIGNATURE'

2018-01-25 14:52:12 - [MESSAGE][PASSED] - Text 'Ross Marshal Guptil' is set on object 'Object Repository/Application_OR/txtbx_INSURED_SIGNATURE'

2018-01-25 14:52:12 - [TEST_STEP][PASSED] - click: Object: 'Object Repository/Application_OR/btn_SUBMIT_INSURED_SIGNATURE' is clicked on

2018-01-25 14:52:13 - [MESSAGE][PASSED] - Object: 'Object Repository/Application_OR/btn_SUBMIT_INSURED_SIGNATURE' is clicked on

2018-01-25 14:52:13 - [TEST_STEP][PASSED] - Statement - otpQuery = "SELECT TOP 1 OtpGenerated FROM PPE_ApplicationForms_trn where PolicyInfoId = " + policyInfoId + " Order BY ModifiedDateTime DESC": null

2018-01-25 14:52:13 - [TEST_STEP][PASSED] - Statement - println("otpQuery" + " " + otpQuery): null

2018-01-25 14:52:13 - [TEST_STEP][PASSED] - com.PPE.Database_Connection.connectDB: com.PPE.Database_Connection.connectDB is PASSED

2018-01-25 14:52:14 - [MESSAGE][PASSED] - com.PPE.Database_Connection.connectDB is PASSED

2018-01-25 14:52:14 - [TEST_STEP][PASSED] - Statement - recordset = CustomKeywords.com.PPE.Database_Connection.executeQuery(otpQuery): com.PPE.Database_Connection.executeQuery is PASSED

2018-01-25 14:52:15 - [MESSAGE][PASSED] - com.PPE.Database_Connection.executeQuery is PASSED

2018-01-25 14:52:15 - [TEST_STEP][PASSED] - Statement - otp = 0: null

2018-01-25 14:52:15 - [TEST_STEP][PASSED] - Statement - While (recordset.next()): null

2018-01-25 14:52:15 - [TEST_STEP][PASSED] - Statement - otp = recordset.getObject("OtpGenerated"): null

2018-01-25 14:52:15 - [TEST_STEP][PASSED] - Statement - println("otp" + " " + otp): null

2018-01-25 14:52:15 - [TEST_STEP][PASSED] - delay: Delayed 10 second(s)

2018-01-25 14:52:25 - [MESSAGE][PASSED] - Delayed 10 second(s)

2018-01-25 14:52:25 - [TEST_STEP][PASSED] - Statement - txtOtp = com.kms.katalon.core.testobject.ObjectRepository.findTestObject(Application_OR/txtfield-OTP): Finding Test Object with id 'Object Repository/Application_OR/txtfield-OTP'

2018-01-25 14:52:25 - [TEST_STEP][PASSED] - setText: Text '7759' is set on object 'Object Repository/Application_OR/txtfield-OTP'

2018-01-25 14:52:25 - [MESSAGE][PASSED] - Text '7759' is set on object 'Object Repository/Application_OR/txtfield-OTP'

2018-01-25 14:52:25 - [TEST_STEP][PASSED] - delay: Delayed 1 second(s)

2018-01-25 14:52:26 - [MESSAGE][PASSED] - Delayed 1 second(s)

2018-01-25 14:52:26 - [TEST_STEP][PASSED] - click: Object: 'Object Repository/Application_OR/btn_OTP_VERIFY' is clicked on

2018-01-25 14:52:26 - [MESSAGE][PASSED] - Object: 'Object Repository/Application_OR/btn_OTP_VERIFY' is clicked on

2018-01-25 14:52:26 - [TEST_STEP][PASSED] - delay: Delayed 5 second(s)

2018-01-25 14:52:31 - [MESSAGE][PASSED] - Delayed 5 second(s)

2018-01-25 14:52:31 - [TEST_STEP][PASSED] - click: Object: 'Object Repository/Application_OR/btn_AGENT_SIGNATURE' is clicked on

2018-01-25 14:52:31 - [MESSAGE][PASSED] - Object: 'Object Repository/Application_OR/btn_AGENT_SIGNATURE' is clicked on

2018-01-25 14:52:31 - [TEST_STEP][PASSED] - delay: Delayed 2 second(s)

2018-01-25 14:52:33 - [MESSAGE][PASSED] - Delayed 2 second(s)

2018-01-25 14:52:33 - [TEST_STEP][PASSED] - click: Object: 'Object Repository/Application_OR/txtbx_AGENT_SIGNATURE' is clicked on

2018-01-25 14:52:33 - [MESSAGE][PASSED] - Object: 'Object Repository/Application_OR/txtbx_AGENT_SIGNATURE' is clicked on

2018-01-25 14:52:33 - [TEST_STEP][PASSED] - delay: Delayed 2 second(s)

2018-01-25 14:52:35 - [MESSAGE][PASSED] - Delayed 2 second(s)

2018-01-25 14:52:35 - [TEST_STEP][PASSED] - setText: Text 'clement helms' is set on object 'Object Repository/Application_OR/txtbx_AGENT_SIGNATURE'

2018-01-25 14:52:36 - [MESSAGE][PASSED] - Text 'clement helms' is set on object 'Object Repository/Application_OR/txtbx_AGENT_SIGNATURE'

2018-01-25 14:52:36 - [TEST_STEP][PASSED] - delay: Delayed 2 second(s)

2018-01-25 14:52:38 - [MESSAGE][PASSED] - Delayed 2 second(s)

2018-01-25 14:52:38 - [TEST_STEP][PASSED] - click: Object: 'Object Repository/Application_OR/btn_SUBMIT_AGENT_SIGNATURE' is clicked on

2018-01-25 14:52:38 - [MESSAGE][PASSED] - Object: 'Object Repository/Application_OR/btn_SUBMIT_AGENT_SIGNATURE' is clicked on

2018-01-25 14:52:38 - [TEST_STEP][PASSED] - delay: Delayed 5 second(s)

2018-01-25 14:52:43 - [MESSAGE][PASSED] - Delayed 5 second(s)

2018-01-25 14:52:43 - [TEST_STEP][PASSED] - click: Object: 'Object Repository/Application_OR/btn_SURPLUSLINE_ACK' is clicked on

2018-01-25 14:52:44 - [MESSAGE][PASSED] - Object: 'Object Repository/Application_OR/btn_SURPLUSLINE_ACK' is clicked on

2018-01-25 14:52:44 - [TEST_STEP][PASSED] - delay: Delayed 5 second(s)

2018-01-25 14:52:49 - [MESSAGE][PASSED] - Delayed 5 second(s)

2018-01-25 14:52:49 - [TEST_STEP][PASSED] - click: Object: 'Object Repository/Application_OR/txtfield_SURPLUSLINE_FORM_TEXT' is clicked on

2018-01-25 14:52:49 - [MESSAGE][PASSED] - Object: 'Object Repository/Application_OR/txtfield_SURPLUSLINE_FORM_TEXT' is clicked on

2018-01-25 14:52:49 - [TEST_STEP][PASSED] - setText: Text 'Testing' is set on object 'Object Repository/Application_OR/txtfield_SURPLUSLINE_FORM_TEXT'

2018-01-25 14:52:49 - [MESSAGE][PASSED] - Text 'Testing' is set on object 'Object Repository/Application_OR/txtfield_SURPLUSLINE_FORM_TEXT'

2018-01-25 14:52:49 - [TEST_STEP][PASSED] - delay: Delayed 5 second(s)

2018-01-25 14:52:54 - [MESSAGE][PASSED] - Delayed 5 second(s)

2018-01-25 14:52:54 - [TEST_STEP][PASSED] - click: Object: 'Object Repository/Application_OR/btn_SUBMIT_SURPLUSLINE' is clicked on

2018-01-25 14:52:54 - [MESSAGE][PASSED] - Object: 'Object Repository/Application_OR/btn_SUBMIT_SURPLUSLINE' is clicked on

2018-01-25 14:52:54 - [TEST_STEP][PASSED] - delay: Delayed 5 second(s)

2018-01-25 14:52:59 - [MESSAGE][PASSED] - Delayed 5 second(s)

2018-01-25 14:52:59 - [TEST_STEP][PASSED] - click: Object: 'Object Repository/Application_OR/btn_SUBMIT_FOR_UW_APPROVAL' is clicked on

2018-01-25 14:53:03 - [MESSAGE][PASSED] - Object: 'Object Repository/Application_OR/btn_SUBMIT_FOR_UW_APPROVAL' is clicked on

2018-01-25 14:53:03 - [TEST_STEP][PASSED] - delay: Delayed 8 second(s)

2018-01-25 14:53:11 - [MESSAGE][PASSED] - Delayed 8 second(s)

2018-01-25 14:53:11 - [TEST_STEP][PASSED] - click: Object: 'Object Repository/Application_OR/btn_LOGOUT' is clicked on

2018-01-25 14:53:11 - [MESSAGE][PASSED] - Object: 'Object Repository/Application_OR/btn_LOGOUT' is clicked on

2018-01-25 14:53:11 - [TEST_STEP][PASSED] - delay: Delayed 5 second(s)

2018-01-25 14:53:16 - [MESSAGE][PASSED] - Delayed 5 second(s)

2018-01-25 14:53:16 - [TEST_STEP][PASSED] - setText: Text 'ih.william' is set on object 'Object Repository/Quote_OR/txtfield_USERNAME'

2018-01-25 14:53:17 - [MESSAGE][PASSED] - Text 'ih.william' is set on object 'Object Repository/Quote_OR/txtfield_USERNAME'

2018-01-25 14:53:17 - [TEST_STEP][PASSED] - setText: Text '10#Hammer' is set on object 'Object Repository/Quote_OR/txtfield_PASSWORD'

2018-01-25 14:53:17 - [MESSAGE][PASSED] - Text '10#Hammer' is set on object 'Object Repository/Quote_OR/txtfield_PASSWORD'

2018-01-25 14:53:17 - [TEST_STEP][PASSED] - click: Object: 'Object Repository/Quote_OR/btn-LOGIN' is clicked on

2018-01-25 14:53:19 - [MESSAGE][PASSED] - Object: 'Object Repository/Quote_OR/btn-LOGIN' is clicked on

2018-01-25 14:53:19 - [TEST_STEP][PASSED] - delay: Delayed 5 second(s)

2018-01-25 14:53:25 - [MESSAGE][PASSED] - Delayed 5 second(s)

2018-01-25 14:53:25 - [TEST_STEP][PASSED] - Statement - btnId = "//*[@id="btnLoadApplication_" + policyInfoId + ""]": null

2018-01-25 14:53:25 - [TEST_STEP][PASSED] - Statement - btnViewApplication = new com.kms.katalon.core.testobject.TestObject(btnViewApplication): null

2018-01-25 14:53:25 - [TEST_STEP][PASSED] - Statement - btnViewApplication.addProperty("xpath", EQUALS, btnId, true): null

2018-01-25 14:53:25 - [TEST_STEP][PASSED] - delay: Delayed 20 second(s)

2018-01-25 14:53:45 - [MESSAGE][PASSED] - Delayed 20 second(s)

2018-01-25 14:53:45 - [TEST_STEP][PASSED] - click: Object: 'btnViewApplication' is clicked on

2018-01-25 14:53:47 - [MESSAGE][PASSED] - Object: 'btnViewApplication' is clicked on

2018-01-25 14:53:47 - [TEST_STEP][PASSED] - delay: Delayed 8 second(s)

2018-01-25 14:53:55 - [MESSAGE][PASSED] - Delayed 8 second(s)

2018-01-25 14:53:55 - [TEST_STEP][PASSED] - click: Object: 'Object Repository/Application_OR/btn_DOWNLOAD_AFS_UW' is clicked on

2018-01-25 14:53:55 - [MESSAGE][PASSED] - Object: 'Object Repository/Application_OR/btn_DOWNLOAD_AFS_UW' is clicked on

2018-01-25 14:53:55 - [TEST_STEP][PASSED] - delay: Delayed 5 second(s)

2018-01-25 14:54:00 - [MESSAGE][PASSED] - Delayed 5 second(s)

2018-01-25 14:54:00 - [TEST_STEP][PASSED] - click: Object: 'Object Repository/Application_OR/btn_GENERATE_FORMS' is clicked on

2018-01-25 14:54:00 - [MESSAGE][PASSED] - Object: 'Object Repository/Application_OR/btn_GENERATE_FORMS' is clicked on

2018-01-25 14:54:00 - [TEST_STEP][PASSED] - delay: Delayed 5 second(s)

2018-01-25 14:54:05 - [MESSAGE][PASSED] - Delayed 5 second(s)

2018-01-25 14:54:05 - [TEST_STEP][PASSED] - click: Object: 'Object Repository/Application_OR/btn_REQUEST_FOR_BIND' is clicked on

2018-01-25 14:54:05 - [MESSAGE][PASSED] - Object: 'Object Repository/Application_OR/btn_REQUEST_FOR_BIND' is clicked on

2018-01-25 14:54:05 - [TEST_STEP][PASSED] - delay: Delayed 20 second(s)

2018-01-25 14:54:25 - [MESSAGE][PASSED] - Delayed 20 second(s)

2018-01-25 14:54:25 - [TEST_STEP][PASSED] - click: Object: 'Object Repository/Application_OR/btn_VIEW_POLICY_FORMS' is clicked on

2018-01-25 14:54:25 - [MESSAGE][PASSED] - Object: 'Object Repository/Application_OR/btn_VIEW_POLICY_FORMS' is clicked on

2018-01-25 14:54:25 - [TEST_STEP][PASSED] - delay: Delayed 15 second(s)

2018-01-25 14:54:40 - [MESSAGE][PASSED] - Delayed 15 second(s)

2018-01-25 14:54:40 - [TEST_STEP][PASSED] - click: Object: 'Object Repository/Application_OR/btn_UW_APPLICATION_STATUS_MENU' is clicked on

2018-01-25 14:54:40 - [MESSAGE][PASSED] - Object: 'Object Repository/Application_OR/btn_UW_APPLICATION_STATUS_MENU' is clicked on

2018-01-25 14:54:40 - [TEST_STEP][PASSED] - delay: Delayed 2 second(s)

2018-01-25 14:54:42 - [MESSAGE][PASSED] - Delayed 2 second(s)

2018-01-25 14:54:42 - [TEST_STEP][PASSED] - click: Object: 'Object Repository/Application_OR/btn_YES_CONFIRMATION' is clicked on

2018-01-25 14:54:43 - [MESSAGE][PASSED] - Object: 'Object Repository/Application_OR/btn_YES_CONFIRMATION' is clicked on

2018-01-25 14:54:43 - [TEST_STEP][PASSED] - delay: Delayed 20 second(s)

2018-01-25 14:55:03 - [MESSAGE][PASSED] - Delayed 20 second(s)]]></system-out>
         <system-err><![CDATA[]]></system-err>
      </testcase>
      <testcase name="Test Cases/ENDORSEMENT_CREATION" classname="Test Cases/ENDORSEMENT_CREATION" status="FAILED">
         <failure type="FAILED" message="Unable to click on object 'Object Repository/Application_OR/btn_LOGOUT' (Root cause: org.openqa.selenium.WebDriverException: unknown error: Element &lt;a href=&quot;/login/Logout&quot;>...&lt;/a> is not clickable at point (1318, 13). Other element would receive the click: &lt;div class=&quot;modalLoader&quot;>...&lt;/div>
  (Session info: chrome=63.0.3239.132)
  (Driver info: chromedriver=2.33.506120 (e3e53437346286c0bc2d2dc9aa4915ba81d9023f),platform=Windows NT 6.1.7601 SP1 x86_64) (WARNING: The server did not provide any stacktrace information)
Command duration or timeout: 44 milliseconds
Build info: version: '2.53.0', revision: '35ae25b', time: '2016-03-15 17:00:58'
System info: host: 'CTS-QUA-4', ip: '192.168.0.4', os.name: 'Windows 7', os.arch: 'amd64', os.version: '6.1', java.version: '1.8.0_102'
Driver info: com.kms.katalon.selenium.driver.CChromeDriver
Capabilities [{applicationCacheEnabled=false, rotatable=false, mobileEmulationEnabled=false, networkConnectionEnabled=false, chrome={chromedriverVersion=2.33.506120 (e3e53437346286c0bc2d2dc9aa4915ba81d9023f), userDataDir=C:\Users\GSALUN~1\AppData\Local\Temp\scoped_dir15132_4656}, takesHeapSnapshot=true, pageLoadStrategy=normal, databaseEnabled=false, handlesAlerts=true, hasTouchScreen=false, version=63.0.3239.132, platform=XP, browserConnectionEnabled=false, nativeEvents=true, acceptSslCerts=true, locationContextEnabled=true, webStorageEnabled=true, browserName=chrome, takesScreenshot=true, javascriptEnabled=true, cssSelectorsEnabled=true, setWindowRect=true, unexpectedAlertBehaviour=}]
Session ID: 0c9e7979240e4754488f7409f49f1577)"/>
         <system-out><![CDATA[2018-01-25 14:55:03 - [TEST_CASE][FAILED] - Test Cases/ENDORSEMENT_CREATION: Test Cases/ENDORSEMENT_CREATION FAILED because (of) Unable to click on object 'Object Repository/Application_OR/btn_LOGOUT' (Root cause: org.openqa.selenium.WebDriverException: unknown error: Element <a href="/login/Logout">...</a> is not clickable at point (1318, 13). Other element would receive the click: <div class="modalLoader">...</div>
  (Session info: chrome=63.0.3239.132)
  (Driver info: chromedriver=2.33.506120 (e3e53437346286c0bc2d2dc9aa4915ba81d9023f),platform=Windows NT 6.1.7601 SP1 x86_64) (WARNING: The server did not provide any stacktrace information)
Command duration or timeout: 44 milliseconds
Build info: version: '2.53.0', revision: '35ae25b', time: '2016-03-15 17:00:58'
System info: host: 'CTS-QUA-4', ip: '192.168.0.4', os.name: 'Windows 7', os.arch: 'amd64', os.version: '6.1', java.version: '1.8.0_102'
Driver info: com.kms.katalon.selenium.driver.CChromeDriver
Capabilities [{applicationCacheEnabled=false, rotatable=false, mobileEmulationEnabled=false, networkConnectionEnabled=false, chrome={chromedriverVersion=2.33.506120 (e3e53437346286c0bc2d2dc9aa4915ba81d9023f), userDataDir=C:\Users\GSALUN~1\AppData\Local\Temp\scoped_dir15132_4656}, takesHeapSnapshot=true, pageLoadStrategy=normal, databaseEnabled=false, handlesAlerts=true, hasTouchScreen=false, version=63.0.3239.132, platform=XP, browserConnectionEnabled=false, nativeEvents=true, acceptSslCerts=true, locationContextEnabled=true, webStorageEnabled=true, browserName=chrome, takesScreenshot=true, javascriptEnabled=true, cssSelectorsEnabled=true, setWindowRect=true, unexpectedAlertBehaviour=}]
Session ID: 0c9e7979240e4754488f7409f49f1577)

2018-01-25 14:55:03 - [TEST_STEP][PASSED] - click: Object: 'Object Repository/Endorsement_OR/btn_ADVANCE_FILTER' is clicked on

2018-01-25 14:55:03 - [MESSAGE][PASSED] - Object: 'Object Repository/Endorsement_OR/btn_ADVANCE_FILTER' is clicked on

2018-01-25 14:55:03 - [TEST_STEP][PASSED] - delay: Delayed 4 second(s)

2018-01-25 14:55:07 - [MESSAGE][PASSED] - Delayed 4 second(s)

2018-01-25 14:55:08 - [TEST_STEP][PASSED] - setText: Text '199 Hickory Ridge Dr, Macon, GA 31211, USA' is set on object 'Object Repository/Endorsement_OR/txtfield_AdvanceFilter_PROPERTY_ADDRESS'

2018-01-25 14:55:08 - [MESSAGE][PASSED] - Text '199 Hickory Ridge Dr, Macon, GA 31211, USA' is set on object 'Object Repository/Endorsement_OR/txtfield_AdvanceFilter_PROPERTY_ADDRESS'

2018-01-25 14:55:08 - [TEST_STEP][PASSED] - delay: Delayed 15 second(s)

2018-01-25 14:55:23 - [MESSAGE][PASSED] - Delayed 15 second(s)

2018-01-25 14:55:23 - [TEST_STEP][PASSED] - click: Object: 'Object Repository/Endorsement_OR/btn_APPLY_Advance_Filter' is clicked on

2018-01-25 14:55:23 - [MESSAGE][PASSED] - Object: 'Object Repository/Endorsement_OR/btn_APPLY_Advance_Filter' is clicked on

2018-01-25 14:55:23 - [TEST_STEP][PASSED] - delay: Delayed 18 second(s)

2018-01-25 14:55:41 - [MESSAGE][PASSED] - Delayed 18 second(s)

2018-01-25 14:55:41 - [TEST_STEP][PASSED] - Statement - policynumber = com.kms.katalon.core.webui.keyword.WebUiBuiltInKeywords.getText(com.kms.katalon.core.testobject.ObjectRepository.findTestObject(Endorsement_OR/get_POLICYNUMBER)): Text of object 'Object Repository/Endorsement_OR/get_POLICYNUMBER' is: 'BCIHGA1800088'

2018-01-25 14:55:41 - [MESSAGE][PASSED] - Text of object 'Object Repository/Endorsement_OR/get_POLICYNUMBER' is: 'BCIHGA1800088'

2018-01-25 14:55:41 - [TEST_STEP][PASSED] - Statement - println(policynumber): null

2018-01-25 14:55:41 - [TEST_STEP][PASSED] - delay: Delayed 10 second(s)

2018-01-25 14:55:51 - [MESSAGE][PASSED] - Delayed 10 second(s)

2018-01-25 14:55:51 - [TEST_STEP][PASSED] - click: Object: 'Object Repository/Endorsement_OR/btn_ENDORSEMENT_MENU' is clicked on

2018-01-25 14:55:51 - [MESSAGE][PASSED] - Object: 'Object Repository/Endorsement_OR/btn_ENDORSEMENT_MENU' is clicked on

2018-01-25 14:55:51 - [TEST_STEP][PASSED] - delay: Delayed 3 second(s)

2018-01-25 14:55:54 - [MESSAGE][PASSED] - Delayed 3 second(s)

2018-01-25 14:55:54 - [TEST_STEP][PASSED] - click: Object: 'Object Repository/Endorsement_OR/btn_YES_CONFIRMATION_ENDORSEMENT' is clicked on

2018-01-25 14:55:55 - [MESSAGE][PASSED] - Object: 'Object Repository/Endorsement_OR/btn_YES_CONFIRMATION_ENDORSEMENT' is clicked on

2018-01-25 14:55:55 - [TEST_STEP][PASSED] - delay: Delayed 6 second(s)

2018-01-25 14:56:01 - [MESSAGE][PASSED] - Delayed 6 second(s)

2018-01-25 14:56:01 - [TEST_STEP][PASSED] - setText: Text 'BCIHGA1800088' is set on object 'Object Repository/Endorsement_OR/txtfield_POLICYNUMBER_FOR_ENDORSEMENT'

2018-01-25 14:56:01 - [MESSAGE][PASSED] - Text 'BCIHGA1800088' is set on object 'Object Repository/Endorsement_OR/txtfield_POLICYNUMBER_FOR_ENDORSEMENT'

2018-01-25 14:56:01 - [TEST_STEP][PASSED] - delay: Delayed 6 second(s)

2018-01-25 14:56:07 - [MESSAGE][PASSED] - Delayed 6 second(s)

2018-01-25 14:56:07 - [TEST_STEP][PASSED] - click: Object: 'Object Repository/Endorsement_OR/btn_SEARCH_FOR_ENDORSEMENT' is clicked on

2018-01-25 14:56:07 - [MESSAGE][PASSED] - Object: 'Object Repository/Endorsement_OR/btn_SEARCH_FOR_ENDORSEMENT' is clicked on

2018-01-25 14:56:07 - [TEST_STEP][PASSED] - delay: Delayed 10 second(s)

2018-01-25 14:56:17 - [MESSAGE][PASSED] - Delayed 10 second(s)

2018-01-25 14:56:17 - [TEST_STEP][PASSED] - click: Object: 'Object Repository/Endorsement_OR/btn_ENDORSE_UW' is clicked on

2018-01-25 14:56:19 - [MESSAGE][PASSED] - Object: 'Object Repository/Endorsement_OR/btn_ENDORSE_UW' is clicked on

2018-01-25 14:56:19 - [TEST_STEP][PASSED] - delay: Delayed 6 second(s)

2018-01-25 14:56:25 - [MESSAGE][PASSED] - Delayed 6 second(s)

2018-01-25 14:56:25 - [TEST_STEP][PASSED] - click: Object: 'Object Repository/Endorsement_OR/btn_EDIT_APPLICANTINFO_UW' is clicked on

2018-01-25 14:56:26 - [MESSAGE][PASSED] - Object: 'Object Repository/Endorsement_OR/btn_EDIT_APPLICANTINFO_UW' is clicked on

2018-01-25 14:56:26 - [TEST_STEP][PASSED] - delay: Delayed 6 second(s)

2018-01-25 14:56:32 - [MESSAGE][PASSED] - Delayed 6 second(s)

2018-01-25 14:56:32 - [TEST_STEP][PASSED] - click: Object: 'Object Repository/Endorsement_OR/btn_RECALCULATE_UW' is clicked on

2018-01-25 14:56:32 - [MESSAGE][PASSED] - Object: 'Object Repository/Endorsement_OR/btn_RECALCULATE_UW' is clicked on

2018-01-25 14:56:32 - [TEST_STEP][PASSED] - delay: Delayed 6 second(s)

2018-01-25 14:56:38 - [MESSAGE][PASSED] - Delayed 6 second(s)

2018-01-25 14:56:38 - [TEST_STEP][PASSED] - setText: Text 'James' is set on object 'Object Repository/Endorsement_OR/txtfield_PRIFIRSTNAME_UW'

2018-01-25 14:56:38 - [MESSAGE][PASSED] - Text 'James' is set on object 'Object Repository/Endorsement_OR/txtfield_PRIFIRSTNAME_UW'

2018-01-25 14:56:38 - [TEST_STEP][PASSED] - delay: Delayed 2 second(s)

2018-01-25 14:56:40 - [MESSAGE][PASSED] - Delayed 2 second(s)

2018-01-25 14:56:40 - [TEST_STEP][PASSED] - click: Object: 'Object Repository/Endorsement_OR/btn_UPDATE_APPLICANTINFO_UW' is clicked on

2018-01-25 14:56:40 - [MESSAGE][PASSED] - Object: 'Object Repository/Endorsement_OR/btn_UPDATE_APPLICANTINFO_UW' is clicked on

2018-01-25 14:56:40 - [TEST_STEP][PASSED] - delay: Delayed 2 second(s)

2018-01-25 14:56:42 - [MESSAGE][PASSED] - Delayed 2 second(s)

2018-01-25 14:56:42 - [TEST_STEP][PASSED] - click: Object: 'Object Repository/Endorsement_OR/btn_RECALCULATE_UW' is clicked on

2018-01-25 14:56:42 - [MESSAGE][PASSED] - Object: 'Object Repository/Endorsement_OR/btn_RECALCULATE_UW' is clicked on

2018-01-25 14:56:42 - [TEST_STEP][PASSED] - delay: Delayed 6 second(s)

2018-01-25 14:56:48 - [MESSAGE][PASSED] - Delayed 6 second(s)

2018-01-25 14:56:48 - [TEST_STEP][PASSED] - scrollToPosition: Browser is scrolled to position x = 0, y = 50

2018-01-25 14:56:48 - [MESSAGE][PASSED] - Browser is scrolled to position x = 0, y = 50

2018-01-25 14:56:48 - [TEST_STEP][PASSED] - delay: Delayed 3 second(s)

2018-01-25 14:56:51 - [MESSAGE][PASSED] - Delayed 3 second(s)

2018-01-25 14:56:51 - [TEST_STEP][PASSED] - click: Object: 'Object Repository/Endorsement_OR/btn_EDIT_COVERAGE_UW' is clicked on

2018-01-25 14:56:52 - [MESSAGE][PASSED] - Object: 'Object Repository/Endorsement_OR/btn_EDIT_COVERAGE_UW' is clicked on

2018-01-25 14:56:52 - [TEST_STEP][PASSED] - delay: Delayed 6 second(s)

2018-01-25 14:56:58 - [MESSAGE][PASSED] - Delayed 6 second(s)

2018-01-25 14:56:58 - [TEST_STEP][PASSED] - click: Object: 'Object Repository/Endorsement_OR/drp_SETTLEMENTTYPE_UW' is clicked on

2018-01-25 14:56:58 - [MESSAGE][PASSED] - Object: 'Object Repository/Endorsement_OR/drp_SETTLEMENTTYPE_UW' is clicked on

2018-01-25 14:56:58 - [TEST_STEP][PASSED] - selectOptionByValue: All options with value 'ACV' are selected in object 'Object Repository/Endorsement_OR/drp_SETTLEMENTTYPE_UW' 

2018-01-25 14:56:58 - [MESSAGE][PASSED] - All options with value 'ACV' are selected in object 'Object Repository/Endorsement_OR/drp_SETTLEMENTTYPE_UW' 

2018-01-25 14:56:58 - [TEST_STEP][PASSED] - click: Object: 'Object Repository/Endorsement_OR/btn_UPDATE_COVERAGE_UW' is clicked on

2018-01-25 14:56:58 - [MESSAGE][PASSED] - Object: 'Object Repository/Endorsement_OR/btn_UPDATE_COVERAGE_UW' is clicked on

2018-01-25 14:56:58 - [TEST_STEP][PASSED] - delay: Delayed 2 second(s)

2018-01-25 14:57:00 - [MESSAGE][PASSED] - Delayed 2 second(s)

2018-01-25 14:57:00 - [TEST_STEP][PASSED] - click: Object: 'Object Repository/Endorsement_OR/btn_RECALCULATE_UW' is clicked on

2018-01-25 14:57:00 - [MESSAGE][PASSED] - Object: 'Object Repository/Endorsement_OR/btn_RECALCULATE_UW' is clicked on

2018-01-25 14:57:00 - [TEST_STEP][PASSED] - delay: Delayed 2 second(s)

2018-01-25 14:57:02 - [MESSAGE][PASSED] - Delayed 2 second(s)

2018-01-25 14:57:02 - [TEST_STEP][PASSED] - click: Object: 'Object Repository/Endorsement_OR/txtfield_ENDORSEMENTEFFECTIVEDATE_UW' is clicked on

2018-01-25 14:57:02 - [MESSAGE][PASSED] - Object: 'Object Repository/Endorsement_OR/txtfield_ENDORSEMENTEFFECTIVEDATE_UW' is clicked on

2018-01-25 14:57:02 - [TEST_STEP][PASSED] - Statement - use(groovy.time.TimeCategory, { -> ... }): null

2018-01-25 14:57:02 - [TEST_STEP][PASSED] - scrollToPosition: Browser is scrolled to position x = 0, y = 50

2018-01-25 14:57:02 - [MESSAGE][PASSED] - Browser is scrolled to position x = 0, y = 50

2018-01-25 14:57:02 - [TEST_STEP][PASSED] - click: Object: 'Object Repository/Endorsement_OR/btn_EDIT_PROPERTY_UW' is clicked on

2018-01-25 14:57:03 - [MESSAGE][PASSED] - Object: 'Object Repository/Endorsement_OR/btn_EDIT_PROPERTY_UW' is clicked on

2018-01-25 14:57:03 - [TEST_STEP][PASSED] - delay: Delayed 2 second(s)

2018-01-25 14:57:05 - [MESSAGE][PASSED] - Delayed 2 second(s)

2018-01-25 14:57:05 - [TEST_STEP][PASSED] - setText: Text '1970' is set on object 'Object Repository/Endorsement_OR/txtfield_HOME_BUILD_ENDORSEMENT_UW'

2018-01-25 14:57:05 - [MESSAGE][PASSED] - Text '1970' is set on object 'Object Repository/Endorsement_OR/txtfield_HOME_BUILD_ENDORSEMENT_UW'

2018-01-25 14:57:05 - [TEST_STEP][PASSED] - delay: Delayed 4 second(s)

2018-01-25 14:57:09 - [MESSAGE][PASSED] - Delayed 4 second(s)

2018-01-25 14:57:09 - [TEST_STEP][PASSED] - setText: Text '500000' is set on object 'Object Repository/Endorsement_OR/txtfield_EXIMATED_VALUATION_UW'

2018-01-25 14:57:09 - [MESSAGE][PASSED] - Text '500000' is set on object 'Object Repository/Endorsement_OR/txtfield_EXIMATED_VALUATION_UW'

2018-01-25 14:57:09 - [TEST_STEP][PASSED] - delay: Delayed 4 second(s)

2018-01-25 14:57:13 - [MESSAGE][PASSED] - Delayed 4 second(s)

2018-01-25 14:57:13 - [TEST_STEP][PASSED] - click: Object: 'Object Repository/Endorsement_OR/drp_CONSTRUCTION_TYPE_UW' is clicked on

2018-01-25 14:57:13 - [MESSAGE][PASSED] - Object: 'Object Repository/Endorsement_OR/drp_CONSTRUCTION_TYPE_UW' is clicked on

2018-01-25 14:57:13 - [TEST_STEP][PASSED] - selectOptionByIndex: All options with index in [3] are selected on object 'Object Repository/Endorsement_OR/drp_CONSTRUCTION_TYPE_UW'

2018-01-25 14:57:13 - [MESSAGE][PASSED] - All options with index in [3] are selected on object 'Object Repository/Endorsement_OR/drp_CONSTRUCTION_TYPE_UW'

2018-01-25 14:57:13 - [TEST_STEP][PASSED] - delay: Delayed 4 second(s)

2018-01-25 14:57:17 - [MESSAGE][PASSED] - Delayed 4 second(s)

2018-01-25 14:57:17 - [TEST_STEP][PASSED] - click: Object: 'Object Repository/Endorsement_OR/btn_UPDATE_ENDORSEMENT_PROPERTY_UW' is clicked on

2018-01-25 14:57:18 - [MESSAGE][PASSED] - Object: 'Object Repository/Endorsement_OR/btn_UPDATE_ENDORSEMENT_PROPERTY_UW' is clicked on

2018-01-25 14:57:18 - [TEST_STEP][PASSED] - delay: Delayed 4 second(s)

2018-01-25 14:57:22 - [MESSAGE][PASSED] - Delayed 4 second(s)

2018-01-25 14:57:22 - [TEST_STEP][PASSED] - click: Object: 'Object Repository/Endorsement_OR/btn_RECALCULATE_UW' is clicked on

2018-01-25 14:57:22 - [MESSAGE][PASSED] - Object: 'Object Repository/Endorsement_OR/btn_RECALCULATE_UW' is clicked on

2018-01-25 14:57:22 - [TEST_STEP][PASSED] - delay: Delayed 4 second(s)

2018-01-25 14:57:26 - [MESSAGE][PASSED] - Delayed 4 second(s)

2018-01-25 14:57:26 - [TEST_STEP][PASSED] - click: Object: 'Object Repository/Endorsement_OR/btn_GENERATE_FORMS_UW' is clicked on

2018-01-25 14:57:26 - [MESSAGE][PASSED] - Object: 'Object Repository/Endorsement_OR/btn_GENERATE_FORMS_UW' is clicked on

2018-01-25 14:57:26 - [TEST_STEP][PASSED] - delay: Delayed 4 second(s)

2018-01-25 14:57:30 - [MESSAGE][PASSED] - Delayed 4 second(s)

2018-01-25 14:57:30 - [TEST_STEP][PASSED] - click: Object: 'Object Repository/Endorsement_OR/btn_APPROVE_ENDORSEMENT' is clicked on

2018-01-25 14:57:30 - [MESSAGE][PASSED] - Object: 'Object Repository/Endorsement_OR/btn_APPROVE_ENDORSEMENT' is clicked on

2018-01-25 14:57:30 - [TEST_STEP][PASSED] - delay: Delayed 6 second(s)

2018-01-25 14:57:36 - [MESSAGE][PASSED] - Delayed 6 second(s)

2018-01-25 14:57:36 - [TEST_STEP][PASSED] - click: Object: 'Object Repository/Endorsement_OR/chkbx_HOMEOWNER_END_FORM' is clicked on

2018-01-25 14:57:36 - [MESSAGE][PASSED] - Object: 'Object Repository/Endorsement_OR/chkbx_HOMEOWNER_END_FORM' is clicked on

2018-01-25 14:57:36 - [TEST_STEP][PASSED] - delay: Delayed 4 second(s)

2018-01-25 14:57:40 - [MESSAGE][PASSED] - Delayed 4 second(s)

2018-01-25 14:57:40 - [TEST_STEP][PASSED] - click: Object: 'Object Repository/Endorsement_OR/chkbx_HOMEOWNER_END_FORM' is clicked on

2018-01-25 14:57:40 - [MESSAGE][PASSED] - Object: 'Object Repository/Endorsement_OR/chkbx_HOMEOWNER_END_FORM' is clicked on

2018-01-25 14:57:40 - [TEST_STEP][PASSED] - delay: Delayed 4 second(s)

2018-01-25 14:57:44 - [MESSAGE][PASSED] - Delayed 4 second(s)

2018-01-25 14:57:44 - [TEST_STEP][PASSED] - click: Object: 'Object Repository/Endorsement_OR/btn_FILLDATA_HOMEOWNER_END_FORM' is clicked on

2018-01-25 14:57:45 - [MESSAGE][PASSED] - Object: 'Object Repository/Endorsement_OR/btn_FILLDATA_HOMEOWNER_END_FORM' is clicked on

2018-01-25 14:57:45 - [TEST_STEP][PASSED] - delay: Delayed 10 second(s)

2018-01-25 14:57:55 - [MESSAGE][PASSED] - Delayed 10 second(s)

2018-01-25 14:57:55 - [TEST_STEP][PASSED] - setText: Text 'Testing' is set on object 'Object Repository/Endorsement_OR/txtfield_HOMEOWNER_END_FORM'

2018-01-25 14:57:55 - [MESSAGE][PASSED] - Text 'Testing' is set on object 'Object Repository/Endorsement_OR/txtfield_HOMEOWNER_END_FORM'

2018-01-25 14:57:55 - [TEST_STEP][PASSED] - delay: Delayed 4 second(s)

2018-01-25 14:57:59 - [MESSAGE][PASSED] - Delayed 4 second(s)

2018-01-25 14:57:59 - [TEST_STEP][PASSED] - click: Object: 'Object Repository/Endorsement_OR/btn_SUBMIT_HOMEOWNER_END_FORM' is clicked on

2018-01-25 14:57:59 - [MESSAGE][PASSED] - Object: 'Object Repository/Endorsement_OR/btn_SUBMIT_HOMEOWNER_END_FORM' is clicked on

2018-01-25 14:57:59 - [TEST_STEP][PASSED] - delay: Delayed 4 second(s)

2018-01-25 14:58:03 - [MESSAGE][PASSED] - Delayed 4 second(s)

2018-01-25 14:58:03 - [TEST_STEP][PASSED] - click: Object: 'Object Repository/Endorsement_OR/btn_VIEW_DRAFT_END' is clicked on

2018-01-25 14:58:03 - [MESSAGE][PASSED] - Object: 'Object Repository/Endorsement_OR/btn_VIEW_DRAFT_END' is clicked on

2018-01-25 14:58:03 - [TEST_STEP][PASSED] - delay: Delayed 4 second(s)

2018-01-25 14:58:07 - [MESSAGE][PASSED] - Delayed 4 second(s)

2018-01-25 14:58:07 - [TEST_STEP][PASSED] - click: Object: 'Object Repository/Endorsement_OR/btn_APPROVE_ENDORSEMENT' is clicked on

2018-01-25 14:58:07 - [MESSAGE][PASSED] - Object: 'Object Repository/Endorsement_OR/btn_APPROVE_ENDORSEMENT' is clicked on

2018-01-25 14:58:07 - [TEST_STEP][PASSED] - delay: Delayed 6 second(s)

2018-01-25 14:58:13 - [MESSAGE][PASSED] - Delayed 6 second(s)

2018-01-25 14:58:13 - [TEST_STEP][FAILED] - click: Unable to click on object 'Object Repository/Application_OR/btn_LOGOUT' (Root cause: org.openqa.selenium.WebDriverException: unknown error: Element <a href="/login/Logout">...</a> is not clickable at point (1318, 13). Other element would receive the click: <div class="modalLoader">...</div>
  (Session info: chrome=63.0.3239.132)
  (Driver info: chromedriver=2.33.506120 (e3e53437346286c0bc2d2dc9aa4915ba81d9023f),platform=Windows NT 6.1.7601 SP1 x86_64) (WARNING: The server did not provide any stacktrace information)
Command duration or timeout: 44 milliseconds
Build info: version: '2.53.0', revision: '35ae25b', time: '2016-03-15 17:00:58'
System info: host: 'CTS-QUA-4', ip: '192.168.0.4', os.name: 'Windows 7', os.arch: 'amd64', os.version: '6.1', java.version: '1.8.0_102'
Driver info: com.kms.katalon.selenium.driver.CChromeDriver
Capabilities [{applicationCacheEnabled=false, rotatable=false, mobileEmulationEnabled=false, networkConnectionEnabled=false, chrome={chromedriverVersion=2.33.506120 (e3e53437346286c0bc2d2dc9aa4915ba81d9023f), userDataDir=C:\Users\GSALUN~1\AppData\Local\Temp\scoped_dir15132_4656}, takesHeapSnapshot=true, pageLoadStrategy=normal, databaseEnabled=false, handlesAlerts=true, hasTouchScreen=false, version=63.0.3239.132, platform=XP, browserConnectionEnabled=false, nativeEvents=true, acceptSslCerts=true, locationContextEnabled=true, webStorageEnabled=true, browserName=chrome, takesScreenshot=true, javascriptEnabled=true, cssSelectorsEnabled=true, setWindowRect=true, unexpectedAlertBehaviour=}]
Session ID: 0c9e7979240e4754488f7409f49f1577)

2018-01-25 14:58:14 - [MESSAGE][FAILED] - Unable to click on object 'Object Repository/Application_OR/btn_LOGOUT' (Root cause: org.openqa.selenium.WebDriverException: unknown error: Element <a href="/login/Logout">...</a> is not clickable at point (1318, 13). Other element would receive the click: <div class="modalLoader">...</div>
  (Session info: chrome=63.0.3239.132)
  (Driver info: chromedriver=2.33.506120 (e3e53437346286c0bc2d2dc9aa4915ba81d9023f),platform=Windows NT 6.1.7601 SP1 x86_64) (WARNING: The server did not provide any stacktrace information)
Command duration or timeout: 44 milliseconds
Build info: version: '2.53.0', revision: '35ae25b', time: '2016-03-15 17:00:58'
System info: host: 'CTS-QUA-4', ip: '192.168.0.4', os.name: 'Windows 7', os.arch: 'amd64', os.version: '6.1', java.version: '1.8.0_102'
Driver info: com.kms.katalon.selenium.driver.CChromeDriver
Capabilities [{applicationCacheEnabled=false, rotatable=false, mobileEmulationEnabled=false, networkConnectionEnabled=false, chrome={chromedriverVersion=2.33.506120 (e3e53437346286c0bc2d2dc9aa4915ba81d9023f), userDataDir=C:\Users\GSALUN~1\AppData\Local\Temp\scoped_dir15132_4656}, takesHeapSnapshot=true, pageLoadStrategy=normal, databaseEnabled=false, handlesAlerts=true, hasTouchScreen=false, version=63.0.3239.132, platform=XP, browserConnectionEnabled=false, nativeEvents=true, acceptSslCerts=true, locationContextEnabled=true, webStorageEnabled=true, browserName=chrome, takesScreenshot=true, javascriptEnabled=true, cssSelectorsEnabled=true, setWindowRect=true, unexpectedAlertBehaviour=}]
Session ID: 0c9e7979240e4754488f7409f49f1577)
[[ATTACHMENT|D:\\Katalon_Practice_Workspace\\Katalon_Mitendra\\Reports\\PPE\\20180125_144749\\1516872493754.png]]]]></system-out>
         <system-err><![CDATA[2018-01-25 14:55:03 - [TEST_CASE][FAILED] - Test Cases/ENDORSEMENT_CREATION: Test Cases/ENDORSEMENT_CREATION FAILED because (of) Unable to click on object 'Object Repository/Application_OR/btn_LOGOUT' (Root cause: org.openqa.selenium.WebDriverException: unknown error: Element <a href="/login/Logout">...</a> is not clickable at point (1318, 13). Other element would receive the click: <div class="modalLoader">...</div>
  (Session info: chrome=63.0.3239.132)
  (Driver info: chromedriver=2.33.506120 (e3e53437346286c0bc2d2dc9aa4915ba81d9023f),platform=Windows NT 6.1.7601 SP1 x86_64) (WARNING: The server did not provide any stacktrace information)
Command duration or timeout: 44 milliseconds
Build info: version: '2.53.0', revision: '35ae25b', time: '2016-03-15 17:00:58'
System info: host: 'CTS-QUA-4', ip: '192.168.0.4', os.name: 'Windows 7', os.arch: 'amd64', os.version: '6.1', java.version: '1.8.0_102'
Driver info: com.kms.katalon.selenium.driver.CChromeDriver
Capabilities [{applicationCacheEnabled=false, rotatable=false, mobileEmulationEnabled=false, networkConnectionEnabled=false, chrome={chromedriverVersion=2.33.506120 (e3e53437346286c0bc2d2dc9aa4915ba81d9023f), userDataDir=C:\Users\GSALUN~1\AppData\Local\Temp\scoped_dir15132_4656}, takesHeapSnapshot=true, pageLoadStrategy=normal, databaseEnabled=false, handlesAlerts=true, hasTouchScreen=false, version=63.0.3239.132, platform=XP, browserConnectionEnabled=false, nativeEvents=true, acceptSslCerts=true, locationContextEnabled=true, webStorageEnabled=true, browserName=chrome, takesScreenshot=true, javascriptEnabled=true, cssSelectorsEnabled=true, setWindowRect=true, unexpectedAlertBehaviour=}]
Session ID: 0c9e7979240e4754488f7409f49f1577)]]></system-err>
      </testcase>
      <system-out><![CDATA[2018-01-25 14:47:50 - [TEST_SUITE][FAILED] - PPE: Test Cases/ENDORSEMENT_CREATION FAILED because (of) Unable to click on object 'Object Repository/Application_OR/btn_LOGOUT' (Root cause: org.openqa.selenium.WebDriverException: unknown error: Element <a href="/login/Logout">...</a> is not clickable at point (1318, 13). Other element would receive the click: <div class="modalLoader">...</div>
  (Session info: chrome=63.0.3239.132)
  (Driver info: chromedriver=2.33.506120 (e3e53437346286c0bc2d2dc9aa4915ba81d9023f),platform=Windows NT 6.1.7601 SP1 x86_64) (WARNING: The server did not provide any stacktrace information)
Command duration or timeout: 44 milliseconds
Build info: version: '2.53.0', revision: '35ae25b', time: '2016-03-15 17:00:58'
System info: host: 'CTS-QUA-4', ip: '192.168.0.4', os.name: 'Windows 7', os.arch: 'amd64', os.version: '6.1', java.version: '1.8.0_102'
Driver info: com.kms.katalon.selenium.driver.CChromeDriver
Capabilities [{applicationCacheEnabled=false, rotatable=false, mobileEmulationEnabled=false, networkConnectionEnabled=false, chrome={chromedriverVersion=2.33.506120 (e3e53437346286c0bc2d2dc9aa4915ba81d9023f), userDataDir=C:\Users\GSALUN~1\AppData\Local\Temp\scoped_dir15132_4656}, takesHeapSnapshot=true, pageLoadStrategy=normal, databaseEnabled=false, handlesAlerts=true, hasTouchScreen=false, version=63.0.3239.132, platform=XP, browserConnectionEnabled=false, nativeEvents=true, acceptSslCerts=true, locationContextEnabled=true, webStorageEnabled=true, browserName=chrome, takesScreenshot=true, javascriptEnabled=true, cssSelectorsEnabled=true, setWindowRect=true, unexpectedAlertBehaviour=}]
Session ID: 0c9e7979240e4754488f7409f49f1577)]]></system-out>
      <system-err><![CDATA[2018-01-25 14:47:50 - [TEST_SUITE][FAILED] - PPE: Test Cases/ENDORSEMENT_CREATION FAILED because (of) Unable to click on object 'Object Repository/Application_OR/btn_LOGOUT' (Root cause: org.openqa.selenium.WebDriverException: unknown error: Element <a href="/login/Logout">...</a> is not clickable at point (1318, 13). Other element would receive the click: <div class="modalLoader">...</div>
  (Session info: chrome=63.0.3239.132)
  (Driver info: chromedriver=2.33.506120 (e3e53437346286c0bc2d2dc9aa4915ba81d9023f),platform=Windows NT 6.1.7601 SP1 x86_64) (WARNING: The server did not provide any stacktrace information)
Command duration or timeout: 44 milliseconds
Build info: version: '2.53.0', revision: '35ae25b', time: '2016-03-15 17:00:58'
System info: host: 'CTS-QUA-4', ip: '192.168.0.4', os.name: 'Windows 7', os.arch: 'amd64', os.version: '6.1', java.version: '1.8.0_102'
Driver info: com.kms.katalon.selenium.driver.CChromeDriver
Capabilities [{applicationCacheEnabled=false, rotatable=false, mobileEmulationEnabled=false, networkConnectionEnabled=false, chrome={chromedriverVersion=2.33.506120 (e3e53437346286c0bc2d2dc9aa4915ba81d9023f), userDataDir=C:\Users\GSALUN~1\AppData\Local\Temp\scoped_dir15132_4656}, takesHeapSnapshot=true, pageLoadStrategy=normal, databaseEnabled=false, handlesAlerts=true, hasTouchScreen=false, version=63.0.3239.132, platform=XP, browserConnectionEnabled=false, nativeEvents=true, acceptSslCerts=true, locationContextEnabled=true, webStorageEnabled=true, browserName=chrome, takesScreenshot=true, javascriptEnabled=true, cssSelectorsEnabled=true, setWindowRect=true, unexpectedAlertBehaviour=}]
Session ID: 0c9e7979240e4754488f7409f49f1577)]]></system-err>
   </testsuite>
</testsuites>
