{"devicePlatform":"","logFolder":"D:\\Katalon_Practice_Workspace\\Katalon_Mitendra\\Reports\\PPE\\20180119_135223","runData":{"hostName":"gsalunkhe - CTS-QUA-4.cogitate.india","hostAddress":"192.168.0.4","os":"Windows 7 64bit","katalonVersion":"5.0.1.1"},"type":"TEST_SUITE","name":"PPE","id":"Test Suites/PPE","source":"","message":"Test Cases/QUOTE_CREATION FAILED because (of) java.lang.IllegalStateException: The driver executable does not exist: E:\\chromedriver.exe","description":"","startTime":1516350144632,"endTime":1516350146078,"childRecords":[{"isOptional":false,"type":"TEST_CASE","name":"Test Cases/QUOTE_CREATION","id":"Test Cases/QUOTE_CREATION","source":"D:\\\\Katalon_Practice_Workspace\\\\Katalon_MitendraTest Cases\\\\QUOTE_CREATION.tc","message":"Test Cases/QUOTE_CREATION FAILED because (of) java.lang.IllegalStateException: The driver executable does not exist: E:\\chromedriver.exe","description":"Agent Quote process","startTime":1516350144929,"endTime":1516350145531,"childRecords":[{"testStatus":{"stackTrace":"","statusValue":"INFO"},"type":"MESSAGE","name":"","message":"Evaluating variables for test case","startTime":1516350145105,"endTime":0,"childRecords":[],"interuppted":false},{"index":1,"isIgnoredIfFailed":false,"type":"TEST_STEP","name":"Statement - java.lang.System.setProperty(\"webdriver.chrome.driver\", \"E:/chromedriver.exe\")","description":"","startTime":1516350145442,"endTime":1516350145445,"childRecords":[],"interuppted":false},{"index":2,"isIgnoredIfFailed":false,"type":"TEST_STEP","name":"Statement - driver \u003d new org.openqa.selenium.chrome.ChromeDriver()","description":"","startTime":1516350145446,"endTime":1516350145526,"childRecords":[],"interuppted":false},{"testStatus":{"stackTrace":"","statusValue":"ERROR"},"type":"MESSAGE","name":"","message":"Test Cases/QUOTE_CREATION FAILED because (of) java.lang.IllegalStateException: The driver executable does not exist: E:\\chromedriver.exe","startTime":1516350145528,"endTime":0,"childRecords":[],"interuppted":false}],"interuppted":false},{"isOptional":false,"type":"TEST_CASE","name":"Test Cases/APPLICATION_CREATION","id":"Test Cases/APPLICATION_CREATION","source":"D:\\\\Katalon_Practice_Workspace\\\\Katalon_MitendraTest Cases\\\\APPLICATION_CREATION.tc","message":"Test Cases/APPLICATION_CREATION FAILED because (of) java.lang.IllegalStateException: The driver executable does not exist: E:\\chromedriver.exe","description":"","startTime":1516350145583,"endTime":1516350145865,"childRecords":[{"testStatus":{"stackTrace":"","statusValue":"INFO"},"type":"MESSAGE","name":"","message":"Evaluating variables for test case","startTime":1516350145664,"endTime":0,"childRecords":[],"interuppted":false},{"index":1,"isIgnoredIfFailed":false,"type":"TEST_STEP","name":"Statement - java.lang.System.setProperty(\"webdriver.chrome.driver\", \"E:/chromedriver.exe\")","description":"","startTime":1516350145849,"endTime":1516350145851,"childRecords":[],"interuppted":false},{"index":2,"isIgnoredIfFailed":false,"type":"TEST_STEP","name":"Statement - driver \u003d new org.openqa.selenium.chrome.ChromeDriver()","description":"","startTime":1516350145852,"endTime":1516350145861,"childRecords":[],"interuppted":false},{"testStatus":{"stackTrace":"","statusValue":"ERROR"},"type":"MESSAGE","name":"","message":"Test Cases/APPLICATION_CREATION FAILED because (of) java.lang.IllegalStateException: The driver executable does not exist: E:\\chromedriver.exe","startTime":1516350145862,"endTime":0,"childRecords":[],"interuppted":false}],"interuppted":false},{"isOptional":false,"type":"TEST_CASE","name":"Test Cases/ENDORSEMENT_CREATION","id":"Test Cases/ENDORSEMENT_CREATION","source":"D:\\\\Katalon_Practice_Workspace\\\\Katalon_MitendraTest Cases\\\\ENDORSEMENT_CREATION.tc","message":"Test Cases/ENDORSEMENT_CREATION FAILED because (of) java.lang.IllegalStateException: The driver executable does not exist: E:\\chromedriver.exe","description":"","startTime":1516350145919,"endTime":1516350146043,"childRecords":[{"testStatus":{"stackTrace":"","statusValue":"INFO"},"type":"MESSAGE","name":"","message":"Evaluating variables for test case","startTime":1516350145933,"endTime":0,"childRecords":[],"interuppted":false},{"index":1,"isIgnoredIfFailed":false,"type":"TEST_STEP","name":"Statement - java.lang.System.setProperty(\"webdriver.chrome.driver\", \"E:/chromedriver.exe\")","description":"","startTime":1516350146028,"endTime":1516350146029,"childRecords":[],"interuppted":false},{"index":2,"isIgnoredIfFailed":false,"type":"TEST_STEP","name":"Statement - driver \u003d new org.openqa.selenium.chrome.ChromeDriver()","description":"","startTime":1516350146030,"endTime":1516350146040,"childRecords":[],"interuppted":false},{"testStatus":{"stackTrace":"","statusValue":"ERROR"},"type":"MESSAGE","name":"","message":"Test Cases/ENDORSEMENT_CREATION FAILED because (of) java.lang.IllegalStateException: The driver executable does not exist: E:\\chromedriver.exe","startTime":1516350146041,"endTime":0,"childRecords":[],"interuppted":false}],"interuppted":false}],"interuppted":false}