{"devicePlatform":"","logFolder":"D:\\Katalon_Practice_Workspace\\Katalon_Mitendra\\Reports\\PPE\\20180125_152737","runData":{"hostName":"gsalunkhe - CTS-QUA-4.cogitate.india","os":"Windows 7 64bit","katalonVersion":"5.0.1.1","browser":"Chrome 63.0.3239.132","hostAddress":"192.168.0.4","sessionId":"837e26d7467b50ba88b0065e7d223bbb","seleniumVersion":"2.53.0","proxyInformation":"ProxyInformation{proxyOption\u003dNO_PROXY, proxyServerType\u003dHTTP, password\u003d, proxyServerAddress\u003d, proxyServerPort\u003d0}","platform":"Windows 7"},"type":"TEST_SUITE","name":"PPE","id":"Test Suites/PPE","source":"","message":"Test Cases/QUOTE_CREATION FAILED because (of) Unable to open browser with url: \u0027http://13.90.102.191:8066\u0027 (Root cause: org.openqa.selenium.TimeoutException: timeout\n  (Session info: chrome\u003d63.0.3239.132)\n  (Driver info: chromedriver\u003d2.33.506120 (e3e53437346286c0bc2d2dc9aa4915ba81d9023f),platform\u003dWindows NT 6.1.7601 SP1 x86_64) (WARNING: The server did not provide any stacktrace information)\nCommand duration or timeout: 300.40 seconds\nBuild info: version: \u00272.53.0\u0027, revision: \u002735ae25b\u0027, time: \u00272016-03-15 17:00:58\u0027\nSystem info: host: \u0027CTS-QUA-4\u0027, ip: \u0027192.168.0.4\u0027, os.name: \u0027Windows 7\u0027, os.arch: \u0027amd64\u0027, os.version: \u00276.1\u0027, java.version: \u00271.8.0_102\u0027\nDriver info: com.kms.katalon.selenium.driver.CChromeDriver\nCapabilities [{applicationCacheEnabled\u003dfalse, rotatable\u003dfalse, mobileEmulationEnabled\u003dfalse, networkConnectionEnabled\u003dfalse, chrome\u003d{chromedriverVersion\u003d2.33.506120 (e3e53437346286c0bc2d2dc9aa4915ba81d9023f), userDataDir\u003dC:\\Users\\GSALUN~1\\AppData\\Local\\Temp\\scoped_dir4004_32663}, takesHeapSnapshot\u003dtrue, pageLoadStrategy\u003dnormal, databaseEnabled\u003dfalse, handlesAlerts\u003dtrue, hasTouchScreen\u003dfalse, version\u003d63.0.3239.132, platform\u003dXP, browserConnectionEnabled\u003dfalse, nativeEvents\u003dtrue, acceptSslCerts\u003dtrue, locationContextEnabled\u003dtrue, webStorageEnabled\u003dtrue, browserName\u003dchrome, takesScreenshot\u003dtrue, javascriptEnabled\u003dtrue, cssSelectorsEnabled\u003dtrue, setWindowRect\u003dtrue, unexpectedAlertBehaviour\u003d}]\nSession ID: 837e26d7467b50ba88b0065e7d223bbb)","description":"","startTime":1516874259094,"endTime":1516874602405,"childRecords":[{"isOptional":false,"type":"TEST_CASE","name":"Test Cases/QUOTE_CREATION","id":"Test Cases/QUOTE_CREATION","source":"D:\\\\Katalon_Practice_Workspace\\\\Katalon_MitendraTest Cases\\\\QUOTE_CREATION.tc","message":"Test Cases/QUOTE_CREATION FAILED because (of) Unable to open browser with url: \u0027http://13.90.102.191:8066\u0027 (Root cause: org.openqa.selenium.TimeoutException: timeout\n  (Session info: chrome\u003d63.0.3239.132)\n  (Driver info: chromedriver\u003d2.33.506120 (e3e53437346286c0bc2d2dc9aa4915ba81d9023f),platform\u003dWindows NT 6.1.7601 SP1 x86_64) (WARNING: The server did not provide any stacktrace information)\nCommand duration or timeout: 300.40 seconds\nBuild info: version: \u00272.53.0\u0027, revision: \u002735ae25b\u0027, time: \u00272016-03-15 17:00:58\u0027\nSystem info: host: \u0027CTS-QUA-4\u0027, ip: \u0027192.168.0.4\u0027, os.name: \u0027Windows 7\u0027, os.arch: \u0027amd64\u0027, os.version: \u00276.1\u0027, java.version: \u00271.8.0_102\u0027\nDriver info: com.kms.katalon.selenium.driver.CChromeDriver\nCapabilities [{applicationCacheEnabled\u003dfalse, rotatable\u003dfalse, mobileEmulationEnabled\u003dfalse, networkConnectionEnabled\u003dfalse, chrome\u003d{chromedriverVersion\u003d2.33.506120 (e3e53437346286c0bc2d2dc9aa4915ba81d9023f), userDataDir\u003dC:\\Users\\GSALUN~1\\AppData\\Local\\Temp\\scoped_dir4004_32663}, takesHeapSnapshot\u003dtrue, pageLoadStrategy\u003dnormal, databaseEnabled\u003dfalse, handlesAlerts\u003dtrue, hasTouchScreen\u003dfalse, version\u003d63.0.3239.132, platform\u003dXP, browserConnectionEnabled\u003dfalse, nativeEvents\u003dtrue, acceptSslCerts\u003dtrue, locationContextEnabled\u003dtrue, webStorageEnabled\u003dtrue, browserName\u003dchrome, takesScreenshot\u003dtrue, javascriptEnabled\u003dtrue, cssSelectorsEnabled\u003dtrue, setWindowRect\u003dtrue, unexpectedAlertBehaviour\u003d}]\nSession ID: 837e26d7467b50ba88b0065e7d223bbb)","description":"Agent Quote process","startTime":1516874259381,"endTime":1516874563865,"childRecords":[{"testStatus":{"stackTrace":"","statusValue":"INFO"},"type":"MESSAGE","name":"","message":"Evaluating variables for test case","startTime":1516874259550,"endTime":0,"childRecords":[],"interuppted":false},{"index":1,"isIgnoredIfFailed":false,"type":"TEST_STEP","name":"openBrowser","message":"Unable to open browser with url: \u0027http://13.90.102.191:8066\u0027 (Root cause: org.openqa.selenium.TimeoutException: timeout\n  (Session info: chrome\u003d63.0.3239.132)\n  (Driver info: chromedriver\u003d2.33.506120 (e3e53437346286c0bc2d2dc9aa4915ba81d9023f),platform\u003dWindows NT 6.1.7601 SP1 x86_64) (WARNING: The server did not provide any stacktrace information)\nCommand duration or timeout: 300.40 seconds\nBuild info: version: \u00272.53.0\u0027, revision: \u002735ae25b\u0027, time: \u00272016-03-15 17:00:58\u0027\nSystem info: host: \u0027CTS-QUA-4\u0027, ip: \u0027192.168.0.4\u0027, os.name: \u0027Windows 7\u0027, os.arch: \u0027amd64\u0027, os.version: \u00276.1\u0027, java.version: \u00271.8.0_102\u0027\nDriver info: com.kms.katalon.selenium.driver.CChromeDriver\nCapabilities [{applicationCacheEnabled\u003dfalse, rotatable\u003dfalse, mobileEmulationEnabled\u003dfalse, networkConnectionEnabled\u003dfalse, chrome\u003d{chromedriverVersion\u003d2.33.506120 (e3e53437346286c0bc2d2dc9aa4915ba81d9023f), userDataDir\u003dC:\\Users\\GSALUN~1\\AppData\\Local\\Temp\\scoped_dir4004_32663}, takesHeapSnapshot\u003dtrue, pageLoadStrategy\u003dnormal, databaseEnabled\u003dfalse, handlesAlerts\u003dtrue, hasTouchScreen\u003dfalse, version\u003d63.0.3239.132, platform\u003dXP, browserConnectionEnabled\u003dfalse, nativeEvents\u003dtrue, acceptSslCerts\u003dtrue, locationContextEnabled\u003dtrue, webStorageEnabled\u003dtrue, browserName\u003dchrome, takesScreenshot\u003dtrue, javascriptEnabled\u003dtrue, cssSelectorsEnabled\u003dtrue, setWindowRect\u003dtrue, unexpectedAlertBehaviour\u003d}]\nSession ID: 837e26d7467b50ba88b0065e7d223bbb)","description":"","startTime":1516874259892,"endTime":1516874563862,"childRecords":[{"testStatus":{"stackTrace":"","statusValue":"FAILED"},"type":"MESSAGE","name":"","message":"Unable to open browser with url: \u0027http://13.90.102.191:8066\u0027 (Root cause: org.openqa.selenium.TimeoutException: timeout\n  (Session info: chrome\u003d63.0.3239.132)\n  (Driver info: chromedriver\u003d2.33.506120 (e3e53437346286c0bc2d2dc9aa4915ba81d9023f),platform\u003dWindows NT 6.1.7601 SP1 x86_64) (WARNING: The server did not provide any stacktrace information)\nCommand duration or timeout: 300.40 seconds\nBuild info: version: \u00272.53.0\u0027, revision: \u002735ae25b\u0027, time: \u00272016-03-15 17:00:58\u0027\nSystem info: host: \u0027CTS-QUA-4\u0027, ip: \u0027192.168.0.4\u0027, os.name: \u0027Windows 7\u0027, os.arch: \u0027amd64\u0027, os.version: \u00276.1\u0027, java.version: \u00271.8.0_102\u0027\nDriver info: com.kms.katalon.selenium.driver.CChromeDriver\nCapabilities [{applicationCacheEnabled\u003dfalse, rotatable\u003dfalse, mobileEmulationEnabled\u003dfalse, networkConnectionEnabled\u003dfalse, chrome\u003d{chromedriverVersion\u003d2.33.506120 (e3e53437346286c0bc2d2dc9aa4915ba81d9023f), userDataDir\u003dC:\\Users\\GSALUN~1\\AppData\\Local\\Temp\\scoped_dir4004_32663}, takesHeapSnapshot\u003dtrue, pageLoadStrategy\u003dnormal, databaseEnabled\u003dfalse, handlesAlerts\u003dtrue, hasTouchScreen\u003dfalse, version\u003d63.0.3239.132, platform\u003dXP, browserConnectionEnabled\u003dfalse, nativeEvents\u003dtrue, acceptSslCerts\u003dtrue, locationContextEnabled\u003dtrue, webStorageEnabled\u003dtrue, browserName\u003dchrome, takesScreenshot\u003dtrue, javascriptEnabled\u003dtrue, cssSelectorsEnabled\u003dtrue, setWindowRect\u003dtrue, unexpectedAlertBehaviour\u003d}]\nSession ID: 837e26d7467b50ba88b0065e7d223bbb)","startTime":1516874563855,"endTime":0,"childRecords":[],"interuppted":false}],"interuppted":false},{"testStatus":{"stackTrace":"","statusValue":"FAILED"},"type":"MESSAGE","name":"","message":"Test Cases/QUOTE_CREATION FAILED because (of) Unable to open browser with url: \u0027http://13.90.102.191:8066\u0027 (Root cause: org.openqa.selenium.TimeoutException: timeout\n  (Session info: chrome\u003d63.0.3239.132)\n  (Driver info: chromedriver\u003d2.33.506120 (e3e53437346286c0bc2d2dc9aa4915ba81d9023f),platform\u003dWindows NT 6.1.7601 SP1 x86_64) (WARNING: The server did not provide any stacktrace information)\nCommand duration or timeout: 300.40 seconds\nBuild info: version: \u00272.53.0\u0027, revision: \u002735ae25b\u0027, time: \u00272016-03-15 17:00:58\u0027\nSystem info: host: \u0027CTS-QUA-4\u0027, ip: \u0027192.168.0.4\u0027, os.name: \u0027Windows 7\u0027, os.arch: \u0027amd64\u0027, os.version: \u00276.1\u0027, java.version: \u00271.8.0_102\u0027\nDriver info: com.kms.katalon.selenium.driver.CChromeDriver\nCapabilities [{applicationCacheEnabled\u003dfalse, rotatable\u003dfalse, mobileEmulationEnabled\u003dfalse, networkConnectionEnabled\u003dfalse, chrome\u003d{chromedriverVersion\u003d2.33.506120 (e3e53437346286c0bc2d2dc9aa4915ba81d9023f), userDataDir\u003dC:\\Users\\GSALUN~1\\AppData\\Local\\Temp\\scoped_dir4004_32663}, takesHeapSnapshot\u003dtrue, pageLoadStrategy\u003dnormal, databaseEnabled\u003dfalse, handlesAlerts\u003dtrue, hasTouchScreen\u003dfalse, version\u003d63.0.3239.132, platform\u003dXP, browserConnectionEnabled\u003dfalse, nativeEvents\u003dtrue, acceptSslCerts\u003dtrue, locationContextEnabled\u003dtrue, webStorageEnabled\u003dtrue, browserName\u003dchrome, takesScreenshot\u003dtrue, javascriptEnabled\u003dtrue, cssSelectorsEnabled\u003dtrue, setWindowRect\u003dtrue, unexpectedAlertBehaviour\u003d}]\nSession ID: 837e26d7467b50ba88b0065e7d223bbb)","startTime":1516874563862,"endTime":0,"childRecords":[],"interuppted":false}],"interuppted":false},{"isOptional":false,"type":"TEST_CASE","name":"Test Cases/APPLICATION_CREATION","id":"Test Cases/APPLICATION_CREATION","source":"D:\\\\Katalon_Practice_Workspace\\\\Katalon_MitendraTest Cases\\\\APPLICATION_CREATION.tc","message":"Test Cases/APPLICATION_CREATION FAILED because (of) java.lang.RuntimeException: Unexpected result for screenshot command: null","description":"","startTime":1516874563919,"endTime":1516874601076,"childRecords":[{"testStatus":{"stackTrace":"","statusValue":"INFO"},"type":"MESSAGE","name":"","message":"Evaluating variables for test case","startTime":1516874563958,"endTime":0,"childRecords":[],"interuppted":false},{"index":1,"isIgnoredIfFailed":false,"type":"TEST_STEP","name":"setText","message":"Finding web element with id: \u0027Object Repository/Application_OR/txtfield_ADDRESS_ON_QUOTE_PAGE\u0027 located by \u0027By.xpath: //*[@id\u003d\"txtAddressAutoComplete\"]\u0027 in \u002730\u0027 second(s)","description":"","startTime":1516874564226,"endTime":1516874601068,"childRecords":[],"interuppted":false},{"testStatus":{"stackTrace":"","statusValue":"ERROR"},"type":"MESSAGE","name":"","message":"Test Cases/APPLICATION_CREATION FAILED because (of) java.lang.RuntimeException: Unexpected result for screenshot command: null","startTime":1516874601069,"endTime":0,"childRecords":[],"interuppted":false}],"interuppted":false},{"isOptional":false,"type":"TEST_CASE","name":"Test Cases/ENDORSEMENT_CREATION","id":"Test Cases/ENDORSEMENT_CREATION","source":"D:\\\\Katalon_Practice_Workspace\\\\Katalon_MitendraTest Cases\\\\ENDORSEMENT_CREATION.tc","message":"Test Cases/ENDORSEMENT_CREATION FAILED because (of) Unable to click on object \u0027Object Repository/Endorsement_OR/btn_ADVANCE_FILTER\u0027 (Root cause: org.openqa.selenium.NoSuchWindowException: no such window: target window already closed\nfrom unknown error: web view not found\n  (Session info: chrome\u003d63.0.3239.132)\n  (Driver info: chromedriver\u003d2.33.506120 (e3e53437346286c0bc2d2dc9aa4915ba81d9023f),platform\u003dWindows NT 6.1.7601 SP1 x86_64) (WARNING: The server did not provide any stacktrace information)\nCommand duration or timeout: 15 milliseconds\nBuild info: version: \u00272.53.0\u0027, revision: \u002735ae25b\u0027, time: \u00272016-03-15 17:00:58\u0027\nSystem info: host: \u0027CTS-QUA-4\u0027, ip: \u0027192.168.0.4\u0027, os.name: \u0027Windows 7\u0027, os.arch: \u0027amd64\u0027, os.version: \u00276.1\u0027, java.version: \u00271.8.0_102\u0027\nDriver info: com.kms.katalon.selenium.driver.CChromeDriver\nCapabilities [{applicationCacheEnabled\u003dfalse, rotatable\u003dfalse, mobileEmulationEnabled\u003dfalse, networkConnectionEnabled\u003dfalse, chrome\u003d{chromedriverVersion\u003d2.33.506120 (e3e53437346286c0bc2d2dc9aa4915ba81d9023f), userDataDir\u003dC:\\Users\\GSALUN~1\\AppData\\Local\\Temp\\scoped_dir4004_32663}, takesHeapSnapshot\u003dtrue, pageLoadStrategy\u003dnormal, databaseEnabled\u003dfalse, handlesAlerts\u003dtrue, hasTouchScreen\u003dfalse, version\u003d63.0.3239.132, platform\u003dXP, browserConnectionEnabled\u003dfalse, nativeEvents\u003dtrue, acceptSslCerts\u003dtrue, locationContextEnabled\u003dtrue, webStorageEnabled\u003dtrue, browserName\u003dchrome, takesScreenshot\u003dtrue, javascriptEnabled\u003dtrue, cssSelectorsEnabled\u003dtrue, setWindowRect\u003dtrue, unexpectedAlertBehaviour\u003d}]\nSession ID: 837e26d7467b50ba88b0065e7d223bbb\n*** Element info: {Using\u003dxpath, value\u003d//*[@id\u003d\"btnAdvanceFilter\"]/label})","description":"","startTime":1516874601131,"endTime":1516874601439,"childRecords":[{"testStatus":{"stackTrace":"","statusValue":"INFO"},"type":"MESSAGE","name":"","message":"Evaluating variables for test case","startTime":1516874601239,"endTime":0,"childRecords":[],"interuppted":false},{"index":1,"isIgnoredIfFailed":false,"type":"TEST_STEP","name":"click","message":"Unable to click on object \u0027Object Repository/Endorsement_OR/btn_ADVANCE_FILTER\u0027 (Root cause: org.openqa.selenium.NoSuchWindowException: no such window: target window already closed\nfrom unknown error: web view not found\n  (Session info: chrome\u003d63.0.3239.132)\n  (Driver info: chromedriver\u003d2.33.506120 (e3e53437346286c0bc2d2dc9aa4915ba81d9023f),platform\u003dWindows NT 6.1.7601 SP1 x86_64) (WARNING: The server did not provide any stacktrace information)\nCommand duration or timeout: 15 milliseconds\nBuild info: version: \u00272.53.0\u0027, revision: \u002735ae25b\u0027, time: \u00272016-03-15 17:00:58\u0027\nSystem info: host: \u0027CTS-QUA-4\u0027, ip: \u0027192.168.0.4\u0027, os.name: \u0027Windows 7\u0027, os.arch: \u0027amd64\u0027, os.version: \u00276.1\u0027, java.version: \u00271.8.0_102\u0027\nDriver info: com.kms.katalon.selenium.driver.CChromeDriver\nCapabilities [{applicationCacheEnabled\u003dfalse, rotatable\u003dfalse, mobileEmulationEnabled\u003dfalse, networkConnectionEnabled\u003dfalse, chrome\u003d{chromedriverVersion\u003d2.33.506120 (e3e53437346286c0bc2d2dc9aa4915ba81d9023f), userDataDir\u003dC:\\Users\\GSALUN~1\\AppData\\Local\\Temp\\scoped_dir4004_32663}, takesHeapSnapshot\u003dtrue, pageLoadStrategy\u003dnormal, databaseEnabled\u003dfalse, handlesAlerts\u003dtrue, hasTouchScreen\u003dfalse, version\u003d63.0.3239.132, platform\u003dXP, browserConnectionEnabled\u003dfalse, nativeEvents\u003dtrue, acceptSslCerts\u003dtrue, locationContextEnabled\u003dtrue, webStorageEnabled\u003dtrue, browserName\u003dchrome, takesScreenshot\u003dtrue, javascriptEnabled\u003dtrue, cssSelectorsEnabled\u003dtrue, setWindowRect\u003dtrue, unexpectedAlertBehaviour\u003d}]\nSession ID: 837e26d7467b50ba88b0065e7d223bbb\n*** Element info: {Using\u003dxpath, value\u003d//*[@id\u003d\"btnAdvanceFilter\"]/label})","description":"","startTime":1516874601382,"endTime":1516874601433,"childRecords":[{"testStatus":{"stackTrace":"","statusValue":"WARNING"},"type":"MESSAGE","name":"","message":"Cannot take screenshot","startTime":1516874601430,"endTime":0,"childRecords":[],"interuppted":false},{"testStatus":{"stackTrace":"","statusValue":"FAILED"},"type":"MESSAGE","name":"","message":"Unable to click on object \u0027Object Repository/Endorsement_OR/btn_ADVANCE_FILTER\u0027 (Root cause: org.openqa.selenium.NoSuchWindowException: no such window: target window already closed\nfrom unknown error: web view not found\n  (Session info: chrome\u003d63.0.3239.132)\n  (Driver info: chromedriver\u003d2.33.506120 (e3e53437346286c0bc2d2dc9aa4915ba81d9023f),platform\u003dWindows NT 6.1.7601 SP1 x86_64) (WARNING: The server did not provide any stacktrace information)\nCommand duration or timeout: 15 milliseconds\nBuild info: version: \u00272.53.0\u0027, revision: \u002735ae25b\u0027, time: \u00272016-03-15 17:00:58\u0027\nSystem info: host: \u0027CTS-QUA-4\u0027, ip: \u0027192.168.0.4\u0027, os.name: \u0027Windows 7\u0027, os.arch: \u0027amd64\u0027, os.version: \u00276.1\u0027, java.version: \u00271.8.0_102\u0027\nDriver info: com.kms.katalon.selenium.driver.CChromeDriver\nCapabilities [{applicationCacheEnabled\u003dfalse, rotatable\u003dfalse, mobileEmulationEnabled\u003dfalse, networkConnectionEnabled\u003dfalse, chrome\u003d{chromedriverVersion\u003d2.33.506120 (e3e53437346286c0bc2d2dc9aa4915ba81d9023f), userDataDir\u003dC:\\Users\\GSALUN~1\\AppData\\Local\\Temp\\scoped_dir4004_32663}, takesHeapSnapshot\u003dtrue, pageLoadStrategy\u003dnormal, databaseEnabled\u003dfalse, handlesAlerts\u003dtrue, hasTouchScreen\u003dfalse, version\u003d63.0.3239.132, platform\u003dXP, browserConnectionEnabled\u003dfalse, nativeEvents\u003dtrue, acceptSslCerts\u003dtrue, locationContextEnabled\u003dtrue, webStorageEnabled\u003dtrue, browserName\u003dchrome, takesScreenshot\u003dtrue, javascriptEnabled\u003dtrue, cssSelectorsEnabled\u003dtrue, setWindowRect\u003dtrue, unexpectedAlertBehaviour\u003d}]\nSession ID: 837e26d7467b50ba88b0065e7d223bbb\n*** Element info: {Using\u003dxpath, value\u003d//*[@id\u003d\"btnAdvanceFilter\"]/label})","startTime":1516874601431,"endTime":0,"childRecords":[],"interuppted":false}],"interuppted":false},{"testStatus":{"stackTrace":"","statusValue":"FAILED"},"type":"MESSAGE","name":"","message":"Test Cases/ENDORSEMENT_CREATION FAILED because (of) Unable to click on object \u0027Object Repository/Endorsement_OR/btn_ADVANCE_FILTER\u0027 (Root cause: org.openqa.selenium.NoSuchWindowException: no such window: target window already closed\nfrom unknown error: web view not found\n  (Session info: chrome\u003d63.0.3239.132)\n  (Driver info: chromedriver\u003d2.33.506120 (e3e53437346286c0bc2d2dc9aa4915ba81d9023f),platform\u003dWindows NT 6.1.7601 SP1 x86_64) (WARNING: The server did not provide any stacktrace information)\nCommand duration or timeout: 15 milliseconds\nBuild info: version: \u00272.53.0\u0027, revision: \u002735ae25b\u0027, time: \u00272016-03-15 17:00:58\u0027\nSystem info: host: \u0027CTS-QUA-4\u0027, ip: \u0027192.168.0.4\u0027, os.name: \u0027Windows 7\u0027, os.arch: \u0027amd64\u0027, os.version: \u00276.1\u0027, java.version: \u00271.8.0_102\u0027\nDriver info: com.kms.katalon.selenium.driver.CChromeDriver\nCapabilities [{applicationCacheEnabled\u003dfalse, rotatable\u003dfalse, mobileEmulationEnabled\u003dfalse, networkConnectionEnabled\u003dfalse, chrome\u003d{chromedriverVersion\u003d2.33.506120 (e3e53437346286c0bc2d2dc9aa4915ba81d9023f), userDataDir\u003dC:\\Users\\GSALUN~1\\AppData\\Local\\Temp\\scoped_dir4004_32663}, takesHeapSnapshot\u003dtrue, pageLoadStrategy\u003dnormal, databaseEnabled\u003dfalse, handlesAlerts\u003dtrue, hasTouchScreen\u003dfalse, version\u003d63.0.3239.132, platform\u003dXP, browserConnectionEnabled\u003dfalse, nativeEvents\u003dtrue, acceptSslCerts\u003dtrue, locationContextEnabled\u003dtrue, webStorageEnabled\u003dtrue, browserName\u003dchrome, takesScreenshot\u003dtrue, javascriptEnabled\u003dtrue, cssSelectorsEnabled\u003dtrue, setWindowRect\u003dtrue, unexpectedAlertBehaviour\u003d}]\nSession ID: 837e26d7467b50ba88b0065e7d223bbb\n*** Element info: {Using\u003dxpath, value\u003d//*[@id\u003d\"btnAdvanceFilter\"]/label})","startTime":1516874601434,"endTime":0,"childRecords":[],"interuppted":false}],"interuppted":false}],"interuppted":false}