{"devicePlatform":"","logFolder":"D:\\Katalon_Practice_Workspace\\Beginner Three\\Reports\\PPE_Login\\20180502_171457","runData":{"hostName":"gsalunkhe - CTS-QUA-4.cogitate.india","os":"Windows 7 64bit","katalonVersion":"5.0.1.1","browser":"Chrome 65.0.3325.181","hostAddress":"192.168.0.4","sessionId":"72b24b69e6b785aa4e8cedcead2be78a","seleniumVersion":"2.53.0","proxyInformation":"ProxyInformation{proxyOption\u003dNO_PROXY, proxyServerType\u003d, password\u003d, proxyServerAddress\u003d, proxyServerPort\u003d0}","platform":"Windows 7"},"type":"TEST_SUITE","name":"PPE_Login","id":"Test Suites/PPE_Login","source":"","message":"Test Cases/Entering Username FAILED because (of) Unable to send keys \u0027ih.chelms\u0027 to object \u0027Object Repository/input_userName\u0027 (Root cause: org.openqa.selenium.WebDriverException: unknown error: call function result missing \u0027value\u0027\n  (Session info: chrome\u003d65.0.3325.181)\n  (Driver info: chromedriver\u003d2.33.506120 (e3e53437346286c0bc2d2dc9aa4915ba81d9023f),platform\u003dWindows NT 6.1.7601 SP1 x86_64) (WARNING: The server did not provide any stacktrace information)\nCommand duration or timeout: 87 milliseconds\nBuild info: version: \u00272.53.0\u0027, revision: \u002735ae25b\u0027, time: \u00272016-03-15 17:00:58\u0027\nSystem info: host: \u0027CTS-QUA-4\u0027, ip: \u0027192.168.0.4\u0027, os.name: \u0027Windows 7\u0027, os.arch: \u0027amd64\u0027, os.version: \u00276.1\u0027, java.version: \u00271.8.0_102\u0027\nDriver info: com.kms.katalon.selenium.driver.CChromeDriver\nCapabilities [{applicationCacheEnabled\u003dfalse, rotatable\u003dfalse, mobileEmulationEnabled\u003dfalse, networkConnectionEnabled\u003dfalse, chrome\u003d{chromedriverVersion\u003d2.33.506120 (e3e53437346286c0bc2d2dc9aa4915ba81d9023f), userDataDir\u003dC:\\Users\\GSALUN~1\\AppData\\Local\\Temp\\scoped_dir4428_31675}, takesHeapSnapshot\u003dtrue, pageLoadStrategy\u003dnormal, databaseEnabled\u003dfalse, handlesAlerts\u003dtrue, hasTouchScreen\u003dfalse, version\u003d65.0.3325.181, platform\u003dXP, browserConnectionEnabled\u003dfalse, nativeEvents\u003dtrue, acceptSslCerts\u003dtrue, locationContextEnabled\u003dtrue, webStorageEnabled\u003dtrue, browserName\u003dchrome, takesScreenshot\u003dtrue, javascriptEnabled\u003dtrue, cssSelectorsEnabled\u003dtrue, setWindowRect\u003dtrue, unexpectedAlertBehaviour\u003d}]\nSession ID: 72b24b69e6b785aa4e8cedcead2be78a)","description":"","startTime":1525261499217,"endTime":1525261541656,"childRecords":[{"isOptional":false,"type":"TEST_CASE","name":"Test Cases/Open_Browser","id":"Test Cases/Open_Browser","source":"D:\\\\Katalon_Practice_Workspace\\\\Beginner ThreeTest Cases\\\\Open_Browser.tc","message":"Test Cases/Open_Browser","description":"Try to open an Browser","startTime":1525261499551,"endTime":1525261506241,"childRecords":[{"testStatus":{"stackTrace":"","statusValue":"INFO"},"type":"MESSAGE","name":"","message":"Evaluating variables for test case","startTime":1525261499770,"endTime":0,"childRecords":[],"interuppted":false},{"index":1,"isIgnoredIfFailed":false,"type":"TEST_STEP","name":"openBrowser","message":"Browser is opened with url: \u0027http://test.cogitate.us/PPE.Test/\u0027","description":"","startTime":1525261500178,"endTime":1525261506238,"childRecords":[{"testStatus":{"stackTrace":"","statusValue":"PASSED"},"type":"MESSAGE","name":"","message":"Browser is opened with url: \u0027http://test.cogitate.us/PPE.Test/\u0027","startTime":1525261506237,"endTime":0,"childRecords":[],"interuppted":false}],"interuppted":false},{"testStatus":{"stackTrace":"","statusValue":"PASSED"},"type":"MESSAGE","name":"","message":"Test Cases/Open_Browser","startTime":1525261506239,"endTime":0,"childRecords":[],"interuppted":false}],"interuppted":false},{"isOptional":false,"type":"TEST_CASE","name":"Test Cases/Entering Username","id":"Test Cases/Entering Username","source":"D:\\\\Katalon_Practice_Workspace\\\\Beginner ThreeTest Cases\\\\Entering Username.tc","message":"Test Cases/Entering Username FAILED because (of) Unable to send keys \u0027ih.chelms\u0027 to object \u0027Object Repository/input_userName\u0027 (Root cause: org.openqa.selenium.WebDriverException: unknown error: call function result missing \u0027value\u0027\n  (Session info: chrome\u003d65.0.3325.181)\n  (Driver info: chromedriver\u003d2.33.506120 (e3e53437346286c0bc2d2dc9aa4915ba81d9023f),platform\u003dWindows NT 6.1.7601 SP1 x86_64) (WARNING: The server did not provide any stacktrace information)\nCommand duration or timeout: 87 milliseconds\nBuild info: version: \u00272.53.0\u0027, revision: \u002735ae25b\u0027, time: \u00272016-03-15 17:00:58\u0027\nSystem info: host: \u0027CTS-QUA-4\u0027, ip: \u0027192.168.0.4\u0027, os.name: \u0027Windows 7\u0027, os.arch: \u0027amd64\u0027, os.version: \u00276.1\u0027, java.version: \u00271.8.0_102\u0027\nDriver info: com.kms.katalon.selenium.driver.CChromeDriver\nCapabilities [{applicationCacheEnabled\u003dfalse, rotatable\u003dfalse, mobileEmulationEnabled\u003dfalse, networkConnectionEnabled\u003dfalse, chrome\u003d{chromedriverVersion\u003d2.33.506120 (e3e53437346286c0bc2d2dc9aa4915ba81d9023f), userDataDir\u003dC:\\Users\\GSALUN~1\\AppData\\Local\\Temp\\scoped_dir4428_31675}, takesHeapSnapshot\u003dtrue, pageLoadStrategy\u003dnormal, databaseEnabled\u003dfalse, handlesAlerts\u003dtrue, hasTouchScreen\u003dfalse, version\u003d65.0.3325.181, platform\u003dXP, browserConnectionEnabled\u003dfalse, nativeEvents\u003dtrue, acceptSslCerts\u003dtrue, locationContextEnabled\u003dtrue, webStorageEnabled\u003dtrue, browserName\u003dchrome, takesScreenshot\u003dtrue, javascriptEnabled\u003dtrue, cssSelectorsEnabled\u003dtrue, setWindowRect\u003dtrue, unexpectedAlertBehaviour\u003d}]\nSession ID: 72b24b69e6b785aa4e8cedcead2be78a)","description":"Entering Username in Username field.","startTime":1525261506294,"endTime":1525261507068,"childRecords":[{"testStatus":{"stackTrace":"","statusValue":"INFO"},"type":"MESSAGE","name":"","message":"Evaluating variables for test case","startTime":1525261506300,"endTime":0,"childRecords":[],"interuppted":false},{"attachment":"1525261506616.png","index":1,"isIgnoredIfFailed":false,"type":"TEST_STEP","name":"sendKeys","message":"Unable to send keys \u0027ih.chelms\u0027 to object \u0027Object Repository/input_userName\u0027 (Root cause: org.openqa.selenium.WebDriverException: unknown error: call function result missing \u0027value\u0027\n  (Session info: chrome\u003d65.0.3325.181)\n  (Driver info: chromedriver\u003d2.33.506120 (e3e53437346286c0bc2d2dc9aa4915ba81d9023f),platform\u003dWindows NT 6.1.7601 SP1 x86_64) (WARNING: The server did not provide any stacktrace information)\nCommand duration or timeout: 87 milliseconds\nBuild info: version: \u00272.53.0\u0027, revision: \u002735ae25b\u0027, time: \u00272016-03-15 17:00:58\u0027\nSystem info: host: \u0027CTS-QUA-4\u0027, ip: \u0027192.168.0.4\u0027, os.name: \u0027Windows 7\u0027, os.arch: \u0027amd64\u0027, os.version: \u00276.1\u0027, java.version: \u00271.8.0_102\u0027\nDriver info: com.kms.katalon.selenium.driver.CChromeDriver\nCapabilities [{applicationCacheEnabled\u003dfalse, rotatable\u003dfalse, mobileEmulationEnabled\u003dfalse, networkConnectionEnabled\u003dfalse, chrome\u003d{chromedriverVersion\u003d2.33.506120 (e3e53437346286c0bc2d2dc9aa4915ba81d9023f), userDataDir\u003dC:\\Users\\GSALUN~1\\AppData\\Local\\Temp\\scoped_dir4428_31675}, takesHeapSnapshot\u003dtrue, pageLoadStrategy\u003dnormal, databaseEnabled\u003dfalse, handlesAlerts\u003dtrue, hasTouchScreen\u003dfalse, version\u003d65.0.3325.181, platform\u003dXP, browserConnectionEnabled\u003dfalse, nativeEvents\u003dtrue, acceptSslCerts\u003dtrue, locationContextEnabled\u003dtrue, webStorageEnabled\u003dtrue, browserName\u003dchrome, takesScreenshot\u003dtrue, javascriptEnabled\u003dtrue, cssSelectorsEnabled\u003dtrue, setWindowRect\u003dtrue, unexpectedAlertBehaviour\u003d}]\nSession ID: 72b24b69e6b785aa4e8cedcead2be78a)","description":"","startTime":1525261506401,"endTime":1525261507065,"childRecords":[{"testStatus":{"stackTrace":"","statusValue":"FAILED"},"attachment":"1525261506616.png","type":"MESSAGE","name":"","message":"Unable to send keys \u0027ih.chelms\u0027 to object \u0027Object Repository/input_userName\u0027 (Root cause: org.openqa.selenium.WebDriverException: unknown error: call function result missing \u0027value\u0027\n  (Session info: chrome\u003d65.0.3325.181)\n  (Driver info: chromedriver\u003d2.33.506120 (e3e53437346286c0bc2d2dc9aa4915ba81d9023f),platform\u003dWindows NT 6.1.7601 SP1 x86_64) (WARNING: The server did not provide any stacktrace information)\nCommand duration or timeout: 87 milliseconds\nBuild info: version: \u00272.53.0\u0027, revision: \u002735ae25b\u0027, time: \u00272016-03-15 17:00:58\u0027\nSystem info: host: \u0027CTS-QUA-4\u0027, ip: \u0027192.168.0.4\u0027, os.name: \u0027Windows 7\u0027, os.arch: \u0027amd64\u0027, os.version: \u00276.1\u0027, java.version: \u00271.8.0_102\u0027\nDriver info: com.kms.katalon.selenium.driver.CChromeDriver\nCapabilities [{applicationCacheEnabled\u003dfalse, rotatable\u003dfalse, mobileEmulationEnabled\u003dfalse, networkConnectionEnabled\u003dfalse, chrome\u003d{chromedriverVersion\u003d2.33.506120 (e3e53437346286c0bc2d2dc9aa4915ba81d9023f), userDataDir\u003dC:\\Users\\GSALUN~1\\AppData\\Local\\Temp\\scoped_dir4428_31675}, takesHeapSnapshot\u003dtrue, pageLoadStrategy\u003dnormal, databaseEnabled\u003dfalse, handlesAlerts\u003dtrue, hasTouchScreen\u003dfalse, version\u003d65.0.3325.181, platform\u003dXP, browserConnectionEnabled\u003dfalse, nativeEvents\u003dtrue, acceptSslCerts\u003dtrue, locationContextEnabled\u003dtrue, webStorageEnabled\u003dtrue, browserName\u003dchrome, takesScreenshot\u003dtrue, javascriptEnabled\u003dtrue, cssSelectorsEnabled\u003dtrue, setWindowRect\u003dtrue, unexpectedAlertBehaviour\u003d}]\nSession ID: 72b24b69e6b785aa4e8cedcead2be78a)","startTime":1525261507063,"endTime":0,"childRecords":[],"interuppted":false}],"interuppted":false},{"testStatus":{"stackTrace":"","statusValue":"FAILED"},"type":"MESSAGE","name":"","message":"Test Cases/Entering Username FAILED because (of) Unable to send keys \u0027ih.chelms\u0027 to object \u0027Object Repository/input_userName\u0027 (Root cause: org.openqa.selenium.WebDriverException: unknown error: call function result missing \u0027value\u0027\n  (Session info: chrome\u003d65.0.3325.181)\n  (Driver info: chromedriver\u003d2.33.506120 (e3e53437346286c0bc2d2dc9aa4915ba81d9023f),platform\u003dWindows NT 6.1.7601 SP1 x86_64) (WARNING: The server did not provide any stacktrace information)\nCommand duration or timeout: 87 milliseconds\nBuild info: version: \u00272.53.0\u0027, revision: \u002735ae25b\u0027, time: \u00272016-03-15 17:00:58\u0027\nSystem info: host: \u0027CTS-QUA-4\u0027, ip: \u0027192.168.0.4\u0027, os.name: \u0027Windows 7\u0027, os.arch: \u0027amd64\u0027, os.version: \u00276.1\u0027, java.version: \u00271.8.0_102\u0027\nDriver info: com.kms.katalon.selenium.driver.CChromeDriver\nCapabilities [{applicationCacheEnabled\u003dfalse, rotatable\u003dfalse, mobileEmulationEnabled\u003dfalse, networkConnectionEnabled\u003dfalse, chrome\u003d{chromedriverVersion\u003d2.33.506120 (e3e53437346286c0bc2d2dc9aa4915ba81d9023f), userDataDir\u003dC:\\Users\\GSALUN~1\\AppData\\Local\\Temp\\scoped_dir4428_31675}, takesHeapSnapshot\u003dtrue, pageLoadStrategy\u003dnormal, databaseEnabled\u003dfalse, handlesAlerts\u003dtrue, hasTouchScreen\u003dfalse, version\u003d65.0.3325.181, platform\u003dXP, browserConnectionEnabled\u003dfalse, nativeEvents\u003dtrue, acceptSslCerts\u003dtrue, locationContextEnabled\u003dtrue, webStorageEnabled\u003dtrue, browserName\u003dchrome, takesScreenshot\u003dtrue, javascriptEnabled\u003dtrue, cssSelectorsEnabled\u003dtrue, setWindowRect\u003dtrue, unexpectedAlertBehaviour\u003d}]\nSession ID: 72b24b69e6b785aa4e8cedcead2be78a)","startTime":1525261507065,"endTime":0,"childRecords":[],"interuppted":false}],"interuppted":false},{"isOptional":false,"type":"TEST_CASE","name":"Test Cases/Entering Password","id":"Test Cases/Entering Password","source":"D:\\\\Katalon_Practice_Workspace\\\\Beginner ThreeTest Cases\\\\Entering Password.tc","message":"Test Cases/Entering Password FAILED because (of) Unable to send keys \u002710#Hammer\u0027 to object \u0027Object Repository/input_password\u0027 (Root cause: org.openqa.selenium.WebDriverException: unknown error: call function result missing \u0027value\u0027\n  (Session info: chrome\u003d65.0.3325.181)\n  (Driver info: chromedriver\u003d2.33.506120 (e3e53437346286c0bc2d2dc9aa4915ba81d9023f),platform\u003dWindows NT 6.1.7601 SP1 x86_64) (WARNING: The server did not provide any stacktrace information)\nCommand duration or timeout: 117 milliseconds\nBuild info: version: \u00272.53.0\u0027, revision: \u002735ae25b\u0027, time: \u00272016-03-15 17:00:58\u0027\nSystem info: host: \u0027CTS-QUA-4\u0027, ip: \u0027192.168.0.4\u0027, os.name: \u0027Windows 7\u0027, os.arch: \u0027amd64\u0027, os.version: \u00276.1\u0027, java.version: \u00271.8.0_102\u0027\nDriver info: com.kms.katalon.selenium.driver.CChromeDriver\nCapabilities [{applicationCacheEnabled\u003dfalse, rotatable\u003dfalse, mobileEmulationEnabled\u003dfalse, networkConnectionEnabled\u003dfalse, chrome\u003d{chromedriverVersion\u003d2.33.506120 (e3e53437346286c0bc2d2dc9aa4915ba81d9023f), userDataDir\u003dC:\\Users\\GSALUN~1\\AppData\\Local\\Temp\\scoped_dir4428_31675}, takesHeapSnapshot\u003dtrue, pageLoadStrategy\u003dnormal, databaseEnabled\u003dfalse, handlesAlerts\u003dtrue, hasTouchScreen\u003dfalse, version\u003d65.0.3325.181, platform\u003dXP, browserConnectionEnabled\u003dfalse, nativeEvents\u003dtrue, acceptSslCerts\u003dtrue, locationContextEnabled\u003dtrue, webStorageEnabled\u003dtrue, browserName\u003dchrome, takesScreenshot\u003dtrue, javascriptEnabled\u003dtrue, cssSelectorsEnabled\u003dtrue, setWindowRect\u003dtrue, unexpectedAlertBehaviour\u003d}]\nSession ID: 72b24b69e6b785aa4e8cedcead2be78a)","description":"Entering Password in Password field.","startTime":1525261507126,"endTime":1525261507938,"childRecords":[{"testStatus":{"stackTrace":"","statusValue":"INFO"},"type":"MESSAGE","name":"","message":"Evaluating variables for test case","startTime":1525261507135,"endTime":0,"childRecords":[],"interuppted":false},{"attachment":"1525261507534.png","index":1,"isIgnoredIfFailed":false,"type":"TEST_STEP","name":"sendKeys","message":"Unable to send keys \u002710#Hammer\u0027 to object \u0027Object Repository/input_password\u0027 (Root cause: org.openqa.selenium.WebDriverException: unknown error: call function result missing \u0027value\u0027\n  (Session info: chrome\u003d65.0.3325.181)\n  (Driver info: chromedriver\u003d2.33.506120 (e3e53437346286c0bc2d2dc9aa4915ba81d9023f),platform\u003dWindows NT 6.1.7601 SP1 x86_64) (WARNING: The server did not provide any stacktrace information)\nCommand duration or timeout: 117 milliseconds\nBuild info: version: \u00272.53.0\u0027, revision: \u002735ae25b\u0027, time: \u00272016-03-15 17:00:58\u0027\nSystem info: host: \u0027CTS-QUA-4\u0027, ip: \u0027192.168.0.4\u0027, os.name: \u0027Windows 7\u0027, os.arch: \u0027amd64\u0027, os.version: \u00276.1\u0027, java.version: \u00271.8.0_102\u0027\nDriver info: com.kms.katalon.selenium.driver.CChromeDriver\nCapabilities [{applicationCacheEnabled\u003dfalse, rotatable\u003dfalse, mobileEmulationEnabled\u003dfalse, networkConnectionEnabled\u003dfalse, chrome\u003d{chromedriverVersion\u003d2.33.506120 (e3e53437346286c0bc2d2dc9aa4915ba81d9023f), userDataDir\u003dC:\\Users\\GSALUN~1\\AppData\\Local\\Temp\\scoped_dir4428_31675}, takesHeapSnapshot\u003dtrue, pageLoadStrategy\u003dnormal, databaseEnabled\u003dfalse, handlesAlerts\u003dtrue, hasTouchScreen\u003dfalse, version\u003d65.0.3325.181, platform\u003dXP, browserConnectionEnabled\u003dfalse, nativeEvents\u003dtrue, acceptSslCerts\u003dtrue, locationContextEnabled\u003dtrue, webStorageEnabled\u003dtrue, browserName\u003dchrome, takesScreenshot\u003dtrue, javascriptEnabled\u003dtrue, cssSelectorsEnabled\u003dtrue, setWindowRect\u003dtrue, unexpectedAlertBehaviour\u003d}]\nSession ID: 72b24b69e6b785aa4e8cedcead2be78a)","description":"","startTime":1525261507262,"endTime":1525261507932,"childRecords":[{"testStatus":{"stackTrace":"","statusValue":"FAILED"},"attachment":"1525261507534.png","type":"MESSAGE","name":"","message":"Unable to send keys \u002710#Hammer\u0027 to object \u0027Object Repository/input_password\u0027 (Root cause: org.openqa.selenium.WebDriverException: unknown error: call function result missing \u0027value\u0027\n  (Session info: chrome\u003d65.0.3325.181)\n  (Driver info: chromedriver\u003d2.33.506120 (e3e53437346286c0bc2d2dc9aa4915ba81d9023f),platform\u003dWindows NT 6.1.7601 SP1 x86_64) (WARNING: The server did not provide any stacktrace information)\nCommand duration or timeout: 117 milliseconds\nBuild info: version: \u00272.53.0\u0027, revision: \u002735ae25b\u0027, time: \u00272016-03-15 17:00:58\u0027\nSystem info: host: \u0027CTS-QUA-4\u0027, ip: \u0027192.168.0.4\u0027, os.name: \u0027Windows 7\u0027, os.arch: \u0027amd64\u0027, os.version: \u00276.1\u0027, java.version: \u00271.8.0_102\u0027\nDriver info: com.kms.katalon.selenium.driver.CChromeDriver\nCapabilities [{applicationCacheEnabled\u003dfalse, rotatable\u003dfalse, mobileEmulationEnabled\u003dfalse, networkConnectionEnabled\u003dfalse, chrome\u003d{chromedriverVersion\u003d2.33.506120 (e3e53437346286c0bc2d2dc9aa4915ba81d9023f), userDataDir\u003dC:\\Users\\GSALUN~1\\AppData\\Local\\Temp\\scoped_dir4428_31675}, takesHeapSnapshot\u003dtrue, pageLoadStrategy\u003dnormal, databaseEnabled\u003dfalse, handlesAlerts\u003dtrue, hasTouchScreen\u003dfalse, version\u003d65.0.3325.181, platform\u003dXP, browserConnectionEnabled\u003dfalse, nativeEvents\u003dtrue, acceptSslCerts\u003dtrue, locationContextEnabled\u003dtrue, webStorageEnabled\u003dtrue, browserName\u003dchrome, takesScreenshot\u003dtrue, javascriptEnabled\u003dtrue, cssSelectorsEnabled\u003dtrue, setWindowRect\u003dtrue, unexpectedAlertBehaviour\u003d}]\nSession ID: 72b24b69e6b785aa4e8cedcead2be78a)","startTime":1525261507931,"endTime":0,"childRecords":[],"interuppted":false}],"interuppted":false},{"testStatus":{"stackTrace":"","statusValue":"FAILED"},"type":"MESSAGE","name":"","message":"Test Cases/Entering Password FAILED because (of) Unable to send keys \u002710#Hammer\u0027 to object \u0027Object Repository/input_password\u0027 (Root cause: org.openqa.selenium.WebDriverException: unknown error: call function result missing \u0027value\u0027\n  (Session info: chrome\u003d65.0.3325.181)\n  (Driver info: chromedriver\u003d2.33.506120 (e3e53437346286c0bc2d2dc9aa4915ba81d9023f),platform\u003dWindows NT 6.1.7601 SP1 x86_64) (WARNING: The server did not provide any stacktrace information)\nCommand duration or timeout: 117 milliseconds\nBuild info: version: \u00272.53.0\u0027, revision: \u002735ae25b\u0027, time: \u00272016-03-15 17:00:58\u0027\nSystem info: host: \u0027CTS-QUA-4\u0027, ip: \u0027192.168.0.4\u0027, os.name: \u0027Windows 7\u0027, os.arch: \u0027amd64\u0027, os.version: \u00276.1\u0027, java.version: \u00271.8.0_102\u0027\nDriver info: com.kms.katalon.selenium.driver.CChromeDriver\nCapabilities [{applicationCacheEnabled\u003dfalse, rotatable\u003dfalse, mobileEmulationEnabled\u003dfalse, networkConnectionEnabled\u003dfalse, chrome\u003d{chromedriverVersion\u003d2.33.506120 (e3e53437346286c0bc2d2dc9aa4915ba81d9023f), userDataDir\u003dC:\\Users\\GSALUN~1\\AppData\\Local\\Temp\\scoped_dir4428_31675}, takesHeapSnapshot\u003dtrue, pageLoadStrategy\u003dnormal, databaseEnabled\u003dfalse, handlesAlerts\u003dtrue, hasTouchScreen\u003dfalse, version\u003d65.0.3325.181, platform\u003dXP, browserConnectionEnabled\u003dfalse, nativeEvents\u003dtrue, acceptSslCerts\u003dtrue, locationContextEnabled\u003dtrue, webStorageEnabled\u003dtrue, browserName\u003dchrome, takesScreenshot\u003dtrue, javascriptEnabled\u003dtrue, cssSelectorsEnabled\u003dtrue, setWindowRect\u003dtrue, unexpectedAlertBehaviour\u003d}]\nSession ID: 72b24b69e6b785aa4e8cedcead2be78a)","startTime":1525261507933,"endTime":0,"childRecords":[],"interuppted":false}],"interuppted":false},{"isOptional":false,"type":"TEST_CASE","name":"Test Cases/Wait time","id":"Test Cases/Wait time","source":"D:\\\\Katalon_Practice_Workspace\\\\Beginner ThreeTest Cases\\\\Wait time.tc","message":"Test Cases/Wait time","description":"","startTime":1525261507991,"endTime":1525261508252,"childRecords":[{"testStatus":{"stackTrace":"","statusValue":"INFO"},"type":"MESSAGE","name":"","message":"Evaluating variables for test case","startTime":1525261507999,"endTime":0,"childRecords":[],"interuppted":false},{"index":1,"isIgnoredIfFailed":false,"type":"TEST_STEP","name":"waitForElementClickable","message":"Object \u0027Object Repository/input_name\u0027 is clickable","description":"","startTime":1525261508124,"endTime":1525261508251,"childRecords":[{"testStatus":{"stackTrace":"","statusValue":"PASSED"},"type":"MESSAGE","name":"","message":"Object \u0027Object Repository/input_name\u0027 is clickable","startTime":1525261508250,"endTime":0,"childRecords":[],"interuppted":false}],"interuppted":false},{"testStatus":{"stackTrace":"","statusValue":"PASSED"},"type":"MESSAGE","name":"","message":"Test Cases/Wait time","startTime":1525261508252,"endTime":0,"childRecords":[],"interuppted":false}],"interuppted":false},{"isOptional":false,"type":"TEST_CASE","name":"Test Cases/Click Submit","id":"Test Cases/Click Submit","source":"D:\\\\Katalon_Practice_Workspace\\\\Beginner ThreeTest Cases\\\\Click Submit.tc","message":"Test Cases/Click Submit","description":"Clicking on SUBMIT button","startTime":1525261508312,"endTime":1525261508639,"childRecords":[{"testStatus":{"stackTrace":"","statusValue":"INFO"},"type":"MESSAGE","name":"","message":"Evaluating variables for test case","startTime":1525261508319,"endTime":0,"childRecords":[],"interuppted":false},{"index":1,"isIgnoredIfFailed":false,"type":"TEST_STEP","name":"click","message":"Object: \u0027Object Repository/input_name\u0027 is clicked on","description":"","startTime":1525261508444,"endTime":1525261508638,"childRecords":[{"testStatus":{"stackTrace":"","statusValue":"PASSED"},"type":"MESSAGE","name":"","message":"Object: \u0027Object Repository/input_name\u0027 is clicked on","startTime":1525261508637,"endTime":0,"childRecords":[],"interuppted":false}],"interuppted":false},{"testStatus":{"stackTrace":"","statusValue":"PASSED"},"type":"MESSAGE","name":"","message":"Test Cases/Click Submit","startTime":1525261508638,"endTime":0,"childRecords":[],"interuppted":false}],"interuppted":false},{"isOptional":false,"type":"TEST_CASE","name":"Test Cases/Wait for Clicking LogOut button","id":"Test Cases/Wait for Clicking LogOut button","source":"D:\\\\Katalon_Practice_Workspace\\\\Beginner ThreeTest Cases\\\\Wait for Clicking LogOut button.tc","message":"Test Cases/Wait for Clicking LogOut button","description":"","startTime":1525261508800,"endTime":1525261509023,"childRecords":[{"testStatus":{"stackTrace":"","statusValue":"INFO"},"type":"MESSAGE","name":"","message":"Evaluating variables for test case","startTime":1525261508833,"endTime":0,"childRecords":[],"interuppted":false},{"index":1,"isIgnoredIfFailed":false,"type":"TEST_STEP","name":"Statement - return null","description":"","startTime":1525261509020,"endTime":1525261509021,"childRecords":[],"interuppted":false},{"testStatus":{"stackTrace":"","statusValue":"PASSED"},"type":"MESSAGE","name":"","message":"Test Cases/Wait for Clicking LogOut button","startTime":1525261509022,"endTime":0,"childRecords":[],"interuppted":false}],"interuppted":false},{"isOptional":false,"type":"TEST_CASE","name":"Test Cases/Clicking on Logout Button","id":"Test Cases/Clicking on Logout Button","source":"D:\\\\Katalon_Practice_Workspace\\\\Beginner ThreeTest Cases\\\\Clicking on Logout Button.tc","message":"Test Cases/Clicking on Logout Button FAILED because (of) Unable to click on object \u0027Object Repository/a_Logout\u0027 (Root cause: com.kms.katalon.core.webui.exception.WebElementNotFoundException: Web element with id: \u0027Object Repository/a_Logout\u0027 located by \u0027By.xpath: //a[count(. | //*[@href \u003d \u0027/login/Logout\u0027]) \u003d count(//*[@href \u003d \u0027/login/Logout\u0027])][count(. | //*[text() \u003d \u0027\n            Logout \u0027]) \u003d count(//*[text() \u003d \u0027\n            Logout \u0027])][count(. | id(\"_AgentUI\")/div[@class\u003d\"pull-right\"]/div[@class\u003d\"username\"]/a[1]) \u003d count(id(\"_AgentUI\")/div[@class\u003d\"pull-right\"]/div[@class\u003d\"username\"]/a[1])]\u0027 not found)","description":"","startTime":1525261509107,"endTime":1525261540784,"childRecords":[{"testStatus":{"stackTrace":"","statusValue":"INFO"},"type":"MESSAGE","name":"","message":"Evaluating variables for test case","startTime":1525261509128,"endTime":0,"childRecords":[],"interuppted":false},{"attachment":"1525261540535.png","index":1,"isIgnoredIfFailed":false,"type":"TEST_STEP","name":"click","message":"Unable to click on object \u0027Object Repository/a_Logout\u0027 (Root cause: com.kms.katalon.core.webui.exception.WebElementNotFoundException: Web element with id: \u0027Object Repository/a_Logout\u0027 located by \u0027By.xpath: //a[count(. | //*[@href \u003d \u0027/login/Logout\u0027]) \u003d count(//*[@href \u003d \u0027/login/Logout\u0027])][count(. | //*[text() \u003d \u0027\n            Logout \u0027]) \u003d count(//*[text() \u003d \u0027\n            Logout \u0027])][count(. | id(\"_AgentUI\")/div[@class\u003d\"pull-right\"]/div[@class\u003d\"username\"]/a[1]) \u003d count(id(\"_AgentUI\")/div[@class\u003d\"pull-right\"]/div[@class\u003d\"username\"]/a[1])]\u0027 not found)","description":"","startTime":1525261509318,"endTime":1525261540778,"childRecords":[{"testStatus":{"stackTrace":"","statusValue":"FAILED"},"attachment":"1525261540535.png","type":"MESSAGE","name":"","message":"Unable to click on object \u0027Object Repository/a_Logout\u0027 (Root cause: com.kms.katalon.core.webui.exception.WebElementNotFoundException: Web element with id: \u0027Object Repository/a_Logout\u0027 located by \u0027By.xpath: //a[count(. | //*[@href \u003d \u0027/login/Logout\u0027]) \u003d count(//*[@href \u003d \u0027/login/Logout\u0027])][count(. | //*[text() \u003d \u0027\n            Logout \u0027]) \u003d count(//*[text() \u003d \u0027\n            Logout \u0027])][count(. | id(\"_AgentUI\")/div[@class\u003d\"pull-right\"]/div[@class\u003d\"username\"]/a[1]) \u003d count(id(\"_AgentUI\")/div[@class\u003d\"pull-right\"]/div[@class\u003d\"username\"]/a[1])]\u0027 not found)","startTime":1525261540777,"endTime":0,"childRecords":[],"interuppted":false}],"interuppted":false},{"testStatus":{"stackTrace":"","statusValue":"FAILED"},"type":"MESSAGE","name":"","message":"Test Cases/Clicking on Logout Button FAILED because (of) Unable to click on object \u0027Object Repository/a_Logout\u0027 (Root cause: com.kms.katalon.core.webui.exception.WebElementNotFoundException: Web element with id: \u0027Object Repository/a_Logout\u0027 located by \u0027By.xpath: //a[count(. | //*[@href \u003d \u0027/login/Logout\u0027]) \u003d count(//*[@href \u003d \u0027/login/Logout\u0027])][count(. | //*[text() \u003d \u0027\n            Logout \u0027]) \u003d count(//*[text() \u003d \u0027\n            Logout \u0027])][count(. | id(\"_AgentUI\")/div[@class\u003d\"pull-right\"]/div[@class\u003d\"username\"]/a[1]) \u003d count(id(\"_AgentUI\")/div[@class\u003d\"pull-right\"]/div[@class\u003d\"username\"]/a[1])]\u0027 not found)","startTime":1525261540782,"endTime":0,"childRecords":[],"interuppted":false}],"interuppted":false}],"interuppted":false}