{"devicePlatform":"","logFolder":"D:\\Katalon_Practice_Workspace\\Katalon_Mitendra\\Reports\\PPE\\20180119_140205","runData":{"hostName":"gsalunkhe - CTS-QUA-4.cogitate.india","hostAddress":"192.168.0.4","os":"Windows 7 64bit","katalonVersion":"5.0.1.1"},"type":"TEST_SUITE","name":"PPE","id":"Test Suites/PPE","source":"","message":"Test Cases/QUOTE_CREATION FAILED because (of) Unable to open browser with url: \u0027http://13.90.102.191:8066\u0027 (Root cause: java.lang.UnsatisfiedLinkError: Failed to create temporary file for /com/sun/jna/win32-x86-64/jnidispatch.dll library: There is not enough space on the disk)","description":"","startTime":1516350727349,"endTime":1516350731209,"childRecords":[{"isOptional":false,"type":"TEST_CASE","name":"Test Cases/QUOTE_CREATION","id":"Test Cases/QUOTE_CREATION","source":"D:\\\\Katalon_Practice_Workspace\\\\Katalon_MitendraTest Cases\\\\QUOTE_CREATION.tc","message":"Test Cases/QUOTE_CREATION FAILED because (of) Unable to open browser with url: \u0027http://13.90.102.191:8066\u0027 (Root cause: java.lang.UnsatisfiedLinkError: Failed to create temporary file for /com/sun/jna/win32-x86-64/jnidispatch.dll library: There is not enough space on the disk)","description":"Agent Quote process","startTime":1516350727664,"endTime":1516350730261,"childRecords":[{"testStatus":{"stackTrace":"","statusValue":"INFO"},"type":"MESSAGE","name":"","message":"Evaluating variables for test case","startTime":1516350727838,"endTime":0,"childRecords":[],"interuppted":false},{"index":1,"isIgnoredIfFailed":false,"type":"TEST_STEP","name":"openBrowser","message":"Unable to open browser with url: \u0027http://13.90.102.191:8066\u0027 (Root cause: java.lang.UnsatisfiedLinkError: Failed to create temporary file for /com/sun/jna/win32-x86-64/jnidispatch.dll library: There is not enough space on the disk)","description":"","startTime":1516350728196,"endTime":1516350730256,"childRecords":[{"testStatus":{"stackTrace":"","statusValue":"WARNING"},"type":"MESSAGE","name":"","message":"Failed to create temporary file for /com/sun/jna/win32-x86-64/jnidispatch.dll library: There is not enough space on the disk","startTime":1516350730248,"endTime":0,"childRecords":[],"interuppted":false},{"testStatus":{"stackTrace":"","statusValue":"FAILED"},"type":"MESSAGE","name":"","message":"Unable to open browser with url: \u0027http://13.90.102.191:8066\u0027 (Root cause: java.lang.UnsatisfiedLinkError: Failed to create temporary file for /com/sun/jna/win32-x86-64/jnidispatch.dll library: There is not enough space on the disk)","startTime":1516350730253,"endTime":0,"childRecords":[],"interuppted":false}],"interuppted":false},{"testStatus":{"stackTrace":"","statusValue":"FAILED"},"type":"MESSAGE","name":"","message":"Test Cases/QUOTE_CREATION FAILED because (of) Unable to open browser with url: \u0027http://13.90.102.191:8066\u0027 (Root cause: java.lang.UnsatisfiedLinkError: Failed to create temporary file for /com/sun/jna/win32-x86-64/jnidispatch.dll library: There is not enough space on the disk)","startTime":1516350730257,"endTime":0,"childRecords":[],"interuppted":false}],"interuppted":false},{"isOptional":false,"type":"TEST_CASE","name":"Test Cases/APPLICATION_CREATION","id":"Test Cases/APPLICATION_CREATION","source":"D:\\\\Katalon_Practice_Workspace\\\\Katalon_MitendraTest Cases\\\\APPLICATION_CREATION.tc","message":"Test Cases/APPLICATION_CREATION FAILED because (of) Unable to set text \u00271319 Angel Falls Ln SW Atlanta, GA 30311 USA\u0027 of object \u0027Object Repository/Application_OR/txtfield_ADDRESS_ON_QUOTE_PAGE\u0027 (Root cause: com.kms.katalon.core.webui.exception.BrowserNotOpenedException: Browser is not opened\nBuild info: version: \u00272.53.0\u0027, revision: \u002735ae25b\u0027, time: \u00272016-03-15 17:00:58\u0027\nSystem info: host: \u0027CTS-QUA-4\u0027, ip: \u0027192.168.0.4\u0027, os.name: \u0027Windows 7\u0027, os.arch: \u0027amd64\u0027, os.version: \u00276.1\u0027, java.version: \u00271.8.0_102\u0027\nDriver info: driver.version: unknown)","description":"","startTime":1516350730378,"endTime":1516350730895,"childRecords":[{"testStatus":{"stackTrace":"","statusValue":"INFO"},"type":"MESSAGE","name":"","message":"Evaluating variables for test case","startTime":1516350730565,"endTime":0,"childRecords":[],"interuppted":false},{"index":1,"isIgnoredIfFailed":false,"type":"TEST_STEP","name":"setText","message":"Unable to set text \u00271319 Angel Falls Ln SW Atlanta, GA 30311 USA\u0027 of object \u0027Object Repository/Application_OR/txtfield_ADDRESS_ON_QUOTE_PAGE\u0027 (Root cause: com.kms.katalon.core.webui.exception.BrowserNotOpenedException: Browser is not opened\nBuild info: version: \u00272.53.0\u0027, revision: \u002735ae25b\u0027, time: \u00272016-03-15 17:00:58\u0027\nSystem info: host: \u0027CTS-QUA-4\u0027, ip: \u0027192.168.0.4\u0027, os.name: \u0027Windows 7\u0027, os.arch: \u0027amd64\u0027, os.version: \u00276.1\u0027, java.version: \u00271.8.0_102\u0027\nDriver info: driver.version: unknown)","description":"","startTime":1516350730772,"endTime":1516350730892,"childRecords":[{"testStatus":{"stackTrace":"","statusValue":"WARNING"},"type":"MESSAGE","name":"","message":"Cannot take screenshot","startTime":1516350730890,"endTime":0,"childRecords":[],"interuppted":false},{"testStatus":{"stackTrace":"","statusValue":"FAILED"},"type":"MESSAGE","name":"","message":"Unable to set text \u00271319 Angel Falls Ln SW Atlanta, GA 30311 USA\u0027 of object \u0027Object Repository/Application_OR/txtfield_ADDRESS_ON_QUOTE_PAGE\u0027 (Root cause: com.kms.katalon.core.webui.exception.BrowserNotOpenedException: Browser is not opened\nBuild info: version: \u00272.53.0\u0027, revision: \u002735ae25b\u0027, time: \u00272016-03-15 17:00:58\u0027\nSystem info: host: \u0027CTS-QUA-4\u0027, ip: \u0027192.168.0.4\u0027, os.name: \u0027Windows 7\u0027, os.arch: \u0027amd64\u0027, os.version: \u00276.1\u0027, java.version: \u00271.8.0_102\u0027\nDriver info: driver.version: unknown)","startTime":1516350730891,"endTime":0,"childRecords":[],"interuppted":false}],"interuppted":false},{"testStatus":{"stackTrace":"","statusValue":"FAILED"},"type":"MESSAGE","name":"","message":"Test Cases/APPLICATION_CREATION FAILED because (of) Unable to set text \u00271319 Angel Falls Ln SW Atlanta, GA 30311 USA\u0027 of object \u0027Object Repository/Application_OR/txtfield_ADDRESS_ON_QUOTE_PAGE\u0027 (Root cause: com.kms.katalon.core.webui.exception.BrowserNotOpenedException: Browser is not opened\nBuild info: version: \u00272.53.0\u0027, revision: \u002735ae25b\u0027, time: \u00272016-03-15 17:00:58\u0027\nSystem info: host: \u0027CTS-QUA-4\u0027, ip: \u0027192.168.0.4\u0027, os.name: \u0027Windows 7\u0027, os.arch: \u0027amd64\u0027, os.version: \u00276.1\u0027, java.version: \u00271.8.0_102\u0027\nDriver info: driver.version: unknown)","startTime":1516350730892,"endTime":0,"childRecords":[],"interuppted":false}],"interuppted":false},{"isOptional":false,"type":"TEST_CASE","name":"Test Cases/ENDORSEMENT_CREATION","id":"Test Cases/ENDORSEMENT_CREATION","source":"D:\\\\Katalon_Practice_Workspace\\\\Katalon_MitendraTest Cases\\\\ENDORSEMENT_CREATION.tc","message":"Test Cases/ENDORSEMENT_CREATION FAILED because (of) Unable to click on object \u0027Object Repository/Endorsement_OR/btn_ADVANCE_FILTER\u0027 (Root cause: com.kms.katalon.core.webui.exception.BrowserNotOpenedException: Browser is not opened\nBuild info: version: \u00272.53.0\u0027, revision: \u002735ae25b\u0027, time: \u00272016-03-15 17:00:58\u0027\nSystem info: host: \u0027CTS-QUA-4\u0027, ip: \u0027192.168.0.4\u0027, os.name: \u0027Windows 7\u0027, os.arch: \u0027amd64\u0027, os.version: \u00276.1\u0027, java.version: \u00271.8.0_102\u0027\nDriver info: driver.version: unknown)","description":"","startTime":1516350730958,"endTime":1516350731185,"childRecords":[{"testStatus":{"stackTrace":"","statusValue":"INFO"},"type":"MESSAGE","name":"","message":"Evaluating variables for test case","startTime":1516350730972,"endTime":0,"childRecords":[],"interuppted":false},{"index":1,"isIgnoredIfFailed":false,"type":"TEST_STEP","name":"click","message":"Unable to click on object \u0027Object Repository/Endorsement_OR/btn_ADVANCE_FILTER\u0027 (Root cause: com.kms.katalon.core.webui.exception.BrowserNotOpenedException: Browser is not opened\nBuild info: version: \u00272.53.0\u0027, revision: \u002735ae25b\u0027, time: \u00272016-03-15 17:00:58\u0027\nSystem info: host: \u0027CTS-QUA-4\u0027, ip: \u0027192.168.0.4\u0027, os.name: \u0027Windows 7\u0027, os.arch: \u0027amd64\u0027, os.version: \u00276.1\u0027, java.version: \u00271.8.0_102\u0027\nDriver info: driver.version: unknown)","description":"","startTime":1516350731117,"endTime":1516350731161,"childRecords":[{"testStatus":{"stackTrace":"","statusValue":"WARNING"},"type":"MESSAGE","name":"","message":"Cannot take screenshot","startTime":1516350731153,"endTime":0,"childRecords":[],"interuppted":false},{"testStatus":{"stackTrace":"","statusValue":"FAILED"},"type":"MESSAGE","name":"","message":"Unable to click on object \u0027Object Repository/Endorsement_OR/btn_ADVANCE_FILTER\u0027 (Root cause: com.kms.katalon.core.webui.exception.BrowserNotOpenedException: Browser is not opened\nBuild info: version: \u00272.53.0\u0027, revision: \u002735ae25b\u0027, time: \u00272016-03-15 17:00:58\u0027\nSystem info: host: \u0027CTS-QUA-4\u0027, ip: \u0027192.168.0.4\u0027, os.name: \u0027Windows 7\u0027, os.arch: \u0027amd64\u0027, os.version: \u00276.1\u0027, java.version: \u00271.8.0_102\u0027\nDriver info: driver.version: unknown)","startTime":1516350731160,"endTime":0,"childRecords":[],"interuppted":false}],"interuppted":false},{"testStatus":{"stackTrace":"","statusValue":"FAILED"},"type":"MESSAGE","name":"","message":"Test Cases/ENDORSEMENT_CREATION FAILED because (of) Unable to click on object \u0027Object Repository/Endorsement_OR/btn_ADVANCE_FILTER\u0027 (Root cause: com.kms.katalon.core.webui.exception.BrowserNotOpenedException: Browser is not opened\nBuild info: version: \u00272.53.0\u0027, revision: \u002735ae25b\u0027, time: \u00272016-03-15 17:00:58\u0027\nSystem info: host: \u0027CTS-QUA-4\u0027, ip: \u0027192.168.0.4\u0027, os.name: \u0027Windows 7\u0027, os.arch: \u0027amd64\u0027, os.version: \u00276.1\u0027, java.version: \u00271.8.0_102\u0027\nDriver info: driver.version: unknown)","startTime":1516350731183,"endTime":0,"childRecords":[],"interuppted":false}],"interuppted":false}],"interuppted":false}