<?xml version="1.0" encoding="UTF-8"?>
<testsuites name="PPE" time="841" tests="2" failures="1" errors="0">
   <testsuite name="PPE" tests="2" failures="1" errors="0" time="841" timestamp="2018-02-12 18:43:48" hostname="gsalunkhe - CTS-QUA-4.cogitate.india" id="Test Suites/PPE">
      <properties>
         <property name="deviceName" value=""/>
         <property name="devicePlatform" value=""/>
         <property name="logFolder" value="D:\\Katalon_Practice_Workspace\\Katalon_PPE_GANESH\\Reports\\PPE\\20180212_184347"/>
         <property name="logFiles" value="D:\\Katalon_Practice_Workspace\\Katalon_PPE_GANESH\\Reports\\PPE\\20180212_184347\\execution0.log"/>
         <property name="attachments" value=""/>
         <property name="hostName" value="gsalunkhe - CTS-QUA-4.cogitate.india"/>
         <property name="os" value="Windows 7 64bit"/>
         <property name="katalonVersion" value="5.0.1.1"/>
         <property name="browser" value="Chrome 63.0.3239.132"/>
         <property name="hostAddress" value="192.168.0.4"/>
         <property name="sessionId" value="6cae2f187ecdb9f0d6019ba5bd491376"/>
         <property name="seleniumVersion" value="2.53.0"/>
         <property name="proxyInformation" value="ProxyInformation{proxyOption=NO_PROXY, proxyServerType=, password=, proxyServerAddress=, proxyServerPort=0}"/>
         <property name="platform" value="Windows 7"/>
      </properties>
      <testcase name="Test Cases/QUOTE_CREATION" classname="Test Cases/QUOTE_CREATION" status="PASSED">
         <system-out><![CDATA[2018-02-12 18:43:49 - [TEST_CASE][PASSED] - Test Cases/QUOTE_CREATION: Test Cases/QUOTE_CREATION

2018-02-12 18:43:49 - [TEST_STEP][PASSED] - Statement - propertyDataRowCounter = 0: null

2018-02-12 18:43:49 - [TEST_STEP][PASSED] - Statement - configDataRowCounter = 0: null

2018-02-12 18:43:49 - [TEST_STEP][PASSED] - Statement - genericDATA = com.kms.katalon.core.testdata.TestDataFactory.findTestData(PPE_Config_File): Test data is internal data, reading internal data

2018-02-12 18:43:49 - [TEST_STEP][PASSED] - Statement - propertyDATA = com.kms.katalon.core.testdata.TestDataFactory.findTestData(PPEPROPERTYDATA): Test data is internal data, reading internal data

2018-02-12 18:43:49 - [TEST_STEP][PASSED] - com.PPE.url_Navigation.gotoURL: com.PPE.url_Navigation.gotoURL is PASSED

2018-02-12 18:43:57 - [MESSAGE][PASSED] - Browser is opened with url: 'http://test.cogitate.us/PPE.Test/'

2018-02-12 18:43:57 - [MESSAGE][PASSED] - Wait for page load successfully

2018-02-12 18:43:58 - [MESSAGE][PASSED] - Current window maximized

2018-02-12 18:43:58 - [MESSAGE][PASSED] - com.PPE.url_Navigation.gotoURL is PASSED

2018-02-12 18:43:58 - [TEST_STEP][PASSED] - com.PPE.IncorrectLogin.login: com.PPE.IncorrectLogin.login is PASSED

2018-02-12 18:43:59 - [MESSAGE][PASSED] - Text '125634' is set on object 'Object Repository/Quote_OR/txtfield_USERNAME'

2018-02-12 18:43:59 - [MESSAGE][PASSED] - Text '10#Hammer' is set on object 'Object Repository/Quote_OR/txtfield_PASSWORD'

2018-02-12 18:44:03 - [MESSAGE][PASSED] - Object: 'Object Repository/Quote_OR/btn-LOGIN' is clicked on

2018-02-12 18:44:09 - [MESSAGE][PASSED] - Delayed 6 second(s)

2018-02-12 18:44:09 - [MESSAGE][PASSED] - Text 'ih.chelms' is set on object 'Object Repository/Quote_OR/txtfield_USERNAME'

2018-02-12 18:44:10 - [MESSAGE][PASSED] - Text '123456' is set on object 'Object Repository/Quote_OR/txtfield_PASSWORD'

2018-02-12 18:44:10 - [MESSAGE][PASSED] - Object: 'Object Repository/Quote_OR/btn-LOGIN' is clicked on

2018-02-12 18:44:16 - [MESSAGE][PASSED] - Delayed 6 second(s)

2018-02-12 18:44:16 - [MESSAGE][PASSED] - Text 'ih.jbutler' is set on object 'Object Repository/Quote_OR/txtfield_USERNAME'

2018-02-12 18:44:17 - [MESSAGE][PASSED] - Text '123456' is set on object 'Object Repository/Quote_OR/txtfield_PASSWORD'

2018-02-12 18:44:17 - [MESSAGE][PASSED] - Object: 'Object Repository/Quote_OR/btn-LOGIN' is clicked on

2018-02-12 18:44:23 - [MESSAGE][PASSED] - Delayed 6 second(s)

2018-02-12 18:44:24 - [MESSAGE][PASSED] - Text 'Ganesh' is set on object 'Object Repository/Quote_OR/txtfield_USERNAME'

2018-02-12 18:44:24 - [MESSAGE][PASSED] - Text 'Salunkhe' is set on object 'Object Repository/Quote_OR/txtfield_PASSWORD'

2018-02-12 18:44:25 - [MESSAGE][PASSED] - Object: 'Object Repository/Quote_OR/btn-LOGIN' is clicked on

2018-02-12 18:44:31 - [MESSAGE][PASSED] - Delayed 6 second(s)

2018-02-12 18:44:31 - [MESSAGE][PASSED] - Text 'ih.william' is set on object 'Object Repository/Quote_OR/txtfield_USERNAME'

2018-02-12 18:44:31 - [MESSAGE][PASSED] - Text 'ih.chelms' is set on object 'Object Repository/Quote_OR/txtfield_PASSWORD'

2018-02-12 18:44:32 - [MESSAGE][PASSED] - Object: 'Object Repository/Quote_OR/btn-LOGIN' is clicked on

2018-02-12 18:44:38 - [MESSAGE][PASSED] - Delayed 6 second(s)

2018-02-12 18:44:38 - [MESSAGE][PASSED] - com.PPE.IncorrectLogin.login is PASSED

2018-02-12 18:44:38 - [TEST_STEP][PASSED] - com.PPE.Login.correctlogin: com.PPE.Login.correctlogin is PASSED

2018-02-12 18:44:38 - [MESSAGE][PASSED] - Text 'ih.chelms' is set on object 'Object Repository/Quote_OR/txtfield_USERNAME'

2018-02-12 18:44:38 - [MESSAGE][PASSED] - Text '10#Hammer' is set on object 'Object Repository/Quote_OR/txtfield_PASSWORD'

2018-02-12 18:44:40 - [MESSAGE][PASSED] - Object: 'Object Repository/Quote_OR/btn-LOGIN' is clicked on

2018-02-12 18:44:40 - [MESSAGE][PASSED] - com.PPE.Login.correctlogin is PASSED

2018-02-12 18:44:40 - [TEST_STEP][PASSED] - Statement - If (genericDATA.internallyGetValue("STATE", configDataRowCounter) == "GA"): Text '125 Little St SE Atlanta, GA 30315 USA' is set on object 'Object Repository/Quote_OR/txtfield_ADDRESS_ON_LANDING_PAGE'

2018-02-12 18:44:40 - [TEST_STEP][PASSED] - setText: Text '125 Little St SE Atlanta, GA 30315 USA' is set on object 'Object Repository/Quote_OR/txtfield_ADDRESS_ON_LANDING_PAGE'

2018-02-12 18:44:41 - [MESSAGE][PASSED] - Text '125 Little St SE Atlanta, GA 30315 USA' is set on object 'Object Repository/Quote_OR/txtfield_ADDRESS_ON_LANDING_PAGE'

2018-02-12 18:44:41 - [TEST_STEP][PASSED] - click: Object: 'Object Repository/Quote_OR/btn_SEARCH_ADDRESS' is clicked on

2018-02-12 18:44:51 - [MESSAGE][PASSED] - Object: 'Object Repository/Quote_OR/btn_SEARCH_ADDRESS' is clicked on

2018-02-12 18:44:51 - [TEST_STEP][PASSED] - waitForPageLoad: Wait for page load successfully

2018-02-12 18:44:51 - [MESSAGE][PASSED] - Wait for page load successfully

2018-02-12 18:44:51 - [TEST_STEP][PASSED] - com.PPE.QuotePropertyDataSelection.QuoteCreation: com.PPE.QuotePropertyDataSelection.QuoteCreation is PASSED

2018-02-12 18:44:51 - [MESSAGE][PASSED] - All options with index in [1] are selected on object 'Object Repository/Quote_OR/drp_PROPERTY_TYPE'

2018-02-12 18:44:52 - [MESSAGE][PASSED] - Text '' is set on object 'Object Repository/Quote_OR/txtfield_HOME_VALUATION'

2018-02-12 18:44:52 - [MESSAGE][PASSED] - Object: 'Object Repository/Quote_OR/btn_GETQUOTE' is clicked on

2018-02-12 18:44:52 - [MESSAGE][PASSED] - All options with index in [2] are selected on object 'Object Repository/Quote_OR/drp_CONSTRUCTION_TYPE'

2018-02-12 18:44:52 - [MESSAGE][PASSED] - Text '75000' is set on object 'Object Repository/Quote_OR/txtfield_HOME_VALUATION'

2018-02-12 18:44:54 - [MESSAGE][PASSED] - Delayed 2 second(s)

2018-02-12 18:44:54 - [MESSAGE][PASSED] - Text '' is set on object 'Object Repository/Quote_OR/txtbx_YEARHOMEBUILD'

2018-02-12 18:44:54 - [MESSAGE][PASSED] - Object: 'Object Repository/Quote_OR/btn_GETQUOTE' is clicked on

2018-02-12 18:44:55 - [MESSAGE][PASSED] - Text '1968' is set on object 'Object Repository/Quote_OR/txtbx_YEARHOMEBUILD'

2018-02-12 18:44:55 - [MESSAGE][PASSED] - Object: 'Object Repository/Quote_OR/btn_GETQUOTE' is clicked on

2018-02-12 18:44:59 - [MESSAGE][PASSED] - Delayed 4 second(s)

2018-02-12 18:44:59 - [MESSAGE][PASSED] - Object: 'Object Repository/Quote_OR/btn_SENDQUOTE' is clicked on

2018-02-12 18:45:00 - [MESSAGE][PASSED] - Delayed 1 second(s)

2018-02-12 18:45:00 - [MESSAGE][PASSED] - Object: 'Object Repository/Quote_OR/btn_SEND_QUOTE_DETAILS' is clicked on

2018-02-12 18:45:01 - [MESSAGE][PASSED] - Delayed 1 second(s)

2018-02-12 18:45:01 - [MESSAGE][PASSED] - Text 'Nitin' is set on object 'Object Repository/Quote_OR/txtfield_SENDQUOTE_FIRSTNAME'

2018-02-12 18:45:02 - [MESSAGE][PASSED] - Text 'Pattinson' is set on object 'Object Repository/Quote_OR/txtfield_SENDQUOTE_LASTNAME'

2018-02-12 18:45:05 - [MESSAGE][PASSED] - Delayed 3 second(s)

2018-02-12 18:45:05 - [MESSAGE][PASSED] - Text '9768180080' is set on object 'Object Repository/Quote_OR/txtfield_SENDQUOTE_CONTACTNUMBER'

2018-02-12 18:45:08 - [MESSAGE][PASSED] - Delayed 3 second(s)

2018-02-12 18:45:08 - [MESSAGE][PASSED] - Text 'gsalunkhe@cogitate.us' is set on object 'Object Repository/Quote_OR/txtfield_SENDQUOTE_EMAIL'

2018-02-12 18:45:12 - [MESSAGE][PASSED] - Delayed 4 second(s)

2018-02-12 18:45:13 - [MESSAGE][PASSED] - Object: 'Object Repository/Quote_OR/btn_SEND_QUOTE_DETAILS' is clicked on

2018-02-12 18:45:17 - [MESSAGE][PASSED] - Delayed 4 second(s)

2018-02-12 18:45:17 - [MESSAGE][PASSED] - All options with index in [1] are selected on object 'Object Repository/Quote_OR/drp_CONSTRUCTION_TYPE'

2018-02-12 18:45:25 - [MESSAGE][PASSED] - Delayed 8 second(s)

2018-02-12 18:45:25 - [MESSAGE][PASSED] - Object: 'Object Repository/Quote_OR/btn_RECALCULATE_PREMIUM' is clicked on

2018-02-12 18:45:25 - [MESSAGE][PASSED] - com.PPE.QuotePropertyDataSelection.QuoteCreation is PASSED]]></system-out>
         <system-err><![CDATA[]]></system-err>
      </testcase>
      <testcase name="Test Cases/APPLICATION_CREATION" classname="Test Cases/APPLICATION_CREATION" status="PASSED">
         <system-out><![CDATA[2018-02-12 18:45:25 - [TEST_CASE][PASSED] - Test Cases/APPLICATION_CREATION: Test Cases/APPLICATION_CREATION

2018-02-12 18:45:25 - [TEST_STEP][PASSED] - Statement - propertyDataRowCounter = 0: null

2018-02-12 18:45:25 - [TEST_STEP][PASSED] - Statement - configDataRowCounter = 0: null

2018-02-12 18:45:25 - [TEST_STEP][PASSED] - Statement - genericDATA = com.kms.katalon.core.testdata.TestDataFactory.findTestData(PPE_Config_File): Test data is internal data, reading internal data

2018-02-12 18:45:25 - [TEST_STEP][PASSED] - Statement - propertyDATA = com.kms.katalon.core.testdata.TestDataFactory.findTestData(PPEPROPERTYDATA): Test data is internal data, reading internal data

2018-02-12 18:45:25 - [TEST_STEP][PASSED] - Statement - Address = com.kms.katalon.core.testobject.ObjectRepository.findTestObject(Endorsement_OR/get_Address): Finding Test Object with id 'Object Repository/Endorsement_OR/get_Address'

2018-02-12 18:45:25 - [TEST_STEP][PASSED] - Statement - propertyaddress = com.kms.katalon.core.webui.keyword.WebUiBuiltInKeywords.getAttribute(Address, "value"): Attribute 'value' of object 'Object Repository/Endorsement_OR/get_Address' is: '125 Little St SE, Atlanta, GA 30315, USA'

2018-02-12 18:45:25 - [MESSAGE][PASSED] - Attribute 'value' of object 'Object Repository/Endorsement_OR/get_Address' is: '125 Little St SE, Atlanta, GA 30315, USA'

2018-02-12 18:45:25 - [TEST_STEP][PASSED] - Statement - println(propertyaddress): null

2018-02-12 18:45:25 - [TEST_STEP][PASSED] - Statement - propertyaddress = propertyaddress: null

2018-02-12 18:45:25 - [TEST_STEP][PASSED] - com.PPE.Saving_PolicyHolderInfo_Page.PolicyHolderPage: com.PPE.Saving_PolicyHolderInfo_Page.PolicyHolderPage is PASSED

2018-02-12 18:45:29 - [MESSAGE][PASSED] - Delayed 4 second(s)

2018-02-12 18:45:30 - [MESSAGE][PASSED] - Object: 'Object Repository/Application_OR/btn_TOAPPLICATION' is clicked on

2018-02-12 18:45:34 - [MESSAGE][PASSED] - Delayed 4 second(s)

2018-02-12 18:45:34 - [MESSAGE][PASSED] - Object: 'Object Repository/Application_OR/btn-YES_IS_BNESS_PREMISES' is clicked on

2018-02-12 18:45:36 - [MESSAGE][PASSED] - Delayed 2 second(s)

2018-02-12 18:45:36 - [MESSAGE][PASSED] - Object: 'Object Repository/Application_OR/btn-YES_FOOT_TRAFFIC' is clicked on

2018-02-12 18:45:38 - [MESSAGE][PASSED] - Delayed 2 second(s)

2018-02-12 18:45:39 - [MESSAGE][PASSED] - Text '11' is set on object 'Object Repository/Application_OR/txtfield-Traffic_Percentage'

2018-02-12 18:45:42 - [MESSAGE][PASSED] - Delayed 3 second(s)

2018-02-12 18:45:42 - [MESSAGE][PASSED] - Object: 'Object Repository/Application_OR/btn_CONTINUE_UW_QUESTIONS' is clicked on

2018-02-12 18:45:45 - [MESSAGE][PASSED] - Delayed 3 second(s)

2018-02-12 18:45:45 - [MESSAGE][PASSED] - Text '10' is set on object 'Object Repository/Application_OR/txtfield-Traffic_Percentage'

2018-02-12 18:45:49 - [MESSAGE][PASSED] - Delayed 4 second(s)

2018-02-12 18:45:49 - [MESSAGE][PASSED] - Object: 'Object Repository/Application_OR/btn_CONTINUE_UW_QUESTIONS' is clicked on

2018-02-12 18:45:52 - [MESSAGE][PASSED] - Delayed 3 second(s)

2018-02-12 18:45:52 - [MESSAGE][PASSED] - Object: 'Object Repository/Application_OR/txtfield_INSURED_FIRSTNAME' is clicked on

2018-02-12 18:45:52 - [MESSAGE][PASSED] - Text '' is set on object 'Object Repository/Application_OR/txtfield_INSURED_FIRSTNAME'

2018-02-12 18:45:52 - [MESSAGE][PASSED] - Text 'David' is set on object 'Object Repository/Application_OR/txtfield_INSURED_FIRSTNAME'

2018-02-12 18:45:53 - [MESSAGE][PASSED] - Text '' is set on object 'Object Repository/Application_OR/txtfield_INSURED_MIDDLENAME'

2018-02-12 18:45:53 - [MESSAGE][PASSED] - Text 'Faf' is set on object 'Object Repository/Application_OR/txtfield_INSURED_MIDDLENAME'

2018-02-12 18:45:53 - [MESSAGE][PASSED] - Text '' is set on object 'Object Repository/Application_OR/txtfield_INSURED_LASTNAME'

2018-02-12 18:45:53 - [MESSAGE][PASSED] - Text 'Duminy' is set on object 'Object Repository/Application_OR/txtfield_INSURED_LASTNAME'

2018-02-12 18:45:53 - [MESSAGE][PASSED] - Text '09/10/1999' is set on object 'Object Repository/Application_OR/txtfield_INSURED_DOB'

2018-02-12 18:45:58 - [MESSAGE][PASSED] - Delayed 5 second(s)

2018-02-12 18:45:59 - [MESSAGE][PASSED] - Text 'gsalunkhe@cogitate.us' is set on object 'Object Repository/Application_OR/txtfield_INSURED_EMAIL'

2018-02-12 18:46:04 - [MESSAGE][PASSED] - Delayed 5 second(s)

2018-02-12 18:46:04 - [MESSAGE][PASSED] - Text '9768180080' is set on object 'Object Repository/Application_OR/txtfield_INSURED_CONTACTNUMBER'

2018-02-12 18:46:09 - [MESSAGE][PASSED] - Delayed 5 second(s)

2018-02-12 18:46:09 - [MESSAGE][PASSED] - Attribute 'value' of object 'Object Repository/Generic_OR/hdnPolicyInfoId' is: '3172'

2018-02-12 18:46:09 - [MESSAGE][PASSED] - Object: 'Object Repository/Application_OR/btn_POLICYHOLDER_SAVEANDCONTINUE' is clicked on

2018-02-12 18:46:10 - [MESSAGE][PASSED] - Delayed 1 second(s)

2018-02-12 18:46:10 - [MESSAGE][PASSED] - com.PPE.Saving_PolicyHolderInfo_Page.PolicyHolderPage is PASSED

2018-02-12 18:46:10 - [TEST_STEP][PASSED] - com.PPE.Saving_PropertyInfo_Page.PropertyPage: com.PPE.Saving_PropertyInfo_Page.PropertyPage is PASSED

2018-02-12 18:46:11 - [MESSAGE][PASSED] - Object: 'Object Repository/Application_OR/drp_ROOFTYPE_PROPERTYPAGE' is clicked on

2018-02-12 18:46:14 - [MESSAGE][PASSED] - Delayed 3 second(s)

2018-02-12 18:46:14 - [MESSAGE][PASSED] - All options with index in [1] are selected on object 'Object Repository/Application_OR/drp_ROOFTYPE_PROPERTYPAGE'

2018-02-12 18:46:16 - [MESSAGE][PASSED] - Delayed 2 second(s)

2018-02-12 18:46:16 - [MESSAGE][PASSED] - All options with index in [3] are selected on object 'Object Repository/Application_OR/drp_FOUNDATIONTYPE_PROPERTYPAGE'

2018-02-12 18:46:18 - [MESSAGE][PASSED] - Delayed 2 second(s)

2018-02-12 18:46:19 - [MESSAGE][PASSED] - All options with index in [7] are selected on object 'Object Repository/Application_OR/drp_HEATINGTYPE_PROPERTYPAGE'

2018-02-12 18:46:24 - [MESSAGE][PASSED] - Delayed 5 second(s)

2018-02-12 18:46:24 - [MESSAGE][PASSED] - Object: 'Object Repository/Application_OR/btn_OCCUPANYPAGE_SAVEANDCONTINUE' is clicked on

2018-02-12 18:46:28 - [MESSAGE][PASSED] - Delayed 4 second(s)

2018-02-12 18:46:28 - [MESSAGE][PASSED] - Object: 'Object Repository/Application_OR/btn_YES_ROOFAGE_POPUP' is clicked on

2018-02-12 18:46:32 - [MESSAGE][PASSED] - Delayed 4 second(s)

2018-02-12 18:46:32 - [MESSAGE][PASSED] - Object: 'Object Repository/Application_OR/btn_YES_ELECTRICALAGE_POPUP' is clicked on

2018-02-12 18:46:36 - [MESSAGE][PASSED] - Delayed 4 second(s)

2018-02-12 18:46:36 - [MESSAGE][PASSED] - Object: 'Object Repository/Application_OR/btn_YES_ELECTRICALAGE_POPUP' is clicked on

2018-02-12 18:46:41 - [MESSAGE][PASSED] - Delayed 5 second(s)

2018-02-12 18:46:41 - [MESSAGE][PASSED] - com.PPE.Saving_PropertyInfo_Page.PropertyPage is PASSED

2018-02-12 18:46:41 - [TEST_STEP][PASSED] - com.PPE.Policy_Creation.ApplicationBind: com.PPE.Policy_Creation.ApplicationBind is PASSED

2018-02-12 18:46:42 - [MESSAGE][PASSED] - Object: 'Object Repository/Application_OR/btn_OCCUPANYPAGE_SAVEANDCONTINUE' is clicked on

2018-02-12 18:46:47 - [MESSAGE][PASSED] - Delayed 5 second(s)

2018-02-12 18:46:47 - [MESSAGE][PASSED] - Object 'Object Repository/Application_OR/chkbx_AGREEMENT' is checked

2018-02-12 18:46:57 - [MESSAGE][PASSED] - Delayed 10 second(s)

2018-02-12 18:46:57 - [MESSAGE][PASSED] - Object: 'Object Repository/Application_OR/btn_OCCUPANYPAGE_SAVEANDCONTINUE' is clicked on

2018-02-12 18:47:02 - [MESSAGE][PASSED] - Delayed 5 second(s)

2018-02-12 18:47:15 - [MESSAGE][PASSED] - Object: 'Object Repository/Application_OR/btn_SIGNAPPLICATION_AGENT' is clicked on

2018-02-12 18:47:20 - [MESSAGE][PASSED] - Delayed 5 second(s)

2018-02-12 18:47:20 - [MESSAGE][PASSED] - Text of object 'Object Repository/Application_OR/get_INSUREDNAME_APPLICATION FORMSUMMARY' is: 'David Faf Duminy'

2018-02-12 18:47:20 - [MESSAGE][PASSED] - Object: 'Object Repository/Application_OR/btn_INSURED_SIGNATURE' is clicked on

2018-02-12 18:47:25 - [MESSAGE][PASSED] - Delayed 5 second(s)

2018-02-12 18:47:25 - [MESSAGE][PASSED] - Object: 'Object Repository/Application_OR/txtbx_INSURED_SIGNATURE' is clicked on

2018-02-12 18:47:30 - [MESSAGE][PASSED] - Delayed 5 second(s)

2018-02-12 18:47:30 - [MESSAGE][PASSED] - Text 'David Faf Duminy' is set on object 'Object Repository/Application_OR/txtbx_INSURED_SIGNATURE'

2018-02-12 18:47:30 - [MESSAGE][PASSED] - Object: 'Object Repository/Application_OR/btn_SUBMIT_INSURED_SIGNATURE' is clicked on

2018-02-12 18:47:30 - [MESSAGE][PASSED] - com.PPE.Policy_Creation.ApplicationBind is PASSED

2018-02-12 18:47:30 - [TEST_STEP][PASSED] - Statement - otpQuery = "SELECT TOP 1 OtpGenerated FROM PPE_ApplicationForms_trn where PolicyInfoId = " + policyInfoId + " Order BY ModifiedDateTime DESC": null

2018-02-12 18:47:30 - [TEST_STEP][PASSED] - Statement - println("otpQuery" + " " + otpQuery): null

2018-02-12 18:47:30 - [TEST_STEP][PASSED] - com.PPE.Database_Connection.connectDB: com.PPE.Database_Connection.connectDB is PASSED

2018-02-12 18:47:32 - [MESSAGE][PASSED] - com.PPE.Database_Connection.connectDB is PASSED

2018-02-12 18:47:32 - [TEST_STEP][PASSED] - Statement - recordset = CustomKeywords.com.PPE.Database_Connection.executeQuery(otpQuery): com.PPE.Database_Connection.executeQuery is PASSED

2018-02-12 18:47:32 - [MESSAGE][PASSED] - com.PPE.Database_Connection.executeQuery is PASSED

2018-02-12 18:47:32 - [TEST_STEP][PASSED] - Statement - otp = 0: null

2018-02-12 18:47:32 - [TEST_STEP][PASSED] - Statement - While (recordset.next()): null

2018-02-12 18:47:32 - [TEST_STEP][PASSED] - Statement - otp = recordset.getObject("OtpGenerated"): null

2018-02-12 18:47:32 - [TEST_STEP][PASSED] - Statement - println("otp" + " " + otp): null

2018-02-12 18:47:32 - [TEST_STEP][PASSED] - delay: Delayed 10 second(s)

2018-02-12 18:47:42 - [MESSAGE][PASSED] - Delayed 10 second(s)

2018-02-12 18:47:42 - [TEST_STEP][PASSED] - Statement - txtOtp = com.kms.katalon.core.testobject.ObjectRepository.findTestObject(Application_OR/txtfield-OTP): Finding Test Object with id 'Object Repository/Application_OR/txtfield-OTP'

2018-02-12 18:47:42 - [TEST_STEP][PASSED] - setText: Text '8825' is set on object 'Object Repository/Application_OR/txtfield-OTP'

2018-02-12 18:47:42 - [MESSAGE][PASSED] - Text '8825' is set on object 'Object Repository/Application_OR/txtfield-OTP'

2018-02-12 18:47:42 - [TEST_STEP][PASSED] - delay: Delayed 1 second(s)

2018-02-12 18:47:43 - [MESSAGE][PASSED] - Delayed 1 second(s)

2018-02-12 18:47:43 - [TEST_STEP][PASSED] - click: Object: 'Object Repository/Application_OR/btn_OTP_VERIFY' is clicked on

2018-02-12 18:47:44 - [MESSAGE][PASSED] - Object: 'Object Repository/Application_OR/btn_OTP_VERIFY' is clicked on

2018-02-12 18:47:44 - [TEST_STEP][PASSED] - delay: Delayed 5 second(s)

2018-02-12 18:47:49 - [MESSAGE][PASSED] - Delayed 5 second(s)

2018-02-12 18:47:49 - [TEST_STEP][PASSED] - click: Object: 'Object Repository/Application_OR/btn_AGENT_SIGNATURE' is clicked on

2018-02-12 18:47:49 - [MESSAGE][PASSED] - Object: 'Object Repository/Application_OR/btn_AGENT_SIGNATURE' is clicked on

2018-02-12 18:47:49 - [TEST_STEP][PASSED] - delay: Delayed 2 second(s)

2018-02-12 18:47:51 - [MESSAGE][PASSED] - Delayed 2 second(s)

2018-02-12 18:47:51 - [TEST_STEP][PASSED] - click: Object: 'Object Repository/Application_OR/txtbx_AGENT_SIGNATURE' is clicked on

2018-02-12 18:47:51 - [MESSAGE][PASSED] - Object: 'Object Repository/Application_OR/txtbx_AGENT_SIGNATURE' is clicked on

2018-02-12 18:47:51 - [TEST_STEP][PASSED] - delay: Delayed 2 second(s)

2018-02-12 18:47:53 - [MESSAGE][PASSED] - Delayed 2 second(s)

2018-02-12 18:47:53 - [TEST_STEP][PASSED] - Statement - If (genericDATA.internallyGetValue("STATE", configDataRowCounter) == "GA"): Text 'Clement Helms' is set on object 'Object Repository/Application_OR/txtbx_AGENT_SIGNATURE'

2018-02-12 18:47:53 - [TEST_STEP][PASSED] - setText: Text 'Clement Helms' is set on object 'Object Repository/Application_OR/txtbx_AGENT_SIGNATURE'

2018-02-12 18:47:53 - [MESSAGE][PASSED] - Text 'Clement Helms' is set on object 'Object Repository/Application_OR/txtbx_AGENT_SIGNATURE'

2018-02-12 18:47:53 - [TEST_STEP][PASSED] - click: Object: 'Object Repository/Application_OR/btn_SUBMIT_AGENT_SIGNATURE' is clicked on

2018-02-12 18:47:53 - [MESSAGE][PASSED] - Object: 'Object Repository/Application_OR/btn_SUBMIT_AGENT_SIGNATURE' is clicked on

2018-02-12 18:47:53 - [TEST_STEP][PASSED] - delay: Delayed 5 second(s)

2018-02-12 18:47:58 - [MESSAGE][PASSED] - Delayed 5 second(s)

2018-02-12 18:47:58 - [TEST_STEP][PASSED] - click: Object: 'Object Repository/Application_OR/btn_SURPLUSLINE_ACK' is clicked on

2018-02-12 18:48:00 - [MESSAGE][PASSED] - Object: 'Object Repository/Application_OR/btn_SURPLUSLINE_ACK' is clicked on

2018-02-12 18:48:00 - [TEST_STEP][PASSED] - delay: Delayed 5 second(s)

2018-02-12 18:48:05 - [MESSAGE][PASSED] - Delayed 5 second(s)

2018-02-12 18:48:05 - [TEST_STEP][PASSED] - Statement - If (genericDATA.internallyGetValue("STATE", configDataRowCounter) == "GA"): Object: 'Object Repository/Application_OR/btn_SUBMIT_SURPLUSLINE' is clicked on

2018-02-12 18:48:05 - [TEST_STEP][PASSED] - click: Object: 'Object Repository/Application_OR/txtfield_SURPLUSLINE_FORM_TEXT' is clicked on

2018-02-12 18:48:05 - [MESSAGE][PASSED] - Object: 'Object Repository/Application_OR/txtfield_SURPLUSLINE_FORM_TEXT' is clicked on

2018-02-12 18:48:05 - [TEST_STEP][PASSED] - delay: Delayed 2 second(s)

2018-02-12 18:48:07 - [MESSAGE][PASSED] - Delayed 2 second(s)

2018-02-12 18:48:07 - [TEST_STEP][PASSED] - setText: Text 'Testing' is set on object 'Object Repository/Application_OR/txtfield_SURPLUSLINE_FORM_TEXT'

2018-02-12 18:48:07 - [MESSAGE][PASSED] - Text 'Testing' is set on object 'Object Repository/Application_OR/txtfield_SURPLUSLINE_FORM_TEXT'

2018-02-12 18:48:07 - [TEST_STEP][PASSED] - delay: Delayed 2 second(s)

2018-02-12 18:48:09 - [MESSAGE][PASSED] - Delayed 2 second(s)

2018-02-12 18:48:09 - [TEST_STEP][PASSED] - click: Object: 'Object Repository/Application_OR/btn_SUBMIT_SURPLUSLINE' is clicked on

2018-02-12 18:48:09 - [MESSAGE][PASSED] - Object: 'Object Repository/Application_OR/btn_SUBMIT_SURPLUSLINE' is clicked on

2018-02-12 18:48:09 - [TEST_STEP][PASSED] - delay: Delayed 5 second(s)

2018-02-12 18:48:14 - [MESSAGE][PASSED] - Delayed 5 second(s)

2018-02-12 18:48:14 - [TEST_STEP][PASSED] - click: Object: 'Object Repository/Application_OR/btn_SUBMIT_FOR_UW_APPROVAL' is clicked on

2018-02-12 18:48:15 - [MESSAGE][PASSED] - Object: 'Object Repository/Application_OR/btn_SUBMIT_FOR_UW_APPROVAL' is clicked on

2018-02-12 18:48:15 - [TEST_STEP][PASSED] - delay: Delayed 8 second(s)

2018-02-12 18:48:23 - [MESSAGE][PASSED] - Delayed 8 second(s)

2018-02-12 18:48:23 - [TEST_STEP][PASSED] - click: Object: 'Object Repository/Application_OR/btn_LOGOUT' is clicked on

2018-02-12 18:48:24 - [MESSAGE][PASSED] - Object: 'Object Repository/Application_OR/btn_LOGOUT' is clicked on

2018-02-12 18:48:24 - [TEST_STEP][PASSED] - delay: Delayed 5 second(s)

2018-02-12 18:48:29 - [MESSAGE][PASSED] - Delayed 5 second(s)

2018-02-12 18:48:29 - [TEST_STEP][PASSED] - setText: Text 'ih.william' is set on object 'Object Repository/Quote_OR/txtfield_USERNAME'

2018-02-12 18:48:29 - [MESSAGE][PASSED] - Text 'ih.william' is set on object 'Object Repository/Quote_OR/txtfield_USERNAME'

2018-02-12 18:48:29 - [TEST_STEP][PASSED] - setText: Text '10#Hammer' is set on object 'Object Repository/Quote_OR/txtfield_PASSWORD'

2018-02-12 18:48:30 - [MESSAGE][PASSED] - Text '10#Hammer' is set on object 'Object Repository/Quote_OR/txtfield_PASSWORD'

2018-02-12 18:48:30 - [TEST_STEP][PASSED] - click: Object: 'Object Repository/Quote_OR/btn-LOGIN' is clicked on

2018-02-12 18:48:33 - [MESSAGE][PASSED] - Object: 'Object Repository/Quote_OR/btn-LOGIN' is clicked on

2018-02-12 18:48:33 - [TEST_STEP][PASSED] - delay: Delayed 5 second(s)

2018-02-12 18:48:38 - [MESSAGE][PASSED] - Delayed 5 second(s)

2018-02-12 18:48:38 - [TEST_STEP][PASSED] - Statement - btnId = "//*[@id="btnLoadApplication_" + policyInfoId + ""]": null

2018-02-12 18:48:38 - [TEST_STEP][PASSED] - Statement - btnViewApplication = new com.kms.katalon.core.testobject.TestObject(btnViewApplication): null

2018-02-12 18:48:38 - [TEST_STEP][PASSED] - Statement - btnViewApplication.addProperty("xpath", EQUALS, btnId, true): null

2018-02-12 18:48:38 - [TEST_STEP][PASSED] - delay: Delayed 20 second(s)

2018-02-12 18:48:58 - [MESSAGE][PASSED] - Delayed 20 second(s)

2018-02-12 18:48:58 - [TEST_STEP][PASSED] - click: Object: 'btnViewApplication' is clicked on

2018-02-12 18:49:00 - [MESSAGE][PASSED] - Object: 'btnViewApplication' is clicked on

2018-02-12 18:49:00 - [TEST_STEP][PASSED] - delay: Delayed 8 second(s)

2018-02-12 18:49:08 - [MESSAGE][PASSED] - Delayed 8 second(s)

2018-02-12 18:49:08 - [TEST_STEP][PASSED] - click: Object: 'Object Repository/Application_OR/btn_DOWNLOAD_AFS_UW' is clicked on

2018-02-12 18:49:08 - [MESSAGE][PASSED] - Object: 'Object Repository/Application_OR/btn_DOWNLOAD_AFS_UW' is clicked on

2018-02-12 18:49:08 - [TEST_STEP][PASSED] - delay: Delayed 5 second(s)

2018-02-12 18:49:13 - [MESSAGE][PASSED] - Delayed 5 second(s)

2018-02-12 18:49:13 - [TEST_STEP][PASSED] - click: Object: 'Object Repository/Application_OR/btn_REVIEW_APPLICATION_AT_UW' is clicked on

2018-02-12 18:49:13 - [MESSAGE][PASSED] - Object: 'Object Repository/Application_OR/btn_REVIEW_APPLICATION_AT_UW' is clicked on

2018-02-12 18:49:13 - [TEST_STEP][PASSED] - delay: Delayed 5 second(s)

2018-02-12 18:49:18 - [MESSAGE][PASSED] - Delayed 5 second(s)

2018-02-12 18:49:18 - [TEST_STEP][PASSED] - setText: Text '111' is set on object 'Object Repository/Application_OR/txtfield_INSPECTION_FEE'

2018-02-12 18:49:19 - [MESSAGE][PASSED] - Text '111' is set on object 'Object Repository/Application_OR/txtfield_INSPECTION_FEE'

2018-02-12 18:49:19 - [TEST_STEP][PASSED] - delay: Delayed 3 second(s)

2018-02-12 18:49:22 - [MESSAGE][PASSED] - Delayed 3 second(s)

2018-02-12 18:49:22 - [TEST_STEP][PASSED] - click: Object: 'Object Repository/Application_OR/drp_NO_OF_MORTAGAGEE' is clicked on

2018-02-12 18:49:22 - [MESSAGE][PASSED] - Object: 'Object Repository/Application_OR/drp_NO_OF_MORTAGAGEE' is clicked on

2018-02-12 18:49:22 - [TEST_STEP][PASSED] - delay: Delayed 3 second(s)

2018-02-12 18:49:25 - [MESSAGE][PASSED] - Delayed 3 second(s)

2018-02-12 18:49:25 - [TEST_STEP][PASSED] - selectOptionByIndex: All options with index in [1] are selected on object 'Object Repository/Application_OR/drp_NO_OF_MORTAGAGEE'

2018-02-12 18:49:25 - [MESSAGE][PASSED] - All options with index in [1] are selected on object 'Object Repository/Application_OR/drp_NO_OF_MORTAGAGEE'

2018-02-12 18:49:25 - [TEST_STEP][PASSED] - delay: Delayed 3 second(s)

2018-02-12 18:49:28 - [MESSAGE][PASSED] - Delayed 3 second(s)

2018-02-12 18:49:28 - [TEST_STEP][PASSED] - click: Object: 'Object Repository/Application_OR/btn_OCCUPANYPAGE_SAVEANDCONTINUE' is clicked on

2018-02-12 18:49:28 - [MESSAGE][PASSED] - Object: 'Object Repository/Application_OR/btn_OCCUPANYPAGE_SAVEANDCONTINUE' is clicked on

2018-02-12 18:49:28 - [TEST_STEP][PASSED] - delay: Delayed 3 second(s)

2018-02-12 18:49:31 - [MESSAGE][PASSED] - Delayed 3 second(s)

2018-02-12 18:49:31 - [TEST_STEP][PASSED] - setText: Text 'Ricky Ponting' is set on object 'Object Repository/Application_OR/txtfield_Mortagagee_Name1'

2018-02-12 18:49:31 - [MESSAGE][PASSED] - Text 'Ricky Ponting' is set on object 'Object Repository/Application_OR/txtfield_Mortagagee_Name1'

2018-02-12 18:49:31 - [TEST_STEP][PASSED] - delay: Delayed 3 second(s)

2018-02-12 18:49:34 - [MESSAGE][PASSED] - Delayed 3 second(s)

2018-02-12 18:49:34 - [TEST_STEP][PASSED] - setText: Text '1870 5th Ave W Macon, GA 31201 USA' is set on object 'Object Repository/Application_OR/txtfield_Mortagagee_Address'

2018-02-12 18:49:35 - [MESSAGE][PASSED] - Text '1870 5th Ave W Macon, GA 31201 USA' is set on object 'Object Repository/Application_OR/txtfield_Mortagagee_Address'

2018-02-12 18:49:35 - [TEST_STEP][PASSED] - delay: Delayed 3 second(s)

2018-02-12 18:49:38 - [MESSAGE][PASSED] - Delayed 3 second(s)

2018-02-12 18:49:38 - [TEST_STEP][PASSED] - setText: Text '123456789ABCD' is set on object 'Object Repository/Application_OR/txtfield_Mortagagee_LoanNo'

2018-02-12 18:49:38 - [MESSAGE][PASSED] - Text '123456789ABCD' is set on object 'Object Repository/Application_OR/txtfield_Mortagagee_LoanNo'

2018-02-12 18:49:38 - [TEST_STEP][PASSED] - delay: Delayed 3 second(s)

2018-02-12 18:49:41 - [MESSAGE][PASSED] - Delayed 3 second(s)

2018-02-12 18:49:41 - [TEST_STEP][PASSED] - click: Object: 'Object Repository/Application_OR/btn_OCCUPANYPAGE_SAVEANDCONTINUE' is clicked on

2018-02-12 18:49:41 - [MESSAGE][PASSED] - Object: 'Object Repository/Application_OR/btn_OCCUPANYPAGE_SAVEANDCONTINUE' is clicked on

2018-02-12 18:49:41 - [TEST_STEP][PASSED] - delay: Delayed 4 second(s)

2018-02-12 18:49:45 - [MESSAGE][PASSED] - Delayed 4 second(s)

2018-02-12 18:49:45 - [TEST_STEP][PASSED] - click: Object: 'Object Repository/Application_OR/btn_SIGNAPPLICATION_AGENT' is clicked on

2018-02-12 18:49:46 - [MESSAGE][PASSED] - Object: 'Object Repository/Application_OR/btn_SIGNAPPLICATION_AGENT' is clicked on

2018-02-12 18:49:46 - [TEST_STEP][PASSED] - delay: Delayed 4 second(s)

2018-02-12 18:49:50 - [MESSAGE][PASSED] - Delayed 4 second(s)

2018-02-12 18:49:50 - [TEST_STEP][PASSED] - click: Object: 'Object Repository/Application_OR/btn_GENERATE_FORMS' is clicked on

2018-02-12 18:49:51 - [MESSAGE][PASSED] - Object: 'Object Repository/Application_OR/btn_GENERATE_FORMS' is clicked on

2018-02-12 18:49:51 - [TEST_STEP][PASSED] - delay: Delayed 5 second(s)

2018-02-12 18:49:56 - [MESSAGE][PASSED] - Delayed 5 second(s)

2018-02-12 18:49:56 - [TEST_STEP][PASSED] - click: Object: 'Object Repository/Application_OR/btn_REQUEST_FOR_BIND' is clicked on

2018-02-12 18:49:56 - [MESSAGE][PASSED] - Object: 'Object Repository/Application_OR/btn_REQUEST_FOR_BIND' is clicked on

2018-02-12 18:49:56 - [TEST_STEP][PASSED] - delay: Delayed 20 second(s)

2018-02-12 18:50:16 - [MESSAGE][PASSED] - Delayed 20 second(s)

2018-02-12 18:50:16 - [TEST_STEP][PASSED] - click: Object: 'Object Repository/Application_OR/btn_VIEW_POLICY_FORMS' is clicked on

2018-02-12 18:50:16 - [MESSAGE][PASSED] - Object: 'Object Repository/Application_OR/btn_VIEW_POLICY_FORMS' is clicked on

2018-02-12 18:50:16 - [TEST_STEP][PASSED] - delay: Delayed 15 second(s)

2018-02-12 18:50:31 - [MESSAGE][PASSED] - Delayed 15 second(s)

2018-02-12 18:50:31 - [TEST_STEP][PASSED] - click: Object: 'Object Repository/Application_OR/btn_UW_APPLICATION_STATUS_MENU' is clicked on

2018-02-12 18:50:31 - [MESSAGE][PASSED] - Object: 'Object Repository/Application_OR/btn_UW_APPLICATION_STATUS_MENU' is clicked on

2018-02-12 18:50:31 - [TEST_STEP][PASSED] - delay: Delayed 2 second(s)

2018-02-12 18:50:33 - [MESSAGE][PASSED] - Delayed 2 second(s)

2018-02-12 18:50:33 - [TEST_STEP][PASSED] - click: Object: 'Object Repository/Application_OR/btn_YES_CONFIRMATION' is clicked on

2018-02-12 18:50:35 - [MESSAGE][PASSED] - Object: 'Object Repository/Application_OR/btn_YES_CONFIRMATION' is clicked on

2018-02-12 18:50:35 - [TEST_STEP][PASSED] - delay: Delayed 20 second(s)

2018-02-12 18:50:55 - [MESSAGE][PASSED] - Delayed 20 second(s)]]></system-out>
         <system-err><![CDATA[]]></system-err>
      </testcase>
      <testcase name="Test Cases/ENDORSEMENT_CREATION" classname="Test Cases/ENDORSEMENT_CREATION" status="FAILED">
         <failure type="FAILED" message="Unable to click on object 'Object Repository/Endorsement_OR/btn_LOGOUT_UW' (Root cause: org.openqa.selenium.WebDriverException: chrome not reachable
  (Session info: chrome=63.0.3239.132)
  (Driver info: chromedriver=2.33.506120 (e3e53437346286c0bc2d2dc9aa4915ba81d9023f),platform=Windows NT 6.1.7601 SP1 x86_64) (WARNING: The server did not provide any stacktrace information)
Command duration or timeout: 4.01 seconds
Build info: version: '2.53.0', revision: '35ae25b', time: '2016-03-15 17:00:58'
System info: host: 'CTS-QUA-4', ip: '192.168.0.4', os.name: 'Windows 7', os.arch: 'amd64', os.version: '6.1', java.version: '1.8.0_102'
Driver info: com.kms.katalon.selenium.driver.CChromeDriver
Capabilities [{applicationCacheEnabled=false, rotatable=false, mobileEmulationEnabled=false, networkConnectionEnabled=false, chrome={chromedriverVersion=2.33.506120 (e3e53437346286c0bc2d2dc9aa4915ba81d9023f), userDataDir=C:\Users\GSALUN~1\AppData\Local\Temp\scoped_dir10528_1226}, takesHeapSnapshot=true, pageLoadStrategy=normal, databaseEnabled=false, handlesAlerts=true, hasTouchScreen=false, version=63.0.3239.132, platform=XP, browserConnectionEnabled=false, nativeEvents=true, acceptSslCerts=true, locationContextEnabled=true, webStorageEnabled=true, browserName=chrome, takesScreenshot=true, javascriptEnabled=true, cssSelectorsEnabled=true, setWindowRect=true, unexpectedAlertBehaviour=}]
Session ID: 6cae2f187ecdb9f0d6019ba5bd491376
*** Element info: {Using=xpath, value=//*[@id=&quot;lnkLogout&quot;]})"/>
         <system-out><![CDATA[2018-02-12 18:50:55 - [TEST_CASE][FAILED] - Test Cases/ENDORSEMENT_CREATION: Test Cases/ENDORSEMENT_CREATION FAILED because (of) Unable to click on object 'Object Repository/Endorsement_OR/btn_LOGOUT_UW' (Root cause: org.openqa.selenium.WebDriverException: chrome not reachable
  (Session info: chrome=63.0.3239.132)
  (Driver info: chromedriver=2.33.506120 (e3e53437346286c0bc2d2dc9aa4915ba81d9023f),platform=Windows NT 6.1.7601 SP1 x86_64) (WARNING: The server did not provide any stacktrace information)
Command duration or timeout: 4.01 seconds
Build info: version: '2.53.0', revision: '35ae25b', time: '2016-03-15 17:00:58'
System info: host: 'CTS-QUA-4', ip: '192.168.0.4', os.name: 'Windows 7', os.arch: 'amd64', os.version: '6.1', java.version: '1.8.0_102'
Driver info: com.kms.katalon.selenium.driver.CChromeDriver
Capabilities [{applicationCacheEnabled=false, rotatable=false, mobileEmulationEnabled=false, networkConnectionEnabled=false, chrome={chromedriverVersion=2.33.506120 (e3e53437346286c0bc2d2dc9aa4915ba81d9023f), userDataDir=C:\Users\GSALUN~1\AppData\Local\Temp\scoped_dir10528_1226}, takesHeapSnapshot=true, pageLoadStrategy=normal, databaseEnabled=false, handlesAlerts=true, hasTouchScreen=false, version=63.0.3239.132, platform=XP, browserConnectionEnabled=false, nativeEvents=true, acceptSslCerts=true, locationContextEnabled=true, webStorageEnabled=true, browserName=chrome, takesScreenshot=true, javascriptEnabled=true, cssSelectorsEnabled=true, setWindowRect=true, unexpectedAlertBehaviour=}]
Session ID: 6cae2f187ecdb9f0d6019ba5bd491376
*** Element info: {Using=xpath, value=//*[@id="lnkLogout"]})

2018-02-12 18:50:55 - [TEST_STEP][PASSED] - Statement - UWEndorsementDataRowCounter = 0: null

2018-02-12 18:50:55 - [TEST_STEP][PASSED] - Statement - EndorsementDATA = com.kms.katalon.core.testdata.TestDataFactory.findTestData(UW_EndorsementData): Test data is internal data, reading internal data

2018-02-12 18:50:55 - [TEST_STEP][PASSED] - click: Object: 'Object Repository/Endorsement_OR/btn_ADVANCE_FILTER' is clicked on

2018-02-12 18:50:55 - [MESSAGE][PASSED] - Object: 'Object Repository/Endorsement_OR/btn_ADVANCE_FILTER' is clicked on

2018-02-12 18:50:55 - [TEST_STEP][PASSED] - delay: Delayed 4 second(s)

2018-02-12 18:50:59 - [MESSAGE][PASSED] - Delayed 4 second(s)

2018-02-12 18:50:59 - [TEST_STEP][PASSED] - setText: Text '125 Little St SE, Atlanta, GA 30315, USA' is set on object 'Object Repository/Endorsement_OR/txtfield_AdvanceFilter_PROPERTY_ADDRESS'

2018-02-12 18:50:59 - [MESSAGE][PASSED] - Text '125 Little St SE, Atlanta, GA 30315, USA' is set on object 'Object Repository/Endorsement_OR/txtfield_AdvanceFilter_PROPERTY_ADDRESS'

2018-02-12 18:50:59 - [TEST_STEP][PASSED] - delay: Delayed 15 second(s)

2018-02-12 18:51:14 - [MESSAGE][PASSED] - Delayed 15 second(s)

2018-02-12 18:51:14 - [TEST_STEP][PASSED] - click: Object: 'Object Repository/Endorsement_OR/btn_APPLY_Advance_Filter' is clicked on

2018-02-12 18:51:14 - [MESSAGE][PASSED] - Object: 'Object Repository/Endorsement_OR/btn_APPLY_Advance_Filter' is clicked on

2018-02-12 18:51:14 - [TEST_STEP][PASSED] - delay: Delayed 18 second(s)

2018-02-12 18:51:32 - [MESSAGE][PASSED] - Delayed 18 second(s)

2018-02-12 18:51:32 - [TEST_STEP][PASSED] - Statement - policynumber = com.kms.katalon.core.webui.keyword.WebUiBuiltInKeywords.getText(com.kms.katalon.core.testobject.ObjectRepository.findTestObject(Endorsement_OR/get_POLICYNUMBER)): Text of object 'Object Repository/Endorsement_OR/get_POLICYNUMBER' is: 'BCIHGA1895023'

2018-02-12 18:51:33 - [MESSAGE][PASSED] - Text of object 'Object Repository/Endorsement_OR/get_POLICYNUMBER' is: 'BCIHGA1895023'

2018-02-12 18:51:33 - [TEST_STEP][PASSED] - Statement - println(policynumber): null

2018-02-12 18:51:33 - [TEST_STEP][PASSED] - delay: Delayed 10 second(s)

2018-02-12 18:51:43 - [MESSAGE][PASSED] - Delayed 10 second(s)

2018-02-12 18:51:43 - [TEST_STEP][PASSED] - click: Object: 'Object Repository/Endorsement_OR/btn_ENDORSEMENT_MENU' is clicked on

2018-02-12 18:51:43 - [MESSAGE][PASSED] - Object: 'Object Repository/Endorsement_OR/btn_ENDORSEMENT_MENU' is clicked on

2018-02-12 18:51:43 - [TEST_STEP][PASSED] - delay: Delayed 3 second(s)

2018-02-12 18:51:46 - [MESSAGE][PASSED] - Delayed 3 second(s)

2018-02-12 18:51:46 - [TEST_STEP][PASSED] - click: Object: 'Object Repository/Endorsement_OR/btn_YES_CONFIRMATION_ENDORSEMENT' is clicked on

2018-02-12 18:51:47 - [MESSAGE][PASSED] - Object: 'Object Repository/Endorsement_OR/btn_YES_CONFIRMATION_ENDORSEMENT' is clicked on

2018-02-12 18:51:47 - [TEST_STEP][PASSED] - delay: Delayed 6 second(s)

2018-02-12 18:51:53 - [MESSAGE][PASSED] - Delayed 6 second(s)

2018-02-12 18:51:53 - [TEST_STEP][PASSED] - setText: Text 'BCIHGA1895023' is set on object 'Object Repository/Endorsement_OR/txtfield_POLICYNUMBER_FOR_ENDORSEMENT'

2018-02-12 18:51:53 - [MESSAGE][PASSED] - Text 'BCIHGA1895023' is set on object 'Object Repository/Endorsement_OR/txtfield_POLICYNUMBER_FOR_ENDORSEMENT'

2018-02-12 18:51:53 - [TEST_STEP][PASSED] - delay: Delayed 6 second(s)

2018-02-12 18:51:59 - [MESSAGE][PASSED] - Delayed 6 second(s)

2018-02-12 18:51:59 - [TEST_STEP][PASSED] - click: Object: 'Object Repository/Endorsement_OR/btn_SEARCH_FOR_ENDORSEMENT' is clicked on

2018-02-12 18:51:59 - [MESSAGE][PASSED] - Object: 'Object Repository/Endorsement_OR/btn_SEARCH_FOR_ENDORSEMENT' is clicked on

2018-02-12 18:51:59 - [TEST_STEP][PASSED] - delay: Delayed 10 second(s)

2018-02-12 18:52:09 - [MESSAGE][PASSED] - Delayed 10 second(s)

2018-02-12 18:52:09 - [TEST_STEP][PASSED] - click: Object: 'Object Repository/Endorsement_OR/btn_ENDORSE_UW' is clicked on

2018-02-12 18:52:11 - [MESSAGE][PASSED] - Object: 'Object Repository/Endorsement_OR/btn_ENDORSE_UW' is clicked on

2018-02-12 18:52:11 - [TEST_STEP][PASSED] - delay: Delayed 6 second(s)

2018-02-12 18:52:17 - [MESSAGE][PASSED] - Delayed 6 second(s)

2018-02-12 18:52:17 - [TEST_STEP][PASSED] - click: Object: 'Object Repository/Endorsement_OR/btn_EDIT_APPLICANTINFO_UW' is clicked on

2018-02-12 18:52:22 - [MESSAGE][PASSED] - Object: 'Object Repository/Endorsement_OR/btn_EDIT_APPLICANTINFO_UW' is clicked on

2018-02-12 18:52:22 - [TEST_STEP][PASSED] - delay: Delayed 6 second(s)

2018-02-12 18:52:28 - [MESSAGE][PASSED] - Delayed 6 second(s)

2018-02-12 18:52:28 - [TEST_STEP][PASSED] - click: Object: 'Object Repository/Endorsement_OR/btn_RECALCULATE_UW' is clicked on

2018-02-12 18:52:33 - [MESSAGE][PASSED] - Object: 'Object Repository/Endorsement_OR/btn_RECALCULATE_UW' is clicked on

2018-02-12 18:52:33 - [TEST_STEP][PASSED] - delay: Delayed 6 second(s)

2018-02-12 18:52:39 - [MESSAGE][PASSED] - Delayed 6 second(s)

2018-02-12 18:52:39 - [TEST_STEP][PASSED] - setText: Text 'Phillips Bush' is set on object 'Object Repository/Endorsement_OR/txtfield_PRIFIRSTNAME_UW'

2018-02-12 18:52:39 - [MESSAGE][PASSED] - Text 'Phillips Bush' is set on object 'Object Repository/Endorsement_OR/txtfield_PRIFIRSTNAME_UW'

2018-02-12 18:52:39 - [TEST_STEP][PASSED] - delay: Delayed 2 second(s)

2018-02-12 18:52:41 - [MESSAGE][PASSED] - Delayed 2 second(s)

2018-02-12 18:52:41 - [TEST_STEP][PASSED] - click: Object: 'Object Repository/Endorsement_OR/btn_UPDATE_APPLICANTINFO_UW' is clicked on

2018-02-12 18:52:47 - [MESSAGE][PASSED] - Object: 'Object Repository/Endorsement_OR/btn_UPDATE_APPLICANTINFO_UW' is clicked on

2018-02-12 18:52:47 - [TEST_STEP][PASSED] - delay: Delayed 2 second(s)

2018-02-12 18:52:49 - [MESSAGE][PASSED] - Delayed 2 second(s)

2018-02-12 18:52:49 - [TEST_STEP][PASSED] - click: Object: 'Object Repository/Endorsement_OR/btn_RECALCULATE_UW' is clicked on

2018-02-12 18:52:54 - [MESSAGE][PASSED] - Object: 'Object Repository/Endorsement_OR/btn_RECALCULATE_UW' is clicked on

2018-02-12 18:52:54 - [TEST_STEP][PASSED] - delay: Delayed 6 second(s)

2018-02-12 18:53:00 - [MESSAGE][PASSED] - Delayed 6 second(s)

2018-02-12 18:53:00 - [TEST_STEP][PASSED] - scrollToPosition: Browser is scrolled to position x = 0, y = 50

2018-02-12 18:53:00 - [MESSAGE][PASSED] - Browser is scrolled to position x = 0, y = 50

2018-02-12 18:53:00 - [TEST_STEP][PASSED] - delay: Delayed 3 second(s)

2018-02-12 18:53:03 - [MESSAGE][PASSED] - Delayed 3 second(s)

2018-02-12 18:53:03 - [TEST_STEP][PASSED] - click: Object: 'Object Repository/Endorsement_OR/btn_EDIT_COVERAGE_UW' is clicked on

2018-02-12 18:53:08 - [MESSAGE][PASSED] - Object: 'Object Repository/Endorsement_OR/btn_EDIT_COVERAGE_UW' is clicked on

2018-02-12 18:53:08 - [TEST_STEP][PASSED] - delay: Delayed 6 second(s)

2018-02-12 18:53:14 - [MESSAGE][PASSED] - Delayed 6 second(s)

2018-02-12 18:53:14 - [TEST_STEP][PASSED] - click: Object: 'Object Repository/Endorsement_OR/drp_SETTLEMENTTYPE_UW' is clicked on

2018-02-12 18:53:19 - [MESSAGE][PASSED] - Object: 'Object Repository/Endorsement_OR/drp_SETTLEMENTTYPE_UW' is clicked on

2018-02-12 18:53:19 - [TEST_STEP][PASSED] - delay: Delayed 3 second(s)

2018-02-12 18:53:22 - [MESSAGE][PASSED] - Delayed 3 second(s)

2018-02-12 18:53:22 - [TEST_STEP][PASSED] - Statement - str = EndorsementDATA.internallyGetValue("SettlementTypeName2", UWEndorsementDataRowCounter): null

2018-02-12 18:53:22 - [TEST_STEP][PASSED] - Statement - println(str): null

2018-02-12 18:53:22 - [TEST_STEP][PASSED] - selectOptionByLabel: All options with label 'ACV' are selected in object 'Object Repository/Endorsement_OR/drp_SETTLEMENTTYPE_UW' 

2018-02-12 18:53:22 - [MESSAGE][PASSED] - All options with label 'ACV' are selected in object 'Object Repository/Endorsement_OR/drp_SETTLEMENTTYPE_UW' 

2018-02-12 18:53:22 - [TEST_STEP][PASSED] - delay: Delayed 6 second(s)

2018-02-12 18:53:28 - [MESSAGE][PASSED] - Delayed 6 second(s)

2018-02-12 18:53:28 - [TEST_STEP][PASSED] - click: Object: 'Object Repository/Endorsement_OR/btn_UPDATE_COVERAGE_UW' is clicked on

2018-02-12 18:53:33 - [MESSAGE][PASSED] - Object: 'Object Repository/Endorsement_OR/btn_UPDATE_COVERAGE_UW' is clicked on

2018-02-12 18:53:33 - [TEST_STEP][PASSED] - delay: Delayed 2 second(s)

2018-02-12 18:53:35 - [MESSAGE][PASSED] - Delayed 2 second(s)

2018-02-12 18:53:35 - [TEST_STEP][PASSED] - click: Object: 'Object Repository/Endorsement_OR/btn_RECALCULATE_UW' is clicked on

2018-02-12 18:53:40 - [MESSAGE][PASSED] - Object: 'Object Repository/Endorsement_OR/btn_RECALCULATE_UW' is clicked on

2018-02-12 18:53:40 - [TEST_STEP][PASSED] - delay: Delayed 2 second(s)

2018-02-12 18:53:42 - [MESSAGE][PASSED] - Delayed 2 second(s)

2018-02-12 18:53:42 - [TEST_STEP][PASSED] - Statement - use(groovy.time.TimeCategory, { -> ... }): null

2018-02-12 18:53:43 - [TEST_STEP][PASSED] - scrollToPosition: Browser is scrolled to position x = 0, y = 50

2018-02-12 18:53:43 - [MESSAGE][PASSED] - Browser is scrolled to position x = 0, y = 50

2018-02-12 18:53:43 - [TEST_STEP][PASSED] - click: Object: 'Object Repository/Endorsement_OR/btn_EDIT_PROPERTY_UW' is clicked on

2018-02-12 18:53:48 - [MESSAGE][PASSED] - Object: 'Object Repository/Endorsement_OR/btn_EDIT_PROPERTY_UW' is clicked on

2018-02-12 18:53:48 - [TEST_STEP][PASSED] - delay: Delayed 2 second(s)

2018-02-12 18:53:50 - [MESSAGE][PASSED] - Delayed 2 second(s)

2018-02-12 18:53:50 - [TEST_STEP][PASSED] - setText: Text '1970' is set on object 'Object Repository/Endorsement_OR/txtfield_HOME_BUILD_ENDORSEMENT_UW'

2018-02-12 18:53:50 - [MESSAGE][PASSED] - Text '1970' is set on object 'Object Repository/Endorsement_OR/txtfield_HOME_BUILD_ENDORSEMENT_UW'

2018-02-12 18:53:50 - [TEST_STEP][PASSED] - delay: Delayed 4 second(s)

2018-02-12 18:53:54 - [MESSAGE][PASSED] - Delayed 4 second(s)

2018-02-12 18:53:54 - [TEST_STEP][PASSED] - setText: Text '74999' is set on object 'Object Repository/Endorsement_OR/txtfield_EXIMATED_VALUATION_UW'

2018-02-12 18:53:54 - [MESSAGE][PASSED] - Text '74999' is set on object 'Object Repository/Endorsement_OR/txtfield_EXIMATED_VALUATION_UW'

2018-02-12 18:53:54 - [TEST_STEP][PASSED] - delay: Delayed 4 second(s)

2018-02-12 18:53:58 - [MESSAGE][PASSED] - Delayed 4 second(s)

2018-02-12 18:53:58 - [TEST_STEP][PASSED] - click: Object: 'Object Repository/Endorsement_OR/drp_CONSTRUCTION_TYPE_UW' is clicked on

2018-02-12 18:54:03 - [MESSAGE][PASSED] - Object: 'Object Repository/Endorsement_OR/drp_CONSTRUCTION_TYPE_UW' is clicked on

2018-02-12 18:54:03 - [TEST_STEP][PASSED] - selectOptionByIndex: All options with index in [3] are selected on object 'Object Repository/Endorsement_OR/drp_CONSTRUCTION_TYPE_UW'

2018-02-12 18:54:04 - [MESSAGE][PASSED] - All options with index in [3] are selected on object 'Object Repository/Endorsement_OR/drp_CONSTRUCTION_TYPE_UW'

2018-02-12 18:54:04 - [TEST_STEP][PASSED] - delay: Delayed 4 second(s)

2018-02-12 18:54:08 - [MESSAGE][PASSED] - Delayed 4 second(s)

2018-02-12 18:54:08 - [TEST_STEP][PASSED] - click: Object: 'Object Repository/Endorsement_OR/btn_UPDATE_ENDORSEMENT_PROPERTY_UW' is clicked on

2018-02-12 18:54:13 - [MESSAGE][PASSED] - Object: 'Object Repository/Endorsement_OR/btn_UPDATE_ENDORSEMENT_PROPERTY_UW' is clicked on

2018-02-12 18:54:13 - [TEST_STEP][PASSED] - delay: Delayed 4 second(s)

2018-02-12 18:54:17 - [MESSAGE][PASSED] - Delayed 4 second(s)

2018-02-12 18:54:17 - [TEST_STEP][PASSED] - setText: Text '500000' is set on object 'Object Repository/Endorsement_OR/txtfield_EXIMATED_VALUATION_UW'

2018-02-12 18:54:17 - [MESSAGE][PASSED] - Text '500000' is set on object 'Object Repository/Endorsement_OR/txtfield_EXIMATED_VALUATION_UW'

2018-02-12 18:54:17 - [TEST_STEP][PASSED] - delay: Delayed 4 second(s)

2018-02-12 18:54:21 - [MESSAGE][PASSED] - Delayed 4 second(s)

2018-02-12 18:54:21 - [TEST_STEP][PASSED] - click: Object: 'Object Repository/Endorsement_OR/btn_UPDATE_ENDORSEMENT_PROPERTY_UW' is clicked on

2018-02-12 18:54:26 - [MESSAGE][PASSED] - Object: 'Object Repository/Endorsement_OR/btn_UPDATE_ENDORSEMENT_PROPERTY_UW' is clicked on

2018-02-12 18:54:26 - [TEST_STEP][PASSED] - delay: Delayed 4 second(s)

2018-02-12 18:54:30 - [MESSAGE][PASSED] - Delayed 4 second(s)

2018-02-12 18:54:30 - [TEST_STEP][PASSED] - click: Object: 'Object Repository/Endorsement_OR/btn_RECALCULATE_UW' is clicked on

2018-02-12 18:54:35 - [MESSAGE][PASSED] - Object: 'Object Repository/Endorsement_OR/btn_RECALCULATE_UW' is clicked on

2018-02-12 18:54:35 - [TEST_STEP][PASSED] - delay: Delayed 4 second(s)

2018-02-12 18:54:39 - [MESSAGE][PASSED] - Delayed 4 second(s)

2018-02-12 18:54:39 - [TEST_STEP][PASSED] - click: Object: 'Object Repository/Endorsement_OR/btn_GENERATE_FORMS_UW' is clicked on

2018-02-12 18:54:45 - [MESSAGE][PASSED] - Object: 'Object Repository/Endorsement_OR/btn_GENERATE_FORMS_UW' is clicked on

2018-02-12 18:54:45 - [TEST_STEP][PASSED] - delay: Delayed 4 second(s)

2018-02-12 18:54:49 - [MESSAGE][PASSED] - Delayed 4 second(s)

2018-02-12 18:54:49 - [TEST_STEP][PASSED] - click: Object: 'Object Repository/Endorsement_OR/btn_APPROVE_ENDORSEMENT' is clicked on

2018-02-12 18:54:54 - [MESSAGE][PASSED] - Object: 'Object Repository/Endorsement_OR/btn_APPROVE_ENDORSEMENT' is clicked on

2018-02-12 18:54:54 - [TEST_STEP][PASSED] - delay: Delayed 6 second(s)

2018-02-12 18:55:00 - [MESSAGE][PASSED] - Delayed 6 second(s)

2018-02-12 18:55:00 - [TEST_STEP][PASSED] - click: Object: 'Object Repository/Endorsement_OR/chkbx_HOMEOWNER_END_FORM' is clicked on

2018-02-12 18:55:05 - [MESSAGE][PASSED] - Object: 'Object Repository/Endorsement_OR/chkbx_HOMEOWNER_END_FORM' is clicked on

2018-02-12 18:55:05 - [TEST_STEP][PASSED] - delay: Delayed 4 second(s)

2018-02-12 18:55:09 - [MESSAGE][PASSED] - Delayed 4 second(s)

2018-02-12 18:55:09 - [TEST_STEP][PASSED] - click: Object: 'Object Repository/Endorsement_OR/chkbx_HOMEOWNER_END_FORM' is clicked on

2018-02-12 18:55:14 - [MESSAGE][PASSED] - Object: 'Object Repository/Endorsement_OR/chkbx_HOMEOWNER_END_FORM' is clicked on

2018-02-12 18:55:14 - [TEST_STEP][PASSED] - delay: Delayed 4 second(s)

2018-02-12 18:55:18 - [MESSAGE][PASSED] - Delayed 4 second(s)

2018-02-12 18:55:18 - [TEST_STEP][PASSED] - click: Object: 'Object Repository/Endorsement_OR/btn_FILLDATA_HOMEOWNER_END_FORM' is clicked on

2018-02-12 18:55:23 - [MESSAGE][PASSED] - Object: 'Object Repository/Endorsement_OR/btn_FILLDATA_HOMEOWNER_END_FORM' is clicked on

2018-02-12 18:55:23 - [TEST_STEP][PASSED] - delay: Delayed 10 second(s)

2018-02-12 18:55:33 - [MESSAGE][PASSED] - Delayed 10 second(s)

2018-02-12 18:55:33 - [TEST_STEP][PASSED] - setText: Text 'Testing' is set on object 'Object Repository/Endorsement_OR/txtfield_HOMEOWNER_END_FORM'

2018-02-12 18:55:33 - [MESSAGE][PASSED] - Text 'Testing' is set on object 'Object Repository/Endorsement_OR/txtfield_HOMEOWNER_END_FORM'

2018-02-12 18:55:33 - [TEST_STEP][PASSED] - delay: Delayed 4 second(s)

2018-02-12 18:55:37 - [MESSAGE][PASSED] - Delayed 4 second(s)

2018-02-12 18:55:37 - [TEST_STEP][PASSED] - click: Object: 'Object Repository/Endorsement_OR/btn_SUBMIT_HOMEOWNER_END_FORM' is clicked on

2018-02-12 18:55:42 - [MESSAGE][PASSED] - Object: 'Object Repository/Endorsement_OR/btn_SUBMIT_HOMEOWNER_END_FORM' is clicked on

2018-02-12 18:55:42 - [TEST_STEP][PASSED] - delay: Delayed 4 second(s)

2018-02-12 18:55:46 - [MESSAGE][PASSED] - Delayed 4 second(s)

2018-02-12 18:55:46 - [TEST_STEP][PASSED] - click: Object: 'Object Repository/Endorsement_OR/btn_VIEW_DRAFT_END' is clicked on

2018-02-12 18:55:52 - [MESSAGE][PASSED] - Object: 'Object Repository/Endorsement_OR/btn_VIEW_DRAFT_END' is clicked on

2018-02-12 18:55:52 - [TEST_STEP][PASSED] - delay: Delayed 4 second(s)

2018-02-12 18:55:56 - [MESSAGE][PASSED] - Delayed 4 second(s)

2018-02-12 18:55:56 - [TEST_STEP][PASSED] - click: Object: 'Object Repository/Endorsement_OR/btn_APPROVE_ENDORSEMENT' is clicked on

2018-02-12 18:56:01 - [MESSAGE][PASSED] - Object: 'Object Repository/Endorsement_OR/btn_APPROVE_ENDORSEMENT' is clicked on

2018-02-12 18:56:01 - [TEST_STEP][PASSED] - delay: Delayed 100 second(s)

2018-02-12 18:57:41 - [MESSAGE][PASSED] - Delayed 100 second(s)

2018-02-12 18:57:41 - [TEST_STEP][FAILED] - click: Unable to click on object 'Object Repository/Endorsement_OR/btn_LOGOUT_UW' (Root cause: org.openqa.selenium.WebDriverException: chrome not reachable
  (Session info: chrome=63.0.3239.132)
  (Driver info: chromedriver=2.33.506120 (e3e53437346286c0bc2d2dc9aa4915ba81d9023f),platform=Windows NT 6.1.7601 SP1 x86_64) (WARNING: The server did not provide any stacktrace information)
Command duration or timeout: 4.01 seconds
Build info: version: '2.53.0', revision: '35ae25b', time: '2016-03-15 17:00:58'
System info: host: 'CTS-QUA-4', ip: '192.168.0.4', os.name: 'Windows 7', os.arch: 'amd64', os.version: '6.1', java.version: '1.8.0_102'
Driver info: com.kms.katalon.selenium.driver.CChromeDriver
Capabilities [{applicationCacheEnabled=false, rotatable=false, mobileEmulationEnabled=false, networkConnectionEnabled=false, chrome={chromedriverVersion=2.33.506120 (e3e53437346286c0bc2d2dc9aa4915ba81d9023f), userDataDir=C:\Users\GSALUN~1\AppData\Local\Temp\scoped_dir10528_1226}, takesHeapSnapshot=true, pageLoadStrategy=normal, databaseEnabled=false, handlesAlerts=true, hasTouchScreen=false, version=63.0.3239.132, platform=XP, browserConnectionEnabled=false, nativeEvents=true, acceptSslCerts=true, locationContextEnabled=true, webStorageEnabled=true, browserName=chrome, takesScreenshot=true, javascriptEnabled=true, cssSelectorsEnabled=true, setWindowRect=true, unexpectedAlertBehaviour=}]
Session ID: 6cae2f187ecdb9f0d6019ba5bd491376
*** Element info: {Using=xpath, value=//*[@id="lnkLogout"]})

2018-02-12 18:57:49 - [MESSAGE][WARNING] - Cannot take screenshot

2018-02-12 18:57:49 - [MESSAGE][FAILED] - Unable to click on object 'Object Repository/Endorsement_OR/btn_LOGOUT_UW' (Root cause: org.openqa.selenium.WebDriverException: chrome not reachable
  (Session info: chrome=63.0.3239.132)
  (Driver info: chromedriver=2.33.506120 (e3e53437346286c0bc2d2dc9aa4915ba81d9023f),platform=Windows NT 6.1.7601 SP1 x86_64) (WARNING: The server did not provide any stacktrace information)
Command duration or timeout: 4.01 seconds
Build info: version: '2.53.0', revision: '35ae25b', time: '2016-03-15 17:00:58'
System info: host: 'CTS-QUA-4', ip: '192.168.0.4', os.name: 'Windows 7', os.arch: 'amd64', os.version: '6.1', java.version: '1.8.0_102'
Driver info: com.kms.katalon.selenium.driver.CChromeDriver
Capabilities [{applicationCacheEnabled=false, rotatable=false, mobileEmulationEnabled=false, networkConnectionEnabled=false, chrome={chromedriverVersion=2.33.506120 (e3e53437346286c0bc2d2dc9aa4915ba81d9023f), userDataDir=C:\Users\GSALUN~1\AppData\Local\Temp\scoped_dir10528_1226}, takesHeapSnapshot=true, pageLoadStrategy=normal, databaseEnabled=false, handlesAlerts=true, hasTouchScreen=false, version=63.0.3239.132, platform=XP, browserConnectionEnabled=false, nativeEvents=true, acceptSslCerts=true, locationContextEnabled=true, webStorageEnabled=true, browserName=chrome, takesScreenshot=true, javascriptEnabled=true, cssSelectorsEnabled=true, setWindowRect=true, unexpectedAlertBehaviour=}]
Session ID: 6cae2f187ecdb9f0d6019ba5bd491376
*** Element info: {Using=xpath, value=//*[@id="lnkLogout"]})]]></system-out>
         <system-err><![CDATA[2018-02-12 18:50:55 - [TEST_CASE][FAILED] - Test Cases/ENDORSEMENT_CREATION: Test Cases/ENDORSEMENT_CREATION FAILED because (of) Unable to click on object 'Object Repository/Endorsement_OR/btn_LOGOUT_UW' (Root cause: org.openqa.selenium.WebDriverException: chrome not reachable
  (Session info: chrome=63.0.3239.132)
  (Driver info: chromedriver=2.33.506120 (e3e53437346286c0bc2d2dc9aa4915ba81d9023f),platform=Windows NT 6.1.7601 SP1 x86_64) (WARNING: The server did not provide any stacktrace information)
Command duration or timeout: 4.01 seconds
Build info: version: '2.53.0', revision: '35ae25b', time: '2016-03-15 17:00:58'
System info: host: 'CTS-QUA-4', ip: '192.168.0.4', os.name: 'Windows 7', os.arch: 'amd64', os.version: '6.1', java.version: '1.8.0_102'
Driver info: com.kms.katalon.selenium.driver.CChromeDriver
Capabilities [{applicationCacheEnabled=false, rotatable=false, mobileEmulationEnabled=false, networkConnectionEnabled=false, chrome={chromedriverVersion=2.33.506120 (e3e53437346286c0bc2d2dc9aa4915ba81d9023f), userDataDir=C:\Users\GSALUN~1\AppData\Local\Temp\scoped_dir10528_1226}, takesHeapSnapshot=true, pageLoadStrategy=normal, databaseEnabled=false, handlesAlerts=true, hasTouchScreen=false, version=63.0.3239.132, platform=XP, browserConnectionEnabled=false, nativeEvents=true, acceptSslCerts=true, locationContextEnabled=true, webStorageEnabled=true, browserName=chrome, takesScreenshot=true, javascriptEnabled=true, cssSelectorsEnabled=true, setWindowRect=true, unexpectedAlertBehaviour=}]
Session ID: 6cae2f187ecdb9f0d6019ba5bd491376
*** Element info: {Using=xpath, value=//*[@id="lnkLogout"]})]]></system-err>
      </testcase>
      <system-out><![CDATA[2018-02-12 18:43:48 - [TEST_SUITE][FAILED] - PPE: Test Cases/ENDORSEMENT_CREATION FAILED because (of) Unable to click on object 'Object Repository/Endorsement_OR/btn_LOGOUT_UW' (Root cause: org.openqa.selenium.WebDriverException: chrome not reachable
  (Session info: chrome=63.0.3239.132)
  (Driver info: chromedriver=2.33.506120 (e3e53437346286c0bc2d2dc9aa4915ba81d9023f),platform=Windows NT 6.1.7601 SP1 x86_64) (WARNING: The server did not provide any stacktrace information)
Command duration or timeout: 4.01 seconds
Build info: version: '2.53.0', revision: '35ae25b', time: '2016-03-15 17:00:58'
System info: host: 'CTS-QUA-4', ip: '192.168.0.4', os.name: 'Windows 7', os.arch: 'amd64', os.version: '6.1', java.version: '1.8.0_102'
Driver info: com.kms.katalon.selenium.driver.CChromeDriver
Capabilities [{applicationCacheEnabled=false, rotatable=false, mobileEmulationEnabled=false, networkConnectionEnabled=false, chrome={chromedriverVersion=2.33.506120 (e3e53437346286c0bc2d2dc9aa4915ba81d9023f), userDataDir=C:\Users\GSALUN~1\AppData\Local\Temp\scoped_dir10528_1226}, takesHeapSnapshot=true, pageLoadStrategy=normal, databaseEnabled=false, handlesAlerts=true, hasTouchScreen=false, version=63.0.3239.132, platform=XP, browserConnectionEnabled=false, nativeEvents=true, acceptSslCerts=true, locationContextEnabled=true, webStorageEnabled=true, browserName=chrome, takesScreenshot=true, javascriptEnabled=true, cssSelectorsEnabled=true, setWindowRect=true, unexpectedAlertBehaviour=}]
Session ID: 6cae2f187ecdb9f0d6019ba5bd491376
*** Element info: {Using=xpath, value=//*[@id="lnkLogout"]})]]></system-out>
      <system-err><![CDATA[2018-02-12 18:43:48 - [TEST_SUITE][FAILED] - PPE: Test Cases/ENDORSEMENT_CREATION FAILED because (of) Unable to click on object 'Object Repository/Endorsement_OR/btn_LOGOUT_UW' (Root cause: org.openqa.selenium.WebDriverException: chrome not reachable
  (Session info: chrome=63.0.3239.132)
  (Driver info: chromedriver=2.33.506120 (e3e53437346286c0bc2d2dc9aa4915ba81d9023f),platform=Windows NT 6.1.7601 SP1 x86_64) (WARNING: The server did not provide any stacktrace information)
Command duration or timeout: 4.01 seconds
Build info: version: '2.53.0', revision: '35ae25b', time: '2016-03-15 17:00:58'
System info: host: 'CTS-QUA-4', ip: '192.168.0.4', os.name: 'Windows 7', os.arch: 'amd64', os.version: '6.1', java.version: '1.8.0_102'
Driver info: com.kms.katalon.selenium.driver.CChromeDriver
Capabilities [{applicationCacheEnabled=false, rotatable=false, mobileEmulationEnabled=false, networkConnectionEnabled=false, chrome={chromedriverVersion=2.33.506120 (e3e53437346286c0bc2d2dc9aa4915ba81d9023f), userDataDir=C:\Users\GSALUN~1\AppData\Local\Temp\scoped_dir10528_1226}, takesHeapSnapshot=true, pageLoadStrategy=normal, databaseEnabled=false, handlesAlerts=true, hasTouchScreen=false, version=63.0.3239.132, platform=XP, browserConnectionEnabled=false, nativeEvents=true, acceptSslCerts=true, locationContextEnabled=true, webStorageEnabled=true, browserName=chrome, takesScreenshot=true, javascriptEnabled=true, cssSelectorsEnabled=true, setWindowRect=true, unexpectedAlertBehaviour=}]
Session ID: 6cae2f187ecdb9f0d6019ba5bd491376
*** Element info: {Using=xpath, value=//*[@id="lnkLogout"]})]]></system-err>
   </testsuite>
</testsuites>
