<?xml version="1.0" encoding="UTF-8"?>
<testsuites name="PPE" time="819" tests="3" failures="1" errors="0">
   <testsuite name="PPE" tests="3" failures="1" errors="0" time="819" timestamp="2018-02-13 16:53:30" hostname="gsalunkhe - CTS-QUA-4.cogitate.india" id="Test Suites/PPE">
      <properties>
         <property name="deviceName" value=""/>
         <property name="devicePlatform" value=""/>
         <property name="logFolder" value="D:\\Katalon_Practice_Workspace\\Katalon_PPE_GANESH\\Reports\\PPE\\20180213_165328"/>
         <property name="logFiles" value="D:\\Katalon_Practice_Workspace\\Katalon_PPE_GANESH\\Reports\\PPE\\20180213_165328\\execution0.log"/>
         <property name="attachments" value="D:\\Katalon_Practice_Workspace\\Katalon_PPE_GANESH\\Reports\\PPE\\20180213_165328\\1518521828112.png"/>
         <property name="hostName" value="gsalunkhe - CTS-QUA-4.cogitate.india"/>
         <property name="os" value="Windows 7 64bit"/>
         <property name="katalonVersion" value="5.0.1.1"/>
         <property name="browser" value="Chrome 63.0.3239.132"/>
         <property name="hostAddress" value="192.168.0.4"/>
         <property name="sessionId" value="ea870ab64a9f3c160cae1161badca221"/>
         <property name="seleniumVersion" value="2.53.0"/>
         <property name="proxyInformation" value="ProxyInformation{proxyOption=NO_PROXY, proxyServerType=, password=, proxyServerAddress=, proxyServerPort=0}"/>
         <property name="platform" value="Windows 7"/>
      </properties>
      <testcase name="Test Cases/QUOTE_CREATION" classname="Test Cases/QUOTE_CREATION" status="PASSED">
         <system-out><![CDATA[2018-02-13 16:53:30 - [TEST_CASE][PASSED] - Test Cases/QUOTE_CREATION: Test Cases/QUOTE_CREATION

2018-02-13 16:53:31 - [TEST_STEP][PASSED] - Statement - propertyDataRowCounter = 0: null

2018-02-13 16:53:31 - [TEST_STEP][PASSED] - Statement - configDataRowCounter = 0: null

2018-02-13 16:53:31 - [TEST_STEP][PASSED] - Statement - genericDATA = com.kms.katalon.core.testdata.TestDataFactory.findTestData(PPE_Config_File): Test data is internal data, reading internal data

2018-02-13 16:53:31 - [TEST_STEP][PASSED] - Statement - propertyDATA = com.kms.katalon.core.testdata.TestDataFactory.findTestData(PPEPROPERTYDATA): Test data is internal data, reading internal data

2018-02-13 16:53:31 - [TEST_STEP][PASSED] - com.PPE.url_Navigation.gotoURL: com.PPE.url_Navigation.gotoURL is PASSED

2018-02-13 16:53:38 - [MESSAGE][PASSED] - Browser is opened with url: 'http://test.cogitate.us/PPE.Test/'

2018-02-13 16:53:38 - [MESSAGE][PASSED] - Wait for page load successfully

2018-02-13 16:53:40 - [MESSAGE][PASSED] - Current window maximized

2018-02-13 16:53:40 - [MESSAGE][PASSED] - com.PPE.url_Navigation.gotoURL is PASSED

2018-02-13 16:53:40 - [TEST_STEP][PASSED] - com.PPE.IncorrectLogin.login: com.PPE.IncorrectLogin.login is PASSED

2018-02-13 16:53:40 - [MESSAGE][PASSED] - Text '125634' is set on object 'Object Repository/Quote_OR/txtfield_USERNAME'

2018-02-13 16:53:40 - [MESSAGE][PASSED] - Text '10#Hammer' is set on object 'Object Repository/Quote_OR/txtfield_PASSWORD'

2018-02-13 16:53:41 - [MESSAGE][PASSED] - Object: 'Object Repository/Quote_OR/btn-LOGIN' is clicked on

2018-02-13 16:53:47 - [MESSAGE][PASSED] - Delayed 6 second(s)

2018-02-13 16:53:47 - [MESSAGE][PASSED] - Text 'ih.chelms' is set on object 'Object Repository/Quote_OR/txtfield_USERNAME'

2018-02-13 16:53:47 - [MESSAGE][PASSED] - Text '123456' is set on object 'Object Repository/Quote_OR/txtfield_PASSWORD'

2018-02-13 16:53:48 - [MESSAGE][PASSED] - Object: 'Object Repository/Quote_OR/btn-LOGIN' is clicked on

2018-02-13 16:53:54 - [MESSAGE][PASSED] - Delayed 6 second(s)

2018-02-13 16:53:54 - [MESSAGE][PASSED] - Text 'ih.jbutler' is set on object 'Object Repository/Quote_OR/txtfield_USERNAME'

2018-02-13 16:53:54 - [MESSAGE][PASSED] - Text '123456' is set on object 'Object Repository/Quote_OR/txtfield_PASSWORD'

2018-02-13 16:53:55 - [MESSAGE][PASSED] - Object: 'Object Repository/Quote_OR/btn-LOGIN' is clicked on

2018-02-13 16:54:01 - [MESSAGE][PASSED] - Delayed 6 second(s)

2018-02-13 16:54:01 - [MESSAGE][PASSED] - Text 'Ganesh' is set on object 'Object Repository/Quote_OR/txtfield_USERNAME'

2018-02-13 16:54:01 - [MESSAGE][PASSED] - Text 'Salunkhe' is set on object 'Object Repository/Quote_OR/txtfield_PASSWORD'

2018-02-13 16:54:02 - [MESSAGE][PASSED] - Object: 'Object Repository/Quote_OR/btn-LOGIN' is clicked on

2018-02-13 16:54:08 - [MESSAGE][PASSED] - Delayed 6 second(s)

2018-02-13 16:54:08 - [MESSAGE][PASSED] - Text 'ih.william' is set on object 'Object Repository/Quote_OR/txtfield_USERNAME'

2018-02-13 16:54:08 - [MESSAGE][PASSED] - Text 'ih.chelms' is set on object 'Object Repository/Quote_OR/txtfield_PASSWORD'

2018-02-13 16:54:09 - [MESSAGE][PASSED] - Object: 'Object Repository/Quote_OR/btn-LOGIN' is clicked on

2018-02-13 16:54:15 - [MESSAGE][PASSED] - Delayed 6 second(s)

2018-02-13 16:54:15 - [MESSAGE][PASSED] - com.PPE.IncorrectLogin.login is PASSED

2018-02-13 16:54:15 - [TEST_STEP][PASSED] - com.PPE.Login.correctlogin: com.PPE.Login.correctlogin is PASSED

2018-02-13 16:54:15 - [MESSAGE][PASSED] - Text 'ih.chelms' is set on object 'Object Repository/Quote_OR/txtfield_USERNAME'

2018-02-13 16:54:15 - [MESSAGE][PASSED] - Text '10#Hammer' is set on object 'Object Repository/Quote_OR/txtfield_PASSWORD'

2018-02-13 16:54:18 - [MESSAGE][PASSED] - Object: 'Object Repository/Quote_OR/btn-LOGIN' is clicked on

2018-02-13 16:54:18 - [MESSAGE][PASSED] - com.PPE.Login.correctlogin is PASSED

2018-02-13 16:54:18 - [TEST_STEP][PASSED] - Statement - If (genericDATA.internallyGetValue("STATE", configDataRowCounter) == "GA"): Text '1940 Meador Ave SE Atlanta, GA 30315 USA' is set on object 'Object Repository/Quote_OR/txtfield_ADDRESS_ON_LANDING_PAGE'

2018-02-13 16:54:18 - [TEST_STEP][PASSED] - setText: Text '1940 Meador Ave SE Atlanta, GA 30315 USA' is set on object 'Object Repository/Quote_OR/txtfield_ADDRESS_ON_LANDING_PAGE'

2018-02-13 16:54:18 - [MESSAGE][PASSED] - Text '1940 Meador Ave SE Atlanta, GA 30315 USA' is set on object 'Object Repository/Quote_OR/txtfield_ADDRESS_ON_LANDING_PAGE'

2018-02-13 16:54:18 - [TEST_STEP][PASSED] - click: Object: 'Object Repository/Quote_OR/btn_SEARCH_ADDRESS' is clicked on

2018-02-13 16:54:26 - [MESSAGE][PASSED] - Object: 'Object Repository/Quote_OR/btn_SEARCH_ADDRESS' is clicked on

2018-02-13 16:54:26 - [TEST_STEP][PASSED] - waitForPageLoad: Wait for page load successfully

2018-02-13 16:54:26 - [MESSAGE][PASSED] - Wait for page load successfully

2018-02-13 16:54:26 - [TEST_STEP][PASSED] - com.PPE.QuotePropertyDataSelection.QuoteCreation: com.PPE.QuotePropertyDataSelection.QuoteCreation is PASSED

2018-02-13 16:54:26 - [MESSAGE][PASSED] - All options with index in [1] are selected on object 'Object Repository/Quote_OR/drp_PROPERTY_TYPE'

2018-02-13 16:54:27 - [MESSAGE][PASSED] - Text '' is set on object 'Object Repository/Quote_OR/txtfield_HOME_VALUATION'

2018-02-13 16:54:27 - [MESSAGE][PASSED] - Object: 'Object Repository/Quote_OR/btn_GETQUOTE' is clicked on

2018-02-13 16:54:27 - [MESSAGE][PASSED] - All options with index in [2] are selected on object 'Object Repository/Quote_OR/drp_CONSTRUCTION_TYPE'

2018-02-13 16:54:27 - [MESSAGE][PASSED] - Text '75000' is set on object 'Object Repository/Quote_OR/txtfield_HOME_VALUATION'

2018-02-13 16:54:29 - [MESSAGE][PASSED] - Delayed 2 second(s)

2018-02-13 16:54:29 - [MESSAGE][PASSED] - Text '' is set on object 'Object Repository/Quote_OR/txtbx_YEARHOMEBUILD'

2018-02-13 16:54:30 - [MESSAGE][PASSED] - Object: 'Object Repository/Quote_OR/btn_GETQUOTE' is clicked on

2018-02-13 16:54:30 - [MESSAGE][PASSED] - Text '1968' is set on object 'Object Repository/Quote_OR/txtbx_YEARHOMEBUILD'

2018-02-13 16:54:30 - [MESSAGE][PASSED] - Object: 'Object Repository/Quote_OR/btn_GETQUOTE' is clicked on

2018-02-13 16:54:34 - [MESSAGE][PASSED] - Delayed 4 second(s)

2018-02-13 16:54:34 - [MESSAGE][PASSED] - Object: 'Object Repository/Quote_OR/btn_SENDQUOTE' is clicked on

2018-02-13 16:54:35 - [MESSAGE][PASSED] - Delayed 1 second(s)

2018-02-13 16:54:35 - [MESSAGE][PASSED] - Object: 'Object Repository/Quote_OR/btn_SEND_QUOTE_DETAILS' is clicked on

2018-02-13 16:54:36 - [MESSAGE][PASSED] - Delayed 1 second(s)

2018-02-13 16:54:36 - [MESSAGE][PASSED] - Text 'Nitin' is set on object 'Object Repository/Quote_OR/txtfield_SENDQUOTE_FIRSTNAME'

2018-02-13 16:54:37 - [MESSAGE][PASSED] - Text 'Pattinson' is set on object 'Object Repository/Quote_OR/txtfield_SENDQUOTE_LASTNAME'

2018-02-13 16:54:40 - [MESSAGE][PASSED] - Delayed 3 second(s)

2018-02-13 16:54:40 - [MESSAGE][PASSED] - Text '9768180080' is set on object 'Object Repository/Quote_OR/txtfield_SENDQUOTE_CONTACTNUMBER'

2018-02-13 16:54:43 - [MESSAGE][PASSED] - Delayed 3 second(s)

2018-02-13 16:54:44 - [MESSAGE][PASSED] - Text 'gsalunkhe@cogitate.us' is set on object 'Object Repository/Quote_OR/txtfield_SENDQUOTE_EMAIL'

2018-02-13 16:54:48 - [MESSAGE][PASSED] - Delayed 4 second(s)

2018-02-13 16:54:48 - [MESSAGE][PASSED] - Object: 'Object Repository/Quote_OR/btn_SEND_QUOTE_DETAILS' is clicked on

2018-02-13 16:54:52 - [MESSAGE][PASSED] - Delayed 4 second(s)

2018-02-13 16:54:52 - [MESSAGE][PASSED] - All options with index in [1] are selected on object 'Object Repository/Quote_OR/drp_CONSTRUCTION_TYPE'

2018-02-13 16:55:00 - [MESSAGE][PASSED] - Delayed 8 second(s)

2018-02-13 16:55:00 - [MESSAGE][PASSED] - Object: 'Object Repository/Quote_OR/btn_RECALCULATE_PREMIUM' is clicked on

2018-02-13 16:55:00 - [MESSAGE][PASSED] - com.PPE.QuotePropertyDataSelection.QuoteCreation is PASSED]]></system-out>
         <system-err><![CDATA[]]></system-err>
      </testcase>
      <testcase name="Test Cases/APPLICATION_CREATION" classname="Test Cases/APPLICATION_CREATION" status="PASSED">
         <system-out><![CDATA[2018-02-13 16:55:00 - [TEST_CASE][PASSED] - Test Cases/APPLICATION_CREATION: Test Cases/APPLICATION_CREATION

2018-02-13 16:55:00 - [TEST_STEP][PASSED] - Statement - propertyDataRowCounter = 0: null

2018-02-13 16:55:00 - [TEST_STEP][PASSED] - Statement - configDataRowCounter = 0: null

2018-02-13 16:55:00 - [TEST_STEP][PASSED] - Statement - genericDATA = com.kms.katalon.core.testdata.TestDataFactory.findTestData(PPE_Config_File): Test data is internal data, reading internal data

2018-02-13 16:55:00 - [TEST_STEP][PASSED] - Statement - propertyDATA = com.kms.katalon.core.testdata.TestDataFactory.findTestData(PPEPROPERTYDATA): Test data is internal data, reading internal data

2018-02-13 16:55:00 - [TEST_STEP][PASSED] - Statement - Address = com.kms.katalon.core.testobject.ObjectRepository.findTestObject(Endorsement_OR/get_Address): Finding Test Object with id 'Object Repository/Endorsement_OR/get_Address'

2018-02-13 16:55:00 - [TEST_STEP][PASSED] - Statement - propertyaddress = com.kms.katalon.core.webui.keyword.WebUiBuiltInKeywords.getAttribute(Address, "value"): Attribute 'value' of object 'Object Repository/Endorsement_OR/get_Address' is: '1940 Meador Ave SE, Atlanta, GA 30315, USA'

2018-02-13 16:55:01 - [MESSAGE][PASSED] - Attribute 'value' of object 'Object Repository/Endorsement_OR/get_Address' is: '1940 Meador Ave SE, Atlanta, GA 30315, USA'

2018-02-13 16:55:01 - [TEST_STEP][PASSED] - Statement - println(propertyaddress): null

2018-02-13 16:55:01 - [TEST_STEP][PASSED] - Statement - propertyaddress = propertyaddress: null

2018-02-13 16:55:01 - [TEST_STEP][PASSED] - com.PPE.Saving_PolicyHolderInfo_Page.PolicyHolderPage: com.PPE.Saving_PolicyHolderInfo_Page.PolicyHolderPage is PASSED

2018-02-13 16:55:05 - [MESSAGE][PASSED] - Delayed 4 second(s)

2018-02-13 16:55:05 - [MESSAGE][PASSED] - Object: 'Object Repository/Application_OR/btn_TOAPPLICATION' is clicked on

2018-02-13 16:55:09 - [MESSAGE][PASSED] - Delayed 4 second(s)

2018-02-13 16:55:10 - [MESSAGE][PASSED] - Object: 'Object Repository/Application_OR/btn-YES_IS_BNESS_PREMISES' is clicked on

2018-02-13 16:55:12 - [MESSAGE][PASSED] - Delayed 2 second(s)

2018-02-13 16:55:12 - [MESSAGE][PASSED] - Object: 'Object Repository/Application_OR/btn-YES_FOOT_TRAFFIC' is clicked on

2018-02-13 16:55:14 - [MESSAGE][PASSED] - Delayed 2 second(s)

2018-02-13 16:55:14 - [MESSAGE][PASSED] - Text '11' is set on object 'Object Repository/Application_OR/txtfield-Traffic_Percentage'

2018-02-13 16:55:17 - [MESSAGE][PASSED] - Delayed 3 second(s)

2018-02-13 16:55:17 - [MESSAGE][PASSED] - Object: 'Object Repository/Application_OR/btn_CONTINUE_UW_QUESTIONS' is clicked on

2018-02-13 16:55:20 - [MESSAGE][PASSED] - Delayed 3 second(s)

2018-02-13 16:55:20 - [MESSAGE][PASSED] - Text '10' is set on object 'Object Repository/Application_OR/txtfield-Traffic_Percentage'

2018-02-13 16:55:24 - [MESSAGE][PASSED] - Delayed 4 second(s)

2018-02-13 16:55:24 - [MESSAGE][PASSED] - Object: 'Object Repository/Application_OR/btn_CONTINUE_UW_QUESTIONS' is clicked on

2018-02-13 16:55:27 - [MESSAGE][PASSED] - Delayed 3 second(s)

2018-02-13 16:55:28 - [MESSAGE][PASSED] - Object: 'Object Repository/Application_OR/txtfield_INSURED_FIRSTNAME' is clicked on

2018-02-13 16:55:28 - [MESSAGE][PASSED] - Text '' is set on object 'Object Repository/Application_OR/txtfield_INSURED_FIRSTNAME'

2018-02-13 16:55:28 - [MESSAGE][PASSED] - Text 'David' is set on object 'Object Repository/Application_OR/txtfield_INSURED_FIRSTNAME'

2018-02-13 16:55:28 - [MESSAGE][PASSED] - Text '' is set on object 'Object Repository/Application_OR/txtfield_INSURED_MIDDLENAME'

2018-02-13 16:55:28 - [MESSAGE][PASSED] - Text 'Faf' is set on object 'Object Repository/Application_OR/txtfield_INSURED_MIDDLENAME'

2018-02-13 16:55:28 - [MESSAGE][PASSED] - Text '' is set on object 'Object Repository/Application_OR/txtfield_INSURED_LASTNAME'

2018-02-13 16:55:28 - [MESSAGE][PASSED] - Text 'Duminy' is set on object 'Object Repository/Application_OR/txtfield_INSURED_LASTNAME'

2018-02-13 16:55:29 - [MESSAGE][PASSED] - Text '09/10/1999' is set on object 'Object Repository/Application_OR/txtfield_INSURED_DOB'

2018-02-13 16:55:34 - [MESSAGE][PASSED] - Delayed 5 second(s)

2018-02-13 16:55:34 - [MESSAGE][PASSED] - Text 'gsalunkhe@cogitate.us' is set on object 'Object Repository/Application_OR/txtfield_INSURED_EMAIL'

2018-02-13 16:55:39 - [MESSAGE][PASSED] - Delayed 5 second(s)

2018-02-13 16:55:39 - [MESSAGE][PASSED] - Text '9768180080' is set on object 'Object Repository/Application_OR/txtfield_INSURED_CONTACTNUMBER'

2018-02-13 16:55:44 - [MESSAGE][PASSED] - Delayed 5 second(s)

2018-02-13 16:55:44 - [MESSAGE][PASSED] - Attribute 'value' of object 'Object Repository/Generic_OR/hdnPolicyInfoId' is: '3182'

2018-02-13 16:55:45 - [MESSAGE][PASSED] - Object: 'Object Repository/Application_OR/btn_POLICYHOLDER_SAVEANDCONTINUE' is clicked on

2018-02-13 16:55:46 - [MESSAGE][PASSED] - Delayed 1 second(s)

2018-02-13 16:55:46 - [MESSAGE][PASSED] - com.PPE.Saving_PolicyHolderInfo_Page.PolicyHolderPage is PASSED

2018-02-13 16:55:46 - [TEST_STEP][PASSED] - com.PPE.Saving_PropertyInfo_Page.PropertyPage: com.PPE.Saving_PropertyInfo_Page.PropertyPage is PASSED

2018-02-13 16:55:47 - [MESSAGE][PASSED] - Object: 'Object Repository/Application_OR/drp_ROOFTYPE_PROPERTYPAGE' is clicked on

2018-02-13 16:55:50 - [MESSAGE][PASSED] - Delayed 3 second(s)

2018-02-13 16:55:50 - [MESSAGE][PASSED] - All options with index in [1] are selected on object 'Object Repository/Application_OR/drp_ROOFTYPE_PROPERTYPAGE'

2018-02-13 16:55:52 - [MESSAGE][PASSED] - Delayed 2 second(s)

2018-02-13 16:55:52 - [MESSAGE][PASSED] - All options with index in [3] are selected on object 'Object Repository/Application_OR/drp_FOUNDATIONTYPE_PROPERTYPAGE'

2018-02-13 16:55:54 - [MESSAGE][PASSED] - Delayed 2 second(s)

2018-02-13 16:55:54 - [MESSAGE][PASSED] - All options with index in [7] are selected on object 'Object Repository/Application_OR/drp_HEATINGTYPE_PROPERTYPAGE'

2018-02-13 16:55:59 - [MESSAGE][PASSED] - Delayed 5 second(s)

2018-02-13 16:56:00 - [MESSAGE][PASSED] - Object: 'Object Repository/Application_OR/btn_OCCUPANYPAGE_SAVEANDCONTINUE' is clicked on

2018-02-13 16:56:04 - [MESSAGE][PASSED] - Delayed 4 second(s)

2018-02-13 16:56:04 - [MESSAGE][PASSED] - Object: 'Object Repository/Application_OR/btn_YES_ROOFAGE_POPUP' is clicked on

2018-02-13 16:56:08 - [MESSAGE][PASSED] - Delayed 4 second(s)

2018-02-13 16:56:08 - [MESSAGE][PASSED] - Object: 'Object Repository/Application_OR/btn_YES_ELECTRICALAGE_POPUP' is clicked on

2018-02-13 16:56:12 - [MESSAGE][PASSED] - Delayed 4 second(s)

2018-02-13 16:56:12 - [MESSAGE][PASSED] - Object: 'Object Repository/Application_OR/btn_YES_ELECTRICALAGE_POPUP' is clicked on

2018-02-13 16:56:17 - [MESSAGE][PASSED] - Delayed 5 second(s)

2018-02-13 16:56:17 - [MESSAGE][PASSED] - com.PPE.Saving_PropertyInfo_Page.PropertyPage is PASSED

2018-02-13 16:56:17 - [TEST_STEP][PASSED] - com.PPE.Policy_Creation.ApplicationBind: com.PPE.Policy_Creation.ApplicationBind is PASSED

2018-02-13 16:56:18 - [MESSAGE][PASSED] - Object: 'Object Repository/Application_OR/btn_OCCUPANYPAGE_SAVEANDCONTINUE' is clicked on

2018-02-13 16:56:23 - [MESSAGE][PASSED] - Delayed 5 second(s)

2018-02-13 16:56:23 - [MESSAGE][PASSED] - Object 'Object Repository/Application_OR/chkbx_AGREEMENT' is checked

2018-02-13 16:56:33 - [MESSAGE][PASSED] - Delayed 10 second(s)

2018-02-13 16:56:33 - [MESSAGE][PASSED] - Object: 'Object Repository/Application_OR/btn_OCCUPANYPAGE_SAVEANDCONTINUE' is clicked on

2018-02-13 16:56:38 - [MESSAGE][PASSED] - Delayed 5 second(s)

2018-02-13 16:56:51 - [MESSAGE][PASSED] - Object: 'Object Repository/Application_OR/btn_SIGNAPPLICATION_AGENT' is clicked on

2018-02-13 16:56:56 - [MESSAGE][PASSED] - Delayed 5 second(s)

2018-02-13 16:56:56 - [MESSAGE][PASSED] - Text of object 'Object Repository/Application_OR/get_INSUREDNAME_APPLICATION FORMSUMMARY' is: 'David Faf Duminy'

2018-02-13 16:56:56 - [MESSAGE][PASSED] - Object: 'Object Repository/Application_OR/btn_INSURED_SIGNATURE' is clicked on

2018-02-13 16:57:01 - [MESSAGE][PASSED] - Delayed 5 second(s)

2018-02-13 16:57:01 - [MESSAGE][PASSED] - Object: 'Object Repository/Application_OR/txtbx_INSURED_SIGNATURE' is clicked on

2018-02-13 16:57:06 - [MESSAGE][PASSED] - Delayed 5 second(s)

2018-02-13 16:57:06 - [MESSAGE][PASSED] - Text 'David Faf Duminy' is set on object 'Object Repository/Application_OR/txtbx_INSURED_SIGNATURE'

2018-02-13 16:57:07 - [MESSAGE][PASSED] - Object: 'Object Repository/Application_OR/btn_SUBMIT_INSURED_SIGNATURE' is clicked on

2018-02-13 16:57:07 - [MESSAGE][PASSED] - com.PPE.Policy_Creation.ApplicationBind is PASSED

2018-02-13 16:57:07 - [TEST_STEP][PASSED] - Statement - otpQuery = "SELECT TOP 1 OtpGenerated FROM PPE_ApplicationForms_trn where PolicyInfoId = " + policyInfoId + " Order BY ModifiedDateTime DESC": null

2018-02-13 16:57:07 - [TEST_STEP][PASSED] - Statement - println("otpQuery" + " " + otpQuery): null

2018-02-13 16:57:07 - [TEST_STEP][PASSED] - com.PPE.Database_Connection.connectDB: com.PPE.Database_Connection.connectDB is PASSED

2018-02-13 16:57:08 - [MESSAGE][PASSED] - com.PPE.Database_Connection.connectDB is PASSED

2018-02-13 16:57:08 - [TEST_STEP][PASSED] - Statement - recordset = CustomKeywords.com.PPE.Database_Connection.executeQuery(otpQuery): com.PPE.Database_Connection.executeQuery is PASSED

2018-02-13 16:57:09 - [MESSAGE][PASSED] - com.PPE.Database_Connection.executeQuery is PASSED

2018-02-13 16:57:09 - [TEST_STEP][PASSED] - Statement - otp = 0: null

2018-02-13 16:57:09 - [TEST_STEP][PASSED] - Statement - While (recordset.next()): null

2018-02-13 16:57:09 - [TEST_STEP][PASSED] - Statement - otp = recordset.getObject("OtpGenerated"): null

2018-02-13 16:57:09 - [TEST_STEP][PASSED] - Statement - println("otp" + " " + otp): null

2018-02-13 16:57:09 - [TEST_STEP][PASSED] - delay: Delayed 10 second(s)

2018-02-13 16:57:19 - [MESSAGE][PASSED] - Delayed 10 second(s)

2018-02-13 16:57:19 - [TEST_STEP][PASSED] - Statement - txtOtp = com.kms.katalon.core.testobject.ObjectRepository.findTestObject(Application_OR/txtfield-OTP): Finding Test Object with id 'Object Repository/Application_OR/txtfield-OTP'

2018-02-13 16:57:19 - [TEST_STEP][PASSED] - setText: Text '7823' is set on object 'Object Repository/Application_OR/txtfield-OTP'

2018-02-13 16:57:19 - [MESSAGE][PASSED] - Text '7823' is set on object 'Object Repository/Application_OR/txtfield-OTP'

2018-02-13 16:57:19 - [TEST_STEP][PASSED] - delay: Delayed 1 second(s)

2018-02-13 16:57:20 - [MESSAGE][PASSED] - Delayed 1 second(s)

2018-02-13 16:57:20 - [TEST_STEP][PASSED] - click: Object: 'Object Repository/Application_OR/btn_OTP_VERIFY' is clicked on

2018-02-13 16:57:20 - [MESSAGE][PASSED] - Object: 'Object Repository/Application_OR/btn_OTP_VERIFY' is clicked on

2018-02-13 16:57:20 - [TEST_STEP][PASSED] - delay: Delayed 5 second(s)

2018-02-13 16:57:25 - [MESSAGE][PASSED] - Delayed 5 second(s)

2018-02-13 16:57:25 - [TEST_STEP][PASSED] - click: Object: 'Object Repository/Application_OR/btn_AGENT_SIGNATURE' is clicked on

2018-02-13 16:57:25 - [MESSAGE][PASSED] - Object: 'Object Repository/Application_OR/btn_AGENT_SIGNATURE' is clicked on

2018-02-13 16:57:25 - [TEST_STEP][PASSED] - delay: Delayed 2 second(s)

2018-02-13 16:57:27 - [MESSAGE][PASSED] - Delayed 2 second(s)

2018-02-13 16:57:27 - [TEST_STEP][PASSED] - click: Object: 'Object Repository/Application_OR/txtbx_AGENT_SIGNATURE' is clicked on

2018-02-13 16:57:27 - [MESSAGE][PASSED] - Object: 'Object Repository/Application_OR/txtbx_AGENT_SIGNATURE' is clicked on

2018-02-13 16:57:27 - [TEST_STEP][PASSED] - delay: Delayed 2 second(s)

2018-02-13 16:57:29 - [MESSAGE][PASSED] - Delayed 2 second(s)

2018-02-13 16:57:29 - [TEST_STEP][PASSED] - Statement - If (genericDATA.internallyGetValue("STATE", configDataRowCounter) == "GA"): Text 'Clement Helms' is set on object 'Object Repository/Application_OR/txtbx_AGENT_SIGNATURE'

2018-02-13 16:57:29 - [TEST_STEP][PASSED] - setText: Text 'Clement Helms' is set on object 'Object Repository/Application_OR/txtbx_AGENT_SIGNATURE'

2018-02-13 16:57:29 - [MESSAGE][PASSED] - Text 'Clement Helms' is set on object 'Object Repository/Application_OR/txtbx_AGENT_SIGNATURE'

2018-02-13 16:57:29 - [TEST_STEP][PASSED] - click: Object: 'Object Repository/Application_OR/btn_SUBMIT_AGENT_SIGNATURE' is clicked on

2018-02-13 16:57:30 - [MESSAGE][PASSED] - Object: 'Object Repository/Application_OR/btn_SUBMIT_AGENT_SIGNATURE' is clicked on

2018-02-13 16:57:30 - [TEST_STEP][PASSED] - delay: Delayed 5 second(s)

2018-02-13 16:57:35 - [MESSAGE][PASSED] - Delayed 5 second(s)

2018-02-13 16:57:35 - [TEST_STEP][PASSED] - click: Object: 'Object Repository/Application_OR/btn_SURPLUSLINE_ACK' is clicked on

2018-02-13 16:57:36 - [MESSAGE][PASSED] - Object: 'Object Repository/Application_OR/btn_SURPLUSLINE_ACK' is clicked on

2018-02-13 16:57:36 - [TEST_STEP][PASSED] - delay: Delayed 5 second(s)

2018-02-13 16:57:41 - [MESSAGE][PASSED] - Delayed 5 second(s)

2018-02-13 16:57:41 - [TEST_STEP][PASSED] - Statement - If (genericDATA.internallyGetValue("STATE", configDataRowCounter) == "GA"): Object: 'Object Repository/Application_OR/btn_SUBMIT_SURPLUSLINE' is clicked on

2018-02-13 16:57:41 - [TEST_STEP][PASSED] - click: Object: 'Object Repository/Application_OR/txtfield_SURPLUSLINE_FORM_TEXT' is clicked on

2018-02-13 16:57:41 - [MESSAGE][PASSED] - Object: 'Object Repository/Application_OR/txtfield_SURPLUSLINE_FORM_TEXT' is clicked on

2018-02-13 16:57:41 - [TEST_STEP][PASSED] - delay: Delayed 2 second(s)

2018-02-13 16:57:43 - [MESSAGE][PASSED] - Delayed 2 second(s)

2018-02-13 16:57:43 - [TEST_STEP][PASSED] - setText: Text 'Testing' is set on object 'Object Repository/Application_OR/txtfield_SURPLUSLINE_FORM_TEXT'

2018-02-13 16:57:44 - [MESSAGE][PASSED] - Text 'Testing' is set on object 'Object Repository/Application_OR/txtfield_SURPLUSLINE_FORM_TEXT'

2018-02-13 16:57:44 - [TEST_STEP][PASSED] - delay: Delayed 2 second(s)

2018-02-13 16:57:46 - [MESSAGE][PASSED] - Delayed 2 second(s)

2018-02-13 16:57:46 - [TEST_STEP][PASSED] - click: Object: 'Object Repository/Application_OR/btn_SUBMIT_SURPLUSLINE' is clicked on

2018-02-13 16:57:46 - [MESSAGE][PASSED] - Object: 'Object Repository/Application_OR/btn_SUBMIT_SURPLUSLINE' is clicked on

2018-02-13 16:57:46 - [TEST_STEP][PASSED] - delay: Delayed 5 second(s)

2018-02-13 16:57:51 - [MESSAGE][PASSED] - Delayed 5 second(s)

2018-02-13 16:57:51 - [TEST_STEP][PASSED] - click: Object: 'Object Repository/Application_OR/btn_SUBMIT_FOR_UW_APPROVAL' is clicked on

2018-02-13 16:57:57 - [MESSAGE][PASSED] - Object: 'Object Repository/Application_OR/btn_SUBMIT_FOR_UW_APPROVAL' is clicked on

2018-02-13 16:57:57 - [TEST_STEP][PASSED] - delay: Delayed 8 second(s)

2018-02-13 16:58:05 - [MESSAGE][PASSED] - Delayed 8 second(s)

2018-02-13 16:58:05 - [TEST_STEP][PASSED] - click: Object: 'Object Repository/Application_OR/btn_LOGOUT' is clicked on

2018-02-13 16:58:11 - [MESSAGE][PASSED] - Object: 'Object Repository/Application_OR/btn_LOGOUT' is clicked on

2018-02-13 16:58:11 - [TEST_STEP][PASSED] - delay: Delayed 5 second(s)

2018-02-13 16:58:16 - [MESSAGE][PASSED] - Delayed 5 second(s)

2018-02-13 16:58:16 - [TEST_STEP][PASSED] - setText: Text 'ih.william' is set on object 'Object Repository/Quote_OR/txtfield_USERNAME'

2018-02-13 16:58:16 - [MESSAGE][PASSED] - Text 'ih.william' is set on object 'Object Repository/Quote_OR/txtfield_USERNAME'

2018-02-13 16:58:16 - [TEST_STEP][PASSED] - setText: Text '10#Hammer' is set on object 'Object Repository/Quote_OR/txtfield_PASSWORD'

2018-02-13 16:58:16 - [MESSAGE][PASSED] - Text '10#Hammer' is set on object 'Object Repository/Quote_OR/txtfield_PASSWORD'

2018-02-13 16:58:16 - [TEST_STEP][PASSED] - click: Object: 'Object Repository/Quote_OR/btn-LOGIN' is clicked on

2018-02-13 16:58:23 - [MESSAGE][PASSED] - Object: 'Object Repository/Quote_OR/btn-LOGIN' is clicked on

2018-02-13 16:58:23 - [TEST_STEP][PASSED] - delay: Delayed 5 second(s)

2018-02-13 16:58:28 - [MESSAGE][PASSED] - Delayed 5 second(s)

2018-02-13 16:58:28 - [TEST_STEP][PASSED] - Statement - btnId = "//*[@id="btnLoadApplication_" + policyInfoId + ""]": null

2018-02-13 16:58:28 - [TEST_STEP][PASSED] - Statement - btnViewApplication = new com.kms.katalon.core.testobject.TestObject(btnViewApplication): null

2018-02-13 16:58:28 - [TEST_STEP][PASSED] - Statement - btnViewApplication.addProperty("xpath", EQUALS, btnId, true): null

2018-02-13 16:58:28 - [TEST_STEP][PASSED] - delay: Delayed 20 second(s)

2018-02-13 16:58:48 - [MESSAGE][PASSED] - Delayed 20 second(s)

2018-02-13 16:58:48 - [TEST_STEP][PASSED] - click: Object: 'btnViewApplication' is clicked on

2018-02-13 16:58:55 - [MESSAGE][PASSED] - Object: 'btnViewApplication' is clicked on

2018-02-13 16:58:55 - [TEST_STEP][PASSED] - delay: Delayed 8 second(s)

2018-02-13 16:59:03 - [MESSAGE][PASSED] - Delayed 8 second(s)

2018-02-13 16:59:03 - [TEST_STEP][PASSED] - click: Object: 'Object Repository/Application_OR/btn_DOWNLOAD_AFS_UW' is clicked on

2018-02-13 16:59:08 - [MESSAGE][PASSED] - Object: 'Object Repository/Application_OR/btn_DOWNLOAD_AFS_UW' is clicked on

2018-02-13 16:59:08 - [TEST_STEP][PASSED] - delay: Delayed 5 second(s)

2018-02-13 16:59:13 - [MESSAGE][PASSED] - Delayed 5 second(s)

2018-02-13 16:59:13 - [TEST_STEP][PASSED] - click: Object: 'Object Repository/Application_OR/btn_REVIEW_APPLICATION_AT_UW' is clicked on

2018-02-13 16:59:14 - [MESSAGE][PASSED] - Object: 'Object Repository/Application_OR/btn_REVIEW_APPLICATION_AT_UW' is clicked on

2018-02-13 16:59:14 - [TEST_STEP][PASSED] - delay: Delayed 5 second(s)

2018-02-13 16:59:19 - [MESSAGE][PASSED] - Delayed 5 second(s)

2018-02-13 16:59:19 - [TEST_STEP][PASSED] - setText: Text '111' is set on object 'Object Repository/Application_OR/txtfield_INSPECTION_FEE'

2018-02-13 16:59:19 - [MESSAGE][PASSED] - Text '111' is set on object 'Object Repository/Application_OR/txtfield_INSPECTION_FEE'

2018-02-13 16:59:19 - [TEST_STEP][PASSED] - delay: Delayed 3 second(s)

2018-02-13 16:59:22 - [MESSAGE][PASSED] - Delayed 3 second(s)

2018-02-13 16:59:22 - [TEST_STEP][PASSED] - click: Object: 'Object Repository/Application_OR/drp_NO_OF_MORTAGAGEE' is clicked on

2018-02-13 16:59:22 - [MESSAGE][PASSED] - Object: 'Object Repository/Application_OR/drp_NO_OF_MORTAGAGEE' is clicked on

2018-02-13 16:59:22 - [TEST_STEP][PASSED] - delay: Delayed 3 second(s)

2018-02-13 16:59:25 - [MESSAGE][PASSED] - Delayed 3 second(s)

2018-02-13 16:59:25 - [TEST_STEP][PASSED] - selectOptionByIndex: All options with index in [1] are selected on object 'Object Repository/Application_OR/drp_NO_OF_MORTAGAGEE'

2018-02-13 16:59:25 - [MESSAGE][PASSED] - All options with index in [1] are selected on object 'Object Repository/Application_OR/drp_NO_OF_MORTAGAGEE'

2018-02-13 16:59:25 - [TEST_STEP][PASSED] - delay: Delayed 3 second(s)

2018-02-13 16:59:28 - [MESSAGE][PASSED] - Delayed 3 second(s)

2018-02-13 16:59:28 - [TEST_STEP][PASSED] - click: Object: 'Object Repository/Application_OR/btn_OCCUPANYPAGE_SAVEANDCONTINUE' is clicked on

2018-02-13 16:59:29 - [MESSAGE][PASSED] - Object: 'Object Repository/Application_OR/btn_OCCUPANYPAGE_SAVEANDCONTINUE' is clicked on

2018-02-13 16:59:29 - [TEST_STEP][PASSED] - delay: Delayed 3 second(s)

2018-02-13 16:59:32 - [MESSAGE][PASSED] - Delayed 3 second(s)

2018-02-13 16:59:32 - [TEST_STEP][PASSED] - setText: Text 'Ricky Ponting' is set on object 'Object Repository/Application_OR/txtfield_Mortagagee_Name1'

2018-02-13 16:59:32 - [MESSAGE][PASSED] - Text 'Ricky Ponting' is set on object 'Object Repository/Application_OR/txtfield_Mortagagee_Name1'

2018-02-13 16:59:32 - [TEST_STEP][PASSED] - delay: Delayed 3 second(s)

2018-02-13 16:59:35 - [MESSAGE][PASSED] - Delayed 3 second(s)

2018-02-13 16:59:35 - [TEST_STEP][PASSED] - setText: Text '1870 5th Ave W Macon, GA 31201 USA' is set on object 'Object Repository/Application_OR/txtfield_Mortagagee_Address'

2018-02-13 16:59:35 - [MESSAGE][PASSED] - Text '1870 5th Ave W Macon, GA 31201 USA' is set on object 'Object Repository/Application_OR/txtfield_Mortagagee_Address'

2018-02-13 16:59:35 - [TEST_STEP][PASSED] - delay: Delayed 3 second(s)

2018-02-13 16:59:38 - [MESSAGE][PASSED] - Delayed 3 second(s)

2018-02-13 16:59:38 - [TEST_STEP][PASSED] - setText: Text '123456789ABCD' is set on object 'Object Repository/Application_OR/txtfield_Mortagagee_LoanNo'

2018-02-13 16:59:39 - [MESSAGE][PASSED] - Text '123456789ABCD' is set on object 'Object Repository/Application_OR/txtfield_Mortagagee_LoanNo'

2018-02-13 16:59:39 - [TEST_STEP][PASSED] - delay: Delayed 3 second(s)

2018-02-13 16:59:42 - [MESSAGE][PASSED] - Delayed 3 second(s)

2018-02-13 16:59:42 - [TEST_STEP][PASSED] - click: Object: 'Object Repository/Application_OR/btn_OCCUPANYPAGE_SAVEANDCONTINUE' is clicked on

2018-02-13 16:59:42 - [MESSAGE][PASSED] - Object: 'Object Repository/Application_OR/btn_OCCUPANYPAGE_SAVEANDCONTINUE' is clicked on

2018-02-13 16:59:42 - [TEST_STEP][PASSED] - delay: Delayed 4 second(s)

2018-02-13 16:59:46 - [MESSAGE][PASSED] - Delayed 4 second(s)

2018-02-13 16:59:46 - [TEST_STEP][PASSED] - click: Object: 'Object Repository/Application_OR/btn_SIGNAPPLICATION_AGENT' is clicked on

2018-02-13 16:59:47 - [MESSAGE][PASSED] - Object: 'Object Repository/Application_OR/btn_SIGNAPPLICATION_AGENT' is clicked on

2018-02-13 16:59:47 - [TEST_STEP][PASSED] - delay: Delayed 4 second(s)

2018-02-13 16:59:51 - [MESSAGE][PASSED] - Delayed 4 second(s)

2018-02-13 16:59:51 - [TEST_STEP][PASSED] - click: Object: 'Object Repository/Application_OR/btn_GENERATE_FORMS' is clicked on

2018-02-13 16:59:51 - [MESSAGE][PASSED] - Object: 'Object Repository/Application_OR/btn_GENERATE_FORMS' is clicked on

2018-02-13 16:59:51 - [TEST_STEP][PASSED] - delay: Delayed 5 second(s)

2018-02-13 16:59:56 - [MESSAGE][PASSED] - Delayed 5 second(s)

2018-02-13 16:59:56 - [TEST_STEP][PASSED] - click: Object: 'Object Repository/Application_OR/btn_REQUEST_FOR_BIND' is clicked on

2018-02-13 16:59:56 - [MESSAGE][PASSED] - Object: 'Object Repository/Application_OR/btn_REQUEST_FOR_BIND' is clicked on

2018-02-13 16:59:56 - [TEST_STEP][PASSED] - delay: Delayed 20 second(s)

2018-02-13 17:00:16 - [MESSAGE][PASSED] - Delayed 20 second(s)

2018-02-13 17:00:16 - [TEST_STEP][PASSED] - click: Object: 'Object Repository/Application_OR/btn_VIEW_POLICY_FORMS' is clicked on

2018-02-13 17:00:16 - [MESSAGE][PASSED] - Object: 'Object Repository/Application_OR/btn_VIEW_POLICY_FORMS' is clicked on

2018-02-13 17:00:16 - [TEST_STEP][PASSED] - delay: Delayed 15 second(s)

2018-02-13 17:00:31 - [MESSAGE][PASSED] - Delayed 15 second(s)

2018-02-13 17:00:31 - [TEST_STEP][PASSED] - click: Object: 'Object Repository/Application_OR/btn_UW_APPLICATION_STATUS_MENU' is clicked on

2018-02-13 17:00:32 - [MESSAGE][PASSED] - Object: 'Object Repository/Application_OR/btn_UW_APPLICATION_STATUS_MENU' is clicked on

2018-02-13 17:00:32 - [TEST_STEP][PASSED] - delay: Delayed 2 second(s)

2018-02-13 17:00:34 - [MESSAGE][PASSED] - Delayed 2 second(s)

2018-02-13 17:00:34 - [TEST_STEP][PASSED] - click: Object: 'Object Repository/Application_OR/btn_YES_CONFIRMATION' is clicked on

2018-02-13 17:00:34 - [MESSAGE][PASSED] - Object: 'Object Repository/Application_OR/btn_YES_CONFIRMATION' is clicked on

2018-02-13 17:00:34 - [TEST_STEP][PASSED] - delay: Delayed 20 second(s)

2018-02-13 17:00:54 - [MESSAGE][PASSED] - Delayed 20 second(s)]]></system-out>
         <system-err><![CDATA[]]></system-err>
      </testcase>
      <testcase name="Test Cases/ENDORSEMENT_CREATION" classname="Test Cases/ENDORSEMENT_CREATION" status="PASSED">
         <system-out><![CDATA[2018-02-13 17:00:55 - [TEST_CASE][PASSED] - Test Cases/ENDORSEMENT_CREATION: Test Cases/ENDORSEMENT_CREATION

2018-02-13 17:00:55 - [TEST_STEP][PASSED] - com.PPE.Endorsement_UW.EndorsementByUW: com.PPE.Endorsement_UW.EndorsementByUW is PASSED

2018-02-13 17:00:55 - [MESSAGE][PASSED] - Object: 'Object Repository/Endorsement_OR/btn_ADVANCE_FILTER' is clicked on

2018-02-13 17:00:59 - [MESSAGE][PASSED] - Delayed 4 second(s)

2018-02-13 17:00:59 - [MESSAGE][PASSED] - Text '1940 Meador Ave SE, Atlanta, GA 30315, USA' is set on object 'Object Repository/Endorsement_OR/txtfield_AdvanceFilter_PROPERTY_ADDRESS'

2018-02-13 17:01:14 - [MESSAGE][PASSED] - Delayed 15 second(s)

2018-02-13 17:01:14 - [MESSAGE][PASSED] - Object: 'Object Repository/Endorsement_OR/btn_APPLY_Advance_Filter' is clicked on

2018-02-13 17:01:32 - [MESSAGE][PASSED] - Delayed 18 second(s)

2018-02-13 17:01:32 - [MESSAGE][PASSED] - Text of object 'Object Repository/Endorsement_OR/get_POLICYNUMBER' is: 'BCIHGA1895030'

2018-02-13 17:01:42 - [MESSAGE][PASSED] - Delayed 10 second(s)

2018-02-13 17:01:47 - [MESSAGE][PASSED] - Object: 'Object Repository/Endorsement_OR/btn_ENDORSEMENT_MENU' is clicked on

2018-02-13 17:01:50 - [MESSAGE][PASSED] - Delayed 3 second(s)

2018-02-13 17:01:56 - [MESSAGE][PASSED] - Object: 'Object Repository/Endorsement_OR/btn_YES_CONFIRMATION_ENDORSEMENT' is clicked on

2018-02-13 17:02:02 - [MESSAGE][PASSED] - Delayed 6 second(s)

2018-02-13 17:02:02 - [MESSAGE][PASSED] - Text 'BCIHGA1895030' is set on object 'Object Repository/Endorsement_OR/txtfield_POLICYNUMBER_FOR_ENDORSEMENT'

2018-02-13 17:02:08 - [MESSAGE][PASSED] - Delayed 6 second(s)

2018-02-13 17:02:13 - [MESSAGE][PASSED] - Object: 'Object Repository/Endorsement_OR/btn_SEARCH_FOR_ENDORSEMENT' is clicked on

2018-02-13 17:02:23 - [MESSAGE][PASSED] - Delayed 10 second(s)

2018-02-13 17:02:30 - [MESSAGE][PASSED] - Object: 'Object Repository/Endorsement_OR/btn_ENDORSE_UW' is clicked on

2018-02-13 17:02:36 - [MESSAGE][PASSED] - Delayed 6 second(s)

2018-02-13 17:02:41 - [MESSAGE][PASSED] - Object: 'Object Repository/Endorsement_OR/btn_EDIT_APPLICANTINFO_UW' is clicked on

2018-02-13 17:02:47 - [MESSAGE][PASSED] - Delayed 6 second(s)

2018-02-13 17:02:52 - [MESSAGE][PASSED] - Object: 'Object Repository/Endorsement_OR/btn_RECALCULATE_UW' is clicked on

2018-02-13 17:02:58 - [MESSAGE][PASSED] - Delayed 6 second(s)

2018-02-13 17:02:58 - [MESSAGE][PASSED] - Text 'Phillips Bush' is set on object 'Object Repository/Endorsement_OR/txtfield_PRIFIRSTNAME_UW'

2018-02-13 17:03:00 - [MESSAGE][PASSED] - Delayed 2 second(s)

2018-02-13 17:03:01 - [MESSAGE][PASSED] - Object: 'Object Repository/Endorsement_OR/btn_UPDATE_APPLICANTINFO_UW' is clicked on

2018-02-13 17:03:03 - [MESSAGE][PASSED] - Delayed 2 second(s)

2018-02-13 17:03:03 - [MESSAGE][PASSED] - Object: 'Object Repository/Endorsement_OR/btn_RECALCULATE_UW' is clicked on

2018-02-13 17:03:09 - [MESSAGE][PASSED] - Delayed 6 second(s)

2018-02-13 17:03:09 - [MESSAGE][PASSED] - Browser is scrolled to position x = 0, y = 50

2018-02-13 17:03:12 - [MESSAGE][PASSED] - Delayed 3 second(s)

2018-02-13 17:03:12 - [MESSAGE][PASSED] - Object: 'Object Repository/Endorsement_OR/btn_EDIT_COVERAGE_UW' is clicked on

2018-02-13 17:03:18 - [MESSAGE][PASSED] - Delayed 6 second(s)

2018-02-13 17:03:18 - [MESSAGE][PASSED] - Object: 'Object Repository/Endorsement_OR/drp_SETTLEMENTTYPE_UW' is clicked on

2018-02-13 17:03:21 - [MESSAGE][PASSED] - Delayed 3 second(s)

2018-02-13 17:03:21 - [MESSAGE][PASSED] - All options with label 'ACV' are selected in object 'Object Repository/Endorsement_OR/drp_SETTLEMENTTYPE_UW' 

2018-02-13 17:03:27 - [MESSAGE][PASSED] - Delayed 6 second(s)

2018-02-13 17:03:28 - [MESSAGE][PASSED] - Object: 'Object Repository/Endorsement_OR/btn_UPDATE_COVERAGE_UW' is clicked on

2018-02-13 17:03:30 - [MESSAGE][PASSED] - Delayed 2 second(s)

2018-02-13 17:03:30 - [MESSAGE][PASSED] - Object: 'Object Repository/Endorsement_OR/btn_RECALCULATE_UW' is clicked on

2018-02-13 17:03:35 - [MESSAGE][PASSED] - Delayed 5 second(s)

2018-02-13 17:03:35 - [MESSAGE][PASSED] - Browser is scrolled to position x = 0, y = 50

2018-02-13 17:03:35 - [MESSAGE][PASSED] - Object: 'Object Repository/Endorsement_OR/btn_EDIT_PROPERTY_UW' is clicked on

2018-02-13 17:03:37 - [MESSAGE][PASSED] - Delayed 2 second(s)

2018-02-13 17:03:37 - [MESSAGE][PASSED] - Text '1970' is set on object 'Object Repository/Endorsement_OR/txtfield_HOME_BUILD_ENDORSEMENT_UW'

2018-02-13 17:03:41 - [MESSAGE][PASSED] - Delayed 4 second(s)

2018-02-13 17:03:42 - [MESSAGE][PASSED] - Text '74999' is set on object 'Object Repository/Endorsement_OR/txtfield_EXIMATED_VALUATION_UW'

2018-02-13 17:03:46 - [MESSAGE][PASSED] - Delayed 4 second(s)

2018-02-13 17:03:46 - [MESSAGE][PASSED] - Object: 'Object Repository/Endorsement_OR/drp_CONSTRUCTION_TYPE_UW' is clicked on

2018-02-13 17:03:46 - [MESSAGE][PASSED] - All options with index in [3] are selected on object 'Object Repository/Endorsement_OR/drp_CONSTRUCTION_TYPE_UW'

2018-02-13 17:03:50 - [MESSAGE][PASSED] - Delayed 4 second(s)

2018-02-13 17:03:50 - [MESSAGE][PASSED] - Object: 'Object Repository/Endorsement_OR/btn_UPDATE_ENDORSEMENT_PROPERTY_UW' is clicked on

2018-02-13 17:03:54 - [MESSAGE][PASSED] - Delayed 4 second(s)

2018-02-13 17:03:55 - [MESSAGE][PASSED] - Text '500000' is set on object 'Object Repository/Endorsement_OR/txtfield_EXIMATED_VALUATION_UW'

2018-02-13 17:03:59 - [MESSAGE][PASSED] - Delayed 4 second(s)

2018-02-13 17:03:59 - [MESSAGE][PASSED] - Object: 'Object Repository/Endorsement_OR/btn_UPDATE_ENDORSEMENT_PROPERTY_UW' is clicked on

2018-02-13 17:04:03 - [MESSAGE][PASSED] - Delayed 4 second(s)

2018-02-13 17:04:03 - [MESSAGE][PASSED] - Object: 'Object Repository/Endorsement_OR/btn_RECALCULATE_UW' is clicked on

2018-02-13 17:04:07 - [MESSAGE][PASSED] - Delayed 4 second(s)

2018-02-13 17:04:08 - [MESSAGE][PASSED] - Object: 'Object Repository/Endorsement_OR/btn_GENERATE_FORMS_UW' is clicked on

2018-02-13 17:04:12 - [MESSAGE][PASSED] - Delayed 4 second(s)

2018-02-13 17:04:12 - [MESSAGE][PASSED] - Object: 'Object Repository/Endorsement_OR/btn_APPROVE_ENDORSEMENT' is clicked on

2018-02-13 17:04:18 - [MESSAGE][PASSED] - Delayed 6 second(s)

2018-02-13 17:04:18 - [MESSAGE][PASSED] - Object: 'Object Repository/Endorsement_OR/chkbx_HOMEOWNER_END_FORM' is clicked on

2018-02-13 17:04:22 - [MESSAGE][PASSED] - Delayed 4 second(s)

2018-02-13 17:04:22 - [MESSAGE][PASSED] - Object: 'Object Repository/Endorsement_OR/chkbx_HOMEOWNER_END_FORM' is clicked on

2018-02-13 17:04:26 - [MESSAGE][PASSED] - Delayed 4 second(s)

2018-02-13 17:04:26 - [MESSAGE][PASSED] - Object: 'Object Repository/Endorsement_OR/btn_FILLDATA_HOMEOWNER_END_FORM' is clicked on

2018-02-13 17:04:36 - [MESSAGE][PASSED] - Delayed 10 second(s)

2018-02-13 17:04:36 - [MESSAGE][PASSED] - Text 'Testing' is set on object 'Object Repository/Endorsement_OR/txtfield_HOMEOWNER_END_FORM'

2018-02-13 17:04:40 - [MESSAGE][PASSED] - Delayed 4 second(s)

2018-02-13 17:04:42 - [MESSAGE][PASSED] - Object: 'Object Repository/Endorsement_OR/btn_SUBMIT_HOMEOWNER_END_FORM' is clicked on

2018-02-13 17:04:46 - [MESSAGE][PASSED] - Delayed 4 second(s)

2018-02-13 17:04:51 - [MESSAGE][PASSED] - Object: 'Object Repository/Endorsement_OR/btn_VIEW_DRAFT_END' is clicked on

2018-02-13 17:04:55 - [MESSAGE][PASSED] - Delayed 4 second(s)

2018-02-13 17:05:00 - [MESSAGE][PASSED] - Object: 'Object Repository/Endorsement_OR/btn_APPROVE_ENDORSEMENT' is clicked on

2018-02-13 17:06:40 - [MESSAGE][PASSED] - Delayed 100 second(s)

2018-02-13 17:06:41 - [MESSAGE][PASSED] - Object: 'Object Repository/Endorsement_OR/btn_LOGOUT_UW' is clicked on

2018-02-13 17:06:51 - [MESSAGE][PASSED] - Delayed 10 second(s)

2018-02-13 17:06:51 - [MESSAGE][PASSED] - com.PPE.Endorsement_UW.EndorsementByUW is PASSED]]></system-out>
         <system-err><![CDATA[]]></system-err>
      </testcase>
      <testcase name="Test Cases/AGENT_ENDORSEMENT_REQUEST" classname="Test Cases/AGENT_ENDORSEMENT_REQUEST" status="FAILED">
         <failure type="FAILED" message="Unable to click on object 'Object Repository/Endorsement_OR/btn_YES_CONFIRMATION_ENDORSEMENT' (Root cause: org.openqa.selenium.ElementNotVisibleException: element not visible
  (Session info: chrome=63.0.3239.132)
  (Driver info: chromedriver=2.33.506120 (e3e53437346286c0bc2d2dc9aa4915ba81d9023f),platform=Windows NT 6.1.7601 SP1 x86_64) (WARNING: The server did not provide any stacktrace information)
Command duration or timeout: 22 milliseconds
Build info: version: '2.53.0', revision: '35ae25b', time: '2016-03-15 17:00:58'
System info: host: 'CTS-QUA-4', ip: '192.168.0.4', os.name: 'Windows 7', os.arch: 'amd64', os.version: '6.1', java.version: '1.8.0_102'
Driver info: com.kms.katalon.selenium.driver.CChromeDriver
Capabilities [{applicationCacheEnabled=false, rotatable=false, mobileEmulationEnabled=false, networkConnectionEnabled=false, chrome={chromedriverVersion=2.33.506120 (e3e53437346286c0bc2d2dc9aa4915ba81d9023f), userDataDir=C:\Users\GSALUN~1\AppData\Local\Temp\scoped_dir9564_13931}, takesHeapSnapshot=true, pageLoadStrategy=normal, databaseEnabled=false, handlesAlerts=true, hasTouchScreen=false, version=63.0.3239.132, platform=XP, browserConnectionEnabled=false, nativeEvents=true, acceptSslCerts=true, locationContextEnabled=true, webStorageEnabled=true, browserName=chrome, takesScreenshot=true, javascriptEnabled=true, cssSelectorsEnabled=true, setWindowRect=true, unexpectedAlertBehaviour=}]
Session ID: ea870ab64a9f3c160cae1161badca221)"/>
         <system-out><![CDATA[2018-02-13 17:06:51 - [TEST_CASE][FAILED] - Test Cases/AGENT_ENDORSEMENT_REQUEST: Test Cases/AGENT_ENDORSEMENT_REQUEST FAILED because (of) Unable to click on object 'Object Repository/Endorsement_OR/btn_YES_CONFIRMATION_ENDORSEMENT' (Root cause: org.openqa.selenium.ElementNotVisibleException: element not visible
  (Session info: chrome=63.0.3239.132)
  (Driver info: chromedriver=2.33.506120 (e3e53437346286c0bc2d2dc9aa4915ba81d9023f),platform=Windows NT 6.1.7601 SP1 x86_64) (WARNING: The server did not provide any stacktrace information)
Command duration or timeout: 22 milliseconds
Build info: version: '2.53.0', revision: '35ae25b', time: '2016-03-15 17:00:58'
System info: host: 'CTS-QUA-4', ip: '192.168.0.4', os.name: 'Windows 7', os.arch: 'amd64', os.version: '6.1', java.version: '1.8.0_102'
Driver info: com.kms.katalon.selenium.driver.CChromeDriver
Capabilities [{applicationCacheEnabled=false, rotatable=false, mobileEmulationEnabled=false, networkConnectionEnabled=false, chrome={chromedriverVersion=2.33.506120 (e3e53437346286c0bc2d2dc9aa4915ba81d9023f), userDataDir=C:\Users\GSALUN~1\AppData\Local\Temp\scoped_dir9564_13931}, takesHeapSnapshot=true, pageLoadStrategy=normal, databaseEnabled=false, handlesAlerts=true, hasTouchScreen=false, version=63.0.3239.132, platform=XP, browserConnectionEnabled=false, nativeEvents=true, acceptSslCerts=true, locationContextEnabled=true, webStorageEnabled=true, browserName=chrome, takesScreenshot=true, javascriptEnabled=true, cssSelectorsEnabled=true, setWindowRect=true, unexpectedAlertBehaviour=}]
Session ID: ea870ab64a9f3c160cae1161badca221)

2018-02-13 17:06:51 - [TEST_STEP][FAILED] - com.PPE.Endorsement_Agent.EndorsementByUW: Unable to click on object 'Object Repository/Endorsement_OR/btn_YES_CONFIRMATION_ENDORSEMENT' (Root cause: org.openqa.selenium.ElementNotVisibleException: element not visible
  (Session info: chrome=63.0.3239.132)
  (Driver info: chromedriver=2.33.506120 (e3e53437346286c0bc2d2dc9aa4915ba81d9023f),platform=Windows NT 6.1.7601 SP1 x86_64) (WARNING: The server did not provide any stacktrace information)
Command duration or timeout: 22 milliseconds
Build info: version: '2.53.0', revision: '35ae25b', time: '2016-03-15 17:00:58'
System info: host: 'CTS-QUA-4', ip: '192.168.0.4', os.name: 'Windows 7', os.arch: 'amd64', os.version: '6.1', java.version: '1.8.0_102'
Driver info: com.kms.katalon.selenium.driver.CChromeDriver
Capabilities [{applicationCacheEnabled=false, rotatable=false, mobileEmulationEnabled=false, networkConnectionEnabled=false, chrome={chromedriverVersion=2.33.506120 (e3e53437346286c0bc2d2dc9aa4915ba81d9023f), userDataDir=C:\Users\GSALUN~1\AppData\Local\Temp\scoped_dir9564_13931}, takesHeapSnapshot=true, pageLoadStrategy=normal, databaseEnabled=false, handlesAlerts=true, hasTouchScreen=false, version=63.0.3239.132, platform=XP, browserConnectionEnabled=false, nativeEvents=true, acceptSslCerts=true, locationContextEnabled=true, webStorageEnabled=true, browserName=chrome, takesScreenshot=true, javascriptEnabled=true, cssSelectorsEnabled=true, setWindowRect=true, unexpectedAlertBehaviour=}]
Session ID: ea870ab64a9f3c160cae1161badca221)

2018-02-13 17:06:51 - [MESSAGE][PASSED] - Text 'ih.chelms' is set on object 'Object Repository/Quote_OR/txtfield_USERNAME'

2018-02-13 17:06:51 - [MESSAGE][PASSED] - Text '10#Hammer' is set on object 'Object Repository/Quote_OR/txtfield_PASSWORD'

2018-02-13 17:06:52 - [MESSAGE][PASSED] - Object: 'Object Repository/Quote_OR/btn-LOGIN' is clicked on

2018-02-13 17:07:07 - [MESSAGE][PASSED] - Delayed 15 second(s)

2018-02-13 17:07:08 - [MESSAGE][PASSED] - Object: 'Object Repository/Application_OR/btn_UW_APPLICATION_STATUS_MENU' is clicked on

2018-02-13 17:07:08 - [MESSAGE][FAILED] - Unable to click on object 'Object Repository/Endorsement_OR/btn_YES_CONFIRMATION_ENDORSEMENT' (Root cause: org.openqa.selenium.ElementNotVisibleException: element not visible
  (Session info: chrome=63.0.3239.132)
  (Driver info: chromedriver=2.33.506120 (e3e53437346286c0bc2d2dc9aa4915ba81d9023f),platform=Windows NT 6.1.7601 SP1 x86_64) (WARNING: The server did not provide any stacktrace information)
Command duration or timeout: 22 milliseconds
Build info: version: '2.53.0', revision: '35ae25b', time: '2016-03-15 17:00:58'
System info: host: 'CTS-QUA-4', ip: '192.168.0.4', os.name: 'Windows 7', os.arch: 'amd64', os.version: '6.1', java.version: '1.8.0_102'
Driver info: com.kms.katalon.selenium.driver.CChromeDriver
Capabilities [{applicationCacheEnabled=false, rotatable=false, mobileEmulationEnabled=false, networkConnectionEnabled=false, chrome={chromedriverVersion=2.33.506120 (e3e53437346286c0bc2d2dc9aa4915ba81d9023f), userDataDir=C:\Users\GSALUN~1\AppData\Local\Temp\scoped_dir9564_13931}, takesHeapSnapshot=true, pageLoadStrategy=normal, databaseEnabled=false, handlesAlerts=true, hasTouchScreen=false, version=63.0.3239.132, platform=XP, browserConnectionEnabled=false, nativeEvents=true, acceptSslCerts=true, locationContextEnabled=true, webStorageEnabled=true, browserName=chrome, takesScreenshot=true, javascriptEnabled=true, cssSelectorsEnabled=true, setWindowRect=true, unexpectedAlertBehaviour=}]
Session ID: ea870ab64a9f3c160cae1161badca221)
[[ATTACHMENT|D:\\Katalon_Practice_Workspace\\Katalon_PPE_GANESH\\Reports\\PPE\\20180213_165328\\1518521828112.png]]

2018-02-13 17:07:08 - [MESSAGE][FAILED] - Unable to click on object 'Object Repository/Endorsement_OR/btn_YES_CONFIRMATION_ENDORSEMENT' (Root cause: org.openqa.selenium.ElementNotVisibleException: element not visible
  (Session info: chrome=63.0.3239.132)
  (Driver info: chromedriver=2.33.506120 (e3e53437346286c0bc2d2dc9aa4915ba81d9023f),platform=Windows NT 6.1.7601 SP1 x86_64) (WARNING: The server did not provide any stacktrace information)
Command duration or timeout: 22 milliseconds
Build info: version: '2.53.0', revision: '35ae25b', time: '2016-03-15 17:00:58'
System info: host: 'CTS-QUA-4', ip: '192.168.0.4', os.name: 'Windows 7', os.arch: 'amd64', os.version: '6.1', java.version: '1.8.0_102'
Driver info: com.kms.katalon.selenium.driver.CChromeDriver
Capabilities [{applicationCacheEnabled=false, rotatable=false, mobileEmulationEnabled=false, networkConnectionEnabled=false, chrome={chromedriverVersion=2.33.506120 (e3e53437346286c0bc2d2dc9aa4915ba81d9023f), userDataDir=C:\Users\GSALUN~1\AppData\Local\Temp\scoped_dir9564_13931}, takesHeapSnapshot=true, pageLoadStrategy=normal, databaseEnabled=false, handlesAlerts=true, hasTouchScreen=false, version=63.0.3239.132, platform=XP, browserConnectionEnabled=false, nativeEvents=true, acceptSslCerts=true, locationContextEnabled=true, webStorageEnabled=true, browserName=chrome, takesScreenshot=true, javascriptEnabled=true, cssSelectorsEnabled=true, setWindowRect=true, unexpectedAlertBehaviour=}]
Session ID: ea870ab64a9f3c160cae1161badca221)]]></system-out>
         <system-err><![CDATA[2018-02-13 17:06:51 - [TEST_CASE][FAILED] - Test Cases/AGENT_ENDORSEMENT_REQUEST: Test Cases/AGENT_ENDORSEMENT_REQUEST FAILED because (of) Unable to click on object 'Object Repository/Endorsement_OR/btn_YES_CONFIRMATION_ENDORSEMENT' (Root cause: org.openqa.selenium.ElementNotVisibleException: element not visible
  (Session info: chrome=63.0.3239.132)
  (Driver info: chromedriver=2.33.506120 (e3e53437346286c0bc2d2dc9aa4915ba81d9023f),platform=Windows NT 6.1.7601 SP1 x86_64) (WARNING: The server did not provide any stacktrace information)
Command duration or timeout: 22 milliseconds
Build info: version: '2.53.0', revision: '35ae25b', time: '2016-03-15 17:00:58'
System info: host: 'CTS-QUA-4', ip: '192.168.0.4', os.name: 'Windows 7', os.arch: 'amd64', os.version: '6.1', java.version: '1.8.0_102'
Driver info: com.kms.katalon.selenium.driver.CChromeDriver
Capabilities [{applicationCacheEnabled=false, rotatable=false, mobileEmulationEnabled=false, networkConnectionEnabled=false, chrome={chromedriverVersion=2.33.506120 (e3e53437346286c0bc2d2dc9aa4915ba81d9023f), userDataDir=C:\Users\GSALUN~1\AppData\Local\Temp\scoped_dir9564_13931}, takesHeapSnapshot=true, pageLoadStrategy=normal, databaseEnabled=false, handlesAlerts=true, hasTouchScreen=false, version=63.0.3239.132, platform=XP, browserConnectionEnabled=false, nativeEvents=true, acceptSslCerts=true, locationContextEnabled=true, webStorageEnabled=true, browserName=chrome, takesScreenshot=true, javascriptEnabled=true, cssSelectorsEnabled=true, setWindowRect=true, unexpectedAlertBehaviour=}]
Session ID: ea870ab64a9f3c160cae1161badca221)]]></system-err>
      </testcase>
      <system-out><![CDATA[2018-02-13 16:53:30 - [TEST_SUITE][FAILED] - PPE: Test Cases/AGENT_ENDORSEMENT_REQUEST FAILED because (of) Unable to click on object 'Object Repository/Endorsement_OR/btn_YES_CONFIRMATION_ENDORSEMENT' (Root cause: org.openqa.selenium.ElementNotVisibleException: element not visible
  (Session info: chrome=63.0.3239.132)
  (Driver info: chromedriver=2.33.506120 (e3e53437346286c0bc2d2dc9aa4915ba81d9023f),platform=Windows NT 6.1.7601 SP1 x86_64) (WARNING: The server did not provide any stacktrace information)
Command duration or timeout: 22 milliseconds
Build info: version: '2.53.0', revision: '35ae25b', time: '2016-03-15 17:00:58'
System info: host: 'CTS-QUA-4', ip: '192.168.0.4', os.name: 'Windows 7', os.arch: 'amd64', os.version: '6.1', java.version: '1.8.0_102'
Driver info: com.kms.katalon.selenium.driver.CChromeDriver
Capabilities [{applicationCacheEnabled=false, rotatable=false, mobileEmulationEnabled=false, networkConnectionEnabled=false, chrome={chromedriverVersion=2.33.506120 (e3e53437346286c0bc2d2dc9aa4915ba81d9023f), userDataDir=C:\Users\GSALUN~1\AppData\Local\Temp\scoped_dir9564_13931}, takesHeapSnapshot=true, pageLoadStrategy=normal, databaseEnabled=false, handlesAlerts=true, hasTouchScreen=false, version=63.0.3239.132, platform=XP, browserConnectionEnabled=false, nativeEvents=true, acceptSslCerts=true, locationContextEnabled=true, webStorageEnabled=true, browserName=chrome, takesScreenshot=true, javascriptEnabled=true, cssSelectorsEnabled=true, setWindowRect=true, unexpectedAlertBehaviour=}]
Session ID: ea870ab64a9f3c160cae1161badca221)]]></system-out>
      <system-err><![CDATA[2018-02-13 16:53:30 - [TEST_SUITE][FAILED] - PPE: Test Cases/AGENT_ENDORSEMENT_REQUEST FAILED because (of) Unable to click on object 'Object Repository/Endorsement_OR/btn_YES_CONFIRMATION_ENDORSEMENT' (Root cause: org.openqa.selenium.ElementNotVisibleException: element not visible
  (Session info: chrome=63.0.3239.132)
  (Driver info: chromedriver=2.33.506120 (e3e53437346286c0bc2d2dc9aa4915ba81d9023f),platform=Windows NT 6.1.7601 SP1 x86_64) (WARNING: The server did not provide any stacktrace information)
Command duration or timeout: 22 milliseconds
Build info: version: '2.53.0', revision: '35ae25b', time: '2016-03-15 17:00:58'
System info: host: 'CTS-QUA-4', ip: '192.168.0.4', os.name: 'Windows 7', os.arch: 'amd64', os.version: '6.1', java.version: '1.8.0_102'
Driver info: com.kms.katalon.selenium.driver.CChromeDriver
Capabilities [{applicationCacheEnabled=false, rotatable=false, mobileEmulationEnabled=false, networkConnectionEnabled=false, chrome={chromedriverVersion=2.33.506120 (e3e53437346286c0bc2d2dc9aa4915ba81d9023f), userDataDir=C:\Users\GSALUN~1\AppData\Local\Temp\scoped_dir9564_13931}, takesHeapSnapshot=true, pageLoadStrategy=normal, databaseEnabled=false, handlesAlerts=true, hasTouchScreen=false, version=63.0.3239.132, platform=XP, browserConnectionEnabled=false, nativeEvents=true, acceptSslCerts=true, locationContextEnabled=true, webStorageEnabled=true, browserName=chrome, takesScreenshot=true, javascriptEnabled=true, cssSelectorsEnabled=true, setWindowRect=true, unexpectedAlertBehaviour=}]
Session ID: ea870ab64a9f3c160cae1161badca221)]]></system-err>
   </testsuite>
</testsuites>
