<?xml version="1.0" encoding="UTF-8"?>
<testsuites name="PPE" time="470" tests="2" failures="1" errors="1">
   <testsuite name="PPE" tests="2" failures="1" errors="1" time="470" timestamp="2018-01-25 19:19:22" hostname="gsalunkhe - CTS-QUA-4.cogitate.india" id="Test Suites/PPE">
      <properties>
         <property name="deviceName" value=""/>
         <property name="devicePlatform" value=""/>
         <property name="logFolder" value="D:\\Katalon_Practice_Workspace\\Katalon_Mitendra\\Reports\\PPE\\20180125_191920"/>
         <property name="logFiles" value="D:\\Katalon_Practice_Workspace\\Katalon_Mitendra\\Reports\\PPE\\20180125_191920\\execution0.log"/>
         <property name="attachments" value="D:\\Katalon_Practice_Workspace\\Katalon_Mitendra\\Reports\\PPE\\20180125_191920\\1516888630954.png"/>
         <property name="hostName" value="gsalunkhe - CTS-QUA-4.cogitate.india"/>
         <property name="os" value="Windows 7 64bit"/>
         <property name="katalonVersion" value="5.0.1.1"/>
         <property name="browser" value="Chrome 63.0.3239.132"/>
         <property name="hostAddress" value="192.168.0.4"/>
         <property name="sessionId" value="71d621958b7f4ca38a5d03c14812fc8c"/>
         <property name="seleniumVersion" value="2.53.0"/>
         <property name="proxyInformation" value="ProxyInformation{proxyOption=NO_PROXY, proxyServerType=HTTP, password=, proxyServerAddress=, proxyServerPort=0}"/>
         <property name="platform" value="Windows 7"/>
      </properties>
      <testcase name="Test Cases/QUOTE_CREATION" classname="Test Cases/QUOTE_CREATION" status="PASSED">
         <system-out><![CDATA[2018-01-25 19:19:22 - [TEST_CASE][PASSED] - Test Cases/QUOTE_CREATION: Test Cases/QUOTE_CREATION

2018-01-25 19:19:22 - [TEST_STEP][PASSED] - openBrowser: Browser is opened with url: 'http://13.90.102.191:8066'

2018-01-25 19:19:29 - [MESSAGE][PASSED] - Browser is opened with url: 'http://13.90.102.191:8066'

2018-01-25 19:19:29 - [TEST_STEP][PASSED] - maximizeWindow: Current window maximized

2018-01-25 19:19:31 - [MESSAGE][PASSED] - Current window maximized

2018-01-25 19:19:31 - [TEST_STEP][PASSED] - setText: Text 'ih.chelms' is set on object 'Object Repository/Quote_OR/txtfield_USERNAME'

2018-01-25 19:19:31 - [MESSAGE][PASSED] - Text 'ih.chelms' is set on object 'Object Repository/Quote_OR/txtfield_USERNAME'

2018-01-25 19:19:31 - [TEST_STEP][PASSED] - setText: Text '10#Hammer' is set on object 'Object Repository/Quote_OR/txtfield_PASSWORD'

2018-01-25 19:19:31 - [MESSAGE][PASSED] - Text '10#Hammer' is set on object 'Object Repository/Quote_OR/txtfield_PASSWORD'

2018-01-25 19:19:31 - [TEST_STEP][PASSED] - click: Object: 'Object Repository/Quote_OR/btn-LOGIN' is clicked on

2018-01-25 19:19:39 - [MESSAGE][PASSED] - Object: 'Object Repository/Quote_OR/btn-LOGIN' is clicked on

2018-01-25 19:19:39 - [TEST_STEP][PASSED] - setText: Text '2904 Carson Dr Columbus, GA 31906 USA' is set on object 'Object Repository/Quote_OR/txtfield_ADDRESS_ON_LANDING_PAGE'

2018-01-25 19:19:39 - [MESSAGE][PASSED] - Text '2904 Carson Dr Columbus, GA 31906 USA' is set on object 'Object Repository/Quote_OR/txtfield_ADDRESS_ON_LANDING_PAGE'

2018-01-25 19:19:39 - [TEST_STEP][PASSED] - click: Object: 'Object Repository/Quote_OR/btn_SEARCH_ADDRESS' is clicked on

2018-01-25 19:19:52 - [MESSAGE][PASSED] - Object: 'Object Repository/Quote_OR/btn_SEARCH_ADDRESS' is clicked on

2018-01-25 19:19:52 - [TEST_STEP][PASSED] - waitForPageLoad: Wait for page load successfully

2018-01-25 19:19:52 - [MESSAGE][PASSED] - Wait for page load successfully

2018-01-25 19:19:52 - [TEST_STEP][PASSED] - selectOptionByIndex: All options with index in [1] are selected on object 'Object Repository/Quote_OR/drp_PROPERTY_TYPE'

2018-01-25 19:19:52 - [MESSAGE][PASSED] - All options with index in [1] are selected on object 'Object Repository/Quote_OR/drp_PROPERTY_TYPE'

2018-01-25 19:19:52 - [TEST_STEP][PASSED] - setText: Text '' is set on object 'Object Repository/Quote_OR/txtfield_HOME_VALUATION'

2018-01-25 19:19:52 - [MESSAGE][PASSED] - Text '' is set on object 'Object Repository/Quote_OR/txtfield_HOME_VALUATION'

2018-01-25 19:19:52 - [TEST_STEP][PASSED] - selectOptionByIndex: All options with index in [2] are selected on object 'Object Repository/Quote_OR/drp_CONSTRUCTION_TYPE'

2018-01-25 19:19:53 - [MESSAGE][PASSED] - All options with index in [2] are selected on object 'Object Repository/Quote_OR/drp_CONSTRUCTION_TYPE'

2018-01-25 19:19:53 - [TEST_STEP][PASSED] - setText: Text '100000' is set on object 'Object Repository/Quote_OR/txtfield_HOME_VALUATION'

2018-01-25 19:19:53 - [MESSAGE][PASSED] - Text '100000' is set on object 'Object Repository/Quote_OR/txtfield_HOME_VALUATION'

2018-01-25 19:19:53 - [TEST_STEP][PASSED] - delay: Delayed 2 second(s)

2018-01-25 19:19:55 - [MESSAGE][PASSED] - Delayed 2 second(s)

2018-01-25 19:19:55 - [TEST_STEP][PASSED] - setText: Text '' is set on object 'Object Repository/Quote_OR/txtbx_YEARHOMEBUILD'

2018-01-25 19:19:55 - [MESSAGE][PASSED] - Text '' is set on object 'Object Repository/Quote_OR/txtbx_YEARHOMEBUILD'

2018-01-25 19:19:55 - [TEST_STEP][PASSED] - setText: Text '1968' is set on object 'Object Repository/Quote_OR/txtbx_YEARHOMEBUILD'

2018-01-25 19:19:55 - [MESSAGE][PASSED] - Text '1968' is set on object 'Object Repository/Quote_OR/txtbx_YEARHOMEBUILD'

2018-01-25 19:19:55 - [TEST_STEP][PASSED] - click: Object: 'Object Repository/Quote_OR/btn_GETQUOTE' is clicked on

2018-01-25 19:19:55 - [MESSAGE][PASSED] - Object: 'Object Repository/Quote_OR/btn_GETQUOTE' is clicked on

2018-01-25 19:19:55 - [TEST_STEP][PASSED] - delay: Delayed 1 second(s)

2018-01-25 19:19:56 - [MESSAGE][PASSED] - Delayed 1 second(s)

2018-01-25 19:19:56 - [TEST_STEP][PASSED] - click: Object: 'Object Repository/Quote_OR/btn_SENDQUOTE' is clicked on

2018-01-25 19:20:03 - [MESSAGE][PASSED] - Object: 'Object Repository/Quote_OR/btn_SENDQUOTE' is clicked on

2018-01-25 19:20:03 - [TEST_STEP][PASSED] - delay: Delayed 1 second(s)

2018-01-25 19:20:04 - [MESSAGE][PASSED] - Delayed 1 second(s)

2018-01-25 19:20:04 - [TEST_STEP][PASSED] - setText: Text 'Ganesh' is set on object 'Object Repository/Quote_OR/txtfield_SENDQUOTE_FIRSTNAME'

2018-01-25 19:20:04 - [MESSAGE][PASSED] - Text 'Ganesh' is set on object 'Object Repository/Quote_OR/txtfield_SENDQUOTE_FIRSTNAME'

2018-01-25 19:20:04 - [TEST_STEP][PASSED] - setText: Text 'Salunkhe' is set on object 'Object Repository/Quote_OR/txtfield_SENDQUOTE_LASTNAME'

2018-01-25 19:20:05 - [MESSAGE][PASSED] - Text 'Salunkhe' is set on object 'Object Repository/Quote_OR/txtfield_SENDQUOTE_LASTNAME'

2018-01-25 19:20:05 - [TEST_STEP][PASSED] - delay: Delayed 5 second(s)

2018-01-25 19:20:10 - [MESSAGE][PASSED] - Delayed 5 second(s)

2018-01-25 19:20:10 - [TEST_STEP][PASSED] - setText: Text '9768180080' is set on object 'Object Repository/Quote_OR/txtfield_SENDQUOTE_CONTACTNUMBER'

2018-01-25 19:20:10 - [MESSAGE][PASSED] - Text '9768180080' is set on object 'Object Repository/Quote_OR/txtfield_SENDQUOTE_CONTACTNUMBER'

2018-01-25 19:20:10 - [TEST_STEP][PASSED] - delay: Delayed 5 second(s)

2018-01-25 19:20:15 - [MESSAGE][PASSED] - Delayed 5 second(s)

2018-01-25 19:20:15 - [TEST_STEP][PASSED] - setText: Text 'gsalunkhe@cogitate.us' is set on object 'Object Repository/Quote_OR/txtfield_SENDQUOTE_EMAIL'

2018-01-25 19:20:15 - [MESSAGE][PASSED] - Text 'gsalunkhe@cogitate.us' is set on object 'Object Repository/Quote_OR/txtfield_SENDQUOTE_EMAIL'

2018-01-25 19:20:15 - [TEST_STEP][PASSED] - delay: Delayed 10 second(s)

2018-01-25 19:20:25 - [MESSAGE][PASSED] - Delayed 10 second(s)

2018-01-25 19:20:25 - [TEST_STEP][PASSED] - click: Object: 'Object Repository/Quote_OR/btn_SEND_QUOTE_DETAILS' is clicked on

2018-01-25 19:20:26 - [MESSAGE][PASSED] - Object: 'Object Repository/Quote_OR/btn_SEND_QUOTE_DETAILS' is clicked on

2018-01-25 19:20:26 - [TEST_STEP][PASSED] - selectOptionByIndex: All options with index in [1] are selected on object 'Object Repository/Quote_OR/drp_CONSTRUCTION_TYPE'

2018-01-25 19:20:26 - [MESSAGE][PASSED] - All options with index in [1] are selected on object 'Object Repository/Quote_OR/drp_CONSTRUCTION_TYPE'

2018-01-25 19:20:26 - [TEST_STEP][PASSED] - delay: Delayed 5 second(s)

2018-01-25 19:20:31 - [MESSAGE][PASSED] - Delayed 5 second(s)

2018-01-25 19:20:31 - [TEST_STEP][PASSED] - click: Object: 'Object Repository/Quote_OR/btn_RECALCULATE_PREMIUM' is clicked on

2018-01-25 19:20:31 - [MESSAGE][PASSED] - Object: 'Object Repository/Quote_OR/btn_RECALCULATE_PREMIUM' is clicked on]]></system-out>
         <system-err><![CDATA[]]></system-err>
      </testcase>
      <testcase name="Test Cases/APPLICATION_CREATION" classname="Test Cases/APPLICATION_CREATION" status="PASSED">
         <system-out><![CDATA[2018-01-25 19:20:31 - [TEST_CASE][PASSED] - Test Cases/APPLICATION_CREATION: Test Cases/APPLICATION_CREATION

2018-01-25 19:20:31 - [TEST_STEP][PASSED] - setText: Text '2132 Wells Dr Columbus, GA 31906 USA' is set on object 'Object Repository/Application_OR/txtfield_ADDRESS_ON_QUOTE_PAGE'

2018-01-25 19:20:32 - [MESSAGE][PASSED] - Text '2132 Wells Dr Columbus, GA 31906 USA' is set on object 'Object Repository/Application_OR/txtfield_ADDRESS_ON_QUOTE_PAGE'

2018-01-25 19:20:32 - [TEST_STEP][PASSED] - click: Object: 'Object Repository/Application_OR/btn_SEARCH_ADDRESS_QUOTE_PAGE' is clicked on

2018-01-25 19:20:46 - [MESSAGE][PASSED] - Object: 'Object Repository/Application_OR/btn_SEARCH_ADDRESS_QUOTE_PAGE' is clicked on

2018-01-25 19:20:46 - [TEST_STEP][PASSED] - Statement - Address = com.kms.katalon.core.testobject.ObjectRepository.findTestObject(Endorsement_OR/get_Address): Finding Test Object with id 'Object Repository/Endorsement_OR/get_Address'

2018-01-25 19:20:46 - [TEST_STEP][PASSED] - Statement - propertyaddress = com.kms.katalon.core.webui.keyword.WebUiBuiltInKeywords.getAttribute(Address, "value"): Attribute 'value' of object 'Object Repository/Endorsement_OR/get_Address' is: '2132 Wells Dr, Columbus, GA 31906, USA'

2018-01-25 19:20:46 - [MESSAGE][PASSED] - Attribute 'value' of object 'Object Repository/Endorsement_OR/get_Address' is: '2132 Wells Dr, Columbus, GA 31906, USA'

2018-01-25 19:20:46 - [TEST_STEP][PASSED] - Statement - println(propertyaddress): null

2018-01-25 19:20:46 - [TEST_STEP][PASSED] - Statement - propertyaddress = propertyaddress: null

2018-01-25 19:20:46 - [TEST_STEP][PASSED] - selectOptionByIndex: All options with index in [1] are selected on object 'Object Repository/Quote_OR/drp_PROPERTY_TYPE'

2018-01-25 19:20:46 - [MESSAGE][PASSED] - All options with index in [1] are selected on object 'Object Repository/Quote_OR/drp_PROPERTY_TYPE'

2018-01-25 19:20:46 - [TEST_STEP][PASSED] - setText: Text '' is set on object 'Object Repository/Quote_OR/txtbx_YEARHOMEBUILD'

2018-01-25 19:20:46 - [MESSAGE][PASSED] - Text '' is set on object 'Object Repository/Quote_OR/txtbx_YEARHOMEBUILD'

2018-01-25 19:20:46 - [TEST_STEP][PASSED] - setText: Text '2000' is set on object 'Object Repository/Quote_OR/txtbx_YEARHOMEBUILD'

2018-01-25 19:20:46 - [MESSAGE][PASSED] - Text '2000' is set on object 'Object Repository/Quote_OR/txtbx_YEARHOMEBUILD'

2018-01-25 19:20:46 - [TEST_STEP][PASSED] - selectOptionByIndex: All options with index in [2] are selected on object 'Object Repository/Quote_OR/drp_CONSTRUCTION_TYPE'

2018-01-25 19:20:46 - [MESSAGE][PASSED] - All options with index in [2] are selected on object 'Object Repository/Quote_OR/drp_CONSTRUCTION_TYPE'

2018-01-25 19:20:46 - [TEST_STEP][PASSED] - setText: Text '' is set on object 'Object Repository/Quote_OR/txtfield_HOME_VALUATION'

2018-01-25 19:20:47 - [MESSAGE][PASSED] - Text '' is set on object 'Object Repository/Quote_OR/txtfield_HOME_VALUATION'

2018-01-25 19:20:47 - [TEST_STEP][PASSED] - setText: Text '100000' is set on object 'Object Repository/Quote_OR/txtfield_HOME_VALUATION'

2018-01-25 19:20:47 - [MESSAGE][PASSED] - Text '100000' is set on object 'Object Repository/Quote_OR/txtfield_HOME_VALUATION'

2018-01-25 19:20:47 - [TEST_STEP][PASSED] - click: Object: 'Object Repository/Quote_OR/btn_GETQUOTE' is clicked on

2018-01-25 19:20:47 - [MESSAGE][PASSED] - Object: 'Object Repository/Quote_OR/btn_GETQUOTE' is clicked on

2018-01-25 19:20:47 - [TEST_STEP][PASSED] - delay: Delayed 1 second(s)

2018-01-25 19:20:48 - [MESSAGE][PASSED] - Delayed 1 second(s)

2018-01-25 19:20:48 - [TEST_STEP][PASSED] - click: Object: 'Object Repository/Application_OR/btn_TOAPPLICATION' is clicked on

2018-01-25 19:21:18 - [MESSAGE][PASSED] - Object: 'Object Repository/Application_OR/btn_TOAPPLICATION' is clicked on

2018-01-25 19:21:18 - [TEST_STEP][PASSED] - delay: Delayed 10 second(s)

2018-01-25 19:21:28 - [MESSAGE][PASSED] - Delayed 10 second(s)

2018-01-25 19:21:28 - [TEST_STEP][PASSED] - click: Object: 'Object Repository/Application_OR/btn_CONTINUE_UW_QUESTIONS' is clicked on

2018-01-25 19:21:28 - [MESSAGE][PASSED] - Object: 'Object Repository/Application_OR/btn_CONTINUE_UW_QUESTIONS' is clicked on

2018-01-25 19:21:28 - [TEST_STEP][PASSED] - delay: Delayed 10 second(s)

2018-01-25 19:21:38 - [MESSAGE][PASSED] - Delayed 10 second(s)

2018-01-25 19:21:38 - [TEST_STEP][PASSED] - delay: Delayed 3 second(s)

2018-01-25 19:21:41 - [MESSAGE][PASSED] - Delayed 3 second(s)

2018-01-25 19:21:41 - [TEST_STEP][PASSED] - click: Object: 'Object Repository/Application_OR/txtfield_INSURED_FIRSTNAME' is clicked on

2018-01-25 19:21:41 - [MESSAGE][PASSED] - Object: 'Object Repository/Application_OR/txtfield_INSURED_FIRSTNAME' is clicked on

2018-01-25 19:21:41 - [TEST_STEP][PASSED] - setText: Text 'Ross' is set on object 'Object Repository/Application_OR/txtfield_INSURED_FIRSTNAME'

2018-01-25 19:21:42 - [MESSAGE][PASSED] - Text 'Ross' is set on object 'Object Repository/Application_OR/txtfield_INSURED_FIRSTNAME'

2018-01-25 19:21:42 - [TEST_STEP][PASSED] - setText: Text 'Marshal' is set on object 'Object Repository/Application_OR/txtfield_INSURED_MIDDLENAME'

2018-01-25 19:21:42 - [MESSAGE][PASSED] - Text 'Marshal' is set on object 'Object Repository/Application_OR/txtfield_INSURED_MIDDLENAME'

2018-01-25 19:21:42 - [TEST_STEP][PASSED] - setText: Text 'Guptil' is set on object 'Object Repository/Application_OR/txtfield_INSURED_LASTNAME'

2018-01-25 19:21:42 - [MESSAGE][PASSED] - Text 'Guptil' is set on object 'Object Repository/Application_OR/txtfield_INSURED_LASTNAME'

2018-01-25 19:21:42 - [TEST_STEP][PASSED] - setText: Text '09/10/1999' is set on object 'Object Repository/Application_OR/txtfield_INSURED_DOB'

2018-01-25 19:21:42 - [MESSAGE][PASSED] - Text '09/10/1999' is set on object 'Object Repository/Application_OR/txtfield_INSURED_DOB'

2018-01-25 19:21:42 - [TEST_STEP][PASSED] - delay: Delayed 5 second(s)

2018-01-25 19:21:47 - [MESSAGE][PASSED] - Delayed 5 second(s)

2018-01-25 19:21:47 - [TEST_STEP][PASSED] - setText: Text 'gsalunkhe@cogitate.us' is set on object 'Object Repository/Application_OR/txtfield_INSURED_EMAIL'

2018-01-25 19:21:47 - [MESSAGE][PASSED] - Text 'gsalunkhe@cogitate.us' is set on object 'Object Repository/Application_OR/txtfield_INSURED_EMAIL'

2018-01-25 19:21:47 - [TEST_STEP][PASSED] - delay: Delayed 5 second(s)

2018-01-25 19:21:52 - [MESSAGE][PASSED] - Delayed 5 second(s)

2018-01-25 19:21:52 - [TEST_STEP][PASSED] - setText: Text '9768180080' is set on object 'Object Repository/Application_OR/txtfield_INSURED_CONTACTNUMBER'

2018-01-25 19:21:53 - [MESSAGE][PASSED] - Text '9768180080' is set on object 'Object Repository/Application_OR/txtfield_INSURED_CONTACTNUMBER'

2018-01-25 19:21:53 - [TEST_STEP][PASSED] - delay: Delayed 5 second(s)

2018-01-25 19:21:58 - [MESSAGE][PASSED] - Delayed 5 second(s)

2018-01-25 19:21:58 - [TEST_STEP][PASSED] - Statement - hdnPolicyInfoId = com.kms.katalon.core.testobject.ObjectRepository.findTestObject(Generic_OR/hdnPolicyInfoId): Finding Test Object with id 'Object Repository/Generic_OR/hdnPolicyInfoId'

2018-01-25 19:21:58 - [TEST_STEP][PASSED] - Statement - policyInfoid = com.kms.katalon.core.webui.keyword.WebUiBuiltInKeywords.getAttribute(hdnPolicyInfoId, "value"): Attribute 'value' of object 'Object Repository/Generic_OR/hdnPolicyInfoId' is: '3472'

2018-01-25 19:21:58 - [MESSAGE][PASSED] - Attribute 'value' of object 'Object Repository/Generic_OR/hdnPolicyInfoId' is: '3472'

2018-01-25 19:21:58 - [TEST_STEP][PASSED] - Statement - policyInfoId = policyInfoid: null

2018-01-25 19:21:58 - [TEST_STEP][PASSED] - click: Object: 'Object Repository/Application_OR/btn_POLICYHOLDER_SAVEANDCONTINUE' is clicked on

2018-01-25 19:21:58 - [MESSAGE][PASSED] - Object: 'Object Repository/Application_OR/btn_POLICYHOLDER_SAVEANDCONTINUE' is clicked on

2018-01-25 19:21:58 - [TEST_STEP][PASSED] - delay: Delayed 1 second(s)

2018-01-25 19:21:59 - [MESSAGE][PASSED] - Delayed 1 second(s)

2018-01-25 19:21:59 - [TEST_STEP][PASSED] - click: Object: 'Object Repository/Application_OR/drp_ROOFTYPE_PROPERTYPAGE' is clicked on

2018-01-25 19:22:00 - [MESSAGE][PASSED] - Object: 'Object Repository/Application_OR/drp_ROOFTYPE_PROPERTYPAGE' is clicked on

2018-01-25 19:22:00 - [TEST_STEP][PASSED] - delay: Delayed 3 second(s)

2018-01-25 19:22:03 - [MESSAGE][PASSED] - Delayed 3 second(s)

2018-01-25 19:22:03 - [TEST_STEP][PASSED] - selectOptionByIndex: All options with index in [1] are selected on object 'Object Repository/Application_OR/drp_ROOFTYPE_PROPERTYPAGE'

2018-01-25 19:22:03 - [MESSAGE][PASSED] - All options with index in [1] are selected on object 'Object Repository/Application_OR/drp_ROOFTYPE_PROPERTYPAGE'

2018-01-25 19:22:03 - [TEST_STEP][PASSED] - delay: Delayed 2 second(s)

2018-01-25 19:22:05 - [MESSAGE][PASSED] - Delayed 2 second(s)

2018-01-25 19:22:05 - [TEST_STEP][PASSED] - selectOptionByIndex: All options with index in [3] are selected on object 'Object Repository/Application_OR/drp_FOUNDATIONTYPE_PROPERTYPAGE'

2018-01-25 19:22:05 - [MESSAGE][PASSED] - All options with index in [3] are selected on object 'Object Repository/Application_OR/drp_FOUNDATIONTYPE_PROPERTYPAGE'

2018-01-25 19:22:05 - [TEST_STEP][PASSED] - delay: Delayed 2 second(s)

2018-01-25 19:22:07 - [MESSAGE][PASSED] - Delayed 2 second(s)

2018-01-25 19:22:07 - [TEST_STEP][PASSED] - selectOptionByIndex: All options with index in [7] are selected on object 'Object Repository/Application_OR/drp_HEATINGTYPE_PROPERTYPAGE'

2018-01-25 19:22:08 - [MESSAGE][PASSED] - All options with index in [7] are selected on object 'Object Repository/Application_OR/drp_HEATINGTYPE_PROPERTYPAGE'

2018-01-25 19:22:08 - [TEST_STEP][PASSED] - delay: Delayed 5 second(s)

2018-01-25 19:22:13 - [MESSAGE][PASSED] - Delayed 5 second(s)

2018-01-25 19:22:13 - [TEST_STEP][PASSED] - click: Object: 'Object Repository/Application_OR/btn_OCCUPANYPAGE_SAVEANDCONTINUE' is clicked on

2018-01-25 19:22:13 - [MESSAGE][PASSED] - Object: 'Object Repository/Application_OR/btn_OCCUPANYPAGE_SAVEANDCONTINUE' is clicked on

2018-01-25 19:22:13 - [TEST_STEP][PASSED] - delay: Delayed 4 second(s)

2018-01-25 19:22:17 - [MESSAGE][PASSED] - Delayed 4 second(s)

2018-01-25 19:22:17 - [TEST_STEP][PASSED] - click: Object: 'Object Repository/Application_OR/btn_YES_ROOFAGE_POPUP' is clicked on

2018-01-25 19:22:17 - [MESSAGE][PASSED] - Object: 'Object Repository/Application_OR/btn_YES_ROOFAGE_POPUP' is clicked on

2018-01-25 19:22:17 - [TEST_STEP][PASSED] - delay: Delayed 4 second(s)

2018-01-25 19:22:21 - [MESSAGE][PASSED] - Delayed 4 second(s)

2018-01-25 19:22:21 - [TEST_STEP][PASSED] - click: Object: 'Object Repository/Application_OR/btn_YES_ELECTRICALAGE_POPUP' is clicked on

2018-01-25 19:22:21 - [MESSAGE][PASSED] - Object: 'Object Repository/Application_OR/btn_YES_ELECTRICALAGE_POPUP' is clicked on

2018-01-25 19:22:21 - [TEST_STEP][PASSED] - delay: Delayed 4 second(s)

2018-01-25 19:22:25 - [MESSAGE][PASSED] - Delayed 4 second(s)

2018-01-25 19:22:25 - [TEST_STEP][PASSED] - click: Object: 'Object Repository/Application_OR/btn_YES_ELECTRICALAGE_POPUP' is clicked on

2018-01-25 19:22:25 - [MESSAGE][PASSED] - Object: 'Object Repository/Application_OR/btn_YES_ELECTRICALAGE_POPUP' is clicked on

2018-01-25 19:22:25 - [TEST_STEP][PASSED] - delay: Delayed 5 second(s)

2018-01-25 19:22:30 - [MESSAGE][PASSED] - Delayed 5 second(s)

2018-01-25 19:22:30 - [TEST_STEP][PASSED] - click: Object: 'Object Repository/Application_OR/btn_OCCUPANYPAGE_SAVEANDCONTINUE' is clicked on

2018-01-25 19:22:32 - [MESSAGE][PASSED] - Object: 'Object Repository/Application_OR/btn_OCCUPANYPAGE_SAVEANDCONTINUE' is clicked on

2018-01-25 19:22:32 - [TEST_STEP][PASSED] - delay: Delayed 5 second(s)

2018-01-25 19:22:37 - [MESSAGE][PASSED] - Delayed 5 second(s)

2018-01-25 19:22:37 - [TEST_STEP][PASSED] - check: Object 'Object Repository/Application_OR/chkbx_AGREEMENT' is checked

2018-01-25 19:22:37 - [MESSAGE][PASSED] - Object 'Object Repository/Application_OR/chkbx_AGREEMENT' is checked

2018-01-25 19:22:37 - [TEST_STEP][PASSED] - delay: Delayed 10 second(s)

2018-01-25 19:22:47 - [MESSAGE][PASSED] - Delayed 10 second(s)

2018-01-25 19:22:47 - [TEST_STEP][PASSED] - click: Object: 'Object Repository/Application_OR/btn_OCCUPANYPAGE_SAVEANDCONTINUE' is clicked on

2018-01-25 19:22:47 - [MESSAGE][PASSED] - Object: 'Object Repository/Application_OR/btn_OCCUPANYPAGE_SAVEANDCONTINUE' is clicked on

2018-01-25 19:22:47 - [TEST_STEP][PASSED] - delay: Delayed 5 second(s)

2018-01-25 19:22:52 - [MESSAGE][PASSED] - Delayed 5 second(s)

2018-01-25 19:22:52 - [TEST_STEP][PASSED] - click: Object: 'Object Repository/Application_OR/btn_SIGNAPPLICATION_AGENT' is clicked on

2018-01-25 19:23:07 - [MESSAGE][PASSED] - Object: 'Object Repository/Application_OR/btn_SIGNAPPLICATION_AGENT' is clicked on

2018-01-25 19:23:07 - [TEST_STEP][PASSED] - delay: Delayed 5 second(s)

2018-01-25 19:23:12 - [MESSAGE][PASSED] - Delayed 5 second(s)

2018-01-25 19:23:12 - [TEST_STEP][PASSED] - click: Object: 'Object Repository/Application_OR/btn_INSURED_SIGNATURE' is clicked on

2018-01-25 19:23:12 - [MESSAGE][PASSED] - Object: 'Object Repository/Application_OR/btn_INSURED_SIGNATURE' is clicked on

2018-01-25 19:23:12 - [TEST_STEP][PASSED] - delay: Delayed 5 second(s)

2018-01-25 19:23:17 - [MESSAGE][PASSED] - Delayed 5 second(s)

2018-01-25 19:23:17 - [TEST_STEP][PASSED] - click: Object: 'Object Repository/Application_OR/txtbx_INSURED_SIGNATURE' is clicked on

2018-01-25 19:23:17 - [MESSAGE][PASSED] - Object: 'Object Repository/Application_OR/txtbx_INSURED_SIGNATURE' is clicked on

2018-01-25 19:23:17 - [TEST_STEP][PASSED] - delay: Delayed 5 second(s)

2018-01-25 19:23:22 - [MESSAGE][PASSED] - Delayed 5 second(s)

2018-01-25 19:23:22 - [TEST_STEP][PASSED] - setText: Text 'Ross Marshal Guptil' is set on object 'Object Repository/Application_OR/txtbx_INSURED_SIGNATURE'

2018-01-25 19:23:23 - [MESSAGE][PASSED] - Text 'Ross Marshal Guptil' is set on object 'Object Repository/Application_OR/txtbx_INSURED_SIGNATURE'

2018-01-25 19:23:23 - [TEST_STEP][PASSED] - click: Object: 'Object Repository/Application_OR/btn_SUBMIT_INSURED_SIGNATURE' is clicked on

2018-01-25 19:23:23 - [MESSAGE][PASSED] - Object: 'Object Repository/Application_OR/btn_SUBMIT_INSURED_SIGNATURE' is clicked on

2018-01-25 19:23:23 - [TEST_STEP][PASSED] - Statement - otpQuery = "SELECT TOP 1 OtpGenerated FROM PPE_ApplicationForms_trn where PolicyInfoId = " + policyInfoId + " Order BY ModifiedDateTime DESC": null

2018-01-25 19:23:23 - [TEST_STEP][PASSED] - Statement - println("otpQuery" + " " + otpQuery): null

2018-01-25 19:23:23 - [TEST_STEP][PASSED] - com.PPE.Database_Connection.connectDB: com.PPE.Database_Connection.connectDB is PASSED

2018-01-25 19:23:24 - [MESSAGE][PASSED] - com.PPE.Database_Connection.connectDB is PASSED

2018-01-25 19:23:24 - [TEST_STEP][PASSED] - Statement - recordset = CustomKeywords.com.PPE.Database_Connection.executeQuery(otpQuery): com.PPE.Database_Connection.executeQuery is PASSED

2018-01-25 19:23:25 - [MESSAGE][PASSED] - com.PPE.Database_Connection.executeQuery is PASSED

2018-01-25 19:23:25 - [TEST_STEP][PASSED] - Statement - otp = 0: null

2018-01-25 19:23:25 - [TEST_STEP][PASSED] - Statement - While (recordset.next()): null

2018-01-25 19:23:25 - [TEST_STEP][PASSED] - Statement - otp = recordset.getObject("OtpGenerated"): null

2018-01-25 19:23:25 - [TEST_STEP][PASSED] - Statement - println("otp" + " " + otp): null

2018-01-25 19:23:25 - [TEST_STEP][PASSED] - delay: Delayed 10 second(s)

2018-01-25 19:23:35 - [MESSAGE][PASSED] - Delayed 10 second(s)

2018-01-25 19:23:35 - [TEST_STEP][PASSED] - Statement - txtOtp = com.kms.katalon.core.testobject.ObjectRepository.findTestObject(Application_OR/txtfield-OTP): Finding Test Object with id 'Object Repository/Application_OR/txtfield-OTP'

2018-01-25 19:23:35 - [TEST_STEP][PASSED] - setText: Text '9360' is set on object 'Object Repository/Application_OR/txtfield-OTP'

2018-01-25 19:23:35 - [MESSAGE][PASSED] - Text '9360' is set on object 'Object Repository/Application_OR/txtfield-OTP'

2018-01-25 19:23:35 - [TEST_STEP][PASSED] - delay: Delayed 1 second(s)

2018-01-25 19:23:36 - [MESSAGE][PASSED] - Delayed 1 second(s)

2018-01-25 19:23:36 - [TEST_STEP][PASSED] - click: Object: 'Object Repository/Application_OR/btn_OTP_VERIFY' is clicked on

2018-01-25 19:23:36 - [MESSAGE][PASSED] - Object: 'Object Repository/Application_OR/btn_OTP_VERIFY' is clicked on

2018-01-25 19:23:36 - [TEST_STEP][PASSED] - delay: Delayed 5 second(s)

2018-01-25 19:23:41 - [MESSAGE][PASSED] - Delayed 5 second(s)

2018-01-25 19:23:41 - [TEST_STEP][PASSED] - click: Object: 'Object Repository/Application_OR/btn_AGENT_SIGNATURE' is clicked on

2018-01-25 19:23:41 - [MESSAGE][PASSED] - Object: 'Object Repository/Application_OR/btn_AGENT_SIGNATURE' is clicked on

2018-01-25 19:23:41 - [TEST_STEP][PASSED] - delay: Delayed 2 second(s)

2018-01-25 19:23:43 - [MESSAGE][PASSED] - Delayed 2 second(s)

2018-01-25 19:23:43 - [TEST_STEP][PASSED] - click: Object: 'Object Repository/Application_OR/txtbx_AGENT_SIGNATURE' is clicked on

2018-01-25 19:23:43 - [MESSAGE][PASSED] - Object: 'Object Repository/Application_OR/txtbx_AGENT_SIGNATURE' is clicked on

2018-01-25 19:23:43 - [TEST_STEP][PASSED] - delay: Delayed 2 second(s)

2018-01-25 19:23:45 - [MESSAGE][PASSED] - Delayed 2 second(s)

2018-01-25 19:23:45 - [TEST_STEP][PASSED] - setText: Text 'clement helms' is set on object 'Object Repository/Application_OR/txtbx_AGENT_SIGNATURE'

2018-01-25 19:23:46 - [MESSAGE][PASSED] - Text 'clement helms' is set on object 'Object Repository/Application_OR/txtbx_AGENT_SIGNATURE'

2018-01-25 19:23:46 - [TEST_STEP][PASSED] - delay: Delayed 2 second(s)

2018-01-25 19:23:48 - [MESSAGE][PASSED] - Delayed 2 second(s)

2018-01-25 19:23:48 - [TEST_STEP][PASSED] - click: Object: 'Object Repository/Application_OR/btn_SUBMIT_AGENT_SIGNATURE' is clicked on

2018-01-25 19:23:48 - [MESSAGE][PASSED] - Object: 'Object Repository/Application_OR/btn_SUBMIT_AGENT_SIGNATURE' is clicked on

2018-01-25 19:23:48 - [TEST_STEP][PASSED] - delay: Delayed 5 second(s)

2018-01-25 19:23:53 - [MESSAGE][PASSED] - Delayed 5 second(s)

2018-01-25 19:23:53 - [TEST_STEP][PASSED] - click: Object: 'Object Repository/Application_OR/btn_SURPLUSLINE_ACK' is clicked on

2018-01-25 19:23:54 - [MESSAGE][PASSED] - Object: 'Object Repository/Application_OR/btn_SURPLUSLINE_ACK' is clicked on

2018-01-25 19:23:54 - [TEST_STEP][PASSED] - delay: Delayed 5 second(s)

2018-01-25 19:23:59 - [MESSAGE][PASSED] - Delayed 5 second(s)

2018-01-25 19:23:59 - [TEST_STEP][PASSED] - click: Object: 'Object Repository/Application_OR/txtfield_SURPLUSLINE_FORM_TEXT' is clicked on

2018-01-25 19:23:59 - [MESSAGE][PASSED] - Object: 'Object Repository/Application_OR/txtfield_SURPLUSLINE_FORM_TEXT' is clicked on

2018-01-25 19:23:59 - [TEST_STEP][PASSED] - setText: Text 'Testing' is set on object 'Object Repository/Application_OR/txtfield_SURPLUSLINE_FORM_TEXT'

2018-01-25 19:23:59 - [MESSAGE][PASSED] - Text 'Testing' is set on object 'Object Repository/Application_OR/txtfield_SURPLUSLINE_FORM_TEXT'

2018-01-25 19:23:59 - [TEST_STEP][PASSED] - delay: Delayed 5 second(s)

2018-01-25 19:24:04 - [MESSAGE][PASSED] - Delayed 5 second(s)

2018-01-25 19:24:04 - [TEST_STEP][PASSED] - click: Object: 'Object Repository/Application_OR/btn_SUBMIT_SURPLUSLINE' is clicked on

2018-01-25 19:24:04 - [MESSAGE][PASSED] - Object: 'Object Repository/Application_OR/btn_SUBMIT_SURPLUSLINE' is clicked on

2018-01-25 19:24:04 - [TEST_STEP][PASSED] - delay: Delayed 5 second(s)

2018-01-25 19:24:09 - [MESSAGE][PASSED] - Delayed 5 second(s)

2018-01-25 19:24:09 - [TEST_STEP][PASSED] - click: Object: 'Object Repository/Application_OR/btn_SUBMIT_FOR_UW_APPROVAL' is clicked on

2018-01-25 19:24:18 - [MESSAGE][PASSED] - Object: 'Object Repository/Application_OR/btn_SUBMIT_FOR_UW_APPROVAL' is clicked on

2018-01-25 19:24:18 - [TEST_STEP][PASSED] - delay: Delayed 8 second(s)

2018-01-25 19:24:26 - [MESSAGE][PASSED] - Delayed 8 second(s)

2018-01-25 19:24:26 - [TEST_STEP][PASSED] - click: Object: 'Object Repository/Application_OR/btn_LOGOUT' is clicked on

2018-01-25 19:24:32 - [MESSAGE][PASSED] - Object: 'Object Repository/Application_OR/btn_LOGOUT' is clicked on

2018-01-25 19:24:32 - [TEST_STEP][PASSED] - delay: Delayed 5 second(s)

2018-01-25 19:24:37 - [MESSAGE][PASSED] - Delayed 5 second(s)

2018-01-25 19:24:37 - [TEST_STEP][PASSED] - setText: Text 'ih.william' is set on object 'Object Repository/Quote_OR/txtfield_USERNAME'

2018-01-25 19:24:37 - [MESSAGE][PASSED] - Text 'ih.william' is set on object 'Object Repository/Quote_OR/txtfield_USERNAME'

2018-01-25 19:24:37 - [TEST_STEP][PASSED] - setText: Text '10#Hammer' is set on object 'Object Repository/Quote_OR/txtfield_PASSWORD'

2018-01-25 19:24:37 - [MESSAGE][PASSED] - Text '10#Hammer' is set on object 'Object Repository/Quote_OR/txtfield_PASSWORD'

2018-01-25 19:24:37 - [TEST_STEP][PASSED] - click: Object: 'Object Repository/Quote_OR/btn-LOGIN' is clicked on

2018-01-25 19:24:45 - [MESSAGE][PASSED] - Object: 'Object Repository/Quote_OR/btn-LOGIN' is clicked on

2018-01-25 19:24:45 - [TEST_STEP][PASSED] - delay: Delayed 5 second(s)

2018-01-25 19:24:50 - [MESSAGE][PASSED] - Delayed 5 second(s)

2018-01-25 19:24:50 - [TEST_STEP][PASSED] - Statement - btnId = "//*[@id="btnLoadApplication_" + policyInfoId + ""]": null

2018-01-25 19:24:50 - [TEST_STEP][PASSED] - Statement - btnViewApplication = new com.kms.katalon.core.testobject.TestObject(btnViewApplication): null

2018-01-25 19:24:50 - [TEST_STEP][PASSED] - Statement - btnViewApplication.addProperty("xpath", EQUALS, btnId, true): null

2018-01-25 19:24:50 - [TEST_STEP][PASSED] - delay: Delayed 20 second(s)

2018-01-25 19:25:10 - [MESSAGE][PASSED] - Delayed 20 second(s)

2018-01-25 19:25:10 - [TEST_STEP][PASSED] - click: Object: 'btnViewApplication' is clicked on

2018-01-25 19:25:17 - [MESSAGE][PASSED] - Object: 'btnViewApplication' is clicked on

2018-01-25 19:25:17 - [TEST_STEP][PASSED] - delay: Delayed 8 second(s)

2018-01-25 19:25:25 - [MESSAGE][PASSED] - Delayed 8 second(s)

2018-01-25 19:25:25 - [TEST_STEP][PASSED] - click: Object: 'Object Repository/Application_OR/btn_DOWNLOAD_AFS_UW' is clicked on

2018-01-25 19:25:31 - [MESSAGE][PASSED] - Object: 'Object Repository/Application_OR/btn_DOWNLOAD_AFS_UW' is clicked on

2018-01-25 19:25:31 - [TEST_STEP][PASSED] - delay: Delayed 5 second(s)

2018-01-25 19:25:36 - [MESSAGE][PASSED] - Delayed 5 second(s)

2018-01-25 19:25:36 - [TEST_STEP][PASSED] - click: Object: 'Object Repository/Application_OR/btn_GENERATE_FORMS' is clicked on

2018-01-25 19:25:36 - [MESSAGE][PASSED] - Object: 'Object Repository/Application_OR/btn_GENERATE_FORMS' is clicked on

2018-01-25 19:25:36 - [TEST_STEP][PASSED] - delay: Delayed 5 second(s)

2018-01-25 19:25:41 - [MESSAGE][PASSED] - Delayed 5 second(s)

2018-01-25 19:25:41 - [TEST_STEP][PASSED] - click: Object: 'Object Repository/Application_OR/btn_REQUEST_FOR_BIND' is clicked on

2018-01-25 19:25:41 - [MESSAGE][PASSED] - Object: 'Object Repository/Application_OR/btn_REQUEST_FOR_BIND' is clicked on

2018-01-25 19:25:41 - [TEST_STEP][PASSED] - delay: Delayed 20 second(s)

2018-01-25 19:26:01 - [MESSAGE][PASSED] - Delayed 20 second(s)

2018-01-25 19:26:01 - [TEST_STEP][PASSED] - click: Object: 'Object Repository/Application_OR/btn_VIEW_POLICY_FORMS' is clicked on

2018-01-25 19:26:01 - [MESSAGE][PASSED] - Object: 'Object Repository/Application_OR/btn_VIEW_POLICY_FORMS' is clicked on

2018-01-25 19:26:01 - [TEST_STEP][PASSED] - delay: Delayed 15 second(s)

2018-01-25 19:26:16 - [MESSAGE][PASSED] - Delayed 15 second(s)

2018-01-25 19:26:16 - [TEST_STEP][PASSED] - click: Object: 'Object Repository/Application_OR/btn_UW_APPLICATION_STATUS_MENU' is clicked on

2018-01-25 19:26:16 - [MESSAGE][PASSED] - Object: 'Object Repository/Application_OR/btn_UW_APPLICATION_STATUS_MENU' is clicked on

2018-01-25 19:26:16 - [TEST_STEP][PASSED] - delay: Delayed 2 second(s)

2018-01-25 19:26:18 - [MESSAGE][PASSED] - Delayed 2 second(s)

2018-01-25 19:26:18 - [TEST_STEP][PASSED] - click: Object: 'Object Repository/Application_OR/btn_YES_CONFIRMATION' is clicked on

2018-01-25 19:26:19 - [MESSAGE][PASSED] - Object: 'Object Repository/Application_OR/btn_YES_CONFIRMATION' is clicked on

2018-01-25 19:26:19 - [TEST_STEP][PASSED] - delay: Delayed 20 second(s)

2018-01-25 19:26:39 - [MESSAGE][PASSED] - Delayed 20 second(s)]]></system-out>
         <system-err><![CDATA[]]></system-err>
      </testcase>
      <testcase name="Test Cases/ENDORSEMENT_CREATION" classname="Test Cases/ENDORSEMENT_CREATION" status="ERROR">
         <error type="ERROR" message="Test Cases/ENDORSEMENT_CREATION FAILED because (of) org.codehaus.groovy.control.MultipleCompilationErrorsException: startup failed:
file:/D:/Katalon_Practice_Workspace/Katalon_Mitendra/Scripts/ENDORSEMENT_CREATION/Script1516186317510.groovy: 236: unable to resolve class WebElement 
 @ line 236, column 12.
   WebElement elementToClick = WebUI.click(findTestObject('Application_OR/btn_LOGOUT'))
              ^

1 error
"/>
         <system-out><![CDATA[2018-01-25 19:26:39 - [TEST_CASE][ERROR] - Test Cases/ENDORSEMENT_CREATION: Test Cases/ENDORSEMENT_CREATION FAILED because (of) org.codehaus.groovy.control.MultipleCompilationErrorsException: startup failed:
file:/D:/Katalon_Practice_Workspace/Katalon_Mitendra/Scripts/ENDORSEMENT_CREATION/Script1516186317510.groovy: 236: unable to resolve class WebElement 
 @ line 236, column 12.
   WebElement elementToClick = WebUI.click(findTestObject('Application_OR/btn_LOGOUT'))
              ^

1 error]]></system-out>
         <system-err><![CDATA[2018-01-25 19:26:39 - [TEST_CASE][ERROR] - Test Cases/ENDORSEMENT_CREATION: Test Cases/ENDORSEMENT_CREATION FAILED because (of) org.codehaus.groovy.control.MultipleCompilationErrorsException: startup failed:
file:/D:/Katalon_Practice_Workspace/Katalon_Mitendra/Scripts/ENDORSEMENT_CREATION/Script1516186317510.groovy: 236: unable to resolve class WebElement 
 @ line 236, column 12.
   WebElement elementToClick = WebUI.click(findTestObject('Application_OR/btn_LOGOUT'))
              ^

1 error]]></system-err>
      </testcase>
      <testcase name="Test Cases/AGENT_ENDORSEMENT_REQUEST" classname="Test Cases/AGENT_ENDORSEMENT_REQUEST" status="FAILED">
         <failure type="FAILED" message="Unable to set text 'ih.chelms' of object 'Object Repository/Quote_OR/txtfield_USERNAME' (Root cause: com.kms.katalon.core.webui.exception.WebElementNotFoundException: Web element with id: 'Object Repository/Quote_OR/txtfield_USERNAME' located by 'By.xpath: //*[@id=&quot;txtUserName&quot;]' not found)"/>
         <system-out><![CDATA[2018-01-25 19:26:39 - [TEST_CASE][FAILED] - Test Cases/AGENT_ENDORSEMENT_REQUEST: Test Cases/AGENT_ENDORSEMENT_REQUEST FAILED because (of) Unable to set text 'ih.chelms' of object 'Object Repository/Quote_OR/txtfield_USERNAME' (Root cause: com.kms.katalon.core.webui.exception.WebElementNotFoundException: Web element with id: 'Object Repository/Quote_OR/txtfield_USERNAME' located by 'By.xpath: //*[@id="txtUserName"]' not found)

2018-01-25 19:26:39 - [TEST_STEP][FAILED] - setText: Unable to set text 'ih.chelms' of object 'Object Repository/Quote_OR/txtfield_USERNAME' (Root cause: com.kms.katalon.core.webui.exception.WebElementNotFoundException: Web element with id: 'Object Repository/Quote_OR/txtfield_USERNAME' located by 'By.xpath: //*[@id="txtUserName"]' not found)

2018-01-25 19:27:11 - [MESSAGE][FAILED] - Unable to set text 'ih.chelms' of object 'Object Repository/Quote_OR/txtfield_USERNAME' (Root cause: com.kms.katalon.core.webui.exception.WebElementNotFoundException: Web element with id: 'Object Repository/Quote_OR/txtfield_USERNAME' located by 'By.xpath: //*[@id="txtUserName"]' not found)
[[ATTACHMENT|D:\\Katalon_Practice_Workspace\\Katalon_Mitendra\\Reports\\PPE\\20180125_191920\\1516888630954.png]]]]></system-out>
         <system-err><![CDATA[2018-01-25 19:26:39 - [TEST_CASE][FAILED] - Test Cases/AGENT_ENDORSEMENT_REQUEST: Test Cases/AGENT_ENDORSEMENT_REQUEST FAILED because (of) Unable to set text 'ih.chelms' of object 'Object Repository/Quote_OR/txtfield_USERNAME' (Root cause: com.kms.katalon.core.webui.exception.WebElementNotFoundException: Web element with id: 'Object Repository/Quote_OR/txtfield_USERNAME' located by 'By.xpath: //*[@id="txtUserName"]' not found)]]></system-err>
      </testcase>
      <system-out><![CDATA[2018-01-25 19:19:22 - [TEST_SUITE][ERROR] - PPE: Test Cases/ENDORSEMENT_CREATION FAILED because (of) org.codehaus.groovy.control.MultipleCompilationErrorsException: startup failed:
file:/D:/Katalon_Practice_Workspace/Katalon_Mitendra/Scripts/ENDORSEMENT_CREATION/Script1516186317510.groovy: 236: unable to resolve class WebElement 
 @ line 236, column 12.
   WebElement elementToClick = WebUI.click(findTestObject('Application_OR/btn_LOGOUT'))
              ^

1 error]]></system-out>
      <system-err><![CDATA[2018-01-25 19:19:22 - [TEST_SUITE][ERROR] - PPE: Test Cases/ENDORSEMENT_CREATION FAILED because (of) org.codehaus.groovy.control.MultipleCompilationErrorsException: startup failed:
file:/D:/Katalon_Practice_Workspace/Katalon_Mitendra/Scripts/ENDORSEMENT_CREATION/Script1516186317510.groovy: 236: unable to resolve class WebElement 
 @ line 236, column 12.
   WebElement elementToClick = WebUI.click(findTestObject('Application_OR/btn_LOGOUT'))
              ^

1 error]]></system-err>
   </testsuite>
</testsuites>
