<?xml version="1.0" encoding="UTF-8"?>
<testsuites name="PPE" time="445" tests="2" failures="0" errors="1">
   <testsuite name="PPE" tests="2" failures="0" errors="1" time="445" timestamp="2018-01-18 14:55:29" hostname="gsalunkhe - CTS-QUA-4.cogitate.india" id="Test Suites/PPE">
      <properties>
         <property name="deviceName" value=""/>
         <property name="devicePlatform" value=""/>
         <property name="logFolder" value="D:\\Katalon_Practice_Workspace\\Katalon_Mitendra\\Reports\\PPE\\20180118_145528"/>
         <property name="logFiles" value="D:\\Katalon_Practice_Workspace\\Katalon_Mitendra\\Reports\\PPE\\20180118_145528\\execution0.log"/>
         <property name="attachments" value=""/>
         <property name="hostName" value="gsalunkhe - CTS-QUA-4.cogitate.india"/>
         <property name="os" value="Windows 7 64bit"/>
         <property name="katalonVersion" value="5.0.1.1"/>
         <property name="browser" value="Chrome 63.0.3239.132"/>
         <property name="hostAddress" value="192.168.0.4"/>
         <property name="sessionId" value="dcea63b53e2e51e9eb3055d761eb0965"/>
         <property name="seleniumVersion" value="2.53.0"/>
         <property name="proxyInformation" value="ProxyInformation{proxyOption=NO_PROXY, proxyServerType=HTTP, password=, proxyServerAddress=, proxyServerPort=0}"/>
         <property name="platform" value="Windows 7"/>
      </properties>
      <testcase name="Test Cases/QUOTE_CREATION" classname="Test Cases/QUOTE_CREATION" status="PASSED">
         <system-out><![CDATA[2018-01-18 14:55:29 - [TEST_CASE][PASSED] - Test Cases/QUOTE_CREATION: Test Cases/QUOTE_CREATION

2018-01-18 14:55:30 - [TEST_STEP][PASSED] - openBrowser: Browser is opened with url: 'http://13.90.102.191:8066'

2018-01-18 14:55:37 - [MESSAGE][PASSED] - Browser is opened with url: 'http://13.90.102.191:8066'

2018-01-18 14:55:37 - [TEST_STEP][PASSED] - maximizeWindow: Current window maximized

2018-01-18 14:55:38 - [MESSAGE][PASSED] - Current window maximized

2018-01-18 14:55:38 - [TEST_STEP][PASSED] - setText: Text 'ih.chelms' is set on object 'Object Repository/Quote_OR/txtfield_USERNAME'

2018-01-18 14:55:38 - [MESSAGE][PASSED] - Text 'ih.chelms' is set on object 'Object Repository/Quote_OR/txtfield_USERNAME'

2018-01-18 14:55:38 - [TEST_STEP][PASSED] - setText: Text '10#Hammer' is set on object 'Object Repository/Quote_OR/txtfield_PASSWORD'

2018-01-18 14:55:39 - [MESSAGE][PASSED] - Text '10#Hammer' is set on object 'Object Repository/Quote_OR/txtfield_PASSWORD'

2018-01-18 14:55:39 - [TEST_STEP][PASSED] - click: Object: 'Object Repository/Quote_OR/btn-LOGIN' is clicked on

2018-01-18 14:55:57 - [MESSAGE][PASSED] - Object: 'Object Repository/Quote_OR/btn-LOGIN' is clicked on

2018-01-18 14:55:57 - [TEST_STEP][PASSED] - setText: Text '83 Waddell St NE Atlanta, GA 30307 USA' is set on object 'Object Repository/Quote_OR/txtfield_ADDRESS_ON_LANDING_PAGE'

2018-01-18 14:55:58 - [MESSAGE][PASSED] - Text '83 Waddell St NE Atlanta, GA 30307 USA' is set on object 'Object Repository/Quote_OR/txtfield_ADDRESS_ON_LANDING_PAGE'

2018-01-18 14:55:58 - [TEST_STEP][PASSED] - click: Object: 'Object Repository/Quote_OR/btn_SEARCH_ADDRESS' is clicked on

2018-01-18 14:56:24 - [MESSAGE][PASSED] - Object: 'Object Repository/Quote_OR/btn_SEARCH_ADDRESS' is clicked on

2018-01-18 14:56:24 - [TEST_STEP][PASSED] - waitForPageLoad: Wait for page load successfully

2018-01-18 14:56:24 - [MESSAGE][PASSED] - Wait for page load successfully

2018-01-18 14:56:24 - [TEST_STEP][PASSED] - selectOptionByIndex: All options with index in [1] are selected on object 'Object Repository/Quote_OR/drp_PROPERTY_TYPE'

2018-01-18 14:56:24 - [MESSAGE][PASSED] - All options with index in [1] are selected on object 'Object Repository/Quote_OR/drp_PROPERTY_TYPE'

2018-01-18 14:56:24 - [TEST_STEP][PASSED] - setText: Text '' is set on object 'Object Repository/Quote_OR/txtfield_HOME_VALUATION'

2018-01-18 14:56:24 - [MESSAGE][PASSED] - Text '' is set on object 'Object Repository/Quote_OR/txtfield_HOME_VALUATION'

2018-01-18 14:56:24 - [TEST_STEP][PASSED] - selectOptionByIndex: All options with index in [2] are selected on object 'Object Repository/Quote_OR/drp_CONSTRUCTION_TYPE'

2018-01-18 14:56:24 - [MESSAGE][PASSED] - All options with index in [2] are selected on object 'Object Repository/Quote_OR/drp_CONSTRUCTION_TYPE'

2018-01-18 14:56:24 - [TEST_STEP][PASSED] - setText: Text '100000' is set on object 'Object Repository/Quote_OR/txtfield_HOME_VALUATION'

2018-01-18 14:56:25 - [MESSAGE][PASSED] - Text '100000' is set on object 'Object Repository/Quote_OR/txtfield_HOME_VALUATION'

2018-01-18 14:56:25 - [TEST_STEP][PASSED] - delay: Delayed 2 second(s)

2018-01-18 14:56:27 - [MESSAGE][PASSED] - Delayed 2 second(s)

2018-01-18 14:56:27 - [TEST_STEP][PASSED] - setText: Text '' is set on object 'Object Repository/Quote_OR/txtbx_YEARHOMEBUILD'

2018-01-18 14:56:27 - [MESSAGE][PASSED] - Text '' is set on object 'Object Repository/Quote_OR/txtbx_YEARHOMEBUILD'

2018-01-18 14:56:27 - [TEST_STEP][PASSED] - setText: Text '1968' is set on object 'Object Repository/Quote_OR/txtbx_YEARHOMEBUILD'

2018-01-18 14:56:27 - [MESSAGE][PASSED] - Text '1968' is set on object 'Object Repository/Quote_OR/txtbx_YEARHOMEBUILD'

2018-01-18 14:56:27 - [TEST_STEP][PASSED] - click: Object: 'Object Repository/Quote_OR/btn_GETQUOTE' is clicked on

2018-01-18 14:56:27 - [MESSAGE][PASSED] - Object: 'Object Repository/Quote_OR/btn_GETQUOTE' is clicked on

2018-01-18 14:56:27 - [TEST_STEP][PASSED] - delay: Delayed 1 second(s)

2018-01-18 14:56:28 - [MESSAGE][PASSED] - Delayed 1 second(s)

2018-01-18 14:56:28 - [TEST_STEP][PASSED] - click: Object: 'Object Repository/Quote_OR/btn_SENDQUOTE' is clicked on

2018-01-18 14:56:39 - [MESSAGE][PASSED] - Object: 'Object Repository/Quote_OR/btn_SENDQUOTE' is clicked on

2018-01-18 14:56:39 - [TEST_STEP][PASSED] - delay: Delayed 1 second(s)

2018-01-18 14:56:40 - [MESSAGE][PASSED] - Delayed 1 second(s)

2018-01-18 14:56:40 - [TEST_STEP][PASSED] - setText: Text 'Ganesh' is set on object 'Object Repository/Quote_OR/txtfield_SENDQUOTE_FIRSTNAME'

2018-01-18 14:56:40 - [MESSAGE][PASSED] - Text 'Ganesh' is set on object 'Object Repository/Quote_OR/txtfield_SENDQUOTE_FIRSTNAME'

2018-01-18 14:56:40 - [TEST_STEP][PASSED] - setText: Text 'Salunkhe' is set on object 'Object Repository/Quote_OR/txtfield_SENDQUOTE_LASTNAME'

2018-01-18 14:56:41 - [MESSAGE][PASSED] - Text 'Salunkhe' is set on object 'Object Repository/Quote_OR/txtfield_SENDQUOTE_LASTNAME'

2018-01-18 14:56:41 - [TEST_STEP][PASSED] - delay: Delayed 10 second(s)

2018-01-18 14:56:51 - [MESSAGE][PASSED] - Delayed 10 second(s)

2018-01-18 14:56:51 - [TEST_STEP][PASSED] - setText: Text '9768180080' is set on object 'Object Repository/Quote_OR/txtfield_SENDQUOTE_CONTACTNUMBER'

2018-01-18 14:56:51 - [MESSAGE][PASSED] - Text '9768180080' is set on object 'Object Repository/Quote_OR/txtfield_SENDQUOTE_CONTACTNUMBER'

2018-01-18 14:56:51 - [TEST_STEP][PASSED] - delay: Delayed 10 second(s)

2018-01-18 14:57:01 - [MESSAGE][PASSED] - Delayed 10 second(s)

2018-01-18 14:57:01 - [TEST_STEP][PASSED] - setText: Text 'gsalunkhe@cogitate.us' is set on object 'Object Repository/Quote_OR/txtfield_SENDQUOTE_EMAIL'

2018-01-18 14:57:01 - [MESSAGE][PASSED] - Text 'gsalunkhe@cogitate.us' is set on object 'Object Repository/Quote_OR/txtfield_SENDQUOTE_EMAIL'

2018-01-18 14:57:01 - [TEST_STEP][PASSED] - delay: Delayed 10 second(s)

2018-01-18 14:57:11 - [MESSAGE][PASSED] - Delayed 10 second(s)

2018-01-18 14:57:11 - [TEST_STEP][PASSED] - click: Object: 'Object Repository/Quote_OR/btn_SEND_QUOTE_DETAILS' is clicked on

2018-01-18 14:57:12 - [MESSAGE][PASSED] - Object: 'Object Repository/Quote_OR/btn_SEND_QUOTE_DETAILS' is clicked on

2018-01-18 14:57:12 - [TEST_STEP][PASSED] - selectOptionByIndex: All options with index in [1] are selected on object 'Object Repository/Quote_OR/drp_CONSTRUCTION_TYPE'

2018-01-18 14:57:12 - [MESSAGE][PASSED] - All options with index in [1] are selected on object 'Object Repository/Quote_OR/drp_CONSTRUCTION_TYPE'

2018-01-18 14:57:12 - [TEST_STEP][PASSED] - delay: Delayed 5 second(s)

2018-01-18 14:57:17 - [MESSAGE][PASSED] - Delayed 5 second(s)

2018-01-18 14:57:17 - [TEST_STEP][PASSED] - click: Object: 'Object Repository/Quote_OR/btn_RECALCULATE_PREMIUM' is clicked on

2018-01-18 14:57:17 - [MESSAGE][PASSED] - Object: 'Object Repository/Quote_OR/btn_RECALCULATE_PREMIUM' is clicked on]]></system-out>
         <system-err><![CDATA[]]></system-err>
      </testcase>
      <testcase name="Test Cases/APPLICATION_CREATION" classname="Test Cases/APPLICATION_CREATION" status="PASSED">
         <system-out><![CDATA[2018-01-18 14:57:17 - [TEST_CASE][PASSED] - Test Cases/APPLICATION_CREATION: Test Cases/APPLICATION_CREATION

2018-01-18 14:57:17 - [TEST_STEP][PASSED] - setText: Text '158 Elizabeth St NE Atlanta, GA 30307 USA' is set on object 'Object Repository/Application_OR/txtfield_ADDRESS_ON_QUOTE_PAGE'

2018-01-18 14:57:18 - [MESSAGE][PASSED] - Text '158 Elizabeth St NE Atlanta, GA 30307 USA' is set on object 'Object Repository/Application_OR/txtfield_ADDRESS_ON_QUOTE_PAGE'

2018-01-18 14:57:18 - [TEST_STEP][PASSED] - click: Object: 'Object Repository/Application_OR/btn_SEARCH_ADDRESS_QUOTE_PAGE' is clicked on

2018-01-18 14:57:30 - [MESSAGE][PASSED] - Object: 'Object Repository/Application_OR/btn_SEARCH_ADDRESS_QUOTE_PAGE' is clicked on

2018-01-18 14:57:30 - [TEST_STEP][PASSED] - Statement - Address = com.kms.katalon.core.testobject.ObjectRepository.findTestObject(Endorsement_OR/get_Address): Finding Test Object with id 'Object Repository/Endorsement_OR/get_Address'

2018-01-18 14:57:30 - [TEST_STEP][PASSED] - Statement - propertyaddress = com.kms.katalon.core.webui.keyword.WebUiBuiltInKeywords.getAttribute(Address, "value"): Attribute 'value' of object 'Object Repository/Endorsement_OR/get_Address' is: '158 Elizabeth St NE, Atlanta, GA 30307, USA'

2018-01-18 14:57:31 - [MESSAGE][PASSED] - Attribute 'value' of object 'Object Repository/Endorsement_OR/get_Address' is: '158 Elizabeth St NE, Atlanta, GA 30307, USA'

2018-01-18 14:57:31 - [TEST_STEP][PASSED] - Statement - println(propertyaddress): null

2018-01-18 14:57:31 - [TEST_STEP][PASSED] - selectOptionByIndex: All options with index in [1] are selected on object 'Object Repository/Quote_OR/drp_PROPERTY_TYPE'

2018-01-18 14:57:31 - [MESSAGE][PASSED] - All options with index in [1] are selected on object 'Object Repository/Quote_OR/drp_PROPERTY_TYPE'

2018-01-18 14:57:31 - [TEST_STEP][PASSED] - setText: Text '' is set on object 'Object Repository/Quote_OR/txtbx_YEARHOMEBUILD'

2018-01-18 14:57:31 - [MESSAGE][PASSED] - Text '' is set on object 'Object Repository/Quote_OR/txtbx_YEARHOMEBUILD'

2018-01-18 14:57:31 - [TEST_STEP][PASSED] - setText: Text '2000' is set on object 'Object Repository/Quote_OR/txtbx_YEARHOMEBUILD'

2018-01-18 14:57:31 - [MESSAGE][PASSED] - Text '2000' is set on object 'Object Repository/Quote_OR/txtbx_YEARHOMEBUILD'

2018-01-18 14:57:31 - [TEST_STEP][PASSED] - selectOptionByIndex: All options with index in [2] are selected on object 'Object Repository/Quote_OR/drp_CONSTRUCTION_TYPE'

2018-01-18 14:57:31 - [MESSAGE][PASSED] - All options with index in [2] are selected on object 'Object Repository/Quote_OR/drp_CONSTRUCTION_TYPE'

2018-01-18 14:57:31 - [TEST_STEP][PASSED] - setText: Text '' is set on object 'Object Repository/Quote_OR/txtfield_HOME_VALUATION'

2018-01-18 14:57:32 - [MESSAGE][PASSED] - Text '' is set on object 'Object Repository/Quote_OR/txtfield_HOME_VALUATION'

2018-01-18 14:57:32 - [TEST_STEP][PASSED] - setText: Text '100000' is set on object 'Object Repository/Quote_OR/txtfield_HOME_VALUATION'

2018-01-18 14:57:32 - [MESSAGE][PASSED] - Text '100000' is set on object 'Object Repository/Quote_OR/txtfield_HOME_VALUATION'

2018-01-18 14:57:32 - [TEST_STEP][PASSED] - click: Object: 'Object Repository/Quote_OR/btn_GETQUOTE' is clicked on

2018-01-18 14:57:32 - [MESSAGE][PASSED] - Object: 'Object Repository/Quote_OR/btn_GETQUOTE' is clicked on

2018-01-18 14:57:32 - [TEST_STEP][PASSED] - delay: Delayed 1 second(s)

2018-01-18 14:57:33 - [MESSAGE][PASSED] - Delayed 1 second(s)

2018-01-18 14:57:33 - [TEST_STEP][PASSED] - click: Object: 'Object Repository/Application_OR/btn_TOAPPLICATION' is clicked on

2018-01-18 14:58:09 - [MESSAGE][PASSED] - Object: 'Object Repository/Application_OR/btn_TOAPPLICATION' is clicked on

2018-01-18 14:58:09 - [TEST_STEP][PASSED] - delay: Delayed 10 second(s)

2018-01-18 14:58:19 - [MESSAGE][PASSED] - Delayed 10 second(s)

2018-01-18 14:58:19 - [TEST_STEP][PASSED] - click: Object: 'Object Repository/Application_OR/btn_CONTINUE_UW_QUESTIONS' is clicked on

2018-01-18 14:58:19 - [MESSAGE][PASSED] - Object: 'Object Repository/Application_OR/btn_CONTINUE_UW_QUESTIONS' is clicked on

2018-01-18 14:58:19 - [TEST_STEP][PASSED] - delay: Delayed 10 second(s)

2018-01-18 14:58:29 - [MESSAGE][PASSED] - Delayed 10 second(s)

2018-01-18 14:58:29 - [TEST_STEP][PASSED] - delay: Delayed 3 second(s)

2018-01-18 14:58:32 - [MESSAGE][PASSED] - Delayed 3 second(s)

2018-01-18 14:58:32 - [TEST_STEP][PASSED] - click: Object: 'Object Repository/Application_OR/txtfield_INSURED_FIRSTNAME' is clicked on

2018-01-18 14:58:32 - [MESSAGE][PASSED] - Object: 'Object Repository/Application_OR/txtfield_INSURED_FIRSTNAME' is clicked on

2018-01-18 14:58:32 - [TEST_STEP][PASSED] - setText: Text 'Ross' is set on object 'Object Repository/Application_OR/txtfield_INSURED_FIRSTNAME'

2018-01-18 14:58:32 - [MESSAGE][PASSED] - Text 'Ross' is set on object 'Object Repository/Application_OR/txtfield_INSURED_FIRSTNAME'

2018-01-18 14:58:32 - [TEST_STEP][PASSED] - setText: Text 'Marshal' is set on object 'Object Repository/Application_OR/txtfield_INSURED_MIDDLENAME'

2018-01-18 14:58:32 - [MESSAGE][PASSED] - Text 'Marshal' is set on object 'Object Repository/Application_OR/txtfield_INSURED_MIDDLENAME'

2018-01-18 14:58:32 - [TEST_STEP][PASSED] - setText: Text 'Guptil' is set on object 'Object Repository/Application_OR/txtfield_INSURED_LASTNAME'

2018-01-18 14:58:32 - [MESSAGE][PASSED] - Text 'Guptil' is set on object 'Object Repository/Application_OR/txtfield_INSURED_LASTNAME'

2018-01-18 14:58:32 - [TEST_STEP][PASSED] - setText: Text '09/10/1999' is set on object 'Object Repository/Application_OR/txtfield_INSURED_DOB'

2018-01-18 14:58:33 - [MESSAGE][PASSED] - Text '09/10/1999' is set on object 'Object Repository/Application_OR/txtfield_INSURED_DOB'

2018-01-18 14:58:33 - [TEST_STEP][PASSED] - delay: Delayed 5 second(s)

2018-01-18 14:58:38 - [MESSAGE][PASSED] - Delayed 5 second(s)

2018-01-18 14:58:38 - [TEST_STEP][PASSED] - setText: Text 'gsalunkhe@cogitate.us' is set on object 'Object Repository/Application_OR/txtfield_INSURED_EMAIL'

2018-01-18 14:58:38 - [MESSAGE][PASSED] - Text 'gsalunkhe@cogitate.us' is set on object 'Object Repository/Application_OR/txtfield_INSURED_EMAIL'

2018-01-18 14:58:38 - [TEST_STEP][PASSED] - delay: Delayed 5 second(s)

2018-01-18 14:58:43 - [MESSAGE][PASSED] - Delayed 5 second(s)

2018-01-18 14:58:43 - [TEST_STEP][PASSED] - setText: Text '9768180080' is set on object 'Object Repository/Application_OR/txtfield_INSURED_CONTACTNUMBER'

2018-01-18 14:58:43 - [MESSAGE][PASSED] - Text '9768180080' is set on object 'Object Repository/Application_OR/txtfield_INSURED_CONTACTNUMBER'

2018-01-18 14:58:43 - [TEST_STEP][PASSED] - delay: Delayed 5 second(s)

2018-01-18 14:58:48 - [MESSAGE][PASSED] - Delayed 5 second(s)

2018-01-18 14:58:48 - [TEST_STEP][PASSED] - Statement - hdnPolicyInfoId = com.kms.katalon.core.testobject.ObjectRepository.findTestObject(Generic_OR/hdnPolicyInfoId): Finding Test Object with id 'Object Repository/Generic_OR/hdnPolicyInfoId'

2018-01-18 14:58:48 - [TEST_STEP][PASSED] - Statement - policyInfoid = com.kms.katalon.core.webui.keyword.WebUiBuiltInKeywords.getAttribute(hdnPolicyInfoId, "value"): Attribute 'value' of object 'Object Repository/Generic_OR/hdnPolicyInfoId' is: '3323'

2018-01-18 14:58:48 - [MESSAGE][PASSED] - Attribute 'value' of object 'Object Repository/Generic_OR/hdnPolicyInfoId' is: '3323'

2018-01-18 14:58:48 - [TEST_STEP][PASSED] - Statement - policyInfoId = policyInfoid: null

2018-01-18 14:58:48 - [TEST_STEP][PASSED] - click: Object: 'Object Repository/Application_OR/btn_POLICYHOLDER_SAVEANDCONTINUE' is clicked on

2018-01-18 14:58:48 - [MESSAGE][PASSED] - Object: 'Object Repository/Application_OR/btn_POLICYHOLDER_SAVEANDCONTINUE' is clicked on

2018-01-18 14:58:48 - [TEST_STEP][PASSED] - delay: Delayed 1 second(s)

2018-01-18 14:58:49 - [MESSAGE][PASSED] - Delayed 1 second(s)

2018-01-18 14:58:49 - [TEST_STEP][PASSED] - click: Object: 'Object Repository/Application_OR/drp_ROOFTYPE_PROPERTYPAGE' is clicked on

2018-01-18 14:58:50 - [MESSAGE][PASSED] - Object: 'Object Repository/Application_OR/drp_ROOFTYPE_PROPERTYPAGE' is clicked on

2018-01-18 14:58:50 - [TEST_STEP][PASSED] - delay: Delayed 3 second(s)

2018-01-18 14:58:53 - [MESSAGE][PASSED] - Delayed 3 second(s)

2018-01-18 14:58:53 - [TEST_STEP][PASSED] - selectOptionByIndex: All options with index in [1] are selected on object 'Object Repository/Application_OR/drp_ROOFTYPE_PROPERTYPAGE'

2018-01-18 14:58:54 - [MESSAGE][PASSED] - All options with index in [1] are selected on object 'Object Repository/Application_OR/drp_ROOFTYPE_PROPERTYPAGE'

2018-01-18 14:58:54 - [TEST_STEP][PASSED] - delay: Delayed 2 second(s)

2018-01-18 14:58:56 - [MESSAGE][PASSED] - Delayed 2 second(s)

2018-01-18 14:58:56 - [TEST_STEP][PASSED] - selectOptionByIndex: All options with index in [3] are selected on object 'Object Repository/Application_OR/drp_FOUNDATIONTYPE_PROPERTYPAGE'

2018-01-18 14:58:56 - [MESSAGE][PASSED] - All options with index in [3] are selected on object 'Object Repository/Application_OR/drp_FOUNDATIONTYPE_PROPERTYPAGE'

2018-01-18 14:58:56 - [TEST_STEP][PASSED] - delay: Delayed 2 second(s)

2018-01-18 14:58:58 - [MESSAGE][PASSED] - Delayed 2 second(s)

2018-01-18 14:58:58 - [TEST_STEP][PASSED] - selectOptionByIndex: All options with index in [7] are selected on object 'Object Repository/Application_OR/drp_HEATINGTYPE_PROPERTYPAGE'

2018-01-18 14:58:58 - [MESSAGE][PASSED] - All options with index in [7] are selected on object 'Object Repository/Application_OR/drp_HEATINGTYPE_PROPERTYPAGE'

2018-01-18 14:58:58 - [TEST_STEP][PASSED] - delay: Delayed 5 second(s)

2018-01-18 14:59:03 - [MESSAGE][PASSED] - Delayed 5 second(s)

2018-01-18 14:59:03 - [TEST_STEP][PASSED] - click: Object: 'Object Repository/Application_OR/btn_OCCUPANYPAGE_SAVEANDCONTINUE' is clicked on

2018-01-18 14:59:03 - [MESSAGE][PASSED] - Object: 'Object Repository/Application_OR/btn_OCCUPANYPAGE_SAVEANDCONTINUE' is clicked on

2018-01-18 14:59:03 - [TEST_STEP][PASSED] - delay: Delayed 1 second(s)

2018-01-18 14:59:04 - [MESSAGE][PASSED] - Delayed 1 second(s)

2018-01-18 14:59:04 - [TEST_STEP][PASSED] - click: Object: 'Object Repository/Application_OR/btn_YES_ROOFAGE_POPUP' is clicked on

2018-01-18 14:59:04 - [MESSAGE][PASSED] - Object: 'Object Repository/Application_OR/btn_YES_ROOFAGE_POPUP' is clicked on

2018-01-18 14:59:04 - [TEST_STEP][PASSED] - delay: Delayed 1 second(s)

2018-01-18 14:59:05 - [MESSAGE][PASSED] - Delayed 1 second(s)

2018-01-18 14:59:05 - [TEST_STEP][PASSED] - click: Object: 'Object Repository/Application_OR/btn_YES_ELECTRICALAGE_POPUP' is clicked on

2018-01-18 14:59:05 - [MESSAGE][PASSED] - Object: 'Object Repository/Application_OR/btn_YES_ELECTRICALAGE_POPUP' is clicked on

2018-01-18 14:59:05 - [TEST_STEP][PASSED] - delay: Delayed 1 second(s)

2018-01-18 14:59:06 - [MESSAGE][PASSED] - Delayed 1 second(s)

2018-01-18 14:59:06 - [TEST_STEP][PASSED] - click: Object: 'Object Repository/Application_OR/btn_YES_ELECTRICALAGE_POPUP' is clicked on

2018-01-18 14:59:07 - [MESSAGE][PASSED] - Object: 'Object Repository/Application_OR/btn_YES_ELECTRICALAGE_POPUP' is clicked on

2018-01-18 14:59:07 - [TEST_STEP][PASSED] - delay: Delayed 5 second(s)

2018-01-18 14:59:12 - [MESSAGE][PASSED] - Delayed 5 second(s)

2018-01-18 14:59:12 - [TEST_STEP][PASSED] - click: Object: 'Object Repository/Application_OR/btn_OCCUPANYPAGE_SAVEANDCONTINUE' is clicked on

2018-01-18 14:59:13 - [MESSAGE][PASSED] - Object: 'Object Repository/Application_OR/btn_OCCUPANYPAGE_SAVEANDCONTINUE' is clicked on

2018-01-18 14:59:13 - [TEST_STEP][PASSED] - delay: Delayed 5 second(s)

2018-01-18 14:59:18 - [MESSAGE][PASSED] - Delayed 5 second(s)

2018-01-18 14:59:18 - [TEST_STEP][PASSED] - check: Object 'Object Repository/Application_OR/chkbx_AGREEMENT' is checked

2018-01-18 14:59:18 - [MESSAGE][PASSED] - Object 'Object Repository/Application_OR/chkbx_AGREEMENT' is checked

2018-01-18 14:59:18 - [TEST_STEP][PASSED] - delay: Delayed 10 second(s)

2018-01-18 14:59:28 - [MESSAGE][PASSED] - Delayed 10 second(s)

2018-01-18 14:59:28 - [TEST_STEP][PASSED] - click: Object: 'Object Repository/Application_OR/btn_OCCUPANYPAGE_SAVEANDCONTINUE' is clicked on

2018-01-18 14:59:28 - [MESSAGE][PASSED] - Object: 'Object Repository/Application_OR/btn_OCCUPANYPAGE_SAVEANDCONTINUE' is clicked on

2018-01-18 14:59:28 - [TEST_STEP][PASSED] - delay: Delayed 5 second(s)

2018-01-18 14:59:33 - [MESSAGE][PASSED] - Delayed 5 second(s)

2018-01-18 14:59:33 - [TEST_STEP][PASSED] - click: Object: 'Object Repository/Application_OR/btn_SIGNAPPLICATION_AGENT' is clicked on

2018-01-18 14:59:49 - [MESSAGE][PASSED] - Object: 'Object Repository/Application_OR/btn_SIGNAPPLICATION_AGENT' is clicked on

2018-01-18 14:59:49 - [TEST_STEP][PASSED] - delay: Delayed 5 second(s)

2018-01-18 14:59:54 - [MESSAGE][PASSED] - Delayed 5 second(s)

2018-01-18 14:59:54 - [TEST_STEP][PASSED] - click: Object: 'Object Repository/Application_OR/btn_INSURED_SIGNATURE' is clicked on

2018-01-18 14:59:54 - [MESSAGE][PASSED] - Object: 'Object Repository/Application_OR/btn_INSURED_SIGNATURE' is clicked on

2018-01-18 14:59:54 - [TEST_STEP][PASSED] - delay: Delayed 5 second(s)

2018-01-18 14:59:59 - [MESSAGE][PASSED] - Delayed 5 second(s)

2018-01-18 14:59:59 - [TEST_STEP][PASSED] - click: Object: 'Object Repository/Application_OR/txtbx_INSURED_SIGNATURE' is clicked on

2018-01-18 14:59:59 - [MESSAGE][PASSED] - Object: 'Object Repository/Application_OR/txtbx_INSURED_SIGNATURE' is clicked on

2018-01-18 14:59:59 - [TEST_STEP][PASSED] - delay: Delayed 5 second(s)

2018-01-18 15:00:04 - [MESSAGE][PASSED] - Delayed 5 second(s)

2018-01-18 15:00:04 - [TEST_STEP][PASSED] - setText: Text 'Ross Marshal Guptil' is set on object 'Object Repository/Application_OR/txtbx_INSURED_SIGNATURE'

2018-01-18 15:00:04 - [MESSAGE][PASSED] - Text 'Ross Marshal Guptil' is set on object 'Object Repository/Application_OR/txtbx_INSURED_SIGNATURE'

2018-01-18 15:00:04 - [TEST_STEP][PASSED] - click: Object: 'Object Repository/Application_OR/btn_SUBMIT_INSURED_SIGNATURE' is clicked on

2018-01-18 15:00:05 - [MESSAGE][PASSED] - Object: 'Object Repository/Application_OR/btn_SUBMIT_INSURED_SIGNATURE' is clicked on

2018-01-18 15:00:05 - [TEST_STEP][PASSED] - Statement - otpQuery = "SELECT TOP 1 OtpGenerated FROM PPE_ApplicationForms_trn where PolicyInfoId = " + policyInfoId + " Order BY ModifiedDateTime DESC": null

2018-01-18 15:00:05 - [TEST_STEP][PASSED] - Statement - println("otpQuery" + " " + otpQuery): null

2018-01-18 15:00:05 - [TEST_STEP][PASSED] - com.PPE.Database_Connection.connectDB: com.PPE.Database_Connection.connectDB is PASSED

2018-01-18 15:00:06 - [MESSAGE][PASSED] - com.PPE.Database_Connection.connectDB is PASSED

2018-01-18 15:00:06 - [TEST_STEP][PASSED] - Statement - recordset = CustomKeywords.com.PPE.Database_Connection.executeQuery(otpQuery): com.PPE.Database_Connection.executeQuery is PASSED

2018-01-18 15:00:07 - [MESSAGE][PASSED] - com.PPE.Database_Connection.executeQuery is PASSED

2018-01-18 15:00:07 - [TEST_STEP][PASSED] - Statement - otp = 0: null

2018-01-18 15:00:07 - [TEST_STEP][PASSED] - Statement - While (recordset.next()): null

2018-01-18 15:00:07 - [TEST_STEP][PASSED] - Statement - otp = recordset.getObject("OtpGenerated"): null

2018-01-18 15:00:07 - [TEST_STEP][PASSED] - Statement - println("otp" + " " + otp): null

2018-01-18 15:00:07 - [TEST_STEP][PASSED] - delay: Delayed 10 second(s)

2018-01-18 15:00:17 - [MESSAGE][PASSED] - Delayed 10 second(s)

2018-01-18 15:00:17 - [TEST_STEP][PASSED] - Statement - txtOtp = com.kms.katalon.core.testobject.ObjectRepository.findTestObject(Application_OR/txtfield-OTP): Finding Test Object with id 'Object Repository/Application_OR/txtfield-OTP'

2018-01-18 15:00:17 - [TEST_STEP][PASSED] - setText: Text '9766' is set on object 'Object Repository/Application_OR/txtfield-OTP'

2018-01-18 15:00:17 - [MESSAGE][PASSED] - Text '9766' is set on object 'Object Repository/Application_OR/txtfield-OTP'

2018-01-18 15:00:17 - [TEST_STEP][PASSED] - delay: Delayed 1 second(s)

2018-01-18 15:00:18 - [MESSAGE][PASSED] - Delayed 1 second(s)

2018-01-18 15:00:18 - [TEST_STEP][PASSED] - click: Object: 'Object Repository/Application_OR/btn_OTP_VERIFY' is clicked on

2018-01-18 15:00:18 - [MESSAGE][PASSED] - Object: 'Object Repository/Application_OR/btn_OTP_VERIFY' is clicked on

2018-01-18 15:00:18 - [TEST_STEP][PASSED] - delay: Delayed 5 second(s)

2018-01-18 15:00:23 - [MESSAGE][PASSED] - Delayed 5 second(s)

2018-01-18 15:00:23 - [TEST_STEP][PASSED] - click: Object: 'Object Repository/Application_OR/btn_AGENT_SIGNATURE' is clicked on

2018-01-18 15:00:23 - [MESSAGE][PASSED] - Object: 'Object Repository/Application_OR/btn_AGENT_SIGNATURE' is clicked on

2018-01-18 15:00:23 - [TEST_STEP][PASSED] - delay: Delayed 2 second(s)

2018-01-18 15:00:25 - [MESSAGE][PASSED] - Delayed 2 second(s)

2018-01-18 15:00:25 - [TEST_STEP][PASSED] - click: Object: 'Object Repository/Application_OR/txtbx_AGENT_SIGNATURE' is clicked on

2018-01-18 15:00:25 - [MESSAGE][PASSED] - Object: 'Object Repository/Application_OR/txtbx_AGENT_SIGNATURE' is clicked on

2018-01-18 15:00:25 - [TEST_STEP][PASSED] - delay: Delayed 2 second(s)

2018-01-18 15:00:27 - [MESSAGE][PASSED] - Delayed 2 second(s)

2018-01-18 15:00:27 - [TEST_STEP][PASSED] - setText: Text 'clement helms' is set on object 'Object Repository/Application_OR/txtbx_AGENT_SIGNATURE'

2018-01-18 15:00:27 - [MESSAGE][PASSED] - Text 'clement helms' is set on object 'Object Repository/Application_OR/txtbx_AGENT_SIGNATURE'

2018-01-18 15:00:27 - [TEST_STEP][PASSED] - delay: Delayed 2 second(s)

2018-01-18 15:00:29 - [MESSAGE][PASSED] - Delayed 2 second(s)

2018-01-18 15:00:29 - [TEST_STEP][PASSED] - click: Object: 'Object Repository/Application_OR/btn_SUBMIT_AGENT_SIGNATURE' is clicked on

2018-01-18 15:00:30 - [MESSAGE][PASSED] - Object: 'Object Repository/Application_OR/btn_SUBMIT_AGENT_SIGNATURE' is clicked on

2018-01-18 15:00:30 - [TEST_STEP][PASSED] - delay: Delayed 5 second(s)

2018-01-18 15:00:35 - [MESSAGE][PASSED] - Delayed 5 second(s)

2018-01-18 15:00:35 - [TEST_STEP][PASSED] - click: Object: 'Object Repository/Application_OR/btn_SURPLUSLINE_ACK' is clicked on

2018-01-18 15:00:35 - [MESSAGE][PASSED] - Object: 'Object Repository/Application_OR/btn_SURPLUSLINE_ACK' is clicked on

2018-01-18 15:00:35 - [TEST_STEP][PASSED] - delay: Delayed 5 second(s)

2018-01-18 15:00:40 - [MESSAGE][PASSED] - Delayed 5 second(s)

2018-01-18 15:00:40 - [TEST_STEP][PASSED] - click: Object: 'Object Repository/Application_OR/txtfield_SURPLUSLINE_FORM_TEXT' is clicked on

2018-01-18 15:00:41 - [MESSAGE][PASSED] - Object: 'Object Repository/Application_OR/txtfield_SURPLUSLINE_FORM_TEXT' is clicked on

2018-01-18 15:00:41 - [TEST_STEP][PASSED] - setText: Text 'Testing' is set on object 'Object Repository/Application_OR/txtfield_SURPLUSLINE_FORM_TEXT'

2018-01-18 15:00:41 - [MESSAGE][PASSED] - Text 'Testing' is set on object 'Object Repository/Application_OR/txtfield_SURPLUSLINE_FORM_TEXT'

2018-01-18 15:00:41 - [TEST_STEP][PASSED] - delay: Delayed 5 second(s)

2018-01-18 15:00:46 - [MESSAGE][PASSED] - Delayed 5 second(s)

2018-01-18 15:00:46 - [TEST_STEP][PASSED] - click: Object: 'Object Repository/Application_OR/btn_SUBMIT_SURPLUSLINE' is clicked on

2018-01-18 15:00:46 - [MESSAGE][PASSED] - Object: 'Object Repository/Application_OR/btn_SUBMIT_SURPLUSLINE' is clicked on

2018-01-18 15:00:46 - [TEST_STEP][PASSED] - delay: Delayed 5 second(s)

2018-01-18 15:00:51 - [MESSAGE][PASSED] - Delayed 5 second(s)

2018-01-18 15:00:51 - [TEST_STEP][PASSED] - click: Object: 'Object Repository/Application_OR/btn_SUBMIT_FOR_UW_APPROVAL' is clicked on

2018-01-18 15:00:55 - [MESSAGE][PASSED] - Object: 'Object Repository/Application_OR/btn_SUBMIT_FOR_UW_APPROVAL' is clicked on

2018-01-18 15:00:55 - [TEST_STEP][PASSED] - delay: Delayed 8 second(s)

2018-01-18 15:01:03 - [MESSAGE][PASSED] - Delayed 8 second(s)

2018-01-18 15:01:03 - [TEST_STEP][PASSED] - click: Object: 'Object Repository/Application_OR/btn_LOGOUT' is clicked on

2018-01-18 15:01:03 - [MESSAGE][PASSED] - Object: 'Object Repository/Application_OR/btn_LOGOUT' is clicked on

2018-01-18 15:01:03 - [TEST_STEP][PASSED] - delay: Delayed 5 second(s)

2018-01-18 15:01:08 - [MESSAGE][PASSED] - Delayed 5 second(s)

2018-01-18 15:01:08 - [TEST_STEP][PASSED] - setText: Text 'ih.william' is set on object 'Object Repository/Quote_OR/txtfield_USERNAME'

2018-01-18 15:01:09 - [MESSAGE][PASSED] - Text 'ih.william' is set on object 'Object Repository/Quote_OR/txtfield_USERNAME'

2018-01-18 15:01:09 - [TEST_STEP][PASSED] - setText: Text '10#Hammer' is set on object 'Object Repository/Quote_OR/txtfield_PASSWORD'

2018-01-18 15:01:09 - [MESSAGE][PASSED] - Text '10#Hammer' is set on object 'Object Repository/Quote_OR/txtfield_PASSWORD'

2018-01-18 15:01:09 - [TEST_STEP][PASSED] - click: Object: 'Object Repository/Quote_OR/btn-LOGIN' is clicked on

2018-01-18 15:01:11 - [MESSAGE][PASSED] - Object: 'Object Repository/Quote_OR/btn-LOGIN' is clicked on

2018-01-18 15:01:11 - [TEST_STEP][PASSED] - delay: Delayed 5 second(s)

2018-01-18 15:01:16 - [MESSAGE][PASSED] - Delayed 5 second(s)

2018-01-18 15:01:16 - [TEST_STEP][PASSED] - Statement - btnId = "//*[@id="btnLoadApplication_" + policyInfoId + ""]": null

2018-01-18 15:01:16 - [TEST_STEP][PASSED] - Statement - btnViewApplication = new com.kms.katalon.core.testobject.TestObject(btnViewApplication): null

2018-01-18 15:01:16 - [TEST_STEP][PASSED] - Statement - btnViewApplication.addProperty("xpath", EQUALS, btnId, true): null

2018-01-18 15:01:16 - [TEST_STEP][PASSED] - delay: Delayed 20 second(s)

2018-01-18 15:01:36 - [MESSAGE][PASSED] - Delayed 20 second(s)

2018-01-18 15:01:36 - [TEST_STEP][PASSED] - click: Object: 'btnViewApplication' is clicked on

2018-01-18 15:01:38 - [MESSAGE][PASSED] - Object: 'btnViewApplication' is clicked on

2018-01-18 15:01:38 - [TEST_STEP][PASSED] - delay: Delayed 8 second(s)

2018-01-18 15:01:46 - [MESSAGE][PASSED] - Delayed 8 second(s)

2018-01-18 15:01:46 - [TEST_STEP][PASSED] - click: Object: 'Object Repository/Application_OR/btn_DOWNLOAD_AFS_UW' is clicked on

2018-01-18 15:01:46 - [MESSAGE][PASSED] - Object: 'Object Repository/Application_OR/btn_DOWNLOAD_AFS_UW' is clicked on

2018-01-18 15:01:46 - [TEST_STEP][PASSED] - delay: Delayed 5 second(s)

2018-01-18 15:01:51 - [MESSAGE][PASSED] - Delayed 5 second(s)

2018-01-18 15:01:51 - [TEST_STEP][PASSED] - click: Object: 'Object Repository/Application_OR/btn_GENERATE_FORMS' is clicked on

2018-01-18 15:01:52 - [MESSAGE][PASSED] - Object: 'Object Repository/Application_OR/btn_GENERATE_FORMS' is clicked on

2018-01-18 15:01:52 - [TEST_STEP][PASSED] - delay: Delayed 5 second(s)

2018-01-18 15:01:57 - [MESSAGE][PASSED] - Delayed 5 second(s)

2018-01-18 15:01:57 - [TEST_STEP][PASSED] - click: Object: 'Object Repository/Application_OR/btn_REQUEST_FOR_BIND' is clicked on

2018-01-18 15:01:57 - [MESSAGE][PASSED] - Object: 'Object Repository/Application_OR/btn_REQUEST_FOR_BIND' is clicked on

2018-01-18 15:01:57 - [TEST_STEP][PASSED] - delay: Delayed 20 second(s)

2018-01-18 15:02:17 - [MESSAGE][PASSED] - Delayed 20 second(s)

2018-01-18 15:02:17 - [TEST_STEP][PASSED] - click: Object: 'Object Repository/Application_OR/btn_VIEW_POLICY_FORMS' is clicked on

2018-01-18 15:02:17 - [MESSAGE][PASSED] - Object: 'Object Repository/Application_OR/btn_VIEW_POLICY_FORMS' is clicked on

2018-01-18 15:02:17 - [TEST_STEP][PASSED] - delay: Delayed 20 second(s)

2018-01-18 15:02:37 - [MESSAGE][PASSED] - Delayed 20 second(s)

2018-01-18 15:02:37 - [TEST_STEP][PASSED] - click: Object: 'Object Repository/Application_OR/btn_UW_APPLICATION_STATUS_MENU' is clicked on

2018-01-18 15:02:37 - [MESSAGE][PASSED] - Object: 'Object Repository/Application_OR/btn_UW_APPLICATION_STATUS_MENU' is clicked on

2018-01-18 15:02:37 - [TEST_STEP][PASSED] - delay: Delayed 2 second(s)

2018-01-18 15:02:39 - [MESSAGE][PASSED] - Delayed 2 second(s)

2018-01-18 15:02:39 - [TEST_STEP][PASSED] - click: Object: 'Object Repository/Application_OR/btn_YES_CONFIRMATION' is clicked on

2018-01-18 15:02:40 - [MESSAGE][PASSED] - Object: 'Object Repository/Application_OR/btn_YES_CONFIRMATION' is clicked on

2018-01-18 15:02:40 - [TEST_STEP][PASSED] - delay: Delayed 12 second(s)

2018-01-18 15:02:52 - [MESSAGE][PASSED] - Delayed 12 second(s)]]></system-out>
         <system-err><![CDATA[]]></system-err>
      </testcase>
      <testcase name="Test Cases/ENDORSEMENT_CREATION" classname="Test Cases/ENDORSEMENT_CREATION" status="ERROR">
         <error type="ERROR" message="Test Cases/ENDORSEMENT_CREATION FAILED because (of) groovy.lang.MissingMethodException: No signature of method: static com.kms.katalon.core.webui.keyword.WebUiBuiltInKeywords.setText() is applicable for argument types: (com.kms.katalon.core.testobject.TestObject, java.lang.Integer) values: [TestObject - 'Object Repository/Endorsement_OR/txtfield_AdvanceFilter_PROPERTY_ADDRESS', ...]
Possible solutions: setText(com.kms.katalon.core.testobject.TestObject, java.lang.String), getText(com.kms.katalon.core.testobject.TestObject), getText(com.kms.katalon.core.testobject.TestObject, com.kms.katalon.core.model.FailureHandling), setText(com.kms.katalon.core.testobject.TestObject, java.lang.String, com.kms.katalon.core.model.FailureHandling)"/>
         <system-out><![CDATA[2018-01-18 15:02:52 - [TEST_CASE][ERROR] - Test Cases/ENDORSEMENT_CREATION: Test Cases/ENDORSEMENT_CREATION FAILED because (of) groovy.lang.MissingMethodException: No signature of method: static com.kms.katalon.core.webui.keyword.WebUiBuiltInKeywords.setText() is applicable for argument types: (com.kms.katalon.core.testobject.TestObject, java.lang.Integer) values: [TestObject - 'Object Repository/Endorsement_OR/txtfield_AdvanceFilter_PROPERTY_ADDRESS', ...]
Possible solutions: setText(com.kms.katalon.core.testobject.TestObject, java.lang.String), getText(com.kms.katalon.core.testobject.TestObject), getText(com.kms.katalon.core.testobject.TestObject, com.kms.katalon.core.model.FailureHandling), setText(com.kms.katalon.core.testobject.TestObject, java.lang.String, com.kms.katalon.core.model.FailureHandling)

2018-01-18 15:02:52 - [TEST_STEP][PASSED] - Statement - propertyaddress = 0: null

2018-01-18 15:02:52 - [TEST_STEP][PASSED] - click: Object: 'Object Repository/Endorsement_OR/btn_ADVANCE_FILTER' is clicked on

2018-01-18 15:02:52 - [MESSAGE][PASSED] - Object: 'Object Repository/Endorsement_OR/btn_ADVANCE_FILTER' is clicked on

2018-01-18 15:02:52 - [TEST_STEP][PASSED] - setText: Finding Test Object with id 'Object Repository/Endorsement_OR/txtfield_AdvanceFilter_PROPERTY_ADDRESS']]></system-out>
         <system-err><![CDATA[2018-01-18 15:02:52 - [TEST_CASE][ERROR] - Test Cases/ENDORSEMENT_CREATION: Test Cases/ENDORSEMENT_CREATION FAILED because (of) groovy.lang.MissingMethodException: No signature of method: static com.kms.katalon.core.webui.keyword.WebUiBuiltInKeywords.setText() is applicable for argument types: (com.kms.katalon.core.testobject.TestObject, java.lang.Integer) values: [TestObject - 'Object Repository/Endorsement_OR/txtfield_AdvanceFilter_PROPERTY_ADDRESS', ...]
Possible solutions: setText(com.kms.katalon.core.testobject.TestObject, java.lang.String), getText(com.kms.katalon.core.testobject.TestObject), getText(com.kms.katalon.core.testobject.TestObject, com.kms.katalon.core.model.FailureHandling), setText(com.kms.katalon.core.testobject.TestObject, java.lang.String, com.kms.katalon.core.model.FailureHandling)]]></system-err>
      </testcase>
      <system-out><![CDATA[2018-01-18 14:55:29 - [TEST_SUITE][ERROR] - PPE: Test Cases/ENDORSEMENT_CREATION FAILED because (of) groovy.lang.MissingMethodException: No signature of method: static com.kms.katalon.core.webui.keyword.WebUiBuiltInKeywords.setText() is applicable for argument types: (com.kms.katalon.core.testobject.TestObject, java.lang.Integer) values: [TestObject - 'Object Repository/Endorsement_OR/txtfield_AdvanceFilter_PROPERTY_ADDRESS', ...]
Possible solutions: setText(com.kms.katalon.core.testobject.TestObject, java.lang.String), getText(com.kms.katalon.core.testobject.TestObject), getText(com.kms.katalon.core.testobject.TestObject, com.kms.katalon.core.model.FailureHandling), setText(com.kms.katalon.core.testobject.TestObject, java.lang.String, com.kms.katalon.core.model.FailureHandling)]]></system-out>
      <system-err><![CDATA[2018-01-18 14:55:29 - [TEST_SUITE][ERROR] - PPE: Test Cases/ENDORSEMENT_CREATION FAILED because (of) groovy.lang.MissingMethodException: No signature of method: static com.kms.katalon.core.webui.keyword.WebUiBuiltInKeywords.setText() is applicable for argument types: (com.kms.katalon.core.testobject.TestObject, java.lang.Integer) values: [TestObject - 'Object Repository/Endorsement_OR/txtfield_AdvanceFilter_PROPERTY_ADDRESS', ...]
Possible solutions: setText(com.kms.katalon.core.testobject.TestObject, java.lang.String), getText(com.kms.katalon.core.testobject.TestObject), getText(com.kms.katalon.core.testobject.TestObject, com.kms.katalon.core.model.FailureHandling), setText(com.kms.katalon.core.testobject.TestObject, java.lang.String, com.kms.katalon.core.model.FailureHandling)]]></system-err>
   </testsuite>
</testsuites>
