<?xml version="1.0" encoding="UTF-8"?>
<testsuites name="PPE_Login" time="42" tests="4" failures="3" errors="0">
   <testsuite name="PPE_Login" tests="4" failures="3" errors="0" time="42" timestamp="2018-05-02 17:14:02" hostname="gsalunkhe - CTS-QUA-4.cogitate.india" id="Test Suites/PPE_Login">
      <properties>
         <property name="deviceName" value=""/>
         <property name="devicePlatform" value=""/>
         <property name="logFolder" value="D:\\Katalon_Practice_Workspace\\Beginner Three\\Reports\\PPE_Login\\20180502_171400"/>
         <property name="logFiles" value="D:\\Katalon_Practice_Workspace\\Beginner Three\\Reports\\PPE_Login\\20180502_171400\\execution0.log"/>
         <property name="attachments" value="D:\\Katalon_Practice_Workspace\\Beginner Three\\Reports\\PPE_Login\\20180502_171400\\1525261449723.png, D:\\Katalon_Practice_Workspace\\Beginner Three\\Reports\\PPE_Login\\20180502_171400\\1525261450498.png, D:\\Katalon_Practice_Workspace\\Beginner Three\\Reports\\PPE_Login\\20180502_171400\\1525261483494.png"/>
         <property name="hostName" value="gsalunkhe - CTS-QUA-4.cogitate.india"/>
         <property name="os" value="Windows 7 64bit"/>
         <property name="katalonVersion" value="5.0.1.1"/>
         <property name="browser" value="Chrome 65.0.3325.181"/>
         <property name="hostAddress" value="192.168.0.4"/>
         <property name="sessionId" value="98c224458d38c6b8d121b883cd2b5da6"/>
         <property name="seleniumVersion" value="2.53.0"/>
         <property name="proxyInformation" value="ProxyInformation{proxyOption=NO_PROXY, proxyServerType=, password=, proxyServerAddress=, proxyServerPort=0}"/>
         <property name="platform" value="Windows 7"/>
      </properties>
      <testcase name="Test Cases/Open_Browser" classname="Test Cases/Open_Browser" status="PASSED">
         <system-out><![CDATA[2018-05-02 17:14:02 - [TEST_CASE][PASSED] - Test Cases/Open_Browser: Test Cases/Open_Browser

2018-05-02 17:14:03 - [TEST_STEP][PASSED] - openBrowser: Browser is opened with url: 'http://test.cogitate.us/PPE.Test/'

2018-05-02 17:14:09 - [MESSAGE][PASSED] - Browser is opened with url: 'http://test.cogitate.us/PPE.Test/']]></system-out>
         <system-err><![CDATA[]]></system-err>
      </testcase>
      <testcase name="Test Cases/Entering Username" classname="Test Cases/Entering Username" status="FAILED">
         <failure type="FAILED" message="Unable to send keys 'ih.chelms' to object 'Object Repository/input_userName' (Root cause: org.openqa.selenium.WebDriverException: unknown error: call function result missing 'value'
  (Session info: chrome=65.0.3325.181)
  (Driver info: chromedriver=2.33.506120 (e3e53437346286c0bc2d2dc9aa4915ba81d9023f),platform=Windows NT 6.1.7601 SP1 x86_64) (WARNING: The server did not provide any stacktrace information)
Command duration or timeout: 64 milliseconds
Build info: version: '2.53.0', revision: '35ae25b', time: '2016-03-15 17:00:58'
System info: host: 'CTS-QUA-4', ip: '192.168.0.4', os.name: 'Windows 7', os.arch: 'amd64', os.version: '6.1', java.version: '1.8.0_102'
Driver info: com.kms.katalon.selenium.driver.CChromeDriver
Capabilities [{applicationCacheEnabled=false, rotatable=false, mobileEmulationEnabled=false, networkConnectionEnabled=false, chrome={chromedriverVersion=2.33.506120 (e3e53437346286c0bc2d2dc9aa4915ba81d9023f), userDataDir=C:\Users\GSALUN~1\AppData\Local\Temp\scoped_dir3076_10776}, takesHeapSnapshot=true, pageLoadStrategy=normal, databaseEnabled=false, handlesAlerts=true, hasTouchScreen=false, version=65.0.3325.181, platform=XP, browserConnectionEnabled=false, nativeEvents=true, acceptSslCerts=true, locationContextEnabled=true, webStorageEnabled=true, browserName=chrome, takesScreenshot=true, javascriptEnabled=true, cssSelectorsEnabled=true, setWindowRect=true, unexpectedAlertBehaviour=}]
Session ID: 98c224458d38c6b8d121b883cd2b5da6)"/>
         <system-out><![CDATA[2018-05-02 17:14:09 - [TEST_CASE][FAILED] - Test Cases/Entering Username: Test Cases/Entering Username FAILED because (of) Unable to send keys 'ih.chelms' to object 'Object Repository/input_userName' (Root cause: org.openqa.selenium.WebDriverException: unknown error: call function result missing 'value'
  (Session info: chrome=65.0.3325.181)
  (Driver info: chromedriver=2.33.506120 (e3e53437346286c0bc2d2dc9aa4915ba81d9023f),platform=Windows NT 6.1.7601 SP1 x86_64) (WARNING: The server did not provide any stacktrace information)
Command duration or timeout: 64 milliseconds
Build info: version: '2.53.0', revision: '35ae25b', time: '2016-03-15 17:00:58'
System info: host: 'CTS-QUA-4', ip: '192.168.0.4', os.name: 'Windows 7', os.arch: 'amd64', os.version: '6.1', java.version: '1.8.0_102'
Driver info: com.kms.katalon.selenium.driver.CChromeDriver
Capabilities [{applicationCacheEnabled=false, rotatable=false, mobileEmulationEnabled=false, networkConnectionEnabled=false, chrome={chromedriverVersion=2.33.506120 (e3e53437346286c0bc2d2dc9aa4915ba81d9023f), userDataDir=C:\Users\GSALUN~1\AppData\Local\Temp\scoped_dir3076_10776}, takesHeapSnapshot=true, pageLoadStrategy=normal, databaseEnabled=false, handlesAlerts=true, hasTouchScreen=false, version=65.0.3325.181, platform=XP, browserConnectionEnabled=false, nativeEvents=true, acceptSslCerts=true, locationContextEnabled=true, webStorageEnabled=true, browserName=chrome, takesScreenshot=true, javascriptEnabled=true, cssSelectorsEnabled=true, setWindowRect=true, unexpectedAlertBehaviour=}]
Session ID: 98c224458d38c6b8d121b883cd2b5da6)

2018-05-02 17:14:09 - [TEST_STEP][FAILED] - sendKeys: Unable to send keys 'ih.chelms' to object 'Object Repository/input_userName' (Root cause: org.openqa.selenium.WebDriverException: unknown error: call function result missing 'value'
  (Session info: chrome=65.0.3325.181)
  (Driver info: chromedriver=2.33.506120 (e3e53437346286c0bc2d2dc9aa4915ba81d9023f),platform=Windows NT 6.1.7601 SP1 x86_64) (WARNING: The server did not provide any stacktrace information)
Command duration or timeout: 64 milliseconds
Build info: version: '2.53.0', revision: '35ae25b', time: '2016-03-15 17:00:58'
System info: host: 'CTS-QUA-4', ip: '192.168.0.4', os.name: 'Windows 7', os.arch: 'amd64', os.version: '6.1', java.version: '1.8.0_102'
Driver info: com.kms.katalon.selenium.driver.CChromeDriver
Capabilities [{applicationCacheEnabled=false, rotatable=false, mobileEmulationEnabled=false, networkConnectionEnabled=false, chrome={chromedriverVersion=2.33.506120 (e3e53437346286c0bc2d2dc9aa4915ba81d9023f), userDataDir=C:\Users\GSALUN~1\AppData\Local\Temp\scoped_dir3076_10776}, takesHeapSnapshot=true, pageLoadStrategy=normal, databaseEnabled=false, handlesAlerts=true, hasTouchScreen=false, version=65.0.3325.181, platform=XP, browserConnectionEnabled=false, nativeEvents=true, acceptSslCerts=true, locationContextEnabled=true, webStorageEnabled=true, browserName=chrome, takesScreenshot=true, javascriptEnabled=true, cssSelectorsEnabled=true, setWindowRect=true, unexpectedAlertBehaviour=}]
Session ID: 98c224458d38c6b8d121b883cd2b5da6)

2018-05-02 17:14:10 - [MESSAGE][FAILED] - Unable to send keys 'ih.chelms' to object 'Object Repository/input_userName' (Root cause: org.openqa.selenium.WebDriverException: unknown error: call function result missing 'value'
  (Session info: chrome=65.0.3325.181)
  (Driver info: chromedriver=2.33.506120 (e3e53437346286c0bc2d2dc9aa4915ba81d9023f),platform=Windows NT 6.1.7601 SP1 x86_64) (WARNING: The server did not provide any stacktrace information)
Command duration or timeout: 64 milliseconds
Build info: version: '2.53.0', revision: '35ae25b', time: '2016-03-15 17:00:58'
System info: host: 'CTS-QUA-4', ip: '192.168.0.4', os.name: 'Windows 7', os.arch: 'amd64', os.version: '6.1', java.version: '1.8.0_102'
Driver info: com.kms.katalon.selenium.driver.CChromeDriver
Capabilities [{applicationCacheEnabled=false, rotatable=false, mobileEmulationEnabled=false, networkConnectionEnabled=false, chrome={chromedriverVersion=2.33.506120 (e3e53437346286c0bc2d2dc9aa4915ba81d9023f), userDataDir=C:\Users\GSALUN~1\AppData\Local\Temp\scoped_dir3076_10776}, takesHeapSnapshot=true, pageLoadStrategy=normal, databaseEnabled=false, handlesAlerts=true, hasTouchScreen=false, version=65.0.3325.181, platform=XP, browserConnectionEnabled=false, nativeEvents=true, acceptSslCerts=true, locationContextEnabled=true, webStorageEnabled=true, browserName=chrome, takesScreenshot=true, javascriptEnabled=true, cssSelectorsEnabled=true, setWindowRect=true, unexpectedAlertBehaviour=}]
Session ID: 98c224458d38c6b8d121b883cd2b5da6)
[[ATTACHMENT|D:\\Katalon_Practice_Workspace\\Beginner Three\\Reports\\PPE_Login\\20180502_171400\\1525261449723.png]]]]></system-out>
         <system-err><![CDATA[2018-05-02 17:14:09 - [TEST_CASE][FAILED] - Test Cases/Entering Username: Test Cases/Entering Username FAILED because (of) Unable to send keys 'ih.chelms' to object 'Object Repository/input_userName' (Root cause: org.openqa.selenium.WebDriverException: unknown error: call function result missing 'value'
  (Session info: chrome=65.0.3325.181)
  (Driver info: chromedriver=2.33.506120 (e3e53437346286c0bc2d2dc9aa4915ba81d9023f),platform=Windows NT 6.1.7601 SP1 x86_64) (WARNING: The server did not provide any stacktrace information)
Command duration or timeout: 64 milliseconds
Build info: version: '2.53.0', revision: '35ae25b', time: '2016-03-15 17:00:58'
System info: host: 'CTS-QUA-4', ip: '192.168.0.4', os.name: 'Windows 7', os.arch: 'amd64', os.version: '6.1', java.version: '1.8.0_102'
Driver info: com.kms.katalon.selenium.driver.CChromeDriver
Capabilities [{applicationCacheEnabled=false, rotatable=false, mobileEmulationEnabled=false, networkConnectionEnabled=false, chrome={chromedriverVersion=2.33.506120 (e3e53437346286c0bc2d2dc9aa4915ba81d9023f), userDataDir=C:\Users\GSALUN~1\AppData\Local\Temp\scoped_dir3076_10776}, takesHeapSnapshot=true, pageLoadStrategy=normal, databaseEnabled=false, handlesAlerts=true, hasTouchScreen=false, version=65.0.3325.181, platform=XP, browserConnectionEnabled=false, nativeEvents=true, acceptSslCerts=true, locationContextEnabled=true, webStorageEnabled=true, browserName=chrome, takesScreenshot=true, javascriptEnabled=true, cssSelectorsEnabled=true, setWindowRect=true, unexpectedAlertBehaviour=}]
Session ID: 98c224458d38c6b8d121b883cd2b5da6)]]></system-err>
      </testcase>
      <testcase name="Test Cases/Entering Password" classname="Test Cases/Entering Password" status="FAILED">
         <failure type="FAILED" message="Unable to send keys '10#Hammer' to object 'Object Repository/input_password' (Root cause: org.openqa.selenium.WebDriverException: unknown error: call function result missing 'value'
  (Session info: chrome=65.0.3325.181)
  (Driver info: chromedriver=2.33.506120 (e3e53437346286c0bc2d2dc9aa4915ba81d9023f),platform=Windows NT 6.1.7601 SP1 x86_64) (WARNING: The server did not provide any stacktrace information)
Command duration or timeout: 58 milliseconds
Build info: version: '2.53.0', revision: '35ae25b', time: '2016-03-15 17:00:58'
System info: host: 'CTS-QUA-4', ip: '192.168.0.4', os.name: 'Windows 7', os.arch: 'amd64', os.version: '6.1', java.version: '1.8.0_102'
Driver info: com.kms.katalon.selenium.driver.CChromeDriver
Capabilities [{applicationCacheEnabled=false, rotatable=false, mobileEmulationEnabled=false, networkConnectionEnabled=false, chrome={chromedriverVersion=2.33.506120 (e3e53437346286c0bc2d2dc9aa4915ba81d9023f), userDataDir=C:\Users\GSALUN~1\AppData\Local\Temp\scoped_dir3076_10776}, takesHeapSnapshot=true, pageLoadStrategy=normal, databaseEnabled=false, handlesAlerts=true, hasTouchScreen=false, version=65.0.3325.181, platform=XP, browserConnectionEnabled=false, nativeEvents=true, acceptSslCerts=true, locationContextEnabled=true, webStorageEnabled=true, browserName=chrome, takesScreenshot=true, javascriptEnabled=true, cssSelectorsEnabled=true, setWindowRect=true, unexpectedAlertBehaviour=}]
Session ID: 98c224458d38c6b8d121b883cd2b5da6)"/>
         <system-out><![CDATA[2018-05-02 17:14:10 - [TEST_CASE][FAILED] - Test Cases/Entering Password: Test Cases/Entering Password FAILED because (of) Unable to send keys '10#Hammer' to object 'Object Repository/input_password' (Root cause: org.openqa.selenium.WebDriverException: unknown error: call function result missing 'value'
  (Session info: chrome=65.0.3325.181)
  (Driver info: chromedriver=2.33.506120 (e3e53437346286c0bc2d2dc9aa4915ba81d9023f),platform=Windows NT 6.1.7601 SP1 x86_64) (WARNING: The server did not provide any stacktrace information)
Command duration or timeout: 58 milliseconds
Build info: version: '2.53.0', revision: '35ae25b', time: '2016-03-15 17:00:58'
System info: host: 'CTS-QUA-4', ip: '192.168.0.4', os.name: 'Windows 7', os.arch: 'amd64', os.version: '6.1', java.version: '1.8.0_102'
Driver info: com.kms.katalon.selenium.driver.CChromeDriver
Capabilities [{applicationCacheEnabled=false, rotatable=false, mobileEmulationEnabled=false, networkConnectionEnabled=false, chrome={chromedriverVersion=2.33.506120 (e3e53437346286c0bc2d2dc9aa4915ba81d9023f), userDataDir=C:\Users\GSALUN~1\AppData\Local\Temp\scoped_dir3076_10776}, takesHeapSnapshot=true, pageLoadStrategy=normal, databaseEnabled=false, handlesAlerts=true, hasTouchScreen=false, version=65.0.3325.181, platform=XP, browserConnectionEnabled=false, nativeEvents=true, acceptSslCerts=true, locationContextEnabled=true, webStorageEnabled=true, browserName=chrome, takesScreenshot=true, javascriptEnabled=true, cssSelectorsEnabled=true, setWindowRect=true, unexpectedAlertBehaviour=}]
Session ID: 98c224458d38c6b8d121b883cd2b5da6)

2018-05-02 17:14:10 - [TEST_STEP][FAILED] - sendKeys: Unable to send keys '10#Hammer' to object 'Object Repository/input_password' (Root cause: org.openqa.selenium.WebDriverException: unknown error: call function result missing 'value'
  (Session info: chrome=65.0.3325.181)
  (Driver info: chromedriver=2.33.506120 (e3e53437346286c0bc2d2dc9aa4915ba81d9023f),platform=Windows NT 6.1.7601 SP1 x86_64) (WARNING: The server did not provide any stacktrace information)
Command duration or timeout: 58 milliseconds
Build info: version: '2.53.0', revision: '35ae25b', time: '2016-03-15 17:00:58'
System info: host: 'CTS-QUA-4', ip: '192.168.0.4', os.name: 'Windows 7', os.arch: 'amd64', os.version: '6.1', java.version: '1.8.0_102'
Driver info: com.kms.katalon.selenium.driver.CChromeDriver
Capabilities [{applicationCacheEnabled=false, rotatable=false, mobileEmulationEnabled=false, networkConnectionEnabled=false, chrome={chromedriverVersion=2.33.506120 (e3e53437346286c0bc2d2dc9aa4915ba81d9023f), userDataDir=C:\Users\GSALUN~1\AppData\Local\Temp\scoped_dir3076_10776}, takesHeapSnapshot=true, pageLoadStrategy=normal, databaseEnabled=false, handlesAlerts=true, hasTouchScreen=false, version=65.0.3325.181, platform=XP, browserConnectionEnabled=false, nativeEvents=true, acceptSslCerts=true, locationContextEnabled=true, webStorageEnabled=true, browserName=chrome, takesScreenshot=true, javascriptEnabled=true, cssSelectorsEnabled=true, setWindowRect=true, unexpectedAlertBehaviour=}]
Session ID: 98c224458d38c6b8d121b883cd2b5da6)

2018-05-02 17:14:10 - [MESSAGE][FAILED] - Unable to send keys '10#Hammer' to object 'Object Repository/input_password' (Root cause: org.openqa.selenium.WebDriverException: unknown error: call function result missing 'value'
  (Session info: chrome=65.0.3325.181)
  (Driver info: chromedriver=2.33.506120 (e3e53437346286c0bc2d2dc9aa4915ba81d9023f),platform=Windows NT 6.1.7601 SP1 x86_64) (WARNING: The server did not provide any stacktrace information)
Command duration or timeout: 58 milliseconds
Build info: version: '2.53.0', revision: '35ae25b', time: '2016-03-15 17:00:58'
System info: host: 'CTS-QUA-4', ip: '192.168.0.4', os.name: 'Windows 7', os.arch: 'amd64', os.version: '6.1', java.version: '1.8.0_102'
Driver info: com.kms.katalon.selenium.driver.CChromeDriver
Capabilities [{applicationCacheEnabled=false, rotatable=false, mobileEmulationEnabled=false, networkConnectionEnabled=false, chrome={chromedriverVersion=2.33.506120 (e3e53437346286c0bc2d2dc9aa4915ba81d9023f), userDataDir=C:\Users\GSALUN~1\AppData\Local\Temp\scoped_dir3076_10776}, takesHeapSnapshot=true, pageLoadStrategy=normal, databaseEnabled=false, handlesAlerts=true, hasTouchScreen=false, version=65.0.3325.181, platform=XP, browserConnectionEnabled=false, nativeEvents=true, acceptSslCerts=true, locationContextEnabled=true, webStorageEnabled=true, browserName=chrome, takesScreenshot=true, javascriptEnabled=true, cssSelectorsEnabled=true, setWindowRect=true, unexpectedAlertBehaviour=}]
Session ID: 98c224458d38c6b8d121b883cd2b5da6)
[[ATTACHMENT|D:\\Katalon_Practice_Workspace\\Beginner Three\\Reports\\PPE_Login\\20180502_171400\\1525261450498.png]]]]></system-out>
         <system-err><![CDATA[2018-05-02 17:14:10 - [TEST_CASE][FAILED] - Test Cases/Entering Password: Test Cases/Entering Password FAILED because (of) Unable to send keys '10#Hammer' to object 'Object Repository/input_password' (Root cause: org.openqa.selenium.WebDriverException: unknown error: call function result missing 'value'
  (Session info: chrome=65.0.3325.181)
  (Driver info: chromedriver=2.33.506120 (e3e53437346286c0bc2d2dc9aa4915ba81d9023f),platform=Windows NT 6.1.7601 SP1 x86_64) (WARNING: The server did not provide any stacktrace information)
Command duration or timeout: 58 milliseconds
Build info: version: '2.53.0', revision: '35ae25b', time: '2016-03-15 17:00:58'
System info: host: 'CTS-QUA-4', ip: '192.168.0.4', os.name: 'Windows 7', os.arch: 'amd64', os.version: '6.1', java.version: '1.8.0_102'
Driver info: com.kms.katalon.selenium.driver.CChromeDriver
Capabilities [{applicationCacheEnabled=false, rotatable=false, mobileEmulationEnabled=false, networkConnectionEnabled=false, chrome={chromedriverVersion=2.33.506120 (e3e53437346286c0bc2d2dc9aa4915ba81d9023f), userDataDir=C:\Users\GSALUN~1\AppData\Local\Temp\scoped_dir3076_10776}, takesHeapSnapshot=true, pageLoadStrategy=normal, databaseEnabled=false, handlesAlerts=true, hasTouchScreen=false, version=65.0.3325.181, platform=XP, browserConnectionEnabled=false, nativeEvents=true, acceptSslCerts=true, locationContextEnabled=true, webStorageEnabled=true, browserName=chrome, takesScreenshot=true, javascriptEnabled=true, cssSelectorsEnabled=true, setWindowRect=true, unexpectedAlertBehaviour=}]
Session ID: 98c224458d38c6b8d121b883cd2b5da6)]]></system-err>
      </testcase>
      <testcase name="Test Cases/Wait time" classname="Test Cases/Wait time" status="PASSED">
         <system-out><![CDATA[2018-05-02 17:14:10 - [TEST_CASE][PASSED] - Test Cases/Wait time: Test Cases/Wait time

2018-05-02 17:14:10 - [TEST_STEP][PASSED] - waitForElementClickable: Object 'Object Repository/input_name' is clickable

2018-05-02 17:14:11 - [MESSAGE][PASSED] - Object 'Object Repository/input_name' is clickable]]></system-out>
         <system-err><![CDATA[]]></system-err>
      </testcase>
      <testcase name="Test Cases/Click Submit" classname="Test Cases/Click Submit" status="PASSED">
         <system-out><![CDATA[2018-05-02 17:14:11 - [TEST_CASE][PASSED] - Test Cases/Click Submit: Test Cases/Click Submit

2018-05-02 17:14:11 - [TEST_STEP][PASSED] - click: Object: 'Object Repository/input_name' is clicked on

2018-05-02 17:14:11 - [MESSAGE][PASSED] - Object: 'Object Repository/input_name' is clicked on]]></system-out>
         <system-err><![CDATA[]]></system-err>
      </testcase>
      <testcase name="Test Cases/Wait for Clicking LogOut button" classname="Test Cases/Wait for Clicking LogOut button" status="PASSED">
         <system-out><![CDATA[2018-05-02 17:14:11 - [TEST_CASE][PASSED] - Test Cases/Wait for Clicking LogOut button: Test Cases/Wait for Clicking LogOut button

2018-05-02 17:14:12 - [TEST_STEP][PASSED] - Statement - return null: null]]></system-out>
         <system-err><![CDATA[]]></system-err>
      </testcase>
      <testcase name="Test Cases/Clicking on Logout Button" classname="Test Cases/Clicking on Logout Button" status="FAILED">
         <failure type="FAILED" message="Unable to click on object 'Object Repository/a_Logout' (Root cause: com.kms.katalon.core.webui.exception.WebElementNotFoundException: Web element with id: 'Object Repository/a_Logout' located by 'By.xpath: //a[count(. | //*[@href = '/login/Logout']) = count(//*[@href = '/login/Logout'])][count(. | //*[text() = '
            Logout ']) = count(//*[text() = '
            Logout '])][count(. | id(&quot;_AgentUI&quot;)/div[@class=&quot;pull-right&quot;]/div[@class=&quot;username&quot;]/a[1]) = count(id(&quot;_AgentUI&quot;)/div[@class=&quot;pull-right&quot;]/div[@class=&quot;username&quot;]/a[1])]' not found)"/>
         <system-out><![CDATA[2018-05-02 17:14:12 - [TEST_CASE][FAILED] - Test Cases/Clicking on Logout Button: Test Cases/Clicking on Logout Button FAILED because (of) Unable to click on object 'Object Repository/a_Logout' (Root cause: com.kms.katalon.core.webui.exception.WebElementNotFoundException: Web element with id: 'Object Repository/a_Logout' located by 'By.xpath: //a[count(. | //*[@href = '/login/Logout']) = count(//*[@href = '/login/Logout'])][count(. | //*[text() = '
            Logout ']) = count(//*[text() = '
            Logout '])][count(. | id("_AgentUI")/div[@class="pull-right"]/div[@class="username"]/a[1]) = count(id("_AgentUI")/div[@class="pull-right"]/div[@class="username"]/a[1])]' not found)

2018-05-02 17:14:12 - [TEST_STEP][FAILED] - click: Unable to click on object 'Object Repository/a_Logout' (Root cause: com.kms.katalon.core.webui.exception.WebElementNotFoundException: Web element with id: 'Object Repository/a_Logout' located by 'By.xpath: //a[count(. | //*[@href = '/login/Logout']) = count(//*[@href = '/login/Logout'])][count(. | //*[text() = '
            Logout ']) = count(//*[text() = '
            Logout '])][count(. | id("_AgentUI")/div[@class="pull-right"]/div[@class="username"]/a[1]) = count(id("_AgentUI")/div[@class="pull-right"]/div[@class="username"]/a[1])]' not found)

2018-05-02 17:14:43 - [MESSAGE][FAILED] - Unable to click on object 'Object Repository/a_Logout' (Root cause: com.kms.katalon.core.webui.exception.WebElementNotFoundException: Web element with id: 'Object Repository/a_Logout' located by 'By.xpath: //a[count(. | //*[@href = '/login/Logout']) = count(//*[@href = '/login/Logout'])][count(. | //*[text() = '
            Logout ']) = count(//*[text() = '
            Logout '])][count(. | id("_AgentUI")/div[@class="pull-right"]/div[@class="username"]/a[1]) = count(id("_AgentUI")/div[@class="pull-right"]/div[@class="username"]/a[1])]' not found)
[[ATTACHMENT|D:\\Katalon_Practice_Workspace\\Beginner Three\\Reports\\PPE_Login\\20180502_171400\\1525261483494.png]]]]></system-out>
         <system-err><![CDATA[2018-05-02 17:14:12 - [TEST_CASE][FAILED] - Test Cases/Clicking on Logout Button: Test Cases/Clicking on Logout Button FAILED because (of) Unable to click on object 'Object Repository/a_Logout' (Root cause: com.kms.katalon.core.webui.exception.WebElementNotFoundException: Web element with id: 'Object Repository/a_Logout' located by 'By.xpath: //a[count(. | //*[@href = '/login/Logout']) = count(//*[@href = '/login/Logout'])][count(. | //*[text() = '
            Logout ']) = count(//*[text() = '
            Logout '])][count(. | id("_AgentUI")/div[@class="pull-right"]/div[@class="username"]/a[1]) = count(id("_AgentUI")/div[@class="pull-right"]/div[@class="username"]/a[1])]' not found)]]></system-err>
      </testcase>
      <system-out><![CDATA[2018-05-02 17:14:02 - [TEST_SUITE][FAILED] - PPE_Login: Test Cases/Entering Username FAILED because (of) Unable to send keys 'ih.chelms' to object 'Object Repository/input_userName' (Root cause: org.openqa.selenium.WebDriverException: unknown error: call function result missing 'value'
  (Session info: chrome=65.0.3325.181)
  (Driver info: chromedriver=2.33.506120 (e3e53437346286c0bc2d2dc9aa4915ba81d9023f),platform=Windows NT 6.1.7601 SP1 x86_64) (WARNING: The server did not provide any stacktrace information)
Command duration or timeout: 64 milliseconds
Build info: version: '2.53.0', revision: '35ae25b', time: '2016-03-15 17:00:58'
System info: host: 'CTS-QUA-4', ip: '192.168.0.4', os.name: 'Windows 7', os.arch: 'amd64', os.version: '6.1', java.version: '1.8.0_102'
Driver info: com.kms.katalon.selenium.driver.CChromeDriver
Capabilities [{applicationCacheEnabled=false, rotatable=false, mobileEmulationEnabled=false, networkConnectionEnabled=false, chrome={chromedriverVersion=2.33.506120 (e3e53437346286c0bc2d2dc9aa4915ba81d9023f), userDataDir=C:\Users\GSALUN~1\AppData\Local\Temp\scoped_dir3076_10776}, takesHeapSnapshot=true, pageLoadStrategy=normal, databaseEnabled=false, handlesAlerts=true, hasTouchScreen=false, version=65.0.3325.181, platform=XP, browserConnectionEnabled=false, nativeEvents=true, acceptSslCerts=true, locationContextEnabled=true, webStorageEnabled=true, browserName=chrome, takesScreenshot=true, javascriptEnabled=true, cssSelectorsEnabled=true, setWindowRect=true, unexpectedAlertBehaviour=}]
Session ID: 98c224458d38c6b8d121b883cd2b5da6)]]></system-out>
      <system-err><![CDATA[2018-05-02 17:14:02 - [TEST_SUITE][FAILED] - PPE_Login: Test Cases/Entering Username FAILED because (of) Unable to send keys 'ih.chelms' to object 'Object Repository/input_userName' (Root cause: org.openqa.selenium.WebDriverException: unknown error: call function result missing 'value'
  (Session info: chrome=65.0.3325.181)
  (Driver info: chromedriver=2.33.506120 (e3e53437346286c0bc2d2dc9aa4915ba81d9023f),platform=Windows NT 6.1.7601 SP1 x86_64) (WARNING: The server did not provide any stacktrace information)
Command duration or timeout: 64 milliseconds
Build info: version: '2.53.0', revision: '35ae25b', time: '2016-03-15 17:00:58'
System info: host: 'CTS-QUA-4', ip: '192.168.0.4', os.name: 'Windows 7', os.arch: 'amd64', os.version: '6.1', java.version: '1.8.0_102'
Driver info: com.kms.katalon.selenium.driver.CChromeDriver
Capabilities [{applicationCacheEnabled=false, rotatable=false, mobileEmulationEnabled=false, networkConnectionEnabled=false, chrome={chromedriverVersion=2.33.506120 (e3e53437346286c0bc2d2dc9aa4915ba81d9023f), userDataDir=C:\Users\GSALUN~1\AppData\Local\Temp\scoped_dir3076_10776}, takesHeapSnapshot=true, pageLoadStrategy=normal, databaseEnabled=false, handlesAlerts=true, hasTouchScreen=false, version=65.0.3325.181, platform=XP, browserConnectionEnabled=false, nativeEvents=true, acceptSslCerts=true, locationContextEnabled=true, webStorageEnabled=true, browserName=chrome, takesScreenshot=true, javascriptEnabled=true, cssSelectorsEnabled=true, setWindowRect=true, unexpectedAlertBehaviour=}]
Session ID: 98c224458d38c6b8d121b883cd2b5da6)]]></system-err>
   </testsuite>
</testsuites>
