<?xml version="1.0" encoding="UTF-8"?>
<testsuites name="PPE" time="1" tests="0" failures="0" errors="3">
   <testsuite name="PPE" tests="0" failures="0" errors="3" time="1" timestamp="2018-01-19 13:52:24" hostname="gsalunkhe - CTS-QUA-4.cogitate.india" id="Test Suites/PPE">
      <properties>
         <property name="deviceName" value=""/>
         <property name="devicePlatform" value=""/>
         <property name="logFolder" value="D:\\Katalon_Practice_Workspace\\Katalon_Mitendra\\Reports\\PPE\\20180119_135223"/>
         <property name="logFiles" value="D:\\Katalon_Practice_Workspace\\Katalon_Mitendra\\Reports\\PPE\\20180119_135223\\execution0.log"/>
         <property name="attachments" value=""/>
         <property name="hostName" value="gsalunkhe - CTS-QUA-4.cogitate.india"/>
         <property name="hostAddress" value="192.168.0.4"/>
         <property name="os" value="Windows 7 64bit"/>
         <property name="katalonVersion" value="5.0.1.1"/>
      </properties>
      <testcase name="Test Cases/QUOTE_CREATION" classname="Test Cases/QUOTE_CREATION" status="ERROR">
         <error type="ERROR" message="Test Cases/QUOTE_CREATION FAILED because (of) java.lang.IllegalStateException: The driver executable does not exist: E:\chromedriver.exe"/>
         <system-out><![CDATA[2018-01-19 13:52:24 - [TEST_CASE][ERROR] - Test Cases/QUOTE_CREATION: Test Cases/QUOTE_CREATION FAILED because (of) java.lang.IllegalStateException: The driver executable does not exist: E:\chromedriver.exe

2018-01-19 13:52:25 - [TEST_STEP][PASSED] - Statement - java.lang.System.setProperty("webdriver.chrome.driver", "E:/chromedriver.exe"): null

2018-01-19 13:52:25 - [TEST_STEP][PASSED] - Statement - driver = new org.openqa.selenium.chrome.ChromeDriver(): null]]></system-out>
         <system-err><![CDATA[2018-01-19 13:52:24 - [TEST_CASE][ERROR] - Test Cases/QUOTE_CREATION: Test Cases/QUOTE_CREATION FAILED because (of) java.lang.IllegalStateException: The driver executable does not exist: E:\chromedriver.exe]]></system-err>
      </testcase>
      <testcase name="Test Cases/APPLICATION_CREATION" classname="Test Cases/APPLICATION_CREATION" status="ERROR">
         <error type="ERROR" message="Test Cases/APPLICATION_CREATION FAILED because (of) java.lang.IllegalStateException: The driver executable does not exist: E:\chromedriver.exe"/>
         <system-out><![CDATA[2018-01-19 13:52:25 - [TEST_CASE][ERROR] - Test Cases/APPLICATION_CREATION: Test Cases/APPLICATION_CREATION FAILED because (of) java.lang.IllegalStateException: The driver executable does not exist: E:\chromedriver.exe

2018-01-19 13:52:25 - [TEST_STEP][PASSED] - Statement - java.lang.System.setProperty("webdriver.chrome.driver", "E:/chromedriver.exe"): null

2018-01-19 13:52:25 - [TEST_STEP][PASSED] - Statement - driver = new org.openqa.selenium.chrome.ChromeDriver(): null]]></system-out>
         <system-err><![CDATA[2018-01-19 13:52:25 - [TEST_CASE][ERROR] - Test Cases/APPLICATION_CREATION: Test Cases/APPLICATION_CREATION FAILED because (of) java.lang.IllegalStateException: The driver executable does not exist: E:\chromedriver.exe]]></system-err>
      </testcase>
      <testcase name="Test Cases/ENDORSEMENT_CREATION" classname="Test Cases/ENDORSEMENT_CREATION" status="ERROR">
         <error type="ERROR" message="Test Cases/ENDORSEMENT_CREATION FAILED because (of) java.lang.IllegalStateException: The driver executable does not exist: E:\chromedriver.exe"/>
         <system-out><![CDATA[2018-01-19 13:52:25 - [TEST_CASE][ERROR] - Test Cases/ENDORSEMENT_CREATION: Test Cases/ENDORSEMENT_CREATION FAILED because (of) java.lang.IllegalStateException: The driver executable does not exist: E:\chromedriver.exe

2018-01-19 13:52:26 - [TEST_STEP][PASSED] - Statement - java.lang.System.setProperty("webdriver.chrome.driver", "E:/chromedriver.exe"): null

2018-01-19 13:52:26 - [TEST_STEP][PASSED] - Statement - driver = new org.openqa.selenium.chrome.ChromeDriver(): null]]></system-out>
         <system-err><![CDATA[2018-01-19 13:52:25 - [TEST_CASE][ERROR] - Test Cases/ENDORSEMENT_CREATION: Test Cases/ENDORSEMENT_CREATION FAILED because (of) java.lang.IllegalStateException: The driver executable does not exist: E:\chromedriver.exe]]></system-err>
      </testcase>
      <system-out><![CDATA[2018-01-19 13:52:24 - [TEST_SUITE][ERROR] - PPE: Test Cases/QUOTE_CREATION FAILED because (of) java.lang.IllegalStateException: The driver executable does not exist: E:\chromedriver.exe]]></system-out>
      <system-err><![CDATA[2018-01-19 13:52:24 - [TEST_SUITE][ERROR] - PPE: Test Cases/QUOTE_CREATION FAILED because (of) java.lang.IllegalStateException: The driver executable does not exist: E:\chromedriver.exe]]></system-err>
   </testsuite>
</testsuites>
