<?xml version="1.0" encoding="UTF-8"?>
<testsuites name="PPE" time="290" tests="1" failures="1" errors="1">
   <testsuite name="PPE" tests="1" failures="1" errors="1" time="290" timestamp="2018-02-05 15:14:33" hostname="gsalunkhe - CTS-QUA-4.cogitate.india" id="Test Suites/PPE">
      <properties>
         <property name="deviceName" value=""/>
         <property name="devicePlatform" value=""/>
         <property name="logFolder" value="D:\\Katalon_Practice_Workspace\\Katalon_PPE_GANESH\\Reports\\PPE\\20180205_151432"/>
         <property name="logFiles" value="D:\\Katalon_Practice_Workspace\\Katalon_PPE_GANESH\\Reports\\PPE\\20180205_151432\\execution0.log"/>
         <property name="attachments" value=""/>
         <property name="hostName" value="gsalunkhe - CTS-QUA-4.cogitate.india"/>
         <property name="os" value="Windows 7 64bit"/>
         <property name="katalonVersion" value="5.0.1.1"/>
         <property name="browser" value="Chrome 63.0.3239.132"/>
         <property name="hostAddress" value="192.168.0.4"/>
         <property name="sessionId" value="0a29929d0a09e5c673f6d50dcd2d6c86"/>
         <property name="seleniumVersion" value="2.53.0"/>
         <property name="proxyInformation" value="ProxyInformation{proxyOption=NO_PROXY, proxyServerType=HTTP, password=, proxyServerAddress=, proxyServerPort=0}"/>
         <property name="platform" value="Windows 7"/>
      </properties>
      <testcase name="Test Cases/QUOTE_CREATION" classname="Test Cases/QUOTE_CREATION" status="PASSED">
         <system-out><![CDATA[2018-02-05 15:14:33 - [TEST_CASE][PASSED] - Test Cases/QUOTE_CREATION: Test Cases/QUOTE_CREATION

2018-02-05 15:14:34 - [TEST_STEP][PASSED] - Statement - propertyDataRowCounter = 0: null

2018-02-05 15:14:34 - [TEST_STEP][PASSED] - Statement - configDataRowCounter = 0: null

2018-02-05 15:14:34 - [TEST_STEP][PASSED] - Statement - genericDATA = com.kms.katalon.core.testdata.TestDataFactory.findTestData(PPE_Config_File): Test data is internal data, reading internal data

2018-02-05 15:14:34 - [TEST_STEP][PASSED] - Statement - propertyDATA = com.kms.katalon.core.testdata.TestDataFactory.findTestData(PPEPROPERTYDATA): Test data is internal data, reading internal data

2018-02-05 15:14:34 - [TEST_STEP][PASSED] - Statement - obj = data.get(propertyDataRowCounter): null

2018-02-05 15:14:34 - [TEST_STEP][PASSED] - Statement - obj.toString().replace("N", "Y"): null

2018-02-05 15:14:34 - [TEST_STEP][PASSED] - Statement - data.add(obj): null

2018-02-05 15:14:34 - [TEST_STEP][PASSED] - Statement - println(obj): null

2018-02-05 15:14:34 - [TEST_STEP][PASSED] - com.PPE.url_Navigation.gotoURL: com.PPE.url_Navigation.gotoURL is PASSED

2018-02-05 15:14:42 - [MESSAGE][PASSED] - Browser is opened with url: 'http://13.90.102.191:8066/'

2018-02-05 15:14:42 - [MESSAGE][PASSED] - Wait for page load successfully

2018-02-05 15:14:43 - [MESSAGE][PASSED] - Current window maximized

2018-02-05 15:14:43 - [MESSAGE][PASSED] - com.PPE.url_Navigation.gotoURL is PASSED

2018-02-05 15:14:43 - [TEST_STEP][PASSED] - com.PPE.IncorrectLogin.login: com.PPE.IncorrectLogin.login is PASSED

2018-02-05 15:14:43 - [MESSAGE][PASSED] - Text '125634' is set on object 'Object Repository/Quote_OR/txtfield_USERNAME'

2018-02-05 15:14:43 - [MESSAGE][PASSED] - Text '10#Hammer' is set on object 'Object Repository/Quote_OR/txtfield_PASSWORD'

2018-02-05 15:14:45 - [MESSAGE][PASSED] - Object: 'Object Repository/Quote_OR/btn-LOGIN' is clicked on

2018-02-05 15:14:51 - [MESSAGE][PASSED] - Delayed 6 second(s)

2018-02-05 15:14:51 - [MESSAGE][PASSED] - Text 'ih.chelms' is set on object 'Object Repository/Quote_OR/txtfield_USERNAME'

2018-02-05 15:14:51 - [MESSAGE][PASSED] - Text '123456' is set on object 'Object Repository/Quote_OR/txtfield_PASSWORD'

2018-02-05 15:14:52 - [MESSAGE][PASSED] - Object: 'Object Repository/Quote_OR/btn-LOGIN' is clicked on

2018-02-05 15:14:58 - [MESSAGE][PASSED] - Delayed 6 second(s)

2018-02-05 15:14:59 - [MESSAGE][PASSED] - Text 'ih.jbutler' is set on object 'Object Repository/Quote_OR/txtfield_USERNAME'

2018-02-05 15:14:59 - [MESSAGE][PASSED] - Text '123456' is set on object 'Object Repository/Quote_OR/txtfield_PASSWORD'

2018-02-05 15:15:00 - [MESSAGE][PASSED] - Object: 'Object Repository/Quote_OR/btn-LOGIN' is clicked on

2018-02-05 15:15:06 - [MESSAGE][PASSED] - Delayed 6 second(s)

2018-02-05 15:15:06 - [MESSAGE][PASSED] - Text 'Ganesh' is set on object 'Object Repository/Quote_OR/txtfield_USERNAME'

2018-02-05 15:15:07 - [MESSAGE][PASSED] - Text 'Salunkhe' is set on object 'Object Repository/Quote_OR/txtfield_PASSWORD'

2018-02-05 15:15:08 - [MESSAGE][PASSED] - Object: 'Object Repository/Quote_OR/btn-LOGIN' is clicked on

2018-02-05 15:15:14 - [MESSAGE][PASSED] - Delayed 6 second(s)

2018-02-05 15:15:14 - [MESSAGE][PASSED] - Text 'ih.william' is set on object 'Object Repository/Quote_OR/txtfield_USERNAME'

2018-02-05 15:15:14 - [MESSAGE][PASSED] - Text 'ih.chelms' is set on object 'Object Repository/Quote_OR/txtfield_PASSWORD'

2018-02-05 15:15:15 - [MESSAGE][PASSED] - Object: 'Object Repository/Quote_OR/btn-LOGIN' is clicked on

2018-02-05 15:15:21 - [MESSAGE][PASSED] - Delayed 6 second(s)

2018-02-05 15:15:21 - [MESSAGE][PASSED] - com.PPE.IncorrectLogin.login is PASSED

2018-02-05 15:15:21 - [TEST_STEP][PASSED] - com.PPE.Login.correctlogin: com.PPE.Login.correctlogin is PASSED

2018-02-05 15:15:22 - [MESSAGE][PASSED] - Text 'ih.jbutler' is set on object 'Object Repository/Quote_OR/txtfield_USERNAME'

2018-02-05 15:15:22 - [MESSAGE][PASSED] - Text '10#Hammer' is set on object 'Object Repository/Quote_OR/txtfield_PASSWORD'

2018-02-05 15:15:27 - [MESSAGE][PASSED] - Object: 'Object Repository/Quote_OR/btn-LOGIN' is clicked on

2018-02-05 15:15:27 - [MESSAGE][PASSED] - com.PPE.Login.correctlogin is PASSED

2018-02-05 15:15:27 - [TEST_STEP][PASSED] - Statement - If (genericDATA.internallyGetValue("STATE", configDataRowCounter) == "GA"): null

2018-02-05 15:15:27 - [TEST_STEP][PASSED] - Statement - Else: Delayed 6 second(s)

2018-02-05 15:15:27 - [TEST_STEP][PASSED] - setText: Text '1003 Ruskin Dr High Point, NC 27265 USA' is set on object 'Object Repository/Quote_OR/txtfield_ADDRESS_ON_LANDING_PAGE'

2018-02-05 15:15:27 - [MESSAGE][PASSED] - Text '1003 Ruskin Dr High Point, NC 27265 USA' is set on object 'Object Repository/Quote_OR/txtfield_ADDRESS_ON_LANDING_PAGE'

2018-02-05 15:15:27 - [TEST_STEP][PASSED] - delay: Delayed 6 second(s)

2018-02-05 15:15:33 - [MESSAGE][PASSED] - Delayed 6 second(s)

2018-02-05 15:15:33 - [TEST_STEP][PASSED] - click: Object: 'Object Repository/Quote_OR/btn_SEARCH_ADDRESS' is clicked on

2018-02-05 15:15:48 - [MESSAGE][PASSED] - Object: 'Object Repository/Quote_OR/btn_SEARCH_ADDRESS' is clicked on

2018-02-05 15:15:48 - [TEST_STEP][PASSED] - waitForPageLoad: Wait for page load successfully

2018-02-05 15:15:48 - [MESSAGE][PASSED] - Wait for page load successfully

2018-02-05 15:15:48 - [TEST_STEP][PASSED] - com.PPE.QuotePropertyDataSelection.QuoteCreation: com.PPE.QuotePropertyDataSelection.QuoteCreation is PASSED

2018-02-05 15:15:49 - [MESSAGE][PASSED] - All options with index in [1] are selected on object 'Object Repository/Quote_OR/drp_PROPERTY_TYPE'

2018-02-05 15:15:49 - [MESSAGE][PASSED] - Text '' is set on object 'Object Repository/Quote_OR/txtfield_HOME_VALUATION'

2018-02-05 15:15:49 - [MESSAGE][PASSED] - Object: 'Object Repository/Quote_OR/btn_GETQUOTE' is clicked on

2018-02-05 15:15:49 - [MESSAGE][PASSED] - All options with index in [2] are selected on object 'Object Repository/Quote_OR/drp_CONSTRUCTION_TYPE'

2018-02-05 15:15:49 - [MESSAGE][PASSED] - Text '75000' is set on object 'Object Repository/Quote_OR/txtfield_HOME_VALUATION'

2018-02-05 15:15:51 - [MESSAGE][PASSED] - Delayed 2 second(s)

2018-02-05 15:15:51 - [MESSAGE][PASSED] - Text '' is set on object 'Object Repository/Quote_OR/txtbx_YEARHOMEBUILD'

2018-02-05 15:15:52 - [MESSAGE][PASSED] - Object: 'Object Repository/Quote_OR/btn_GETQUOTE' is clicked on

2018-02-05 15:15:52 - [MESSAGE][PASSED] - Text '1968' is set on object 'Object Repository/Quote_OR/txtbx_YEARHOMEBUILD'

2018-02-05 15:15:52 - [MESSAGE][PASSED] - Object: 'Object Repository/Quote_OR/btn_GETQUOTE' is clicked on

2018-02-05 15:15:56 - [MESSAGE][PASSED] - Delayed 4 second(s)

2018-02-05 15:16:01 - [MESSAGE][PASSED] - Object: 'Object Repository/Quote_OR/btn_SENDQUOTE' is clicked on

2018-02-05 15:16:02 - [MESSAGE][PASSED] - Delayed 1 second(s)

2018-02-05 15:16:02 - [MESSAGE][PASSED] - Object: 'Object Repository/Quote_OR/btn_SEND_QUOTE_DETAILS' is clicked on

2018-02-05 15:16:03 - [MESSAGE][PASSED] - Delayed 1 second(s)

2018-02-05 15:16:03 - [MESSAGE][PASSED] - Text 'Ganesh' is set on object 'Object Repository/Quote_OR/txtfield_SENDQUOTE_FIRSTNAME'

2018-02-05 15:16:03 - [MESSAGE][PASSED] - Text 'Salunkhe' is set on object 'Object Repository/Quote_OR/txtfield_SENDQUOTE_LASTNAME'

2018-02-05 15:16:06 - [MESSAGE][PASSED] - Delayed 3 second(s)

2018-02-05 15:16:07 - [MESSAGE][PASSED] - Text '9768180080' is set on object 'Object Repository/Quote_OR/txtfield_SENDQUOTE_CONTACTNUMBER'

2018-02-05 15:16:10 - [MESSAGE][PASSED] - Delayed 3 second(s)

2018-02-05 15:16:10 - [MESSAGE][PASSED] - Text 'gsalunkhe@cogitate.us' is set on object 'Object Repository/Quote_OR/txtfield_SENDQUOTE_EMAIL'

2018-02-05 15:16:14 - [MESSAGE][PASSED] - Delayed 4 second(s)

2018-02-05 15:16:14 - [MESSAGE][PASSED] - Object: 'Object Repository/Quote_OR/btn_SEND_QUOTE_DETAILS' is clicked on

2018-02-05 15:16:18 - [MESSAGE][PASSED] - Delayed 4 second(s)

2018-02-05 15:16:18 - [MESSAGE][PASSED] - All options with index in [1] are selected on object 'Object Repository/Quote_OR/drp_CONSTRUCTION_TYPE'

2018-02-05 15:16:27 - [MESSAGE][PASSED] - Delayed 8 second(s)

2018-02-05 15:16:27 - [MESSAGE][PASSED] - Object: 'Object Repository/Quote_OR/btn_RECALCULATE_PREMIUM' is clicked on

2018-02-05 15:16:27 - [MESSAGE][PASSED] - com.PPE.QuotePropertyDataSelection.QuoteCreation is PASSED]]></system-out>
         <system-err><![CDATA[]]></system-err>
      </testcase>
      <testcase name="Test Cases/APPLICATION_CREATION" classname="Test Cases/APPLICATION_CREATION" status="ERROR">
         <error type="ERROR" message="Test Cases/APPLICATION_CREATION FAILED because (of) Variable 'CustomKeywords' is not defined for test case."/>
         <system-out><![CDATA[2018-02-05 15:16:27 - [TEST_CASE][ERROR] - Test Cases/APPLICATION_CREATION: Test Cases/APPLICATION_CREATION FAILED because (of) Variable 'CustomKeywords' is not defined for test case.

2018-02-05 15:16:27 - [TEST_STEP][PASSED] - Statement - propertyDataRowCounter = 0: null

2018-02-05 15:16:27 - [TEST_STEP][PASSED] - Statement - configDataRowCounter = 0: null

2018-02-05 15:16:27 - [TEST_STEP][PASSED] - Statement - genericDATA = com.kms.katalon.core.testdata.TestDataFactory.findTestData(PPE_Config_File): Test data is internal data, reading internal data

2018-02-05 15:16:27 - [TEST_STEP][PASSED] - Statement - propertyDATA = com.kms.katalon.core.testdata.TestDataFactory.findTestData(PPEPROPERTYDATA): Test data is internal data, reading internal data

2018-02-05 15:16:27 - [TEST_STEP][PASSED] - com.PPE.Saving_PolicyHolderInfo_Page.PolicyHolderPage: com.PPE.Saving_PolicyHolderInfo_Page.PolicyHolderPage is PASSED

2018-02-05 15:16:31 - [MESSAGE][PASSED] - Delayed 4 second(s)

2018-02-05 15:16:45 - [MESSAGE][PASSED] - Object: 'Object Repository/Application_OR/btn_TOAPPLICATION' is clicked on

2018-02-05 15:16:49 - [MESSAGE][PASSED] - Delayed 4 second(s)

2018-02-05 15:16:49 - [MESSAGE][PASSED] - Object: 'Object Repository/Application_OR/btn-YES_IS_BNESS_PREMISES' is clicked on

2018-02-05 15:16:51 - [MESSAGE][PASSED] - Delayed 2 second(s)

2018-02-05 15:16:52 - [MESSAGE][PASSED] - Object: 'Object Repository/Application_OR/btn-YES_FOOT_TRAFFIC' is clicked on

2018-02-05 15:16:54 - [MESSAGE][PASSED] - Delayed 2 second(s)

2018-02-05 15:16:54 - [MESSAGE][PASSED] - Text '11' is set on object 'Object Repository/Application_OR/txtfield-Traffic_Percentage'

2018-02-05 15:16:57 - [MESSAGE][PASSED] - Delayed 3 second(s)

2018-02-05 15:16:57 - [MESSAGE][PASSED] - Object: 'Object Repository/Application_OR/btn_CONTINUE_UW_QUESTIONS' is clicked on

2018-02-05 15:17:00 - [MESSAGE][PASSED] - Delayed 3 second(s)

2018-02-05 15:17:00 - [MESSAGE][PASSED] - Text '10' is set on object 'Object Repository/Application_OR/txtfield-Traffic_Percentage'

2018-02-05 15:17:04 - [MESSAGE][PASSED] - Delayed 4 second(s)

2018-02-05 15:17:04 - [MESSAGE][PASSED] - Object: 'Object Repository/Application_OR/btn_CONTINUE_UW_QUESTIONS' is clicked on

2018-02-05 15:17:07 - [MESSAGE][PASSED] - Delayed 3 second(s)

2018-02-05 15:17:07 - [MESSAGE][PASSED] - Object: 'Object Repository/Application_OR/txtfield_INSURED_FIRSTNAME' is clicked on

2018-02-05 15:17:07 - [MESSAGE][PASSED] - Text '' is set on object 'Object Repository/Application_OR/txtfield_INSURED_FIRSTNAME'

2018-02-05 15:17:08 - [MESSAGE][PASSED] - Text 'Smith' is set on object 'Object Repository/Application_OR/txtfield_INSURED_FIRSTNAME'

2018-02-05 15:17:08 - [MESSAGE][PASSED] - Text '' is set on object 'Object Repository/Application_OR/txtfield_INSURED_MIDDLENAME'

2018-02-05 15:17:08 - [MESSAGE][PASSED] - Text 'Morkel' is set on object 'Object Repository/Application_OR/txtfield_INSURED_MIDDLENAME'

2018-02-05 15:17:08 - [MESSAGE][PASSED] - Text '' is set on object 'Object Repository/Application_OR/txtfield_INSURED_LASTNAME'

2018-02-05 15:17:08 - [MESSAGE][PASSED] - Text 'Duplesis' is set on object 'Object Repository/Application_OR/txtfield_INSURED_LASTNAME'

2018-02-05 15:17:08 - [MESSAGE][PASSED] - Text '09/10/1999' is set on object 'Object Repository/Application_OR/txtfield_INSURED_DOB'

2018-02-05 15:17:13 - [MESSAGE][PASSED] - Delayed 5 second(s)

2018-02-05 15:17:14 - [MESSAGE][PASSED] - Text 'gsalunkhe@cogitate.us' is set on object 'Object Repository/Application_OR/txtfield_INSURED_EMAIL'

2018-02-05 15:17:19 - [MESSAGE][PASSED] - Delayed 5 second(s)

2018-02-05 15:17:19 - [MESSAGE][PASSED] - Text '9768180080' is set on object 'Object Repository/Application_OR/txtfield_INSURED_CONTACTNUMBER'

2018-02-05 15:17:24 - [MESSAGE][PASSED] - Delayed 5 second(s)

2018-02-05 15:17:24 - [MESSAGE][PASSED] - Attribute 'value' of object 'Object Repository/Generic_OR/hdnPolicyInfoId' is: '3623'

2018-02-05 15:17:24 - [MESSAGE][PASSED] - Object: 'Object Repository/Application_OR/btn_POLICYHOLDER_SAVEANDCONTINUE' is clicked on

2018-02-05 15:17:25 - [MESSAGE][PASSED] - Delayed 1 second(s)

2018-02-05 15:17:25 - [MESSAGE][PASSED] - com.PPE.Saving_PolicyHolderInfo_Page.PolicyHolderPage is PASSED

2018-02-05 15:17:25 - [TEST_STEP][PASSED] - com.PPE.Saving_PropertyInfo_Page.PropertyPage: com.PPE.Saving_PropertyInfo_Page.PropertyPage is PASSED

2018-02-05 15:17:26 - [MESSAGE][PASSED] - Object: 'Object Repository/Application_OR/drp_ROOFTYPE_PROPERTYPAGE' is clicked on

2018-02-05 15:17:29 - [MESSAGE][PASSED] - Delayed 3 second(s)

2018-02-05 15:17:30 - [MESSAGE][PASSED] - All options with index in [1] are selected on object 'Object Repository/Application_OR/drp_ROOFTYPE_PROPERTYPAGE'

2018-02-05 15:17:32 - [MESSAGE][PASSED] - Delayed 2 second(s)

2018-02-05 15:17:32 - [MESSAGE][PASSED] - All options with index in [3] are selected on object 'Object Repository/Application_OR/drp_FOUNDATIONTYPE_PROPERTYPAGE'

2018-02-05 15:17:34 - [MESSAGE][PASSED] - Delayed 2 second(s)

2018-02-05 15:17:34 - [MESSAGE][PASSED] - All options with index in [7] are selected on object 'Object Repository/Application_OR/drp_HEATINGTYPE_PROPERTYPAGE'

2018-02-05 15:17:39 - [MESSAGE][PASSED] - Delayed 5 second(s)

2018-02-05 15:17:39 - [MESSAGE][PASSED] - Object: 'Object Repository/Application_OR/btn_OCCUPANYPAGE_SAVEANDCONTINUE' is clicked on

2018-02-05 15:17:43 - [MESSAGE][PASSED] - Delayed 4 second(s)

2018-02-05 15:17:43 - [MESSAGE][PASSED] - Object: 'Object Repository/Application_OR/btn_YES_ROOFAGE_POPUP' is clicked on

2018-02-05 15:17:47 - [MESSAGE][PASSED] - Delayed 4 second(s)

2018-02-05 15:17:47 - [MESSAGE][PASSED] - Object: 'Object Repository/Application_OR/btn_YES_ELECTRICALAGE_POPUP' is clicked on

2018-02-05 15:17:51 - [MESSAGE][PASSED] - Delayed 4 second(s)

2018-02-05 15:17:52 - [MESSAGE][PASSED] - Object: 'Object Repository/Application_OR/btn_YES_ELECTRICALAGE_POPUP' is clicked on

2018-02-05 15:17:57 - [MESSAGE][PASSED] - Delayed 5 second(s)

2018-02-05 15:17:57 - [MESSAGE][PASSED] - com.PPE.Saving_PropertyInfo_Page.PropertyPage is PASSED

2018-02-05 15:17:57 - [TEST_STEP][ERROR] - com.PPE.Policy_Creation.ApplicationBind: No such property: CustomKeywords for class: com.PPE.Policy_Creation

2018-02-05 15:17:58 - [MESSAGE][PASSED] - Object: 'Object Repository/Application_OR/btn_OCCUPANYPAGE_SAVEANDCONTINUE' is clicked on

2018-02-05 15:18:03 - [MESSAGE][PASSED] - Delayed 5 second(s)

2018-02-05 15:18:03 - [MESSAGE][PASSED] - Object 'Object Repository/Application_OR/chkbx_AGREEMENT' is checked

2018-02-05 15:18:13 - [MESSAGE][PASSED] - Delayed 10 second(s)

2018-02-05 15:18:14 - [MESSAGE][PASSED] - Object: 'Object Repository/Application_OR/btn_OCCUPANYPAGE_SAVEANDCONTINUE' is clicked on

2018-02-05 15:18:19 - [MESSAGE][PASSED] - Delayed 5 second(s)

2018-02-05 15:18:35 - [MESSAGE][PASSED] - Object: 'Object Repository/Application_OR/btn_SIGNAPPLICATION_AGENT' is clicked on

2018-02-05 15:18:40 - [MESSAGE][PASSED] - Delayed 5 second(s)

2018-02-05 15:18:40 - [MESSAGE][PASSED] - Text of object 'Object Repository/Application_OR/get_INSUREDNAME_APPLICATION FORMSUMMARY' is: 'Smith Morkel Duplesis'

2018-02-05 15:18:40 - [MESSAGE][PASSED] - Object: 'Object Repository/Application_OR/btn_INSURED_SIGNATURE' is clicked on

2018-02-05 15:18:45 - [MESSAGE][PASSED] - Delayed 5 second(s)

2018-02-05 15:18:45 - [MESSAGE][PASSED] - Object: 'Object Repository/Application_OR/txtbx_INSURED_SIGNATURE' is clicked on

2018-02-05 15:18:50 - [MESSAGE][PASSED] - Delayed 5 second(s)

2018-02-05 15:18:51 - [MESSAGE][PASSED] - Text 'Smith Morkel Duplesis' is set on object 'Object Repository/Application_OR/txtbx_INSURED_SIGNATURE'

2018-02-05 15:18:51 - [MESSAGE][PASSED] - Object: 'Object Repository/Application_OR/btn_SUBMIT_INSURED_SIGNATURE' is clicked on

2018-02-05 15:18:51 - [MESSAGE][ERROR] - No such property: CustomKeywords for class: com.PPE.Policy_Creation]]></system-out>
         <system-err><![CDATA[2018-02-05 15:16:27 - [TEST_CASE][ERROR] - Test Cases/APPLICATION_CREATION: Test Cases/APPLICATION_CREATION FAILED because (of) Variable 'CustomKeywords' is not defined for test case.]]></system-err>
      </testcase>
      <testcase name="Test Cases/ENDORSEMENT_CREATION" classname="Test Cases/ENDORSEMENT_CREATION" status="FAILED">
         <failure type="FAILED" message="Unable to click on object 'Object Repository/Endorsement_OR/btn_ADVANCE_FILTER' (Root cause: com.kms.katalon.core.webui.exception.WebElementNotFoundException: Web element with id: 'Object Repository/Endorsement_OR/btn_ADVANCE_FILTER' located by 'By.xpath: //*[@id=&quot;btnAdvanceFilter&quot;]/label' not found)"/>
         <system-out><![CDATA[2018-02-05 15:18:51 - [TEST_CASE][FAILED] - Test Cases/ENDORSEMENT_CREATION: Test Cases/ENDORSEMENT_CREATION FAILED because (of) Unable to click on object 'Object Repository/Endorsement_OR/btn_ADVANCE_FILTER' (Root cause: com.kms.katalon.core.webui.exception.WebElementNotFoundException: Web element with id: 'Object Repository/Endorsement_OR/btn_ADVANCE_FILTER' located by 'By.xpath: //*[@id="btnAdvanceFilter"]/label' not found)

2018-02-05 15:18:51 - [TEST_STEP][FAILED] - click: Unable to click on object 'Object Repository/Endorsement_OR/btn_ADVANCE_FILTER' (Root cause: com.kms.katalon.core.webui.exception.WebElementNotFoundException: Web element with id: 'Object Repository/Endorsement_OR/btn_ADVANCE_FILTER' located by 'By.xpath: //*[@id="btnAdvanceFilter"]/label' not found)

2018-02-05 15:19:22 - [MESSAGE][WARNING] - Cannot take screenshot

2018-02-05 15:19:22 - [MESSAGE][FAILED] - Unable to click on object 'Object Repository/Endorsement_OR/btn_ADVANCE_FILTER' (Root cause: com.kms.katalon.core.webui.exception.WebElementNotFoundException: Web element with id: 'Object Repository/Endorsement_OR/btn_ADVANCE_FILTER' located by 'By.xpath: //*[@id="btnAdvanceFilter"]/label' not found)]]></system-out>
         <system-err><![CDATA[2018-02-05 15:18:51 - [TEST_CASE][FAILED] - Test Cases/ENDORSEMENT_CREATION: Test Cases/ENDORSEMENT_CREATION FAILED because (of) Unable to click on object 'Object Repository/Endorsement_OR/btn_ADVANCE_FILTER' (Root cause: com.kms.katalon.core.webui.exception.WebElementNotFoundException: Web element with id: 'Object Repository/Endorsement_OR/btn_ADVANCE_FILTER' located by 'By.xpath: //*[@id="btnAdvanceFilter"]/label' not found)]]></system-err>
      </testcase>
      <system-out><![CDATA[2018-02-05 15:14:33 - [TEST_SUITE][ERROR] - PPE: Test Cases/APPLICATION_CREATION FAILED because (of) Variable 'CustomKeywords' is not defined for test case.]]></system-out>
      <system-err><![CDATA[2018-02-05 15:14:33 - [TEST_SUITE][ERROR] - PPE: Test Cases/APPLICATION_CREATION FAILED because (of) Variable 'CustomKeywords' is not defined for test case.]]></system-err>
   </testsuite>
</testsuites>
