<?xml version="1.0" encoding="UTF-8"?>
<testsuites name="PPE" time="1240" tests="8" failures="1" errors="0">
   <testsuite name="PPE" tests="8" failures="1" errors="0" time="1240" timestamp="2018-02-22 15:52:30" hostname="gsalunkhe - CTS-QUA-4.cogitate.india" id="Test Suites/PPE">
      <properties>
         <property name="deviceName" value=""/>
         <property name="devicePlatform" value=""/>
         <property name="logFolder" value="D:\\Katalon_Practice_Workspace\\Katalon_PPE_GANESH\\Reports\\PPE\\20180222_155229"/>
         <property name="logFiles" value="D:\\Katalon_Practice_Workspace\\Katalon_PPE_GANESH\\Reports\\PPE\\20180222_155229\\execution0.log"/>
         <property name="attachments" value="D:\\Katalon_Practice_Workspace\\Katalon_PPE_GANESH\\Reports\\PPE\\20180222_155229\\1519296188730.png"/>
         <property name="hostName" value="gsalunkhe - CTS-QUA-4.cogitate.india"/>
         <property name="os" value="Windows 7 64bit"/>
         <property name="katalonVersion" value="5.0.1.1"/>
         <property name="browser" value="Chrome 63.0.3239.132"/>
         <property name="hostAddress" value="192.168.0.4"/>
         <property name="sessionId" value="17414f84accb444d71d3dcbac6b2bbb8"/>
         <property name="seleniumVersion" value="2.53.0"/>
         <property name="proxyInformation" value="ProxyInformation{proxyOption=NO_PROXY, proxyServerType=, password=, proxyServerAddress=, proxyServerPort=0}"/>
         <property name="platform" value="Windows 7"/>
      </properties>
      <testcase name="Test Cases/URL Navigation/Navigate To URL" classname="Test Cases/URL Navigation/Navigate To URL" status="PASSED">
         <system-out><![CDATA[2018-02-22 15:52:31 - [TEST_CASE][PASSED] - Test Cases/URL Navigation/Navigate To URL: Test Cases/URL Navigation/Navigate To URL

2018-02-22 15:52:31 - [TEST_STEP][PASSED] - com.PPE.url_Navigation.gotoURL: com.PPE.url_Navigation.gotoURL is PASSED

2018-02-22 15:52:38 - [MESSAGE][PASSED] - Browser is opened with url: 'http://test.cogitate.us/PPE.Test/'

2018-02-22 15:52:38 - [MESSAGE][PASSED] - Wait for page load successfully

2018-02-22 15:52:39 - [MESSAGE][PASSED] - Current window maximized

2018-02-22 15:52:39 - [MESSAGE][PASSED] - com.PPE.url_Navigation.gotoURL is PASSED]]></system-out>
         <system-err><![CDATA[]]></system-err>
      </testcase>
      <testcase name="Test Cases/Login In PPE Application/Incorrect Attempt for Login" classname="Test Cases/Login In PPE Application/Incorrect Attempt for Login" status="PASSED">
         <system-out><![CDATA[2018-02-22 15:52:39 - [TEST_CASE][PASSED] - Test Cases/Login In PPE Application/Incorrect Attempt for Login: Test Cases/Login In PPE Application/Incorrect Attempt for Login

2018-02-22 15:52:39 - [TEST_STEP][PASSED] - com.PPE.IncorrectLogin.login: com.PPE.IncorrectLogin.login is PASSED

2018-02-22 15:52:40 - [MESSAGE][PASSED] - Text '125634' is set on object 'Object Repository/Quote_OR/txtfield_USERNAME'

2018-02-22 15:52:40 - [MESSAGE][PASSED] - Text '10#Hammer' is set on object 'Object Repository/Quote_OR/txtfield_PASSWORD'

2018-02-22 15:52:41 - [MESSAGE][PASSED] - Object: 'Object Repository/Quote_OR/btn-LOGIN' is clicked on

2018-02-22 15:52:47 - [MESSAGE][PASSED] - Delayed 6 second(s)

2018-02-22 15:52:47 - [MESSAGE][PASSED] - Text 'ih.chelms' is set on object 'Object Repository/Quote_OR/txtfield_USERNAME'

2018-02-22 15:52:47 - [MESSAGE][PASSED] - Text '123456' is set on object 'Object Repository/Quote_OR/txtfield_PASSWORD'

2018-02-22 15:52:48 - [MESSAGE][PASSED] - Object: 'Object Repository/Quote_OR/btn-LOGIN' is clicked on

2018-02-22 15:52:54 - [MESSAGE][PASSED] - Delayed 6 second(s)

2018-02-22 15:52:55 - [MESSAGE][PASSED] - Text 'ih.jbutler' is set on object 'Object Repository/Quote_OR/txtfield_USERNAME'

2018-02-22 15:52:55 - [MESSAGE][PASSED] - Text '123456' is set on object 'Object Repository/Quote_OR/txtfield_PASSWORD'

2018-02-22 15:52:55 - [MESSAGE][PASSED] - Object: 'Object Repository/Quote_OR/btn-LOGIN' is clicked on

2018-02-22 15:53:01 - [MESSAGE][PASSED] - Delayed 6 second(s)

2018-02-22 15:53:02 - [MESSAGE][PASSED] - Text 'Ganesh' is set on object 'Object Repository/Quote_OR/txtfield_USERNAME'

2018-02-22 15:53:02 - [MESSAGE][PASSED] - Text 'Salunkhe' is set on object 'Object Repository/Quote_OR/txtfield_PASSWORD'

2018-02-22 15:53:03 - [MESSAGE][PASSED] - Object: 'Object Repository/Quote_OR/btn-LOGIN' is clicked on

2018-02-22 15:53:09 - [MESSAGE][PASSED] - Delayed 6 second(s)

2018-02-22 15:53:09 - [MESSAGE][PASSED] - Text 'ih.william' is set on object 'Object Repository/Quote_OR/txtfield_USERNAME'

2018-02-22 15:53:09 - [MESSAGE][PASSED] - Text 'ih.chelms' is set on object 'Object Repository/Quote_OR/txtfield_PASSWORD'

2018-02-22 15:53:10 - [MESSAGE][PASSED] - Object: 'Object Repository/Quote_OR/btn-LOGIN' is clicked on

2018-02-22 15:53:16 - [MESSAGE][PASSED] - Delayed 6 second(s)

2018-02-22 15:53:16 - [MESSAGE][PASSED] - com.PPE.IncorrectLogin.login is PASSED]]></system-out>
         <system-err><![CDATA[]]></system-err>
      </testcase>
      <testcase name="Test Cases/Login In PPE Application/Login With Correct Credentials" classname="Test Cases/Login In PPE Application/Login With Correct Credentials" status="PASSED">
         <system-out><![CDATA[2018-02-22 15:53:16 - [TEST_CASE][PASSED] - Test Cases/Login In PPE Application/Login With Correct Credentials: Test Cases/Login In PPE Application/Login With Correct Credentials

2018-02-22 15:53:16 - [TEST_STEP][PASSED] - com.PPE.Login.correctlogin: com.PPE.Login.correctlogin is PASSED

2018-02-22 15:53:16 - [MESSAGE][PASSED] - Text 'ih.va1' is set on object 'Object Repository/Quote_OR/txtfield_USERNAME'

2018-02-22 15:53:16 - [MESSAGE][PASSED] - Text '10#Hammer' is set on object 'Object Repository/Quote_OR/txtfield_PASSWORD'

2018-02-22 15:53:22 - [MESSAGE][PASSED] - Object: 'Object Repository/Quote_OR/btn-LOGIN' is clicked on

2018-02-22 15:53:22 - [MESSAGE][PASSED] - com.PPE.Login.correctlogin is PASSED]]></system-out>
         <system-err><![CDATA[]]></system-err>
      </testcase>
      <testcase name="Test Cases/Quote Creation/Creating Quote" classname="Test Cases/Quote Creation/Creating Quote" status="PASSED">
         <system-out><![CDATA[2018-02-22 15:53:22 - [TEST_CASE][PASSED] - Test Cases/Quote Creation/Creating Quote: Test Cases/Quote Creation/Creating Quote

2018-02-22 15:53:22 - [TEST_STEP][PASSED] - Statement - propertyDataRowCounter = 0: null

2018-02-22 15:53:22 - [TEST_STEP][PASSED] - Statement - configDataRowCounter = 0: null

2018-02-22 15:53:22 - [TEST_STEP][PASSED] - Statement - genericDATA = com.kms.katalon.core.testdata.TestDataFactory.findTestData(PPE_Config_File): Test data is internal data, reading internal data

2018-02-22 15:53:22 - [TEST_STEP][PASSED] - Statement - propertyDATA = com.kms.katalon.core.testdata.TestDataFactory.findTestData(PPEPROPERTYDATA): Test data is internal data, reading internal data

2018-02-22 15:53:22 - [TEST_STEP][PASSED] - Statement - If (genericDATA.internallyGetValue("STATE", configDataRowCounter) == "GA"): null

2018-02-22 15:53:22 - [TEST_STEP][PASSED] - Statement - Else If (genericDATA.internallyGetValue("STATE", configDataRowCounter) == "VA"): Delayed 6 second(s)

2018-02-22 15:53:22 - [TEST_STEP][PASSED] - setText: Text '1727 S Pollard St Arlington, VA 22204 USA' is set on object 'Object Repository/Quote_OR/txtfield_ADDRESS_ON_LANDING_PAGE'

2018-02-22 15:53:22 - [MESSAGE][PASSED] - Text '1727 S Pollard St Arlington, VA 22204 USA' is set on object 'Object Repository/Quote_OR/txtfield_ADDRESS_ON_LANDING_PAGE'

2018-02-22 15:53:22 - [TEST_STEP][PASSED] - delay: Delayed 6 second(s)

2018-02-22 15:53:28 - [MESSAGE][PASSED] - Delayed 6 second(s)

2018-02-22 15:53:28 - [TEST_STEP][PASSED] - click: Object: 'Object Repository/Quote_OR/btn_SEARCH_ADDRESS' is clicked on

2018-02-22 15:53:37 - [MESSAGE][PASSED] - Object: 'Object Repository/Quote_OR/btn_SEARCH_ADDRESS' is clicked on

2018-02-22 15:53:37 - [TEST_STEP][PASSED] - waitForPageLoad: Wait for page load successfully

2018-02-22 15:53:37 - [MESSAGE][PASSED] - Wait for page load successfully

2018-02-22 15:53:37 - [TEST_STEP][PASSED] - com.PPE.QuotePropertyDataSelection.QuoteCreation: com.PPE.QuotePropertyDataSelection.QuoteCreation is PASSED

2018-02-22 15:53:37 - [MESSAGE][PASSED] - All options with index in [1] are selected on object 'Object Repository/Quote_OR/drp_PROPERTY_TYPE'

2018-02-22 15:53:38 - [MESSAGE][PASSED] - Text '' is set on object 'Object Repository/Quote_OR/txtfield_HOME_VALUATION'

2018-02-22 15:53:38 - [MESSAGE][PASSED] - Object: 'Object Repository/Quote_OR/btn_GETQUOTE' is clicked on

2018-02-22 15:53:38 - [MESSAGE][PASSED] - All options with index in [2] are selected on object 'Object Repository/Quote_OR/drp_CONSTRUCTION_TYPE'

2018-02-22 15:53:38 - [MESSAGE][PASSED] - Text '75000' is set on object 'Object Repository/Quote_OR/txtfield_HOME_VALUATION'

2018-02-22 15:53:40 - [MESSAGE][PASSED] - Delayed 2 second(s)

2018-02-22 15:53:40 - [MESSAGE][PASSED] - Text '' is set on object 'Object Repository/Quote_OR/txtbx_YEARHOMEBUILD'

2018-02-22 15:53:41 - [MESSAGE][PASSED] - Object: 'Object Repository/Quote_OR/btn_GETQUOTE' is clicked on

2018-02-22 15:53:41 - [MESSAGE][PASSED] - Text '1968' is set on object 'Object Repository/Quote_OR/txtbx_YEARHOMEBUILD'

2018-02-22 15:53:41 - [MESSAGE][PASSED] - Object: 'Object Repository/Quote_OR/btn_GETQUOTE' is clicked on

2018-02-22 15:53:45 - [MESSAGE][PASSED] - Delayed 4 second(s)

2018-02-22 15:53:45 - [MESSAGE][PASSED] - Object: 'Object Repository/Quote_OR/btn_SENDQUOTE' is clicked on

2018-02-22 15:53:46 - [MESSAGE][PASSED] - Delayed 1 second(s)

2018-02-22 15:53:46 - [MESSAGE][PASSED] - Object: 'Object Repository/Quote_OR/btn_SEND_QUOTE_DETAILS' is clicked on

2018-02-22 15:53:47 - [MESSAGE][PASSED] - Delayed 1 second(s)

2018-02-22 15:53:47 - [MESSAGE][PASSED] - Text 'Mack' is set on object 'Object Repository/Quote_OR/txtfield_SENDQUOTE_FIRSTNAME'

2018-02-22 15:53:48 - [MESSAGE][PASSED] - Text 'Roger' is set on object 'Object Repository/Quote_OR/txtfield_SENDQUOTE_LASTNAME'

2018-02-22 15:53:51 - [MESSAGE][PASSED] - Delayed 3 second(s)

2018-02-22 15:53:51 - [MESSAGE][PASSED] - Text '9768180080' is set on object 'Object Repository/Quote_OR/txtfield_SENDQUOTE_CONTACTNUMBER'

2018-02-22 15:53:54 - [MESSAGE][PASSED] - Delayed 3 second(s)

2018-02-22 15:53:55 - [MESSAGE][PASSED] - Text 'gsalunkhe@cogitate.us' is set on object 'Object Repository/Quote_OR/txtfield_SENDQUOTE_EMAIL'

2018-02-22 15:53:59 - [MESSAGE][PASSED] - Delayed 4 second(s)

2018-02-22 15:53:59 - [MESSAGE][PASSED] - Object: 'Object Repository/Quote_OR/btn_SEND_QUOTE_DETAILS' is clicked on

2018-02-22 15:54:03 - [MESSAGE][PASSED] - Delayed 4 second(s)

2018-02-22 15:54:03 - [MESSAGE][PASSED] - All options with index in [1] are selected on object 'Object Repository/Quote_OR/drp_CONSTRUCTION_TYPE'

2018-02-22 15:54:11 - [MESSAGE][PASSED] - Delayed 8 second(s)

2018-02-22 15:54:11 - [MESSAGE][PASSED] - Object: 'Object Repository/Quote_OR/btn_RECALCULATE_PREMIUM' is clicked on

2018-02-22 15:54:11 - [MESSAGE][PASSED] - com.PPE.QuotePropertyDataSelection.QuoteCreation is PASSED]]></system-out>
         <system-err><![CDATA[]]></system-err>
      </testcase>
      <testcase name="Test Cases/Application Creation/Creating an Application" classname="Test Cases/Application Creation/Creating an Application" status="PASSED">
         <system-out><![CDATA[2018-02-22 15:54:11 - [TEST_CASE][PASSED] - Test Cases/Application Creation/Creating an Application: Test Cases/Application Creation/Creating an Application

2018-02-22 15:54:11 - [TEST_STEP][PASSED] - Statement - propertyDataRowCounter = 0: null

2018-02-22 15:54:11 - [TEST_STEP][PASSED] - Statement - configDataRowCounter = 0: null

2018-02-22 15:54:11 - [TEST_STEP][PASSED] - Statement - genericDATA = com.kms.katalon.core.testdata.TestDataFactory.findTestData(PPE_Config_File): Test data is internal data, reading internal data

2018-02-22 15:54:11 - [TEST_STEP][PASSED] - Statement - propertyDATA = com.kms.katalon.core.testdata.TestDataFactory.findTestData(PPEPROPERTYDATA): Test data is internal data, reading internal data

2018-02-22 15:54:11 - [TEST_STEP][PASSED] - Statement - Address = com.kms.katalon.core.testobject.ObjectRepository.findTestObject(Endorsement_OR/get_Address): Finding Test Object with id 'Object Repository/Endorsement_OR/get_Address'

2018-02-22 15:54:11 - [TEST_STEP][PASSED] - Statement - propertyaddress = com.kms.katalon.core.webui.keyword.WebUiBuiltInKeywords.getAttribute(Address, "value"): Attribute 'value' of object 'Object Repository/Endorsement_OR/get_Address' is: '1727 S Pollard St, Arlington, VA 22204, USA'

2018-02-22 15:54:12 - [MESSAGE][PASSED] - Attribute 'value' of object 'Object Repository/Endorsement_OR/get_Address' is: '1727 S Pollard St, Arlington, VA 22204, USA'

2018-02-22 15:54:12 - [TEST_STEP][PASSED] - Statement - println(propertyaddress): null

2018-02-22 15:54:12 - [TEST_STEP][PASSED] - Statement - propertyaddress = propertyaddress: null

2018-02-22 15:54:12 - [TEST_STEP][PASSED] - com.PPE.Saving_PolicyHolderInfo_Page.PolicyHolderPage: com.PPE.Saving_PolicyHolderInfo_Page.PolicyHolderPage is PASSED

2018-02-22 15:54:16 - [MESSAGE][PASSED] - Delayed 4 second(s)

2018-02-22 15:54:17 - [MESSAGE][PASSED] - Object: 'Object Repository/Application_OR/btn_TOAPPLICATION' is clicked on

2018-02-22 15:54:21 - [MESSAGE][PASSED] - Delayed 4 second(s)

2018-02-22 15:54:21 - [MESSAGE][PASSED] - Object: 'Object Repository/Application_OR/btn-YES_IS_BNESS_PREMISES' is clicked on

2018-02-22 15:54:23 - [MESSAGE][PASSED] - Delayed 2 second(s)

2018-02-22 15:54:23 - [MESSAGE][PASSED] - Object: 'Object Repository/Application_OR/btn-YES_FOOT_TRAFFIC' is clicked on

2018-02-22 15:54:25 - [MESSAGE][PASSED] - Delayed 2 second(s)

2018-02-22 15:54:25 - [MESSAGE][PASSED] - Text '11' is set on object 'Object Repository/Application_OR/txtfield-Traffic_Percentage'

2018-02-22 15:54:28 - [MESSAGE][PASSED] - Delayed 3 second(s)

2018-02-22 15:54:28 - [MESSAGE][PASSED] - Object: 'Object Repository/Application_OR/btn_CONTINUE_UW_QUESTIONS' is clicked on

2018-02-22 15:54:31 - [MESSAGE][PASSED] - Delayed 3 second(s)

2018-02-22 15:54:31 - [MESSAGE][PASSED] - Text '10' is set on object 'Object Repository/Application_OR/txtfield-Traffic_Percentage'

2018-02-22 15:54:35 - [MESSAGE][PASSED] - Delayed 4 second(s)

2018-02-22 15:54:36 - [MESSAGE][PASSED] - Object: 'Object Repository/Application_OR/btn_CONTINUE_UW_QUESTIONS' is clicked on

2018-02-22 15:54:39 - [MESSAGE][PASSED] - Delayed 3 second(s)

2018-02-22 15:54:39 - [MESSAGE][PASSED] - Object: 'Object Repository/Application_OR/txtfield_INSURED_FIRSTNAME' is clicked on

2018-02-22 15:54:39 - [MESSAGE][PASSED] - Text '' is set on object 'Object Repository/Application_OR/txtfield_INSURED_FIRSTNAME'

2018-02-22 15:54:39 - [MESSAGE][PASSED] - Text 'Clement' is set on object 'Object Repository/Application_OR/txtfield_INSURED_FIRSTNAME'

2018-02-22 15:54:39 - [MESSAGE][PASSED] - Text '' is set on object 'Object Repository/Application_OR/txtfield_INSURED_MIDDLENAME'

2018-02-22 15:54:39 - [MESSAGE][PASSED] - Text 'Hussy' is set on object 'Object Repository/Application_OR/txtfield_INSURED_MIDDLENAME'

2018-02-22 15:54:39 - [MESSAGE][PASSED] - Text '' is set on object 'Object Repository/Application_OR/txtfield_INSURED_LASTNAME'

2018-02-22 15:54:39 - [MESSAGE][PASSED] - Text 'Pattinsoin' is set on object 'Object Repository/Application_OR/txtfield_INSURED_LASTNAME'

2018-02-22 15:54:40 - [MESSAGE][PASSED] - Text '09/10/1999' is set on object 'Object Repository/Application_OR/txtfield_INSURED_DOB'

2018-02-22 15:54:45 - [MESSAGE][PASSED] - Delayed 5 second(s)

2018-02-22 15:54:45 - [MESSAGE][PASSED] - Text 'gsalunkhe@cogitate.us' is set on object 'Object Repository/Application_OR/txtfield_INSURED_EMAIL'

2018-02-22 15:54:50 - [MESSAGE][PASSED] - Delayed 5 second(s)

2018-02-22 15:54:50 - [MESSAGE][PASSED] - Text '9768180080' is set on object 'Object Repository/Application_OR/txtfield_INSURED_CONTACTNUMBER'

2018-02-22 15:54:55 - [MESSAGE][PASSED] - Delayed 5 second(s)

2018-02-22 15:54:55 - [MESSAGE][PASSED] - Attribute 'value' of object 'Object Repository/Generic_OR/hdnPolicyInfoId' is: '3229'

2018-02-22 15:54:56 - [MESSAGE][PASSED] - Object: 'Object Repository/Application_OR/btn_POLICYHOLDER_SAVEANDCONTINUE' is clicked on

2018-02-22 15:54:57 - [MESSAGE][PASSED] - Delayed 1 second(s)

2018-02-22 15:54:57 - [MESSAGE][PASSED] - com.PPE.Saving_PolicyHolderInfo_Page.PolicyHolderPage is PASSED

2018-02-22 15:54:57 - [TEST_STEP][PASSED] - com.PPE.Saving_PropertyInfo_Page.PropertyPage: com.PPE.Saving_PropertyInfo_Page.PropertyPage is PASSED

2018-02-22 15:54:57 - [MESSAGE][PASSED] - Object: 'Object Repository/Application_OR/drp_ROOFTYPE_PROPERTYPAGE' is clicked on

2018-02-22 15:55:00 - [MESSAGE][PASSED] - Delayed 3 second(s)

2018-02-22 15:55:00 - [MESSAGE][PASSED] - All options with index in [1] are selected on object 'Object Repository/Application_OR/drp_ROOFTYPE_PROPERTYPAGE'

2018-02-22 15:55:02 - [MESSAGE][PASSED] - Delayed 2 second(s)

2018-02-22 15:55:03 - [MESSAGE][PASSED] - All options with index in [3] are selected on object 'Object Repository/Application_OR/drp_FOUNDATIONTYPE_PROPERTYPAGE'

2018-02-22 15:55:05 - [MESSAGE][PASSED] - Delayed 2 second(s)

2018-02-22 15:55:05 - [MESSAGE][PASSED] - All options with index in [7] are selected on object 'Object Repository/Application_OR/drp_HEATINGTYPE_PROPERTYPAGE'

2018-02-22 15:55:10 - [MESSAGE][PASSED] - Delayed 5 second(s)

2018-02-22 15:55:10 - [MESSAGE][PASSED] - Object: 'Object Repository/Application_OR/btn_OCCUPANYPAGE_SAVEANDCONTINUE' is clicked on

2018-02-22 15:55:14 - [MESSAGE][PASSED] - Delayed 4 second(s)

2018-02-22 15:55:14 - [MESSAGE][PASSED] - Object: 'Object Repository/Application_OR/btn_YES_ROOFAGE_POPUP' is clicked on

2018-02-22 15:55:18 - [MESSAGE][PASSED] - Delayed 4 second(s)

2018-02-22 15:55:18 - [MESSAGE][PASSED] - Object: 'Object Repository/Application_OR/btn_YES_ELECTRICALAGE_POPUP' is clicked on

2018-02-22 15:55:22 - [MESSAGE][PASSED] - Delayed 4 second(s)

2018-02-22 15:55:22 - [MESSAGE][PASSED] - Object: 'Object Repository/Application_OR/btn_YES_ELECTRICALAGE_POPUP' is clicked on

2018-02-22 15:55:27 - [MESSAGE][PASSED] - Delayed 5 second(s)

2018-02-22 15:55:27 - [MESSAGE][PASSED] - com.PPE.Saving_PropertyInfo_Page.PropertyPage is PASSED

2018-02-22 15:55:27 - [TEST_STEP][PASSED] - com.PPE.Policy_Creation.ApplicationBind: com.PPE.Policy_Creation.ApplicationBind is PASSED

2018-02-22 15:55:29 - [MESSAGE][PASSED] - Object: 'Object Repository/Application_OR/btn_OCCUPANYPAGE_SAVEANDCONTINUE' is clicked on

2018-02-22 15:55:34 - [MESSAGE][PASSED] - Delayed 5 second(s)

2018-02-22 15:55:34 - [MESSAGE][PASSED] - Object 'Object Repository/Application_OR/chkbx_AGREEMENT' is checked

2018-02-22 15:55:44 - [MESSAGE][PASSED] - Delayed 10 second(s)

2018-02-22 15:55:44 - [MESSAGE][PASSED] - Object: 'Object Repository/Application_OR/btn_OCCUPANYPAGE_SAVEANDCONTINUE' is clicked on

2018-02-22 15:55:49 - [MESSAGE][PASSED] - Delayed 5 second(s)

2018-02-22 15:56:18 - [MESSAGE][PASSED] - Object: 'Object Repository/Application_OR/btn_SIGNAPPLICATION_AGENT' is clicked on

2018-02-22 15:56:23 - [MESSAGE][PASSED] - Delayed 5 second(s)

2018-02-22 15:56:23 - [MESSAGE][PASSED] - Text of object 'Object Repository/Application_OR/get_INSUREDNAME_APPLICATION FORMSUMMARY' is: 'Clement Hussy Pattinsoin'

2018-02-22 15:56:23 - [MESSAGE][PASSED] - Object: 'Object Repository/Application_OR/btn_INSURED_SIGNATURE' is clicked on

2018-02-22 15:56:28 - [MESSAGE][PASSED] - Delayed 5 second(s)

2018-02-22 15:56:29 - [MESSAGE][PASSED] - Object: 'Object Repository/Application_OR/txtbx_INSURED_SIGNATURE' is clicked on

2018-02-22 15:56:34 - [MESSAGE][PASSED] - Delayed 5 second(s)

2018-02-22 15:56:34 - [MESSAGE][PASSED] - Text 'Clement Hussy Pattinsoin' is set on object 'Object Repository/Application_OR/txtbx_INSURED_SIGNATURE'

2018-02-22 15:56:34 - [MESSAGE][PASSED] - Object: 'Object Repository/Application_OR/btn_SUBMIT_INSURED_SIGNATURE' is clicked on

2018-02-22 15:56:34 - [MESSAGE][PASSED] - com.PPE.Policy_Creation.ApplicationBind is PASSED

2018-02-22 15:56:34 - [TEST_STEP][PASSED] - Statement - otpQuery = "SELECT TOP 1 OtpGenerated FROM PPE_ApplicationForms_trn where PolicyInfoId = " + policyInfoId + " Order BY ModifiedDateTime DESC": null

2018-02-22 15:56:34 - [TEST_STEP][PASSED] - Statement - println("otpQuery" + " " + otpQuery): null

2018-02-22 15:56:34 - [TEST_STEP][PASSED] - com.PPE.Database_Connection.connectDB: com.PPE.Database_Connection.connectDB is PASSED

2018-02-22 15:56:35 - [MESSAGE][PASSED] - com.PPE.Database_Connection.connectDB is PASSED

2018-02-22 15:56:35 - [TEST_STEP][PASSED] - Statement - recordset = CustomKeywords.com.PPE.Database_Connection.executeQuery(otpQuery): com.PPE.Database_Connection.executeQuery is PASSED

2018-02-22 15:56:36 - [MESSAGE][PASSED] - com.PPE.Database_Connection.executeQuery is PASSED

2018-02-22 15:56:36 - [TEST_STEP][PASSED] - Statement - otp = 0: null

2018-02-22 15:56:36 - [TEST_STEP][PASSED] - Statement - While (recordset.next()): null

2018-02-22 15:56:36 - [TEST_STEP][PASSED] - Statement - otp = recordset.getObject("OtpGenerated"): null

2018-02-22 15:56:36 - [TEST_STEP][PASSED] - Statement - println("otp" + " " + otp): null

2018-02-22 15:56:36 - [TEST_STEP][PASSED] - delay: Delayed 10 second(s)

2018-02-22 15:56:46 - [MESSAGE][PASSED] - Delayed 10 second(s)

2018-02-22 15:56:46 - [TEST_STEP][PASSED] - Statement - txtOtp = com.kms.katalon.core.testobject.ObjectRepository.findTestObject(Application_OR/txtfield-OTP): Finding Test Object with id 'Object Repository/Application_OR/txtfield-OTP'

2018-02-22 15:56:46 - [TEST_STEP][PASSED] - setText: Text '9813' is set on object 'Object Repository/Application_OR/txtfield-OTP'

2018-02-22 15:56:46 - [MESSAGE][PASSED] - Text '9813' is set on object 'Object Repository/Application_OR/txtfield-OTP'

2018-02-22 15:56:46 - [TEST_STEP][PASSED] - delay: Delayed 1 second(s)

2018-02-22 15:56:47 - [MESSAGE][PASSED] - Delayed 1 second(s)

2018-02-22 15:56:47 - [TEST_STEP][PASSED] - click: Object: 'Object Repository/Application_OR/btn_OTP_VERIFY' is clicked on

2018-02-22 15:56:47 - [MESSAGE][PASSED] - Object: 'Object Repository/Application_OR/btn_OTP_VERIFY' is clicked on

2018-02-22 15:56:47 - [TEST_STEP][PASSED] - delay: Delayed 5 second(s)

2018-02-22 15:56:52 - [MESSAGE][PASSED] - Delayed 5 second(s)

2018-02-22 15:56:52 - [TEST_STEP][PASSED] - click: Object: 'Object Repository/Application_OR/btn_AGENT_SIGNATURE' is clicked on

2018-02-22 15:56:52 - [MESSAGE][PASSED] - Object: 'Object Repository/Application_OR/btn_AGENT_SIGNATURE' is clicked on

2018-02-22 15:56:52 - [TEST_STEP][PASSED] - delay: Delayed 2 second(s)

2018-02-22 15:56:54 - [MESSAGE][PASSED] - Delayed 2 second(s)

2018-02-22 15:56:54 - [TEST_STEP][PASSED] - click: Object: 'Object Repository/Application_OR/txtbx_AGENT_SIGNATURE' is clicked on

2018-02-22 15:56:54 - [MESSAGE][PASSED] - Object: 'Object Repository/Application_OR/txtbx_AGENT_SIGNATURE' is clicked on

2018-02-22 15:56:54 - [TEST_STEP][PASSED] - delay: Delayed 2 second(s)

2018-02-22 15:56:56 - [MESSAGE][PASSED] - Delayed 2 second(s)

2018-02-22 15:56:56 - [TEST_STEP][PASSED] - Statement - If (genericDATA.internallyGetValue("STATE", configDataRowCounter) == "GA"): null

2018-02-22 15:56:56 - [TEST_STEP][PASSED] - Statement - Else If (genericDATA.internallyGetValue("STATE", configDataRowCounter) == "VA"): Text 'va one' is set on object 'Object Repository/Application_OR/txtbx_AGENT_SIGNATURE'

2018-02-22 15:56:56 - [TEST_STEP][PASSED] - setText: Text 'va one' is set on object 'Object Repository/Application_OR/txtbx_AGENT_SIGNATURE'

2018-02-22 15:56:57 - [MESSAGE][PASSED] - Text 'va one' is set on object 'Object Repository/Application_OR/txtbx_AGENT_SIGNATURE'

2018-02-22 15:56:57 - [TEST_STEP][PASSED] - click: Object: 'Object Repository/Application_OR/btn_SUBMIT_AGENT_SIGNATURE' is clicked on

2018-02-22 15:56:57 - [MESSAGE][PASSED] - Object: 'Object Repository/Application_OR/btn_SUBMIT_AGENT_SIGNATURE' is clicked on

2018-02-22 15:56:57 - [TEST_STEP][PASSED] - delay: Delayed 5 second(s)

2018-02-22 15:57:02 - [MESSAGE][PASSED] - Delayed 5 second(s)

2018-02-22 15:57:02 - [TEST_STEP][PASSED] - click: Object: 'Object Repository/Application_OR/btn_SURPLUSLINE_ACK' is clicked on

2018-02-22 15:57:03 - [MESSAGE][PASSED] - Object: 'Object Repository/Application_OR/btn_SURPLUSLINE_ACK' is clicked on

2018-02-22 15:57:03 - [TEST_STEP][PASSED] - delay: Delayed 5 second(s)

2018-02-22 15:57:08 - [MESSAGE][PASSED] - Delayed 5 second(s)

2018-02-22 15:57:08 - [TEST_STEP][PASSED] - Statement - If (genericDATA.internallyGetValue("STATE", configDataRowCounter) == "GA"): null

2018-02-22 15:57:08 - [TEST_STEP][PASSED] - Statement - Else If (genericDATA.internallyGetValue("STATE", configDataRowCounter) == "VA"): Object: 'Object Repository/Application_OR/btn_SUBMIT_SURPLUSLINE' is clicked on

2018-02-22 15:57:08 - [TEST_STEP][PASSED] - click: Object: 'Object Repository/Application_OR/chkbox_NC_SurPlusLine_Agreement' is clicked on

2018-02-22 15:57:08 - [MESSAGE][PASSED] - Object: 'Object Repository/Application_OR/chkbox_NC_SurPlusLine_Agreement' is clicked on

2018-02-22 15:57:08 - [TEST_STEP][PASSED] - delay: Delayed 2 second(s)

2018-02-22 15:57:10 - [MESSAGE][PASSED] - Delayed 2 second(s)

2018-02-22 15:57:10 - [TEST_STEP][PASSED] - click: Object: 'Object Repository/Application_OR/btn_SUBMIT_SURPLUSLINE' is clicked on

2018-02-22 15:57:11 - [MESSAGE][PASSED] - Object: 'Object Repository/Application_OR/btn_SUBMIT_SURPLUSLINE' is clicked on

2018-02-22 15:57:11 - [TEST_STEP][PASSED] - delay: Delayed 5 second(s)

2018-02-22 15:57:16 - [MESSAGE][PASSED] - Delayed 5 second(s)

2018-02-22 15:57:16 - [TEST_STEP][PASSED] - click: Object: 'Object Repository/Application_OR/btn_SUBMIT_FOR_UW_APPROVAL' is clicked on

2018-02-22 15:57:16 - [MESSAGE][PASSED] - Object: 'Object Repository/Application_OR/btn_SUBMIT_FOR_UW_APPROVAL' is clicked on

2018-02-22 15:57:16 - [TEST_STEP][PASSED] - delay: Delayed 8 second(s)

2018-02-22 15:57:24 - [MESSAGE][PASSED] - Delayed 8 second(s)

2018-02-22 15:57:24 - [TEST_STEP][PASSED] - click: Object: 'Object Repository/Application_OR/btn_LOGOUT' is clicked on

2018-02-22 15:57:26 - [MESSAGE][PASSED] - Object: 'Object Repository/Application_OR/btn_LOGOUT' is clicked on

2018-02-22 15:57:26 - [TEST_STEP][PASSED] - delay: Delayed 5 second(s)

2018-02-22 15:57:31 - [MESSAGE][PASSED] - Delayed 5 second(s)

2018-02-22 15:57:31 - [TEST_STEP][PASSED] - setText: Text 'ih.william' is set on object 'Object Repository/Quote_OR/txtfield_USERNAME'

2018-02-22 15:57:31 - [MESSAGE][PASSED] - Text 'ih.william' is set on object 'Object Repository/Quote_OR/txtfield_USERNAME'

2018-02-22 15:57:31 - [TEST_STEP][PASSED] - setText: Text '10#Hammer' is set on object 'Object Repository/Quote_OR/txtfield_PASSWORD'

2018-02-22 15:57:31 - [MESSAGE][PASSED] - Text '10#Hammer' is set on object 'Object Repository/Quote_OR/txtfield_PASSWORD'

2018-02-22 15:57:31 - [TEST_STEP][PASSED] - click: Object: 'Object Repository/Quote_OR/btn-LOGIN' is clicked on

2018-02-22 15:57:33 - [MESSAGE][PASSED] - Object: 'Object Repository/Quote_OR/btn-LOGIN' is clicked on

2018-02-22 15:57:33 - [TEST_STEP][PASSED] - delay: Delayed 5 second(s)

2018-02-22 15:57:38 - [MESSAGE][PASSED] - Delayed 5 second(s)

2018-02-22 15:57:38 - [TEST_STEP][PASSED] - Statement - btnId = "//*[@id="btnLoadApplication_" + policyInfoId + ""]": null

2018-02-22 15:57:38 - [TEST_STEP][PASSED] - Statement - btnViewApplication = new com.kms.katalon.core.testobject.TestObject(btnViewApplication): null

2018-02-22 15:57:38 - [TEST_STEP][PASSED] - Statement - btnViewApplication.addProperty("xpath", EQUALS, btnId, true): null

2018-02-22 15:57:38 - [TEST_STEP][PASSED] - delay: Delayed 20 second(s)

2018-02-22 15:57:58 - [MESSAGE][PASSED] - Delayed 20 second(s)

2018-02-22 15:57:58 - [TEST_STEP][PASSED] - click: Object: 'btnViewApplication' is clicked on

2018-02-22 15:58:00 - [MESSAGE][PASSED] - Object: 'btnViewApplication' is clicked on

2018-02-22 15:58:00 - [TEST_STEP][PASSED] - delay: Delayed 8 second(s)

2018-02-22 15:58:08 - [MESSAGE][PASSED] - Delayed 8 second(s)

2018-02-22 15:58:08 - [TEST_STEP][PASSED] - click: Object: 'Object Repository/Application_OR/btn_DOWNLOAD_AFS_UW' is clicked on

2018-02-22 15:58:08 - [MESSAGE][PASSED] - Object: 'Object Repository/Application_OR/btn_DOWNLOAD_AFS_UW' is clicked on

2018-02-22 15:58:08 - [TEST_STEP][PASSED] - delay: Delayed 5 second(s)

2018-02-22 15:58:13 - [MESSAGE][PASSED] - Delayed 5 second(s)

2018-02-22 15:58:13 - [TEST_STEP][PASSED] - click: Object: 'Object Repository/Application_OR/btn_REVIEW_APPLICATION_AT_UW' is clicked on

2018-02-22 15:58:14 - [MESSAGE][PASSED] - Object: 'Object Repository/Application_OR/btn_REVIEW_APPLICATION_AT_UW' is clicked on

2018-02-22 15:58:14 - [TEST_STEP][PASSED] - delay: Delayed 5 second(s)

2018-02-22 15:58:19 - [MESSAGE][PASSED] - Delayed 5 second(s)

2018-02-22 15:58:19 - [TEST_STEP][PASSED] - setText: Text '111' is set on object 'Object Repository/Application_OR/txtfield_INSPECTION_FEE'

2018-02-22 15:58:19 - [MESSAGE][PASSED] - Text '111' is set on object 'Object Repository/Application_OR/txtfield_INSPECTION_FEE'

2018-02-22 15:58:19 - [TEST_STEP][PASSED] - delay: Delayed 3 second(s)

2018-02-22 15:58:22 - [MESSAGE][PASSED] - Delayed 3 second(s)

2018-02-22 15:58:22 - [TEST_STEP][PASSED] - click: Object: 'Object Repository/Application_OR/drp_NO_OF_MORTAGAGEE' is clicked on

2018-02-22 15:58:22 - [MESSAGE][PASSED] - Object: 'Object Repository/Application_OR/drp_NO_OF_MORTAGAGEE' is clicked on

2018-02-22 15:58:22 - [TEST_STEP][PASSED] - delay: Delayed 3 second(s)

2018-02-22 15:58:25 - [MESSAGE][PASSED] - Delayed 3 second(s)

2018-02-22 15:58:25 - [TEST_STEP][PASSED] - selectOptionByIndex: All options with index in [1] are selected on object 'Object Repository/Application_OR/drp_NO_OF_MORTAGAGEE'

2018-02-22 15:58:25 - [MESSAGE][PASSED] - All options with index in [1] are selected on object 'Object Repository/Application_OR/drp_NO_OF_MORTAGAGEE'

2018-02-22 15:58:25 - [TEST_STEP][PASSED] - delay: Delayed 3 second(s)

2018-02-22 15:58:28 - [MESSAGE][PASSED] - Delayed 3 second(s)

2018-02-22 15:58:28 - [TEST_STEP][PASSED] - click: Object: 'Object Repository/Application_OR/btn_OCCUPANYPAGE_SAVEANDCONTINUE' is clicked on

2018-02-22 15:58:29 - [MESSAGE][PASSED] - Object: 'Object Repository/Application_OR/btn_OCCUPANYPAGE_SAVEANDCONTINUE' is clicked on

2018-02-22 15:58:29 - [TEST_STEP][PASSED] - delay: Delayed 3 second(s)

2018-02-22 15:58:32 - [MESSAGE][PASSED] - Delayed 3 second(s)

2018-02-22 15:58:32 - [TEST_STEP][PASSED] - setText: Text 'Ricky Ponting' is set on object 'Object Repository/Application_OR/txtfield_Mortagagee_Name1'

2018-02-22 15:58:32 - [MESSAGE][PASSED] - Text 'Ricky Ponting' is set on object 'Object Repository/Application_OR/txtfield_Mortagagee_Name1'

2018-02-22 15:58:32 - [TEST_STEP][PASSED] - delay: Delayed 3 second(s)

2018-02-22 15:58:35 - [MESSAGE][PASSED] - Delayed 3 second(s)

2018-02-22 15:58:35 - [TEST_STEP][PASSED] - setText: Text '1870 5th Ave W Macon, GA 31201 USA' is set on object 'Object Repository/Application_OR/txtfield_Mortagagee_Address'

2018-02-22 15:58:36 - [MESSAGE][PASSED] - Text '1870 5th Ave W Macon, GA 31201 USA' is set on object 'Object Repository/Application_OR/txtfield_Mortagagee_Address'

2018-02-22 15:58:36 - [TEST_STEP][PASSED] - delay: Delayed 3 second(s)

2018-02-22 15:58:39 - [MESSAGE][PASSED] - Delayed 3 second(s)

2018-02-22 15:58:39 - [TEST_STEP][PASSED] - setText: Text '123456789ABCD' is set on object 'Object Repository/Application_OR/txtfield_Mortagagee_LoanNo'

2018-02-22 15:58:39 - [MESSAGE][PASSED] - Text '123456789ABCD' is set on object 'Object Repository/Application_OR/txtfield_Mortagagee_LoanNo'

2018-02-22 15:58:39 - [TEST_STEP][PASSED] - delay: Delayed 3 second(s)

2018-02-22 15:58:42 - [MESSAGE][PASSED] - Delayed 3 second(s)

2018-02-22 15:58:42 - [TEST_STEP][PASSED] - click: Object: 'Object Repository/Application_OR/btn_OCCUPANYPAGE_SAVEANDCONTINUE' is clicked on

2018-02-22 15:58:42 - [MESSAGE][PASSED] - Object: 'Object Repository/Application_OR/btn_OCCUPANYPAGE_SAVEANDCONTINUE' is clicked on

2018-02-22 15:58:42 - [TEST_STEP][PASSED] - delay: Delayed 4 second(s)

2018-02-22 15:58:46 - [MESSAGE][PASSED] - Delayed 4 second(s)

2018-02-22 15:58:46 - [TEST_STEP][PASSED] - click: Object: 'Object Repository/Application_OR/btn_SIGNAPPLICATION_AGENT' is clicked on

2018-02-22 15:58:47 - [MESSAGE][PASSED] - Object: 'Object Repository/Application_OR/btn_SIGNAPPLICATION_AGENT' is clicked on

2018-02-22 15:58:47 - [TEST_STEP][PASSED] - delay: Delayed 4 second(s)

2018-02-22 15:58:51 - [MESSAGE][PASSED] - Delayed 4 second(s)

2018-02-22 15:58:51 - [TEST_STEP][PASSED] - click: Object: 'Object Repository/Application_OR/btn_GENERATE_FORMS' is clicked on

2018-02-22 15:58:51 - [MESSAGE][PASSED] - Object: 'Object Repository/Application_OR/btn_GENERATE_FORMS' is clicked on

2018-02-22 15:58:51 - [TEST_STEP][PASSED] - delay: Delayed 5 second(s)

2018-02-22 15:58:56 - [MESSAGE][PASSED] - Delayed 5 second(s)

2018-02-22 15:58:56 - [TEST_STEP][PASSED] - click: Object: 'Object Repository/Application_OR/btn_REQUEST_FOR_BIND' is clicked on

2018-02-22 15:58:57 - [MESSAGE][PASSED] - Object: 'Object Repository/Application_OR/btn_REQUEST_FOR_BIND' is clicked on

2018-02-22 15:58:57 - [TEST_STEP][PASSED] - delay: Delayed 20 second(s)

2018-02-22 15:59:17 - [MESSAGE][PASSED] - Delayed 20 second(s)

2018-02-22 15:59:17 - [TEST_STEP][PASSED] - click: Object: 'Object Repository/Application_OR/btn_VIEW_POLICY_FORMS' is clicked on

2018-02-22 15:59:22 - [MESSAGE][PASSED] - Object: 'Object Repository/Application_OR/btn_VIEW_POLICY_FORMS' is clicked on

2018-02-22 15:59:22 - [TEST_STEP][PASSED] - delay: Delayed 15 second(s)

2018-02-22 15:59:37 - [MESSAGE][PASSED] - Delayed 15 second(s)

2018-02-22 15:59:37 - [TEST_STEP][PASSED] - click: Object: 'Object Repository/Application_OR/btn_UW_APPLICATION_STATUS_MENU' is clicked on

2018-02-22 15:59:37 - [MESSAGE][PASSED] - Object: 'Object Repository/Application_OR/btn_UW_APPLICATION_STATUS_MENU' is clicked on

2018-02-22 15:59:37 - [TEST_STEP][PASSED] - delay: Delayed 2 second(s)

2018-02-22 15:59:39 - [MESSAGE][PASSED] - Delayed 2 second(s)

2018-02-22 15:59:39 - [TEST_STEP][PASSED] - click: Object: 'Object Repository/Application_OR/btn_YES_CONFIRMATION' is clicked on

2018-02-22 15:59:41 - [MESSAGE][PASSED] - Object: 'Object Repository/Application_OR/btn_YES_CONFIRMATION' is clicked on

2018-02-22 15:59:41 - [TEST_STEP][PASSED] - delay: Delayed 20 second(s)

2018-02-22 16:00:01 - [MESSAGE][PASSED] - Delayed 20 second(s)]]></system-out>
         <system-err><![CDATA[]]></system-err>
      </testcase>
      <testcase name="Test Cases/UW Endorsement/UW END" classname="Test Cases/UW Endorsement/UW END" status="PASSED">
         <system-out><![CDATA[2018-02-22 16:00:01 - [TEST_CASE][PASSED] - Test Cases/UW Endorsement/UW END: Test Cases/UW Endorsement/UW END

2018-02-22 16:00:01 - [TEST_STEP][PASSED] - com.PPE.Endorsement_UW.EndorsementByUW: com.PPE.Endorsement_UW.EndorsementByUW is PASSED

2018-02-22 16:00:01 - [MESSAGE][PASSED] - Object: 'Object Repository/Endorsement_OR/btn_ADVANCE_FILTER' is clicked on

2018-02-22 16:00:05 - [MESSAGE][PASSED] - Delayed 4 second(s)

2018-02-22 16:00:05 - [MESSAGE][PASSED] - Text '1727 S Pollard St, Arlington, VA 22204, USA' is set on object 'Object Repository/Endorsement_OR/txtfield_AdvanceFilter_PROPERTY_ADDRESS'

2018-02-22 16:00:20 - [MESSAGE][PASSED] - Delayed 15 second(s)

2018-02-22 16:00:20 - [MESSAGE][PASSED] - Object: 'Object Repository/Endorsement_OR/btn_APPLY_Advance_Filter' is clicked on

2018-02-22 16:00:38 - [MESSAGE][PASSED] - Delayed 18 second(s)

2018-02-22 16:00:38 - [MESSAGE][PASSED] - Text of object 'Object Repository/Endorsement_OR/get_POLICYNUMBER' is: 'BCIHVA1800012'

2018-02-22 16:00:48 - [MESSAGE][PASSED] - Delayed 10 second(s)

2018-02-22 16:00:49 - [MESSAGE][PASSED] - Object: 'Object Repository/Endorsement_OR/btn_ENDORSEMENT_MENU' is clicked on

2018-02-22 16:00:52 - [MESSAGE][PASSED] - Delayed 3 second(s)

2018-02-22 16:00:53 - [MESSAGE][PASSED] - Object: 'Object Repository/Endorsement_OR/btn_YES_CONFIRMATION_ENDORSEMENT' is clicked on

2018-02-22 16:00:59 - [MESSAGE][PASSED] - Delayed 6 second(s)

2018-02-22 16:00:59 - [MESSAGE][PASSED] - Text 'BCIHVA1800012' is set on object 'Object Repository/Endorsement_OR/txtfield_POLICYNUMBER_FOR_ENDORSEMENT'

2018-02-22 16:01:05 - [MESSAGE][PASSED] - Delayed 6 second(s)

2018-02-22 16:01:05 - [MESSAGE][PASSED] - Object: 'Object Repository/Endorsement_OR/btn_SEARCH_FOR_ENDORSEMENT' is clicked on

2018-02-22 16:01:15 - [MESSAGE][PASSED] - Delayed 10 second(s)

2018-02-22 16:01:17 - [MESSAGE][PASSED] - Object: 'Object Repository/Endorsement_OR/btn_ENDORSE_UW' is clicked on

2018-02-22 16:01:23 - [MESSAGE][PASSED] - Delayed 6 second(s)

2018-02-22 16:01:28 - [MESSAGE][PASSED] - Object: 'Object Repository/Endorsement_OR/btn_EDIT_APPLICANTINFO_UW' is clicked on

2018-02-22 16:01:34 - [MESSAGE][PASSED] - Delayed 6 second(s)

2018-02-22 16:01:39 - [MESSAGE][PASSED] - Object: 'Object Repository/Endorsement_OR/btn_RECALCULATE_UW' is clicked on

2018-02-22 16:01:45 - [MESSAGE][PASSED] - Delayed 6 second(s)

2018-02-22 16:01:46 - [MESSAGE][PASSED] - Text 'Phillips Bush' is set on object 'Object Repository/Endorsement_OR/txtfield_PRIFIRSTNAME_UW'

2018-02-22 16:01:48 - [MESSAGE][PASSED] - Delayed 2 second(s)

2018-02-22 16:01:53 - [MESSAGE][PASSED] - Object: 'Object Repository/Endorsement_OR/btn_UPDATE_APPLICANTINFO_UW' is clicked on

2018-02-22 16:01:55 - [MESSAGE][PASSED] - Delayed 2 second(s)

2018-02-22 16:02:00 - [MESSAGE][PASSED] - Object: 'Object Repository/Endorsement_OR/btn_RECALCULATE_UW' is clicked on

2018-02-22 16:02:06 - [MESSAGE][PASSED] - Delayed 6 second(s)

2018-02-22 16:02:06 - [MESSAGE][PASSED] - Browser is scrolled to position x = 0, y = 50

2018-02-22 16:02:09 - [MESSAGE][PASSED] - Delayed 3 second(s)

2018-02-22 16:02:14 - [MESSAGE][PASSED] - Object: 'Object Repository/Endorsement_OR/btn_EDIT_COVERAGE_UW' is clicked on

2018-02-22 16:02:20 - [MESSAGE][PASSED] - Delayed 6 second(s)

2018-02-22 16:02:25 - [MESSAGE][PASSED] - Object: 'Object Repository/Endorsement_OR/drp_SETTLEMENTTYPE_UW' is clicked on

2018-02-22 16:02:28 - [MESSAGE][PASSED] - Delayed 3 second(s)

2018-02-22 16:02:29 - [MESSAGE][PASSED] - All options with label 'ACV' are selected in object 'Object Repository/Endorsement_OR/drp_SETTLEMENTTYPE_UW' 

2018-02-22 16:02:35 - [MESSAGE][PASSED] - Delayed 6 second(s)

2018-02-22 16:02:40 - [MESSAGE][PASSED] - Object: 'Object Repository/Endorsement_OR/btn_UPDATE_COVERAGE_UW' is clicked on

2018-02-22 16:02:42 - [MESSAGE][PASSED] - Delayed 2 second(s)

2018-02-22 16:02:47 - [MESSAGE][PASSED] - Object: 'Object Repository/Endorsement_OR/btn_RECALCULATE_UW' is clicked on

2018-02-22 16:02:52 - [MESSAGE][PASSED] - Delayed 5 second(s)

2018-02-22 16:02:52 - [MESSAGE][PASSED] - Browser is scrolled to position x = 0, y = 50

2018-02-22 16:02:57 - [MESSAGE][PASSED] - Object: 'Object Repository/Endorsement_OR/btn_EDIT_PROPERTY_UW' is clicked on

2018-02-22 16:02:59 - [MESSAGE][PASSED] - Delayed 2 second(s)

2018-02-22 16:02:59 - [MESSAGE][PASSED] - Text '1970' is set on object 'Object Repository/Endorsement_OR/txtfield_HOME_BUILD_ENDORSEMENT_UW'

2018-02-22 16:03:03 - [MESSAGE][PASSED] - Delayed 4 second(s)

2018-02-22 16:03:03 - [MESSAGE][PASSED] - Text '74999' is set on object 'Object Repository/Endorsement_OR/txtfield_EXIMATED_VALUATION_UW'

2018-02-22 16:03:07 - [MESSAGE][PASSED] - Delayed 4 second(s)

2018-02-22 16:03:13 - [MESSAGE][PASSED] - Object: 'Object Repository/Endorsement_OR/drp_CONSTRUCTION_TYPE_UW' is clicked on

2018-02-22 16:03:13 - [MESSAGE][PASSED] - All options with index in [3] are selected on object 'Object Repository/Endorsement_OR/drp_CONSTRUCTION_TYPE_UW'

2018-02-22 16:03:17 - [MESSAGE][PASSED] - Delayed 4 second(s)

2018-02-22 16:03:22 - [MESSAGE][PASSED] - Object: 'Object Repository/Endorsement_OR/btn_UPDATE_ENDORSEMENT_PROPERTY_UW' is clicked on

2018-02-22 16:03:26 - [MESSAGE][PASSED] - Delayed 4 second(s)

2018-02-22 16:03:26 - [MESSAGE][PASSED] - Text '500000' is set on object 'Object Repository/Endorsement_OR/txtfield_EXIMATED_VALUATION_UW'

2018-02-22 16:03:30 - [MESSAGE][PASSED] - Delayed 4 second(s)

2018-02-22 16:03:30 - [MESSAGE][PASSED] - Object: 'Object Repository/Endorsement_OR/btn_UPDATE_ENDORSEMENT_PROPERTY_UW' is clicked on

2018-02-22 16:03:34 - [MESSAGE][PASSED] - Delayed 4 second(s)

2018-02-22 16:03:35 - [MESSAGE][PASSED] - Object: 'Object Repository/Endorsement_OR/btn_RECALCULATE_UW' is clicked on

2018-02-22 16:03:39 - [MESSAGE][PASSED] - Delayed 4 second(s)

2018-02-22 16:03:39 - [MESSAGE][PASSED] - Object: 'Object Repository/Endorsement_OR/btn_GENERATE_FORMS_UW' is clicked on

2018-02-22 16:03:43 - [MESSAGE][PASSED] - Delayed 4 second(s)

2018-02-22 16:03:43 - [MESSAGE][PASSED] - Object: 'Object Repository/Endorsement_OR/btn_APPROVE_ENDORSEMENT' is clicked on

2018-02-22 16:03:49 - [MESSAGE][PASSED] - Delayed 6 second(s)

2018-02-22 16:03:49 - [MESSAGE][PASSED] - Object: 'Object Repository/Endorsement_OR/chkbx_HOMEOWNER_END_FORM' is clicked on

2018-02-22 16:03:53 - [MESSAGE][PASSED] - Delayed 4 second(s)

2018-02-22 16:03:53 - [MESSAGE][PASSED] - Object: 'Object Repository/Endorsement_OR/chkbx_HOMEOWNER_END_FORM' is clicked on

2018-02-22 16:03:57 - [MESSAGE][PASSED] - Delayed 4 second(s)

2018-02-22 16:03:57 - [MESSAGE][PASSED] - Object: 'Object Repository/Endorsement_OR/btn_FILLDATA_HOMEOWNER_END_FORM' is clicked on

2018-02-22 16:04:07 - [MESSAGE][PASSED] - Delayed 10 second(s)

2018-02-22 16:04:08 - [MESSAGE][PASSED] - Text 'Testing' is set on object 'Object Repository/Endorsement_OR/txtfield_HOMEOWNER_END_FORM'

2018-02-22 16:04:12 - [MESSAGE][PASSED] - Delayed 4 second(s)

2018-02-22 16:04:12 - [MESSAGE][PASSED] - Object: 'Object Repository/Endorsement_OR/btn_SUBMIT_HOMEOWNER_END_FORM' is clicked on

2018-02-22 16:04:16 - [MESSAGE][PASSED] - Delayed 4 second(s)

2018-02-22 16:04:16 - [MESSAGE][PASSED] - Object: 'Object Repository/Endorsement_OR/btn_VIEW_DRAFT_END' is clicked on

2018-02-22 16:04:20 - [MESSAGE][PASSED] - Delayed 4 second(s)

2018-02-22 16:04:20 - [MESSAGE][PASSED] - Object: 'Object Repository/Endorsement_OR/btn_APPROVE_ENDORSEMENT' is clicked on

2018-02-22 16:06:00 - [MESSAGE][PASSED] - Delayed 100 second(s)

2018-02-22 16:06:01 - [MESSAGE][PASSED] - Object: 'Object Repository/Endorsement_OR/btn_LOGOUT_UW' is clicked on

2018-02-22 16:06:11 - [MESSAGE][PASSED] - Delayed 10 second(s)

2018-02-22 16:06:11 - [MESSAGE][PASSED] - com.PPE.Endorsement_UW.EndorsementByUW is PASSED]]></system-out>
         <system-err><![CDATA[]]></system-err>
      </testcase>
      <testcase name="Test Cases/Agent Endorsment Req/Agent END" classname="Test Cases/Agent Endorsment Req/Agent END" status="PASSED">
         <system-out><![CDATA[2018-02-22 16:06:11 - [TEST_CASE][PASSED] - Test Cases/Agent Endorsment Req/Agent END: Test Cases/Agent Endorsment Req/Agent END

2018-02-22 16:06:11 - [TEST_STEP][PASSED] - com.PPE.Endorsement_Agent.EndorsementByUW: com.PPE.Endorsement_Agent.EndorsementByUW is PASSED

2018-02-22 16:06:12 - [MESSAGE][PASSED] - Text 'ih.va1' is set on object 'Object Repository/Quote_OR/txtfield_USERNAME'

2018-02-22 16:06:12 - [MESSAGE][PASSED] - Text '10#Hammer' is set on object 'Object Repository/Quote_OR/txtfield_PASSWORD'

2018-02-22 16:06:14 - [MESSAGE][PASSED] - Object: 'Object Repository/Quote_OR/btn-LOGIN' is clicked on

2018-02-22 16:06:29 - [MESSAGE][PASSED] - Delayed 15 second(s)

2018-02-22 16:06:29 - [MESSAGE][PASSED] - Object: 'Object Repository/Application_OR/btn_UW_APPLICATION_STATUS_MENU' is clicked on

2018-02-22 16:06:34 - [MESSAGE][PASSED] - Delayed 5 second(s)

2018-02-22 16:06:36 - [MESSAGE][PASSED] - Object: 'Object Repository/Endorsement_OR/btn_YES_CONFIRMATION_ENDORSEMENT' is clicked on

2018-02-22 16:06:56 - [MESSAGE][PASSED] - Delayed 20 second(s)

2018-02-22 16:06:56 - [MESSAGE][PASSED] - Object: 'Object Repository/Endorsement_OR/btn_ADVANCE_FILTER' is clicked on

2018-02-22 16:07:00 - [MESSAGE][PASSED] - Delayed 4 second(s)

2018-02-22 16:07:00 - [MESSAGE][PASSED] - Text '1727 S Pollard St, Arlington, VA 22204, USA' is set on object 'Object Repository/Endorsement_OR/txtfield_AdvanceFilter_PROPERTY_ADDRESS'

2018-02-22 16:07:15 - [MESSAGE][PASSED] - Delayed 15 second(s)

2018-02-22 16:07:15 - [MESSAGE][PASSED] - Object: 'Object Repository/Endorsement_OR/btn_APPLY_Advance_Filter' is clicked on

2018-02-22 16:07:33 - [MESSAGE][PASSED] - Delayed 18 second(s)

2018-02-22 16:07:33 - [MESSAGE][PASSED] - Text of object 'Object Repository/ENDORSEMENT_AGENT_OR/get_POLICYNUMBER' is: 'BCIHVA1800012'

2018-02-22 16:07:38 - [MESSAGE][PASSED] - Delayed 5 second(s)

2018-02-22 16:07:38 - [MESSAGE][PASSED] - Object: 'Object Repository/Endorsement_OR/btn_ENDORSEMENT_MENU' is clicked on

2018-02-22 16:07:42 - [MESSAGE][PASSED] - Delayed 3 second(s)

2018-02-22 16:07:42 - [MESSAGE][PASSED] - Object: 'Object Repository/Endorsement_OR/btn_YES_CONFIRMATION_ENDORSEMENT' is clicked on

2018-02-22 16:07:43 - [MESSAGE][PASSED] - Text 'BCIHVA1800012' is set on object 'Object Repository/Endorsement_OR/txtfield_POLICYNUMBER_FOR_ENDORSEMENT'

2018-02-22 16:07:49 - [MESSAGE][PASSED] - Delayed 6 second(s)

2018-02-22 16:07:49 - [MESSAGE][PASSED] - Object: 'Object Repository/Endorsement_OR/btn_SEARCH_FOR_ENDORSEMENT' is clicked on

2018-02-22 16:07:59 - [MESSAGE][PASSED] - Delayed 10 second(s)

2018-02-22 16:08:00 - [MESSAGE][PASSED] - Object: 'Object Repository/Endorsement_OR/btn_ENDORSE_UW' is clicked on

2018-02-22 16:08:06 - [MESSAGE][PASSED] - Delayed 6 second(s)

2018-02-22 16:08:06 - [MESSAGE][PASSED] - Object: 'Object Repository/Endorsement_OR/btn_EDIT_COVERAGE_UW' is clicked on

2018-02-22 16:08:10 - [MESSAGE][PASSED] - Delayed 4 second(s)

2018-02-22 16:08:10 - [MESSAGE][PASSED] - Object: 'Object Repository/ENDORSEMENT_AGENT_OR/drp_PERSONAL_PROPERTY' is clicked on

2018-02-22 16:08:13 - [MESSAGE][PASSED] - Delayed 3 second(s)

2018-02-22 16:08:14 - [MESSAGE][PASSED] - All options with value '35' are selected in object 'Object Repository/ENDORSEMENT_AGENT_OR/drp_PERSONAL_PROPERTY' 

2018-02-22 16:08:18 - [MESSAGE][PASSED] - Delayed 4 second(s)

2018-02-22 16:08:18 - [MESSAGE][PASSED] - Object: 'Object Repository/Endorsement_OR/btn_UPDATE_COVERAGE_UW' is clicked on

2018-02-22 16:08:18 - [MESSAGE][PASSED] - Browser is scrolled to position x = 0, y = 50

2018-02-22 16:08:18 - [MESSAGE][PASSED] - Object: 'Object Repository/ENDORSEMENT_AGENT_OR/btn_EDIT_CLAIM_Details' is clicked on

2018-02-22 16:08:22 - [MESSAGE][PASSED] - Delayed 4 second(s)

2018-02-22 16:08:22 - [MESSAGE][PASSED] - Object: 'Object Repository/ENDORSEMENT_AGENT_OR/drp_NUMOFCLAIMS' is clicked on

2018-02-22 16:08:26 - [MESSAGE][PASSED] - Delayed 4 second(s)

2018-02-22 16:08:26 - [MESSAGE][PASSED] - All options with value '1' are selected in object 'Object Repository/ENDORSEMENT_AGENT_OR/drp_NUMOFCLAIMS' 

2018-02-22 16:08:30 - [MESSAGE][PASSED] - Delayed 4 second(s)

2018-02-22 16:08:31 - [MESSAGE][PASSED] - Object: 'Object Repository/ENDORSEMENT_AGENT_OR/btn-UPDATE_NUMOFCLAIMS' is clicked on

2018-02-22 16:08:35 - [MESSAGE][PASSED] - Delayed 4 second(s)

2018-02-22 16:08:35 - [MESSAGE][PASSED] - Text '01/03/2017' is set on object 'Object Repository/ENDORSEMENT_AGENT_OR/txtfield-DATE_OF_LOSS_CLAIM'

2018-02-22 16:08:35 - [MESSAGE][PASSED] - Text '50000' is set on object 'Object Repository/ENDORSEMENT_AGENT_OR/txtfield-LOSSAMOUNT_CLAIM'

2018-02-22 16:08:35 - [MESSAGE][PASSED] - All options with value '2' are selected in object 'Object Repository/ENDORSEMENT_AGENT_OR/drp-TYPEOFINCIDENT' 

2018-02-22 16:08:39 - [MESSAGE][PASSED] - Delayed 4 second(s)

2018-02-22 16:08:39 - [MESSAGE][PASSED] - Browser is scrolled to position x = 0, y = 50

2018-02-22 16:08:40 - [MESSAGE][PASSED] - Object: 'Object Repository/ENDORSEMENT_AGENT_OR/btn-UPDATE_NUMOFCLAIMS' is clicked on

2018-02-22 16:08:48 - [MESSAGE][PASSED] - Delayed 8 second(s)

2018-02-22 16:08:48 - [MESSAGE][PASSED] - Object: 'Object Repository/Endorsement_OR/btn_RECALCULATE_UW' is clicked on

2018-02-22 16:08:51 - [MESSAGE][PASSED] - Delayed 3 second(s)

2018-02-22 16:08:51 - [MESSAGE][PASSED] - Text of object 'Object Repository/Generic_OR/get_INSURED_NAME' is: 'PhillipsBush Hussy Pattinsoin'

2018-02-22 16:08:51 - [MESSAGE][PASSED] - Attribute 'value' of object 'Object Repository/Generic_OR/hdnPolicyInfoId' is: '3229'

2018-02-22 16:08:51 - [MESSAGE][PASSED] - Object: 'Object Repository/ENDORSEMENT_AGENT_OR/btn_INSURED_SIGNATURE' is clicked on

2018-02-22 16:08:54 - [MESSAGE][PASSED] - Delayed 3 second(s)

2018-02-22 16:08:54 - [MESSAGE][PASSED] - Object: 'Object Repository/Application_OR/txtbx_INSURED_SIGNATURE' is clicked on

2018-02-22 16:08:56 - [MESSAGE][PASSED] - Delayed 2 second(s)

2018-02-22 16:08:57 - [MESSAGE][PASSED] - Text 'PhillipsBush Hussy Pattinsoin' is set on object 'Object Repository/Application_OR/txtbx_INSURED_SIGNATURE'

2018-02-22 16:08:59 - [MESSAGE][PASSED] - Delayed 2 second(s)

2018-02-22 16:08:59 - [MESSAGE][PASSED] - Object: 'Object Repository/Application_OR/btn_SUBMIT_INSURED_SIGNATURE' is clicked on

2018-02-22 16:08:59 - [MESSAGE][PASSED] - com.PPE.Endorsement_Agent.EndorsementByUW is PASSED

2018-02-22 16:08:59 - [TEST_STEP][PASSED] - Statement - otpQueryEND = "SELECT TOP 1 OtpGenerated FROM PPE_ApplicationForms_trn where PolicyInfoId = " + policyInfoId + " Order BY ModifiedDateTime DESC": null

2018-02-22 16:08:59 - [TEST_STEP][PASSED] - Statement - println("otpQuery" + " " + otpQueryEND): null

2018-02-22 16:08:59 - [TEST_STEP][PASSED] - com.PPE.Database_Connection.connectDB: com.PPE.Database_Connection.connectDB is PASSED

2018-02-22 16:09:00 - [MESSAGE][PASSED] - com.PPE.Database_Connection.connectDB is PASSED

2018-02-22 16:09:00 - [TEST_STEP][PASSED] - Statement - recordset1 = CustomKeywords.com.PPE.Database_Connection.executeQuery(otpQueryEND): com.PPE.Database_Connection.executeQuery is PASSED

2018-02-22 16:09:00 - [MESSAGE][PASSED] - com.PPE.Database_Connection.executeQuery is PASSED

2018-02-22 16:09:00 - [TEST_STEP][PASSED] - Statement - otpEndorsement = 0: null

2018-02-22 16:09:00 - [TEST_STEP][PASSED] - Statement - While (recordset1.next()): null

2018-02-22 16:09:00 - [TEST_STEP][PASSED] - Statement - otpEndorsement = recordset1.getObject("OtpGenerated"): null

2018-02-22 16:09:00 - [TEST_STEP][PASSED] - Statement - println("otp" + " " + otpEndorsement): null

2018-02-22 16:09:00 - [TEST_STEP][PASSED] - delay: Delayed 10 second(s)

2018-02-22 16:09:10 - [MESSAGE][PASSED] - Delayed 10 second(s)

2018-02-22 16:09:10 - [TEST_STEP][PASSED] - Statement - txtOtp = com.kms.katalon.core.testobject.ObjectRepository.findTestObject(Application_OR/txtfield-OTP): Finding Test Object with id 'Object Repository/Application_OR/txtfield-OTP'

2018-02-22 16:09:10 - [TEST_STEP][PASSED] - setText: Text '6131' is set on object 'Object Repository/Application_OR/txtfield-OTP'

2018-02-22 16:09:10 - [MESSAGE][PASSED] - Text '6131' is set on object 'Object Repository/Application_OR/txtfield-OTP'

2018-02-22 16:09:10 - [TEST_STEP][PASSED] - delay: Delayed 1 second(s)

2018-02-22 16:09:11 - [MESSAGE][PASSED] - Delayed 1 second(s)

2018-02-22 16:09:11 - [TEST_STEP][PASSED] - click: Object: 'Object Repository/Application_OR/btn_OTP_VERIFY' is clicked on

2018-02-22 16:09:11 - [MESSAGE][PASSED] - Object: 'Object Repository/Application_OR/btn_OTP_VERIFY' is clicked on

2018-02-22 16:09:11 - [TEST_STEP][PASSED] - delay: Delayed 5 second(s)

2018-02-22 16:09:16 - [MESSAGE][PASSED] - Delayed 5 second(s)

2018-02-22 16:09:16 - [TEST_STEP][PASSED] - click: Object: 'Object Repository/Application_OR/btn_SUBMIT_FOR_UW_APPROVAL' is clicked on

2018-02-22 16:09:16 - [MESSAGE][PASSED] - Object: 'Object Repository/Application_OR/btn_SUBMIT_FOR_UW_APPROVAL' is clicked on

2018-02-22 16:09:16 - [TEST_STEP][PASSED] - delay: Delayed 15 second(s)

2018-02-22 16:09:31 - [MESSAGE][PASSED] - Delayed 15 second(s)

2018-02-22 16:09:31 - [TEST_STEP][PASSED] - click: Object: 'Object Repository/Application_OR/btn_LOGOUT' is clicked on

2018-02-22 16:09:32 - [MESSAGE][PASSED] - Object: 'Object Repository/Application_OR/btn_LOGOUT' is clicked on

2018-02-22 16:09:32 - [TEST_STEP][PASSED] - delay: Delayed 10 second(s)

2018-02-22 16:09:42 - [MESSAGE][PASSED] - Delayed 10 second(s)]]></system-out>
         <system-err><![CDATA[]]></system-err>
      </testcase>
      <testcase name="Test Cases/Endorsement Approval/END Appproval" classname="Test Cases/Endorsement Approval/END Appproval" status="PASSED">
         <system-out><![CDATA[2018-02-22 16:09:43 - [TEST_CASE][PASSED] - Test Cases/Endorsement Approval/END Appproval: Test Cases/Endorsement Approval/END Appproval

2018-02-22 16:09:43 - [TEST_STEP][PASSED] - com.PPE.Endorsement_Approval.EndorsementApprovedUW: com.PPE.Endorsement_Approval.EndorsementApprovedUW is PASSED

2018-02-22 16:09:43 - [MESSAGE][PASSED] - Text 'ih.william' is set on object 'Object Repository/Quote_OR/txtfield_USERNAME'

2018-02-22 16:09:43 - [MESSAGE][PASSED] - Text '10#Hammer' is set on object 'Object Repository/Quote_OR/txtfield_PASSWORD'

2018-02-22 16:09:45 - [MESSAGE][PASSED] - Object: 'Object Repository/Quote_OR/btn-LOGIN' is clicked on

2018-02-22 16:09:50 - [MESSAGE][PASSED] - Delayed 5 second(s)

2018-02-22 16:10:10 - [MESSAGE][PASSED] - Delayed 20 second(s)

2018-02-22 16:10:12 - [MESSAGE][PASSED] - Object: 'btnViewApplication' is clicked on

2018-02-22 16:10:20 - [MESSAGE][PASSED] - Delayed 8 second(s)

2018-02-22 16:10:20 - [MESSAGE][PASSED] - Object: 'Object Repository/Endorsement_OR/btn_GENERATE_FORMS_UW' is clicked on

2018-02-22 16:10:24 - [MESSAGE][PASSED] - Delayed 4 second(s)

2018-02-22 16:10:24 - [MESSAGE][PASSED] - Object: 'Object Repository/Endorsement_OR/chkbx_HOMEOWNER_END_FORM' is clicked on

2018-02-22 16:10:28 - [MESSAGE][PASSED] - Delayed 4 second(s)

2018-02-22 16:10:29 - [MESSAGE][PASSED] - Object: 'Object Repository/Endorsement_OR/btn_APPROVE_ENDORSEMENT' is clicked on

2018-02-22 16:11:49 - [MESSAGE][PASSED] - Delayed 80 second(s)

2018-02-22 16:11:49 - [MESSAGE][PASSED] - com.PPE.Endorsement_Approval.EndorsementApprovedUW is PASSED]]></system-out>
         <system-err><![CDATA[]]></system-err>
      </testcase>
      <testcase name="Test Cases/UW Cancellation/UW CAN" classname="Test Cases/UW Cancellation/UW CAN" status="FAILED">
         <failure type="FAILED" message="Unable to click on object 'Object Repository/Endorsement_OR/btn_LOGOUT_UW' (Root cause: org.openqa.selenium.WebDriverException: unknown error: Element &lt;a href=&quot;/PPE.Test/login/Logout&quot; id=&quot;lnkLogout&quot;>...&lt;/a> is not clickable at point (1312, 13). Other element would receive the click: &lt;div class=&quot;modalLoader&quot;>...&lt;/div>
  (Session info: chrome=63.0.3239.132)
  (Driver info: chromedriver=2.33.506120 (e3e53437346286c0bc2d2dc9aa4915ba81d9023f),platform=Windows NT 6.1.7601 SP1 x86_64) (WARNING: The server did not provide any stacktrace information)
Command duration or timeout: 48 milliseconds
Build info: version: '2.53.0', revision: '35ae25b', time: '2016-03-15 17:00:58'
System info: host: 'CTS-QUA-4', ip: '192.168.0.4', os.name: 'Windows 7', os.arch: 'amd64', os.version: '6.1', java.version: '1.8.0_102'
Driver info: com.kms.katalon.selenium.driver.CChromeDriver
Capabilities [{applicationCacheEnabled=false, rotatable=false, mobileEmulationEnabled=false, networkConnectionEnabled=false, chrome={chromedriverVersion=2.33.506120 (e3e53437346286c0bc2d2dc9aa4915ba81d9023f), userDataDir=C:\Users\GSALUN~1\AppData\Local\Temp\scoped_dir9996_30866}, takesHeapSnapshot=true, pageLoadStrategy=normal, databaseEnabled=false, handlesAlerts=true, hasTouchScreen=false, version=63.0.3239.132, platform=XP, browserConnectionEnabled=false, nativeEvents=true, acceptSslCerts=true, locationContextEnabled=true, webStorageEnabled=true, browserName=chrome, takesScreenshot=true, javascriptEnabled=true, cssSelectorsEnabled=true, setWindowRect=true, unexpectedAlertBehaviour=}]
Session ID: 17414f84accb444d71d3dcbac6b2bbb8)"/>
         <system-out><![CDATA[2018-02-22 16:11:49 - [TEST_CASE][FAILED] - Test Cases/UW Cancellation/UW CAN: Test Cases/UW Cancellation/UW CAN FAILED because (of) Unable to click on object 'Object Repository/Endorsement_OR/btn_LOGOUT_UW' (Root cause: org.openqa.selenium.WebDriverException: unknown error: Element <a href="/PPE.Test/login/Logout" id="lnkLogout">...</a> is not clickable at point (1312, 13). Other element would receive the click: <div class="modalLoader">...</div>
  (Session info: chrome=63.0.3239.132)
  (Driver info: chromedriver=2.33.506120 (e3e53437346286c0bc2d2dc9aa4915ba81d9023f),platform=Windows NT 6.1.7601 SP1 x86_64) (WARNING: The server did not provide any stacktrace information)
Command duration or timeout: 48 milliseconds
Build info: version: '2.53.0', revision: '35ae25b', time: '2016-03-15 17:00:58'
System info: host: 'CTS-QUA-4', ip: '192.168.0.4', os.name: 'Windows 7', os.arch: 'amd64', os.version: '6.1', java.version: '1.8.0_102'
Driver info: com.kms.katalon.selenium.driver.CChromeDriver
Capabilities [{applicationCacheEnabled=false, rotatable=false, mobileEmulationEnabled=false, networkConnectionEnabled=false, chrome={chromedriverVersion=2.33.506120 (e3e53437346286c0bc2d2dc9aa4915ba81d9023f), userDataDir=C:\Users\GSALUN~1\AppData\Local\Temp\scoped_dir9996_30866}, takesHeapSnapshot=true, pageLoadStrategy=normal, databaseEnabled=false, handlesAlerts=true, hasTouchScreen=false, version=63.0.3239.132, platform=XP, browserConnectionEnabled=false, nativeEvents=true, acceptSslCerts=true, locationContextEnabled=true, webStorageEnabled=true, browserName=chrome, takesScreenshot=true, javascriptEnabled=true, cssSelectorsEnabled=true, setWindowRect=true, unexpectedAlertBehaviour=}]
Session ID: 17414f84accb444d71d3dcbac6b2bbb8)

2018-02-22 16:11:49 - [TEST_STEP][FAILED] - com.PPE.Cancellation_UW.CancellationByUW: Unable to click on object 'Object Repository/Endorsement_OR/btn_LOGOUT_UW' (Root cause: org.openqa.selenium.WebDriverException: unknown error: Element <a href="/PPE.Test/login/Logout" id="lnkLogout">...</a> is not clickable at point (1312, 13). Other element would receive the click: <div class="modalLoader">...</div>
  (Session info: chrome=63.0.3239.132)
  (Driver info: chromedriver=2.33.506120 (e3e53437346286c0bc2d2dc9aa4915ba81d9023f),platform=Windows NT 6.1.7601 SP1 x86_64) (WARNING: The server did not provide any stacktrace information)
Command duration or timeout: 48 milliseconds
Build info: version: '2.53.0', revision: '35ae25b', time: '2016-03-15 17:00:58'
System info: host: 'CTS-QUA-4', ip: '192.168.0.4', os.name: 'Windows 7', os.arch: 'amd64', os.version: '6.1', java.version: '1.8.0_102'
Driver info: com.kms.katalon.selenium.driver.CChromeDriver
Capabilities [{applicationCacheEnabled=false, rotatable=false, mobileEmulationEnabled=false, networkConnectionEnabled=false, chrome={chromedriverVersion=2.33.506120 (e3e53437346286c0bc2d2dc9aa4915ba81d9023f), userDataDir=C:\Users\GSALUN~1\AppData\Local\Temp\scoped_dir9996_30866}, takesHeapSnapshot=true, pageLoadStrategy=normal, databaseEnabled=false, handlesAlerts=true, hasTouchScreen=false, version=63.0.3239.132, platform=XP, browserConnectionEnabled=false, nativeEvents=true, acceptSslCerts=true, locationContextEnabled=true, webStorageEnabled=true, browserName=chrome, takesScreenshot=true, javascriptEnabled=true, cssSelectorsEnabled=true, setWindowRect=true, unexpectedAlertBehaviour=}]
Session ID: 17414f84accb444d71d3dcbac6b2bbb8)

2018-02-22 16:11:49 - [MESSAGE][PASSED] - Text of object 'Object Repository/Endorsement_OR/get_POLICYNUMBER' is: 'BCIHVA1800012'

2018-02-22 16:11:53 - [MESSAGE][PASSED] - Delayed 4 second(s)

2018-02-22 16:11:53 - [MESSAGE][PASSED] - Object: 'Object Repository/CANCELLATION_BY_UW/menu_CANCELLATION' is clicked on

2018-02-22 16:11:57 - [MESSAGE][PASSED] - Delayed 4 second(s)

2018-02-22 16:11:59 - [MESSAGE][PASSED] - Object: 'Object Repository/Endorsement_OR/btn_YES_CONFIRMATION_ENDORSEMENT' is clicked on

2018-02-22 16:12:05 - [MESSAGE][PASSED] - Delayed 6 second(s)

2018-02-22 16:12:05 - [MESSAGE][PASSED] - Text 'BCIHVA1800012' is set on object 'Object Repository/Endorsement_OR/txtfield_POLICYNUMBER_FOR_ENDORSEMENT'

2018-02-22 16:12:11 - [MESSAGE][PASSED] - Delayed 6 second(s)

2018-02-22 16:12:11 - [MESSAGE][PASSED] - Object: 'Object Repository/Endorsement_OR/btn_SEARCH_FOR_ENDORSEMENT' is clicked on

2018-02-22 16:12:21 - [MESSAGE][PASSED] - Delayed 10 second(s)

2018-02-22 16:12:21 - [MESSAGE][PASSED] - Object: 'Object Repository/CANCELLATION_BY_UW/btn_CANCEL_POLICY' is clicked on

2018-02-22 16:12:27 - [MESSAGE][PASSED] - Delayed 6 second(s)

2018-02-22 16:12:33 - [MESSAGE][PASSED] - Delayed 6 second(s)

2018-02-22 16:12:33 - [MESSAGE][PASSED] - Object: 'Object Repository/CANCELLATION_BY_UW/txtfield_CANCELLATION_EFFECTIVE_DATE' is clicked on

2018-02-22 16:12:36 - [MESSAGE][PASSED] - Delayed 3 second(s)

2018-02-22 16:12:37 - [MESSAGE][PASSED] - Text '03/22/2018' is set on object 'Object Repository/CANCELLATION_BY_UW/txtfield_CANCELLATION_EFFECTIVE_DATE'

2018-02-22 16:12:42 - [MESSAGE][PASSED] - Delayed 5 second(s)

2018-02-22 16:12:42 - [MESSAGE][PASSED] - Object: 'Object Repository/CANCELLATION_BY_UW/btn_SUBMIT_CANCELLATION' is clicked on

2018-02-22 16:12:57 - [MESSAGE][PASSED] - Delayed 15 second(s)

2018-02-22 16:12:57 - [MESSAGE][PASSED] - Object: 'Object Repository/CANCELLATION_BY_UW/btn_APPROVE_CANCELLATION' is clicked on

2018-02-22 16:12:58 - [MESSAGE][PASSED] - Delayed 1 second(s)

2018-02-22 16:12:58 - [MESSAGE][PASSED] - Object: 'Object Repository/Endorsement_OR/btn_YES_CONFIRMATION_ENDORSEMENT' is clicked on

2018-02-22 16:13:08 - [MESSAGE][PASSED] - Delayed 10 second(s)

2018-02-22 16:13:09 - [MESSAGE][FAILED] - Unable to click on object 'Object Repository/Endorsement_OR/btn_LOGOUT_UW' (Root cause: org.openqa.selenium.WebDriverException: unknown error: Element <a href="/PPE.Test/login/Logout" id="lnkLogout">...</a> is not clickable at point (1312, 13). Other element would receive the click: <div class="modalLoader">...</div>
  (Session info: chrome=63.0.3239.132)
  (Driver info: chromedriver=2.33.506120 (e3e53437346286c0bc2d2dc9aa4915ba81d9023f),platform=Windows NT 6.1.7601 SP1 x86_64) (WARNING: The server did not provide any stacktrace information)
Command duration or timeout: 48 milliseconds
Build info: version: '2.53.0', revision: '35ae25b', time: '2016-03-15 17:00:58'
System info: host: 'CTS-QUA-4', ip: '192.168.0.4', os.name: 'Windows 7', os.arch: 'amd64', os.version: '6.1', java.version: '1.8.0_102'
Driver info: com.kms.katalon.selenium.driver.CChromeDriver
Capabilities [{applicationCacheEnabled=false, rotatable=false, mobileEmulationEnabled=false, networkConnectionEnabled=false, chrome={chromedriverVersion=2.33.506120 (e3e53437346286c0bc2d2dc9aa4915ba81d9023f), userDataDir=C:\Users\GSALUN~1\AppData\Local\Temp\scoped_dir9996_30866}, takesHeapSnapshot=true, pageLoadStrategy=normal, databaseEnabled=false, handlesAlerts=true, hasTouchScreen=false, version=63.0.3239.132, platform=XP, browserConnectionEnabled=false, nativeEvents=true, acceptSslCerts=true, locationContextEnabled=true, webStorageEnabled=true, browserName=chrome, takesScreenshot=true, javascriptEnabled=true, cssSelectorsEnabled=true, setWindowRect=true, unexpectedAlertBehaviour=}]
Session ID: 17414f84accb444d71d3dcbac6b2bbb8)
[[ATTACHMENT|D:\\Katalon_Practice_Workspace\\Katalon_PPE_GANESH\\Reports\\PPE\\20180222_155229\\1519296188730.png]]

2018-02-22 16:13:09 - [MESSAGE][FAILED] - Unable to click on object 'Object Repository/Endorsement_OR/btn_LOGOUT_UW' (Root cause: org.openqa.selenium.WebDriverException: unknown error: Element <a href="/PPE.Test/login/Logout" id="lnkLogout">...</a> is not clickable at point (1312, 13). Other element would receive the click: <div class="modalLoader">...</div>
  (Session info: chrome=63.0.3239.132)
  (Driver info: chromedriver=2.33.506120 (e3e53437346286c0bc2d2dc9aa4915ba81d9023f),platform=Windows NT 6.1.7601 SP1 x86_64) (WARNING: The server did not provide any stacktrace information)
Command duration or timeout: 48 milliseconds
Build info: version: '2.53.0', revision: '35ae25b', time: '2016-03-15 17:00:58'
System info: host: 'CTS-QUA-4', ip: '192.168.0.4', os.name: 'Windows 7', os.arch: 'amd64', os.version: '6.1', java.version: '1.8.0_102'
Driver info: com.kms.katalon.selenium.driver.CChromeDriver
Capabilities [{applicationCacheEnabled=false, rotatable=false, mobileEmulationEnabled=false, networkConnectionEnabled=false, chrome={chromedriverVersion=2.33.506120 (e3e53437346286c0bc2d2dc9aa4915ba81d9023f), userDataDir=C:\Users\GSALUN~1\AppData\Local\Temp\scoped_dir9996_30866}, takesHeapSnapshot=true, pageLoadStrategy=normal, databaseEnabled=false, handlesAlerts=true, hasTouchScreen=false, version=63.0.3239.132, platform=XP, browserConnectionEnabled=false, nativeEvents=true, acceptSslCerts=true, locationContextEnabled=true, webStorageEnabled=true, browserName=chrome, takesScreenshot=true, javascriptEnabled=true, cssSelectorsEnabled=true, setWindowRect=true, unexpectedAlertBehaviour=}]
Session ID: 17414f84accb444d71d3dcbac6b2bbb8)]]></system-out>
         <system-err><![CDATA[2018-02-22 16:11:49 - [TEST_CASE][FAILED] - Test Cases/UW Cancellation/UW CAN: Test Cases/UW Cancellation/UW CAN FAILED because (of) Unable to click on object 'Object Repository/Endorsement_OR/btn_LOGOUT_UW' (Root cause: org.openqa.selenium.WebDriverException: unknown error: Element <a href="/PPE.Test/login/Logout" id="lnkLogout">...</a> is not clickable at point (1312, 13). Other element would receive the click: <div class="modalLoader">...</div>
  (Session info: chrome=63.0.3239.132)
  (Driver info: chromedriver=2.33.506120 (e3e53437346286c0bc2d2dc9aa4915ba81d9023f),platform=Windows NT 6.1.7601 SP1 x86_64) (WARNING: The server did not provide any stacktrace information)
Command duration or timeout: 48 milliseconds
Build info: version: '2.53.0', revision: '35ae25b', time: '2016-03-15 17:00:58'
System info: host: 'CTS-QUA-4', ip: '192.168.0.4', os.name: 'Windows 7', os.arch: 'amd64', os.version: '6.1', java.version: '1.8.0_102'
Driver info: com.kms.katalon.selenium.driver.CChromeDriver
Capabilities [{applicationCacheEnabled=false, rotatable=false, mobileEmulationEnabled=false, networkConnectionEnabled=false, chrome={chromedriverVersion=2.33.506120 (e3e53437346286c0bc2d2dc9aa4915ba81d9023f), userDataDir=C:\Users\GSALUN~1\AppData\Local\Temp\scoped_dir9996_30866}, takesHeapSnapshot=true, pageLoadStrategy=normal, databaseEnabled=false, handlesAlerts=true, hasTouchScreen=false, version=63.0.3239.132, platform=XP, browserConnectionEnabled=false, nativeEvents=true, acceptSslCerts=true, locationContextEnabled=true, webStorageEnabled=true, browserName=chrome, takesScreenshot=true, javascriptEnabled=true, cssSelectorsEnabled=true, setWindowRect=true, unexpectedAlertBehaviour=}]
Session ID: 17414f84accb444d71d3dcbac6b2bbb8)]]></system-err>
      </testcase>
      <system-out><![CDATA[2018-02-22 15:52:30 - [TEST_SUITE][FAILED] - PPE: Test Cases/UW Cancellation/UW CAN FAILED because (of) Unable to click on object 'Object Repository/Endorsement_OR/btn_LOGOUT_UW' (Root cause: org.openqa.selenium.WebDriverException: unknown error: Element <a href="/PPE.Test/login/Logout" id="lnkLogout">...</a> is not clickable at point (1312, 13). Other element would receive the click: <div class="modalLoader">...</div>
  (Session info: chrome=63.0.3239.132)
  (Driver info: chromedriver=2.33.506120 (e3e53437346286c0bc2d2dc9aa4915ba81d9023f),platform=Windows NT 6.1.7601 SP1 x86_64) (WARNING: The server did not provide any stacktrace information)
Command duration or timeout: 48 milliseconds
Build info: version: '2.53.0', revision: '35ae25b', time: '2016-03-15 17:00:58'
System info: host: 'CTS-QUA-4', ip: '192.168.0.4', os.name: 'Windows 7', os.arch: 'amd64', os.version: '6.1', java.version: '1.8.0_102'
Driver info: com.kms.katalon.selenium.driver.CChromeDriver
Capabilities [{applicationCacheEnabled=false, rotatable=false, mobileEmulationEnabled=false, networkConnectionEnabled=false, chrome={chromedriverVersion=2.33.506120 (e3e53437346286c0bc2d2dc9aa4915ba81d9023f), userDataDir=C:\Users\GSALUN~1\AppData\Local\Temp\scoped_dir9996_30866}, takesHeapSnapshot=true, pageLoadStrategy=normal, databaseEnabled=false, handlesAlerts=true, hasTouchScreen=false, version=63.0.3239.132, platform=XP, browserConnectionEnabled=false, nativeEvents=true, acceptSslCerts=true, locationContextEnabled=true, webStorageEnabled=true, browserName=chrome, takesScreenshot=true, javascriptEnabled=true, cssSelectorsEnabled=true, setWindowRect=true, unexpectedAlertBehaviour=}]
Session ID: 17414f84accb444d71d3dcbac6b2bbb8)]]></system-out>
      <system-err><![CDATA[2018-02-22 15:52:30 - [TEST_SUITE][FAILED] - PPE: Test Cases/UW Cancellation/UW CAN FAILED because (of) Unable to click on object 'Object Repository/Endorsement_OR/btn_LOGOUT_UW' (Root cause: org.openqa.selenium.WebDriverException: unknown error: Element <a href="/PPE.Test/login/Logout" id="lnkLogout">...</a> is not clickable at point (1312, 13). Other element would receive the click: <div class="modalLoader">...</div>
  (Session info: chrome=63.0.3239.132)
  (Driver info: chromedriver=2.33.506120 (e3e53437346286c0bc2d2dc9aa4915ba81d9023f),platform=Windows NT 6.1.7601 SP1 x86_64) (WARNING: The server did not provide any stacktrace information)
Command duration or timeout: 48 milliseconds
Build info: version: '2.53.0', revision: '35ae25b', time: '2016-03-15 17:00:58'
System info: host: 'CTS-QUA-4', ip: '192.168.0.4', os.name: 'Windows 7', os.arch: 'amd64', os.version: '6.1', java.version: '1.8.0_102'
Driver info: com.kms.katalon.selenium.driver.CChromeDriver
Capabilities [{applicationCacheEnabled=false, rotatable=false, mobileEmulationEnabled=false, networkConnectionEnabled=false, chrome={chromedriverVersion=2.33.506120 (e3e53437346286c0bc2d2dc9aa4915ba81d9023f), userDataDir=C:\Users\GSALUN~1\AppData\Local\Temp\scoped_dir9996_30866}, takesHeapSnapshot=true, pageLoadStrategy=normal, databaseEnabled=false, handlesAlerts=true, hasTouchScreen=false, version=63.0.3239.132, platform=XP, browserConnectionEnabled=false, nativeEvents=true, acceptSslCerts=true, locationContextEnabled=true, webStorageEnabled=true, browserName=chrome, takesScreenshot=true, javascriptEnabled=true, cssSelectorsEnabled=true, setWindowRect=true, unexpectedAlertBehaviour=}]
Session ID: 17414f84accb444d71d3dcbac6b2bbb8)]]></system-err>
   </testsuite>
</testsuites>
