{"devicePlatform":"","logFolder":"D:\\Katalon_Practice_Workspace\\Katalon_Mitendra\\Reports\\PPE\\20180117_190820","runData":{"hostName":"gsalunkhe - CTS-QUA-4.cogitate.india","os":"Windows 7 64bit","katalonVersion":"5.0.1.1","browser":"Chrome 63.0.3239.132","hostAddress":"192.168.0.4","sessionId":"10da55daf69bde98cdd089c168218d56","seleniumVersion":"2.53.0","proxyInformation":"ProxyInformation{proxyOption\u003dNO_PROXY, proxyServerType\u003dHTTP, password\u003d, proxyServerAddress\u003d, proxyServerPort\u003d0}","platform":"Windows 7"},"type":"TEST_SUITE","name":"PPE","id":"Test Suites/PPE","source":"","message":"Test Cases/QUOTE_CREATION FAILED because (of) Unable to set text \u0027657 Cobb St Athens, GA 30606 USA\u0027 of object \u0027Object Repository/Quote_OR/txtfield_ADDRESS_ON_LANDING_PAGE\u0027 (Root cause: com.kms.katalon.core.webui.exception.WebElementNotFoundException: Web element with id: \u0027Object Repository/Quote_OR/txtfield_ADDRESS_ON_LANDING_PAGE\u0027 located by \u0027By.xpath: //input[count(. | //*[@class \u003d \u0027form-control searchBar\u0027]) \u003d count(//*[@class \u003d \u0027form-control searchBar\u0027])][count(. | //*[@data-val \u003d \u0027true\u0027]) \u003d count(//*[@data-val \u003d \u0027true\u0027])][count(. | //*[@data-val-required \u003d \u0027The formattedAddress field is required.\u0027]) \u003d count(//*[@data-val-required \u003d \u0027The formattedAddress field is required.\u0027])][count(. | //*[@id \u003d \u0027txtAddressAutoComplete\u0027]) \u003d count(//*[@id \u003d \u0027txtAddressAutoComplete\u0027])][count(. | //*[@maxlength \u003d \u0027100\u0027]) \u003d count(//*[@maxlength \u003d \u0027100\u0027])][count(. | //*[@name \u003d \u0027formattedAddress\u0027]) \u003d count(//*[@name \u003d \u0027formattedAddress\u0027])][count(. | //*[@placeholder \u003d \u0027Search address:\u0027]) \u003d count(//*[@placeholder \u003d \u0027Search address:\u0027])][count(. | //*[@type \u003d \u0027text\u0027]) \u003d count(//*[@type \u003d \u0027text\u0027])][count(. | //*[@autocomplete \u003d \u0027off\u0027]) \u003d count(//*[@autocomplete \u003d \u0027off\u0027])][count(. | id(\"txtAddressAutoComplete\")) \u003d count(id(\"txtAddressAutoComplete\"))]\u0027 not found)","description":"","startTime":1516196302263,"endTime":1516196393259,"childRecords":[{"isOptional":false,"type":"TEST_CASE","name":"Test Cases/QUOTE_CREATION","id":"Test Cases/QUOTE_CREATION","source":"D:\\\\Katalon_Practice_Workspace\\\\Katalon_MitendraTest Cases\\\\QUOTE_CREATION.tc","message":"Test Cases/QUOTE_CREATION FAILED because (of) Unable to set text \u0027657 Cobb St Athens, GA 30606 USA\u0027 of object \u0027Object Repository/Quote_OR/txtfield_ADDRESS_ON_LANDING_PAGE\u0027 (Root cause: com.kms.katalon.core.webui.exception.WebElementNotFoundException: Web element with id: \u0027Object Repository/Quote_OR/txtfield_ADDRESS_ON_LANDING_PAGE\u0027 located by \u0027By.xpath: //input[count(. | //*[@class \u003d \u0027form-control searchBar\u0027]) \u003d count(//*[@class \u003d \u0027form-control searchBar\u0027])][count(. | //*[@data-val \u003d \u0027true\u0027]) \u003d count(//*[@data-val \u003d \u0027true\u0027])][count(. | //*[@data-val-required \u003d \u0027The formattedAddress field is required.\u0027]) \u003d count(//*[@data-val-required \u003d \u0027The formattedAddress field is required.\u0027])][count(. | //*[@id \u003d \u0027txtAddressAutoComplete\u0027]) \u003d count(//*[@id \u003d \u0027txtAddressAutoComplete\u0027])][count(. | //*[@maxlength \u003d \u0027100\u0027]) \u003d count(//*[@maxlength \u003d \u0027100\u0027])][count(. | //*[@name \u003d \u0027formattedAddress\u0027]) \u003d count(//*[@name \u003d \u0027formattedAddress\u0027])][count(. | //*[@placeholder \u003d \u0027Search address:\u0027]) \u003d count(//*[@placeholder \u003d \u0027Search address:\u0027])][count(. | //*[@type \u003d \u0027text\u0027]) \u003d count(//*[@type \u003d \u0027text\u0027])][count(. | //*[@autocomplete \u003d \u0027off\u0027]) \u003d count(//*[@autocomplete \u003d \u0027off\u0027])][count(. | id(\"txtAddressAutoComplete\")) \u003d count(id(\"txtAddressAutoComplete\"))]\u0027 not found)","description":"Agent Quote process","startTime":1516196302537,"endTime":1516196343444,"childRecords":[{"testStatus":{"stackTrace":"","statusValue":"INFO"},"type":"MESSAGE","name":"","message":"Evaluating variables for test case","startTime":1516196302698,"endTime":0,"childRecords":[],"interuppted":false},{"index":1,"isIgnoredIfFailed":false,"type":"TEST_STEP","name":"openBrowser","message":"Browser is opened with url: \u0027http://13.90.102.191:8066\u0027","description":"","startTime":1516196303056,"endTime":1516196309937,"childRecords":[{"testStatus":{"stackTrace":"","statusValue":"PASSED"},"type":"MESSAGE","name":"","message":"Browser is opened with url: \u0027http://13.90.102.191:8066\u0027","startTime":1516196309936,"endTime":0,"childRecords":[],"interuppted":false}],"interuppted":false},{"index":2,"isIgnoredIfFailed":false,"type":"TEST_STEP","name":"maximizeWindow","message":"Current window maximized","description":"","startTime":1516196309938,"endTime":1516196311386,"childRecords":[{"testStatus":{"stackTrace":"","statusValue":"PASSED"},"type":"MESSAGE","name":"","message":"Current window maximized","startTime":1516196311385,"endTime":0,"childRecords":[],"interuppted":false}],"interuppted":false},{"index":3,"isIgnoredIfFailed":false,"type":"TEST_STEP","name":"setText","message":"Text \u0027ih.chelms\u0027 is set on object \u0027Object Repository/Quote_OR/txtfield_USERNAME\u0027","description":"","startTime":1516196311388,"endTime":1516196311616,"childRecords":[{"testStatus":{"stackTrace":"","statusValue":"PASSED"},"type":"MESSAGE","name":"","message":"Text \u0027ih.chelms\u0027 is set on object \u0027Object Repository/Quote_OR/txtfield_USERNAME\u0027","startTime":1516196311615,"endTime":0,"childRecords":[],"interuppted":false}],"interuppted":false},{"index":4,"isIgnoredIfFailed":false,"type":"TEST_STEP","name":"setText","message":"Text \u002710#Hammer\u0027 is set on object \u0027Object Repository/Quote_OR/txtfield_PASSWORD\u0027","description":"","startTime":1516196311617,"endTime":1516196311814,"childRecords":[{"testStatus":{"stackTrace":"","statusValue":"PASSED"},"type":"MESSAGE","name":"","message":"Text \u002710#Hammer\u0027 is set on object \u0027Object Repository/Quote_OR/txtfield_PASSWORD\u0027","startTime":1516196311813,"endTime":0,"childRecords":[],"interuppted":false}],"interuppted":false},{"index":5,"isIgnoredIfFailed":false,"type":"TEST_STEP","name":"click","message":"Object: \u0027Object Repository/Quote_OR/btn-LOGIN\u0027 is clicked on","description":"","startTime":1516196311815,"endTime":1516196312009,"childRecords":[{"testStatus":{"stackTrace":"","statusValue":"PASSED"},"type":"MESSAGE","name":"","message":"Object: \u0027Object Repository/Quote_OR/btn-LOGIN\u0027 is clicked on","startTime":1516196312007,"endTime":0,"childRecords":[],"interuppted":false}],"interuppted":false},{"attachment":"1516196343067.png","index":6,"isIgnoredIfFailed":false,"type":"TEST_STEP","name":"setText","message":"Unable to set text \u0027657 Cobb St Athens, GA 30606 USA\u0027 of object \u0027Object Repository/Quote_OR/txtfield_ADDRESS_ON_LANDING_PAGE\u0027 (Root cause: com.kms.katalon.core.webui.exception.WebElementNotFoundException: Web element with id: \u0027Object Repository/Quote_OR/txtfield_ADDRESS_ON_LANDING_PAGE\u0027 located by \u0027By.xpath: //input[count(. | //*[@class \u003d \u0027form-control searchBar\u0027]) \u003d count(//*[@class \u003d \u0027form-control searchBar\u0027])][count(. | //*[@data-val \u003d \u0027true\u0027]) \u003d count(//*[@data-val \u003d \u0027true\u0027])][count(. | //*[@data-val-required \u003d \u0027The formattedAddress field is required.\u0027]) \u003d count(//*[@data-val-required \u003d \u0027The formattedAddress field is required.\u0027])][count(. | //*[@id \u003d \u0027txtAddressAutoComplete\u0027]) \u003d count(//*[@id \u003d \u0027txtAddressAutoComplete\u0027])][count(. | //*[@maxlength \u003d \u0027100\u0027]) \u003d count(//*[@maxlength \u003d \u0027100\u0027])][count(. | //*[@name \u003d \u0027formattedAddress\u0027]) \u003d count(//*[@name \u003d \u0027formattedAddress\u0027])][count(. | //*[@placeholder \u003d \u0027Search address:\u0027]) \u003d count(//*[@placeholder \u003d \u0027Search address:\u0027])][count(. | //*[@type \u003d \u0027text\u0027]) \u003d count(//*[@type \u003d \u0027text\u0027])][count(. | //*[@autocomplete \u003d \u0027off\u0027]) \u003d count(//*[@autocomplete \u003d \u0027off\u0027])][count(. | id(\"txtAddressAutoComplete\")) \u003d count(id(\"txtAddressAutoComplete\"))]\u0027 not found)","description":"","startTime":1516196312015,"endTime":1516196343442,"childRecords":[{"testStatus":{"stackTrace":"","statusValue":"FAILED"},"attachment":"1516196343067.png","type":"MESSAGE","name":"","message":"Unable to set text \u0027657 Cobb St Athens, GA 30606 USA\u0027 of object \u0027Object Repository/Quote_OR/txtfield_ADDRESS_ON_LANDING_PAGE\u0027 (Root cause: com.kms.katalon.core.webui.exception.WebElementNotFoundException: Web element with id: \u0027Object Repository/Quote_OR/txtfield_ADDRESS_ON_LANDING_PAGE\u0027 located by \u0027By.xpath: //input[count(. | //*[@class \u003d \u0027form-control searchBar\u0027]) \u003d count(//*[@class \u003d \u0027form-control searchBar\u0027])][count(. | //*[@data-val \u003d \u0027true\u0027]) \u003d count(//*[@data-val \u003d \u0027true\u0027])][count(. | //*[@data-val-required \u003d \u0027The formattedAddress field is required.\u0027]) \u003d count(//*[@data-val-required \u003d \u0027The formattedAddress field is required.\u0027])][count(. | //*[@id \u003d \u0027txtAddressAutoComplete\u0027]) \u003d count(//*[@id \u003d \u0027txtAddressAutoComplete\u0027])][count(. | //*[@maxlength \u003d \u0027100\u0027]) \u003d count(//*[@maxlength \u003d \u0027100\u0027])][count(. | //*[@name \u003d \u0027formattedAddress\u0027]) \u003d count(//*[@name \u003d \u0027formattedAddress\u0027])][count(. | //*[@placeholder \u003d \u0027Search address:\u0027]) \u003d count(//*[@placeholder \u003d \u0027Search address:\u0027])][count(. | //*[@type \u003d \u0027text\u0027]) \u003d count(//*[@type \u003d \u0027text\u0027])][count(. | //*[@autocomplete \u003d \u0027off\u0027]) \u003d count(//*[@autocomplete \u003d \u0027off\u0027])][count(. | id(\"txtAddressAutoComplete\")) \u003d count(id(\"txtAddressAutoComplete\"))]\u0027 not found)","startTime":1516196343440,"endTime":0,"childRecords":[],"interuppted":false}],"interuppted":false},{"testStatus":{"stackTrace":"","statusValue":"FAILED"},"type":"MESSAGE","name":"","message":"Test Cases/QUOTE_CREATION FAILED because (of) Unable to set text \u0027657 Cobb St Athens, GA 30606 USA\u0027 of object \u0027Object Repository/Quote_OR/txtfield_ADDRESS_ON_LANDING_PAGE\u0027 (Root cause: com.kms.katalon.core.webui.exception.WebElementNotFoundException: Web element with id: \u0027Object Repository/Quote_OR/txtfield_ADDRESS_ON_LANDING_PAGE\u0027 located by \u0027By.xpath: //input[count(. | //*[@class \u003d \u0027form-control searchBar\u0027]) \u003d count(//*[@class \u003d \u0027form-control searchBar\u0027])][count(. | //*[@data-val \u003d \u0027true\u0027]) \u003d count(//*[@data-val \u003d \u0027true\u0027])][count(. | //*[@data-val-required \u003d \u0027The formattedAddress field is required.\u0027]) \u003d count(//*[@data-val-required \u003d \u0027The formattedAddress field is required.\u0027])][count(. | //*[@id \u003d \u0027txtAddressAutoComplete\u0027]) \u003d count(//*[@id \u003d \u0027txtAddressAutoComplete\u0027])][count(. | //*[@maxlength \u003d \u0027100\u0027]) \u003d count(//*[@maxlength \u003d \u0027100\u0027])][count(. | //*[@name \u003d \u0027formattedAddress\u0027]) \u003d count(//*[@name \u003d \u0027formattedAddress\u0027])][count(. | //*[@placeholder \u003d \u0027Search address:\u0027]) \u003d count(//*[@placeholder \u003d \u0027Search address:\u0027])][count(. | //*[@type \u003d \u0027text\u0027]) \u003d count(//*[@type \u003d \u0027text\u0027])][count(. | //*[@autocomplete \u003d \u0027off\u0027]) \u003d count(//*[@autocomplete \u003d \u0027off\u0027])][count(. | id(\"txtAddressAutoComplete\")) \u003d count(id(\"txtAddressAutoComplete\"))]\u0027 not found)","startTime":1516196343442,"endTime":0,"childRecords":[],"interuppted":false}],"interuppted":false},{"isOptional":false,"type":"TEST_CASE","name":"Test Cases/APPLICATION_CREATION","id":"Test Cases/APPLICATION_CREATION","source":"D:\\\\Katalon_Practice_Workspace\\\\Katalon_MitendraTest Cases\\\\APPLICATION_CREATION.tc","message":"Test Cases/APPLICATION_CREATION FAILED because (of) Unable to set text \u0027253 King Ave Athens, GA 30606 USA\u0027 of object \u0027Object Repository/Application_OR/txtfield_ADDRESS_ON_QUOTE_PAGE\u0027 (Root cause: com.kms.katalon.core.webui.exception.WebElementNotFoundException: Web element with id: \u0027Object Repository/Application_OR/txtfield_ADDRESS_ON_QUOTE_PAGE\u0027 located by \u0027By.xpath: //*[@id\u003d\"txtAddressAutoComplete\"]\u0027 not found)","description":"","startTime":1516196343497,"endTime":1516196375455,"childRecords":[{"testStatus":{"stackTrace":"","statusValue":"INFO"},"type":"MESSAGE","name":"","message":"Evaluating variables for test case","startTime":1516196343524,"endTime":0,"childRecords":[],"interuppted":false},{"attachment":"1516196374776.png","index":1,"isIgnoredIfFailed":false,"type":"TEST_STEP","name":"setText","message":"Unable to set text \u0027253 King Ave Athens, GA 30606 USA\u0027 of object \u0027Object Repository/Application_OR/txtfield_ADDRESS_ON_QUOTE_PAGE\u0027 (Root cause: com.kms.katalon.core.webui.exception.WebElementNotFoundException: Web element with id: \u0027Object Repository/Application_OR/txtfield_ADDRESS_ON_QUOTE_PAGE\u0027 located by \u0027By.xpath: //*[@id\u003d\"txtAddressAutoComplete\"]\u0027 not found)","description":"","startTime":1516196343766,"endTime":1516196375453,"childRecords":[{"testStatus":{"stackTrace":"","statusValue":"FAILED"},"attachment":"1516196374776.png","type":"MESSAGE","name":"","message":"Unable to set text \u0027253 King Ave Athens, GA 30606 USA\u0027 of object \u0027Object Repository/Application_OR/txtfield_ADDRESS_ON_QUOTE_PAGE\u0027 (Root cause: com.kms.katalon.core.webui.exception.WebElementNotFoundException: Web element with id: \u0027Object Repository/Application_OR/txtfield_ADDRESS_ON_QUOTE_PAGE\u0027 located by \u0027By.xpath: //*[@id\u003d\"txtAddressAutoComplete\"]\u0027 not found)","startTime":1516196375452,"endTime":0,"childRecords":[],"interuppted":false}],"interuppted":false},{"testStatus":{"stackTrace":"","statusValue":"FAILED"},"type":"MESSAGE","name":"","message":"Test Cases/APPLICATION_CREATION FAILED because (of) Unable to set text \u0027253 King Ave Athens, GA 30606 USA\u0027 of object \u0027Object Repository/Application_OR/txtfield_ADDRESS_ON_QUOTE_PAGE\u0027 (Root cause: com.kms.katalon.core.webui.exception.WebElementNotFoundException: Web element with id: \u0027Object Repository/Application_OR/txtfield_ADDRESS_ON_QUOTE_PAGE\u0027 located by \u0027By.xpath: //*[@id\u003d\"txtAddressAutoComplete\"]\u0027 not found)","startTime":1516196375453,"endTime":0,"childRecords":[],"interuppted":false}],"interuppted":false},{"isOptional":false,"type":"TEST_CASE","name":"Test Cases/ENDORSEMENT_CREATION","id":"Test Cases/ENDORSEMENT_CREATION","source":"D:\\\\Katalon_Practice_Workspace\\\\Katalon_MitendraTest Cases\\\\ENDORSEMENT_CREATION.tc","message":"Test Cases/ENDORSEMENT_CREATION FAILED because (of) Unable to click on object \u0027Object Repository/Endorsement_OR/btn_ADVANCE_FILTER\u0027 (Root cause: org.openqa.selenium.WebDriverException: chrome not reachable\n  (Session info: chrome\u003d63.0.3239.132)\n  (Driver info: chromedriver\u003d2.33.506120 (e3e53437346286c0bc2d2dc9aa4915ba81d9023f),platform\u003dWindows NT 6.1.7601 SP1 x86_64) (WARNING: The server did not provide any stacktrace information)\nCommand duration or timeout: 4.01 seconds\nBuild info: version: \u00272.53.0\u0027, revision: \u002735ae25b\u0027, time: \u00272016-03-15 17:00:58\u0027\nSystem info: host: \u0027CTS-QUA-4\u0027, ip: \u0027192.168.0.4\u0027, os.name: \u0027Windows 7\u0027, os.arch: \u0027amd64\u0027, os.version: \u00276.1\u0027, java.version: \u00271.8.0_102\u0027\nDriver info: com.kms.katalon.selenium.driver.CChromeDriver\nCapabilities [{applicationCacheEnabled\u003dfalse, rotatable\u003dfalse, mobileEmulationEnabled\u003dfalse, networkConnectionEnabled\u003dfalse, chrome\u003d{chromedriverVersion\u003d2.33.506120 (e3e53437346286c0bc2d2dc9aa4915ba81d9023f), userDataDir\u003dC:\\Users\\GSALUN~1\\AppData\\Local\\Temp\\scoped_dir10724_77}, takesHeapSnapshot\u003dtrue, pageLoadStrategy\u003dnormal, databaseEnabled\u003dfalse, handlesAlerts\u003dtrue, hasTouchScreen\u003dfalse, version\u003d63.0.3239.132, platform\u003dXP, browserConnectionEnabled\u003dfalse, nativeEvents\u003dtrue, acceptSslCerts\u003dtrue, locationContextEnabled\u003dtrue, webStorageEnabled\u003dtrue, browserName\u003dchrome, takesScreenshot\u003dtrue, javascriptEnabled\u003dtrue, cssSelectorsEnabled\u003dtrue, setWindowRect\u003dtrue, unexpectedAlertBehaviour\u003d}]\nSession ID: 10da55daf69bde98cdd089c168218d56\n*** Element info: {Using\u003dxpath, value\u003d//*[@id\u003d\"btnAdvanceFilter\"]/label})","description":"","startTime":1516196375508,"endTime":1516196392167,"childRecords":[{"testStatus":{"stackTrace":"","statusValue":"INFO"},"type":"MESSAGE","name":"","message":"Evaluating variables for test case","startTime":1516196375516,"endTime":0,"childRecords":[],"interuppted":false},{"index":1,"isIgnoredIfFailed":false,"type":"TEST_STEP","name":"click","message":"Unable to click on object \u0027Object Repository/Endorsement_OR/btn_ADVANCE_FILTER\u0027 (Root cause: org.openqa.selenium.WebDriverException: chrome not reachable\n  (Session info: chrome\u003d63.0.3239.132)\n  (Driver info: chromedriver\u003d2.33.506120 (e3e53437346286c0bc2d2dc9aa4915ba81d9023f),platform\u003dWindows NT 6.1.7601 SP1 x86_64) (WARNING: The server did not provide any stacktrace information)\nCommand duration or timeout: 4.01 seconds\nBuild info: version: \u00272.53.0\u0027, revision: \u002735ae25b\u0027, time: \u00272016-03-15 17:00:58\u0027\nSystem info: host: \u0027CTS-QUA-4\u0027, ip: \u0027192.168.0.4\u0027, os.name: \u0027Windows 7\u0027, os.arch: \u0027amd64\u0027, os.version: \u00276.1\u0027, java.version: \u00271.8.0_102\u0027\nDriver info: com.kms.katalon.selenium.driver.CChromeDriver\nCapabilities [{applicationCacheEnabled\u003dfalse, rotatable\u003dfalse, mobileEmulationEnabled\u003dfalse, networkConnectionEnabled\u003dfalse, chrome\u003d{chromedriverVersion\u003d2.33.506120 (e3e53437346286c0bc2d2dc9aa4915ba81d9023f), userDataDir\u003dC:\\Users\\GSALUN~1\\AppData\\Local\\Temp\\scoped_dir10724_77}, takesHeapSnapshot\u003dtrue, pageLoadStrategy\u003dnormal, databaseEnabled\u003dfalse, handlesAlerts\u003dtrue, hasTouchScreen\u003dfalse, version\u003d63.0.3239.132, platform\u003dXP, browserConnectionEnabled\u003dfalse, nativeEvents\u003dtrue, acceptSslCerts\u003dtrue, locationContextEnabled\u003dtrue, webStorageEnabled\u003dtrue, browserName\u003dchrome, takesScreenshot\u003dtrue, javascriptEnabled\u003dtrue, cssSelectorsEnabled\u003dtrue, setWindowRect\u003dtrue, unexpectedAlertBehaviour\u003d}]\nSession ID: 10da55daf69bde98cdd089c168218d56\n*** Element info: {Using\u003dxpath, value\u003d//*[@id\u003d\"btnAdvanceFilter\"]/label})","description":"","startTime":1516196375599,"endTime":1516196392164,"childRecords":[{"testStatus":{"stackTrace":"","statusValue":"WARNING"},"type":"MESSAGE","name":"","message":"Cannot take screenshot","startTime":1516196392162,"endTime":0,"childRecords":[],"interuppted":false},{"testStatus":{"stackTrace":"","statusValue":"FAILED"},"type":"MESSAGE","name":"","message":"Unable to click on object \u0027Object Repository/Endorsement_OR/btn_ADVANCE_FILTER\u0027 (Root cause: org.openqa.selenium.WebDriverException: chrome not reachable\n  (Session info: chrome\u003d63.0.3239.132)\n  (Driver info: chromedriver\u003d2.33.506120 (e3e53437346286c0bc2d2dc9aa4915ba81d9023f),platform\u003dWindows NT 6.1.7601 SP1 x86_64) (WARNING: The server did not provide any stacktrace information)\nCommand duration or timeout: 4.01 seconds\nBuild info: version: \u00272.53.0\u0027, revision: \u002735ae25b\u0027, time: \u00272016-03-15 17:00:58\u0027\nSystem info: host: \u0027CTS-QUA-4\u0027, ip: \u0027192.168.0.4\u0027, os.name: \u0027Windows 7\u0027, os.arch: \u0027amd64\u0027, os.version: \u00276.1\u0027, java.version: \u00271.8.0_102\u0027\nDriver info: com.kms.katalon.selenium.driver.CChromeDriver\nCapabilities [{applicationCacheEnabled\u003dfalse, rotatable\u003dfalse, mobileEmulationEnabled\u003dfalse, networkConnectionEnabled\u003dfalse, chrome\u003d{chromedriverVersion\u003d2.33.506120 (e3e53437346286c0bc2d2dc9aa4915ba81d9023f), userDataDir\u003dC:\\Users\\GSALUN~1\\AppData\\Local\\Temp\\scoped_dir10724_77}, takesHeapSnapshot\u003dtrue, pageLoadStrategy\u003dnormal, databaseEnabled\u003dfalse, handlesAlerts\u003dtrue, hasTouchScreen\u003dfalse, version\u003d63.0.3239.132, platform\u003dXP, browserConnectionEnabled\u003dfalse, nativeEvents\u003dtrue, acceptSslCerts\u003dtrue, locationContextEnabled\u003dtrue, webStorageEnabled\u003dtrue, browserName\u003dchrome, takesScreenshot\u003dtrue, javascriptEnabled\u003dtrue, cssSelectorsEnabled\u003dtrue, setWindowRect\u003dtrue, unexpectedAlertBehaviour\u003d}]\nSession ID: 10da55daf69bde98cdd089c168218d56\n*** Element info: {Using\u003dxpath, value\u003d//*[@id\u003d\"btnAdvanceFilter\"]/label})","startTime":1516196392163,"endTime":0,"childRecords":[],"interuppted":false}],"interuppted":false},{"testStatus":{"stackTrace":"","statusValue":"FAILED"},"type":"MESSAGE","name":"","message":"Test Cases/ENDORSEMENT_CREATION FAILED because (of) Unable to click on object \u0027Object Repository/Endorsement_OR/btn_ADVANCE_FILTER\u0027 (Root cause: org.openqa.selenium.WebDriverException: chrome not reachable\n  (Session info: chrome\u003d63.0.3239.132)\n  (Driver info: chromedriver\u003d2.33.506120 (e3e53437346286c0bc2d2dc9aa4915ba81d9023f),platform\u003dWindows NT 6.1.7601 SP1 x86_64) (WARNING: The server did not provide any stacktrace information)\nCommand duration or timeout: 4.01 seconds\nBuild info: version: \u00272.53.0\u0027, revision: \u002735ae25b\u0027, time: \u00272016-03-15 17:00:58\u0027\nSystem info: host: \u0027CTS-QUA-4\u0027, ip: \u0027192.168.0.4\u0027, os.name: \u0027Windows 7\u0027, os.arch: \u0027amd64\u0027, os.version: \u00276.1\u0027, java.version: \u00271.8.0_102\u0027\nDriver info: com.kms.katalon.selenium.driver.CChromeDriver\nCapabilities [{applicationCacheEnabled\u003dfalse, rotatable\u003dfalse, mobileEmulationEnabled\u003dfalse, networkConnectionEnabled\u003dfalse, chrome\u003d{chromedriverVersion\u003d2.33.506120 (e3e53437346286c0bc2d2dc9aa4915ba81d9023f), userDataDir\u003dC:\\Users\\GSALUN~1\\AppData\\Local\\Temp\\scoped_dir10724_77}, takesHeapSnapshot\u003dtrue, pageLoadStrategy\u003dnormal, databaseEnabled\u003dfalse, handlesAlerts\u003dtrue, hasTouchScreen\u003dfalse, version\u003d63.0.3239.132, platform\u003dXP, browserConnectionEnabled\u003dfalse, nativeEvents\u003dtrue, acceptSslCerts\u003dtrue, locationContextEnabled\u003dtrue, webStorageEnabled\u003dtrue, browserName\u003dchrome, takesScreenshot\u003dtrue, javascriptEnabled\u003dtrue, cssSelectorsEnabled\u003dtrue, setWindowRect\u003dtrue, unexpectedAlertBehaviour\u003d}]\nSession ID: 10da55daf69bde98cdd089c168218d56\n*** Element info: {Using\u003dxpath, value\u003d//*[@id\u003d\"btnAdvanceFilter\"]/label})","startTime":1516196392164,"endTime":0,"childRecords":[],"interuppted":false}],"interuppted":false}],"interuppted":false}