{"devicePlatform":"","logFolder":"D:\\Katalon_Practice_Workspace\\Katalon_PPE_GANESH\\Reports\\PPE\\20180213_171634","runData":{"hostName":"gsalunkhe - CTS-QUA-4.cogitate.india","os":"Windows 7 64bit","katalonVersion":"5.0.1.1","browser":"Chrome 63.0.3239.132","hostAddress":"192.168.0.4","sessionId":"c60a266aa8c0e810a97e62225b23cc67","seleniumVersion":"2.53.0","proxyInformation":"ProxyInformation{proxyOption\u003dNO_PROXY, proxyServerType\u003d, password\u003d, proxyServerAddress\u003d, proxyServerPort\u003d0}","platform":"Windows 7"},"type":"TEST_SUITE","name":"PPE","id":"Test Suites/PPE","source":"","message":"Test Cases/QUOTE_CREATION FAILED because (of) Unable to select option by index \u00271\u0027 of object \u0027Object Repository/Quote_OR/drp_PROPERTY_TYPE\u0027 (Root cause: com.kms.katalon.core.webui.exception.WebElementNotFoundException: Web element with id: \u0027Object Repository/Quote_OR/drp_PROPERTY_TYPE\u0027 located by \u0027By.xpath: //*[@id\u003d\"ddlPropertyType\"]\u0027 not found)","description":"","startTime":1518522396272,"endTime":1518522531702,"childRecords":[{"isOptional":false,"type":"TEST_CASE","name":"Test Cases/QUOTE_CREATION","id":"Test Cases/QUOTE_CREATION","source":"D:\\\\Katalon_Practice_Workspace\\\\Katalon_PPE_GANESHTest Cases\\\\QUOTE_CREATION.tc","message":"Test Cases/QUOTE_CREATION FAILED because (of) Unable to select option by index \u00271\u0027 of object \u0027Object Repository/Quote_OR/drp_PROPERTY_TYPE\u0027 (Root cause: com.kms.katalon.core.webui.exception.WebElementNotFoundException: Web element with id: \u0027Object Repository/Quote_OR/drp_PROPERTY_TYPE\u0027 located by \u0027By.xpath: //*[@id\u003d\"ddlPropertyType\"]\u0027 not found)","description":"Agent Quote process","startTime":1518522396548,"endTime":1518522477365,"childRecords":[{"testStatus":{"stackTrace":"","statusValue":"INFO"},"type":"MESSAGE","name":"","message":"Evaluating variables for test case","startTime":1518522396708,"endTime":0,"childRecords":[],"interuppted":false},{"index":1,"isIgnoredIfFailed":false,"type":"TEST_STEP","name":"Statement - propertyDataRowCounter \u003d 0","description":"","startTime":1518522397093,"endTime":1518522397095,"childRecords":[],"interuppted":false},{"index":2,"isIgnoredIfFailed":false,"type":"TEST_STEP","name":"Statement - configDataRowCounter \u003d 0","description":"","startTime":1518522397096,"endTime":1518522397097,"childRecords":[],"interuppted":false},{"index":3,"isIgnoredIfFailed":false,"type":"TEST_STEP","name":"Statement - genericDATA \u003d com.kms.katalon.core.testdata.TestDataFactory.findTestData(PPE_Config_File)","message":"Test data is internal data, reading internal data","description":"","startTime":1518522397098,"endTime":1518522397116,"childRecords":[],"interuppted":false},{"index":4,"isIgnoredIfFailed":false,"type":"TEST_STEP","name":"Statement - propertyDATA \u003d com.kms.katalon.core.testdata.TestDataFactory.findTestData(PPEPROPERTYDATA)","message":"Test data is internal data, reading internal data","description":"","startTime":1518522397117,"endTime":1518522397145,"childRecords":[],"interuppted":false},{"index":5,"isIgnoredIfFailed":false,"type":"TEST_STEP","name":"com.PPE.url_Navigation.gotoURL","message":"com.PPE.url_Navigation.gotoURL is PASSED","description":"","startTime":1518522397146,"endTime":1518522404818,"childRecords":[{"testStatus":{"stackTrace":"","statusValue":"PASSED"},"type":"MESSAGE","name":"","message":"Browser is opened with url: \u0027http://test.cogitate.us/PPE.Test/\u0027","startTime":1518522403520,"endTime":0,"childRecords":[],"interuppted":false},{"testStatus":{"stackTrace":"","statusValue":"PASSED"},"type":"MESSAGE","name":"","message":"Wait for page load successfully","startTime":1518522403624,"endTime":0,"childRecords":[],"interuppted":false},{"testStatus":{"stackTrace":"","statusValue":"PASSED"},"type":"MESSAGE","name":"","message":"Current window maximized","startTime":1518522404816,"endTime":0,"childRecords":[],"interuppted":false},{"testStatus":{"stackTrace":"","statusValue":"PASSED"},"type":"MESSAGE","name":"","message":"com.PPE.url_Navigation.gotoURL is PASSED","startTime":1518522404817,"endTime":0,"childRecords":[],"interuppted":false}],"interuppted":false},{"index":6,"isIgnoredIfFailed":false,"type":"TEST_STEP","name":"com.PPE.IncorrectLogin.login","message":"com.PPE.IncorrectLogin.login is PASSED","description":"","startTime":1518522404819,"endTime":1518522440610,"childRecords":[{"testStatus":{"stackTrace":"","statusValue":"PASSED"},"type":"MESSAGE","name":"","message":"Text \u0027125634\u0027 is set on object \u0027Object Repository/Quote_OR/txtfield_USERNAME\u0027","startTime":1518522405177,"endTime":0,"childRecords":[],"interuppted":false},{"testStatus":{"stackTrace":"","statusValue":"PASSED"},"type":"MESSAGE","name":"","message":"Text \u002710#Hammer\u0027 is set on object \u0027Object Repository/Quote_OR/txtfield_PASSWORD\u0027","startTime":1518522405476,"endTime":0,"childRecords":[],"interuppted":false},{"testStatus":{"stackTrace":"","statusValue":"PASSED"},"type":"MESSAGE","name":"","message":"Object: \u0027Object Repository/Quote_OR/btn-LOGIN\u0027 is clicked on","startTime":1518522406300,"endTime":0,"childRecords":[],"interuppted":false},{"testStatus":{"stackTrace":"","statusValue":"PASSED"},"type":"MESSAGE","name":"","message":"Delayed 6 second(s)","startTime":1518522412329,"endTime":0,"childRecords":[],"interuppted":false},{"testStatus":{"stackTrace":"","statusValue":"PASSED"},"type":"MESSAGE","name":"","message":"Text \u0027ih.chelms\u0027 is set on object \u0027Object Repository/Quote_OR/txtfield_USERNAME\u0027","startTime":1518522412545,"endTime":0,"childRecords":[],"interuppted":false},{"testStatus":{"stackTrace":"","statusValue":"PASSED"},"type":"MESSAGE","name":"","message":"Text \u0027123456\u0027 is set on object \u0027Object Repository/Quote_OR/txtfield_PASSWORD\u0027","startTime":1518522412698,"endTime":0,"childRecords":[],"interuppted":false},{"testStatus":{"stackTrace":"","statusValue":"PASSED"},"type":"MESSAGE","name":"","message":"Object: \u0027Object Repository/Quote_OR/btn-LOGIN\u0027 is clicked on","startTime":1518522413387,"endTime":0,"childRecords":[],"interuppted":false},{"testStatus":{"stackTrace":"","statusValue":"PASSED"},"type":"MESSAGE","name":"","message":"Delayed 6 second(s)","startTime":1518522419397,"endTime":0,"childRecords":[],"interuppted":false},{"testStatus":{"stackTrace":"","statusValue":"PASSED"},"type":"MESSAGE","name":"","message":"Text \u0027ih.jbutler\u0027 is set on object \u0027Object Repository/Quote_OR/txtfield_USERNAME\u0027","startTime":1518522419580,"endTime":0,"childRecords":[],"interuppted":false},{"testStatus":{"stackTrace":"","statusValue":"PASSED"},"type":"MESSAGE","name":"","message":"Text \u0027123456\u0027 is set on object \u0027Object Repository/Quote_OR/txtfield_PASSWORD\u0027","startTime":1518522419731,"endTime":0,"childRecords":[],"interuppted":false},{"testStatus":{"stackTrace":"","statusValue":"PASSED"},"type":"MESSAGE","name":"","message":"Object: \u0027Object Repository/Quote_OR/btn-LOGIN\u0027 is clicked on","startTime":1518522420424,"endTime":0,"childRecords":[],"interuppted":false},{"testStatus":{"stackTrace":"","statusValue":"PASSED"},"type":"MESSAGE","name":"","message":"Delayed 6 second(s)","startTime":1518522426433,"endTime":0,"childRecords":[],"interuppted":false},{"testStatus":{"stackTrace":"","statusValue":"PASSED"},"type":"MESSAGE","name":"","message":"Text \u0027Ganesh\u0027 is set on object \u0027Object Repository/Quote_OR/txtfield_USERNAME\u0027","startTime":1518522426610,"endTime":0,"childRecords":[],"interuppted":false},{"testStatus":{"stackTrace":"","statusValue":"PASSED"},"type":"MESSAGE","name":"","message":"Text \u0027Salunkhe\u0027 is set on object \u0027Object Repository/Quote_OR/txtfield_PASSWORD\u0027","startTime":1518522426774,"endTime":0,"childRecords":[],"interuppted":false},{"testStatus":{"stackTrace":"","statusValue":"PASSED"},"type":"MESSAGE","name":"","message":"Object: \u0027Object Repository/Quote_OR/btn-LOGIN\u0027 is clicked on","startTime":1518522427492,"endTime":0,"childRecords":[],"interuppted":false},{"testStatus":{"stackTrace":"","statusValue":"PASSED"},"type":"MESSAGE","name":"","message":"Delayed 6 second(s)","startTime":1518522433504,"endTime":0,"childRecords":[],"interuppted":false},{"testStatus":{"stackTrace":"","statusValue":"PASSED"},"type":"MESSAGE","name":"","message":"Text \u0027ih.william\u0027 is set on object \u0027Object Repository/Quote_OR/txtfield_USERNAME\u0027","startTime":1518522433661,"endTime":0,"childRecords":[],"interuppted":false},{"testStatus":{"stackTrace":"","statusValue":"PASSED"},"type":"MESSAGE","name":"","message":"Text \u0027ih.chelms\u0027 is set on object \u0027Object Repository/Quote_OR/txtfield_PASSWORD\u0027","startTime":1518522433816,"endTime":0,"childRecords":[],"interuppted":false},{"testStatus":{"stackTrace":"","statusValue":"PASSED"},"type":"MESSAGE","name":"","message":"Object: \u0027Object Repository/Quote_OR/btn-LOGIN\u0027 is clicked on","startTime":1518522434599,"endTime":0,"childRecords":[],"interuppted":false},{"testStatus":{"stackTrace":"","statusValue":"PASSED"},"type":"MESSAGE","name":"","message":"Delayed 6 second(s)","startTime":1518522440609,"endTime":0,"childRecords":[],"interuppted":false},{"testStatus":{"stackTrace":"","statusValue":"PASSED"},"type":"MESSAGE","name":"","message":"com.PPE.IncorrectLogin.login is PASSED","startTime":1518522440609,"endTime":0,"childRecords":[],"interuppted":false}],"interuppted":false},{"index":7,"isIgnoredIfFailed":false,"type":"TEST_STEP","name":"com.PPE.Login.correctlogin","message":"com.PPE.Login.correctlogin is PASSED","description":"","startTime":1518522440611,"endTime":1518522443448,"childRecords":[{"testStatus":{"stackTrace":"","statusValue":"PASSED"},"type":"MESSAGE","name":"","message":"Text \u0027ih.chelms\u0027 is set on object \u0027Object Repository/Quote_OR/txtfield_USERNAME\u0027","startTime":1518522440855,"endTime":0,"childRecords":[],"interuppted":false},{"testStatus":{"stackTrace":"","statusValue":"PASSED"},"type":"MESSAGE","name":"","message":"Text \u002710#Hammer\u0027 is set on object \u0027Object Repository/Quote_OR/txtfield_PASSWORD\u0027","startTime":1518522441033,"endTime":0,"childRecords":[],"interuppted":false},{"testStatus":{"stackTrace":"","statusValue":"PASSED"},"type":"MESSAGE","name":"","message":"Object: \u0027Object Repository/Quote_OR/btn-LOGIN\u0027 is clicked on","startTime":1518522443446,"endTime":0,"childRecords":[],"interuppted":false},{"testStatus":{"stackTrace":"","statusValue":"PASSED"},"type":"MESSAGE","name":"","message":"com.PPE.Login.correctlogin is PASSED","startTime":1518522443447,"endTime":0,"childRecords":[],"interuppted":false}],"interuppted":false},{"index":8,"isIgnoredIfFailed":false,"type":"TEST_STEP","name":"Statement - If (genericDATA.internallyGetValue(\"STATE\", configDataRowCounter) \u003d\u003d \"GA\")","message":"Text \u00271940 Meador Ave SE Atlanta, GA 30315 USA\u0027 is set on object \u0027Object Repository/Quote_OR/txtfield_ADDRESS_ON_LANDING_PAGE\u0027","description":"","startTime":1518522443449,"endTime":1518522443852,"childRecords":[{"index":1,"isIgnoredIfFailed":false,"type":"TEST_STEP","name":"setText","message":"Text \u00271940 Meador Ave SE Atlanta, GA 30315 USA\u0027 is set on object \u0027Object Repository/Quote_OR/txtfield_ADDRESS_ON_LANDING_PAGE\u0027","description":"","startTime":1518522443450,"endTime":1518522443852,"childRecords":[{"testStatus":{"stackTrace":"","statusValue":"PASSED"},"type":"MESSAGE","name":"","message":"Text \u00271940 Meador Ave SE Atlanta, GA 30315 USA\u0027 is set on object \u0027Object Repository/Quote_OR/txtfield_ADDRESS_ON_LANDING_PAGE\u0027","startTime":1518522443850,"endTime":0,"childRecords":[],"interuppted":false}],"interuppted":false}],"interuppted":false},{"index":10,"isIgnoredIfFailed":false,"type":"TEST_STEP","name":"click","message":"Object: \u0027Object Repository/Quote_OR/btn_SEARCH_ADDRESS\u0027 is clicked on","description":"","startTime":1518522443853,"endTime":1518522445968,"childRecords":[{"testStatus":{"stackTrace":"","statusValue":"PASSED"},"type":"MESSAGE","name":"","message":"Object: \u0027Object Repository/Quote_OR/btn_SEARCH_ADDRESS\u0027 is clicked on","startTime":1518522445967,"endTime":0,"childRecords":[],"interuppted":false}],"interuppted":false},{"index":11,"isIgnoredIfFailed":false,"type":"TEST_STEP","name":"waitForPageLoad","message":"Wait for page load successfully","description":"","startTime":1518522445968,"endTime":1518522445980,"childRecords":[{"testStatus":{"stackTrace":"","statusValue":"PASSED"},"type":"MESSAGE","name":"","message":"Wait for page load successfully","startTime":1518522445979,"endTime":0,"childRecords":[],"interuppted":false}],"interuppted":false},{"attachment":"1518522477043.png","index":12,"isIgnoredIfFailed":false,"type":"TEST_STEP","name":"com.PPE.QuotePropertyDataSelection.QuoteCreation","message":"Unable to select option by index \u00271\u0027 of object \u0027Object Repository/Quote_OR/drp_PROPERTY_TYPE\u0027 (Root cause: com.kms.katalon.core.webui.exception.WebElementNotFoundException: Web element with id: \u0027Object Repository/Quote_OR/drp_PROPERTY_TYPE\u0027 located by \u0027By.xpath: //*[@id\u003d\"ddlPropertyType\"]\u0027 not found)","description":"","startTime":1518522445980,"endTime":1518522477361,"childRecords":[{"testStatus":{"stackTrace":"","statusValue":"FAILED"},"attachment":"1518522477043.png","type":"MESSAGE","name":"","message":"Unable to select option by index \u00271\u0027 of object \u0027Object Repository/Quote_OR/drp_PROPERTY_TYPE\u0027 (Root cause: com.kms.katalon.core.webui.exception.WebElementNotFoundException: Web element with id: \u0027Object Repository/Quote_OR/drp_PROPERTY_TYPE\u0027 located by \u0027By.xpath: //*[@id\u003d\"ddlPropertyType\"]\u0027 not found)","startTime":1518522477359,"endTime":0,"childRecords":[],"interuppted":false},{"testStatus":{"stackTrace":"","statusValue":"FAILED"},"type":"MESSAGE","name":"","message":"Unable to select option by index \u00271\u0027 of object \u0027Object Repository/Quote_OR/drp_PROPERTY_TYPE\u0027 (Root cause: com.kms.katalon.core.webui.exception.WebElementNotFoundException: Web element with id: \u0027Object Repository/Quote_OR/drp_PROPERTY_TYPE\u0027 located by \u0027By.xpath: //*[@id\u003d\"ddlPropertyType\"]\u0027 not found)","startTime":1518522477361,"endTime":0,"childRecords":[],"interuppted":false}],"interuppted":false},{"testStatus":{"stackTrace":"","statusValue":"FAILED"},"type":"MESSAGE","name":"","message":"Test Cases/QUOTE_CREATION FAILED because (of) Unable to select option by index \u00271\u0027 of object \u0027Object Repository/Quote_OR/drp_PROPERTY_TYPE\u0027 (Root cause: com.kms.katalon.core.webui.exception.WebElementNotFoundException: Web element with id: \u0027Object Repository/Quote_OR/drp_PROPERTY_TYPE\u0027 located by \u0027By.xpath: //*[@id\u003d\"ddlPropertyType\"]\u0027 not found)","startTime":1518522477361,"endTime":0,"childRecords":[],"interuppted":false}],"interuppted":false},{"isOptional":false,"type":"TEST_CASE","name":"Test Cases/APPLICATION_CREATION","id":"Test Cases/APPLICATION_CREATION","source":"D:\\\\Katalon_Practice_Workspace\\\\Katalon_PPE_GANESHTest Cases\\\\APPLICATION_CREATION.tc","message":"Test Cases/APPLICATION_CREATION FAILED because (of) Unable to get attribute \u0027value\u0027 of object \u0027Object Repository/Endorsement_OR/get_Address\u0027 (Root cause: com.kms.katalon.core.webui.exception.WebElementNotFoundException: Web element with id: \u0027Object Repository/Endorsement_OR/get_Address\u0027 located by \u0027By.xpath: //*[@id\u003d\"txtAddressAutoComplete\"]\u0027 not found)","description":"","startTime":1518522477419,"endTime":1518522509251,"childRecords":[{"testStatus":{"stackTrace":"","statusValue":"INFO"},"type":"MESSAGE","name":"","message":"Evaluating variables for test case","startTime":1518522477457,"endTime":0,"childRecords":[],"interuppted":false},{"index":1,"isIgnoredIfFailed":false,"type":"TEST_STEP","name":"Statement - propertyDataRowCounter \u003d 0","description":"","startTime":1518522477661,"endTime":1518522477662,"childRecords":[],"interuppted":false},{"index":2,"isIgnoredIfFailed":false,"type":"TEST_STEP","name":"Statement - configDataRowCounter \u003d 0","description":"","startTime":1518522477662,"endTime":1518522477663,"childRecords":[],"interuppted":false},{"index":3,"isIgnoredIfFailed":false,"type":"TEST_STEP","name":"Statement - genericDATA \u003d com.kms.katalon.core.testdata.TestDataFactory.findTestData(PPE_Config_File)","message":"Test data is internal data, reading internal data","description":"","startTime":1518522477663,"endTime":1518522477669,"childRecords":[],"interuppted":false},{"index":4,"isIgnoredIfFailed":false,"type":"TEST_STEP","name":"Statement - propertyDATA \u003d com.kms.katalon.core.testdata.TestDataFactory.findTestData(PPEPROPERTYDATA)","message":"Test data is internal data, reading internal data","description":"","startTime":1518522477670,"endTime":1518522477676,"childRecords":[],"interuppted":false},{"index":5,"isIgnoredIfFailed":false,"type":"TEST_STEP","name":"Statement - Address \u003d com.kms.katalon.core.testobject.ObjectRepository.findTestObject(Endorsement_OR/get_Address)","message":"Finding Test Object with id \u0027Object Repository/Endorsement_OR/get_Address\u0027","description":"","startTime":1518522477677,"endTime":1518522477696,"childRecords":[],"interuppted":false},{"attachment":"1518522508803.png","index":6,"isIgnoredIfFailed":false,"type":"TEST_STEP","name":"Statement - propertyaddress \u003d com.kms.katalon.core.webui.keyword.WebUiBuiltInKeywords.getAttribute(Address, \"value\")","message":"Unable to get attribute \u0027value\u0027 of object \u0027Object Repository/Endorsement_OR/get_Address\u0027 (Root cause: com.kms.katalon.core.webui.exception.WebElementNotFoundException: Web element with id: \u0027Object Repository/Endorsement_OR/get_Address\u0027 located by \u0027By.xpath: //*[@id\u003d\"txtAddressAutoComplete\"]\u0027 not found)","description":"","startTime":1518522477697,"endTime":1518522509248,"childRecords":[{"testStatus":{"stackTrace":"","statusValue":"FAILED"},"attachment":"1518522508803.png","type":"MESSAGE","name":"","message":"Unable to get attribute \u0027value\u0027 of object \u0027Object Repository/Endorsement_OR/get_Address\u0027 (Root cause: com.kms.katalon.core.webui.exception.WebElementNotFoundException: Web element with id: \u0027Object Repository/Endorsement_OR/get_Address\u0027 located by \u0027By.xpath: //*[@id\u003d\"txtAddressAutoComplete\"]\u0027 not found)","startTime":1518522509247,"endTime":0,"childRecords":[],"interuppted":false}],"interuppted":false},{"testStatus":{"stackTrace":"","statusValue":"FAILED"},"type":"MESSAGE","name":"","message":"Test Cases/APPLICATION_CREATION FAILED because (of) Unable to get attribute \u0027value\u0027 of object \u0027Object Repository/Endorsement_OR/get_Address\u0027 (Root cause: com.kms.katalon.core.webui.exception.WebElementNotFoundException: Web element with id: \u0027Object Repository/Endorsement_OR/get_Address\u0027 located by \u0027By.xpath: //*[@id\u003d\"txtAddressAutoComplete\"]\u0027 not found)","startTime":1518522509249,"endTime":0,"childRecords":[],"interuppted":false}],"interuppted":false},{"isOptional":false,"type":"TEST_CASE","name":"Test Cases/ENDORSEMENT_CREATION","id":"Test Cases/ENDORSEMENT_CREATION","source":"D:\\\\Katalon_Practice_Workspace\\\\Katalon_PPE_GANESHTest Cases\\\\ENDORSEMENT_CREATION.tc","message":"Test Cases/ENDORSEMENT_CREATION FAILED because (of) Unable to click on object \u0027Object Repository/Endorsement_OR/btn_ADVANCE_FILTER\u0027 (Root cause: org.openqa.selenium.WebDriverException: chrome not reachable\n  (Session info: chrome\u003d63.0.3239.132)\n  (Driver info: chromedriver\u003d2.33.506120 (e3e53437346286c0bc2d2dc9aa4915ba81d9023f),platform\u003dWindows NT 6.1.7601 SP1 x86_64) (WARNING: The server did not provide any stacktrace information)\nCommand duration or timeout: 4.02 seconds\nBuild info: version: \u00272.53.0\u0027, revision: \u002735ae25b\u0027, time: \u00272016-03-15 17:00:58\u0027\nSystem info: host: \u0027CTS-QUA-4\u0027, ip: \u0027192.168.0.4\u0027, os.name: \u0027Windows 7\u0027, os.arch: \u0027amd64\u0027, os.version: \u00276.1\u0027, java.version: \u00271.8.0_102\u0027\nDriver info: com.kms.katalon.selenium.driver.CChromeDriver\nCapabilities [{applicationCacheEnabled\u003dfalse, rotatable\u003dfalse, mobileEmulationEnabled\u003dfalse, networkConnectionEnabled\u003dfalse, chrome\u003d{chromedriverVersion\u003d2.33.506120 (e3e53437346286c0bc2d2dc9aa4915ba81d9023f), userDataDir\u003dC:\\Users\\GSALUN~1\\AppData\\Local\\Temp\\scoped_dir8404_17873}, takesHeapSnapshot\u003dtrue, pageLoadStrategy\u003dnormal, databaseEnabled\u003dfalse, handlesAlerts\u003dtrue, hasTouchScreen\u003dfalse, version\u003d63.0.3239.132, platform\u003dXP, browserConnectionEnabled\u003dfalse, nativeEvents\u003dtrue, acceptSslCerts\u003dtrue, locationContextEnabled\u003dtrue, webStorageEnabled\u003dtrue, browserName\u003dchrome, takesScreenshot\u003dtrue, javascriptEnabled\u003dtrue, cssSelectorsEnabled\u003dtrue, setWindowRect\u003dtrue, unexpectedAlertBehaviour\u003d}]\nSession ID: c60a266aa8c0e810a97e62225b23cc67\n*** Element info: {Using\u003dxpath, value\u003d//*[@id\u003d\"btnAdvanceFilter\"]/label})","description":"","startTime":1518522509304,"endTime":1518522522246,"childRecords":[{"testStatus":{"stackTrace":"","statusValue":"INFO"},"type":"MESSAGE","name":"","message":"Evaluating variables for test case","startTime":1518522509309,"endTime":0,"childRecords":[],"interuppted":false},{"index":1,"isIgnoredIfFailed":false,"type":"TEST_STEP","name":"com.PPE.Endorsement_UW.EndorsementByUW","message":"Unable to click on object \u0027Object Repository/Endorsement_OR/btn_ADVANCE_FILTER\u0027 (Root cause: org.openqa.selenium.WebDriverException: chrome not reachable\n  (Session info: chrome\u003d63.0.3239.132)\n  (Driver info: chromedriver\u003d2.33.506120 (e3e53437346286c0bc2d2dc9aa4915ba81d9023f),platform\u003dWindows NT 6.1.7601 SP1 x86_64) (WARNING: The server did not provide any stacktrace information)\nCommand duration or timeout: 4.02 seconds\nBuild info: version: \u00272.53.0\u0027, revision: \u002735ae25b\u0027, time: \u00272016-03-15 17:00:58\u0027\nSystem info: host: \u0027CTS-QUA-4\u0027, ip: \u0027192.168.0.4\u0027, os.name: \u0027Windows 7\u0027, os.arch: \u0027amd64\u0027, os.version: \u00276.1\u0027, java.version: \u00271.8.0_102\u0027\nDriver info: com.kms.katalon.selenium.driver.CChromeDriver\nCapabilities [{applicationCacheEnabled\u003dfalse, rotatable\u003dfalse, mobileEmulationEnabled\u003dfalse, networkConnectionEnabled\u003dfalse, chrome\u003d{chromedriverVersion\u003d2.33.506120 (e3e53437346286c0bc2d2dc9aa4915ba81d9023f), userDataDir\u003dC:\\Users\\GSALUN~1\\AppData\\Local\\Temp\\scoped_dir8404_17873}, takesHeapSnapshot\u003dtrue, pageLoadStrategy\u003dnormal, databaseEnabled\u003dfalse, handlesAlerts\u003dtrue, hasTouchScreen\u003dfalse, version\u003d63.0.3239.132, platform\u003dXP, browserConnectionEnabled\u003dfalse, nativeEvents\u003dtrue, acceptSslCerts\u003dtrue, locationContextEnabled\u003dtrue, webStorageEnabled\u003dtrue, browserName\u003dchrome, takesScreenshot\u003dtrue, javascriptEnabled\u003dtrue, cssSelectorsEnabled\u003dtrue, setWindowRect\u003dtrue, unexpectedAlertBehaviour\u003d}]\nSession ID: c60a266aa8c0e810a97e62225b23cc67\n*** Element info: {Using\u003dxpath, value\u003d//*[@id\u003d\"btnAdvanceFilter\"]/label})","description":"","startTime":1518522509383,"endTime":1518522522238,"childRecords":[{"testStatus":{"stackTrace":"","statusValue":"WARNING"},"type":"MESSAGE","name":"","message":"Cannot take screenshot","startTime":1518522522236,"endTime":0,"childRecords":[],"interuppted":false},{"testStatus":{"stackTrace":"","statusValue":"FAILED"},"type":"MESSAGE","name":"","message":"Unable to click on object \u0027Object Repository/Endorsement_OR/btn_ADVANCE_FILTER\u0027 (Root cause: org.openqa.selenium.WebDriverException: chrome not reachable\n  (Session info: chrome\u003d63.0.3239.132)\n  (Driver info: chromedriver\u003d2.33.506120 (e3e53437346286c0bc2d2dc9aa4915ba81d9023f),platform\u003dWindows NT 6.1.7601 SP1 x86_64) (WARNING: The server did not provide any stacktrace information)\nCommand duration or timeout: 4.02 seconds\nBuild info: version: \u00272.53.0\u0027, revision: \u002735ae25b\u0027, time: \u00272016-03-15 17:00:58\u0027\nSystem info: host: \u0027CTS-QUA-4\u0027, ip: \u0027192.168.0.4\u0027, os.name: \u0027Windows 7\u0027, os.arch: \u0027amd64\u0027, os.version: \u00276.1\u0027, java.version: \u00271.8.0_102\u0027\nDriver info: com.kms.katalon.selenium.driver.CChromeDriver\nCapabilities [{applicationCacheEnabled\u003dfalse, rotatable\u003dfalse, mobileEmulationEnabled\u003dfalse, networkConnectionEnabled\u003dfalse, chrome\u003d{chromedriverVersion\u003d2.33.506120 (e3e53437346286c0bc2d2dc9aa4915ba81d9023f), userDataDir\u003dC:\\Users\\GSALUN~1\\AppData\\Local\\Temp\\scoped_dir8404_17873}, takesHeapSnapshot\u003dtrue, pageLoadStrategy\u003dnormal, databaseEnabled\u003dfalse, handlesAlerts\u003dtrue, hasTouchScreen\u003dfalse, version\u003d63.0.3239.132, platform\u003dXP, browserConnectionEnabled\u003dfalse, nativeEvents\u003dtrue, acceptSslCerts\u003dtrue, locationContextEnabled\u003dtrue, webStorageEnabled\u003dtrue, browserName\u003dchrome, takesScreenshot\u003dtrue, javascriptEnabled\u003dtrue, cssSelectorsEnabled\u003dtrue, setWindowRect\u003dtrue, unexpectedAlertBehaviour\u003d}]\nSession ID: c60a266aa8c0e810a97e62225b23cc67\n*** Element info: {Using\u003dxpath, value\u003d//*[@id\u003d\"btnAdvanceFilter\"]/label})","startTime":1518522522237,"endTime":0,"childRecords":[],"interuppted":false},{"testStatus":{"stackTrace":"","statusValue":"FAILED"},"type":"MESSAGE","name":"","message":"Unable to click on object \u0027Object Repository/Endorsement_OR/btn_ADVANCE_FILTER\u0027 (Root cause: org.openqa.selenium.WebDriverException: chrome not reachable\n  (Session info: chrome\u003d63.0.3239.132)\n  (Driver info: chromedriver\u003d2.33.506120 (e3e53437346286c0bc2d2dc9aa4915ba81d9023f),platform\u003dWindows NT 6.1.7601 SP1 x86_64) (WARNING: The server did not provide any stacktrace information)\nCommand duration or timeout: 4.02 seconds\nBuild info: version: \u00272.53.0\u0027, revision: \u002735ae25b\u0027, time: \u00272016-03-15 17:00:58\u0027\nSystem info: host: \u0027CTS-QUA-4\u0027, ip: \u0027192.168.0.4\u0027, os.name: \u0027Windows 7\u0027, os.arch: \u0027amd64\u0027, os.version: \u00276.1\u0027, java.version: \u00271.8.0_102\u0027\nDriver info: com.kms.katalon.selenium.driver.CChromeDriver\nCapabilities [{applicationCacheEnabled\u003dfalse, rotatable\u003dfalse, mobileEmulationEnabled\u003dfalse, networkConnectionEnabled\u003dfalse, chrome\u003d{chromedriverVersion\u003d2.33.506120 (e3e53437346286c0bc2d2dc9aa4915ba81d9023f), userDataDir\u003dC:\\Users\\GSALUN~1\\AppData\\Local\\Temp\\scoped_dir8404_17873}, takesHeapSnapshot\u003dtrue, pageLoadStrategy\u003dnormal, databaseEnabled\u003dfalse, handlesAlerts\u003dtrue, hasTouchScreen\u003dfalse, version\u003d63.0.3239.132, platform\u003dXP, browserConnectionEnabled\u003dfalse, nativeEvents\u003dtrue, acceptSslCerts\u003dtrue, locationContextEnabled\u003dtrue, webStorageEnabled\u003dtrue, browserName\u003dchrome, takesScreenshot\u003dtrue, javascriptEnabled\u003dtrue, cssSelectorsEnabled\u003dtrue, setWindowRect\u003dtrue, unexpectedAlertBehaviour\u003d}]\nSession ID: c60a266aa8c0e810a97e62225b23cc67\n*** Element info: {Using\u003dxpath, value\u003d//*[@id\u003d\"btnAdvanceFilter\"]/label})","startTime":1518522522238,"endTime":0,"childRecords":[],"interuppted":false}],"interuppted":false},{"testStatus":{"stackTrace":"","statusValue":"FAILED"},"type":"MESSAGE","name":"","message":"Test Cases/ENDORSEMENT_CREATION FAILED because (of) Unable to click on object \u0027Object Repository/Endorsement_OR/btn_ADVANCE_FILTER\u0027 (Root cause: org.openqa.selenium.WebDriverException: chrome not reachable\n  (Session info: chrome\u003d63.0.3239.132)\n  (Driver info: chromedriver\u003d2.33.506120 (e3e53437346286c0bc2d2dc9aa4915ba81d9023f),platform\u003dWindows NT 6.1.7601 SP1 x86_64) (WARNING: The server did not provide any stacktrace information)\nCommand duration or timeout: 4.02 seconds\nBuild info: version: \u00272.53.0\u0027, revision: \u002735ae25b\u0027, time: \u00272016-03-15 17:00:58\u0027\nSystem info: host: \u0027CTS-QUA-4\u0027, ip: \u0027192.168.0.4\u0027, os.name: \u0027Windows 7\u0027, os.arch: \u0027amd64\u0027, os.version: \u00276.1\u0027, java.version: \u00271.8.0_102\u0027\nDriver info: com.kms.katalon.selenium.driver.CChromeDriver\nCapabilities [{applicationCacheEnabled\u003dfalse, rotatable\u003dfalse, mobileEmulationEnabled\u003dfalse, networkConnectionEnabled\u003dfalse, chrome\u003d{chromedriverVersion\u003d2.33.506120 (e3e53437346286c0bc2d2dc9aa4915ba81d9023f), userDataDir\u003dC:\\Users\\GSALUN~1\\AppData\\Local\\Temp\\scoped_dir8404_17873}, takesHeapSnapshot\u003dtrue, pageLoadStrategy\u003dnormal, databaseEnabled\u003dfalse, handlesAlerts\u003dtrue, hasTouchScreen\u003dfalse, version\u003d63.0.3239.132, platform\u003dXP, browserConnectionEnabled\u003dfalse, nativeEvents\u003dtrue, acceptSslCerts\u003dtrue, locationContextEnabled\u003dtrue, webStorageEnabled\u003dtrue, browserName\u003dchrome, takesScreenshot\u003dtrue, javascriptEnabled\u003dtrue, cssSelectorsEnabled\u003dtrue, setWindowRect\u003dtrue, unexpectedAlertBehaviour\u003d}]\nSession ID: c60a266aa8c0e810a97e62225b23cc67\n*** Element info: {Using\u003dxpath, value\u003d//*[@id\u003d\"btnAdvanceFilter\"]/label})","startTime":1518522522239,"endTime":0,"childRecords":[],"interuppted":false}],"interuppted":false},{"isOptional":false,"type":"TEST_CASE","name":"Test Cases/AGENT_ENDORSEMENT_REQUEST","id":"Test Cases/AGENT_ENDORSEMENT_REQUEST","source":"D:\\\\Katalon_Practice_Workspace\\\\Katalon_PPE_GANESHTest Cases\\\\AGENT_ENDORSEMENT_REQUEST.tc","message":"Test Cases/AGENT_ENDORSEMENT_REQUEST FAILED because (of) Unable to set text \u0027ih.chelms\u0027 of object \u0027Object Repository/Quote_OR/txtfield_USERNAME\u0027 (Root cause: org.openqa.selenium.WebDriverException: chrome not reachable\n  (Session info: chrome\u003d63.0.3239.132)\n  (Driver info: chromedriver\u003d2.33.506120 (e3e53437346286c0bc2d2dc9aa4915ba81d9023f),platform\u003dWindows NT 6.1.7601 SP1 x86_64) (WARNING: The server did not provide any stacktrace information)\nCommand duration or timeout: 4.01 seconds\nBuild info: version: \u00272.53.0\u0027, revision: \u002735ae25b\u0027, time: \u00272016-03-15 17:00:58\u0027\nSystem info: host: \u0027CTS-QUA-4\u0027, ip: \u0027192.168.0.4\u0027, os.name: \u0027Windows 7\u0027, os.arch: \u0027amd64\u0027, os.version: \u00276.1\u0027, java.version: \u00271.8.0_102\u0027\nDriver info: com.kms.katalon.selenium.driver.CChromeDriver\nCapabilities [{applicationCacheEnabled\u003dfalse, rotatable\u003dfalse, mobileEmulationEnabled\u003dfalse, networkConnectionEnabled\u003dfalse, chrome\u003d{chromedriverVersion\u003d2.33.506120 (e3e53437346286c0bc2d2dc9aa4915ba81d9023f), userDataDir\u003dC:\\Users\\GSALUN~1\\AppData\\Local\\Temp\\scoped_dir8404_17873}, takesHeapSnapshot\u003dtrue, pageLoadStrategy\u003dnormal, databaseEnabled\u003dfalse, handlesAlerts\u003dtrue, hasTouchScreen\u003dfalse, version\u003d63.0.3239.132, platform\u003dXP, browserConnectionEnabled\u003dfalse, nativeEvents\u003dtrue, acceptSslCerts\u003dtrue, locationContextEnabled\u003dtrue, webStorageEnabled\u003dtrue, browserName\u003dchrome, takesScreenshot\u003dtrue, javascriptEnabled\u003dtrue, cssSelectorsEnabled\u003dtrue, setWindowRect\u003dtrue, unexpectedAlertBehaviour\u003d}]\nSession ID: c60a266aa8c0e810a97e62225b23cc67\n*** Element info: {Using\u003dxpath, value\u003d//*[@id\u003d\"txtUserName\"]})","description":"Agent create an ENDORSEMENT and sent an Endorsement request for UW approval.","startTime":1518522522299,"endTime":1518522530591,"childRecords":[{"testStatus":{"stackTrace":"","statusValue":"INFO"},"type":"MESSAGE","name":"","message":"Evaluating variables for test case","startTime":1518522522331,"endTime":0,"childRecords":[],"interuppted":false},{"index":1,"isIgnoredIfFailed":false,"type":"TEST_STEP","name":"com.PPE.Endorsement_Agent.EndorsementByUW","message":"Unable to set text \u0027ih.chelms\u0027 of object \u0027Object Repository/Quote_OR/txtfield_USERNAME\u0027 (Root cause: org.openqa.selenium.WebDriverException: chrome not reachable\n  (Session info: chrome\u003d63.0.3239.132)\n  (Driver info: chromedriver\u003d2.33.506120 (e3e53437346286c0bc2d2dc9aa4915ba81d9023f),platform\u003dWindows NT 6.1.7601 SP1 x86_64) (WARNING: The server did not provide any stacktrace information)\nCommand duration or timeout: 4.01 seconds\nBuild info: version: \u00272.53.0\u0027, revision: \u002735ae25b\u0027, time: \u00272016-03-15 17:00:58\u0027\nSystem info: host: \u0027CTS-QUA-4\u0027, ip: \u0027192.168.0.4\u0027, os.name: \u0027Windows 7\u0027, os.arch: \u0027amd64\u0027, os.version: \u00276.1\u0027, java.version: \u00271.8.0_102\u0027\nDriver info: com.kms.katalon.selenium.driver.CChromeDriver\nCapabilities [{applicationCacheEnabled\u003dfalse, rotatable\u003dfalse, mobileEmulationEnabled\u003dfalse, networkConnectionEnabled\u003dfalse, chrome\u003d{chromedriverVersion\u003d2.33.506120 (e3e53437346286c0bc2d2dc9aa4915ba81d9023f), userDataDir\u003dC:\\Users\\GSALUN~1\\AppData\\Local\\Temp\\scoped_dir8404_17873}, takesHeapSnapshot\u003dtrue, pageLoadStrategy\u003dnormal, databaseEnabled\u003dfalse, handlesAlerts\u003dtrue, hasTouchScreen\u003dfalse, version\u003d63.0.3239.132, platform\u003dXP, browserConnectionEnabled\u003dfalse, nativeEvents\u003dtrue, acceptSslCerts\u003dtrue, locationContextEnabled\u003dtrue, webStorageEnabled\u003dtrue, browserName\u003dchrome, takesScreenshot\u003dtrue, javascriptEnabled\u003dtrue, cssSelectorsEnabled\u003dtrue, setWindowRect\u003dtrue, unexpectedAlertBehaviour\u003d}]\nSession ID: c60a266aa8c0e810a97e62225b23cc67\n*** Element info: {Using\u003dxpath, value\u003d//*[@id\u003d\"txtUserName\"]})","description":"","startTime":1518522522484,"endTime":1518522530569,"childRecords":[{"testStatus":{"stackTrace":"","statusValue":"WARNING"},"type":"MESSAGE","name":"","message":"Cannot take screenshot","startTime":1518522530533,"endTime":0,"childRecords":[],"interuppted":false},{"testStatus":{"stackTrace":"","statusValue":"FAILED"},"type":"MESSAGE","name":"","message":"Unable to set text \u0027ih.chelms\u0027 of object \u0027Object Repository/Quote_OR/txtfield_USERNAME\u0027 (Root cause: org.openqa.selenium.WebDriverException: chrome not reachable\n  (Session info: chrome\u003d63.0.3239.132)\n  (Driver info: chromedriver\u003d2.33.506120 (e3e53437346286c0bc2d2dc9aa4915ba81d9023f),platform\u003dWindows NT 6.1.7601 SP1 x86_64) (WARNING: The server did not provide any stacktrace information)\nCommand duration or timeout: 4.01 seconds\nBuild info: version: \u00272.53.0\u0027, revision: \u002735ae25b\u0027, time: \u00272016-03-15 17:00:58\u0027\nSystem info: host: \u0027CTS-QUA-4\u0027, ip: \u0027192.168.0.4\u0027, os.name: \u0027Windows 7\u0027, os.arch: \u0027amd64\u0027, os.version: \u00276.1\u0027, java.version: \u00271.8.0_102\u0027\nDriver info: com.kms.katalon.selenium.driver.CChromeDriver\nCapabilities [{applicationCacheEnabled\u003dfalse, rotatable\u003dfalse, mobileEmulationEnabled\u003dfalse, networkConnectionEnabled\u003dfalse, chrome\u003d{chromedriverVersion\u003d2.33.506120 (e3e53437346286c0bc2d2dc9aa4915ba81d9023f), userDataDir\u003dC:\\Users\\GSALUN~1\\AppData\\Local\\Temp\\scoped_dir8404_17873}, takesHeapSnapshot\u003dtrue, pageLoadStrategy\u003dnormal, databaseEnabled\u003dfalse, handlesAlerts\u003dtrue, hasTouchScreen\u003dfalse, version\u003d63.0.3239.132, platform\u003dXP, browserConnectionEnabled\u003dfalse, nativeEvents\u003dtrue, acceptSslCerts\u003dtrue, locationContextEnabled\u003dtrue, webStorageEnabled\u003dtrue, browserName\u003dchrome, takesScreenshot\u003dtrue, javascriptEnabled\u003dtrue, cssSelectorsEnabled\u003dtrue, setWindowRect\u003dtrue, unexpectedAlertBehaviour\u003d}]\nSession ID: c60a266aa8c0e810a97e62225b23cc67\n*** Element info: {Using\u003dxpath, value\u003d//*[@id\u003d\"txtUserName\"]})","startTime":1518522530534,"endTime":0,"childRecords":[],"interuppted":false},{"testStatus":{"stackTrace":"","statusValue":"FAILED"},"type":"MESSAGE","name":"","message":"Unable to set text \u0027ih.chelms\u0027 of object \u0027Object Repository/Quote_OR/txtfield_USERNAME\u0027 (Root cause: org.openqa.selenium.WebDriverException: chrome not reachable\n  (Session info: chrome\u003d63.0.3239.132)\n  (Driver info: chromedriver\u003d2.33.506120 (e3e53437346286c0bc2d2dc9aa4915ba81d9023f),platform\u003dWindows NT 6.1.7601 SP1 x86_64) (WARNING: The server did not provide any stacktrace information)\nCommand duration or timeout: 4.01 seconds\nBuild info: version: \u00272.53.0\u0027, revision: \u002735ae25b\u0027, time: \u00272016-03-15 17:00:58\u0027\nSystem info: host: \u0027CTS-QUA-4\u0027, ip: \u0027192.168.0.4\u0027, os.name: \u0027Windows 7\u0027, os.arch: \u0027amd64\u0027, os.version: \u00276.1\u0027, java.version: \u00271.8.0_102\u0027\nDriver info: com.kms.katalon.selenium.driver.CChromeDriver\nCapabilities [{applicationCacheEnabled\u003dfalse, rotatable\u003dfalse, mobileEmulationEnabled\u003dfalse, networkConnectionEnabled\u003dfalse, chrome\u003d{chromedriverVersion\u003d2.33.506120 (e3e53437346286c0bc2d2dc9aa4915ba81d9023f), userDataDir\u003dC:\\Users\\GSALUN~1\\AppData\\Local\\Temp\\scoped_dir8404_17873}, takesHeapSnapshot\u003dtrue, pageLoadStrategy\u003dnormal, databaseEnabled\u003dfalse, handlesAlerts\u003dtrue, hasTouchScreen\u003dfalse, version\u003d63.0.3239.132, platform\u003dXP, browserConnectionEnabled\u003dfalse, nativeEvents\u003dtrue, acceptSslCerts\u003dtrue, locationContextEnabled\u003dtrue, webStorageEnabled\u003dtrue, browserName\u003dchrome, takesScreenshot\u003dtrue, javascriptEnabled\u003dtrue, cssSelectorsEnabled\u003dtrue, setWindowRect\u003dtrue, unexpectedAlertBehaviour\u003d}]\nSession ID: c60a266aa8c0e810a97e62225b23cc67\n*** Element info: {Using\u003dxpath, value\u003d//*[@id\u003d\"txtUserName\"]})","startTime":1518522530535,"endTime":0,"childRecords":[],"interuppted":false}],"interuppted":false},{"testStatus":{"stackTrace":"","statusValue":"FAILED"},"type":"MESSAGE","name":"","message":"Test Cases/AGENT_ENDORSEMENT_REQUEST FAILED because (of) Unable to set text \u0027ih.chelms\u0027 of object \u0027Object Repository/Quote_OR/txtfield_USERNAME\u0027 (Root cause: org.openqa.selenium.WebDriverException: chrome not reachable\n  (Session info: chrome\u003d63.0.3239.132)\n  (Driver info: chromedriver\u003d2.33.506120 (e3e53437346286c0bc2d2dc9aa4915ba81d9023f),platform\u003dWindows NT 6.1.7601 SP1 x86_64) (WARNING: The server did not provide any stacktrace information)\nCommand duration or timeout: 4.01 seconds\nBuild info: version: \u00272.53.0\u0027, revision: \u002735ae25b\u0027, time: \u00272016-03-15 17:00:58\u0027\nSystem info: host: \u0027CTS-QUA-4\u0027, ip: \u0027192.168.0.4\u0027, os.name: \u0027Windows 7\u0027, os.arch: \u0027amd64\u0027, os.version: \u00276.1\u0027, java.version: \u00271.8.0_102\u0027\nDriver info: com.kms.katalon.selenium.driver.CChromeDriver\nCapabilities [{applicationCacheEnabled\u003dfalse, rotatable\u003dfalse, mobileEmulationEnabled\u003dfalse, networkConnectionEnabled\u003dfalse, chrome\u003d{chromedriverVersion\u003d2.33.506120 (e3e53437346286c0bc2d2dc9aa4915ba81d9023f), userDataDir\u003dC:\\Users\\GSALUN~1\\AppData\\Local\\Temp\\scoped_dir8404_17873}, takesHeapSnapshot\u003dtrue, pageLoadStrategy\u003dnormal, databaseEnabled\u003dfalse, handlesAlerts\u003dtrue, hasTouchScreen\u003dfalse, version\u003d63.0.3239.132, platform\u003dXP, browserConnectionEnabled\u003dfalse, nativeEvents\u003dtrue, acceptSslCerts\u003dtrue, locationContextEnabled\u003dtrue, webStorageEnabled\u003dtrue, browserName\u003dchrome, takesScreenshot\u003dtrue, javascriptEnabled\u003dtrue, cssSelectorsEnabled\u003dtrue, setWindowRect\u003dtrue, unexpectedAlertBehaviour\u003d}]\nSession ID: c60a266aa8c0e810a97e62225b23cc67\n*** Element info: {Using\u003dxpath, value\u003d//*[@id\u003d\"txtUserName\"]})","startTime":1518522530569,"endTime":0,"childRecords":[],"interuppted":false}],"interuppted":false}],"interuppted":false}