<?xml version="1.0" encoding="UTF-8"?>
<testsuites name="PPE" time="41" tests="0" failures="1" errors="0">
   <testsuite name="PPE" tests="0" failures="1" errors="0" time="41" timestamp="2019-05-15 16:17:08" hostname="Gsalunkhe - CTSD006.cogitate.india" id="Test Suites/PPE">
      <properties>
         <property name="deviceName" value=""/>
         <property name="devicePlatform" value=""/>
         <property name="logFolder" value="D:\\Katalon_Practice_Workspace\\Quotes In PPE\\Reports\\PPE\\20190515_161706"/>
         <property name="logFiles" value="D:\\Katalon_Practice_Workspace\\Quotes In PPE\\Reports\\PPE\\20190515_161706\\execution0.log"/>
         <property name="attachments" value=""/>
         <property name="hostName" value="Gsalunkhe - CTSD006.cogitate.india"/>
         <property name="os" value="Windows 10 64bit"/>
         <property name="katalonVersion" value="5.0.1.1"/>
         <property name="browser" value="Firefox 46.0"/>
         <property name="hostAddress" value="192.168.0.214"/>
         <property name="sessionId" value="99df7eaa-d61b-41bd-b9d4-8c4d35c40985"/>
         <property name="seleniumVersion" value="2.53.0"/>
         <property name="proxyInformation" value="ProxyInformation{proxyOption=NO_PROXY, proxyServerType=, password=, proxyServerAddress=, proxyServerPort=0}"/>
         <property name="platform" value="Windows 10"/>
      </properties>
      <testcase name="Test Cases/Quote Creation/Quotes" classname="Test Cases/Quote Creation/Quotes" status="FAILED">
         <failure type="FAILED" message="Unable to click on object 'Object Repository/Endorsement OR/btn_LOGOUT_UW' (Root cause: org.openqa.selenium.remote.UnreachableBrowserException: Error communicating with the remote browser. It may have died.
Build info: version: '2.53.0', revision: '35ae25b', time: '2016-03-15 17:00:58'
System info: host: 'CTSD006', ip: '192.168.0.214', os.name: 'Windows 10', os.arch: 'amd64', os.version: '10.0', java.version: '1.8.0_102'
Driver info: driver.version: RemoteWebDriver
Capabilities [{applicationCacheEnabled=true, rotatable=false, handlesAlerts=true, databaseEnabled=true, version=46.0, platform=WINDOWS, nativeEvents=false, acceptSslCerts=true, webStorageEnabled=true, locationContextEnabled=true, browserName=firefox, takesScreenshot=true, javascriptEnabled=true, cssSelectorsEnabled=true}]
Session ID: 99df7eaa-d61b-41bd-b9d4-8c4d35c40985)"/>
         <system-out><![CDATA[2019-05-15 16:17:09 - [TEST_CASE][FAILED] - Test Cases/Quote Creation/Quotes: Test Cases/Quote Creation/Quotes FAILED because (of) Unable to click on object 'Object Repository/Endorsement OR/btn_LOGOUT_UW' (Root cause: org.openqa.selenium.remote.UnreachableBrowserException: Error communicating with the remote browser. It may have died.
Build info: version: '2.53.0', revision: '35ae25b', time: '2016-03-15 17:00:58'
System info: host: 'CTSD006', ip: '192.168.0.214', os.name: 'Windows 10', os.arch: 'amd64', os.version: '10.0', java.version: '1.8.0_102'
Driver info: driver.version: RemoteWebDriver
Capabilities [{applicationCacheEnabled=true, rotatable=false, handlesAlerts=true, databaseEnabled=true, version=46.0, platform=WINDOWS, nativeEvents=false, acceptSslCerts=true, webStorageEnabled=true, locationContextEnabled=true, browserName=firefox, takesScreenshot=true, javascriptEnabled=true, cssSelectorsEnabled=true}]
Session ID: 99df7eaa-d61b-41bd-b9d4-8c4d35c40985)

2019-05-15 16:17:10 - [TEST_STEP][PASSED] - Statement - url = "http://test.cogitate.us/PPE.Test/": null

2019-05-15 16:17:10 - [TEST_STEP][PASSED] - openBrowser: Browser is opened with url: 'http://test.cogitate.us/PPE.Test/'

2019-05-15 16:17:27 - [MESSAGE][PASSED] - Browser is opened with url: 'http://test.cogitate.us/PPE.Test/'

2019-05-15 16:17:27 - [TEST_STEP][PASSED] - waitForPageLoad: Wait for page load successfully

2019-05-15 16:17:27 - [MESSAGE][PASSED] - Wait for page load successfully

2019-05-15 16:17:27 - [TEST_STEP][PASSED] - maximizeWindow: Current window maximized

2019-05-15 16:17:27 - [MESSAGE][PASSED] - Current window maximized

2019-05-15 16:17:27 - [TEST_STEP][PASSED] - Statement - propertyDATA = com.kms.katalon.core.testdata.TestDataFactory.findTestData(Quote-PPEPROPERTYDATA): Test data is internal data, reading internal data

2019-05-15 16:17:27 - [TEST_STEP][PASSED] - Statement - propertyDATARows = propertyDATA.getRowNumbers(): null

2019-05-15 16:17:27 - [TEST_STEP][PASSED] - Statement - genericDATA = com.kms.katalon.core.testdata.TestDataFactory.findTestData(PPE_Config_File): Test data is internal data, reading internal data

2019-05-15 16:17:27 - [TEST_STEP][PASSED] - Statement - genericDATARows = genericDATA.getRowNumbers(): null

2019-05-15 16:17:27 - [TEST_STEP][PASSED] - Statement - userName = "": null

2019-05-15 16:17:27 - [TEST_STEP][PASSED] - Statement - password = "": null

2019-05-15 16:17:27 - [TEST_STEP][PASSED] - Statement - isUsed = "N": null

2019-05-15 16:17:27 - [TEST_STEP][FAILED] - Statement - For ([propertyDataRowCounter = 0, propertyDataRowCounter < propertyDATARows, (propertyDataRowCounter++)]): Unable to click on object 'Object Repository/Endorsement OR/btn_LOGOUT_UW' (Root cause: org.openqa.selenium.remote.UnreachableBrowserException: Error communicating with the remote browser. It may have died.
Build info: version: '2.53.0', revision: '35ae25b', time: '2016-03-15 17:00:58'
System info: host: 'CTSD006', ip: '192.168.0.214', os.name: 'Windows 10', os.arch: 'amd64', os.version: '10.0', java.version: '1.8.0_102'
Driver info: driver.version: RemoteWebDriver
Capabilities [{applicationCacheEnabled=true, rotatable=false, handlesAlerts=true, databaseEnabled=true, version=46.0, platform=WINDOWS, nativeEvents=false, acceptSslCerts=true, webStorageEnabled=true, locationContextEnabled=true, browserName=firefox, takesScreenshot=true, javascriptEnabled=true, cssSelectorsEnabled=true}]
Session ID: 99df7eaa-d61b-41bd-b9d4-8c4d35c40985)

2019-05-15 16:17:27 - [TEST_STEP][FAILED] - Statement - Try: Unable to set text '1408 N Hyde Park Ave Durham, NC 27701 USA' of object 'Object Repository/Quote OR/txtfield_ADDRESS_ON_LANDING_PAGE' (Root cause: org.openqa.selenium.remote.UnreachableBrowserException: Error communicating with the remote browser. It may have died.
Build info: version: '2.53.0', revision: '35ae25b', time: '2016-03-15 17:00:58'
System info: host: 'CTSD006', ip: '192.168.0.214', os.name: 'Windows 10', os.arch: 'amd64', os.version: '10.0', java.version: '1.8.0_102'
Driver info: driver.version: RemoteWebDriver
Capabilities [{applicationCacheEnabled=true, rotatable=false, handlesAlerts=true, databaseEnabled=true, version=46.0, platform=WINDOWS, nativeEvents=false, acceptSslCerts=true, webStorageEnabled=true, locationContextEnabled=true, browserName=firefox, takesScreenshot=true, javascriptEnabled=true, cssSelectorsEnabled=true}]
Session ID: 99df7eaa-d61b-41bd-b9d4-8c4d35c40985)

2019-05-15 16:17:27 - [TEST_STEP][PASSED] - Statement - isUsed = propertyDATA.internallyGetValue("Is_Used", propertyDataRowCounter): null

2019-05-15 16:17:27 - [TEST_STEP][PASSED] - Statement - State = propertyDATA.internallyGetValue("State", propertyDataRowCounter): null

2019-05-15 16:17:27 - [TEST_STEP][PASSED] - Statement - For ([configDataRowCounter = 0, configDataRowCounter < genericDATARows, (configDataRowCounter++)]): null

2019-05-15 16:17:27 - [TEST_STEP][PASSED] - Statement - agentState = genericDATA.internallyGetValue("STATE", configDataRowCounter): null

2019-05-15 16:17:27 - [TEST_STEP][PASSED] - Statement - If (agentState == State): null

2019-05-15 16:17:27 - [TEST_STEP][PASSED] - Statement - agentState = genericDATA.internallyGetValue("STATE", configDataRowCounter): null

2019-05-15 16:17:27 - [TEST_STEP][PASSED] - Statement - If (agentState == State): null

2019-05-15 16:17:27 - [TEST_STEP][PASSED] - Statement - agentState = genericDATA.internallyGetValue("STATE", configDataRowCounter): null

2019-05-15 16:17:27 - [TEST_STEP][PASSED] - Statement - If (agentState == State): null

2019-05-15 16:17:27 - [TEST_STEP][PASSED] - Statement - userName = genericDATA.internallyGetValue("USERNAME", configDataRowCounter): null

2019-05-15 16:17:27 - [TEST_STEP][PASSED] - Statement - password = genericDATA.internallyGetValue("PASSWORD", configDataRowCounter): null

2019-05-15 16:17:27 - [TEST_STEP][PASSED] - setText: Text 'ih.jbutler' is set on object 'Object Repository/Quote OR/txtfield_USERNAME'

2019-05-15 16:17:28 - [MESSAGE][PASSED] - Text 'ih.jbutler' is set on object 'Object Repository/Quote OR/txtfield_USERNAME'

2019-05-15 16:17:28 - [TEST_STEP][PASSED] - setText: Text '10#Hammer' is set on object 'Object Repository/Quote OR/txtfield_PASSWORD'

2019-05-15 16:17:28 - [MESSAGE][PASSED] - Text '10#Hammer' is set on object 'Object Repository/Quote OR/txtfield_PASSWORD'

2019-05-15 16:17:28 - [TEST_STEP][PASSED] - click: Object: 'Object Repository/Quote OR/btn-LOGIN' is clicked on

2019-05-15 16:17:39 - [MESSAGE][PASSED] - Object: 'Object Repository/Quote OR/btn-LOGIN' is clicked on

2019-05-15 16:17:39 - [TEST_STEP][PASSED] - Statement - Property_Address = propertyDATA.internallyGetValue("Property_Address", propertyDataRowCounter): null

2019-05-15 16:17:39 - [TEST_STEP][PASSED] - Statement - println(Property_Address): null

2019-05-15 16:17:39 - [TEST_STEP][PASSED] - Statement - propertyType = propertyDATA.internallyGetValue("PropertyTypeID", propertyDataRowCounter): null

2019-05-15 16:17:39 - [TEST_STEP][PASSED] - Statement - constructionType = propertyDATA.internallyGetValue("ConstructionTypeID", propertyDataRowCounter): null

2019-05-15 16:17:39 - [TEST_STEP][PASSED] - Statement - homeValuation = propertyDATA.internallyGetValue("HomeValuation", propertyDataRowCounter): null

2019-05-15 16:17:39 - [TEST_STEP][PASSED] - Statement - homeBuildYear = propertyDATA.internallyGetValue("HomeBuildYear", propertyDataRowCounter): null

2019-05-15 16:17:39 - [TEST_STEP][PASSED] - Statement - pFirstName = propertyDATA.internallyGetValue("P_FirstName", propertyDataRowCounter): null

2019-05-15 16:17:39 - [TEST_STEP][PASSED] - Statement - pLastName = propertyDATA.internallyGetValue("P_LastName", propertyDataRowCounter): null

2019-05-15 16:17:39 - [TEST_STEP][PASSED] - Statement - contactNumber = propertyDATA.internallyGetValue("ContactNumber", propertyDataRowCounter): null

2019-05-15 16:17:39 - [TEST_STEP][PASSED] - Statement - email = propertyDATA.internallyGetValue("Email", propertyDataRowCounter): null

2019-05-15 16:17:39 - [TEST_STEP][PASSED] - delay: Delayed 5 second(s)

2019-05-15 16:17:44 - [MESSAGE][PASSED] - Delayed 5 second(s)

2019-05-15 16:17:44 - [TEST_STEP][FAILED] - setText: Unable to set text '1408 N Hyde Park Ave Durham, NC 27701 USA' of object 'Object Repository/Quote OR/txtfield_ADDRESS_ON_LANDING_PAGE' (Root cause: org.openqa.selenium.remote.UnreachableBrowserException: Error communicating with the remote browser. It may have died.
Build info: version: '2.53.0', revision: '35ae25b', time: '2016-03-15 17:00:58'
System info: host: 'CTSD006', ip: '192.168.0.214', os.name: 'Windows 10', os.arch: 'amd64', os.version: '10.0', java.version: '1.8.0_102'
Driver info: driver.version: RemoteWebDriver
Capabilities [{applicationCacheEnabled=true, rotatable=false, handlesAlerts=true, databaseEnabled=true, version=46.0, platform=WINDOWS, nativeEvents=false, acceptSslCerts=true, webStorageEnabled=true, locationContextEnabled=true, browserName=firefox, takesScreenshot=true, javascriptEnabled=true, cssSelectorsEnabled=true}]
Session ID: 99df7eaa-d61b-41bd-b9d4-8c4d35c40985)

2019-05-15 16:17:46 - [MESSAGE][WARNING] - Cannot take screenshot

2019-05-15 16:17:46 - [MESSAGE][FAILED] - Unable to set text '1408 N Hyde Park Ave Durham, NC 27701 USA' of object 'Object Repository/Quote OR/txtfield_ADDRESS_ON_LANDING_PAGE' (Root cause: org.openqa.selenium.remote.UnreachableBrowserException: Error communicating with the remote browser. It may have died.
Build info: version: '2.53.0', revision: '35ae25b', time: '2016-03-15 17:00:58'
System info: host: 'CTSD006', ip: '192.168.0.214', os.name: 'Windows 10', os.arch: 'amd64', os.version: '10.0', java.version: '1.8.0_102'
Driver info: driver.version: RemoteWebDriver
Capabilities [{applicationCacheEnabled=true, rotatable=false, handlesAlerts=true, databaseEnabled=true, version=46.0, platform=WINDOWS, nativeEvents=false, acceptSslCerts=true, webStorageEnabled=true, locationContextEnabled=true, browserName=firefox, takesScreenshot=true, javascriptEnabled=true, cssSelectorsEnabled=true}]
Session ID: 99df7eaa-d61b-41bd-b9d4-8c4d35c40985)

2019-05-15 16:17:46 - [TEST_STEP][FAILED] - Statement - Catch (Exception e): Unable to click on object 'Object Repository/Endorsement OR/btn_LOGOUT_UW' (Root cause: org.openqa.selenium.remote.UnreachableBrowserException: Error communicating with the remote browser. It may have died.
Build info: version: '2.53.0', revision: '35ae25b', time: '2016-03-15 17:00:58'
System info: host: 'CTSD006', ip: '192.168.0.214', os.name: 'Windows 10', os.arch: 'amd64', os.version: '10.0', java.version: '1.8.0_102'
Driver info: driver.version: RemoteWebDriver
Capabilities [{applicationCacheEnabled=true, rotatable=false, handlesAlerts=true, databaseEnabled=true, version=46.0, platform=WINDOWS, nativeEvents=false, acceptSslCerts=true, webStorageEnabled=true, locationContextEnabled=true, browserName=firefox, takesScreenshot=true, javascriptEnabled=true, cssSelectorsEnabled=true}]
Session ID: 99df7eaa-d61b-41bd-b9d4-8c4d35c40985)

2019-05-15 16:17:46 - [TEST_STEP][PASSED] - Statement - e.printStackTrace(): null

2019-05-15 16:17:46 - [TEST_STEP][FAILED] - click: Unable to click on object 'Object Repository/Endorsement OR/btn_LOGOUT_UW' (Root cause: org.openqa.selenium.remote.UnreachableBrowserException: Error communicating with the remote browser. It may have died.
Build info: version: '2.53.0', revision: '35ae25b', time: '2016-03-15 17:00:58'
System info: host: 'CTSD006', ip: '192.168.0.214', os.name: 'Windows 10', os.arch: 'amd64', os.version: '10.0', java.version: '1.8.0_102'
Driver info: driver.version: RemoteWebDriver
Capabilities [{applicationCacheEnabled=true, rotatable=false, handlesAlerts=true, databaseEnabled=true, version=46.0, platform=WINDOWS, nativeEvents=false, acceptSslCerts=true, webStorageEnabled=true, locationContextEnabled=true, browserName=firefox, takesScreenshot=true, javascriptEnabled=true, cssSelectorsEnabled=true}]
Session ID: 99df7eaa-d61b-41bd-b9d4-8c4d35c40985)

2019-05-15 16:17:48 - [MESSAGE][WARNING] - Cannot take screenshot

2019-05-15 16:17:48 - [MESSAGE][FAILED] - Unable to click on object 'Object Repository/Endorsement OR/btn_LOGOUT_UW' (Root cause: org.openqa.selenium.remote.UnreachableBrowserException: Error communicating with the remote browser. It may have died.
Build info: version: '2.53.0', revision: '35ae25b', time: '2016-03-15 17:00:58'
System info: host: 'CTSD006', ip: '192.168.0.214', os.name: 'Windows 10', os.arch: 'amd64', os.version: '10.0', java.version: '1.8.0_102'
Driver info: driver.version: RemoteWebDriver
Capabilities [{applicationCacheEnabled=true, rotatable=false, handlesAlerts=true, databaseEnabled=true, version=46.0, platform=WINDOWS, nativeEvents=false, acceptSslCerts=true, webStorageEnabled=true, locationContextEnabled=true, browserName=firefox, takesScreenshot=true, javascriptEnabled=true, cssSelectorsEnabled=true}]
Session ID: 99df7eaa-d61b-41bd-b9d4-8c4d35c40985)]]></system-out>
         <system-err><![CDATA[2019-05-15 16:17:09 - [TEST_CASE][FAILED] - Test Cases/Quote Creation/Quotes: Test Cases/Quote Creation/Quotes FAILED because (of) Unable to click on object 'Object Repository/Endorsement OR/btn_LOGOUT_UW' (Root cause: org.openqa.selenium.remote.UnreachableBrowserException: Error communicating with the remote browser. It may have died.
Build info: version: '2.53.0', revision: '35ae25b', time: '2016-03-15 17:00:58'
System info: host: 'CTSD006', ip: '192.168.0.214', os.name: 'Windows 10', os.arch: 'amd64', os.version: '10.0', java.version: '1.8.0_102'
Driver info: driver.version: RemoteWebDriver
Capabilities [{applicationCacheEnabled=true, rotatable=false, handlesAlerts=true, databaseEnabled=true, version=46.0, platform=WINDOWS, nativeEvents=false, acceptSslCerts=true, webStorageEnabled=true, locationContextEnabled=true, browserName=firefox, takesScreenshot=true, javascriptEnabled=true, cssSelectorsEnabled=true}]
Session ID: 99df7eaa-d61b-41bd-b9d4-8c4d35c40985)]]></system-err>
      </testcase>
      <system-out><![CDATA[2019-05-15 16:17:08 - [TEST_SUITE][FAILED] - PPE: Test Cases/Quote Creation/Quotes FAILED because (of) Unable to click on object 'Object Repository/Endorsement OR/btn_LOGOUT_UW' (Root cause: org.openqa.selenium.remote.UnreachableBrowserException: Error communicating with the remote browser. It may have died.
Build info: version: '2.53.0', revision: '35ae25b', time: '2016-03-15 17:00:58'
System info: host: 'CTSD006', ip: '192.168.0.214', os.name: 'Windows 10', os.arch: 'amd64', os.version: '10.0', java.version: '1.8.0_102'
Driver info: driver.version: RemoteWebDriver
Capabilities [{applicationCacheEnabled=true, rotatable=false, handlesAlerts=true, databaseEnabled=true, version=46.0, platform=WINDOWS, nativeEvents=false, acceptSslCerts=true, webStorageEnabled=true, locationContextEnabled=true, browserName=firefox, takesScreenshot=true, javascriptEnabled=true, cssSelectorsEnabled=true}]
Session ID: 99df7eaa-d61b-41bd-b9d4-8c4d35c40985)]]></system-out>
      <system-err><![CDATA[2019-05-15 16:17:08 - [TEST_SUITE][FAILED] - PPE: Test Cases/Quote Creation/Quotes FAILED because (of) Unable to click on object 'Object Repository/Endorsement OR/btn_LOGOUT_UW' (Root cause: org.openqa.selenium.remote.UnreachableBrowserException: Error communicating with the remote browser. It may have died.
Build info: version: '2.53.0', revision: '35ae25b', time: '2016-03-15 17:00:58'
System info: host: 'CTSD006', ip: '192.168.0.214', os.name: 'Windows 10', os.arch: 'amd64', os.version: '10.0', java.version: '1.8.0_102'
Driver info: driver.version: RemoteWebDriver
Capabilities [{applicationCacheEnabled=true, rotatable=false, handlesAlerts=true, databaseEnabled=true, version=46.0, platform=WINDOWS, nativeEvents=false, acceptSslCerts=true, webStorageEnabled=true, locationContextEnabled=true, browserName=firefox, takesScreenshot=true, javascriptEnabled=true, cssSelectorsEnabled=true}]
Session ID: 99df7eaa-d61b-41bd-b9d4-8c4d35c40985)]]></system-err>
   </testsuite>
</testsuites>
