{"devicePlatform":"","logFolder":"D:\\Katalon_Practice_Workspace\\Katalon_Mitendra\\Reports\\PPE\\20180119_135215","runData":{"hostName":"gsalunkhe - CTS-QUA-4.cogitate.india","hostAddress":"192.168.0.4","os":"Windows 7 64bit","katalonVersion":"5.0.1.1"},"type":"TEST_SUITE","name":"PPE","id":"Test Suites/PPE","source":"","message":"Test Cases/QUOTE_CREATION FAILED because (of) java.lang.IllegalStateException: The driver executable does not exist: E:\\chromedriver.exe","description":"","startTime":1516350136659,"endTime":1516350138058,"childRecords":[{"isOptional":false,"type":"TEST_CASE","name":"Test Cases/QUOTE_CREATION","id":"Test Cases/QUOTE_CREATION","source":"D:\\\\Katalon_Practice_Workspace\\\\Katalon_MitendraTest Cases\\\\QUOTE_CREATION.tc","message":"Test Cases/QUOTE_CREATION FAILED because (of) java.lang.IllegalStateException: The driver executable does not exist: E:\\chromedriver.exe","description":"Agent Quote process","startTime":1516350136941,"endTime":1516350137545,"childRecords":[{"testStatus":{"stackTrace":"","statusValue":"INFO"},"type":"MESSAGE","name":"","message":"Evaluating variables for test case","startTime":1516350137097,"endTime":0,"childRecords":[],"interuppted":false},{"index":1,"isIgnoredIfFailed":false,"type":"TEST_STEP","name":"Statement - java.lang.System.setProperty(\"webdriver.chrome.driver\", \"E:/chromedriver.exe\")","description":"","startTime":1516350137451,"endTime":1516350137455,"childRecords":[],"interuppted":false},{"index":2,"isIgnoredIfFailed":false,"type":"TEST_STEP","name":"Statement - driver \u003d new org.openqa.selenium.chrome.ChromeDriver()","description":"","startTime":1516350137456,"endTime":1516350137540,"childRecords":[],"interuppted":false},{"testStatus":{"stackTrace":"","statusValue":"ERROR"},"type":"MESSAGE","name":"","message":"Test Cases/QUOTE_CREATION FAILED because (of) java.lang.IllegalStateException: The driver executable does not exist: E:\\chromedriver.exe","startTime":1516350137541,"endTime":0,"childRecords":[],"interuppted":false}],"interuppted":false},{"isOptional":false,"type":"TEST_CASE","name":"Test Cases/APPLICATION_CREATION","id":"Test Cases/APPLICATION_CREATION","source":"D:\\\\Katalon_Practice_Workspace\\\\Katalon_MitendraTest Cases\\\\APPLICATION_CREATION.tc","message":"Test Cases/APPLICATION_CREATION FAILED because (of) java.lang.IllegalStateException: The driver executable does not exist: E:\\chromedriver.exe","description":"","startTime":1516350137599,"endTime":1516350137840,"childRecords":[{"testStatus":{"stackTrace":"","statusValue":"INFO"},"type":"MESSAGE","name":"","message":"Evaluating variables for test case","startTime":1516350137646,"endTime":0,"childRecords":[],"interuppted":false},{"index":1,"isIgnoredIfFailed":false,"type":"TEST_STEP","name":"Statement - java.lang.System.setProperty(\"webdriver.chrome.driver\", \"E:/chromedriver.exe\")","description":"","startTime":1516350137821,"endTime":1516350137823,"childRecords":[],"interuppted":false},{"index":2,"isIgnoredIfFailed":false,"type":"TEST_STEP","name":"Statement - driver \u003d new org.openqa.selenium.chrome.ChromeDriver()","description":"","startTime":1516350137824,"endTime":1516350137837,"childRecords":[],"interuppted":false},{"testStatus":{"stackTrace":"","statusValue":"ERROR"},"type":"MESSAGE","name":"","message":"Test Cases/APPLICATION_CREATION FAILED because (of) java.lang.IllegalStateException: The driver executable does not exist: E:\\chromedriver.exe","startTime":1516350137837,"endTime":0,"childRecords":[],"interuppted":false}],"interuppted":false},{"isOptional":false,"type":"TEST_CASE","name":"Test Cases/ENDORSEMENT_CREATION","id":"Test Cases/ENDORSEMENT_CREATION","source":"D:\\\\Katalon_Practice_Workspace\\\\Katalon_MitendraTest Cases\\\\ENDORSEMENT_CREATION.tc","message":"Test Cases/ENDORSEMENT_CREATION FAILED because (of) java.lang.IllegalStateException: The driver executable does not exist: E:\\chromedriver.exe","description":"","startTime":1516350137912,"endTime":1516350138025,"childRecords":[{"testStatus":{"stackTrace":"","statusValue":"INFO"},"type":"MESSAGE","name":"","message":"Evaluating variables for test case","startTime":1516350137928,"endTime":0,"childRecords":[],"interuppted":false},{"index":1,"isIgnoredIfFailed":false,"type":"TEST_STEP","name":"Statement - java.lang.System.setProperty(\"webdriver.chrome.driver\", \"E:/chromedriver.exe\")","description":"","startTime":1516350138007,"endTime":1516350138008,"childRecords":[],"interuppted":false},{"index":2,"isIgnoredIfFailed":false,"type":"TEST_STEP","name":"Statement - driver \u003d new org.openqa.selenium.chrome.ChromeDriver()","description":"","startTime":1516350138009,"endTime":1516350138022,"childRecords":[],"interuppted":false},{"testStatus":{"stackTrace":"","statusValue":"ERROR"},"type":"MESSAGE","name":"","message":"Test Cases/ENDORSEMENT_CREATION FAILED because (of) java.lang.IllegalStateException: The driver executable does not exist: E:\\chromedriver.exe","startTime":1516350138023,"endTime":0,"childRecords":[],"interuppted":false}],"interuppted":false}],"interuppted":false}