<?xml version="1.0" encoding="UTF-8"?>
<testsuites name="PPE" time="412" tests="2" failures="0" errors="1">
   <testsuite name="PPE" tests="2" failures="0" errors="1" time="412" timestamp="2018-01-17 20:05:12" hostname="gsalunkhe - CTS-QUA-4.cogitate.india" id="Test Suites/PPE">
      <properties>
         <property name="deviceName" value=""/>
         <property name="devicePlatform" value=""/>
         <property name="logFolder" value="D:\\Katalon_Practice_Workspace\\Katalon_Mitendra\\Reports\\PPE\\20180117_200510"/>
         <property name="logFiles" value="D:\\Katalon_Practice_Workspace\\Katalon_Mitendra\\Reports\\PPE\\20180117_200510\\execution0.log"/>
         <property name="attachments" value=""/>
         <property name="hostName" value="gsalunkhe - CTS-QUA-4.cogitate.india"/>
         <property name="os" value="Windows 7 64bit"/>
         <property name="katalonVersion" value="5.0.1.1"/>
         <property name="browser" value="Chrome 63.0.3239.132"/>
         <property name="hostAddress" value="192.168.0.4"/>
         <property name="sessionId" value="1091075e3c245df7c97a4478708b6afc"/>
         <property name="seleniumVersion" value="2.53.0"/>
         <property name="proxyInformation" value="ProxyInformation{proxyOption=NO_PROXY, proxyServerType=HTTP, password=, proxyServerAddress=, proxyServerPort=0}"/>
         <property name="platform" value="Windows 7"/>
      </properties>
      <testcase name="Test Cases/QUOTE_CREATION" classname="Test Cases/QUOTE_CREATION" status="PASSED">
         <system-out><![CDATA[2018-01-17 20:05:12 - [TEST_CASE][PASSED] - Test Cases/QUOTE_CREATION: Test Cases/QUOTE_CREATION

2018-01-17 20:05:13 - [TEST_STEP][PASSED] - openBrowser: Browser is opened with url: 'http://13.90.102.191:8066'

2018-01-17 20:05:20 - [MESSAGE][PASSED] - Browser is opened with url: 'http://13.90.102.191:8066'

2018-01-17 20:05:20 - [TEST_STEP][PASSED] - maximizeWindow: Current window maximized

2018-01-17 20:05:21 - [MESSAGE][PASSED] - Current window maximized

2018-01-17 20:05:21 - [TEST_STEP][PASSED] - setText: Text 'ih.chelms' is set on object 'Object Repository/Quote_OR/txtfield_USERNAME'

2018-01-17 20:05:22 - [MESSAGE][PASSED] - Text 'ih.chelms' is set on object 'Object Repository/Quote_OR/txtfield_USERNAME'

2018-01-17 20:05:22 - [TEST_STEP][PASSED] - setText: Text '10#Hammer' is set on object 'Object Repository/Quote_OR/txtfield_PASSWORD'

2018-01-17 20:05:22 - [MESSAGE][PASSED] - Text '10#Hammer' is set on object 'Object Repository/Quote_OR/txtfield_PASSWORD'

2018-01-17 20:05:22 - [TEST_STEP][PASSED] - click: Object: 'Object Repository/Quote_OR/btn-LOGIN' is clicked on

2018-01-17 20:05:24 - [MESSAGE][PASSED] - Object: 'Object Repository/Quote_OR/btn-LOGIN' is clicked on

2018-01-17 20:05:24 - [TEST_STEP][PASSED] - setText: Text '650 N Billups St Athens, GA 30606 USA' is set on object 'Object Repository/Quote_OR/txtfield_ADDRESS_ON_LANDING_PAGE'

2018-01-17 20:05:25 - [MESSAGE][PASSED] - Text '650 N Billups St Athens, GA 30606 USA' is set on object 'Object Repository/Quote_OR/txtfield_ADDRESS_ON_LANDING_PAGE'

2018-01-17 20:05:25 - [TEST_STEP][PASSED] - click: Object: 'Object Repository/Quote_OR/btn_SEARCH_ADDRESS' is clicked on

2018-01-17 20:05:36 - [MESSAGE][PASSED] - Object: 'Object Repository/Quote_OR/btn_SEARCH_ADDRESS' is clicked on

2018-01-17 20:05:36 - [TEST_STEP][PASSED] - waitForPageLoad: Wait for page load successfully

2018-01-17 20:05:37 - [MESSAGE][PASSED] - Wait for page load successfully

2018-01-17 20:05:37 - [TEST_STEP][PASSED] - selectOptionByIndex: All options with index in [1] are selected on object 'Object Repository/Quote_OR/drp_PROPERTY_TYPE'

2018-01-17 20:05:37 - [MESSAGE][PASSED] - All options with index in [1] are selected on object 'Object Repository/Quote_OR/drp_PROPERTY_TYPE'

2018-01-17 20:05:37 - [TEST_STEP][PASSED] - setText: Text '' is set on object 'Object Repository/Quote_OR/txtfield_HOME_VALUATION'

2018-01-17 20:05:37 - [MESSAGE][PASSED] - Text '' is set on object 'Object Repository/Quote_OR/txtfield_HOME_VALUATION'

2018-01-17 20:05:37 - [TEST_STEP][PASSED] - selectOptionByIndex: All options with index in [2] are selected on object 'Object Repository/Quote_OR/drp_CONSTRUCTION_TYPE'

2018-01-17 20:05:37 - [MESSAGE][PASSED] - All options with index in [2] are selected on object 'Object Repository/Quote_OR/drp_CONSTRUCTION_TYPE'

2018-01-17 20:05:37 - [TEST_STEP][PASSED] - setText: Text '100000' is set on object 'Object Repository/Quote_OR/txtfield_HOME_VALUATION'

2018-01-17 20:05:38 - [MESSAGE][PASSED] - Text '100000' is set on object 'Object Repository/Quote_OR/txtfield_HOME_VALUATION'

2018-01-17 20:05:38 - [TEST_STEP][PASSED] - delay: Delayed 2 second(s)

2018-01-17 20:05:40 - [MESSAGE][PASSED] - Delayed 2 second(s)

2018-01-17 20:05:40 - [TEST_STEP][PASSED] - setText: Text '' is set on object 'Object Repository/Quote_OR/txtbx_YEARHOMEBUILD'

2018-01-17 20:05:40 - [MESSAGE][PASSED] - Text '' is set on object 'Object Repository/Quote_OR/txtbx_YEARHOMEBUILD'

2018-01-17 20:05:40 - [TEST_STEP][PASSED] - setText: Text '1968' is set on object 'Object Repository/Quote_OR/txtbx_YEARHOMEBUILD'

2018-01-17 20:05:40 - [MESSAGE][PASSED] - Text '1968' is set on object 'Object Repository/Quote_OR/txtbx_YEARHOMEBUILD'

2018-01-17 20:05:40 - [TEST_STEP][PASSED] - click: Object: 'Object Repository/Quote_OR/btn_GETQUOTE' is clicked on

2018-01-17 20:05:40 - [MESSAGE][PASSED] - Object: 'Object Repository/Quote_OR/btn_GETQUOTE' is clicked on

2018-01-17 20:05:40 - [TEST_STEP][PASSED] - delay: Delayed 1 second(s)

2018-01-17 20:05:41 - [MESSAGE][PASSED] - Delayed 1 second(s)

2018-01-17 20:05:41 - [TEST_STEP][PASSED] - click: Object: 'Object Repository/Quote_OR/btn_SENDQUOTE' is clicked on

2018-01-17 20:05:52 - [MESSAGE][PASSED] - Object: 'Object Repository/Quote_OR/btn_SENDQUOTE' is clicked on

2018-01-17 20:05:52 - [TEST_STEP][PASSED] - delay: Delayed 1 second(s)

2018-01-17 20:05:53 - [MESSAGE][PASSED] - Delayed 1 second(s)

2018-01-17 20:05:53 - [TEST_STEP][PASSED] - setText: Text 'Ganesh' is set on object 'Object Repository/Quote_OR/txtfield_SENDQUOTE_FIRSTNAME'

2018-01-17 20:05:53 - [MESSAGE][PASSED] - Text 'Ganesh' is set on object 'Object Repository/Quote_OR/txtfield_SENDQUOTE_FIRSTNAME'

2018-01-17 20:05:53 - [TEST_STEP][PASSED] - setText: Text 'Salunkhe' is set on object 'Object Repository/Quote_OR/txtfield_SENDQUOTE_LASTNAME'

2018-01-17 20:05:54 - [MESSAGE][PASSED] - Text 'Salunkhe' is set on object 'Object Repository/Quote_OR/txtfield_SENDQUOTE_LASTNAME'

2018-01-17 20:05:54 - [TEST_STEP][PASSED] - delay: Delayed 10 second(s)

2018-01-17 20:06:04 - [MESSAGE][PASSED] - Delayed 10 second(s)

2018-01-17 20:06:04 - [TEST_STEP][PASSED] - setText: Text '9768180080' is set on object 'Object Repository/Quote_OR/txtfield_SENDQUOTE_CONTACTNUMBER'

2018-01-17 20:06:04 - [MESSAGE][PASSED] - Text '9768180080' is set on object 'Object Repository/Quote_OR/txtfield_SENDQUOTE_CONTACTNUMBER'

2018-01-17 20:06:04 - [TEST_STEP][PASSED] - delay: Delayed 10 second(s)

2018-01-17 20:06:14 - [MESSAGE][PASSED] - Delayed 10 second(s)

2018-01-17 20:06:14 - [TEST_STEP][PASSED] - setText: Text 'gsalunkhe@cogitate.us' is set on object 'Object Repository/Quote_OR/txtfield_SENDQUOTE_EMAIL'

2018-01-17 20:06:14 - [MESSAGE][PASSED] - Text 'gsalunkhe@cogitate.us' is set on object 'Object Repository/Quote_OR/txtfield_SENDQUOTE_EMAIL'

2018-01-17 20:06:14 - [TEST_STEP][PASSED] - delay: Delayed 10 second(s)

2018-01-17 20:06:24 - [MESSAGE][PASSED] - Delayed 10 second(s)

2018-01-17 20:06:24 - [TEST_STEP][PASSED] - click: Object: 'Object Repository/Quote_OR/btn_SEND_QUOTE_DETAILS' is clicked on

2018-01-17 20:06:24 - [MESSAGE][PASSED] - Object: 'Object Repository/Quote_OR/btn_SEND_QUOTE_DETAILS' is clicked on

2018-01-17 20:06:24 - [TEST_STEP][PASSED] - selectOptionByIndex: All options with index in [1] are selected on object 'Object Repository/Quote_OR/drp_CONSTRUCTION_TYPE'

2018-01-17 20:06:25 - [MESSAGE][PASSED] - All options with index in [1] are selected on object 'Object Repository/Quote_OR/drp_CONSTRUCTION_TYPE'

2018-01-17 20:06:25 - [TEST_STEP][PASSED] - delay: Delayed 5 second(s)

2018-01-17 20:06:30 - [MESSAGE][PASSED] - Delayed 5 second(s)

2018-01-17 20:06:30 - [TEST_STEP][PASSED] - click: Object: 'Object Repository/Quote_OR/btn_RECALCULATE_PREMIUM' is clicked on

2018-01-17 20:06:30 - [MESSAGE][PASSED] - Object: 'Object Repository/Quote_OR/btn_RECALCULATE_PREMIUM' is clicked on]]></system-out>
         <system-err><![CDATA[]]></system-err>
      </testcase>
      <testcase name="Test Cases/APPLICATION_CREATION" classname="Test Cases/APPLICATION_CREATION" status="PASSED">
         <system-out><![CDATA[2018-01-17 20:06:30 - [TEST_CASE][PASSED] - Test Cases/APPLICATION_CREATION: Test Cases/APPLICATION_CREATION

2018-01-17 20:06:30 - [TEST_STEP][PASSED] - setText: Text '360 N Church St Athens, GA 30601 USA' is set on object 'Object Repository/Application_OR/txtfield_ADDRESS_ON_QUOTE_PAGE'

2018-01-17 20:06:31 - [MESSAGE][PASSED] - Text '360 N Church St Athens, GA 30601 USA' is set on object 'Object Repository/Application_OR/txtfield_ADDRESS_ON_QUOTE_PAGE'

2018-01-17 20:06:31 - [TEST_STEP][PASSED] - click: Object: 'Object Repository/Application_OR/btn_SEARCH_ADDRESS_QUOTE_PAGE' is clicked on

2018-01-17 20:06:55 - [MESSAGE][PASSED] - Object: 'Object Repository/Application_OR/btn_SEARCH_ADDRESS_QUOTE_PAGE' is clicked on

2018-01-17 20:06:55 - [TEST_STEP][PASSED] - setText: Text '' is set on object 'Object Repository/Quote_OR/txtbx_YEARHOMEBUILD'

2018-01-17 20:06:56 - [MESSAGE][PASSED] - Text '' is set on object 'Object Repository/Quote_OR/txtbx_YEARHOMEBUILD'

2018-01-17 20:06:56 - [TEST_STEP][PASSED] - setText: Text '2000' is set on object 'Object Repository/Quote_OR/txtbx_YEARHOMEBUILD'

2018-01-17 20:06:56 - [MESSAGE][PASSED] - Text '2000' is set on object 'Object Repository/Quote_OR/txtbx_YEARHOMEBUILD'

2018-01-17 20:06:56 - [TEST_STEP][PASSED] - selectOptionByIndex: All options with index in [2] are selected on object 'Object Repository/Quote_OR/drp_CONSTRUCTION_TYPE'

2018-01-17 20:06:56 - [MESSAGE][PASSED] - All options with index in [2] are selected on object 'Object Repository/Quote_OR/drp_CONSTRUCTION_TYPE'

2018-01-17 20:06:56 - [TEST_STEP][PASSED] - setText: Text '' is set on object 'Object Repository/Quote_OR/txtfield_HOME_VALUATION'

2018-01-17 20:06:56 - [MESSAGE][PASSED] - Text '' is set on object 'Object Repository/Quote_OR/txtfield_HOME_VALUATION'

2018-01-17 20:06:56 - [TEST_STEP][PASSED] - setText: Text '100000' is set on object 'Object Repository/Quote_OR/txtfield_HOME_VALUATION'

2018-01-17 20:06:56 - [MESSAGE][PASSED] - Text '100000' is set on object 'Object Repository/Quote_OR/txtfield_HOME_VALUATION'

2018-01-17 20:06:56 - [TEST_STEP][PASSED] - click: Object: 'Object Repository/Quote_OR/btn_GETQUOTE' is clicked on

2018-01-17 20:06:56 - [MESSAGE][PASSED] - Object: 'Object Repository/Quote_OR/btn_GETQUOTE' is clicked on

2018-01-17 20:06:56 - [TEST_STEP][PASSED] - delay: Delayed 1 second(s)

2018-01-17 20:06:57 - [MESSAGE][PASSED] - Delayed 1 second(s)

2018-01-17 20:06:57 - [TEST_STEP][PASSED] - click: Object: 'Object Repository/Application_OR/btn_TOAPPLICATION' is clicked on

2018-01-17 20:07:20 - [MESSAGE][PASSED] - Object: 'Object Repository/Application_OR/btn_TOAPPLICATION' is clicked on

2018-01-17 20:07:20 - [TEST_STEP][PASSED] - delay: Delayed 10 second(s)

2018-01-17 20:07:30 - [MESSAGE][PASSED] - Delayed 10 second(s)

2018-01-17 20:07:30 - [TEST_STEP][PASSED] - click: Object: 'Object Repository/Application_OR/btn_CONTINUE_UW_QUESTIONS' is clicked on

2018-01-17 20:07:31 - [MESSAGE][PASSED] - Object: 'Object Repository/Application_OR/btn_CONTINUE_UW_QUESTIONS' is clicked on

2018-01-17 20:07:31 - [TEST_STEP][PASSED] - delay: Delayed 10 second(s)

2018-01-17 20:07:41 - [MESSAGE][PASSED] - Delayed 10 second(s)

2018-01-17 20:07:41 - [TEST_STEP][PASSED] - delay: Delayed 3 second(s)

2018-01-17 20:07:44 - [MESSAGE][PASSED] - Delayed 3 second(s)

2018-01-17 20:07:44 - [TEST_STEP][PASSED] - click: Object: 'Object Repository/Application_OR/txtfield_INSURED_FIRSTNAME' is clicked on

2018-01-17 20:07:44 - [MESSAGE][PASSED] - Object: 'Object Repository/Application_OR/txtfield_INSURED_FIRSTNAME' is clicked on

2018-01-17 20:07:44 - [TEST_STEP][PASSED] - setText: Text 'Ross' is set on object 'Object Repository/Application_OR/txtfield_INSURED_FIRSTNAME'

2018-01-17 20:07:44 - [MESSAGE][PASSED] - Text 'Ross' is set on object 'Object Repository/Application_OR/txtfield_INSURED_FIRSTNAME'

2018-01-17 20:07:44 - [TEST_STEP][PASSED] - setText: Text 'Marshal' is set on object 'Object Repository/Application_OR/txtfield_INSURED_MIDDLENAME'

2018-01-17 20:07:44 - [MESSAGE][PASSED] - Text 'Marshal' is set on object 'Object Repository/Application_OR/txtfield_INSURED_MIDDLENAME'

2018-01-17 20:07:44 - [TEST_STEP][PASSED] - setText: Text 'Guptil' is set on object 'Object Repository/Application_OR/txtfield_INSURED_LASTNAME'

2018-01-17 20:07:44 - [MESSAGE][PASSED] - Text 'Guptil' is set on object 'Object Repository/Application_OR/txtfield_INSURED_LASTNAME'

2018-01-17 20:07:44 - [TEST_STEP][PASSED] - setText: Text '09/10/1999' is set on object 'Object Repository/Application_OR/txtfield_INSURED_DOB'

2018-01-17 20:07:44 - [MESSAGE][PASSED] - Text '09/10/1999' is set on object 'Object Repository/Application_OR/txtfield_INSURED_DOB'

2018-01-17 20:07:44 - [TEST_STEP][PASSED] - delay: Delayed 5 second(s)

2018-01-17 20:07:49 - [MESSAGE][PASSED] - Delayed 5 second(s)

2018-01-17 20:07:49 - [TEST_STEP][PASSED] - setText: Text 'gsalunkhe@cogitate.us' is set on object 'Object Repository/Application_OR/txtfield_INSURED_EMAIL'

2018-01-17 20:07:50 - [MESSAGE][PASSED] - Text 'gsalunkhe@cogitate.us' is set on object 'Object Repository/Application_OR/txtfield_INSURED_EMAIL'

2018-01-17 20:07:50 - [TEST_STEP][PASSED] - delay: Delayed 5 second(s)

2018-01-17 20:07:55 - [MESSAGE][PASSED] - Delayed 5 second(s)

2018-01-17 20:07:55 - [TEST_STEP][PASSED] - setText: Text '9768180080' is set on object 'Object Repository/Application_OR/txtfield_INSURED_CONTACTNUMBER'

2018-01-17 20:07:55 - [MESSAGE][PASSED] - Text '9768180080' is set on object 'Object Repository/Application_OR/txtfield_INSURED_CONTACTNUMBER'

2018-01-17 20:07:55 - [TEST_STEP][PASSED] - delay: Delayed 5 second(s)

2018-01-17 20:08:00 - [MESSAGE][PASSED] - Delayed 5 second(s)

2018-01-17 20:08:00 - [TEST_STEP][PASSED] - Statement - hdnPolicyInfoId = com.kms.katalon.core.testobject.ObjectRepository.findTestObject(Generic_OR/hdnPolicyInfoId): Finding Test Object with id 'Object Repository/Generic_OR/hdnPolicyInfoId'

2018-01-17 20:08:00 - [TEST_STEP][PASSED] - Statement - policyInfoid = com.kms.katalon.core.webui.keyword.WebUiBuiltInKeywords.getAttribute(hdnPolicyInfoId, "value"): Attribute 'value' of object 'Object Repository/Generic_OR/hdnPolicyInfoId' is: '3291'

2018-01-17 20:08:00 - [MESSAGE][PASSED] - Attribute 'value' of object 'Object Repository/Generic_OR/hdnPolicyInfoId' is: '3291'

2018-01-17 20:08:00 - [TEST_STEP][PASSED] - Statement - policyInfoId = policyInfoid: null

2018-01-17 20:08:00 - [TEST_STEP][PASSED] - click: Object: 'Object Repository/Application_OR/btn_POLICYHOLDER_SAVEANDCONTINUE' is clicked on

2018-01-17 20:08:00 - [MESSAGE][PASSED] - Object: 'Object Repository/Application_OR/btn_POLICYHOLDER_SAVEANDCONTINUE' is clicked on

2018-01-17 20:08:00 - [TEST_STEP][PASSED] - delay: Delayed 1 second(s)

2018-01-17 20:08:01 - [MESSAGE][PASSED] - Delayed 1 second(s)

2018-01-17 20:08:01 - [TEST_STEP][PASSED] - click: Object: 'Object Repository/Application_OR/drp_ROOFTYPE_PROPERTYPAGE' is clicked on

2018-01-17 20:08:02 - [MESSAGE][PASSED] - Object: 'Object Repository/Application_OR/drp_ROOFTYPE_PROPERTYPAGE' is clicked on

2018-01-17 20:08:02 - [TEST_STEP][PASSED] - delay: Delayed 3 second(s)

2018-01-17 20:08:05 - [MESSAGE][PASSED] - Delayed 3 second(s)

2018-01-17 20:08:05 - [TEST_STEP][PASSED] - selectOptionByIndex: All options with index in [1] are selected on object 'Object Repository/Application_OR/drp_ROOFTYPE_PROPERTYPAGE'

2018-01-17 20:08:05 - [MESSAGE][PASSED] - All options with index in [1] are selected on object 'Object Repository/Application_OR/drp_ROOFTYPE_PROPERTYPAGE'

2018-01-17 20:08:05 - [TEST_STEP][PASSED] - delay: Delayed 2 second(s)

2018-01-17 20:08:07 - [MESSAGE][PASSED] - Delayed 2 second(s)

2018-01-17 20:08:07 - [TEST_STEP][PASSED] - selectOptionByIndex: All options with index in [3] are selected on object 'Object Repository/Application_OR/drp_FOUNDATIONTYPE_PROPERTYPAGE'

2018-01-17 20:08:08 - [MESSAGE][PASSED] - All options with index in [3] are selected on object 'Object Repository/Application_OR/drp_FOUNDATIONTYPE_PROPERTYPAGE'

2018-01-17 20:08:08 - [TEST_STEP][PASSED] - delay: Delayed 2 second(s)

2018-01-17 20:08:10 - [MESSAGE][PASSED] - Delayed 2 second(s)

2018-01-17 20:08:10 - [TEST_STEP][PASSED] - selectOptionByIndex: All options with index in [7] are selected on object 'Object Repository/Application_OR/drp_HEATINGTYPE_PROPERTYPAGE'

2018-01-17 20:08:10 - [MESSAGE][PASSED] - All options with index in [7] are selected on object 'Object Repository/Application_OR/drp_HEATINGTYPE_PROPERTYPAGE'

2018-01-17 20:08:10 - [TEST_STEP][PASSED] - delay: Delayed 5 second(s)

2018-01-17 20:08:15 - [MESSAGE][PASSED] - Delayed 5 second(s)

2018-01-17 20:08:15 - [TEST_STEP][PASSED] - click: Object: 'Object Repository/Application_OR/btn_OCCUPANYPAGE_SAVEANDCONTINUE' is clicked on

2018-01-17 20:08:15 - [MESSAGE][PASSED] - Object: 'Object Repository/Application_OR/btn_OCCUPANYPAGE_SAVEANDCONTINUE' is clicked on

2018-01-17 20:08:15 - [TEST_STEP][PASSED] - delay: Delayed 1 second(s)

2018-01-17 20:08:16 - [MESSAGE][PASSED] - Delayed 1 second(s)

2018-01-17 20:08:16 - [TEST_STEP][PASSED] - click: Object: 'Object Repository/Application_OR/btn_YES_ROOFAGE_POPUP' is clicked on

2018-01-17 20:08:16 - [MESSAGE][PASSED] - Object: 'Object Repository/Application_OR/btn_YES_ROOFAGE_POPUP' is clicked on

2018-01-17 20:08:16 - [TEST_STEP][PASSED] - delay: Delayed 1 second(s)

2018-01-17 20:08:17 - [MESSAGE][PASSED] - Delayed 1 second(s)

2018-01-17 20:08:17 - [TEST_STEP][PASSED] - click: Object: 'Object Repository/Application_OR/btn_YES_ELECTRICALAGE_POPUP' is clicked on

2018-01-17 20:08:17 - [MESSAGE][PASSED] - Object: 'Object Repository/Application_OR/btn_YES_ELECTRICALAGE_POPUP' is clicked on

2018-01-17 20:08:17 - [TEST_STEP][PASSED] - delay: Delayed 1 second(s)

2018-01-17 20:08:18 - [MESSAGE][PASSED] - Delayed 1 second(s)

2018-01-17 20:08:18 - [TEST_STEP][PASSED] - click: Object: 'Object Repository/Application_OR/btn_YES_ELECTRICALAGE_POPUP' is clicked on

2018-01-17 20:08:18 - [MESSAGE][PASSED] - Object: 'Object Repository/Application_OR/btn_YES_ELECTRICALAGE_POPUP' is clicked on

2018-01-17 20:08:18 - [TEST_STEP][PASSED] - delay: Delayed 5 second(s)

2018-01-17 20:08:23 - [MESSAGE][PASSED] - Delayed 5 second(s)

2018-01-17 20:08:23 - [TEST_STEP][PASSED] - click: Object: 'Object Repository/Application_OR/btn_OCCUPANYPAGE_SAVEANDCONTINUE' is clicked on

2018-01-17 20:08:25 - [MESSAGE][PASSED] - Object: 'Object Repository/Application_OR/btn_OCCUPANYPAGE_SAVEANDCONTINUE' is clicked on

2018-01-17 20:08:25 - [TEST_STEP][PASSED] - delay: Delayed 5 second(s)

2018-01-17 20:08:30 - [MESSAGE][PASSED] - Delayed 5 second(s)

2018-01-17 20:08:30 - [TEST_STEP][PASSED] - check: Object 'Object Repository/Application_OR/chkbx_AGREEMENT' is checked

2018-01-17 20:08:30 - [MESSAGE][PASSED] - Object 'Object Repository/Application_OR/chkbx_AGREEMENT' is checked

2018-01-17 20:08:30 - [TEST_STEP][PASSED] - delay: Delayed 10 second(s)

2018-01-17 20:08:40 - [MESSAGE][PASSED] - Delayed 10 second(s)

2018-01-17 20:08:40 - [TEST_STEP][PASSED] - click: Object: 'Object Repository/Application_OR/btn_OCCUPANYPAGE_SAVEANDCONTINUE' is clicked on

2018-01-17 20:08:40 - [MESSAGE][PASSED] - Object: 'Object Repository/Application_OR/btn_OCCUPANYPAGE_SAVEANDCONTINUE' is clicked on

2018-01-17 20:08:40 - [TEST_STEP][PASSED] - delay: Delayed 5 second(s)

2018-01-17 20:08:45 - [MESSAGE][PASSED] - Delayed 5 second(s)

2018-01-17 20:08:45 - [TEST_STEP][PASSED] - click: Object: 'Object Repository/Application_OR/btn_SIGNAPPLICATION_AGENT' is clicked on

2018-01-17 20:09:01 - [MESSAGE][PASSED] - Object: 'Object Repository/Application_OR/btn_SIGNAPPLICATION_AGENT' is clicked on

2018-01-17 20:09:01 - [TEST_STEP][PASSED] - delay: Delayed 5 second(s)

2018-01-17 20:09:06 - [MESSAGE][PASSED] - Delayed 5 second(s)

2018-01-17 20:09:06 - [TEST_STEP][PASSED] - click: Object: 'Object Repository/Application_OR/btn_INSURED_SIGNATURE' is clicked on

2018-01-17 20:09:06 - [MESSAGE][PASSED] - Object: 'Object Repository/Application_OR/btn_INSURED_SIGNATURE' is clicked on

2018-01-17 20:09:06 - [TEST_STEP][PASSED] - delay: Delayed 5 second(s)

2018-01-17 20:09:11 - [MESSAGE][PASSED] - Delayed 5 second(s)

2018-01-17 20:09:11 - [TEST_STEP][PASSED] - click: Object: 'Object Repository/Application_OR/txtbx_INSURED_SIGNATURE' is clicked on

2018-01-17 20:09:11 - [MESSAGE][PASSED] - Object: 'Object Repository/Application_OR/txtbx_INSURED_SIGNATURE' is clicked on

2018-01-17 20:09:11 - [TEST_STEP][PASSED] - delay: Delayed 5 second(s)

2018-01-17 20:09:16 - [MESSAGE][PASSED] - Delayed 5 second(s)

2018-01-17 20:09:16 - [TEST_STEP][PASSED] - setText: Text 'Ross Marshal Guptil' is set on object 'Object Repository/Application_OR/txtbx_INSURED_SIGNATURE'

2018-01-17 20:09:16 - [MESSAGE][PASSED] - Text 'Ross Marshal Guptil' is set on object 'Object Repository/Application_OR/txtbx_INSURED_SIGNATURE'

2018-01-17 20:09:16 - [TEST_STEP][PASSED] - click: Object: 'Object Repository/Application_OR/btn_SUBMIT_INSURED_SIGNATURE' is clicked on

2018-01-17 20:09:16 - [MESSAGE][PASSED] - Object: 'Object Repository/Application_OR/btn_SUBMIT_INSURED_SIGNATURE' is clicked on

2018-01-17 20:09:16 - [TEST_STEP][PASSED] - Statement - otpQuery = "SELECT TOP 1 OtpGenerated FROM PPE_ApplicationForms_trn where PolicyInfoId = " + policyInfoId + " Order BY ModifiedDateTime DESC": null

2018-01-17 20:09:16 - [TEST_STEP][PASSED] - Statement - println("otpQuery" + " " + otpQuery): null

2018-01-17 20:09:16 - [TEST_STEP][PASSED] - com.PPE.Database_Connection.connectDB: com.PPE.Database_Connection.connectDB is PASSED

2018-01-17 20:09:18 - [MESSAGE][PASSED] - com.PPE.Database_Connection.connectDB is PASSED

2018-01-17 20:09:18 - [TEST_STEP][PASSED] - Statement - recordset = CustomKeywords.com.PPE.Database_Connection.executeQuery(otpQuery): com.PPE.Database_Connection.executeQuery is PASSED

2018-01-17 20:09:18 - [MESSAGE][PASSED] - com.PPE.Database_Connection.executeQuery is PASSED

2018-01-17 20:09:18 - [TEST_STEP][PASSED] - Statement - otp = 0: null

2018-01-17 20:09:18 - [TEST_STEP][PASSED] - Statement - While (recordset.next()): null

2018-01-17 20:09:18 - [TEST_STEP][PASSED] - Statement - otp = recordset.getObject("OtpGenerated"): null

2018-01-17 20:09:18 - [TEST_STEP][PASSED] - Statement - println("otp" + " " + otp): null

2018-01-17 20:09:18 - [TEST_STEP][PASSED] - delay: Delayed 10 second(s)

2018-01-17 20:09:28 - [MESSAGE][PASSED] - Delayed 10 second(s)

2018-01-17 20:09:28 - [TEST_STEP][PASSED] - Statement - txtOtp = com.kms.katalon.core.testobject.ObjectRepository.findTestObject(Application_OR/txtfield-OTP): Finding Test Object with id 'Object Repository/Application_OR/txtfield-OTP'

2018-01-17 20:09:28 - [TEST_STEP][PASSED] - setText: Text '1537' is set on object 'Object Repository/Application_OR/txtfield-OTP'

2018-01-17 20:09:28 - [MESSAGE][PASSED] - Text '1537' is set on object 'Object Repository/Application_OR/txtfield-OTP'

2018-01-17 20:09:28 - [TEST_STEP][PASSED] - delay: Delayed 1 second(s)

2018-01-17 20:09:29 - [MESSAGE][PASSED] - Delayed 1 second(s)

2018-01-17 20:09:29 - [TEST_STEP][PASSED] - click: Object: 'Object Repository/Application_OR/btn_OTP_VERIFY' is clicked on

2018-01-17 20:09:29 - [MESSAGE][PASSED] - Object: 'Object Repository/Application_OR/btn_OTP_VERIFY' is clicked on

2018-01-17 20:09:29 - [TEST_STEP][PASSED] - delay: Delayed 5 second(s)

2018-01-17 20:09:34 - [MESSAGE][PASSED] - Delayed 5 second(s)

2018-01-17 20:09:34 - [TEST_STEP][PASSED] - click: Object: 'Object Repository/Application_OR/btn_AGENT_SIGNATURE' is clicked on

2018-01-17 20:09:35 - [MESSAGE][PASSED] - Object: 'Object Repository/Application_OR/btn_AGENT_SIGNATURE' is clicked on

2018-01-17 20:09:35 - [TEST_STEP][PASSED] - delay: Delayed 2 second(s)

2018-01-17 20:09:37 - [MESSAGE][PASSED] - Delayed 2 second(s)

2018-01-17 20:09:37 - [TEST_STEP][PASSED] - click: Object: 'Object Repository/Application_OR/txtbx_AGENT_SIGNATURE' is clicked on

2018-01-17 20:09:37 - [MESSAGE][PASSED] - Object: 'Object Repository/Application_OR/txtbx_AGENT_SIGNATURE' is clicked on

2018-01-17 20:09:37 - [TEST_STEP][PASSED] - delay: Delayed 2 second(s)

2018-01-17 20:09:39 - [MESSAGE][PASSED] - Delayed 2 second(s)

2018-01-17 20:09:39 - [TEST_STEP][PASSED] - setText: Text 'clement helms' is set on object 'Object Repository/Application_OR/txtbx_AGENT_SIGNATURE'

2018-01-17 20:09:39 - [MESSAGE][PASSED] - Text 'clement helms' is set on object 'Object Repository/Application_OR/txtbx_AGENT_SIGNATURE'

2018-01-17 20:09:39 - [TEST_STEP][PASSED] - delay: Delayed 2 second(s)

2018-01-17 20:09:41 - [MESSAGE][PASSED] - Delayed 2 second(s)

2018-01-17 20:09:41 - [TEST_STEP][PASSED] - click: Object: 'Object Repository/Application_OR/btn_SUBMIT_AGENT_SIGNATURE' is clicked on

2018-01-17 20:09:41 - [MESSAGE][PASSED] - Object: 'Object Repository/Application_OR/btn_SUBMIT_AGENT_SIGNATURE' is clicked on

2018-01-17 20:09:41 - [TEST_STEP][PASSED] - delay: Delayed 5 second(s)

2018-01-17 20:09:46 - [MESSAGE][PASSED] - Delayed 5 second(s)

2018-01-17 20:09:46 - [TEST_STEP][PASSED] - click: Object: 'Object Repository/Application_OR/btn_SURPLUSLINE_ACK' is clicked on

2018-01-17 20:09:47 - [MESSAGE][PASSED] - Object: 'Object Repository/Application_OR/btn_SURPLUSLINE_ACK' is clicked on

2018-01-17 20:09:47 - [TEST_STEP][PASSED] - delay: Delayed 5 second(s)

2018-01-17 20:09:52 - [MESSAGE][PASSED] - Delayed 5 second(s)

2018-01-17 20:09:52 - [TEST_STEP][PASSED] - click: Object: 'Object Repository/Application_OR/txtfield_SURPLUSLINE_FORM_TEXT' is clicked on

2018-01-17 20:09:52 - [MESSAGE][PASSED] - Object: 'Object Repository/Application_OR/txtfield_SURPLUSLINE_FORM_TEXT' is clicked on

2018-01-17 20:09:52 - [TEST_STEP][PASSED] - setText: Text 'Testing' is set on object 'Object Repository/Application_OR/txtfield_SURPLUSLINE_FORM_TEXT'

2018-01-17 20:09:52 - [MESSAGE][PASSED] - Text 'Testing' is set on object 'Object Repository/Application_OR/txtfield_SURPLUSLINE_FORM_TEXT'

2018-01-17 20:09:52 - [TEST_STEP][PASSED] - delay: Delayed 5 second(s)

2018-01-17 20:09:57 - [MESSAGE][PASSED] - Delayed 5 second(s)

2018-01-17 20:09:57 - [TEST_STEP][PASSED] - click: Object: 'Object Repository/Application_OR/btn_SUBMIT_SURPLUSLINE' is clicked on

2018-01-17 20:09:57 - [MESSAGE][PASSED] - Object: 'Object Repository/Application_OR/btn_SUBMIT_SURPLUSLINE' is clicked on

2018-01-17 20:09:57 - [TEST_STEP][PASSED] - delay: Delayed 5 second(s)

2018-01-17 20:10:02 - [MESSAGE][PASSED] - Delayed 5 second(s)

2018-01-17 20:10:02 - [TEST_STEP][PASSED] - click: Object: 'Object Repository/Application_OR/btn_SUBMIT_FOR_UW_APPROVAL' is clicked on

2018-01-17 20:10:05 - [MESSAGE][PASSED] - Object: 'Object Repository/Application_OR/btn_SUBMIT_FOR_UW_APPROVAL' is clicked on

2018-01-17 20:10:05 - [TEST_STEP][PASSED] - delay: Delayed 8 second(s)

2018-01-17 20:10:14 - [MESSAGE][PASSED] - Delayed 8 second(s)

2018-01-17 20:10:14 - [TEST_STEP][PASSED] - click: Object: 'Object Repository/Application_OR/btn_LOGOUT' is clicked on

2018-01-17 20:10:14 - [MESSAGE][PASSED] - Object: 'Object Repository/Application_OR/btn_LOGOUT' is clicked on

2018-01-17 20:10:14 - [TEST_STEP][PASSED] - delay: Delayed 5 second(s)

2018-01-17 20:10:19 - [MESSAGE][PASSED] - Delayed 5 second(s)

2018-01-17 20:10:19 - [TEST_STEP][PASSED] - setText: Text 'ih.william' is set on object 'Object Repository/Quote_OR/txtfield_USERNAME'

2018-01-17 20:10:19 - [MESSAGE][PASSED] - Text 'ih.william' is set on object 'Object Repository/Quote_OR/txtfield_USERNAME'

2018-01-17 20:10:19 - [TEST_STEP][PASSED] - setText: Text '10#Hammer' is set on object 'Object Repository/Quote_OR/txtfield_PASSWORD'

2018-01-17 20:10:20 - [MESSAGE][PASSED] - Text '10#Hammer' is set on object 'Object Repository/Quote_OR/txtfield_PASSWORD'

2018-01-17 20:10:20 - [TEST_STEP][PASSED] - click: Object: 'Object Repository/Quote_OR/btn-LOGIN' is clicked on

2018-01-17 20:10:22 - [MESSAGE][PASSED] - Object: 'Object Repository/Quote_OR/btn-LOGIN' is clicked on

2018-01-17 20:10:22 - [TEST_STEP][PASSED] - delay: Delayed 5 second(s)

2018-01-17 20:10:27 - [MESSAGE][PASSED] - Delayed 5 second(s)

2018-01-17 20:10:27 - [TEST_STEP][PASSED] - Statement - btnId = "//*[@id="btnLoadApplication_" + policyInfoId + ""]": null

2018-01-17 20:10:27 - [TEST_STEP][PASSED] - Statement - btnViewApplication = new com.kms.katalon.core.testobject.TestObject(btnViewApplication): null

2018-01-17 20:10:27 - [TEST_STEP][PASSED] - Statement - btnViewApplication.addProperty("xpath", EQUALS, btnId, true): null

2018-01-17 20:10:27 - [TEST_STEP][PASSED] - delay: Delayed 20 second(s)

2018-01-17 20:10:47 - [MESSAGE][PASSED] - Delayed 20 second(s)

2018-01-17 20:10:47 - [TEST_STEP][PASSED] - click: Object: 'btnViewApplication' is clicked on

2018-01-17 20:10:49 - [MESSAGE][PASSED] - Object: 'btnViewApplication' is clicked on

2018-01-17 20:10:49 - [TEST_STEP][PASSED] - delay: Delayed 8 second(s)

2018-01-17 20:10:57 - [MESSAGE][PASSED] - Delayed 8 second(s)

2018-01-17 20:10:57 - [TEST_STEP][PASSED] - click: Object: 'Object Repository/Application_OR/btn_DOWNLOAD_AFS_UW' is clicked on

2018-01-17 20:10:57 - [MESSAGE][PASSED] - Object: 'Object Repository/Application_OR/btn_DOWNLOAD_AFS_UW' is clicked on

2018-01-17 20:10:57 - [TEST_STEP][PASSED] - delay: Delayed 5 second(s)

2018-01-17 20:11:02 - [MESSAGE][PASSED] - Delayed 5 second(s)

2018-01-17 20:11:02 - [TEST_STEP][PASSED] - click: Object: 'Object Repository/Application_OR/btn_GENERATE_FORMS' is clicked on

2018-01-17 20:11:02 - [MESSAGE][PASSED] - Object: 'Object Repository/Application_OR/btn_GENERATE_FORMS' is clicked on

2018-01-17 20:11:02 - [TEST_STEP][PASSED] - delay: Delayed 5 second(s)

2018-01-17 20:11:07 - [MESSAGE][PASSED] - Delayed 5 second(s)

2018-01-17 20:11:07 - [TEST_STEP][PASSED] - click: Object: 'Object Repository/Application_OR/btn_REQUEST_FOR_BIND' is clicked on

2018-01-17 20:11:08 - [MESSAGE][PASSED] - Object: 'Object Repository/Application_OR/btn_REQUEST_FOR_BIND' is clicked on

2018-01-17 20:11:08 - [TEST_STEP][PASSED] - delay: Delayed 20 second(s)

2018-01-17 20:11:28 - [MESSAGE][PASSED] - Delayed 20 second(s)

2018-01-17 20:11:28 - [TEST_STEP][PASSED] - click: Object: 'Object Repository/Application_OR/btn_VIEW_POLICY_FORMS' is clicked on

2018-01-17 20:11:28 - [MESSAGE][PASSED] - Object: 'Object Repository/Application_OR/btn_VIEW_POLICY_FORMS' is clicked on

2018-01-17 20:11:28 - [TEST_STEP][PASSED] - delay: Delayed 20 second(s)

2018-01-17 20:11:48 - [MESSAGE][PASSED] - Delayed 20 second(s)

2018-01-17 20:11:48 - [TEST_STEP][PASSED] - click: Object: 'Object Repository/Application_OR/btn_UW_APPLICATION_STATUS_MENU' is clicked on

2018-01-17 20:11:48 - [MESSAGE][PASSED] - Object: 'Object Repository/Application_OR/btn_UW_APPLICATION_STATUS_MENU' is clicked on

2018-01-17 20:11:48 - [TEST_STEP][PASSED] - delay: Delayed 2 second(s)

2018-01-17 20:11:50 - [MESSAGE][PASSED] - Delayed 2 second(s)

2018-01-17 20:11:50 - [TEST_STEP][PASSED] - click: Object: 'Object Repository/Application_OR/btn_YES_CONFIRMATION' is clicked on

2018-01-17 20:11:51 - [MESSAGE][PASSED] - Object: 'Object Repository/Application_OR/btn_YES_CONFIRMATION' is clicked on

2018-01-17 20:11:51 - [TEST_STEP][PASSED] - delay: Delayed 12 second(s)

2018-01-17 20:12:03 - [MESSAGE][PASSED] - Delayed 12 second(s)]]></system-out>
         <system-err><![CDATA[]]></system-err>
      </testcase>
      <testcase name="Test Cases/ENDORSEMENT_CREATION" classname="Test Cases/ENDORSEMENT_CREATION" status="ERROR">
         <error type="ERROR" message="Test Cases/ENDORSEMENT_CREATION FAILED because (of) groovy.lang.MissingMethodException: No signature of method: static com.kms.katalon.core.webui.keyword.WebUiBuiltInKeywords.getText() is applicable for argument types: (java.lang.String) values: [360 N Church St Athens, GA 30601 USA]
Possible solutions: getText(com.kms.katalon.core.testobject.TestObject), getText(com.kms.katalon.core.testobject.TestObject, com.kms.katalon.core.model.FailureHandling), setText(com.kms.katalon.core.testobject.TestObject, java.lang.String), setText(com.kms.katalon.core.testobject.TestObject, java.lang.String, com.kms.katalon.core.model.FailureHandling), getAt(java.lang.String), getUrl()"/>
         <system-out><![CDATA[2018-01-17 20:12:03 - [TEST_CASE][ERROR] - Test Cases/ENDORSEMENT_CREATION: Test Cases/ENDORSEMENT_CREATION FAILED because (of) groovy.lang.MissingMethodException: No signature of method: static com.kms.katalon.core.webui.keyword.WebUiBuiltInKeywords.getText() is applicable for argument types: (java.lang.String) values: [360 N Church St Athens, GA 30601 USA]
Possible solutions: getText(com.kms.katalon.core.testobject.TestObject), getText(com.kms.katalon.core.testobject.TestObject, com.kms.katalon.core.model.FailureHandling), setText(com.kms.katalon.core.testobject.TestObject, java.lang.String), setText(com.kms.katalon.core.testobject.TestObject, java.lang.String, com.kms.katalon.core.model.FailureHandling), getAt(java.lang.String), getUrl()

2018-01-17 20:12:03 - [TEST_STEP][PASSED] - click: Object: 'Object Repository/Endorsement_OR/btn_ADVANCE_FILTER' is clicked on

2018-01-17 20:12:03 - [MESSAGE][PASSED] - Object: 'Object Repository/Endorsement_OR/btn_ADVANCE_FILTER' is clicked on

2018-01-17 20:12:03 - [TEST_STEP][PASSED] - Statement - str = com.kms.katalon.core.webui.keyword.WebUiBuiltInKeywords.getText(address2): null]]></system-out>
         <system-err><![CDATA[2018-01-17 20:12:03 - [TEST_CASE][ERROR] - Test Cases/ENDORSEMENT_CREATION: Test Cases/ENDORSEMENT_CREATION FAILED because (of) groovy.lang.MissingMethodException: No signature of method: static com.kms.katalon.core.webui.keyword.WebUiBuiltInKeywords.getText() is applicable for argument types: (java.lang.String) values: [360 N Church St Athens, GA 30601 USA]
Possible solutions: getText(com.kms.katalon.core.testobject.TestObject), getText(com.kms.katalon.core.testobject.TestObject, com.kms.katalon.core.model.FailureHandling), setText(com.kms.katalon.core.testobject.TestObject, java.lang.String), setText(com.kms.katalon.core.testobject.TestObject, java.lang.String, com.kms.katalon.core.model.FailureHandling), getAt(java.lang.String), getUrl()]]></system-err>
      </testcase>
      <system-out><![CDATA[2018-01-17 20:05:12 - [TEST_SUITE][ERROR] - PPE: Test Cases/ENDORSEMENT_CREATION FAILED because (of) groovy.lang.MissingMethodException: No signature of method: static com.kms.katalon.core.webui.keyword.WebUiBuiltInKeywords.getText() is applicable for argument types: (java.lang.String) values: [360 N Church St Athens, GA 30601 USA]
Possible solutions: getText(com.kms.katalon.core.testobject.TestObject), getText(com.kms.katalon.core.testobject.TestObject, com.kms.katalon.core.model.FailureHandling), setText(com.kms.katalon.core.testobject.TestObject, java.lang.String), setText(com.kms.katalon.core.testobject.TestObject, java.lang.String, com.kms.katalon.core.model.FailureHandling), getAt(java.lang.String), getUrl()]]></system-out>
      <system-err><![CDATA[2018-01-17 20:05:12 - [TEST_SUITE][ERROR] - PPE: Test Cases/ENDORSEMENT_CREATION FAILED because (of) groovy.lang.MissingMethodException: No signature of method: static com.kms.katalon.core.webui.keyword.WebUiBuiltInKeywords.getText() is applicable for argument types: (java.lang.String) values: [360 N Church St Athens, GA 30601 USA]
Possible solutions: getText(com.kms.katalon.core.testobject.TestObject), getText(com.kms.katalon.core.testobject.TestObject, com.kms.katalon.core.model.FailureHandling), setText(com.kms.katalon.core.testobject.TestObject, java.lang.String), setText(com.kms.katalon.core.testobject.TestObject, java.lang.String, com.kms.katalon.core.model.FailureHandling), getAt(java.lang.String), getUrl()]]></system-err>
   </testsuite>
</testsuites>
