<?xml version="1.0" encoding="UTF-8"?>
<testsuites name="PPE" time="155" tests="1" failures="2" errors="0">
   <testsuite name="PPE" tests="1" failures="2" errors="0" time="155" timestamp="2018-02-12 17:36:52" hostname="gsalunkhe - CTS-QUA-4.cogitate.india" id="Test Suites/PPE">
      <properties>
         <property name="deviceName" value=""/>
         <property name="devicePlatform" value=""/>
         <property name="logFolder" value="D:\\Katalon_Practice_Workspace\\Katalon_PPE_GANESH\\Reports\\PPE\\20180212_173650"/>
         <property name="logFiles" value="D:\\Katalon_Practice_Workspace\\Katalon_PPE_GANESH\\Reports\\PPE\\20180212_173650\\execution0.log"/>
         <property name="attachments" value="D:\\Katalon_Practice_Workspace\\Katalon_PPE_GANESH\\Reports\\PPE\\20180212_173650\\1518437335109.png, D:\\Katalon_Practice_Workspace\\Katalon_PPE_GANESH\\Reports\\PPE\\20180212_173650\\1518437366515.png"/>
         <property name="hostName" value="gsalunkhe - CTS-QUA-4.cogitate.india"/>
         <property name="os" value="Windows 7 64bit"/>
         <property name="katalonVersion" value="5.0.1.1"/>
         <property name="browser" value="Chrome 63.0.3239.132"/>
         <property name="hostAddress" value="192.168.0.4"/>
         <property name="sessionId" value="dae8a60803276b22444627bfe30c07a7"/>
         <property name="seleniumVersion" value="2.53.0"/>
         <property name="proxyInformation" value="ProxyInformation{proxyOption=NO_PROXY, proxyServerType=, password=, proxyServerAddress=, proxyServerPort=0}"/>
         <property name="platform" value="Windows 7"/>
      </properties>
      <testcase name="Test Cases/QUOTE_CREATION" classname="Test Cases/QUOTE_CREATION" status="PASSED">
         <system-out><![CDATA[2018-02-12 17:36:52 - [TEST_CASE][PASSED] - Test Cases/QUOTE_CREATION: Test Cases/QUOTE_CREATION

2018-02-12 17:36:53 - [TEST_STEP][PASSED] - Statement - propertyDataRowCounter = 0: null

2018-02-12 17:36:53 - [TEST_STEP][PASSED] - Statement - configDataRowCounter = 0: null

2018-02-12 17:36:53 - [TEST_STEP][PASSED] - Statement - genericDATA = com.kms.katalon.core.testdata.TestDataFactory.findTestData(PPE_Config_File): Test data is internal data, reading internal data

2018-02-12 17:36:53 - [TEST_STEP][PASSED] - Statement - propertyDATA = com.kms.katalon.core.testdata.TestDataFactory.findTestData(PPEPROPERTYDATA): Test data is internal data, reading internal data

2018-02-12 17:36:53 - [TEST_STEP][PASSED] - com.PPE.url_Navigation.gotoURL: com.PPE.url_Navigation.gotoURL is PASSED

2018-02-12 17:36:59 - [MESSAGE][PASSED] - Browser is opened with url: 'http://test.cogitate.us/PPE.Test/'

2018-02-12 17:36:59 - [MESSAGE][PASSED] - Wait for page load successfully

2018-02-12 17:37:00 - [MESSAGE][PASSED] - Current window maximized

2018-02-12 17:37:00 - [MESSAGE][PASSED] - com.PPE.url_Navigation.gotoURL is PASSED

2018-02-12 17:37:00 - [TEST_STEP][PASSED] - com.PPE.IncorrectLogin.login: com.PPE.IncorrectLogin.login is PASSED

2018-02-12 17:37:00 - [MESSAGE][PASSED] - Text '125634' is set on object 'Object Repository/Quote_OR/txtfield_USERNAME'

2018-02-12 17:37:01 - [MESSAGE][PASSED] - Text '10#Hammer' is set on object 'Object Repository/Quote_OR/txtfield_PASSWORD'

2018-02-12 17:37:04 - [MESSAGE][PASSED] - Object: 'Object Repository/Quote_OR/btn-LOGIN' is clicked on

2018-02-12 17:37:10 - [MESSAGE][PASSED] - Delayed 6 second(s)

2018-02-12 17:37:10 - [MESSAGE][PASSED] - Text 'ih.chelms' is set on object 'Object Repository/Quote_OR/txtfield_USERNAME'

2018-02-12 17:37:11 - [MESSAGE][PASSED] - Text '123456' is set on object 'Object Repository/Quote_OR/txtfield_PASSWORD'

2018-02-12 17:37:11 - [MESSAGE][PASSED] - Object: 'Object Repository/Quote_OR/btn-LOGIN' is clicked on

2018-02-12 17:37:17 - [MESSAGE][PASSED] - Delayed 6 second(s)

2018-02-12 17:37:17 - [MESSAGE][PASSED] - Text 'ih.jbutler' is set on object 'Object Repository/Quote_OR/txtfield_USERNAME'

2018-02-12 17:37:18 - [MESSAGE][PASSED] - Text '123456' is set on object 'Object Repository/Quote_OR/txtfield_PASSWORD'

2018-02-12 17:37:18 - [MESSAGE][PASSED] - Object: 'Object Repository/Quote_OR/btn-LOGIN' is clicked on

2018-02-12 17:37:24 - [MESSAGE][PASSED] - Delayed 6 second(s)

2018-02-12 17:37:24 - [MESSAGE][PASSED] - Text 'Ganesh' is set on object 'Object Repository/Quote_OR/txtfield_USERNAME'

2018-02-12 17:37:25 - [MESSAGE][PASSED] - Text 'Salunkhe' is set on object 'Object Repository/Quote_OR/txtfield_PASSWORD'

2018-02-12 17:37:25 - [MESSAGE][PASSED] - Object: 'Object Repository/Quote_OR/btn-LOGIN' is clicked on

2018-02-12 17:37:31 - [MESSAGE][PASSED] - Delayed 6 second(s)

2018-02-12 17:37:31 - [MESSAGE][PASSED] - Text 'ih.william' is set on object 'Object Repository/Quote_OR/txtfield_USERNAME'

2018-02-12 17:37:32 - [MESSAGE][PASSED] - Text 'ih.chelms' is set on object 'Object Repository/Quote_OR/txtfield_PASSWORD'

2018-02-12 17:37:32 - [MESSAGE][PASSED] - Object: 'Object Repository/Quote_OR/btn-LOGIN' is clicked on

2018-02-12 17:37:38 - [MESSAGE][PASSED] - Delayed 6 second(s)

2018-02-12 17:37:38 - [MESSAGE][PASSED] - com.PPE.IncorrectLogin.login is PASSED

2018-02-12 17:37:38 - [TEST_STEP][PASSED] - com.PPE.Login.correctlogin: com.PPE.Login.correctlogin is PASSED

2018-02-12 17:37:39 - [MESSAGE][PASSED] - Text 'ih.chelms' is set on object 'Object Repository/Quote_OR/txtfield_USERNAME'

2018-02-12 17:37:39 - [MESSAGE][PASSED] - Text '10#Hammer' is set on object 'Object Repository/Quote_OR/txtfield_PASSWORD'

2018-02-12 17:37:44 - [MESSAGE][PASSED] - Object: 'Object Repository/Quote_OR/btn-LOGIN' is clicked on

2018-02-12 17:37:44 - [MESSAGE][PASSED] - com.PPE.Login.correctlogin is PASSED

2018-02-12 17:37:44 - [TEST_STEP][PASSED] - Statement - If (genericDATA.internallyGetValue("STATE", configDataRowCounter) == "GA"): Text '710 Hansell St SE Atlanta, GA 30312 USA' is set on object 'Object Repository/Quote_OR/txtfield_ADDRESS_ON_LANDING_PAGE'

2018-02-12 17:37:44 - [TEST_STEP][PASSED] - setText: Text '710 Hansell St SE Atlanta, GA 30312 USA' is set on object 'Object Repository/Quote_OR/txtfield_ADDRESS_ON_LANDING_PAGE'

2018-02-12 17:37:45 - [MESSAGE][PASSED] - Text '710 Hansell St SE Atlanta, GA 30312 USA' is set on object 'Object Repository/Quote_OR/txtfield_ADDRESS_ON_LANDING_PAGE'

2018-02-12 17:37:45 - [TEST_STEP][PASSED] - click: Object: 'Object Repository/Quote_OR/btn_SEARCH_ADDRESS' is clicked on

2018-02-12 17:37:53 - [MESSAGE][PASSED] - Object: 'Object Repository/Quote_OR/btn_SEARCH_ADDRESS' is clicked on

2018-02-12 17:37:53 - [TEST_STEP][PASSED] - waitForPageLoad: Wait for page load successfully

2018-02-12 17:37:53 - [MESSAGE][PASSED] - Wait for page load successfully

2018-02-12 17:37:53 - [TEST_STEP][PASSED] - com.PPE.QuotePropertyDataSelection.QuoteCreation: com.PPE.QuotePropertyDataSelection.QuoteCreation is PASSED

2018-02-12 17:37:54 - [MESSAGE][PASSED] - All options with index in [1] are selected on object 'Object Repository/Quote_OR/drp_PROPERTY_TYPE'

2018-02-12 17:37:54 - [MESSAGE][PASSED] - Text '' is set on object 'Object Repository/Quote_OR/txtfield_HOME_VALUATION'

2018-02-12 17:37:54 - [MESSAGE][PASSED] - Object: 'Object Repository/Quote_OR/btn_GETQUOTE' is clicked on

2018-02-12 17:37:54 - [MESSAGE][PASSED] - All options with index in [2] are selected on object 'Object Repository/Quote_OR/drp_CONSTRUCTION_TYPE'

2018-02-12 17:37:54 - [MESSAGE][PASSED] - Text '75000' is set on object 'Object Repository/Quote_OR/txtfield_HOME_VALUATION'

2018-02-12 17:37:56 - [MESSAGE][PASSED] - Delayed 2 second(s)

2018-02-12 17:37:57 - [MESSAGE][PASSED] - Text '' is set on object 'Object Repository/Quote_OR/txtbx_YEARHOMEBUILD'

2018-02-12 17:37:57 - [MESSAGE][PASSED] - Object: 'Object Repository/Quote_OR/btn_GETQUOTE' is clicked on

2018-02-12 17:37:57 - [MESSAGE][PASSED] - Text '1968' is set on object 'Object Repository/Quote_OR/txtbx_YEARHOMEBUILD'

2018-02-12 17:37:57 - [MESSAGE][PASSED] - Object: 'Object Repository/Quote_OR/btn_GETQUOTE' is clicked on

2018-02-12 17:38:01 - [MESSAGE][PASSED] - Delayed 4 second(s)

2018-02-12 17:38:01 - [MESSAGE][PASSED] - Object: 'Object Repository/Quote_OR/btn_SENDQUOTE' is clicked on

2018-02-12 17:38:02 - [MESSAGE][PASSED] - Delayed 1 second(s)

2018-02-12 17:38:02 - [MESSAGE][PASSED] - Object: 'Object Repository/Quote_OR/btn_SEND_QUOTE_DETAILS' is clicked on

2018-02-12 17:38:03 - [MESSAGE][PASSED] - Delayed 1 second(s)

2018-02-12 17:38:04 - [MESSAGE][PASSED] - Text 'Nitin' is set on object 'Object Repository/Quote_OR/txtfield_SENDQUOTE_FIRSTNAME'

2018-02-12 17:38:04 - [MESSAGE][PASSED] - Text 'Pattinson' is set on object 'Object Repository/Quote_OR/txtfield_SENDQUOTE_LASTNAME'

2018-02-12 17:38:07 - [MESSAGE][PASSED] - Delayed 3 second(s)

2018-02-12 17:38:07 - [MESSAGE][PASSED] - Text '9768180080' is set on object 'Object Repository/Quote_OR/txtfield_SENDQUOTE_CONTACTNUMBER'

2018-02-12 17:38:10 - [MESSAGE][PASSED] - Delayed 3 second(s)

2018-02-12 17:38:11 - [MESSAGE][PASSED] - Text 'gsalunkhe@cogitate.us' is set on object 'Object Repository/Quote_OR/txtfield_SENDQUOTE_EMAIL'

2018-02-12 17:38:15 - [MESSAGE][PASSED] - Delayed 4 second(s)

2018-02-12 17:38:15 - [MESSAGE][PASSED] - Object: 'Object Repository/Quote_OR/btn_SEND_QUOTE_DETAILS' is clicked on

2018-02-12 17:38:19 - [MESSAGE][PASSED] - Delayed 4 second(s)

2018-02-12 17:38:19 - [MESSAGE][PASSED] - All options with index in [1] are selected on object 'Object Repository/Quote_OR/drp_CONSTRUCTION_TYPE'

2018-02-12 17:38:27 - [MESSAGE][PASSED] - Delayed 8 second(s)

2018-02-12 17:38:27 - [MESSAGE][PASSED] - Object: 'Object Repository/Quote_OR/btn_RECALCULATE_PREMIUM' is clicked on

2018-02-12 17:38:27 - [MESSAGE][PASSED] - com.PPE.QuotePropertyDataSelection.QuoteCreation is PASSED]]></system-out>
         <system-err><![CDATA[]]></system-err>
      </testcase>
      <testcase name="Test Cases/APPLICATION_CREATION" classname="Test Cases/APPLICATION_CREATION" status="FAILED">
         <failure type="FAILED" message="Unable to click on object 'Object Repository/Application_OR/txtfield_INSURED_FIRSTNAME' (Root cause: org.openqa.selenium.WebDriverException: unknown error: Element &lt;input class=&quot;form-control form-input  name&quot; data-val=&quot;true&quot; data-val-length=&quot;The field First Name must be a string with a maximum length of 20.&quot; data-val-length-max=&quot;20&quot; data-val-regex=&quot;Invalid First Name&quot; data-val-regex-pattern=&quot;^[A-Za-z '-]+$&quot; data-val-required=&quot;The First Name field is required.&quot; id=&quot;txtPrimaryFirstName&quot; maxlength=&quot;20&quot; name=&quot;PrimaryApplicant.ApplicantName.FirstName&quot; placeholder=&quot;First Name&quot; style=&quot;width:100%&quot; type=&quot;text&quot; value=&quot;Nitin&quot;> is not clickable at point (590, 535). Other element would receive the click: &lt;div class=&quot;checkbox&quot;>...&lt;/div>
  (Session info: chrome=63.0.3239.132)
  (Driver info: chromedriver=2.33.506120 (e3e53437346286c0bc2d2dc9aa4915ba81d9023f),platform=Windows NT 6.1.7601 SP1 x86_64) (WARNING: The server did not provide any stacktrace information)
Command duration or timeout: 48 milliseconds
Build info: version: '2.53.0', revision: '35ae25b', time: '2016-03-15 17:00:58'
System info: host: 'CTS-QUA-4', ip: '192.168.0.4', os.name: 'Windows 7', os.arch: 'amd64', os.version: '6.1', java.version: '1.8.0_102'
Driver info: com.kms.katalon.selenium.driver.CChromeDriver
Capabilities [{applicationCacheEnabled=false, rotatable=false, mobileEmulationEnabled=false, networkConnectionEnabled=false, chrome={chromedriverVersion=2.33.506120 (e3e53437346286c0bc2d2dc9aa4915ba81d9023f), userDataDir=C:\Users\GSALUN~1\AppData\Local\Temp\scoped_dir9348_31874}, takesHeapSnapshot=true, pageLoadStrategy=normal, databaseEnabled=false, handlesAlerts=true, hasTouchScreen=false, version=63.0.3239.132, platform=XP, browserConnectionEnabled=false, nativeEvents=true, acceptSslCerts=true, locationContextEnabled=true, webStorageEnabled=true, browserName=chrome, takesScreenshot=true, javascriptEnabled=true, cssSelectorsEnabled=true, setWindowRect=true, unexpectedAlertBehaviour=}]
Session ID: dae8a60803276b22444627bfe30c07a7)"/>
         <system-out><![CDATA[2018-02-12 17:38:27 - [TEST_CASE][FAILED] - Test Cases/APPLICATION_CREATION: Test Cases/APPLICATION_CREATION FAILED because (of) Unable to click on object 'Object Repository/Application_OR/txtfield_INSURED_FIRSTNAME' (Root cause: org.openqa.selenium.WebDriverException: unknown error: Element <input class="form-control form-input  name" data-val="true" data-val-length="The field First Name must be a string with a maximum length of 20." data-val-length-max="20" data-val-regex="Invalid First Name" data-val-regex-pattern="^[A-Za-z '-]+$" data-val-required="The First Name field is required." id="txtPrimaryFirstName" maxlength="20" name="PrimaryApplicant.ApplicantName.FirstName" placeholder="First Name" style="width:100%" type="text" value="Nitin"> is not clickable at point (590, 535). Other element would receive the click: <div class="checkbox">...</div>
  (Session info: chrome=63.0.3239.132)
  (Driver info: chromedriver=2.33.506120 (e3e53437346286c0bc2d2dc9aa4915ba81d9023f),platform=Windows NT 6.1.7601 SP1 x86_64) (WARNING: The server did not provide any stacktrace information)
Command duration or timeout: 48 milliseconds
Build info: version: '2.53.0', revision: '35ae25b', time: '2016-03-15 17:00:58'
System info: host: 'CTS-QUA-4', ip: '192.168.0.4', os.name: 'Windows 7', os.arch: 'amd64', os.version: '6.1', java.version: '1.8.0_102'
Driver info: com.kms.katalon.selenium.driver.CChromeDriver
Capabilities [{applicationCacheEnabled=false, rotatable=false, mobileEmulationEnabled=false, networkConnectionEnabled=false, chrome={chromedriverVersion=2.33.506120 (e3e53437346286c0bc2d2dc9aa4915ba81d9023f), userDataDir=C:\Users\GSALUN~1\AppData\Local\Temp\scoped_dir9348_31874}, takesHeapSnapshot=true, pageLoadStrategy=normal, databaseEnabled=false, handlesAlerts=true, hasTouchScreen=false, version=63.0.3239.132, platform=XP, browserConnectionEnabled=false, nativeEvents=true, acceptSslCerts=true, locationContextEnabled=true, webStorageEnabled=true, browserName=chrome, takesScreenshot=true, javascriptEnabled=true, cssSelectorsEnabled=true, setWindowRect=true, unexpectedAlertBehaviour=}]
Session ID: dae8a60803276b22444627bfe30c07a7)

2018-02-12 17:38:28 - [TEST_STEP][PASSED] - Statement - propertyDataRowCounter = 0: null

2018-02-12 17:38:28 - [TEST_STEP][PASSED] - Statement - configDataRowCounter = 0: null

2018-02-12 17:38:28 - [TEST_STEP][PASSED] - Statement - genericDATA = com.kms.katalon.core.testdata.TestDataFactory.findTestData(PPE_Config_File): Test data is internal data, reading internal data

2018-02-12 17:38:28 - [TEST_STEP][PASSED] - Statement - propertyDATA = com.kms.katalon.core.testdata.TestDataFactory.findTestData(PPEPROPERTYDATA): Test data is internal data, reading internal data

2018-02-12 17:38:28 - [TEST_STEP][PASSED] - Statement - Address = com.kms.katalon.core.testobject.ObjectRepository.findTestObject(Endorsement_OR/get_Address): Finding Test Object with id 'Object Repository/Endorsement_OR/get_Address'

2018-02-12 17:38:28 - [TEST_STEP][PASSED] - Statement - propertyaddress = com.kms.katalon.core.webui.keyword.WebUiBuiltInKeywords.getAttribute(Address, "value"): Attribute 'value' of object 'Object Repository/Endorsement_OR/get_Address' is: '710 Hansell St SE, Atlanta, GA 30312, USA'

2018-02-12 17:38:28 - [MESSAGE][PASSED] - Attribute 'value' of object 'Object Repository/Endorsement_OR/get_Address' is: '710 Hansell St SE, Atlanta, GA 30312, USA'

2018-02-12 17:38:28 - [TEST_STEP][PASSED] - Statement - println(propertyaddress): null

2018-02-12 17:38:28 - [TEST_STEP][PASSED] - Statement - propertyaddress = propertyaddress: null

2018-02-12 17:38:28 - [TEST_STEP][FAILED] - com.PPE.Saving_PolicyHolderInfo_Page.PolicyHolderPage: Unable to click on object 'Object Repository/Application_OR/txtfield_INSURED_FIRSTNAME' (Root cause: org.openqa.selenium.WebDriverException: unknown error: Element <input class="form-control form-input  name" data-val="true" data-val-length="The field First Name must be a string with a maximum length of 20." data-val-length-max="20" data-val-regex="Invalid First Name" data-val-regex-pattern="^[A-Za-z '-]+$" data-val-required="The First Name field is required." id="txtPrimaryFirstName" maxlength="20" name="PrimaryApplicant.ApplicantName.FirstName" placeholder="First Name" style="width:100%" type="text" value="Nitin"> is not clickable at point (590, 535). Other element would receive the click: <div class="checkbox">...</div>
  (Session info: chrome=63.0.3239.132)
  (Driver info: chromedriver=2.33.506120 (e3e53437346286c0bc2d2dc9aa4915ba81d9023f),platform=Windows NT 6.1.7601 SP1 x86_64) (WARNING: The server did not provide any stacktrace information)
Command duration or timeout: 48 milliseconds
Build info: version: '2.53.0', revision: '35ae25b', time: '2016-03-15 17:00:58'
System info: host: 'CTS-QUA-4', ip: '192.168.0.4', os.name: 'Windows 7', os.arch: 'amd64', os.version: '6.1', java.version: '1.8.0_102'
Driver info: com.kms.katalon.selenium.driver.CChromeDriver
Capabilities [{applicationCacheEnabled=false, rotatable=false, mobileEmulationEnabled=false, networkConnectionEnabled=false, chrome={chromedriverVersion=2.33.506120 (e3e53437346286c0bc2d2dc9aa4915ba81d9023f), userDataDir=C:\Users\GSALUN~1\AppData\Local\Temp\scoped_dir9348_31874}, takesHeapSnapshot=true, pageLoadStrategy=normal, databaseEnabled=false, handlesAlerts=true, hasTouchScreen=false, version=63.0.3239.132, platform=XP, browserConnectionEnabled=false, nativeEvents=true, acceptSslCerts=true, locationContextEnabled=true, webStorageEnabled=true, browserName=chrome, takesScreenshot=true, javascriptEnabled=true, cssSelectorsEnabled=true, setWindowRect=true, unexpectedAlertBehaviour=}]
Session ID: dae8a60803276b22444627bfe30c07a7)

2018-02-12 17:38:32 - [MESSAGE][PASSED] - Delayed 4 second(s)

2018-02-12 17:38:33 - [MESSAGE][PASSED] - Object: 'Object Repository/Application_OR/btn_TOAPPLICATION' is clicked on

2018-02-12 17:38:37 - [MESSAGE][PASSED] - Delayed 4 second(s)

2018-02-12 17:38:37 - [MESSAGE][PASSED] - Object: 'Object Repository/Application_OR/btn-YES_IS_BNESS_PREMISES' is clicked on

2018-02-12 17:38:39 - [MESSAGE][PASSED] - Delayed 2 second(s)

2018-02-12 17:38:39 - [MESSAGE][PASSED] - Object: 'Object Repository/Application_OR/btn-YES_FOOT_TRAFFIC' is clicked on

2018-02-12 17:38:41 - [MESSAGE][PASSED] - Delayed 2 second(s)

2018-02-12 17:38:41 - [MESSAGE][PASSED] - Text '11' is set on object 'Object Repository/Application_OR/txtfield-Traffic_Percentage'

2018-02-12 17:38:44 - [MESSAGE][PASSED] - Delayed 3 second(s)

2018-02-12 17:38:44 - [MESSAGE][PASSED] - Object: 'Object Repository/Application_OR/btn_CONTINUE_UW_QUESTIONS' is clicked on

2018-02-12 17:38:47 - [MESSAGE][PASSED] - Delayed 3 second(s)

2018-02-12 17:38:47 - [MESSAGE][PASSED] - Text '10' is set on object 'Object Repository/Application_OR/txtfield-Traffic_Percentage'

2018-02-12 17:38:51 - [MESSAGE][PASSED] - Delayed 4 second(s)

2018-02-12 17:38:51 - [MESSAGE][PASSED] - Object: 'Object Repository/Application_OR/btn_CONTINUE_UW_QUESTIONS' is clicked on

2018-02-12 17:38:55 - [MESSAGE][PASSED] - Delayed 3 second(s)

2018-02-12 17:38:55 - [MESSAGE][FAILED] - Unable to click on object 'Object Repository/Application_OR/txtfield_INSURED_FIRSTNAME' (Root cause: org.openqa.selenium.WebDriverException: unknown error: Element <input class="form-control form-input  name" data-val="true" data-val-length="The field First Name must be a string with a maximum length of 20." data-val-length-max="20" data-val-regex="Invalid First Name" data-val-regex-pattern="^[A-Za-z '-]+$" data-val-required="The First Name field is required." id="txtPrimaryFirstName" maxlength="20" name="PrimaryApplicant.ApplicantName.FirstName" placeholder="First Name" style="width:100%" type="text" value="Nitin"> is not clickable at point (590, 535). Other element would receive the click: <div class="checkbox">...</div>
  (Session info: chrome=63.0.3239.132)
  (Driver info: chromedriver=2.33.506120 (e3e53437346286c0bc2d2dc9aa4915ba81d9023f),platform=Windows NT 6.1.7601 SP1 x86_64) (WARNING: The server did not provide any stacktrace information)
Command duration or timeout: 48 milliseconds
Build info: version: '2.53.0', revision: '35ae25b', time: '2016-03-15 17:00:58'
System info: host: 'CTS-QUA-4', ip: '192.168.0.4', os.name: 'Windows 7', os.arch: 'amd64', os.version: '6.1', java.version: '1.8.0_102'
Driver info: com.kms.katalon.selenium.driver.CChromeDriver
Capabilities [{applicationCacheEnabled=false, rotatable=false, mobileEmulationEnabled=false, networkConnectionEnabled=false, chrome={chromedriverVersion=2.33.506120 (e3e53437346286c0bc2d2dc9aa4915ba81d9023f), userDataDir=C:\Users\GSALUN~1\AppData\Local\Temp\scoped_dir9348_31874}, takesHeapSnapshot=true, pageLoadStrategy=normal, databaseEnabled=false, handlesAlerts=true, hasTouchScreen=false, version=63.0.3239.132, platform=XP, browserConnectionEnabled=false, nativeEvents=true, acceptSslCerts=true, locationContextEnabled=true, webStorageEnabled=true, browserName=chrome, takesScreenshot=true, javascriptEnabled=true, cssSelectorsEnabled=true, setWindowRect=true, unexpectedAlertBehaviour=}]
Session ID: dae8a60803276b22444627bfe30c07a7)
[[ATTACHMENT|D:\\Katalon_Practice_Workspace\\Katalon_PPE_GANESH\\Reports\\PPE\\20180212_173650\\1518437335109.png]]

2018-02-12 17:38:55 - [MESSAGE][FAILED] - Unable to click on object 'Object Repository/Application_OR/txtfield_INSURED_FIRSTNAME' (Root cause: org.openqa.selenium.WebDriverException: unknown error: Element <input class="form-control form-input  name" data-val="true" data-val-length="The field First Name must be a string with a maximum length of 20." data-val-length-max="20" data-val-regex="Invalid First Name" data-val-regex-pattern="^[A-Za-z '-]+$" data-val-required="The First Name field is required." id="txtPrimaryFirstName" maxlength="20" name="PrimaryApplicant.ApplicantName.FirstName" placeholder="First Name" style="width:100%" type="text" value="Nitin"> is not clickable at point (590, 535). Other element would receive the click: <div class="checkbox">...</div>
  (Session info: chrome=63.0.3239.132)
  (Driver info: chromedriver=2.33.506120 (e3e53437346286c0bc2d2dc9aa4915ba81d9023f),platform=Windows NT 6.1.7601 SP1 x86_64) (WARNING: The server did not provide any stacktrace information)
Command duration or timeout: 48 milliseconds
Build info: version: '2.53.0', revision: '35ae25b', time: '2016-03-15 17:00:58'
System info: host: 'CTS-QUA-4', ip: '192.168.0.4', os.name: 'Windows 7', os.arch: 'amd64', os.version: '6.1', java.version: '1.8.0_102'
Driver info: com.kms.katalon.selenium.driver.CChromeDriver
Capabilities [{applicationCacheEnabled=false, rotatable=false, mobileEmulationEnabled=false, networkConnectionEnabled=false, chrome={chromedriverVersion=2.33.506120 (e3e53437346286c0bc2d2dc9aa4915ba81d9023f), userDataDir=C:\Users\GSALUN~1\AppData\Local\Temp\scoped_dir9348_31874}, takesHeapSnapshot=true, pageLoadStrategy=normal, databaseEnabled=false, handlesAlerts=true, hasTouchScreen=false, version=63.0.3239.132, platform=XP, browserConnectionEnabled=false, nativeEvents=true, acceptSslCerts=true, locationContextEnabled=true, webStorageEnabled=true, browserName=chrome, takesScreenshot=true, javascriptEnabled=true, cssSelectorsEnabled=true, setWindowRect=true, unexpectedAlertBehaviour=}]
Session ID: dae8a60803276b22444627bfe30c07a7)]]></system-out>
         <system-err><![CDATA[2018-02-12 17:38:27 - [TEST_CASE][FAILED] - Test Cases/APPLICATION_CREATION: Test Cases/APPLICATION_CREATION FAILED because (of) Unable to click on object 'Object Repository/Application_OR/txtfield_INSURED_FIRSTNAME' (Root cause: org.openqa.selenium.WebDriverException: unknown error: Element <input class="form-control form-input  name" data-val="true" data-val-length="The field First Name must be a string with a maximum length of 20." data-val-length-max="20" data-val-regex="Invalid First Name" data-val-regex-pattern="^[A-Za-z '-]+$" data-val-required="The First Name field is required." id="txtPrimaryFirstName" maxlength="20" name="PrimaryApplicant.ApplicantName.FirstName" placeholder="First Name" style="width:100%" type="text" value="Nitin"> is not clickable at point (590, 535). Other element would receive the click: <div class="checkbox">...</div>
  (Session info: chrome=63.0.3239.132)
  (Driver info: chromedriver=2.33.506120 (e3e53437346286c0bc2d2dc9aa4915ba81d9023f),platform=Windows NT 6.1.7601 SP1 x86_64) (WARNING: The server did not provide any stacktrace information)
Command duration or timeout: 48 milliseconds
Build info: version: '2.53.0', revision: '35ae25b', time: '2016-03-15 17:00:58'
System info: host: 'CTS-QUA-4', ip: '192.168.0.4', os.name: 'Windows 7', os.arch: 'amd64', os.version: '6.1', java.version: '1.8.0_102'
Driver info: com.kms.katalon.selenium.driver.CChromeDriver
Capabilities [{applicationCacheEnabled=false, rotatable=false, mobileEmulationEnabled=false, networkConnectionEnabled=false, chrome={chromedriverVersion=2.33.506120 (e3e53437346286c0bc2d2dc9aa4915ba81d9023f), userDataDir=C:\Users\GSALUN~1\AppData\Local\Temp\scoped_dir9348_31874}, takesHeapSnapshot=true, pageLoadStrategy=normal, databaseEnabled=false, handlesAlerts=true, hasTouchScreen=false, version=63.0.3239.132, platform=XP, browserConnectionEnabled=false, nativeEvents=true, acceptSslCerts=true, locationContextEnabled=true, webStorageEnabled=true, browserName=chrome, takesScreenshot=true, javascriptEnabled=true, cssSelectorsEnabled=true, setWindowRect=true, unexpectedAlertBehaviour=}]
Session ID: dae8a60803276b22444627bfe30c07a7)]]></system-err>
      </testcase>
      <testcase name="Test Cases/ENDORSEMENT_CREATION" classname="Test Cases/ENDORSEMENT_CREATION" status="FAILED">
         <failure type="FAILED" message="Unable to click on object 'Object Repository/Endorsement_OR/btn_ADVANCE_FILTER' (Root cause: com.kms.katalon.core.webui.exception.WebElementNotFoundException: Web element with id: 'Object Repository/Endorsement_OR/btn_ADVANCE_FILTER' located by 'By.xpath: //*[@id=&quot;btnAdvanceFilter&quot;]/label' not found)"/>
         <system-out><![CDATA[2018-02-12 17:38:55 - [TEST_CASE][FAILED] - Test Cases/ENDORSEMENT_CREATION: Test Cases/ENDORSEMENT_CREATION FAILED because (of) Unable to click on object 'Object Repository/Endorsement_OR/btn_ADVANCE_FILTER' (Root cause: com.kms.katalon.core.webui.exception.WebElementNotFoundException: Web element with id: 'Object Repository/Endorsement_OR/btn_ADVANCE_FILTER' located by 'By.xpath: //*[@id="btnAdvanceFilter"]/label' not found)

2018-02-12 17:38:55 - [TEST_STEP][FAILED] - com.PPE.Endorsement_UW.EndorsementByUW: Unable to click on object 'Object Repository/Endorsement_OR/btn_ADVANCE_FILTER' (Root cause: com.kms.katalon.core.webui.exception.WebElementNotFoundException: Web element with id: 'Object Repository/Endorsement_OR/btn_ADVANCE_FILTER' located by 'By.xpath: //*[@id="btnAdvanceFilter"]/label' not found)

2018-02-12 17:39:26 - [MESSAGE][FAILED] - Unable to click on object 'Object Repository/Endorsement_OR/btn_ADVANCE_FILTER' (Root cause: com.kms.katalon.core.webui.exception.WebElementNotFoundException: Web element with id: 'Object Repository/Endorsement_OR/btn_ADVANCE_FILTER' located by 'By.xpath: //*[@id="btnAdvanceFilter"]/label' not found)
[[ATTACHMENT|D:\\Katalon_Practice_Workspace\\Katalon_PPE_GANESH\\Reports\\PPE\\20180212_173650\\1518437366515.png]]

2018-02-12 17:39:26 - [MESSAGE][FAILED] - Unable to click on object 'Object Repository/Endorsement_OR/btn_ADVANCE_FILTER' (Root cause: com.kms.katalon.core.webui.exception.WebElementNotFoundException: Web element with id: 'Object Repository/Endorsement_OR/btn_ADVANCE_FILTER' located by 'By.xpath: //*[@id="btnAdvanceFilter"]/label' not found)]]></system-out>
         <system-err><![CDATA[2018-02-12 17:38:55 - [TEST_CASE][FAILED] - Test Cases/ENDORSEMENT_CREATION: Test Cases/ENDORSEMENT_CREATION FAILED because (of) Unable to click on object 'Object Repository/Endorsement_OR/btn_ADVANCE_FILTER' (Root cause: com.kms.katalon.core.webui.exception.WebElementNotFoundException: Web element with id: 'Object Repository/Endorsement_OR/btn_ADVANCE_FILTER' located by 'By.xpath: //*[@id="btnAdvanceFilter"]/label' not found)]]></system-err>
      </testcase>
      <system-out><![CDATA[2018-02-12 17:36:52 - [TEST_SUITE][FAILED] - PPE: Test Cases/APPLICATION_CREATION FAILED because (of) Unable to click on object 'Object Repository/Application_OR/txtfield_INSURED_FIRSTNAME' (Root cause: org.openqa.selenium.WebDriverException: unknown error: Element <input class="form-control form-input  name" data-val="true" data-val-length="The field First Name must be a string with a maximum length of 20." data-val-length-max="20" data-val-regex="Invalid First Name" data-val-regex-pattern="^[A-Za-z '-]+$" data-val-required="The First Name field is required." id="txtPrimaryFirstName" maxlength="20" name="PrimaryApplicant.ApplicantName.FirstName" placeholder="First Name" style="width:100%" type="text" value="Nitin"> is not clickable at point (590, 535). Other element would receive the click: <div class="checkbox">...</div>
  (Session info: chrome=63.0.3239.132)
  (Driver info: chromedriver=2.33.506120 (e3e53437346286c0bc2d2dc9aa4915ba81d9023f),platform=Windows NT 6.1.7601 SP1 x86_64) (WARNING: The server did not provide any stacktrace information)
Command duration or timeout: 48 milliseconds
Build info: version: '2.53.0', revision: '35ae25b', time: '2016-03-15 17:00:58'
System info: host: 'CTS-QUA-4', ip: '192.168.0.4', os.name: 'Windows 7', os.arch: 'amd64', os.version: '6.1', java.version: '1.8.0_102'
Driver info: com.kms.katalon.selenium.driver.CChromeDriver
Capabilities [{applicationCacheEnabled=false, rotatable=false, mobileEmulationEnabled=false, networkConnectionEnabled=false, chrome={chromedriverVersion=2.33.506120 (e3e53437346286c0bc2d2dc9aa4915ba81d9023f), userDataDir=C:\Users\GSALUN~1\AppData\Local\Temp\scoped_dir9348_31874}, takesHeapSnapshot=true, pageLoadStrategy=normal, databaseEnabled=false, handlesAlerts=true, hasTouchScreen=false, version=63.0.3239.132, platform=XP, browserConnectionEnabled=false, nativeEvents=true, acceptSslCerts=true, locationContextEnabled=true, webStorageEnabled=true, browserName=chrome, takesScreenshot=true, javascriptEnabled=true, cssSelectorsEnabled=true, setWindowRect=true, unexpectedAlertBehaviour=}]
Session ID: dae8a60803276b22444627bfe30c07a7)]]></system-out>
      <system-err><![CDATA[2018-02-12 17:36:52 - [TEST_SUITE][FAILED] - PPE: Test Cases/APPLICATION_CREATION FAILED because (of) Unable to click on object 'Object Repository/Application_OR/txtfield_INSURED_FIRSTNAME' (Root cause: org.openqa.selenium.WebDriverException: unknown error: Element <input class="form-control form-input  name" data-val="true" data-val-length="The field First Name must be a string with a maximum length of 20." data-val-length-max="20" data-val-regex="Invalid First Name" data-val-regex-pattern="^[A-Za-z '-]+$" data-val-required="The First Name field is required." id="txtPrimaryFirstName" maxlength="20" name="PrimaryApplicant.ApplicantName.FirstName" placeholder="First Name" style="width:100%" type="text" value="Nitin"> is not clickable at point (590, 535). Other element would receive the click: <div class="checkbox">...</div>
  (Session info: chrome=63.0.3239.132)
  (Driver info: chromedriver=2.33.506120 (e3e53437346286c0bc2d2dc9aa4915ba81d9023f),platform=Windows NT 6.1.7601 SP1 x86_64) (WARNING: The server did not provide any stacktrace information)
Command duration or timeout: 48 milliseconds
Build info: version: '2.53.0', revision: '35ae25b', time: '2016-03-15 17:00:58'
System info: host: 'CTS-QUA-4', ip: '192.168.0.4', os.name: 'Windows 7', os.arch: 'amd64', os.version: '6.1', java.version: '1.8.0_102'
Driver info: com.kms.katalon.selenium.driver.CChromeDriver
Capabilities [{applicationCacheEnabled=false, rotatable=false, mobileEmulationEnabled=false, networkConnectionEnabled=false, chrome={chromedriverVersion=2.33.506120 (e3e53437346286c0bc2d2dc9aa4915ba81d9023f), userDataDir=C:\Users\GSALUN~1\AppData\Local\Temp\scoped_dir9348_31874}, takesHeapSnapshot=true, pageLoadStrategy=normal, databaseEnabled=false, handlesAlerts=true, hasTouchScreen=false, version=63.0.3239.132, platform=XP, browserConnectionEnabled=false, nativeEvents=true, acceptSslCerts=true, locationContextEnabled=true, webStorageEnabled=true, browserName=chrome, takesScreenshot=true, javascriptEnabled=true, cssSelectorsEnabled=true, setWindowRect=true, unexpectedAlertBehaviour=}]
Session ID: dae8a60803276b22444627bfe30c07a7)]]></system-err>
   </testsuite>
</testsuites>
