{"devicePlatform":"","logFolder":"D:\\Katalon_Practice_Workspace\\Katalon_Mitendra\\Reports\\PPE\\20180129_120357","runData":{"hostName":"gsalunkhe - CTS-QUA-4.cogitate.india","os":"Windows 7 64bit","katalonVersion":"5.0.1.1","browser":"Chrome 63.0.3239.132","hostAddress":"192.168.0.4","sessionId":"f6c2b4f345f7546d35c76c3067fe7e6a","seleniumVersion":"2.53.0","proxyInformation":"ProxyInformation{proxyOption\u003dNO_PROXY, proxyServerType\u003dHTTP, password\u003d, proxyServerAddress\u003d, proxyServerPort\u003d0}","platform":"Windows 7"},"type":"TEST_SUITE","name":"PPE","id":"Test Suites/PPE","source":"","message":"Test Cases/QUOTE_CREATION FAILED because (of) Unable to click on object \u0027Object Repository/Quote_OR/btn_SENDQUOTE\u0027 (Root cause: org.openqa.selenium.ElementNotVisibleException: element not visible\n  (Session info: chrome\u003d63.0.3239.132)\n  (Driver info: chromedriver\u003d2.33.506120 (e3e53437346286c0bc2d2dc9aa4915ba81d9023f),platform\u003dWindows NT 6.1.7601 SP1 x86_64) (WARNING: The server did not provide any stacktrace information)\nCommand duration or timeout: 18 milliseconds\nBuild info: version: \u00272.53.0\u0027, revision: \u002735ae25b\u0027, time: \u00272016-03-15 17:00:58\u0027\nSystem info: host: \u0027CTS-QUA-4\u0027, ip: \u0027192.168.0.4\u0027, os.name: \u0027Windows 7\u0027, os.arch: \u0027amd64\u0027, os.version: \u00276.1\u0027, java.version: \u00271.8.0_102\u0027\nDriver info: com.kms.katalon.selenium.driver.CChromeDriver\nCapabilities [{applicationCacheEnabled\u003dfalse, rotatable\u003dfalse, mobileEmulationEnabled\u003dfalse, networkConnectionEnabled\u003dfalse, chrome\u003d{chromedriverVersion\u003d2.33.506120 (e3e53437346286c0bc2d2dc9aa4915ba81d9023f), userDataDir\u003dC:\\Users\\GSALUN~1\\AppData\\Local\\Temp\\scoped_dir6336_30470}, takesHeapSnapshot\u003dtrue, pageLoadStrategy\u003dnormal, databaseEnabled\u003dfalse, handlesAlerts\u003dtrue, hasTouchScreen\u003dfalse, version\u003d63.0.3239.132, platform\u003dXP, browserConnectionEnabled\u003dfalse, nativeEvents\u003dtrue, acceptSslCerts\u003dtrue, locationContextEnabled\u003dtrue, webStorageEnabled\u003dtrue, browserName\u003dchrome, takesScreenshot\u003dtrue, javascriptEnabled\u003dtrue, cssSelectorsEnabled\u003dtrue, setWindowRect\u003dtrue, unexpectedAlertBehaviour\u003d}]\nSession ID: f6c2b4f345f7546d35c76c3067fe7e6a)","description":"","startTime":1517207639711,"endTime":1517207788104,"childRecords":[{"isOptional":false,"type":"TEST_CASE","name":"Test Cases/QUOTE_CREATION","id":"Test Cases/QUOTE_CREATION","source":"D:\\\\Katalon_Practice_Workspace\\\\Katalon_MitendraTest Cases\\\\QUOTE_CREATION.tc","message":"Test Cases/QUOTE_CREATION FAILED because (of) Unable to click on object \u0027Object Repository/Quote_OR/btn_SENDQUOTE\u0027 (Root cause: org.openqa.selenium.ElementNotVisibleException: element not visible\n  (Session info: chrome\u003d63.0.3239.132)\n  (Driver info: chromedriver\u003d2.33.506120 (e3e53437346286c0bc2d2dc9aa4915ba81d9023f),platform\u003dWindows NT 6.1.7601 SP1 x86_64) (WARNING: The server did not provide any stacktrace information)\nCommand duration or timeout: 18 milliseconds\nBuild info: version: \u00272.53.0\u0027, revision: \u002735ae25b\u0027, time: \u00272016-03-15 17:00:58\u0027\nSystem info: host: \u0027CTS-QUA-4\u0027, ip: \u0027192.168.0.4\u0027, os.name: \u0027Windows 7\u0027, os.arch: \u0027amd64\u0027, os.version: \u00276.1\u0027, java.version: \u00271.8.0_102\u0027\nDriver info: com.kms.katalon.selenium.driver.CChromeDriver\nCapabilities [{applicationCacheEnabled\u003dfalse, rotatable\u003dfalse, mobileEmulationEnabled\u003dfalse, networkConnectionEnabled\u003dfalse, chrome\u003d{chromedriverVersion\u003d2.33.506120 (e3e53437346286c0bc2d2dc9aa4915ba81d9023f), userDataDir\u003dC:\\Users\\GSALUN~1\\AppData\\Local\\Temp\\scoped_dir6336_30470}, takesHeapSnapshot\u003dtrue, pageLoadStrategy\u003dnormal, databaseEnabled\u003dfalse, handlesAlerts\u003dtrue, hasTouchScreen\u003dfalse, version\u003d63.0.3239.132, platform\u003dXP, browserConnectionEnabled\u003dfalse, nativeEvents\u003dtrue, acceptSslCerts\u003dtrue, locationContextEnabled\u003dtrue, webStorageEnabled\u003dtrue, browserName\u003dchrome, takesScreenshot\u003dtrue, javascriptEnabled\u003dtrue, cssSelectorsEnabled\u003dtrue, setWindowRect\u003dtrue, unexpectedAlertBehaviour\u003d}]\nSession ID: f6c2b4f345f7546d35c76c3067fe7e6a)","description":"Agent Quote process","startTime":1517207640075,"endTime":1517207677748,"childRecords":[{"testStatus":{"stackTrace":"","statusValue":"INFO"},"type":"MESSAGE","name":"","message":"Evaluating variables for test case","startTime":1517207640232,"endTime":0,"childRecords":[],"interuppted":false},{"index":1,"isIgnoredIfFailed":false,"type":"TEST_STEP","name":"openBrowser","message":"Browser is opened with url: \u0027http://13.90.102.191:8066\u0027","description":"","startTime":1517207640532,"endTime":1517207647793,"childRecords":[{"testStatus":{"stackTrace":"","statusValue":"PASSED"},"type":"MESSAGE","name":"","message":"Browser is opened with url: \u0027http://13.90.102.191:8066\u0027","startTime":1517207647792,"endTime":0,"childRecords":[],"interuppted":false}],"interuppted":false},{"index":2,"isIgnoredIfFailed":false,"type":"TEST_STEP","name":"maximizeWindow","message":"Current window maximized","description":"","startTime":1517207647794,"endTime":1517207649240,"childRecords":[{"testStatus":{"stackTrace":"","statusValue":"PASSED"},"type":"MESSAGE","name":"","message":"Current window maximized","startTime":1517207649239,"endTime":0,"childRecords":[],"interuppted":false}],"interuppted":false},{"index":3,"isIgnoredIfFailed":false,"type":"TEST_STEP","name":"setText","message":"Text \u0027ih.chelms\u0027 is set on object \u0027Object Repository/Quote_OR/txtfield_USERNAME\u0027","description":"","startTime":1517207649241,"endTime":1517207649609,"childRecords":[{"testStatus":{"stackTrace":"","statusValue":"PASSED"},"type":"MESSAGE","name":"","message":"Text \u0027ih.chelms\u0027 is set on object \u0027Object Repository/Quote_OR/txtfield_USERNAME\u0027","startTime":1517207649609,"endTime":0,"childRecords":[],"interuppted":false}],"interuppted":false},{"index":4,"isIgnoredIfFailed":false,"type":"TEST_STEP","name":"setText","message":"Text \u002710#Hammer\u0027 is set on object \u0027Object Repository/Quote_OR/txtfield_PASSWORD\u0027","description":"","startTime":1517207649625,"endTime":1517207650055,"childRecords":[{"testStatus":{"stackTrace":"","statusValue":"PASSED"},"type":"MESSAGE","name":"","message":"Text \u002710#Hammer\u0027 is set on object \u0027Object Repository/Quote_OR/txtfield_PASSWORD\u0027","startTime":1517207650054,"endTime":0,"childRecords":[],"interuppted":false}],"interuppted":false},{"index":5,"isIgnoredIfFailed":false,"type":"TEST_STEP","name":"click","message":"Object: \u0027Object Repository/Quote_OR/btn-LOGIN\u0027 is clicked on","description":"","startTime":1517207650056,"endTime":1517207658466,"childRecords":[{"testStatus":{"stackTrace":"","statusValue":"PASSED"},"type":"MESSAGE","name":"","message":"Object: \u0027Object Repository/Quote_OR/btn-LOGIN\u0027 is clicked on","startTime":1517207658465,"endTime":0,"childRecords":[],"interuppted":false}],"interuppted":false},{"index":6,"isIgnoredIfFailed":false,"type":"TEST_STEP","name":"setText","message":"Text \u0027272 Pursley St Macon, GA 31201 USA\u0027 is set on object \u0027Object Repository/Quote_OR/txtfield_ADDRESS_ON_LANDING_PAGE\u0027","description":"","startTime":1517207658466,"endTime":1517207658888,"childRecords":[{"testStatus":{"stackTrace":"","statusValue":"PASSED"},"type":"MESSAGE","name":"","message":"Text \u0027272 Pursley St Macon, GA 31201 USA\u0027 is set on object \u0027Object Repository/Quote_OR/txtfield_ADDRESS_ON_LANDING_PAGE\u0027","startTime":1517207658888,"endTime":0,"childRecords":[],"interuppted":false}],"interuppted":false},{"index":7,"isIgnoredIfFailed":false,"type":"TEST_STEP","name":"click","message":"Object: \u0027Object Repository/Quote_OR/btn_SEARCH_ADDRESS\u0027 is clicked on","description":"","startTime":1517207658889,"endTime":1517207672237,"childRecords":[{"testStatus":{"stackTrace":"","statusValue":"PASSED"},"type":"MESSAGE","name":"","message":"Object: \u0027Object Repository/Quote_OR/btn_SEARCH_ADDRESS\u0027 is clicked on","startTime":1517207672235,"endTime":0,"childRecords":[],"interuppted":false}],"interuppted":false},{"index":8,"isIgnoredIfFailed":false,"type":"TEST_STEP","name":"waitForPageLoad","message":"Wait for page load successfully","description":"","startTime":1517207672237,"endTime":1517207672319,"childRecords":[{"testStatus":{"stackTrace":"","statusValue":"PASSED"},"type":"MESSAGE","name":"","message":"Wait for page load successfully","startTime":1517207672318,"endTime":0,"childRecords":[],"interuppted":false}],"interuppted":false},{"index":9,"isIgnoredIfFailed":false,"type":"TEST_STEP","name":"selectOptionByIndex","message":"All options with index in [1] are selected on object \u0027Object Repository/Quote_OR/drp_PROPERTY_TYPE\u0027","description":"","startTime":1517207672319,"endTime":1517207672765,"childRecords":[{"testStatus":{"stackTrace":"","statusValue":"PASSED"},"type":"MESSAGE","name":"","message":"All options with index in [1] are selected on object \u0027Object Repository/Quote_OR/drp_PROPERTY_TYPE\u0027","startTime":1517207672764,"endTime":0,"childRecords":[],"interuppted":false}],"interuppted":false},{"index":10,"isIgnoredIfFailed":false,"type":"TEST_STEP","name":"setText","message":"Text \u0027\u0027 is set on object \u0027Object Repository/Quote_OR/txtfield_HOME_VALUATION\u0027","description":"","startTime":1517207672766,"endTime":1517207673076,"childRecords":[{"testStatus":{"stackTrace":"","statusValue":"PASSED"},"type":"MESSAGE","name":"","message":"Text \u0027\u0027 is set on object \u0027Object Repository/Quote_OR/txtfield_HOME_VALUATION\u0027","startTime":1517207673075,"endTime":0,"childRecords":[],"interuppted":false}],"interuppted":false},{"index":11,"isIgnoredIfFailed":false,"type":"TEST_STEP","name":"selectOptionByIndex","message":"All options with index in [2] are selected on object \u0027Object Repository/Quote_OR/drp_CONSTRUCTION_TYPE\u0027","description":"","startTime":1517207673076,"endTime":1517207673342,"childRecords":[{"testStatus":{"stackTrace":"","statusValue":"PASSED"},"type":"MESSAGE","name":"","message":"All options with index in [2] are selected on object \u0027Object Repository/Quote_OR/drp_CONSTRUCTION_TYPE\u0027","startTime":1517207673339,"endTime":0,"childRecords":[],"interuppted":false}],"interuppted":false},{"index":12,"isIgnoredIfFailed":false,"type":"TEST_STEP","name":"setText","message":"Text \u0027100000\u0027 is set on object \u0027Object Repository/Quote_OR/txtfield_HOME_VALUATION\u0027","description":"","startTime":1517207673343,"endTime":1517207673642,"childRecords":[{"testStatus":{"stackTrace":"","statusValue":"PASSED"},"type":"MESSAGE","name":"","message":"Text \u0027100000\u0027 is set on object \u0027Object Repository/Quote_OR/txtfield_HOME_VALUATION\u0027","startTime":1517207673642,"endTime":0,"childRecords":[],"interuppted":false}],"interuppted":false},{"index":13,"isIgnoredIfFailed":false,"type":"TEST_STEP","name":"delay","message":"Delayed 2 second(s)","description":"","startTime":1517207673642,"endTime":1517207675660,"childRecords":[{"testStatus":{"stackTrace":"","statusValue":"PASSED"},"type":"MESSAGE","name":"","message":"Delayed 2 second(s)","startTime":1517207675659,"endTime":0,"childRecords":[],"interuppted":false}],"interuppted":false},{"index":14,"isIgnoredIfFailed":false,"type":"TEST_STEP","name":"setText","message":"Text \u0027\u0027 is set on object \u0027Object Repository/Quote_OR/txtbx_YEARHOMEBUILD\u0027","description":"","startTime":1517207675660,"endTime":1517207675893,"childRecords":[{"testStatus":{"stackTrace":"","statusValue":"PASSED"},"type":"MESSAGE","name":"","message":"Text \u0027\u0027 is set on object \u0027Object Repository/Quote_OR/txtbx_YEARHOMEBUILD\u0027","startTime":1517207675893,"endTime":0,"childRecords":[],"interuppted":false}],"interuppted":false},{"index":15,"isIgnoredIfFailed":false,"type":"TEST_STEP","name":"setText","message":"Text \u00271968\u0027 is set on object \u0027Object Repository/Quote_OR/txtbx_YEARHOMEBUILD\u0027","description":"","startTime":1517207675894,"endTime":1517207676016,"childRecords":[{"testStatus":{"stackTrace":"","statusValue":"PASSED"},"type":"MESSAGE","name":"","message":"Text \u00271968\u0027 is set on object \u0027Object Repository/Quote_OR/txtbx_YEARHOMEBUILD\u0027","startTime":1517207676015,"endTime":0,"childRecords":[],"interuppted":false}],"interuppted":false},{"index":16,"isIgnoredIfFailed":false,"type":"TEST_STEP","name":"click","message":"Object: \u0027Object Repository/Quote_OR/btn_GETQUOTE\u0027 is clicked on","description":"","startTime":1517207676017,"endTime":1517207676153,"childRecords":[{"testStatus":{"stackTrace":"","statusValue":"PASSED"},"type":"MESSAGE","name":"","message":"Object: \u0027Object Repository/Quote_OR/btn_GETQUOTE\u0027 is clicked on","startTime":1517207676152,"endTime":0,"childRecords":[],"interuppted":false}],"interuppted":false},{"index":17,"isIgnoredIfFailed":false,"type":"TEST_STEP","name":"delay","message":"Delayed 1 second(s)","description":"","startTime":1517207676153,"endTime":1517207677156,"childRecords":[{"testStatus":{"stackTrace":"","statusValue":"PASSED"},"type":"MESSAGE","name":"","message":"Delayed 1 second(s)","startTime":1517207677155,"endTime":0,"childRecords":[],"interuppted":false}],"interuppted":false},{"attachment":"1517207677234.png","index":18,"isIgnoredIfFailed":false,"type":"TEST_STEP","name":"click","message":"Unable to click on object \u0027Object Repository/Quote_OR/btn_SENDQUOTE\u0027 (Root cause: org.openqa.selenium.ElementNotVisibleException: element not visible\n  (Session info: chrome\u003d63.0.3239.132)\n  (Driver info: chromedriver\u003d2.33.506120 (e3e53437346286c0bc2d2dc9aa4915ba81d9023f),platform\u003dWindows NT 6.1.7601 SP1 x86_64) (WARNING: The server did not provide any stacktrace information)\nCommand duration or timeout: 18 milliseconds\nBuild info: version: \u00272.53.0\u0027, revision: \u002735ae25b\u0027, time: \u00272016-03-15 17:00:58\u0027\nSystem info: host: \u0027CTS-QUA-4\u0027, ip: \u0027192.168.0.4\u0027, os.name: \u0027Windows 7\u0027, os.arch: \u0027amd64\u0027, os.version: \u00276.1\u0027, java.version: \u00271.8.0_102\u0027\nDriver info: com.kms.katalon.selenium.driver.CChromeDriver\nCapabilities [{applicationCacheEnabled\u003dfalse, rotatable\u003dfalse, mobileEmulationEnabled\u003dfalse, networkConnectionEnabled\u003dfalse, chrome\u003d{chromedriverVersion\u003d2.33.506120 (e3e53437346286c0bc2d2dc9aa4915ba81d9023f), userDataDir\u003dC:\\Users\\GSALUN~1\\AppData\\Local\\Temp\\scoped_dir6336_30470}, takesHeapSnapshot\u003dtrue, pageLoadStrategy\u003dnormal, databaseEnabled\u003dfalse, handlesAlerts\u003dtrue, hasTouchScreen\u003dfalse, version\u003d63.0.3239.132, platform\u003dXP, browserConnectionEnabled\u003dfalse, nativeEvents\u003dtrue, acceptSslCerts\u003dtrue, locationContextEnabled\u003dtrue, webStorageEnabled\u003dtrue, browserName\u003dchrome, takesScreenshot\u003dtrue, javascriptEnabled\u003dtrue, cssSelectorsEnabled\u003dtrue, setWindowRect\u003dtrue, unexpectedAlertBehaviour\u003d}]\nSession ID: f6c2b4f345f7546d35c76c3067fe7e6a)","description":"","startTime":1517207677156,"endTime":1517207677745,"childRecords":[{"testStatus":{"stackTrace":"","statusValue":"FAILED"},"attachment":"1517207677234.png","type":"MESSAGE","name":"","message":"Unable to click on object \u0027Object Repository/Quote_OR/btn_SENDQUOTE\u0027 (Root cause: org.openqa.selenium.ElementNotVisibleException: element not visible\n  (Session info: chrome\u003d63.0.3239.132)\n  (Driver info: chromedriver\u003d2.33.506120 (e3e53437346286c0bc2d2dc9aa4915ba81d9023f),platform\u003dWindows NT 6.1.7601 SP1 x86_64) (WARNING: The server did not provide any stacktrace information)\nCommand duration or timeout: 18 milliseconds\nBuild info: version: \u00272.53.0\u0027, revision: \u002735ae25b\u0027, time: \u00272016-03-15 17:00:58\u0027\nSystem info: host: \u0027CTS-QUA-4\u0027, ip: \u0027192.168.0.4\u0027, os.name: \u0027Windows 7\u0027, os.arch: \u0027amd64\u0027, os.version: \u00276.1\u0027, java.version: \u00271.8.0_102\u0027\nDriver info: com.kms.katalon.selenium.driver.CChromeDriver\nCapabilities [{applicationCacheEnabled\u003dfalse, rotatable\u003dfalse, mobileEmulationEnabled\u003dfalse, networkConnectionEnabled\u003dfalse, chrome\u003d{chromedriverVersion\u003d2.33.506120 (e3e53437346286c0bc2d2dc9aa4915ba81d9023f), userDataDir\u003dC:\\Users\\GSALUN~1\\AppData\\Local\\Temp\\scoped_dir6336_30470}, takesHeapSnapshot\u003dtrue, pageLoadStrategy\u003dnormal, databaseEnabled\u003dfalse, handlesAlerts\u003dtrue, hasTouchScreen\u003dfalse, version\u003d63.0.3239.132, platform\u003dXP, browserConnectionEnabled\u003dfalse, nativeEvents\u003dtrue, acceptSslCerts\u003dtrue, locationContextEnabled\u003dtrue, webStorageEnabled\u003dtrue, browserName\u003dchrome, takesScreenshot\u003dtrue, javascriptEnabled\u003dtrue, cssSelectorsEnabled\u003dtrue, setWindowRect\u003dtrue, unexpectedAlertBehaviour\u003d}]\nSession ID: f6c2b4f345f7546d35c76c3067fe7e6a)","startTime":1517207677744,"endTime":0,"childRecords":[],"interuppted":false}],"interuppted":false},{"testStatus":{"stackTrace":"","statusValue":"FAILED"},"type":"MESSAGE","name":"","message":"Test Cases/QUOTE_CREATION FAILED because (of) Unable to click on object \u0027Object Repository/Quote_OR/btn_SENDQUOTE\u0027 (Root cause: org.openqa.selenium.ElementNotVisibleException: element not visible\n  (Session info: chrome\u003d63.0.3239.132)\n  (Driver info: chromedriver\u003d2.33.506120 (e3e53437346286c0bc2d2dc9aa4915ba81d9023f),platform\u003dWindows NT 6.1.7601 SP1 x86_64) (WARNING: The server did not provide any stacktrace information)\nCommand duration or timeout: 18 milliseconds\nBuild info: version: \u00272.53.0\u0027, revision: \u002735ae25b\u0027, time: \u00272016-03-15 17:00:58\u0027\nSystem info: host: \u0027CTS-QUA-4\u0027, ip: \u0027192.168.0.4\u0027, os.name: \u0027Windows 7\u0027, os.arch: \u0027amd64\u0027, os.version: \u00276.1\u0027, java.version: \u00271.8.0_102\u0027\nDriver info: com.kms.katalon.selenium.driver.CChromeDriver\nCapabilities [{applicationCacheEnabled\u003dfalse, rotatable\u003dfalse, mobileEmulationEnabled\u003dfalse, networkConnectionEnabled\u003dfalse, chrome\u003d{chromedriverVersion\u003d2.33.506120 (e3e53437346286c0bc2d2dc9aa4915ba81d9023f), userDataDir\u003dC:\\Users\\GSALUN~1\\AppData\\Local\\Temp\\scoped_dir6336_30470}, takesHeapSnapshot\u003dtrue, pageLoadStrategy\u003dnormal, databaseEnabled\u003dfalse, handlesAlerts\u003dtrue, hasTouchScreen\u003dfalse, version\u003d63.0.3239.132, platform\u003dXP, browserConnectionEnabled\u003dfalse, nativeEvents\u003dtrue, acceptSslCerts\u003dtrue, locationContextEnabled\u003dtrue, webStorageEnabled\u003dtrue, browserName\u003dchrome, takesScreenshot\u003dtrue, javascriptEnabled\u003dtrue, cssSelectorsEnabled\u003dtrue, setWindowRect\u003dtrue, unexpectedAlertBehaviour\u003d}]\nSession ID: f6c2b4f345f7546d35c76c3067fe7e6a)","startTime":1517207677746,"endTime":0,"childRecords":[],"interuppted":false}],"interuppted":false},{"isOptional":false,"type":"TEST_CASE","name":"Test Cases/APPLICATION_CREATION","id":"Test Cases/APPLICATION_CREATION","source":"D:\\\\Katalon_Practice_Workspace\\\\Katalon_MitendraTest Cases\\\\APPLICATION_CREATION.tc","message":"Test Cases/APPLICATION_CREATION FAILED because (of) Unable to click on object \u0027Object Repository/Application_OR/txtfield_INSURED_FIRSTNAME\u0027 (Root cause: org.openqa.selenium.WebDriverException: unknown error: Element \u003cinput class\u003d\"form-control form-input  name\" data-val\u003d\"true\" data-val-length\u003d\"The field First Name must be a string with a maximum length of 20.\" data-val-length-max\u003d\"20\" data-val-regex\u003d\"Invalid First Name\" data-val-regex-pattern\u003d\"^[A-Za-z \u0027-]+$\" data-val-required\u003d\"The First Name field is required.\" id\u003d\"txtPrimaryFirstName\" maxlength\u003d\"20\" name\u003d\"PrimaryApplicant.ApplicantName.FirstName\" placeholder\u003d\"First Name\" style\u003d\"width:100%\" type\u003d\"text\" value\u003d\"\"\u003e is not clickable at point (592, 513). Other element would receive the click: \u003cdiv class\u003d\"checkbox\"\u003e...\u003c/div\u003e\n  (Session info: chrome\u003d63.0.3239.132)\n  (Driver info: chromedriver\u003d2.33.506120 (e3e53437346286c0bc2d2dc9aa4915ba81d9023f),platform\u003dWindows NT 6.1.7601 SP1 x86_64) (WARNING: The server did not provide any stacktrace information)\nCommand duration or timeout: 44 milliseconds\nBuild info: version: \u00272.53.0\u0027, revision: \u002735ae25b\u0027, time: \u00272016-03-15 17:00:58\u0027\nSystem info: host: \u0027CTS-QUA-4\u0027, ip: \u0027192.168.0.4\u0027, os.name: \u0027Windows 7\u0027, os.arch: \u0027amd64\u0027, os.version: \u00276.1\u0027, java.version: \u00271.8.0_102\u0027\nDriver info: com.kms.katalon.selenium.driver.CChromeDriver\nCapabilities [{applicationCacheEnabled\u003dfalse, rotatable\u003dfalse, mobileEmulationEnabled\u003dfalse, networkConnectionEnabled\u003dfalse, chrome\u003d{chromedriverVersion\u003d2.33.506120 (e3e53437346286c0bc2d2dc9aa4915ba81d9023f), userDataDir\u003dC:\\Users\\GSALUN~1\\AppData\\Local\\Temp\\scoped_dir6336_30470}, takesHeapSnapshot\u003dtrue, pageLoadStrategy\u003dnormal, databaseEnabled\u003dfalse, handlesAlerts\u003dtrue, hasTouchScreen\u003dfalse, version\u003d63.0.3239.132, platform\u003dXP, browserConnectionEnabled\u003dfalse, nativeEvents\u003dtrue, acceptSslCerts\u003dtrue, locationContextEnabled\u003dtrue, webStorageEnabled\u003dtrue, browserName\u003dchrome, takesScreenshot\u003dtrue, javascriptEnabled\u003dtrue, cssSelectorsEnabled\u003dtrue, setWindowRect\u003dtrue, unexpectedAlertBehaviour\u003d}]\nSession ID: f6c2b4f345f7546d35c76c3067fe7e6a)","description":"","startTime":1517207677801,"endTime":1517207755173,"childRecords":[{"testStatus":{"stackTrace":"","statusValue":"INFO"},"type":"MESSAGE","name":"","message":"Evaluating variables for test case","startTime":1517207677882,"endTime":0,"childRecords":[],"interuppted":false},{"index":1,"isIgnoredIfFailed":false,"type":"TEST_STEP","name":"setText","message":"Text \u0027194 Ward St Macon, GA 31204 USA\u0027 is set on object \u0027Object Repository/Application_OR/txtfield_ADDRESS_ON_QUOTE_PAGE\u0027","description":"","startTime":1517207678061,"endTime":1517207678377,"childRecords":[{"testStatus":{"stackTrace":"","statusValue":"PASSED"},"type":"MESSAGE","name":"","message":"Text \u0027194 Ward St Macon, GA 31204 USA\u0027 is set on object \u0027Object Repository/Application_OR/txtfield_ADDRESS_ON_QUOTE_PAGE\u0027","startTime":1517207678377,"endTime":0,"childRecords":[],"interuppted":false}],"interuppted":false},{"index":2,"isIgnoredIfFailed":false,"type":"TEST_STEP","name":"click","message":"Object: \u0027Object Repository/Application_OR/btn_SEARCH_ADDRESS_QUOTE_PAGE\u0027 is clicked on","description":"","startTime":1517207678378,"endTime":1517207708345,"childRecords":[{"testStatus":{"stackTrace":"","statusValue":"PASSED"},"type":"MESSAGE","name":"","message":"Object: \u0027Object Repository/Application_OR/btn_SEARCH_ADDRESS_QUOTE_PAGE\u0027 is clicked on","startTime":1517207708345,"endTime":0,"childRecords":[],"interuppted":false}],"interuppted":false},{"index":3,"isIgnoredIfFailed":false,"type":"TEST_STEP","name":"Statement - Address \u003d com.kms.katalon.core.testobject.ObjectRepository.findTestObject(Endorsement_OR/get_Address)","message":"Finding Test Object with id \u0027Object Repository/Endorsement_OR/get_Address\u0027","description":"","startTime":1517207708346,"endTime":1517207708357,"childRecords":[],"interuppted":false},{"index":4,"isIgnoredIfFailed":false,"type":"TEST_STEP","name":"Statement - propertyaddress \u003d com.kms.katalon.core.webui.keyword.WebUiBuiltInKeywords.getAttribute(Address, \"value\")","message":"Attribute \u0027value\u0027 of object \u0027Object Repository/Endorsement_OR/get_Address\u0027 is: \u0027194 Ward St, Macon, GA 31204, USA\u0027","description":"","startTime":1517207708357,"endTime":1517207708430,"childRecords":[{"testStatus":{"stackTrace":"","statusValue":"PASSED"},"type":"MESSAGE","name":"","message":"Attribute \u0027value\u0027 of object \u0027Object Repository/Endorsement_OR/get_Address\u0027 is: \u0027194 Ward St, Macon, GA 31204, USA\u0027","startTime":1517207708429,"endTime":0,"childRecords":[],"interuppted":false}],"interuppted":false},{"index":5,"isIgnoredIfFailed":false,"type":"TEST_STEP","name":"Statement - println(propertyaddress)","description":"","startTime":1517207708430,"endTime":1517207708434,"childRecords":[],"interuppted":false},{"index":6,"isIgnoredIfFailed":false,"type":"TEST_STEP","name":"Statement - propertyaddress \u003d propertyaddress","description":"","startTime":1517207708435,"endTime":1517207708436,"childRecords":[],"interuppted":false},{"index":7,"isIgnoredIfFailed":false,"type":"TEST_STEP","name":"selectOptionByIndex","message":"All options with index in [1] are selected on object \u0027Object Repository/Quote_OR/drp_PROPERTY_TYPE\u0027","description":"","startTime":1517207708436,"endTime":1517207708577,"childRecords":[{"testStatus":{"stackTrace":"","statusValue":"PASSED"},"type":"MESSAGE","name":"","message":"All options with index in [1] are selected on object \u0027Object Repository/Quote_OR/drp_PROPERTY_TYPE\u0027","startTime":1517207708577,"endTime":0,"childRecords":[],"interuppted":false}],"interuppted":false},{"index":8,"isIgnoredIfFailed":false,"type":"TEST_STEP","name":"setText","message":"Text \u0027\u0027 is set on object \u0027Object Repository/Quote_OR/txtbx_YEARHOMEBUILD\u0027","description":"","startTime":1517207708578,"endTime":1517207708754,"childRecords":[{"testStatus":{"stackTrace":"","statusValue":"PASSED"},"type":"MESSAGE","name":"","message":"Text \u0027\u0027 is set on object \u0027Object Repository/Quote_OR/txtbx_YEARHOMEBUILD\u0027","startTime":1517207708753,"endTime":0,"childRecords":[],"interuppted":false}],"interuppted":false},{"index":9,"isIgnoredIfFailed":false,"type":"TEST_STEP","name":"setText","message":"Text \u00272000\u0027 is set on object \u0027Object Repository/Quote_OR/txtbx_YEARHOMEBUILD\u0027","description":"","startTime":1517207708754,"endTime":1517207708989,"childRecords":[{"testStatus":{"stackTrace":"","statusValue":"PASSED"},"type":"MESSAGE","name":"","message":"Text \u00272000\u0027 is set on object \u0027Object Repository/Quote_OR/txtbx_YEARHOMEBUILD\u0027","startTime":1517207708989,"endTime":0,"childRecords":[],"interuppted":false}],"interuppted":false},{"index":10,"isIgnoredIfFailed":false,"type":"TEST_STEP","name":"selectOptionByIndex","message":"All options with index in [2] are selected on object \u0027Object Repository/Quote_OR/drp_CONSTRUCTION_TYPE\u0027","description":"","startTime":1517207708990,"endTime":1517207709287,"childRecords":[{"testStatus":{"stackTrace":"","statusValue":"PASSED"},"type":"MESSAGE","name":"","message":"All options with index in [2] are selected on object \u0027Object Repository/Quote_OR/drp_CONSTRUCTION_TYPE\u0027","startTime":1517207709287,"endTime":0,"childRecords":[],"interuppted":false}],"interuppted":false},{"index":11,"isIgnoredIfFailed":false,"type":"TEST_STEP","name":"setText","message":"Text \u0027\u0027 is set on object \u0027Object Repository/Quote_OR/txtfield_HOME_VALUATION\u0027","description":"","startTime":1517207709287,"endTime":1517207709470,"childRecords":[{"testStatus":{"stackTrace":"","statusValue":"PASSED"},"type":"MESSAGE","name":"","message":"Text \u0027\u0027 is set on object \u0027Object Repository/Quote_OR/txtfield_HOME_VALUATION\u0027","startTime":1517207709470,"endTime":0,"childRecords":[],"interuppted":false}],"interuppted":false},{"index":12,"isIgnoredIfFailed":false,"type":"TEST_STEP","name":"setText","message":"Text \u0027100000\u0027 is set on object \u0027Object Repository/Quote_OR/txtfield_HOME_VALUATION\u0027","description":"","startTime":1517207709470,"endTime":1517207709612,"childRecords":[{"testStatus":{"stackTrace":"","statusValue":"PASSED"},"type":"MESSAGE","name":"","message":"Text \u0027100000\u0027 is set on object \u0027Object Repository/Quote_OR/txtfield_HOME_VALUATION\u0027","startTime":1517207709611,"endTime":0,"childRecords":[],"interuppted":false}],"interuppted":false},{"index":13,"isIgnoredIfFailed":false,"type":"TEST_STEP","name":"click","message":"Object: \u0027Object Repository/Quote_OR/btn_GETQUOTE\u0027 is clicked on","description":"","startTime":1517207709612,"endTime":1517207709946,"childRecords":[{"testStatus":{"stackTrace":"","statusValue":"PASSED"},"type":"MESSAGE","name":"","message":"Object: \u0027Object Repository/Quote_OR/btn_GETQUOTE\u0027 is clicked on","startTime":1517207709946,"endTime":0,"childRecords":[],"interuppted":false}],"interuppted":false},{"index":14,"isIgnoredIfFailed":false,"type":"TEST_STEP","name":"delay","message":"Delayed 1 second(s)","description":"","startTime":1517207709947,"endTime":1517207710949,"childRecords":[{"testStatus":{"stackTrace":"","statusValue":"PASSED"},"type":"MESSAGE","name":"","message":"Delayed 1 second(s)","startTime":1517207710948,"endTime":0,"childRecords":[],"interuppted":false}],"interuppted":false},{"index":15,"isIgnoredIfFailed":false,"type":"TEST_STEP","name":"click","message":"Object: \u0027Object Repository/Application_OR/btn_TOAPPLICATION\u0027 is clicked on","description":"","startTime":1517207710949,"endTime":1517207731526,"childRecords":[{"testStatus":{"stackTrace":"","statusValue":"PASSED"},"type":"MESSAGE","name":"","message":"Object: \u0027Object Repository/Application_OR/btn_TOAPPLICATION\u0027 is clicked on","startTime":1517207731526,"endTime":0,"childRecords":[],"interuppted":false}],"interuppted":false},{"index":16,"isIgnoredIfFailed":false,"type":"TEST_STEP","name":"delay","message":"Delayed 10 second(s)","description":"","startTime":1517207731527,"endTime":1517207741530,"childRecords":[{"testStatus":{"stackTrace":"","statusValue":"PASSED"},"type":"MESSAGE","name":"","message":"Delayed 10 second(s)","startTime":1517207741529,"endTime":0,"childRecords":[],"interuppted":false}],"interuppted":false},{"index":17,"isIgnoredIfFailed":false,"type":"TEST_STEP","name":"click","message":"Object: \u0027Object Repository/Application_OR/btn_CONTINUE_UW_QUESTIONS\u0027 is clicked on","description":"","startTime":1517207741530,"endTime":1517207741715,"childRecords":[{"testStatus":{"stackTrace":"","statusValue":"PASSED"},"type":"MESSAGE","name":"","message":"Object: \u0027Object Repository/Application_OR/btn_CONTINUE_UW_QUESTIONS\u0027 is clicked on","startTime":1517207741714,"endTime":0,"childRecords":[],"interuppted":false}],"interuppted":false},{"index":18,"isIgnoredIfFailed":false,"type":"TEST_STEP","name":"delay","message":"Delayed 10 second(s)","description":"","startTime":1517207741716,"endTime":1517207751719,"childRecords":[{"testStatus":{"stackTrace":"","statusValue":"PASSED"},"type":"MESSAGE","name":"","message":"Delayed 10 second(s)","startTime":1517207751718,"endTime":0,"childRecords":[],"interuppted":false}],"interuppted":false},{"index":19,"isIgnoredIfFailed":false,"type":"TEST_STEP","name":"delay","message":"Delayed 3 second(s)","description":"","startTime":1517207751719,"endTime":1517207754722,"childRecords":[{"testStatus":{"stackTrace":"","statusValue":"PASSED"},"type":"MESSAGE","name":"","message":"Delayed 3 second(s)","startTime":1517207754721,"endTime":0,"childRecords":[],"interuppted":false}],"interuppted":false},{"attachment":"1517207754814.png","index":20,"isIgnoredIfFailed":false,"type":"TEST_STEP","name":"click","message":"Unable to click on object \u0027Object Repository/Application_OR/txtfield_INSURED_FIRSTNAME\u0027 (Root cause: org.openqa.selenium.WebDriverException: unknown error: Element \u003cinput class\u003d\"form-control form-input  name\" data-val\u003d\"true\" data-val-length\u003d\"The field First Name must be a string with a maximum length of 20.\" data-val-length-max\u003d\"20\" data-val-regex\u003d\"Invalid First Name\" data-val-regex-pattern\u003d\"^[A-Za-z \u0027-]+$\" data-val-required\u003d\"The First Name field is required.\" id\u003d\"txtPrimaryFirstName\" maxlength\u003d\"20\" name\u003d\"PrimaryApplicant.ApplicantName.FirstName\" placeholder\u003d\"First Name\" style\u003d\"width:100%\" type\u003d\"text\" value\u003d\"\"\u003e is not clickable at point (592, 513). Other element would receive the click: \u003cdiv class\u003d\"checkbox\"\u003e...\u003c/div\u003e\n  (Session info: chrome\u003d63.0.3239.132)\n  (Driver info: chromedriver\u003d2.33.506120 (e3e53437346286c0bc2d2dc9aa4915ba81d9023f),platform\u003dWindows NT 6.1.7601 SP1 x86_64) (WARNING: The server did not provide any stacktrace information)\nCommand duration or timeout: 44 milliseconds\nBuild info: version: \u00272.53.0\u0027, revision: \u002735ae25b\u0027, time: \u00272016-03-15 17:00:58\u0027\nSystem info: host: \u0027CTS-QUA-4\u0027, ip: \u0027192.168.0.4\u0027, os.name: \u0027Windows 7\u0027, os.arch: \u0027amd64\u0027, os.version: \u00276.1\u0027, java.version: \u00271.8.0_102\u0027\nDriver info: com.kms.katalon.selenium.driver.CChromeDriver\nCapabilities [{applicationCacheEnabled\u003dfalse, rotatable\u003dfalse, mobileEmulationEnabled\u003dfalse, networkConnectionEnabled\u003dfalse, chrome\u003d{chromedriverVersion\u003d2.33.506120 (e3e53437346286c0bc2d2dc9aa4915ba81d9023f), userDataDir\u003dC:\\Users\\GSALUN~1\\AppData\\Local\\Temp\\scoped_dir6336_30470}, takesHeapSnapshot\u003dtrue, pageLoadStrategy\u003dnormal, databaseEnabled\u003dfalse, handlesAlerts\u003dtrue, hasTouchScreen\u003dfalse, version\u003d63.0.3239.132, platform\u003dXP, browserConnectionEnabled\u003dfalse, nativeEvents\u003dtrue, acceptSslCerts\u003dtrue, locationContextEnabled\u003dtrue, webStorageEnabled\u003dtrue, browserName\u003dchrome, takesScreenshot\u003dtrue, javascriptEnabled\u003dtrue, cssSelectorsEnabled\u003dtrue, setWindowRect\u003dtrue, unexpectedAlertBehaviour\u003d}]\nSession ID: f6c2b4f345f7546d35c76c3067fe7e6a)","description":"","startTime":1517207754722,"endTime":1517207755171,"childRecords":[{"testStatus":{"stackTrace":"","statusValue":"FAILED"},"attachment":"1517207754814.png","type":"MESSAGE","name":"","message":"Unable to click on object \u0027Object Repository/Application_OR/txtfield_INSURED_FIRSTNAME\u0027 (Root cause: org.openqa.selenium.WebDriverException: unknown error: Element \u003cinput class\u003d\"form-control form-input  name\" data-val\u003d\"true\" data-val-length\u003d\"The field First Name must be a string with a maximum length of 20.\" data-val-length-max\u003d\"20\" data-val-regex\u003d\"Invalid First Name\" data-val-regex-pattern\u003d\"^[A-Za-z \u0027-]+$\" data-val-required\u003d\"The First Name field is required.\" id\u003d\"txtPrimaryFirstName\" maxlength\u003d\"20\" name\u003d\"PrimaryApplicant.ApplicantName.FirstName\" placeholder\u003d\"First Name\" style\u003d\"width:100%\" type\u003d\"text\" value\u003d\"\"\u003e is not clickable at point (592, 513). Other element would receive the click: \u003cdiv class\u003d\"checkbox\"\u003e...\u003c/div\u003e\n  (Session info: chrome\u003d63.0.3239.132)\n  (Driver info: chromedriver\u003d2.33.506120 (e3e53437346286c0bc2d2dc9aa4915ba81d9023f),platform\u003dWindows NT 6.1.7601 SP1 x86_64) (WARNING: The server did not provide any stacktrace information)\nCommand duration or timeout: 44 milliseconds\nBuild info: version: \u00272.53.0\u0027, revision: \u002735ae25b\u0027, time: \u00272016-03-15 17:00:58\u0027\nSystem info: host: \u0027CTS-QUA-4\u0027, ip: \u0027192.168.0.4\u0027, os.name: \u0027Windows 7\u0027, os.arch: \u0027amd64\u0027, os.version: \u00276.1\u0027, java.version: \u00271.8.0_102\u0027\nDriver info: com.kms.katalon.selenium.driver.CChromeDriver\nCapabilities [{applicationCacheEnabled\u003dfalse, rotatable\u003dfalse, mobileEmulationEnabled\u003dfalse, networkConnectionEnabled\u003dfalse, chrome\u003d{chromedriverVersion\u003d2.33.506120 (e3e53437346286c0bc2d2dc9aa4915ba81d9023f), userDataDir\u003dC:\\Users\\GSALUN~1\\AppData\\Local\\Temp\\scoped_dir6336_30470}, takesHeapSnapshot\u003dtrue, pageLoadStrategy\u003dnormal, databaseEnabled\u003dfalse, handlesAlerts\u003dtrue, hasTouchScreen\u003dfalse, version\u003d63.0.3239.132, platform\u003dXP, browserConnectionEnabled\u003dfalse, nativeEvents\u003dtrue, acceptSslCerts\u003dtrue, locationContextEnabled\u003dtrue, webStorageEnabled\u003dtrue, browserName\u003dchrome, takesScreenshot\u003dtrue, javascriptEnabled\u003dtrue, cssSelectorsEnabled\u003dtrue, setWindowRect\u003dtrue, unexpectedAlertBehaviour\u003d}]\nSession ID: f6c2b4f345f7546d35c76c3067fe7e6a)","startTime":1517207755170,"endTime":0,"childRecords":[],"interuppted":false}],"interuppted":false},{"testStatus":{"stackTrace":"","statusValue":"FAILED"},"type":"MESSAGE","name":"","message":"Test Cases/APPLICATION_CREATION FAILED because (of) Unable to click on object \u0027Object Repository/Application_OR/txtfield_INSURED_FIRSTNAME\u0027 (Root cause: org.openqa.selenium.WebDriverException: unknown error: Element \u003cinput class\u003d\"form-control form-input  name\" data-val\u003d\"true\" data-val-length\u003d\"The field First Name must be a string with a maximum length of 20.\" data-val-length-max\u003d\"20\" data-val-regex\u003d\"Invalid First Name\" data-val-regex-pattern\u003d\"^[A-Za-z \u0027-]+$\" data-val-required\u003d\"The First Name field is required.\" id\u003d\"txtPrimaryFirstName\" maxlength\u003d\"20\" name\u003d\"PrimaryApplicant.ApplicantName.FirstName\" placeholder\u003d\"First Name\" style\u003d\"width:100%\" type\u003d\"text\" value\u003d\"\"\u003e is not clickable at point (592, 513). Other element would receive the click: \u003cdiv class\u003d\"checkbox\"\u003e...\u003c/div\u003e\n  (Session info: chrome\u003d63.0.3239.132)\n  (Driver info: chromedriver\u003d2.33.506120 (e3e53437346286c0bc2d2dc9aa4915ba81d9023f),platform\u003dWindows NT 6.1.7601 SP1 x86_64) (WARNING: The server did not provide any stacktrace information)\nCommand duration or timeout: 44 milliseconds\nBuild info: version: \u00272.53.0\u0027, revision: \u002735ae25b\u0027, time: \u00272016-03-15 17:00:58\u0027\nSystem info: host: \u0027CTS-QUA-4\u0027, ip: \u0027192.168.0.4\u0027, os.name: \u0027Windows 7\u0027, os.arch: \u0027amd64\u0027, os.version: \u00276.1\u0027, java.version: \u00271.8.0_102\u0027\nDriver info: com.kms.katalon.selenium.driver.CChromeDriver\nCapabilities [{applicationCacheEnabled\u003dfalse, rotatable\u003dfalse, mobileEmulationEnabled\u003dfalse, networkConnectionEnabled\u003dfalse, chrome\u003d{chromedriverVersion\u003d2.33.506120 (e3e53437346286c0bc2d2dc9aa4915ba81d9023f), userDataDir\u003dC:\\Users\\GSALUN~1\\AppData\\Local\\Temp\\scoped_dir6336_30470}, takesHeapSnapshot\u003dtrue, pageLoadStrategy\u003dnormal, databaseEnabled\u003dfalse, handlesAlerts\u003dtrue, hasTouchScreen\u003dfalse, version\u003d63.0.3239.132, platform\u003dXP, browserConnectionEnabled\u003dfalse, nativeEvents\u003dtrue, acceptSslCerts\u003dtrue, locationContextEnabled\u003dtrue, webStorageEnabled\u003dtrue, browserName\u003dchrome, takesScreenshot\u003dtrue, javascriptEnabled\u003dtrue, cssSelectorsEnabled\u003dtrue, setWindowRect\u003dtrue, unexpectedAlertBehaviour\u003d}]\nSession ID: f6c2b4f345f7546d35c76c3067fe7e6a)","startTime":1517207755171,"endTime":0,"childRecords":[],"interuppted":false}],"interuppted":false},{"isOptional":false,"type":"TEST_CASE","name":"Test Cases/ENDORSEMENT_CREATION","id":"Test Cases/ENDORSEMENT_CREATION","source":"D:\\\\Katalon_Practice_Workspace\\\\Katalon_MitendraTest Cases\\\\ENDORSEMENT_CREATION.tc","message":"Test Cases/ENDORSEMENT_CREATION FAILED because (of) org.codehaus.groovy.control.MultipleCompilationErrorsException: startup failed:\r\nfile:/D:/Katalon_Practice_Workspace/Katalon_Mitendra/Scripts/ENDORSEMENT_CREATION/Script1516186317510.groovy: 236: unable to resolve class WebElement \n @ line 236, column 12.\r\n   WebElement elementToClick \u003d WebUI.click(findTestObject(\u0027Application_OR/btn_LOGOUT\u0027))\r\n              ^\r\n\r\n1 error\r\n","description":"","startTime":1517207755227,"endTime":1517207755359,"childRecords":[{"testStatus":{"stackTrace":"","statusValue":"INFO"},"type":"MESSAGE","name":"","message":"Evaluating variables for test case","startTime":1517207755269,"endTime":0,"childRecords":[],"interuppted":false},{"testStatus":{"stackTrace":"","statusValue":"ERROR"},"type":"MESSAGE","name":"","message":"Test Cases/ENDORSEMENT_CREATION FAILED because (of) org.codehaus.groovy.control.MultipleCompilationErrorsException: startup failed:\r\nfile:/D:/Katalon_Practice_Workspace/Katalon_Mitendra/Scripts/ENDORSEMENT_CREATION/Script1516186317510.groovy: 236: unable to resolve class WebElement \n @ line 236, column 12.\r\n   WebElement elementToClick \u003d WebUI.click(findTestObject(\u0027Application_OR/btn_LOGOUT\u0027))\r\n              ^\r\n\r\n1 error\r\n","startTime":1517207755357,"endTime":0,"childRecords":[],"interuppted":false}],"interuppted":false},{"isOptional":false,"type":"TEST_CASE","name":"Test Cases/AGENT_ENDORSEMENT_REQUEST","id":"Test Cases/AGENT_ENDORSEMENT_REQUEST","source":"D:\\\\Katalon_Practice_Workspace\\\\Katalon_MitendraTest Cases\\\\AGENT_ENDORSEMENT_REQUEST.tc","message":"Test Cases/AGENT_ENDORSEMENT_REQUEST FAILED because (of) Unable to set text \u0027ih.chelms\u0027 of object \u0027Object Repository/Quote_OR/txtfield_USERNAME\u0027 (Root cause: com.kms.katalon.core.webui.exception.WebElementNotFoundException: Web element with id: \u0027Object Repository/Quote_OR/txtfield_USERNAME\u0027 located by \u0027By.xpath: //*[@id\u003d\"txtUserName\"]\u0027 not found)","description":"Agent create an ENDORSEMENT and sent an Endorsement request for UW approval.","startTime":1517207755412,"endTime":1517207786870,"childRecords":[{"testStatus":{"stackTrace":"","statusValue":"INFO"},"type":"MESSAGE","name":"","message":"Evaluating variables for test case","startTime":1517207755438,"endTime":0,"childRecords":[],"interuppted":false},{"attachment":"1517207786566.png","index":1,"isIgnoredIfFailed":false,"type":"TEST_STEP","name":"setText","message":"Unable to set text \u0027ih.chelms\u0027 of object \u0027Object Repository/Quote_OR/txtfield_USERNAME\u0027 (Root cause: com.kms.katalon.core.webui.exception.WebElementNotFoundException: Web element with id: \u0027Object Repository/Quote_OR/txtfield_USERNAME\u0027 located by \u0027By.xpath: //*[@id\u003d\"txtUserName\"]\u0027 not found)","description":"","startTime":1517207755621,"endTime":1517207786866,"childRecords":[{"testStatus":{"stackTrace":"","statusValue":"FAILED"},"attachment":"1517207786566.png","type":"MESSAGE","name":"","message":"Unable to set text \u0027ih.chelms\u0027 of object \u0027Object Repository/Quote_OR/txtfield_USERNAME\u0027 (Root cause: com.kms.katalon.core.webui.exception.WebElementNotFoundException: Web element with id: \u0027Object Repository/Quote_OR/txtfield_USERNAME\u0027 located by \u0027By.xpath: //*[@id\u003d\"txtUserName\"]\u0027 not found)","startTime":1517207786865,"endTime":0,"childRecords":[],"interuppted":false}],"interuppted":false},{"testStatus":{"stackTrace":"","statusValue":"FAILED"},"type":"MESSAGE","name":"","message":"Test Cases/AGENT_ENDORSEMENT_REQUEST FAILED because (of) Unable to set text \u0027ih.chelms\u0027 of object \u0027Object Repository/Quote_OR/txtfield_USERNAME\u0027 (Root cause: com.kms.katalon.core.webui.exception.WebElementNotFoundException: Web element with id: \u0027Object Repository/Quote_OR/txtfield_USERNAME\u0027 located by \u0027By.xpath: //*[@id\u003d\"txtUserName\"]\u0027 not found)","startTime":1517207786866,"endTime":0,"childRecords":[],"interuppted":false}],"interuppted":false}],"interuppted":false}