<?xml version="1.0" encoding="UTF-8"?>
<testsuites name="PPE" time="630" tests="2" failures="1" errors="0">
   <testsuite name="PPE" tests="2" failures="1" errors="0" time="630" timestamp="2018-01-18 17:25:33" hostname="gsalunkhe - CTS-QUA-4.cogitate.india" id="Test Suites/PPE">
      <properties>
         <property name="deviceName" value=""/>
         <property name="devicePlatform" value=""/>
         <property name="logFolder" value="D:\\Katalon_Practice_Workspace\\Katalon_Mitendra\\Reports\\PPE\\20180118_172532"/>
         <property name="logFiles" value="D:\\Katalon_Practice_Workspace\\Katalon_Mitendra\\Reports\\PPE\\20180118_172532\\execution0.log"/>
         <property name="attachments" value=""/>
         <property name="hostName" value="gsalunkhe - CTS-QUA-4.cogitate.india"/>
         <property name="os" value="Windows 7 64bit"/>
         <property name="katalonVersion" value="5.0.1.1"/>
         <property name="browser" value="Chrome 63.0.3239.132"/>
         <property name="hostAddress" value="192.168.0.4"/>
         <property name="sessionId" value="0a58d27b94b555c79e6f1d061647b1d3"/>
         <property name="seleniumVersion" value="2.53.0"/>
         <property name="proxyInformation" value="ProxyInformation{proxyOption=NO_PROXY, proxyServerType=HTTP, password=, proxyServerAddress=, proxyServerPort=0}"/>
         <property name="platform" value="Windows 7"/>
      </properties>
      <testcase name="Test Cases/QUOTE_CREATION" classname="Test Cases/QUOTE_CREATION" status="PASSED">
         <system-out><![CDATA[2018-01-18 17:25:34 - [TEST_CASE][PASSED] - Test Cases/QUOTE_CREATION: Test Cases/QUOTE_CREATION

2018-01-18 17:25:34 - [TEST_STEP][PASSED] - openBrowser: Browser is opened with url: 'http://13.90.102.191:8066'

2018-01-18 17:25:44 - [MESSAGE][PASSED] - Browser is opened with url: 'http://13.90.102.191:8066'

2018-01-18 17:25:44 - [TEST_STEP][PASSED] - maximizeWindow: Current window maximized

2018-01-18 17:25:45 - [MESSAGE][PASSED] - Current window maximized

2018-01-18 17:25:45 - [TEST_STEP][PASSED] - setText: Text 'ih.chelms' is set on object 'Object Repository/Quote_OR/txtfield_USERNAME'

2018-01-18 17:25:45 - [MESSAGE][PASSED] - Text 'ih.chelms' is set on object 'Object Repository/Quote_OR/txtfield_USERNAME'

2018-01-18 17:25:45 - [TEST_STEP][PASSED] - setText: Text '10#Hammer' is set on object 'Object Repository/Quote_OR/txtfield_PASSWORD'

2018-01-18 17:25:46 - [MESSAGE][PASSED] - Text '10#Hammer' is set on object 'Object Repository/Quote_OR/txtfield_PASSWORD'

2018-01-18 17:25:46 - [TEST_STEP][PASSED] - click: Object: 'Object Repository/Quote_OR/btn-LOGIN' is clicked on

2018-01-18 17:25:54 - [MESSAGE][PASSED] - Object: 'Object Repository/Quote_OR/btn-LOGIN' is clicked on

2018-01-18 17:25:54 - [TEST_STEP][PASSED] - setText: Text '2054 Shirley St SW Atlanta, GA 30311 USA' is set on object 'Object Repository/Quote_OR/txtfield_ADDRESS_ON_LANDING_PAGE'

2018-01-18 17:25:54 - [MESSAGE][PASSED] - Text '2054 Shirley St SW Atlanta, GA 30311 USA' is set on object 'Object Repository/Quote_OR/txtfield_ADDRESS_ON_LANDING_PAGE'

2018-01-18 17:25:54 - [TEST_STEP][PASSED] - click: Object: 'Object Repository/Quote_OR/btn_SEARCH_ADDRESS' is clicked on

2018-01-18 17:26:16 - [MESSAGE][PASSED] - Object: 'Object Repository/Quote_OR/btn_SEARCH_ADDRESS' is clicked on

2018-01-18 17:26:16 - [TEST_STEP][PASSED] - waitForPageLoad: Wait for page load successfully

2018-01-18 17:26:16 - [MESSAGE][PASSED] - Wait for page load successfully

2018-01-18 17:26:16 - [TEST_STEP][PASSED] - selectOptionByIndex: All options with index in [1] are selected on object 'Object Repository/Quote_OR/drp_PROPERTY_TYPE'

2018-01-18 17:26:16 - [MESSAGE][PASSED] - All options with index in [1] are selected on object 'Object Repository/Quote_OR/drp_PROPERTY_TYPE'

2018-01-18 17:26:16 - [TEST_STEP][PASSED] - setText: Text '' is set on object 'Object Repository/Quote_OR/txtfield_HOME_VALUATION'

2018-01-18 17:26:16 - [MESSAGE][PASSED] - Text '' is set on object 'Object Repository/Quote_OR/txtfield_HOME_VALUATION'

2018-01-18 17:26:16 - [TEST_STEP][PASSED] - selectOptionByIndex: All options with index in [2] are selected on object 'Object Repository/Quote_OR/drp_CONSTRUCTION_TYPE'

2018-01-18 17:26:16 - [MESSAGE][PASSED] - All options with index in [2] are selected on object 'Object Repository/Quote_OR/drp_CONSTRUCTION_TYPE'

2018-01-18 17:26:16 - [TEST_STEP][PASSED] - setText: Text '100000' is set on object 'Object Repository/Quote_OR/txtfield_HOME_VALUATION'

2018-01-18 17:26:17 - [MESSAGE][PASSED] - Text '100000' is set on object 'Object Repository/Quote_OR/txtfield_HOME_VALUATION'

2018-01-18 17:26:17 - [TEST_STEP][PASSED] - delay: Delayed 2 second(s)

2018-01-18 17:26:19 - [MESSAGE][PASSED] - Delayed 2 second(s)

2018-01-18 17:26:19 - [TEST_STEP][PASSED] - setText: Text '' is set on object 'Object Repository/Quote_OR/txtbx_YEARHOMEBUILD'

2018-01-18 17:26:19 - [MESSAGE][PASSED] - Text '' is set on object 'Object Repository/Quote_OR/txtbx_YEARHOMEBUILD'

2018-01-18 17:26:19 - [TEST_STEP][PASSED] - setText: Text '1968' is set on object 'Object Repository/Quote_OR/txtbx_YEARHOMEBUILD'

2018-01-18 17:26:19 - [MESSAGE][PASSED] - Text '1968' is set on object 'Object Repository/Quote_OR/txtbx_YEARHOMEBUILD'

2018-01-18 17:26:19 - [TEST_STEP][PASSED] - click: Object: 'Object Repository/Quote_OR/btn_GETQUOTE' is clicked on

2018-01-18 17:26:19 - [MESSAGE][PASSED] - Object: 'Object Repository/Quote_OR/btn_GETQUOTE' is clicked on

2018-01-18 17:26:19 - [TEST_STEP][PASSED] - delay: Delayed 1 second(s)

2018-01-18 17:26:20 - [MESSAGE][PASSED] - Delayed 1 second(s)

2018-01-18 17:26:20 - [TEST_STEP][PASSED] - click: Object: 'Object Repository/Quote_OR/btn_SENDQUOTE' is clicked on

2018-01-18 17:26:27 - [MESSAGE][PASSED] - Object: 'Object Repository/Quote_OR/btn_SENDQUOTE' is clicked on

2018-01-18 17:26:27 - [TEST_STEP][PASSED] - delay: Delayed 1 second(s)

2018-01-18 17:26:28 - [MESSAGE][PASSED] - Delayed 1 second(s)

2018-01-18 17:26:28 - [TEST_STEP][PASSED] - setText: Text 'Ganesh' is set on object 'Object Repository/Quote_OR/txtfield_SENDQUOTE_FIRSTNAME'

2018-01-18 17:26:28 - [MESSAGE][PASSED] - Text 'Ganesh' is set on object 'Object Repository/Quote_OR/txtfield_SENDQUOTE_FIRSTNAME'

2018-01-18 17:26:28 - [TEST_STEP][PASSED] - setText: Text 'Salunkhe' is set on object 'Object Repository/Quote_OR/txtfield_SENDQUOTE_LASTNAME'

2018-01-18 17:26:28 - [MESSAGE][PASSED] - Text 'Salunkhe' is set on object 'Object Repository/Quote_OR/txtfield_SENDQUOTE_LASTNAME'

2018-01-18 17:26:29 - [TEST_STEP][PASSED] - delay: Delayed 10 second(s)

2018-01-18 17:26:39 - [MESSAGE][PASSED] - Delayed 10 second(s)

2018-01-18 17:26:39 - [TEST_STEP][PASSED] - setText: Text '9768180080' is set on object 'Object Repository/Quote_OR/txtfield_SENDQUOTE_CONTACTNUMBER'

2018-01-18 17:26:39 - [MESSAGE][PASSED] - Text '9768180080' is set on object 'Object Repository/Quote_OR/txtfield_SENDQUOTE_CONTACTNUMBER'

2018-01-18 17:26:39 - [TEST_STEP][PASSED] - delay: Delayed 10 second(s)

2018-01-18 17:26:49 - [MESSAGE][PASSED] - Delayed 10 second(s)

2018-01-18 17:26:49 - [TEST_STEP][PASSED] - setText: Text 'gsalunkhe@cogitate.us' is set on object 'Object Repository/Quote_OR/txtfield_SENDQUOTE_EMAIL'

2018-01-18 17:26:49 - [MESSAGE][PASSED] - Text 'gsalunkhe@cogitate.us' is set on object 'Object Repository/Quote_OR/txtfield_SENDQUOTE_EMAIL'

2018-01-18 17:26:49 - [TEST_STEP][PASSED] - delay: Delayed 10 second(s)

2018-01-18 17:26:59 - [MESSAGE][PASSED] - Delayed 10 second(s)

2018-01-18 17:26:59 - [TEST_STEP][PASSED] - click: Object: 'Object Repository/Quote_OR/btn_SEND_QUOTE_DETAILS' is clicked on

2018-01-18 17:26:59 - [MESSAGE][PASSED] - Object: 'Object Repository/Quote_OR/btn_SEND_QUOTE_DETAILS' is clicked on

2018-01-18 17:26:59 - [TEST_STEP][PASSED] - selectOptionByIndex: All options with index in [1] are selected on object 'Object Repository/Quote_OR/drp_CONSTRUCTION_TYPE'

2018-01-18 17:27:00 - [MESSAGE][PASSED] - All options with index in [1] are selected on object 'Object Repository/Quote_OR/drp_CONSTRUCTION_TYPE'

2018-01-18 17:27:00 - [TEST_STEP][PASSED] - delay: Delayed 5 second(s)

2018-01-18 17:27:05 - [MESSAGE][PASSED] - Delayed 5 second(s)

2018-01-18 17:27:05 - [TEST_STEP][PASSED] - click: Object: 'Object Repository/Quote_OR/btn_RECALCULATE_PREMIUM' is clicked on

2018-01-18 17:27:05 - [MESSAGE][PASSED] - Object: 'Object Repository/Quote_OR/btn_RECALCULATE_PREMIUM' is clicked on]]></system-out>
         <system-err><![CDATA[]]></system-err>
      </testcase>
      <testcase name="Test Cases/APPLICATION_CREATION" classname="Test Cases/APPLICATION_CREATION" status="PASSED">
         <system-out><![CDATA[2018-01-18 17:27:05 - [TEST_CASE][PASSED] - Test Cases/APPLICATION_CREATION: Test Cases/APPLICATION_CREATION

2018-01-18 17:27:05 - [TEST_STEP][PASSED] - setText: Text '2062 Rector Dr SW Atlanta, GA 30311 USA' is set on object 'Object Repository/Application_OR/txtfield_ADDRESS_ON_QUOTE_PAGE'

2018-01-18 17:27:06 - [MESSAGE][PASSED] - Text '2062 Rector Dr SW Atlanta, GA 30311 USA' is set on object 'Object Repository/Application_OR/txtfield_ADDRESS_ON_QUOTE_PAGE'

2018-01-18 17:27:06 - [TEST_STEP][PASSED] - click: Object: 'Object Repository/Application_OR/btn_SEARCH_ADDRESS_QUOTE_PAGE' is clicked on

2018-01-18 17:27:25 - [MESSAGE][PASSED] - Object: 'Object Repository/Application_OR/btn_SEARCH_ADDRESS_QUOTE_PAGE' is clicked on

2018-01-18 17:27:25 - [TEST_STEP][PASSED] - Statement - Address = com.kms.katalon.core.testobject.ObjectRepository.findTestObject(Endorsement_OR/get_Address): Finding Test Object with id 'Object Repository/Endorsement_OR/get_Address'

2018-01-18 17:27:25 - [TEST_STEP][PASSED] - Statement - propertyaddress = com.kms.katalon.core.webui.keyword.WebUiBuiltInKeywords.getAttribute(Address, "value"): Attribute 'value' of object 'Object Repository/Endorsement_OR/get_Address' is: '2062 Rector Dr SW, Atlanta, GA 30311, USA'

2018-01-18 17:27:25 - [MESSAGE][PASSED] - Attribute 'value' of object 'Object Repository/Endorsement_OR/get_Address' is: '2062 Rector Dr SW, Atlanta, GA 30311, USA'

2018-01-18 17:27:25 - [TEST_STEP][PASSED] - Statement - println(propertyaddress): null

2018-01-18 17:27:25 - [TEST_STEP][PASSED] - Statement - propertyaddress = propertyaddress: null

2018-01-18 17:27:25 - [TEST_STEP][PASSED] - selectOptionByIndex: All options with index in [1] are selected on object 'Object Repository/Quote_OR/drp_PROPERTY_TYPE'

2018-01-18 17:27:25 - [MESSAGE][PASSED] - All options with index in [1] are selected on object 'Object Repository/Quote_OR/drp_PROPERTY_TYPE'

2018-01-18 17:27:25 - [TEST_STEP][PASSED] - setText: Text '' is set on object 'Object Repository/Quote_OR/txtbx_YEARHOMEBUILD'

2018-01-18 17:27:25 - [MESSAGE][PASSED] - Text '' is set on object 'Object Repository/Quote_OR/txtbx_YEARHOMEBUILD'

2018-01-18 17:27:25 - [TEST_STEP][PASSED] - setText: Text '2000' is set on object 'Object Repository/Quote_OR/txtbx_YEARHOMEBUILD'

2018-01-18 17:27:25 - [MESSAGE][PASSED] - Text '2000' is set on object 'Object Repository/Quote_OR/txtbx_YEARHOMEBUILD'

2018-01-18 17:27:25 - [TEST_STEP][PASSED] - selectOptionByIndex: All options with index in [2] are selected on object 'Object Repository/Quote_OR/drp_CONSTRUCTION_TYPE'

2018-01-18 17:27:25 - [MESSAGE][PASSED] - All options with index in [2] are selected on object 'Object Repository/Quote_OR/drp_CONSTRUCTION_TYPE'

2018-01-18 17:27:25 - [TEST_STEP][PASSED] - setText: Text '' is set on object 'Object Repository/Quote_OR/txtfield_HOME_VALUATION'

2018-01-18 17:27:26 - [MESSAGE][PASSED] - Text '' is set on object 'Object Repository/Quote_OR/txtfield_HOME_VALUATION'

2018-01-18 17:27:26 - [TEST_STEP][PASSED] - setText: Text '100000' is set on object 'Object Repository/Quote_OR/txtfield_HOME_VALUATION'

2018-01-18 17:27:26 - [MESSAGE][PASSED] - Text '100000' is set on object 'Object Repository/Quote_OR/txtfield_HOME_VALUATION'

2018-01-18 17:27:26 - [TEST_STEP][PASSED] - click: Object: 'Object Repository/Quote_OR/btn_GETQUOTE' is clicked on

2018-01-18 17:27:26 - [MESSAGE][PASSED] - Object: 'Object Repository/Quote_OR/btn_GETQUOTE' is clicked on

2018-01-18 17:27:26 - [TEST_STEP][PASSED] - delay: Delayed 1 second(s)

2018-01-18 17:27:27 - [MESSAGE][PASSED] - Delayed 1 second(s)

2018-01-18 17:27:27 - [TEST_STEP][PASSED] - click: Object: 'Object Repository/Application_OR/btn_TOAPPLICATION' is clicked on

2018-01-18 17:28:13 - [MESSAGE][PASSED] - Object: 'Object Repository/Application_OR/btn_TOAPPLICATION' is clicked on

2018-01-18 17:28:13 - [TEST_STEP][PASSED] - delay: Delayed 10 second(s)

2018-01-18 17:28:23 - [MESSAGE][PASSED] - Delayed 10 second(s)

2018-01-18 17:28:23 - [TEST_STEP][PASSED] - click: Object: 'Object Repository/Application_OR/btn_CONTINUE_UW_QUESTIONS' is clicked on

2018-01-18 17:28:23 - [MESSAGE][PASSED] - Object: 'Object Repository/Application_OR/btn_CONTINUE_UW_QUESTIONS' is clicked on

2018-01-18 17:28:23 - [TEST_STEP][PASSED] - delay: Delayed 10 second(s)

2018-01-18 17:28:33 - [MESSAGE][PASSED] - Delayed 10 second(s)

2018-01-18 17:28:33 - [TEST_STEP][PASSED] - delay: Delayed 3 second(s)

2018-01-18 17:28:36 - [MESSAGE][PASSED] - Delayed 3 second(s)

2018-01-18 17:28:36 - [TEST_STEP][PASSED] - click: Object: 'Object Repository/Application_OR/txtfield_INSURED_FIRSTNAME' is clicked on

2018-01-18 17:28:36 - [MESSAGE][PASSED] - Object: 'Object Repository/Application_OR/txtfield_INSURED_FIRSTNAME' is clicked on

2018-01-18 17:28:36 - [TEST_STEP][PASSED] - setText: Text 'Ross' is set on object 'Object Repository/Application_OR/txtfield_INSURED_FIRSTNAME'

2018-01-18 17:28:36 - [MESSAGE][PASSED] - Text 'Ross' is set on object 'Object Repository/Application_OR/txtfield_INSURED_FIRSTNAME'

2018-01-18 17:28:36 - [TEST_STEP][PASSED] - setText: Text 'Marshal' is set on object 'Object Repository/Application_OR/txtfield_INSURED_MIDDLENAME'

2018-01-18 17:28:36 - [MESSAGE][PASSED] - Text 'Marshal' is set on object 'Object Repository/Application_OR/txtfield_INSURED_MIDDLENAME'

2018-01-18 17:28:36 - [TEST_STEP][PASSED] - setText: Text 'Guptil' is set on object 'Object Repository/Application_OR/txtfield_INSURED_LASTNAME'

2018-01-18 17:28:36 - [MESSAGE][PASSED] - Text 'Guptil' is set on object 'Object Repository/Application_OR/txtfield_INSURED_LASTNAME'

2018-01-18 17:28:36 - [TEST_STEP][PASSED] - setText: Text '09/10/1999' is set on object 'Object Repository/Application_OR/txtfield_INSURED_DOB'

2018-01-18 17:28:37 - [MESSAGE][PASSED] - Text '09/10/1999' is set on object 'Object Repository/Application_OR/txtfield_INSURED_DOB'

2018-01-18 17:28:37 - [TEST_STEP][PASSED] - delay: Delayed 5 second(s)

2018-01-18 17:28:42 - [MESSAGE][PASSED] - Delayed 5 second(s)

2018-01-18 17:28:42 - [TEST_STEP][PASSED] - setText: Text 'gsalunkhe@cogitate.us' is set on object 'Object Repository/Application_OR/txtfield_INSURED_EMAIL'

2018-01-18 17:28:42 - [MESSAGE][PASSED] - Text 'gsalunkhe@cogitate.us' is set on object 'Object Repository/Application_OR/txtfield_INSURED_EMAIL'

2018-01-18 17:28:42 - [TEST_STEP][PASSED] - delay: Delayed 5 second(s)

2018-01-18 17:28:47 - [MESSAGE][PASSED] - Delayed 5 second(s)

2018-01-18 17:28:47 - [TEST_STEP][PASSED] - setText: Text '9768180080' is set on object 'Object Repository/Application_OR/txtfield_INSURED_CONTACTNUMBER'

2018-01-18 17:28:47 - [MESSAGE][PASSED] - Text '9768180080' is set on object 'Object Repository/Application_OR/txtfield_INSURED_CONTACTNUMBER'

2018-01-18 17:28:47 - [TEST_STEP][PASSED] - delay: Delayed 5 second(s)

2018-01-18 17:28:52 - [MESSAGE][PASSED] - Delayed 5 second(s)

2018-01-18 17:28:52 - [TEST_STEP][PASSED] - Statement - hdnPolicyInfoId = com.kms.katalon.core.testobject.ObjectRepository.findTestObject(Generic_OR/hdnPolicyInfoId): Finding Test Object with id 'Object Repository/Generic_OR/hdnPolicyInfoId'

2018-01-18 17:28:52 - [TEST_STEP][PASSED] - Statement - policyInfoid = com.kms.katalon.core.webui.keyword.WebUiBuiltInKeywords.getAttribute(hdnPolicyInfoId, "value"): Attribute 'value' of object 'Object Repository/Generic_OR/hdnPolicyInfoId' is: '3341'

2018-01-18 17:28:52 - [MESSAGE][PASSED] - Attribute 'value' of object 'Object Repository/Generic_OR/hdnPolicyInfoId' is: '3341'

2018-01-18 17:28:52 - [TEST_STEP][PASSED] - Statement - policyInfoId = policyInfoid: null

2018-01-18 17:28:52 - [TEST_STEP][PASSED] - click: Object: 'Object Repository/Application_OR/btn_POLICYHOLDER_SAVEANDCONTINUE' is clicked on

2018-01-18 17:28:53 - [MESSAGE][PASSED] - Object: 'Object Repository/Application_OR/btn_POLICYHOLDER_SAVEANDCONTINUE' is clicked on

2018-01-18 17:28:53 - [TEST_STEP][PASSED] - delay: Delayed 1 second(s)

2018-01-18 17:28:54 - [MESSAGE][PASSED] - Delayed 1 second(s)

2018-01-18 17:28:54 - [TEST_STEP][PASSED] - click: Object: 'Object Repository/Application_OR/drp_ROOFTYPE_PROPERTYPAGE' is clicked on

2018-01-18 17:29:55 - [MESSAGE][PASSED] - Object: 'Object Repository/Application_OR/drp_ROOFTYPE_PROPERTYPAGE' is clicked on

2018-01-18 17:29:55 - [TEST_STEP][PASSED] - delay: Delayed 3 second(s)

2018-01-18 17:29:58 - [MESSAGE][PASSED] - Delayed 3 second(s)

2018-01-18 17:29:58 - [TEST_STEP][PASSED] - selectOptionByIndex: All options with index in [1] are selected on object 'Object Repository/Application_OR/drp_ROOFTYPE_PROPERTYPAGE'

2018-01-18 17:29:58 - [MESSAGE][PASSED] - All options with index in [1] are selected on object 'Object Repository/Application_OR/drp_ROOFTYPE_PROPERTYPAGE'

2018-01-18 17:29:58 - [TEST_STEP][PASSED] - delay: Delayed 2 second(s)

2018-01-18 17:30:00 - [MESSAGE][PASSED] - Delayed 2 second(s)

2018-01-18 17:30:00 - [TEST_STEP][PASSED] - selectOptionByIndex: All options with index in [3] are selected on object 'Object Repository/Application_OR/drp_FOUNDATIONTYPE_PROPERTYPAGE'

2018-01-18 17:30:00 - [MESSAGE][PASSED] - All options with index in [3] are selected on object 'Object Repository/Application_OR/drp_FOUNDATIONTYPE_PROPERTYPAGE'

2018-01-18 17:30:00 - [TEST_STEP][PASSED] - delay: Delayed 2 second(s)

2018-01-18 17:30:02 - [MESSAGE][PASSED] - Delayed 2 second(s)

2018-01-18 17:30:02 - [TEST_STEP][PASSED] - selectOptionByIndex: All options with index in [7] are selected on object 'Object Repository/Application_OR/drp_HEATINGTYPE_PROPERTYPAGE'

2018-01-18 17:30:02 - [MESSAGE][PASSED] - All options with index in [7] are selected on object 'Object Repository/Application_OR/drp_HEATINGTYPE_PROPERTYPAGE'

2018-01-18 17:30:02 - [TEST_STEP][PASSED] - delay: Delayed 5 second(s)

2018-01-18 17:30:07 - [MESSAGE][PASSED] - Delayed 5 second(s)

2018-01-18 17:30:07 - [TEST_STEP][PASSED] - click: Object: 'Object Repository/Application_OR/btn_OCCUPANYPAGE_SAVEANDCONTINUE' is clicked on

2018-01-18 17:30:07 - [MESSAGE][PASSED] - Object: 'Object Repository/Application_OR/btn_OCCUPANYPAGE_SAVEANDCONTINUE' is clicked on

2018-01-18 17:30:07 - [TEST_STEP][PASSED] - delay: Delayed 1 second(s)

2018-01-18 17:30:08 - [MESSAGE][PASSED] - Delayed 1 second(s)

2018-01-18 17:30:08 - [TEST_STEP][PASSED] - click: Object: 'Object Repository/Application_OR/btn_YES_ROOFAGE_POPUP' is clicked on

2018-01-18 17:30:08 - [MESSAGE][PASSED] - Object: 'Object Repository/Application_OR/btn_YES_ROOFAGE_POPUP' is clicked on

2018-01-18 17:30:08 - [TEST_STEP][PASSED] - delay: Delayed 1 second(s)

2018-01-18 17:30:09 - [MESSAGE][PASSED] - Delayed 1 second(s)

2018-01-18 17:30:09 - [TEST_STEP][PASSED] - click: Object: 'Object Repository/Application_OR/btn_YES_ELECTRICALAGE_POPUP' is clicked on

2018-01-18 17:30:10 - [MESSAGE][PASSED] - Object: 'Object Repository/Application_OR/btn_YES_ELECTRICALAGE_POPUP' is clicked on

2018-01-18 17:30:10 - [TEST_STEP][PASSED] - delay: Delayed 1 second(s)

2018-01-18 17:30:11 - [MESSAGE][PASSED] - Delayed 1 second(s)

2018-01-18 17:30:11 - [TEST_STEP][PASSED] - click: Object: 'Object Repository/Application_OR/btn_YES_ELECTRICALAGE_POPUP' is clicked on

2018-01-18 17:30:11 - [MESSAGE][PASSED] - Object: 'Object Repository/Application_OR/btn_YES_ELECTRICALAGE_POPUP' is clicked on

2018-01-18 17:30:11 - [TEST_STEP][PASSED] - delay: Delayed 5 second(s)

2018-01-18 17:30:16 - [MESSAGE][PASSED] - Delayed 5 second(s)

2018-01-18 17:30:16 - [TEST_STEP][PASSED] - click: Object: 'Object Repository/Application_OR/btn_OCCUPANYPAGE_SAVEANDCONTINUE' is clicked on

2018-01-18 17:30:18 - [MESSAGE][PASSED] - Object: 'Object Repository/Application_OR/btn_OCCUPANYPAGE_SAVEANDCONTINUE' is clicked on

2018-01-18 17:30:18 - [TEST_STEP][PASSED] - delay: Delayed 5 second(s)

2018-01-18 17:30:23 - [MESSAGE][PASSED] - Delayed 5 second(s)

2018-01-18 17:30:23 - [TEST_STEP][PASSED] - check: Object 'Object Repository/Application_OR/chkbx_AGREEMENT' is checked

2018-01-18 17:30:23 - [MESSAGE][PASSED] - Object 'Object Repository/Application_OR/chkbx_AGREEMENT' is checked

2018-01-18 17:30:23 - [TEST_STEP][PASSED] - delay: Delayed 10 second(s)

2018-01-18 17:30:33 - [MESSAGE][PASSED] - Delayed 10 second(s)

2018-01-18 17:30:33 - [TEST_STEP][PASSED] - click: Object: 'Object Repository/Application_OR/btn_OCCUPANYPAGE_SAVEANDCONTINUE' is clicked on

2018-01-18 17:30:33 - [MESSAGE][PASSED] - Object: 'Object Repository/Application_OR/btn_OCCUPANYPAGE_SAVEANDCONTINUE' is clicked on

2018-01-18 17:30:33 - [TEST_STEP][PASSED] - delay: Delayed 5 second(s)

2018-01-18 17:30:38 - [MESSAGE][PASSED] - Delayed 5 second(s)

2018-01-18 17:30:38 - [TEST_STEP][PASSED] - click: Object: 'Object Repository/Application_OR/btn_SIGNAPPLICATION_AGENT' is clicked on

2018-01-18 17:30:57 - [MESSAGE][PASSED] - Object: 'Object Repository/Application_OR/btn_SIGNAPPLICATION_AGENT' is clicked on

2018-01-18 17:30:57 - [TEST_STEP][PASSED] - delay: Delayed 5 second(s)

2018-01-18 17:31:02 - [MESSAGE][PASSED] - Delayed 5 second(s)

2018-01-18 17:31:02 - [TEST_STEP][PASSED] - click: Object: 'Object Repository/Application_OR/btn_INSURED_SIGNATURE' is clicked on

2018-01-18 17:31:02 - [MESSAGE][PASSED] - Object: 'Object Repository/Application_OR/btn_INSURED_SIGNATURE' is clicked on

2018-01-18 17:31:02 - [TEST_STEP][PASSED] - delay: Delayed 5 second(s)

2018-01-18 17:31:07 - [MESSAGE][PASSED] - Delayed 5 second(s)

2018-01-18 17:31:07 - [TEST_STEP][PASSED] - click: Object: 'Object Repository/Application_OR/txtbx_INSURED_SIGNATURE' is clicked on

2018-01-18 17:31:07 - [MESSAGE][PASSED] - Object: 'Object Repository/Application_OR/txtbx_INSURED_SIGNATURE' is clicked on

2018-01-18 17:31:07 - [TEST_STEP][PASSED] - delay: Delayed 5 second(s)

2018-01-18 17:31:12 - [MESSAGE][PASSED] - Delayed 5 second(s)

2018-01-18 17:31:12 - [TEST_STEP][PASSED] - setText: Text 'Ross Marshal Guptil' is set on object 'Object Repository/Application_OR/txtbx_INSURED_SIGNATURE'

2018-01-18 17:31:12 - [MESSAGE][PASSED] - Text 'Ross Marshal Guptil' is set on object 'Object Repository/Application_OR/txtbx_INSURED_SIGNATURE'

2018-01-18 17:31:12 - [TEST_STEP][PASSED] - click: Object: 'Object Repository/Application_OR/btn_SUBMIT_INSURED_SIGNATURE' is clicked on

2018-01-18 17:31:12 - [MESSAGE][PASSED] - Object: 'Object Repository/Application_OR/btn_SUBMIT_INSURED_SIGNATURE' is clicked on

2018-01-18 17:31:12 - [TEST_STEP][PASSED] - Statement - otpQuery = "SELECT TOP 1 OtpGenerated FROM PPE_ApplicationForms_trn where PolicyInfoId = " + policyInfoId + " Order BY ModifiedDateTime DESC": null

2018-01-18 17:31:12 - [TEST_STEP][PASSED] - Statement - println("otpQuery" + " " + otpQuery): null

2018-01-18 17:31:12 - [TEST_STEP][PASSED] - com.PPE.Database_Connection.connectDB: com.PPE.Database_Connection.connectDB is PASSED

2018-01-18 17:31:22 - [MESSAGE][PASSED] - com.PPE.Database_Connection.connectDB is PASSED

2018-01-18 17:31:22 - [TEST_STEP][PASSED] - Statement - recordset = CustomKeywords.com.PPE.Database_Connection.executeQuery(otpQuery): com.PPE.Database_Connection.executeQuery is PASSED

2018-01-18 17:31:22 - [MESSAGE][PASSED] - com.PPE.Database_Connection.executeQuery is PASSED

2018-01-18 17:31:22 - [TEST_STEP][PASSED] - Statement - otp = 0: null

2018-01-18 17:31:22 - [TEST_STEP][PASSED] - Statement - While (recordset.next()): null

2018-01-18 17:31:22 - [TEST_STEP][PASSED] - Statement - otp = recordset.getObject("OtpGenerated"): null

2018-01-18 17:31:22 - [TEST_STEP][PASSED] - Statement - println("otp" + " " + otp): null

2018-01-18 17:31:22 - [TEST_STEP][PASSED] - delay: Delayed 10 second(s)

2018-01-18 17:31:32 - [MESSAGE][PASSED] - Delayed 10 second(s)

2018-01-18 17:31:32 - [TEST_STEP][PASSED] - Statement - txtOtp = com.kms.katalon.core.testobject.ObjectRepository.findTestObject(Application_OR/txtfield-OTP): Finding Test Object with id 'Object Repository/Application_OR/txtfield-OTP'

2018-01-18 17:31:32 - [TEST_STEP][PASSED] - setText: Text '2658' is set on object 'Object Repository/Application_OR/txtfield-OTP'

2018-01-18 17:31:32 - [MESSAGE][PASSED] - Text '2658' is set on object 'Object Repository/Application_OR/txtfield-OTP'

2018-01-18 17:31:32 - [TEST_STEP][PASSED] - delay: Delayed 1 second(s)

2018-01-18 17:31:33 - [MESSAGE][PASSED] - Delayed 1 second(s)

2018-01-18 17:31:33 - [TEST_STEP][PASSED] - click: Object: 'Object Repository/Application_OR/btn_OTP_VERIFY' is clicked on

2018-01-18 17:31:33 - [MESSAGE][PASSED] - Object: 'Object Repository/Application_OR/btn_OTP_VERIFY' is clicked on

2018-01-18 17:31:33 - [TEST_STEP][PASSED] - delay: Delayed 5 second(s)

2018-01-18 17:31:38 - [MESSAGE][PASSED] - Delayed 5 second(s)

2018-01-18 17:31:38 - [TEST_STEP][PASSED] - click: Object: 'Object Repository/Application_OR/btn_AGENT_SIGNATURE' is clicked on

2018-01-18 17:31:39 - [MESSAGE][PASSED] - Object: 'Object Repository/Application_OR/btn_AGENT_SIGNATURE' is clicked on

2018-01-18 17:31:39 - [TEST_STEP][PASSED] - delay: Delayed 2 second(s)

2018-01-18 17:31:41 - [MESSAGE][PASSED] - Delayed 2 second(s)

2018-01-18 17:31:41 - [TEST_STEP][PASSED] - click: Object: 'Object Repository/Application_OR/txtbx_AGENT_SIGNATURE' is clicked on

2018-01-18 17:31:41 - [MESSAGE][PASSED] - Object: 'Object Repository/Application_OR/txtbx_AGENT_SIGNATURE' is clicked on

2018-01-18 17:31:41 - [TEST_STEP][PASSED] - delay: Delayed 2 second(s)

2018-01-18 17:31:43 - [MESSAGE][PASSED] - Delayed 2 second(s)

2018-01-18 17:31:43 - [TEST_STEP][PASSED] - setText: Text 'clement helms' is set on object 'Object Repository/Application_OR/txtbx_AGENT_SIGNATURE'

2018-01-18 17:31:43 - [MESSAGE][PASSED] - Text 'clement helms' is set on object 'Object Repository/Application_OR/txtbx_AGENT_SIGNATURE'

2018-01-18 17:31:43 - [TEST_STEP][PASSED] - delay: Delayed 2 second(s)

2018-01-18 17:31:45 - [MESSAGE][PASSED] - Delayed 2 second(s)

2018-01-18 17:31:45 - [TEST_STEP][PASSED] - click: Object: 'Object Repository/Application_OR/btn_SUBMIT_AGENT_SIGNATURE' is clicked on

2018-01-18 17:31:45 - [MESSAGE][PASSED] - Object: 'Object Repository/Application_OR/btn_SUBMIT_AGENT_SIGNATURE' is clicked on

2018-01-18 17:31:45 - [TEST_STEP][PASSED] - delay: Delayed 5 second(s)

2018-01-18 17:31:50 - [MESSAGE][PASSED] - Delayed 5 second(s)

2018-01-18 17:31:50 - [TEST_STEP][PASSED] - click: Object: 'Object Repository/Application_OR/btn_SURPLUSLINE_ACK' is clicked on

2018-01-18 17:32:03 - [MESSAGE][PASSED] - Object: 'Object Repository/Application_OR/btn_SURPLUSLINE_ACK' is clicked on

2018-01-18 17:32:03 - [TEST_STEP][PASSED] - delay: Delayed 5 second(s)

2018-01-18 17:32:08 - [MESSAGE][PASSED] - Delayed 5 second(s)

2018-01-18 17:32:08 - [TEST_STEP][PASSED] - click: Object: 'Object Repository/Application_OR/txtfield_SURPLUSLINE_FORM_TEXT' is clicked on

2018-01-18 17:32:09 - [MESSAGE][PASSED] - Object: 'Object Repository/Application_OR/txtfield_SURPLUSLINE_FORM_TEXT' is clicked on

2018-01-18 17:32:09 - [TEST_STEP][PASSED] - setText: Text 'Testing' is set on object 'Object Repository/Application_OR/txtfield_SURPLUSLINE_FORM_TEXT'

2018-01-18 17:32:09 - [MESSAGE][PASSED] - Text 'Testing' is set on object 'Object Repository/Application_OR/txtfield_SURPLUSLINE_FORM_TEXT'

2018-01-18 17:32:09 - [TEST_STEP][PASSED] - delay: Delayed 5 second(s)

2018-01-18 17:32:14 - [MESSAGE][PASSED] - Delayed 5 second(s)

2018-01-18 17:32:14 - [TEST_STEP][PASSED] - click: Object: 'Object Repository/Application_OR/btn_SUBMIT_SURPLUSLINE' is clicked on

2018-01-18 17:32:14 - [MESSAGE][PASSED] - Object: 'Object Repository/Application_OR/btn_SUBMIT_SURPLUSLINE' is clicked on

2018-01-18 17:32:14 - [TEST_STEP][PASSED] - delay: Delayed 5 second(s)

2018-01-18 17:32:19 - [MESSAGE][PASSED] - Delayed 5 second(s)

2018-01-18 17:32:19 - [TEST_STEP][PASSED] - click: Object: 'Object Repository/Application_OR/btn_SUBMIT_FOR_UW_APPROVAL' is clicked on

2018-01-18 17:32:22 - [MESSAGE][PASSED] - Object: 'Object Repository/Application_OR/btn_SUBMIT_FOR_UW_APPROVAL' is clicked on

2018-01-18 17:32:22 - [TEST_STEP][PASSED] - delay: Delayed 8 second(s)

2018-01-18 17:32:30 - [MESSAGE][PASSED] - Delayed 8 second(s)

2018-01-18 17:32:30 - [TEST_STEP][PASSED] - click: Object: 'Object Repository/Application_OR/btn_LOGOUT' is clicked on

2018-01-18 17:32:47 - [MESSAGE][PASSED] - Object: 'Object Repository/Application_OR/btn_LOGOUT' is clicked on

2018-01-18 17:32:47 - [TEST_STEP][PASSED] - delay: Delayed 5 second(s)

2018-01-18 17:32:52 - [MESSAGE][PASSED] - Delayed 5 second(s)

2018-01-18 17:32:52 - [TEST_STEP][PASSED] - setText: Text 'ih.william' is set on object 'Object Repository/Quote_OR/txtfield_USERNAME'

2018-01-18 17:32:52 - [MESSAGE][PASSED] - Text 'ih.william' is set on object 'Object Repository/Quote_OR/txtfield_USERNAME'

2018-01-18 17:32:52 - [TEST_STEP][PASSED] - setText: Text '10#Hammer' is set on object 'Object Repository/Quote_OR/txtfield_PASSWORD'

2018-01-18 17:32:52 - [MESSAGE][PASSED] - Text '10#Hammer' is set on object 'Object Repository/Quote_OR/txtfield_PASSWORD'

2018-01-18 17:32:52 - [TEST_STEP][PASSED] - click: Object: 'Object Repository/Quote_OR/btn-LOGIN' is clicked on

2018-01-18 17:32:55 - [MESSAGE][PASSED] - Object: 'Object Repository/Quote_OR/btn-LOGIN' is clicked on

2018-01-18 17:32:55 - [TEST_STEP][PASSED] - delay: Delayed 5 second(s)

2018-01-18 17:33:00 - [MESSAGE][PASSED] - Delayed 5 second(s)

2018-01-18 17:33:00 - [TEST_STEP][PASSED] - Statement - btnId = "//*[@id="btnLoadApplication_" + policyInfoId + ""]": null

2018-01-18 17:33:00 - [TEST_STEP][PASSED] - Statement - btnViewApplication = new com.kms.katalon.core.testobject.TestObject(btnViewApplication): null

2018-01-18 17:33:00 - [TEST_STEP][PASSED] - Statement - btnViewApplication.addProperty("xpath", EQUALS, btnId, true): null

2018-01-18 17:33:00 - [TEST_STEP][PASSED] - delay: Delayed 20 second(s)

2018-01-18 17:33:20 - [MESSAGE][PASSED] - Delayed 20 second(s)

2018-01-18 17:33:20 - [TEST_STEP][PASSED] - click: Object: 'btnViewApplication' is clicked on

2018-01-18 17:33:23 - [MESSAGE][PASSED] - Object: 'btnViewApplication' is clicked on

2018-01-18 17:33:23 - [TEST_STEP][PASSED] - delay: Delayed 8 second(s)

2018-01-18 17:33:31 - [MESSAGE][PASSED] - Delayed 8 second(s)

2018-01-18 17:33:31 - [TEST_STEP][PASSED] - click: Object: 'Object Repository/Application_OR/btn_DOWNLOAD_AFS_UW' is clicked on

2018-01-18 17:33:31 - [MESSAGE][PASSED] - Object: 'Object Repository/Application_OR/btn_DOWNLOAD_AFS_UW' is clicked on

2018-01-18 17:33:31 - [TEST_STEP][PASSED] - delay: Delayed 5 second(s)

2018-01-18 17:33:36 - [MESSAGE][PASSED] - Delayed 5 second(s)

2018-01-18 17:33:36 - [TEST_STEP][PASSED] - click: Object: 'Object Repository/Application_OR/btn_GENERATE_FORMS' is clicked on

2018-01-18 17:33:36 - [MESSAGE][PASSED] - Object: 'Object Repository/Application_OR/btn_GENERATE_FORMS' is clicked on

2018-01-18 17:33:36 - [TEST_STEP][PASSED] - delay: Delayed 5 second(s)

2018-01-18 17:33:41 - [MESSAGE][PASSED] - Delayed 5 second(s)

2018-01-18 17:33:41 - [TEST_STEP][PASSED] - click: Object: 'Object Repository/Application_OR/btn_REQUEST_FOR_BIND' is clicked on

2018-01-18 17:33:42 - [MESSAGE][PASSED] - Object: 'Object Repository/Application_OR/btn_REQUEST_FOR_BIND' is clicked on

2018-01-18 17:33:42 - [TEST_STEP][PASSED] - delay: Delayed 20 second(s)

2018-01-18 17:34:02 - [MESSAGE][PASSED] - Delayed 20 second(s)

2018-01-18 17:34:02 - [TEST_STEP][PASSED] - click: Object: 'Object Repository/Application_OR/btn_VIEW_POLICY_FORMS' is clicked on

2018-01-18 17:34:02 - [MESSAGE][PASSED] - Object: 'Object Repository/Application_OR/btn_VIEW_POLICY_FORMS' is clicked on

2018-01-18 17:34:02 - [TEST_STEP][PASSED] - delay: Delayed 20 second(s)

2018-01-18 17:34:22 - [MESSAGE][PASSED] - Delayed 20 second(s)

2018-01-18 17:34:22 - [TEST_STEP][PASSED] - click: Object: 'Object Repository/Application_OR/btn_UW_APPLICATION_STATUS_MENU' is clicked on

2018-01-18 17:34:22 - [MESSAGE][PASSED] - Object: 'Object Repository/Application_OR/btn_UW_APPLICATION_STATUS_MENU' is clicked on

2018-01-18 17:34:22 - [TEST_STEP][PASSED] - delay: Delayed 2 second(s)

2018-01-18 17:34:24 - [MESSAGE][PASSED] - Delayed 2 second(s)

2018-01-18 17:34:24 - [TEST_STEP][PASSED] - click: Object: 'Object Repository/Application_OR/btn_YES_CONFIRMATION' is clicked on

2018-01-18 17:34:31 - [MESSAGE][PASSED] - Object: 'Object Repository/Application_OR/btn_YES_CONFIRMATION' is clicked on

2018-01-18 17:34:31 - [TEST_STEP][PASSED] - delay: Delayed 12 second(s)

2018-01-18 17:34:43 - [MESSAGE][PASSED] - Delayed 12 second(s)]]></system-out>
         <system-err><![CDATA[]]></system-err>
      </testcase>
      <testcase name="Test Cases/ENDORSEMENT_CREATION" classname="Test Cases/ENDORSEMENT_CREATION" status="FAILED">
         <failure type="FAILED" message="Unable to click on object 'Object Repository/Application_OR/btn_YES_CONFIRMATION' (Root cause: com.kms.katalon.core.webui.exception.WebElementNotFoundException: Web element with id: 'Object Repository/Application_OR/btn_YES_CONFIRMATION' located by 'By.xpath: html/body/div[4]/div/div/div[2]/button[2]' not found)"/>
         <system-out><![CDATA[2018-01-18 17:34:43 - [TEST_CASE][FAILED] - Test Cases/ENDORSEMENT_CREATION: Test Cases/ENDORSEMENT_CREATION FAILED because (of) Unable to click on object 'Object Repository/Application_OR/btn_YES_CONFIRMATION' (Root cause: com.kms.katalon.core.webui.exception.WebElementNotFoundException: Web element with id: 'Object Repository/Application_OR/btn_YES_CONFIRMATION' located by 'By.xpath: html/body/div[4]/div/div/div[2]/button[2]' not found)

2018-01-18 17:34:43 - [TEST_STEP][PASSED] - click: Object: 'Object Repository/Endorsement_OR/btn_ADVANCE_FILTER' is clicked on

2018-01-18 17:34:43 - [MESSAGE][PASSED] - Object: 'Object Repository/Endorsement_OR/btn_ADVANCE_FILTER' is clicked on

2018-01-18 17:34:43 - [TEST_STEP][PASSED] - setText: Text '2062 Rector Dr SW, Atlanta, GA 30311, USA' is set on object 'Object Repository/Endorsement_OR/txtfield_AdvanceFilter_PROPERTY_ADDRESS'

2018-01-18 17:34:44 - [MESSAGE][PASSED] - Text '2062 Rector Dr SW, Atlanta, GA 30311, USA' is set on object 'Object Repository/Endorsement_OR/txtfield_AdvanceFilter_PROPERTY_ADDRESS'

2018-01-18 17:34:44 - [TEST_STEP][PASSED] - delay: Delayed 12 second(s)

2018-01-18 17:34:56 - [MESSAGE][PASSED] - Delayed 12 second(s)

2018-01-18 17:34:56 - [TEST_STEP][PASSED] - click: Object: 'Object Repository/Endorsement_OR/btn_APPLY_Advance_Filter' is clicked on

2018-01-18 17:34:56 - [MESSAGE][PASSED] - Object: 'Object Repository/Endorsement_OR/btn_APPLY_Advance_Filter' is clicked on

2018-01-18 17:34:56 - [TEST_STEP][PASSED] - delay: Delayed 10 second(s)

2018-01-18 17:35:06 - [MESSAGE][PASSED] - Delayed 10 second(s)

2018-01-18 17:35:06 - [TEST_STEP][PASSED] - delay: Delayed 20 second(s)

2018-01-18 17:35:26 - [MESSAGE][PASSED] - Delayed 20 second(s)

2018-01-18 17:35:26 - [TEST_STEP][PASSED] - Statement - policynumber = com.kms.katalon.core.webui.keyword.WebUiBuiltInKeywords.getText(com.kms.katalon.core.testobject.ObjectRepository.findTestObject(Endorsement_OR/get_POLICYNUMBER)): Text of object 'Object Repository/Endorsement_OR/get_POLICYNUMBER' is: 'BCIHGA1800050'

2018-01-18 17:35:26 - [MESSAGE][PASSED] - Text of object 'Object Repository/Endorsement_OR/get_POLICYNUMBER' is: 'BCIHGA1800050'

2018-01-18 17:35:26 - [TEST_STEP][PASSED] - Statement - println(policynumber): null

2018-01-18 17:35:26 - [TEST_STEP][PASSED] - delay: Delayed 2 second(s)

2018-01-18 17:35:28 - [MESSAGE][PASSED] - Delayed 2 second(s)

2018-01-18 17:35:28 - [TEST_STEP][PASSED] - click: Object: 'Object Repository/Endorsement_OR/btn_ENDORSEMENT_MENU' is clicked on

2018-01-18 17:35:28 - [MESSAGE][PASSED] - Object: 'Object Repository/Endorsement_OR/btn_ENDORSEMENT_MENU' is clicked on

2018-01-18 17:35:28 - [TEST_STEP][PASSED] - delay: Delayed 2 second(s)

2018-01-18 17:35:30 - [MESSAGE][PASSED] - Delayed 2 second(s)

2018-01-18 17:35:30 - [TEST_STEP][FAILED] - click: Unable to click on object 'Object Repository/Application_OR/btn_YES_CONFIRMATION' (Root cause: com.kms.katalon.core.webui.exception.WebElementNotFoundException: Web element with id: 'Object Repository/Application_OR/btn_YES_CONFIRMATION' located by 'By.xpath: html/body/div[4]/div/div/div[2]/button[2]' not found)

2018-01-18 17:36:02 - [MESSAGE][WARNING] - Cannot take screenshot

2018-01-18 17:36:02 - [MESSAGE][FAILED] - Unable to click on object 'Object Repository/Application_OR/btn_YES_CONFIRMATION' (Root cause: com.kms.katalon.core.webui.exception.WebElementNotFoundException: Web element with id: 'Object Repository/Application_OR/btn_YES_CONFIRMATION' located by 'By.xpath: html/body/div[4]/div/div/div[2]/button[2]' not found)]]></system-out>
         <system-err><![CDATA[2018-01-18 17:34:43 - [TEST_CASE][FAILED] - Test Cases/ENDORSEMENT_CREATION: Test Cases/ENDORSEMENT_CREATION FAILED because (of) Unable to click on object 'Object Repository/Application_OR/btn_YES_CONFIRMATION' (Root cause: com.kms.katalon.core.webui.exception.WebElementNotFoundException: Web element with id: 'Object Repository/Application_OR/btn_YES_CONFIRMATION' located by 'By.xpath: html/body/div[4]/div/div/div[2]/button[2]' not found)]]></system-err>
      </testcase>
      <system-out><![CDATA[2018-01-18 17:25:33 - [TEST_SUITE][FAILED] - PPE: Test Cases/ENDORSEMENT_CREATION FAILED because (of) Unable to click on object 'Object Repository/Application_OR/btn_YES_CONFIRMATION' (Root cause: com.kms.katalon.core.webui.exception.WebElementNotFoundException: Web element with id: 'Object Repository/Application_OR/btn_YES_CONFIRMATION' located by 'By.xpath: html/body/div[4]/div/div/div[2]/button[2]' not found)]]></system-out>
      <system-err><![CDATA[2018-01-18 17:25:33 - [TEST_SUITE][FAILED] - PPE: Test Cases/ENDORSEMENT_CREATION FAILED because (of) Unable to click on object 'Object Repository/Application_OR/btn_YES_CONFIRMATION' (Root cause: com.kms.katalon.core.webui.exception.WebElementNotFoundException: Web element with id: 'Object Repository/Application_OR/btn_YES_CONFIRMATION' located by 'By.xpath: html/body/div[4]/div/div/div[2]/button[2]' not found)]]></system-err>
   </testsuite>
</testsuites>
