<?xml version="1.0" encoding="UTF-8"?>
<testsuites name="PPE" time="927" tests="6" failures="3" errors="0">
   <testsuite name="PPE" tests="6" failures="3" errors="0" time="927" timestamp="2018-02-21 19:39:29" hostname="gsalunkhe - CTS-QUA-4.cogitate.india" id="Test Suites/PPE">
      <properties>
         <property name="deviceName" value=""/>
         <property name="devicePlatform" value=""/>
         <property name="logFolder" value="D:\\Katalon_Practice_Workspace\\Katalon_PPE_GANESH\\Reports\\PPE\\20180221_193927"/>
         <property name="logFiles" value="D:\\Katalon_Practice_Workspace\\Katalon_PPE_GANESH\\Reports\\PPE\\20180221_193927\\execution0.log"/>
         <property name="attachments" value="D:\\Katalon_Practice_Workspace\\Katalon_PPE_GANESH\\Reports\\PPE\\20180221_193927\\1519223076403.png"/>
         <property name="hostName" value="gsalunkhe - CTS-QUA-4.cogitate.india"/>
         <property name="os" value="Windows 7 64bit"/>
         <property name="katalonVersion" value="5.0.1.1"/>
         <property name="browser" value="Chrome 63.0.3239.132"/>
         <property name="hostAddress" value="192.168.0.4"/>
         <property name="sessionId" value="659781a2c4010c31c8705874a2b4cd4f"/>
         <property name="seleniumVersion" value="2.53.0"/>
         <property name="proxyInformation" value="ProxyInformation{proxyOption=NO_PROXY, proxyServerType=, password=, proxyServerAddress=, proxyServerPort=0}"/>
         <property name="platform" value="Windows 7"/>
      </properties>
      <testcase name="Test Cases/URL Navigation/Navigate To URL" classname="Test Cases/URL Navigation/Navigate To URL" status="PASSED">
         <system-out><![CDATA[2018-02-21 19:39:29 - [TEST_CASE][PASSED] - Test Cases/URL Navigation/Navigate To URL: Test Cases/URL Navigation/Navigate To URL

2018-02-21 19:39:30 - [TEST_STEP][PASSED] - com.PPE.url_Navigation.gotoURL: com.PPE.url_Navigation.gotoURL is PASSED

2018-02-21 19:39:36 - [MESSAGE][PASSED] - Browser is opened with url: 'http://test.cogitate.us/PPE.Test/'

2018-02-21 19:39:36 - [MESSAGE][PASSED] - Wait for page load successfully

2018-02-21 19:39:37 - [MESSAGE][PASSED] - Current window maximized

2018-02-21 19:39:37 - [MESSAGE][PASSED] - com.PPE.url_Navigation.gotoURL is PASSED]]></system-out>
         <system-err><![CDATA[]]></system-err>
      </testcase>
      <testcase name="Test Cases/Login In PPE Application/Incorrect Attempt for Login" classname="Test Cases/Login In PPE Application/Incorrect Attempt for Login" status="PASSED">
         <system-out><![CDATA[2018-02-21 19:39:37 - [TEST_CASE][PASSED] - Test Cases/Login In PPE Application/Incorrect Attempt for Login: Test Cases/Login In PPE Application/Incorrect Attempt for Login

2018-02-21 19:39:37 - [TEST_STEP][PASSED] - com.PPE.IncorrectLogin.login: com.PPE.IncorrectLogin.login is PASSED

2018-02-21 19:39:37 - [MESSAGE][PASSED] - Text '125634' is set on object 'Object Repository/Quote_OR/txtfield_USERNAME'

2018-02-21 19:39:38 - [MESSAGE][PASSED] - Text '10#Hammer' is set on object 'Object Repository/Quote_OR/txtfield_PASSWORD'

2018-02-21 19:39:38 - [MESSAGE][PASSED] - Object: 'Object Repository/Quote_OR/btn-LOGIN' is clicked on

2018-02-21 19:39:44 - [MESSAGE][PASSED] - Delayed 6 second(s)

2018-02-21 19:39:45 - [MESSAGE][PASSED] - Text 'ih.chelms' is set on object 'Object Repository/Quote_OR/txtfield_USERNAME'

2018-02-21 19:39:45 - [MESSAGE][PASSED] - Text '123456' is set on object 'Object Repository/Quote_OR/txtfield_PASSWORD'

2018-02-21 19:39:46 - [MESSAGE][PASSED] - Object: 'Object Repository/Quote_OR/btn-LOGIN' is clicked on

2018-02-21 19:39:52 - [MESSAGE][PASSED] - Delayed 6 second(s)

2018-02-21 19:39:52 - [MESSAGE][PASSED] - Text 'ih.jbutler' is set on object 'Object Repository/Quote_OR/txtfield_USERNAME'

2018-02-21 19:39:52 - [MESSAGE][PASSED] - Text '123456' is set on object 'Object Repository/Quote_OR/txtfield_PASSWORD'

2018-02-21 19:39:53 - [MESSAGE][PASSED] - Object: 'Object Repository/Quote_OR/btn-LOGIN' is clicked on

2018-02-21 19:39:59 - [MESSAGE][PASSED] - Delayed 6 second(s)

2018-02-21 19:39:59 - [MESSAGE][PASSED] - Text 'Ganesh' is set on object 'Object Repository/Quote_OR/txtfield_USERNAME'

2018-02-21 19:39:59 - [MESSAGE][PASSED] - Text 'Salunkhe' is set on object 'Object Repository/Quote_OR/txtfield_PASSWORD'

2018-02-21 19:40:00 - [MESSAGE][PASSED] - Object: 'Object Repository/Quote_OR/btn-LOGIN' is clicked on

2018-02-21 19:40:06 - [MESSAGE][PASSED] - Delayed 6 second(s)

2018-02-21 19:40:06 - [MESSAGE][PASSED] - Text 'ih.william' is set on object 'Object Repository/Quote_OR/txtfield_USERNAME'

2018-02-21 19:40:06 - [MESSAGE][PASSED] - Text 'ih.chelms' is set on object 'Object Repository/Quote_OR/txtfield_PASSWORD'

2018-02-21 19:40:07 - [MESSAGE][PASSED] - Object: 'Object Repository/Quote_OR/btn-LOGIN' is clicked on

2018-02-21 19:40:13 - [MESSAGE][PASSED] - Delayed 6 second(s)

2018-02-21 19:40:13 - [MESSAGE][PASSED] - com.PPE.IncorrectLogin.login is PASSED]]></system-out>
         <system-err><![CDATA[]]></system-err>
      </testcase>
      <testcase name="Test Cases/Login In PPE Application/Login With Correct Credentials" classname="Test Cases/Login In PPE Application/Login With Correct Credentials" status="PASSED">
         <system-out><![CDATA[2018-02-21 19:40:13 - [TEST_CASE][PASSED] - Test Cases/Login In PPE Application/Login With Correct Credentials: Test Cases/Login In PPE Application/Login With Correct Credentials

2018-02-21 19:40:13 - [TEST_STEP][PASSED] - com.PPE.Login.correctlogin: com.PPE.Login.correctlogin is PASSED

2018-02-21 19:40:13 - [MESSAGE][PASSED] - Text 'ih.va1' is set on object 'Object Repository/Quote_OR/txtfield_USERNAME'

2018-02-21 19:40:13 - [MESSAGE][PASSED] - Text '10#Hammer' is set on object 'Object Repository/Quote_OR/txtfield_PASSWORD'

2018-02-21 19:40:22 - [MESSAGE][PASSED] - Object: 'Object Repository/Quote_OR/btn-LOGIN' is clicked on

2018-02-21 19:40:22 - [MESSAGE][PASSED] - com.PPE.Login.correctlogin is PASSED]]></system-out>
         <system-err><![CDATA[]]></system-err>
      </testcase>
      <testcase name="Test Cases/Quote Creation/Creating Quote" classname="Test Cases/Quote Creation/Creating Quote" status="PASSED">
         <system-out><![CDATA[2018-02-21 19:40:22 - [TEST_CASE][PASSED] - Test Cases/Quote Creation/Creating Quote: Test Cases/Quote Creation/Creating Quote

2018-02-21 19:40:22 - [TEST_STEP][PASSED] - Statement - propertyDataRowCounter = 0: null

2018-02-21 19:40:22 - [TEST_STEP][PASSED] - Statement - configDataRowCounter = 0: null

2018-02-21 19:40:22 - [TEST_STEP][PASSED] - Statement - genericDATA = com.kms.katalon.core.testdata.TestDataFactory.findTestData(PPE_Config_File): Test data is internal data, reading internal data

2018-02-21 19:40:22 - [TEST_STEP][PASSED] - Statement - propertyDATA = com.kms.katalon.core.testdata.TestDataFactory.findTestData(PPEPROPERTYDATA): Test data is internal data, reading internal data

2018-02-21 19:40:22 - [TEST_STEP][PASSED] - Statement - If (genericDATA.internallyGetValue("STATE", configDataRowCounter) == "GA"): null

2018-02-21 19:40:22 - [TEST_STEP][PASSED] - Statement - Else: Delayed 6 second(s)

2018-02-21 19:40:22 - [TEST_STEP][PASSED] - setText: Text '1033 N Daniel St Arlington, VA 22201 USA' is set on object 'Object Repository/Quote_OR/txtfield_ADDRESS_ON_LANDING_PAGE'

2018-02-21 19:40:23 - [MESSAGE][PASSED] - Text '1033 N Daniel St Arlington, VA 22201 USA' is set on object 'Object Repository/Quote_OR/txtfield_ADDRESS_ON_LANDING_PAGE'

2018-02-21 19:40:23 - [TEST_STEP][PASSED] - delay: Delayed 6 second(s)

2018-02-21 19:40:29 - [MESSAGE][PASSED] - Delayed 6 second(s)

2018-02-21 19:40:29 - [TEST_STEP][PASSED] - click: Object: 'Object Repository/Quote_OR/btn_SEARCH_ADDRESS' is clicked on

2018-02-21 19:40:38 - [MESSAGE][PASSED] - Object: 'Object Repository/Quote_OR/btn_SEARCH_ADDRESS' is clicked on

2018-02-21 19:40:38 - [TEST_STEP][PASSED] - waitForPageLoad: Wait for page load successfully

2018-02-21 19:40:38 - [MESSAGE][PASSED] - Wait for page load successfully

2018-02-21 19:40:38 - [TEST_STEP][PASSED] - com.PPE.QuotePropertyDataSelection.QuoteCreation: com.PPE.QuotePropertyDataSelection.QuoteCreation is PASSED

2018-02-21 19:40:39 - [MESSAGE][PASSED] - All options with index in [1] are selected on object 'Object Repository/Quote_OR/drp_PROPERTY_TYPE'

2018-02-21 19:40:39 - [MESSAGE][PASSED] - Text '' is set on object 'Object Repository/Quote_OR/txtfield_HOME_VALUATION'

2018-02-21 19:40:39 - [MESSAGE][PASSED] - Object: 'Object Repository/Quote_OR/btn_GETQUOTE' is clicked on

2018-02-21 19:40:39 - [MESSAGE][PASSED] - All options with index in [2] are selected on object 'Object Repository/Quote_OR/drp_CONSTRUCTION_TYPE'

2018-02-21 19:40:39 - [MESSAGE][PASSED] - Text '75000' is set on object 'Object Repository/Quote_OR/txtfield_HOME_VALUATION'

2018-02-21 19:40:41 - [MESSAGE][PASSED] - Delayed 2 second(s)

2018-02-21 19:40:41 - [MESSAGE][PASSED] - Text '' is set on object 'Object Repository/Quote_OR/txtbx_YEARHOMEBUILD'

2018-02-21 19:40:42 - [MESSAGE][PASSED] - Object: 'Object Repository/Quote_OR/btn_GETQUOTE' is clicked on

2018-02-21 19:40:42 - [MESSAGE][PASSED] - Text '1968' is set on object 'Object Repository/Quote_OR/txtbx_YEARHOMEBUILD'

2018-02-21 19:40:42 - [MESSAGE][PASSED] - Object: 'Object Repository/Quote_OR/btn_GETQUOTE' is clicked on

2018-02-21 19:40:46 - [MESSAGE][PASSED] - Delayed 4 second(s)

2018-02-21 19:40:46 - [MESSAGE][PASSED] - Object: 'Object Repository/Quote_OR/btn_SENDQUOTE' is clicked on

2018-02-21 19:40:47 - [MESSAGE][PASSED] - Delayed 1 second(s)

2018-02-21 19:40:47 - [MESSAGE][PASSED] - Object: 'Object Repository/Quote_OR/btn_SEND_QUOTE_DETAILS' is clicked on

2018-02-21 19:40:48 - [MESSAGE][PASSED] - Delayed 1 second(s)

2018-02-21 19:40:48 - [MESSAGE][PASSED] - Text 'Aron' is set on object 'Object Repository/Quote_OR/txtfield_SENDQUOTE_FIRSTNAME'

2018-02-21 19:40:49 - [MESSAGE][PASSED] - Text 'Lyon' is set on object 'Object Repository/Quote_OR/txtfield_SENDQUOTE_LASTNAME'

2018-02-21 19:40:52 - [MESSAGE][PASSED] - Delayed 3 second(s)

2018-02-21 19:40:52 - [MESSAGE][PASSED] - Text '9768180080' is set on object 'Object Repository/Quote_OR/txtfield_SENDQUOTE_CONTACTNUMBER'

2018-02-21 19:40:55 - [MESSAGE][PASSED] - Delayed 3 second(s)

2018-02-21 19:40:55 - [MESSAGE][PASSED] - Text 'gsalunkhe@cogitate.us' is set on object 'Object Repository/Quote_OR/txtfield_SENDQUOTE_EMAIL'

2018-02-21 19:40:59 - [MESSAGE][PASSED] - Delayed 4 second(s)

2018-02-21 19:41:00 - [MESSAGE][PASSED] - Object: 'Object Repository/Quote_OR/btn_SEND_QUOTE_DETAILS' is clicked on

2018-02-21 19:41:04 - [MESSAGE][PASSED] - Delayed 4 second(s)

2018-02-21 19:41:04 - [MESSAGE][PASSED] - All options with index in [1] are selected on object 'Object Repository/Quote_OR/drp_CONSTRUCTION_TYPE'

2018-02-21 19:41:12 - [MESSAGE][PASSED] - Delayed 8 second(s)

2018-02-21 19:41:12 - [MESSAGE][PASSED] - Object: 'Object Repository/Quote_OR/btn_RECALCULATE_PREMIUM' is clicked on

2018-02-21 19:41:12 - [MESSAGE][PASSED] - com.PPE.QuotePropertyDataSelection.QuoteCreation is PASSED]]></system-out>
         <system-err><![CDATA[]]></system-err>
      </testcase>
      <testcase name="Test Cases/Application Creation/Creating an Application" classname="Test Cases/Application Creation/Creating an Application" status="PASSED">
         <system-out><![CDATA[2018-02-21 19:41:12 - [TEST_CASE][PASSED] - Test Cases/Application Creation/Creating an Application: Test Cases/Application Creation/Creating an Application

2018-02-21 19:41:12 - [TEST_STEP][PASSED] - Statement - propertyDataRowCounter = 0: null

2018-02-21 19:41:12 - [TEST_STEP][PASSED] - Statement - configDataRowCounter = 0: null

2018-02-21 19:41:12 - [TEST_STEP][PASSED] - Statement - genericDATA = com.kms.katalon.core.testdata.TestDataFactory.findTestData(PPE_Config_File): Test data is internal data, reading internal data

2018-02-21 19:41:12 - [TEST_STEP][PASSED] - Statement - propertyDATA = com.kms.katalon.core.testdata.TestDataFactory.findTestData(PPEPROPERTYDATA): Test data is internal data, reading internal data

2018-02-21 19:41:12 - [TEST_STEP][PASSED] - Statement - Address = com.kms.katalon.core.testobject.ObjectRepository.findTestObject(Endorsement_OR/get_Address): Finding Test Object with id 'Object Repository/Endorsement_OR/get_Address'

2018-02-21 19:41:12 - [TEST_STEP][PASSED] - Statement - propertyaddress = com.kms.katalon.core.webui.keyword.WebUiBuiltInKeywords.getAttribute(Address, "value"): Attribute 'value' of object 'Object Repository/Endorsement_OR/get_Address' is: '1033 N Daniel St, Arlington, VA 22201, USA'

2018-02-21 19:41:12 - [MESSAGE][PASSED] - Attribute 'value' of object 'Object Repository/Endorsement_OR/get_Address' is: '1033 N Daniel St, Arlington, VA 22201, USA'

2018-02-21 19:41:12 - [TEST_STEP][PASSED] - Statement - println(propertyaddress): null

2018-02-21 19:41:12 - [TEST_STEP][PASSED] - Statement - propertyaddress = propertyaddress: null

2018-02-21 19:41:12 - [TEST_STEP][PASSED] - com.PPE.Saving_PolicyHolderInfo_Page.PolicyHolderPage: com.PPE.Saving_PolicyHolderInfo_Page.PolicyHolderPage is PASSED

2018-02-21 19:41:16 - [MESSAGE][PASSED] - Delayed 4 second(s)

2018-02-21 19:41:17 - [MESSAGE][PASSED] - Object: 'Object Repository/Application_OR/btn_TOAPPLICATION' is clicked on

2018-02-21 19:41:21 - [MESSAGE][PASSED] - Delayed 4 second(s)

2018-02-21 19:41:21 - [MESSAGE][PASSED] - Object: 'Object Repository/Application_OR/btn-YES_IS_BNESS_PREMISES' is clicked on

2018-02-21 19:41:23 - [MESSAGE][PASSED] - Delayed 2 second(s)

2018-02-21 19:41:23 - [MESSAGE][PASSED] - Object: 'Object Repository/Application_OR/btn-YES_FOOT_TRAFFIC' is clicked on

2018-02-21 19:41:25 - [MESSAGE][PASSED] - Delayed 2 second(s)

2018-02-21 19:41:26 - [MESSAGE][PASSED] - Text '11' is set on object 'Object Repository/Application_OR/txtfield-Traffic_Percentage'

2018-02-21 19:41:29 - [MESSAGE][PASSED] - Delayed 3 second(s)

2018-02-21 19:41:29 - [MESSAGE][PASSED] - Object: 'Object Repository/Application_OR/btn_CONTINUE_UW_QUESTIONS' is clicked on

2018-02-21 19:41:32 - [MESSAGE][PASSED] - Delayed 3 second(s)

2018-02-21 19:41:32 - [MESSAGE][PASSED] - Text '10' is set on object 'Object Repository/Application_OR/txtfield-Traffic_Percentage'

2018-02-21 19:41:36 - [MESSAGE][PASSED] - Delayed 4 second(s)

2018-02-21 19:41:36 - [MESSAGE][PASSED] - Object: 'Object Repository/Application_OR/btn_CONTINUE_UW_QUESTIONS' is clicked on

2018-02-21 19:41:39 - [MESSAGE][PASSED] - Delayed 3 second(s)

2018-02-21 19:41:39 - [MESSAGE][PASSED] - Object: 'Object Repository/Application_OR/txtfield_INSURED_FIRSTNAME' is clicked on

2018-02-21 19:41:39 - [MESSAGE][PASSED] - Text '' is set on object 'Object Repository/Application_OR/txtfield_INSURED_FIRSTNAME'

2018-02-21 19:41:40 - [MESSAGE][PASSED] - Text 'Marshal' is set on object 'Object Repository/Application_OR/txtfield_INSURED_FIRSTNAME'

2018-02-21 19:41:40 - [MESSAGE][PASSED] - Text '' is set on object 'Object Repository/Application_OR/txtfield_INSURED_MIDDLENAME'

2018-02-21 19:41:40 - [MESSAGE][PASSED] - Text 'Hasting' is set on object 'Object Repository/Application_OR/txtfield_INSURED_MIDDLENAME'

2018-02-21 19:41:40 - [MESSAGE][PASSED] - Text '' is set on object 'Object Repository/Application_OR/txtfield_INSURED_LASTNAME'

2018-02-21 19:41:40 - [MESSAGE][PASSED] - Text 'Cara' is set on object 'Object Repository/Application_OR/txtfield_INSURED_LASTNAME'

2018-02-21 19:41:40 - [MESSAGE][PASSED] - Text '09/10/1999' is set on object 'Object Repository/Application_OR/txtfield_INSURED_DOB'

2018-02-21 19:41:45 - [MESSAGE][PASSED] - Delayed 5 second(s)

2018-02-21 19:41:46 - [MESSAGE][PASSED] - Text 'gsalunkhe@cogitate.us' is set on object 'Object Repository/Application_OR/txtfield_INSURED_EMAIL'

2018-02-21 19:41:51 - [MESSAGE][PASSED] - Delayed 5 second(s)

2018-02-21 19:41:51 - [MESSAGE][PASSED] - Text '9768180080' is set on object 'Object Repository/Application_OR/txtfield_INSURED_CONTACTNUMBER'

2018-02-21 19:41:56 - [MESSAGE][PASSED] - Delayed 5 second(s)

2018-02-21 19:41:56 - [MESSAGE][PASSED] - Attribute 'value' of object 'Object Repository/Generic_OR/hdnPolicyInfoId' is: '3222'

2018-02-21 19:41:56 - [MESSAGE][PASSED] - Object: 'Object Repository/Application_OR/btn_POLICYHOLDER_SAVEANDCONTINUE' is clicked on

2018-02-21 19:41:57 - [MESSAGE][PASSED] - Delayed 1 second(s)

2018-02-21 19:41:57 - [MESSAGE][PASSED] - com.PPE.Saving_PolicyHolderInfo_Page.PolicyHolderPage is PASSED

2018-02-21 19:41:57 - [TEST_STEP][PASSED] - com.PPE.Saving_PropertyInfo_Page.PropertyPage: com.PPE.Saving_PropertyInfo_Page.PropertyPage is PASSED

2018-02-21 19:41:58 - [MESSAGE][PASSED] - Object: 'Object Repository/Application_OR/drp_ROOFTYPE_PROPERTYPAGE' is clicked on

2018-02-21 19:42:01 - [MESSAGE][PASSED] - Delayed 3 second(s)

2018-02-21 19:42:01 - [MESSAGE][PASSED] - All options with index in [1] are selected on object 'Object Repository/Application_OR/drp_ROOFTYPE_PROPERTYPAGE'

2018-02-21 19:42:03 - [MESSAGE][PASSED] - Delayed 2 second(s)

2018-02-21 19:42:03 - [MESSAGE][PASSED] - All options with index in [3] are selected on object 'Object Repository/Application_OR/drp_FOUNDATIONTYPE_PROPERTYPAGE'

2018-02-21 19:42:05 - [MESSAGE][PASSED] - Delayed 2 second(s)

2018-02-21 19:42:05 - [MESSAGE][PASSED] - All options with index in [7] are selected on object 'Object Repository/Application_OR/drp_HEATINGTYPE_PROPERTYPAGE'

2018-02-21 19:42:10 - [MESSAGE][PASSED] - Delayed 5 second(s)

2018-02-21 19:42:10 - [MESSAGE][PASSED] - Object: 'Object Repository/Application_OR/btn_OCCUPANYPAGE_SAVEANDCONTINUE' is clicked on

2018-02-21 19:42:14 - [MESSAGE][PASSED] - Delayed 4 second(s)

2018-02-21 19:42:14 - [MESSAGE][PASSED] - Object: 'Object Repository/Application_OR/btn_YES_ROOFAGE_POPUP' is clicked on

2018-02-21 19:42:18 - [MESSAGE][PASSED] - Delayed 4 second(s)

2018-02-21 19:42:18 - [MESSAGE][PASSED] - Object: 'Object Repository/Application_OR/btn_YES_ELECTRICALAGE_POPUP' is clicked on

2018-02-21 19:42:23 - [MESSAGE][PASSED] - Delayed 4 second(s)

2018-02-21 19:42:23 - [MESSAGE][PASSED] - Object: 'Object Repository/Application_OR/btn_YES_ELECTRICALAGE_POPUP' is clicked on

2018-02-21 19:42:28 - [MESSAGE][PASSED] - Delayed 5 second(s)

2018-02-21 19:42:28 - [MESSAGE][PASSED] - com.PPE.Saving_PropertyInfo_Page.PropertyPage is PASSED

2018-02-21 19:42:28 - [TEST_STEP][PASSED] - com.PPE.Policy_Creation.ApplicationBind: com.PPE.Policy_Creation.ApplicationBind is PASSED

2018-02-21 19:42:29 - [MESSAGE][PASSED] - Object: 'Object Repository/Application_OR/btn_OCCUPANYPAGE_SAVEANDCONTINUE' is clicked on

2018-02-21 19:42:34 - [MESSAGE][PASSED] - Delayed 5 second(s)

2018-02-21 19:42:34 - [MESSAGE][PASSED] - Object 'Object Repository/Application_OR/chkbx_AGREEMENT' is checked

2018-02-21 19:42:44 - [MESSAGE][PASSED] - Delayed 10 second(s)

2018-02-21 19:42:44 - [MESSAGE][PASSED] - Object: 'Object Repository/Application_OR/btn_OCCUPANYPAGE_SAVEANDCONTINUE' is clicked on

2018-02-21 19:42:49 - [MESSAGE][PASSED] - Delayed 5 second(s)

2018-02-21 19:43:16 - [MESSAGE][PASSED] - Object: 'Object Repository/Application_OR/btn_SIGNAPPLICATION_AGENT' is clicked on

2018-02-21 19:43:21 - [MESSAGE][PASSED] - Delayed 5 second(s)

2018-02-21 19:43:21 - [MESSAGE][PASSED] - Text of object 'Object Repository/Application_OR/get_INSUREDNAME_APPLICATION FORMSUMMARY' is: 'Marshal Hasting Cara'

2018-02-21 19:43:21 - [MESSAGE][PASSED] - Object: 'Object Repository/Application_OR/btn_INSURED_SIGNATURE' is clicked on

2018-02-21 19:43:26 - [MESSAGE][PASSED] - Delayed 5 second(s)

2018-02-21 19:43:26 - [MESSAGE][PASSED] - Object: 'Object Repository/Application_OR/txtbx_INSURED_SIGNATURE' is clicked on

2018-02-21 19:43:31 - [MESSAGE][PASSED] - Delayed 5 second(s)

2018-02-21 19:43:31 - [MESSAGE][PASSED] - Text 'Marshal Hasting Cara' is set on object 'Object Repository/Application_OR/txtbx_INSURED_SIGNATURE'

2018-02-21 19:43:32 - [MESSAGE][PASSED] - Object: 'Object Repository/Application_OR/btn_SUBMIT_INSURED_SIGNATURE' is clicked on

2018-02-21 19:43:32 - [MESSAGE][PASSED] - com.PPE.Policy_Creation.ApplicationBind is PASSED

2018-02-21 19:43:32 - [TEST_STEP][PASSED] - Statement - otpQuery = "SELECT TOP 1 OtpGenerated FROM PPE_ApplicationForms_trn where PolicyInfoId = " + policyInfoId + " Order BY ModifiedDateTime DESC": null

2018-02-21 19:43:32 - [TEST_STEP][PASSED] - Statement - println("otpQuery" + " " + otpQuery): null

2018-02-21 19:43:32 - [TEST_STEP][PASSED] - com.PPE.Database_Connection.connectDB: com.PPE.Database_Connection.connectDB is PASSED

2018-02-21 19:43:33 - [MESSAGE][PASSED] - com.PPE.Database_Connection.connectDB is PASSED

2018-02-21 19:43:33 - [TEST_STEP][PASSED] - Statement - recordset = CustomKeywords.com.PPE.Database_Connection.executeQuery(otpQuery): com.PPE.Database_Connection.executeQuery is PASSED

2018-02-21 19:43:33 - [MESSAGE][PASSED] - com.PPE.Database_Connection.executeQuery is PASSED

2018-02-21 19:43:33 - [TEST_STEP][PASSED] - Statement - otp = 0: null

2018-02-21 19:43:33 - [TEST_STEP][PASSED] - Statement - While (recordset.next()): null

2018-02-21 19:43:33 - [TEST_STEP][PASSED] - Statement - otp = recordset.getObject("OtpGenerated"): null

2018-02-21 19:43:33 - [TEST_STEP][PASSED] - Statement - println("otp" + " " + otp): null

2018-02-21 19:43:33 - [TEST_STEP][PASSED] - delay: Delayed 10 second(s)

2018-02-21 19:43:43 - [MESSAGE][PASSED] - Delayed 10 second(s)

2018-02-21 19:43:43 - [TEST_STEP][PASSED] - Statement - txtOtp = com.kms.katalon.core.testobject.ObjectRepository.findTestObject(Application_OR/txtfield-OTP): Finding Test Object with id 'Object Repository/Application_OR/txtfield-OTP'

2018-02-21 19:43:43 - [TEST_STEP][PASSED] - setText: Text '1069' is set on object 'Object Repository/Application_OR/txtfield-OTP'

2018-02-21 19:43:44 - [MESSAGE][PASSED] - Text '1069' is set on object 'Object Repository/Application_OR/txtfield-OTP'

2018-02-21 19:43:44 - [TEST_STEP][PASSED] - delay: Delayed 1 second(s)

2018-02-21 19:43:45 - [MESSAGE][PASSED] - Delayed 1 second(s)

2018-02-21 19:43:45 - [TEST_STEP][PASSED] - click: Object: 'Object Repository/Application_OR/btn_OTP_VERIFY' is clicked on

2018-02-21 19:43:45 - [MESSAGE][PASSED] - Object: 'Object Repository/Application_OR/btn_OTP_VERIFY' is clicked on

2018-02-21 19:43:45 - [TEST_STEP][PASSED] - delay: Delayed 5 second(s)

2018-02-21 19:43:50 - [MESSAGE][PASSED] - Delayed 5 second(s)

2018-02-21 19:43:50 - [TEST_STEP][PASSED] - click: Object: 'Object Repository/Application_OR/btn_AGENT_SIGNATURE' is clicked on

2018-02-21 19:43:50 - [MESSAGE][PASSED] - Object: 'Object Repository/Application_OR/btn_AGENT_SIGNATURE' is clicked on

2018-02-21 19:43:50 - [TEST_STEP][PASSED] - delay: Delayed 2 second(s)

2018-02-21 19:43:52 - [MESSAGE][PASSED] - Delayed 2 second(s)

2018-02-21 19:43:52 - [TEST_STEP][PASSED] - click: Object: 'Object Repository/Application_OR/txtbx_AGENT_SIGNATURE' is clicked on

2018-02-21 19:43:52 - [MESSAGE][PASSED] - Object: 'Object Repository/Application_OR/txtbx_AGENT_SIGNATURE' is clicked on

2018-02-21 19:43:52 - [TEST_STEP][PASSED] - delay: Delayed 2 second(s)

2018-02-21 19:43:54 - [MESSAGE][PASSED] - Delayed 2 second(s)

2018-02-21 19:43:54 - [TEST_STEP][PASSED] - Statement - If (genericDATA.internallyGetValue("STATE", configDataRowCounter) == "GA"): null

2018-02-21 19:43:54 - [TEST_STEP][PASSED] - Statement - Else If (genericDATA.internallyGetValue("STATE", configDataRowCounter) == "VA"): Text 'va one' is set on object 'Object Repository/Application_OR/txtbx_AGENT_SIGNATURE'

2018-02-21 19:43:54 - [TEST_STEP][PASSED] - setText: Text 'va one' is set on object 'Object Repository/Application_OR/txtbx_AGENT_SIGNATURE'

2018-02-21 19:43:54 - [MESSAGE][PASSED] - Text 'va one' is set on object 'Object Repository/Application_OR/txtbx_AGENT_SIGNATURE'

2018-02-21 19:43:54 - [TEST_STEP][PASSED] - click: Object: 'Object Repository/Application_OR/btn_SUBMIT_AGENT_SIGNATURE' is clicked on

2018-02-21 19:43:54 - [MESSAGE][PASSED] - Object: 'Object Repository/Application_OR/btn_SUBMIT_AGENT_SIGNATURE' is clicked on

2018-02-21 19:43:54 - [TEST_STEP][PASSED] - delay: Delayed 5 second(s)

2018-02-21 19:43:59 - [MESSAGE][PASSED] - Delayed 5 second(s)

2018-02-21 19:43:59 - [TEST_STEP][PASSED] - click: Object: 'Object Repository/Application_OR/btn_SURPLUSLINE_ACK' is clicked on

2018-02-21 19:44:01 - [MESSAGE][PASSED] - Object: 'Object Repository/Application_OR/btn_SURPLUSLINE_ACK' is clicked on

2018-02-21 19:44:01 - [TEST_STEP][PASSED] - delay: Delayed 5 second(s)

2018-02-21 19:44:06 - [MESSAGE][PASSED] - Delayed 5 second(s)

2018-02-21 19:44:06 - [TEST_STEP][PASSED] - Statement - If (genericDATA.internallyGetValue("STATE", configDataRowCounter) == "GA"): null

2018-02-21 19:44:06 - [TEST_STEP][PASSED] - Statement - Else: Object: 'Object Repository/Application_OR/btn_SUBMIT_SURPLUSLINE' is clicked on

2018-02-21 19:44:06 - [TEST_STEP][PASSED] - click: Object: 'Object Repository/Application_OR/chkbox_NC_SurPlusLine_Agreement' is clicked on

2018-02-21 19:44:06 - [MESSAGE][PASSED] - Object: 'Object Repository/Application_OR/chkbox_NC_SurPlusLine_Agreement' is clicked on

2018-02-21 19:44:06 - [TEST_STEP][PASSED] - delay: Delayed 2 second(s)

2018-02-21 19:44:08 - [MESSAGE][PASSED] - Delayed 2 second(s)

2018-02-21 19:44:08 - [TEST_STEP][PASSED] - click: Object: 'Object Repository/Application_OR/btn_SUBMIT_SURPLUSLINE' is clicked on

2018-02-21 19:44:08 - [MESSAGE][PASSED] - Object: 'Object Repository/Application_OR/btn_SUBMIT_SURPLUSLINE' is clicked on

2018-02-21 19:44:08 - [TEST_STEP][PASSED] - delay: Delayed 5 second(s)

2018-02-21 19:44:13 - [MESSAGE][PASSED] - Delayed 5 second(s)

2018-02-21 19:44:13 - [TEST_STEP][PASSED] - click: Object: 'Object Repository/Application_OR/btn_SUBMIT_FOR_UW_APPROVAL' is clicked on

2018-02-21 19:44:14 - [MESSAGE][PASSED] - Object: 'Object Repository/Application_OR/btn_SUBMIT_FOR_UW_APPROVAL' is clicked on

2018-02-21 19:44:14 - [TEST_STEP][PASSED] - delay: Delayed 8 second(s)

2018-02-21 19:44:22 - [MESSAGE][PASSED] - Delayed 8 second(s)

2018-02-21 19:44:22 - [TEST_STEP][PASSED] - click: Object: 'Object Repository/Application_OR/btn_LOGOUT' is clicked on

2018-02-21 19:44:23 - [MESSAGE][PASSED] - Object: 'Object Repository/Application_OR/btn_LOGOUT' is clicked on

2018-02-21 19:44:23 - [TEST_STEP][PASSED] - delay: Delayed 5 second(s)

2018-02-21 19:44:28 - [MESSAGE][PASSED] - Delayed 5 second(s)

2018-02-21 19:44:28 - [TEST_STEP][PASSED] - setText: Text 'ih.william' is set on object 'Object Repository/Quote_OR/txtfield_USERNAME'

2018-02-21 19:44:28 - [MESSAGE][PASSED] - Text 'ih.william' is set on object 'Object Repository/Quote_OR/txtfield_USERNAME'

2018-02-21 19:44:28 - [TEST_STEP][PASSED] - setText: Text '10#Hammer' is set on object 'Object Repository/Quote_OR/txtfield_PASSWORD'

2018-02-21 19:44:28 - [MESSAGE][PASSED] - Text '10#Hammer' is set on object 'Object Repository/Quote_OR/txtfield_PASSWORD'

2018-02-21 19:44:28 - [TEST_STEP][PASSED] - click: Object: 'Object Repository/Quote_OR/btn-LOGIN' is clicked on

2018-02-21 19:44:30 - [MESSAGE][PASSED] - Object: 'Object Repository/Quote_OR/btn-LOGIN' is clicked on

2018-02-21 19:44:30 - [TEST_STEP][PASSED] - delay: Delayed 5 second(s)

2018-02-21 19:44:35 - [MESSAGE][PASSED] - Delayed 5 second(s)

2018-02-21 19:44:35 - [TEST_STEP][PASSED] - Statement - btnId = "//*[@id="btnLoadApplication_" + policyInfoId + ""]": null

2018-02-21 19:44:35 - [TEST_STEP][PASSED] - Statement - btnViewApplication = new com.kms.katalon.core.testobject.TestObject(btnViewApplication): null

2018-02-21 19:44:35 - [TEST_STEP][PASSED] - Statement - btnViewApplication.addProperty("xpath", EQUALS, btnId, true): null

2018-02-21 19:44:35 - [TEST_STEP][PASSED] - delay: Delayed 20 second(s)

2018-02-21 19:44:55 - [MESSAGE][PASSED] - Delayed 20 second(s)

2018-02-21 19:44:55 - [TEST_STEP][PASSED] - click: Object: 'btnViewApplication' is clicked on

2018-02-21 19:44:56 - [MESSAGE][PASSED] - Object: 'btnViewApplication' is clicked on

2018-02-21 19:44:56 - [TEST_STEP][PASSED] - delay: Delayed 8 second(s)

2018-02-21 19:45:04 - [MESSAGE][PASSED] - Delayed 8 second(s)

2018-02-21 19:45:04 - [TEST_STEP][PASSED] - click: Object: 'Object Repository/Application_OR/btn_DOWNLOAD_AFS_UW' is clicked on

2018-02-21 19:45:04 - [MESSAGE][PASSED] - Object: 'Object Repository/Application_OR/btn_DOWNLOAD_AFS_UW' is clicked on

2018-02-21 19:45:04 - [TEST_STEP][PASSED] - delay: Delayed 5 second(s)

2018-02-21 19:45:09 - [MESSAGE][PASSED] - Delayed 5 second(s)

2018-02-21 19:45:09 - [TEST_STEP][PASSED] - click: Object: 'Object Repository/Application_OR/btn_REVIEW_APPLICATION_AT_UW' is clicked on

2018-02-21 19:45:10 - [MESSAGE][PASSED] - Object: 'Object Repository/Application_OR/btn_REVIEW_APPLICATION_AT_UW' is clicked on

2018-02-21 19:45:10 - [TEST_STEP][PASSED] - delay: Delayed 5 second(s)

2018-02-21 19:45:15 - [MESSAGE][PASSED] - Delayed 5 second(s)

2018-02-21 19:45:15 - [TEST_STEP][PASSED] - setText: Text '111' is set on object 'Object Repository/Application_OR/txtfield_INSPECTION_FEE'

2018-02-21 19:45:15 - [MESSAGE][PASSED] - Text '111' is set on object 'Object Repository/Application_OR/txtfield_INSPECTION_FEE'

2018-02-21 19:45:15 - [TEST_STEP][PASSED] - delay: Delayed 3 second(s)

2018-02-21 19:45:18 - [MESSAGE][PASSED] - Delayed 3 second(s)

2018-02-21 19:45:18 - [TEST_STEP][PASSED] - click: Object: 'Object Repository/Application_OR/drp_NO_OF_MORTAGAGEE' is clicked on

2018-02-21 19:45:19 - [MESSAGE][PASSED] - Object: 'Object Repository/Application_OR/drp_NO_OF_MORTAGAGEE' is clicked on

2018-02-21 19:45:19 - [TEST_STEP][PASSED] - delay: Delayed 3 second(s)

2018-02-21 19:45:22 - [MESSAGE][PASSED] - Delayed 3 second(s)

2018-02-21 19:45:22 - [TEST_STEP][PASSED] - selectOptionByIndex: All options with index in [1] are selected on object 'Object Repository/Application_OR/drp_NO_OF_MORTAGAGEE'

2018-02-21 19:45:22 - [MESSAGE][PASSED] - All options with index in [1] are selected on object 'Object Repository/Application_OR/drp_NO_OF_MORTAGAGEE'

2018-02-21 19:45:22 - [TEST_STEP][PASSED] - delay: Delayed 3 second(s)

2018-02-21 19:45:25 - [MESSAGE][PASSED] - Delayed 3 second(s)

2018-02-21 19:45:25 - [TEST_STEP][PASSED] - click: Object: 'Object Repository/Application_OR/btn_OCCUPANYPAGE_SAVEANDCONTINUE' is clicked on

2018-02-21 19:45:25 - [MESSAGE][PASSED] - Object: 'Object Repository/Application_OR/btn_OCCUPANYPAGE_SAVEANDCONTINUE' is clicked on

2018-02-21 19:45:25 - [TEST_STEP][PASSED] - delay: Delayed 3 second(s)

2018-02-21 19:45:28 - [MESSAGE][PASSED] - Delayed 3 second(s)

2018-02-21 19:45:28 - [TEST_STEP][PASSED] - setText: Text 'Ricky Ponting' is set on object 'Object Repository/Application_OR/txtfield_Mortagagee_Name1'

2018-02-21 19:45:28 - [MESSAGE][PASSED] - Text 'Ricky Ponting' is set on object 'Object Repository/Application_OR/txtfield_Mortagagee_Name1'

2018-02-21 19:45:28 - [TEST_STEP][PASSED] - delay: Delayed 3 second(s)

2018-02-21 19:45:31 - [MESSAGE][PASSED] - Delayed 3 second(s)

2018-02-21 19:45:31 - [TEST_STEP][PASSED] - setText: Text '1870 5th Ave W Macon, GA 31201 USA' is set on object 'Object Repository/Application_OR/txtfield_Mortagagee_Address'

2018-02-21 19:45:32 - [MESSAGE][PASSED] - Text '1870 5th Ave W Macon, GA 31201 USA' is set on object 'Object Repository/Application_OR/txtfield_Mortagagee_Address'

2018-02-21 19:45:32 - [TEST_STEP][PASSED] - delay: Delayed 3 second(s)

2018-02-21 19:45:35 - [MESSAGE][PASSED] - Delayed 3 second(s)

2018-02-21 19:45:35 - [TEST_STEP][PASSED] - setText: Text '123456789ABCD' is set on object 'Object Repository/Application_OR/txtfield_Mortagagee_LoanNo'

2018-02-21 19:45:35 - [MESSAGE][PASSED] - Text '123456789ABCD' is set on object 'Object Repository/Application_OR/txtfield_Mortagagee_LoanNo'

2018-02-21 19:45:35 - [TEST_STEP][PASSED] - delay: Delayed 3 second(s)

2018-02-21 19:45:38 - [MESSAGE][PASSED] - Delayed 3 second(s)

2018-02-21 19:45:38 - [TEST_STEP][PASSED] - click: Object: 'Object Repository/Application_OR/btn_OCCUPANYPAGE_SAVEANDCONTINUE' is clicked on

2018-02-21 19:45:43 - [MESSAGE][PASSED] - Object: 'Object Repository/Application_OR/btn_OCCUPANYPAGE_SAVEANDCONTINUE' is clicked on

2018-02-21 19:45:43 - [TEST_STEP][PASSED] - delay: Delayed 4 second(s)

2018-02-21 19:45:47 - [MESSAGE][PASSED] - Delayed 4 second(s)

2018-02-21 19:45:47 - [TEST_STEP][PASSED] - click: Object: 'Object Repository/Application_OR/btn_SIGNAPPLICATION_AGENT' is clicked on

2018-02-21 19:45:53 - [MESSAGE][PASSED] - Object: 'Object Repository/Application_OR/btn_SIGNAPPLICATION_AGENT' is clicked on

2018-02-21 19:45:53 - [TEST_STEP][PASSED] - delay: Delayed 4 second(s)

2018-02-21 19:45:57 - [MESSAGE][PASSED] - Delayed 4 second(s)

2018-02-21 19:45:57 - [TEST_STEP][PASSED] - click: Object: 'Object Repository/Application_OR/btn_GENERATE_FORMS' is clicked on

2018-02-21 19:45:57 - [MESSAGE][PASSED] - Object: 'Object Repository/Application_OR/btn_GENERATE_FORMS' is clicked on

2018-02-21 19:45:57 - [TEST_STEP][PASSED] - delay: Delayed 5 second(s)

2018-02-21 19:46:02 - [MESSAGE][PASSED] - Delayed 5 second(s)

2018-02-21 19:46:02 - [TEST_STEP][PASSED] - click: Object: 'Object Repository/Application_OR/btn_REQUEST_FOR_BIND' is clicked on

2018-02-21 19:46:03 - [MESSAGE][PASSED] - Object: 'Object Repository/Application_OR/btn_REQUEST_FOR_BIND' is clicked on

2018-02-21 19:46:03 - [TEST_STEP][PASSED] - delay: Delayed 20 second(s)

2018-02-21 19:46:23 - [MESSAGE][PASSED] - Delayed 20 second(s)

2018-02-21 19:46:23 - [TEST_STEP][PASSED] - click: Object: 'Object Repository/Application_OR/btn_VIEW_POLICY_FORMS' is clicked on

2018-02-21 19:46:23 - [MESSAGE][PASSED] - Object: 'Object Repository/Application_OR/btn_VIEW_POLICY_FORMS' is clicked on

2018-02-21 19:46:23 - [TEST_STEP][PASSED] - delay: Delayed 15 second(s)

2018-02-21 19:46:38 - [MESSAGE][PASSED] - Delayed 15 second(s)

2018-02-21 19:46:38 - [TEST_STEP][PASSED] - click: Object: 'Object Repository/Application_OR/btn_UW_APPLICATION_STATUS_MENU' is clicked on

2018-02-21 19:46:38 - [MESSAGE][PASSED] - Object: 'Object Repository/Application_OR/btn_UW_APPLICATION_STATUS_MENU' is clicked on

2018-02-21 19:46:38 - [TEST_STEP][PASSED] - delay: Delayed 2 second(s)

2018-02-21 19:46:40 - [MESSAGE][PASSED] - Delayed 2 second(s)

2018-02-21 19:46:40 - [TEST_STEP][PASSED] - click: Object: 'Object Repository/Application_OR/btn_YES_CONFIRMATION' is clicked on

2018-02-21 19:46:41 - [MESSAGE][PASSED] - Object: 'Object Repository/Application_OR/btn_YES_CONFIRMATION' is clicked on

2018-02-21 19:46:41 - [TEST_STEP][PASSED] - delay: Delayed 20 second(s)

2018-02-21 19:47:01 - [MESSAGE][PASSED] - Delayed 20 second(s)]]></system-out>
         <system-err><![CDATA[]]></system-err>
      </testcase>
      <testcase name="Test Cases/UW Endorsement/UW END" classname="Test Cases/UW Endorsement/UW END" status="PASSED">
         <system-out><![CDATA[2018-02-21 19:47:01 - [TEST_CASE][PASSED] - Test Cases/UW Endorsement/UW END: Test Cases/UW Endorsement/UW END

2018-02-21 19:47:01 - [TEST_STEP][PASSED] - com.PPE.Endorsement_UW.EndorsementByUW: com.PPE.Endorsement_UW.EndorsementByUW is PASSED

2018-02-21 19:47:01 - [MESSAGE][PASSED] - Object: 'Object Repository/Endorsement_OR/btn_ADVANCE_FILTER' is clicked on

2018-02-21 19:47:05 - [MESSAGE][PASSED] - Delayed 4 second(s)

2018-02-21 19:47:06 - [MESSAGE][PASSED] - Text '1033 N Daniel St, Arlington, VA 22201, USA' is set on object 'Object Repository/Endorsement_OR/txtfield_AdvanceFilter_PROPERTY_ADDRESS'

2018-02-21 19:47:21 - [MESSAGE][PASSED] - Delayed 15 second(s)

2018-02-21 19:47:21 - [MESSAGE][PASSED] - Object: 'Object Repository/Endorsement_OR/btn_APPLY_Advance_Filter' is clicked on

2018-02-21 19:47:39 - [MESSAGE][PASSED] - Delayed 18 second(s)

2018-02-21 19:47:39 - [MESSAGE][PASSED] - Text of object 'Object Repository/Endorsement_OR/get_POLICYNUMBER' is: 'BCIHVA1800008'

2018-02-21 19:47:49 - [MESSAGE][PASSED] - Delayed 10 second(s)

2018-02-21 19:47:49 - [MESSAGE][PASSED] - Object: 'Object Repository/Endorsement_OR/btn_ENDORSEMENT_MENU' is clicked on

2018-02-21 19:47:52 - [MESSAGE][PASSED] - Delayed 3 second(s)

2018-02-21 19:47:53 - [MESSAGE][PASSED] - Object: 'Object Repository/Endorsement_OR/btn_YES_CONFIRMATION_ENDORSEMENT' is clicked on

2018-02-21 19:47:59 - [MESSAGE][PASSED] - Delayed 6 second(s)

2018-02-21 19:47:59 - [MESSAGE][PASSED] - Text 'BCIHVA1800008' is set on object 'Object Repository/Endorsement_OR/txtfield_POLICYNUMBER_FOR_ENDORSEMENT'

2018-02-21 19:48:05 - [MESSAGE][PASSED] - Delayed 6 second(s)

2018-02-21 19:48:06 - [MESSAGE][PASSED] - Object: 'Object Repository/Endorsement_OR/btn_SEARCH_FOR_ENDORSEMENT' is clicked on

2018-02-21 19:48:16 - [MESSAGE][PASSED] - Delayed 10 second(s)

2018-02-21 19:48:22 - [MESSAGE][PASSED] - Object: 'Object Repository/Endorsement_OR/btn_ENDORSE_UW' is clicked on

2018-02-21 19:48:28 - [MESSAGE][PASSED] - Delayed 6 second(s)

2018-02-21 19:48:30 - [MESSAGE][PASSED] - Object: 'Object Repository/Endorsement_OR/btn_EDIT_APPLICANTINFO_UW' is clicked on

2018-02-21 19:48:36 - [MESSAGE][PASSED] - Delayed 6 second(s)

2018-02-21 19:48:36 - [MESSAGE][PASSED] - Object: 'Object Repository/Endorsement_OR/btn_RECALCULATE_UW' is clicked on

2018-02-21 19:48:42 - [MESSAGE][PASSED] - Delayed 6 second(s)

2018-02-21 19:48:42 - [MESSAGE][PASSED] - Text 'Phillips Bush' is set on object 'Object Repository/Endorsement_OR/txtfield_PRIFIRSTNAME_UW'

2018-02-21 19:48:44 - [MESSAGE][PASSED] - Delayed 2 second(s)

2018-02-21 19:48:45 - [MESSAGE][PASSED] - Object: 'Object Repository/Endorsement_OR/btn_UPDATE_APPLICANTINFO_UW' is clicked on

2018-02-21 19:48:47 - [MESSAGE][PASSED] - Delayed 2 second(s)

2018-02-21 19:48:47 - [MESSAGE][PASSED] - Object: 'Object Repository/Endorsement_OR/btn_RECALCULATE_UW' is clicked on

2018-02-21 19:48:53 - [MESSAGE][PASSED] - Delayed 6 second(s)

2018-02-21 19:48:53 - [MESSAGE][PASSED] - Browser is scrolled to position x = 0, y = 50

2018-02-21 19:48:56 - [MESSAGE][PASSED] - Delayed 3 second(s)

2018-02-21 19:48:56 - [MESSAGE][PASSED] - Object: 'Object Repository/Endorsement_OR/btn_EDIT_COVERAGE_UW' is clicked on

2018-02-21 19:49:02 - [MESSAGE][PASSED] - Delayed 6 second(s)

2018-02-21 19:49:02 - [MESSAGE][PASSED] - Object: 'Object Repository/Endorsement_OR/drp_SETTLEMENTTYPE_UW' is clicked on

2018-02-21 19:49:05 - [MESSAGE][PASSED] - Delayed 3 second(s)

2018-02-21 19:49:05 - [MESSAGE][PASSED] - All options with label 'ACV' are selected in object 'Object Repository/Endorsement_OR/drp_SETTLEMENTTYPE_UW' 

2018-02-21 19:49:11 - [MESSAGE][PASSED] - Delayed 6 second(s)

2018-02-21 19:49:12 - [MESSAGE][PASSED] - Object: 'Object Repository/Endorsement_OR/btn_UPDATE_COVERAGE_UW' is clicked on

2018-02-21 19:49:14 - [MESSAGE][PASSED] - Delayed 2 second(s)

2018-02-21 19:49:14 - [MESSAGE][PASSED] - Object: 'Object Repository/Endorsement_OR/btn_RECALCULATE_UW' is clicked on

2018-02-21 19:49:19 - [MESSAGE][PASSED] - Delayed 5 second(s)

2018-02-21 19:49:19 - [MESSAGE][PASSED] - Browser is scrolled to position x = 0, y = 50

2018-02-21 19:49:19 - [MESSAGE][PASSED] - Object: 'Object Repository/Endorsement_OR/btn_EDIT_PROPERTY_UW' is clicked on

2018-02-21 19:49:21 - [MESSAGE][PASSED] - Delayed 2 second(s)

2018-02-21 19:49:21 - [MESSAGE][PASSED] - Text '1970' is set on object 'Object Repository/Endorsement_OR/txtfield_HOME_BUILD_ENDORSEMENT_UW'

2018-02-21 19:49:25 - [MESSAGE][PASSED] - Delayed 4 second(s)

2018-02-21 19:49:26 - [MESSAGE][PASSED] - Text '74999' is set on object 'Object Repository/Endorsement_OR/txtfield_EXIMATED_VALUATION_UW'

2018-02-21 19:49:30 - [MESSAGE][PASSED] - Delayed 4 second(s)

2018-02-21 19:49:30 - [MESSAGE][PASSED] - Object: 'Object Repository/Endorsement_OR/drp_CONSTRUCTION_TYPE_UW' is clicked on

2018-02-21 19:49:30 - [MESSAGE][PASSED] - All options with index in [3] are selected on object 'Object Repository/Endorsement_OR/drp_CONSTRUCTION_TYPE_UW'

2018-02-21 19:49:34 - [MESSAGE][PASSED] - Delayed 4 second(s)

2018-02-21 19:49:35 - [MESSAGE][PASSED] - Object: 'Object Repository/Endorsement_OR/btn_UPDATE_ENDORSEMENT_PROPERTY_UW' is clicked on

2018-02-21 19:49:39 - [MESSAGE][PASSED] - Delayed 4 second(s)

2018-02-21 19:49:39 - [MESSAGE][PASSED] - Text '500000' is set on object 'Object Repository/Endorsement_OR/txtfield_EXIMATED_VALUATION_UW'

2018-02-21 19:49:43 - [MESSAGE][PASSED] - Delayed 4 second(s)

2018-02-21 19:49:43 - [MESSAGE][PASSED] - Object: 'Object Repository/Endorsement_OR/btn_UPDATE_ENDORSEMENT_PROPERTY_UW' is clicked on

2018-02-21 19:49:47 - [MESSAGE][PASSED] - Delayed 4 second(s)

2018-02-21 19:49:47 - [MESSAGE][PASSED] - Object: 'Object Repository/Endorsement_OR/btn_RECALCULATE_UW' is clicked on

2018-02-21 19:49:51 - [MESSAGE][PASSED] - Delayed 4 second(s)

2018-02-21 19:49:51 - [MESSAGE][PASSED] - Object: 'Object Repository/Endorsement_OR/btn_GENERATE_FORMS_UW' is clicked on

2018-02-21 19:49:55 - [MESSAGE][PASSED] - Delayed 4 second(s)

2018-02-21 19:49:56 - [MESSAGE][PASSED] - Object: 'Object Repository/Endorsement_OR/btn_APPROVE_ENDORSEMENT' is clicked on

2018-02-21 19:50:02 - [MESSAGE][PASSED] - Delayed 6 second(s)

2018-02-21 19:50:02 - [MESSAGE][PASSED] - Object: 'Object Repository/Endorsement_OR/chkbx_HOMEOWNER_END_FORM' is clicked on

2018-02-21 19:50:06 - [MESSAGE][PASSED] - Delayed 4 second(s)

2018-02-21 19:50:06 - [MESSAGE][PASSED] - Object: 'Object Repository/Endorsement_OR/chkbx_HOMEOWNER_END_FORM' is clicked on

2018-02-21 19:50:10 - [MESSAGE][PASSED] - Delayed 4 second(s)

2018-02-21 19:50:10 - [MESSAGE][PASSED] - Object: 'Object Repository/Endorsement_OR/btn_FILLDATA_HOMEOWNER_END_FORM' is clicked on

2018-02-21 19:50:20 - [MESSAGE][PASSED] - Delayed 10 second(s)

2018-02-21 19:50:21 - [MESSAGE][PASSED] - Text 'Testing' is set on object 'Object Repository/Endorsement_OR/txtfield_HOMEOWNER_END_FORM'

2018-02-21 19:50:25 - [MESSAGE][PASSED] - Delayed 4 second(s)

2018-02-21 19:50:25 - [MESSAGE][PASSED] - Object: 'Object Repository/Endorsement_OR/btn_SUBMIT_HOMEOWNER_END_FORM' is clicked on

2018-02-21 19:50:29 - [MESSAGE][PASSED] - Delayed 4 second(s)

2018-02-21 19:50:29 - [MESSAGE][PASSED] - Object: 'Object Repository/Endorsement_OR/btn_VIEW_DRAFT_END' is clicked on

2018-02-21 19:50:33 - [MESSAGE][PASSED] - Delayed 4 second(s)

2018-02-21 19:50:33 - [MESSAGE][PASSED] - Object: 'Object Repository/Endorsement_OR/btn_APPROVE_ENDORSEMENT' is clicked on

2018-02-21 19:52:13 - [MESSAGE][PASSED] - Delayed 100 second(s)

2018-02-21 19:52:19 - [MESSAGE][PASSED] - Object: 'Object Repository/Endorsement_OR/btn_LOGOUT_UW' is clicked on

2018-02-21 19:52:29 - [MESSAGE][PASSED] - Delayed 10 second(s)

2018-02-21 19:52:29 - [MESSAGE][PASSED] - com.PPE.Endorsement_UW.EndorsementByUW is PASSED]]></system-out>
         <system-err><![CDATA[]]></system-err>
      </testcase>
      <testcase name="Test Cases/Agent Endorsment Req/Agent END" classname="Test Cases/Agent Endorsment Req/Agent END" status="FAILED">
         <failure type="FAILED" message="Unable to get text of object 'Object Repository/ENDORSEMENT_AGENT_OR/get_POLICYNUMBER' (Root cause: com.kms.katalon.core.webui.exception.WebElementNotFoundException: Web element with id: 'Object Repository/ENDORSEMENT_AGENT_OR/get_POLICYNUMBER' located by 'By.xpath: //*[@id=&quot;divApplicationList&quot;]/tr/td[3] ' not found)"/>
         <system-out><![CDATA[2018-02-21 19:52:29 - [TEST_CASE][FAILED] - Test Cases/Agent Endorsment Req/Agent END: Test Cases/Agent Endorsment Req/Agent END FAILED because (of) Unable to get text of object 'Object Repository/ENDORSEMENT_AGENT_OR/get_POLICYNUMBER' (Root cause: com.kms.katalon.core.webui.exception.WebElementNotFoundException: Web element with id: 'Object Repository/ENDORSEMENT_AGENT_OR/get_POLICYNUMBER' located by 'By.xpath: //*[@id="divApplicationList"]/tr/td[3] ' not found)

2018-02-21 19:52:30 - [TEST_STEP][FAILED] - com.PPE.Endorsement_Agent.EndorsementByUW: Unable to get text of object 'Object Repository/ENDORSEMENT_AGENT_OR/get_POLICYNUMBER' (Root cause: com.kms.katalon.core.webui.exception.WebElementNotFoundException: Web element with id: 'Object Repository/ENDORSEMENT_AGENT_OR/get_POLICYNUMBER' located by 'By.xpath: //*[@id="divApplicationList"]/tr/td[3] ' not found)

2018-02-21 19:52:30 - [MESSAGE][PASSED] - Text 'ih.chelms' is set on object 'Object Repository/Quote_OR/txtfield_USERNAME'

2018-02-21 19:52:30 - [MESSAGE][PASSED] - Text '10#Hammer' is set on object 'Object Repository/Quote_OR/txtfield_PASSWORD'

2018-02-21 19:52:36 - [MESSAGE][PASSED] - Object: 'Object Repository/Quote_OR/btn-LOGIN' is clicked on

2018-02-21 19:52:51 - [MESSAGE][PASSED] - Delayed 15 second(s)

2018-02-21 19:52:56 - [MESSAGE][PASSED] - Object: 'Object Repository/Application_OR/btn_UW_APPLICATION_STATUS_MENU' is clicked on

2018-02-21 19:53:01 - [MESSAGE][PASSED] - Delayed 5 second(s)

2018-02-21 19:53:07 - [MESSAGE][PASSED] - Object: 'Object Repository/Endorsement_OR/btn_YES_CONFIRMATION_ENDORSEMENT' is clicked on

2018-02-21 19:53:27 - [MESSAGE][PASSED] - Delayed 20 second(s)

2018-02-21 19:53:27 - [MESSAGE][PASSED] - Object: 'Object Repository/Endorsement_OR/btn_ADVANCE_FILTER' is clicked on

2018-02-21 19:53:31 - [MESSAGE][PASSED] - Delayed 4 second(s)

2018-02-21 19:53:32 - [MESSAGE][PASSED] - Text '1033 N Daniel St, Arlington, VA 22201, USA' is set on object 'Object Repository/Endorsement_OR/txtfield_AdvanceFilter_PROPERTY_ADDRESS'

2018-02-21 19:53:47 - [MESSAGE][PASSED] - Delayed 15 second(s)

2018-02-21 19:53:47 - [MESSAGE][PASSED] - Object: 'Object Repository/Endorsement_OR/btn_APPLY_Advance_Filter' is clicked on

2018-02-21 19:54:05 - [MESSAGE][PASSED] - Delayed 18 second(s)

2018-02-21 19:54:37 - [MESSAGE][FAILED] - Unable to get text of object 'Object Repository/ENDORSEMENT_AGENT_OR/get_POLICYNUMBER' (Root cause: com.kms.katalon.core.webui.exception.WebElementNotFoundException: Web element with id: 'Object Repository/ENDORSEMENT_AGENT_OR/get_POLICYNUMBER' located by 'By.xpath: //*[@id="divApplicationList"]/tr/td[3] ' not found)
[[ATTACHMENT|D:\\Katalon_Practice_Workspace\\Katalon_PPE_GANESH\\Reports\\PPE\\20180221_193927\\1519223076403.png]]

2018-02-21 19:54:37 - [MESSAGE][FAILED] - Unable to get text of object 'Object Repository/ENDORSEMENT_AGENT_OR/get_POLICYNUMBER' (Root cause: com.kms.katalon.core.webui.exception.WebElementNotFoundException: Web element with id: 'Object Repository/ENDORSEMENT_AGENT_OR/get_POLICYNUMBER' located by 'By.xpath: //*[@id="divApplicationList"]/tr/td[3] ' not found)]]></system-out>
         <system-err><![CDATA[2018-02-21 19:52:29 - [TEST_CASE][FAILED] - Test Cases/Agent Endorsment Req/Agent END: Test Cases/Agent Endorsment Req/Agent END FAILED because (of) Unable to get text of object 'Object Repository/ENDORSEMENT_AGENT_OR/get_POLICYNUMBER' (Root cause: com.kms.katalon.core.webui.exception.WebElementNotFoundException: Web element with id: 'Object Repository/ENDORSEMENT_AGENT_OR/get_POLICYNUMBER' located by 'By.xpath: //*[@id="divApplicationList"]/tr/td[3] ' not found)]]></system-err>
      </testcase>
      <testcase name="Test Cases/Endorsement Approval/END Appproval" classname="Test Cases/Endorsement Approval/END Appproval" status="FAILED">
         <failure type="FAILED" message="Unable to set text 'ih.william' of object 'Object Repository/Quote_OR/txtfield_USERNAME' (Root cause: org.openqa.selenium.WebDriverException: chrome not reachable
  (Session info: chrome=63.0.3239.132)
  (Driver info: chromedriver=2.33.506120 (e3e53437346286c0bc2d2dc9aa4915ba81d9023f),platform=Windows NT 6.1.7601 SP1 x86_64) (WARNING: The server did not provide any stacktrace information)
Command duration or timeout: 4.03 seconds
Build info: version: '2.53.0', revision: '35ae25b', time: '2016-03-15 17:00:58'
System info: host: 'CTS-QUA-4', ip: '192.168.0.4', os.name: 'Windows 7', os.arch: 'amd64', os.version: '6.1', java.version: '1.8.0_102'
Driver info: com.kms.katalon.selenium.driver.CChromeDriver
Capabilities [{applicationCacheEnabled=false, rotatable=false, mobileEmulationEnabled=false, networkConnectionEnabled=false, chrome={chromedriverVersion=2.33.506120 (e3e53437346286c0bc2d2dc9aa4915ba81d9023f), userDataDir=C:\Users\GSALUN~1\AppData\Local\Temp\scoped_dir8804_21880}, takesHeapSnapshot=true, pageLoadStrategy=normal, databaseEnabled=false, handlesAlerts=true, hasTouchScreen=false, version=63.0.3239.132, platform=XP, browserConnectionEnabled=false, nativeEvents=true, acceptSslCerts=true, locationContextEnabled=true, webStorageEnabled=true, browserName=chrome, takesScreenshot=true, javascriptEnabled=true, cssSelectorsEnabled=true, setWindowRect=true, unexpectedAlertBehaviour=}]
Session ID: 659781a2c4010c31c8705874a2b4cd4f
*** Element info: {Using=xpath, value=//*[@id=&quot;txtUserName&quot;]})"/>
         <system-out><![CDATA[2018-02-21 19:54:37 - [TEST_CASE][FAILED] - Test Cases/Endorsement Approval/END Appproval: Test Cases/Endorsement Approval/END Appproval FAILED because (of) Unable to set text 'ih.william' of object 'Object Repository/Quote_OR/txtfield_USERNAME' (Root cause: org.openqa.selenium.WebDriverException: chrome not reachable
  (Session info: chrome=63.0.3239.132)
  (Driver info: chromedriver=2.33.506120 (e3e53437346286c0bc2d2dc9aa4915ba81d9023f),platform=Windows NT 6.1.7601 SP1 x86_64) (WARNING: The server did not provide any stacktrace information)
Command duration or timeout: 4.03 seconds
Build info: version: '2.53.0', revision: '35ae25b', time: '2016-03-15 17:00:58'
System info: host: 'CTS-QUA-4', ip: '192.168.0.4', os.name: 'Windows 7', os.arch: 'amd64', os.version: '6.1', java.version: '1.8.0_102'
Driver info: com.kms.katalon.selenium.driver.CChromeDriver
Capabilities [{applicationCacheEnabled=false, rotatable=false, mobileEmulationEnabled=false, networkConnectionEnabled=false, chrome={chromedriverVersion=2.33.506120 (e3e53437346286c0bc2d2dc9aa4915ba81d9023f), userDataDir=C:\Users\GSALUN~1\AppData\Local\Temp\scoped_dir8804_21880}, takesHeapSnapshot=true, pageLoadStrategy=normal, databaseEnabled=false, handlesAlerts=true, hasTouchScreen=false, version=63.0.3239.132, platform=XP, browserConnectionEnabled=false, nativeEvents=true, acceptSslCerts=true, locationContextEnabled=true, webStorageEnabled=true, browserName=chrome, takesScreenshot=true, javascriptEnabled=true, cssSelectorsEnabled=true, setWindowRect=true, unexpectedAlertBehaviour=}]
Session ID: 659781a2c4010c31c8705874a2b4cd4f
*** Element info: {Using=xpath, value=//*[@id="txtUserName"]})

2018-02-21 19:54:37 - [TEST_STEP][FAILED] - com.PPE.Endorsement_Approval.EndorsementApprovedUW: Unable to set text 'ih.william' of object 'Object Repository/Quote_OR/txtfield_USERNAME' (Root cause: org.openqa.selenium.WebDriverException: chrome not reachable
  (Session info: chrome=63.0.3239.132)
  (Driver info: chromedriver=2.33.506120 (e3e53437346286c0bc2d2dc9aa4915ba81d9023f),platform=Windows NT 6.1.7601 SP1 x86_64) (WARNING: The server did not provide any stacktrace information)
Command duration or timeout: 4.03 seconds
Build info: version: '2.53.0', revision: '35ae25b', time: '2016-03-15 17:00:58'
System info: host: 'CTS-QUA-4', ip: '192.168.0.4', os.name: 'Windows 7', os.arch: 'amd64', os.version: '6.1', java.version: '1.8.0_102'
Driver info: com.kms.katalon.selenium.driver.CChromeDriver
Capabilities [{applicationCacheEnabled=false, rotatable=false, mobileEmulationEnabled=false, networkConnectionEnabled=false, chrome={chromedriverVersion=2.33.506120 (e3e53437346286c0bc2d2dc9aa4915ba81d9023f), userDataDir=C:\Users\GSALUN~1\AppData\Local\Temp\scoped_dir8804_21880}, takesHeapSnapshot=true, pageLoadStrategy=normal, databaseEnabled=false, handlesAlerts=true, hasTouchScreen=false, version=63.0.3239.132, platform=XP, browserConnectionEnabled=false, nativeEvents=true, acceptSslCerts=true, locationContextEnabled=true, webStorageEnabled=true, browserName=chrome, takesScreenshot=true, javascriptEnabled=true, cssSelectorsEnabled=true, setWindowRect=true, unexpectedAlertBehaviour=}]
Session ID: 659781a2c4010c31c8705874a2b4cd4f
*** Element info: {Using=xpath, value=//*[@id="txtUserName"]})

2018-02-21 19:54:47 - [MESSAGE][WARNING] - Cannot take screenshot

2018-02-21 19:54:47 - [MESSAGE][FAILED] - Unable to set text 'ih.william' of object 'Object Repository/Quote_OR/txtfield_USERNAME' (Root cause: org.openqa.selenium.WebDriverException: chrome not reachable
  (Session info: chrome=63.0.3239.132)
  (Driver info: chromedriver=2.33.506120 (e3e53437346286c0bc2d2dc9aa4915ba81d9023f),platform=Windows NT 6.1.7601 SP1 x86_64) (WARNING: The server did not provide any stacktrace information)
Command duration or timeout: 4.03 seconds
Build info: version: '2.53.0', revision: '35ae25b', time: '2016-03-15 17:00:58'
System info: host: 'CTS-QUA-4', ip: '192.168.0.4', os.name: 'Windows 7', os.arch: 'amd64', os.version: '6.1', java.version: '1.8.0_102'
Driver info: com.kms.katalon.selenium.driver.CChromeDriver
Capabilities [{applicationCacheEnabled=false, rotatable=false, mobileEmulationEnabled=false, networkConnectionEnabled=false, chrome={chromedriverVersion=2.33.506120 (e3e53437346286c0bc2d2dc9aa4915ba81d9023f), userDataDir=C:\Users\GSALUN~1\AppData\Local\Temp\scoped_dir8804_21880}, takesHeapSnapshot=true, pageLoadStrategy=normal, databaseEnabled=false, handlesAlerts=true, hasTouchScreen=false, version=63.0.3239.132, platform=XP, browserConnectionEnabled=false, nativeEvents=true, acceptSslCerts=true, locationContextEnabled=true, webStorageEnabled=true, browserName=chrome, takesScreenshot=true, javascriptEnabled=true, cssSelectorsEnabled=true, setWindowRect=true, unexpectedAlertBehaviour=}]
Session ID: 659781a2c4010c31c8705874a2b4cd4f
*** Element info: {Using=xpath, value=//*[@id="txtUserName"]})

2018-02-21 19:54:47 - [MESSAGE][FAILED] - Unable to set text 'ih.william' of object 'Object Repository/Quote_OR/txtfield_USERNAME' (Root cause: org.openqa.selenium.WebDriverException: chrome not reachable
  (Session info: chrome=63.0.3239.132)
  (Driver info: chromedriver=2.33.506120 (e3e53437346286c0bc2d2dc9aa4915ba81d9023f),platform=Windows NT 6.1.7601 SP1 x86_64) (WARNING: The server did not provide any stacktrace information)
Command duration or timeout: 4.03 seconds
Build info: version: '2.53.0', revision: '35ae25b', time: '2016-03-15 17:00:58'
System info: host: 'CTS-QUA-4', ip: '192.168.0.4', os.name: 'Windows 7', os.arch: 'amd64', os.version: '6.1', java.version: '1.8.0_102'
Driver info: com.kms.katalon.selenium.driver.CChromeDriver
Capabilities [{applicationCacheEnabled=false, rotatable=false, mobileEmulationEnabled=false, networkConnectionEnabled=false, chrome={chromedriverVersion=2.33.506120 (e3e53437346286c0bc2d2dc9aa4915ba81d9023f), userDataDir=C:\Users\GSALUN~1\AppData\Local\Temp\scoped_dir8804_21880}, takesHeapSnapshot=true, pageLoadStrategy=normal, databaseEnabled=false, handlesAlerts=true, hasTouchScreen=false, version=63.0.3239.132, platform=XP, browserConnectionEnabled=false, nativeEvents=true, acceptSslCerts=true, locationContextEnabled=true, webStorageEnabled=true, browserName=chrome, takesScreenshot=true, javascriptEnabled=true, cssSelectorsEnabled=true, setWindowRect=true, unexpectedAlertBehaviour=}]
Session ID: 659781a2c4010c31c8705874a2b4cd4f
*** Element info: {Using=xpath, value=//*[@id="txtUserName"]})]]></system-out>
         <system-err><![CDATA[2018-02-21 19:54:37 - [TEST_CASE][FAILED] - Test Cases/Endorsement Approval/END Appproval: Test Cases/Endorsement Approval/END Appproval FAILED because (of) Unable to set text 'ih.william' of object 'Object Repository/Quote_OR/txtfield_USERNAME' (Root cause: org.openqa.selenium.WebDriverException: chrome not reachable
  (Session info: chrome=63.0.3239.132)
  (Driver info: chromedriver=2.33.506120 (e3e53437346286c0bc2d2dc9aa4915ba81d9023f),platform=Windows NT 6.1.7601 SP1 x86_64) (WARNING: The server did not provide any stacktrace information)
Command duration or timeout: 4.03 seconds
Build info: version: '2.53.0', revision: '35ae25b', time: '2016-03-15 17:00:58'
System info: host: 'CTS-QUA-4', ip: '192.168.0.4', os.name: 'Windows 7', os.arch: 'amd64', os.version: '6.1', java.version: '1.8.0_102'
Driver info: com.kms.katalon.selenium.driver.CChromeDriver
Capabilities [{applicationCacheEnabled=false, rotatable=false, mobileEmulationEnabled=false, networkConnectionEnabled=false, chrome={chromedriverVersion=2.33.506120 (e3e53437346286c0bc2d2dc9aa4915ba81d9023f), userDataDir=C:\Users\GSALUN~1\AppData\Local\Temp\scoped_dir8804_21880}, takesHeapSnapshot=true, pageLoadStrategy=normal, databaseEnabled=false, handlesAlerts=true, hasTouchScreen=false, version=63.0.3239.132, platform=XP, browserConnectionEnabled=false, nativeEvents=true, acceptSslCerts=true, locationContextEnabled=true, webStorageEnabled=true, browserName=chrome, takesScreenshot=true, javascriptEnabled=true, cssSelectorsEnabled=true, setWindowRect=true, unexpectedAlertBehaviour=}]
Session ID: 659781a2c4010c31c8705874a2b4cd4f
*** Element info: {Using=xpath, value=//*[@id="txtUserName"]})]]></system-err>
      </testcase>
      <testcase name="Test Cases/UW Cancellation/UW CAN" classname="Test Cases/UW Cancellation/UW CAN" status="FAILED">
         <failure type="FAILED" message="Unable to get text of object 'Object Repository/Endorsement_OR/get_POLICYNUMBER' (Root cause: org.openqa.selenium.WebDriverException: chrome not reachable
  (Session info: chrome=63.0.3239.132)
  (Driver info: chromedriver=2.33.506120 (e3e53437346286c0bc2d2dc9aa4915ba81d9023f),platform=Windows NT 6.1.7601 SP1 x86_64) (WARNING: The server did not provide any stacktrace information)
Command duration or timeout: 4.03 seconds
Build info: version: '2.53.0', revision: '35ae25b', time: '2016-03-15 17:00:58'
System info: host: 'CTS-QUA-4', ip: '192.168.0.4', os.name: 'Windows 7', os.arch: 'amd64', os.version: '6.1', java.version: '1.8.0_102'
Driver info: com.kms.katalon.selenium.driver.CChromeDriver
Capabilities [{applicationCacheEnabled=false, rotatable=false, mobileEmulationEnabled=false, networkConnectionEnabled=false, chrome={chromedriverVersion=2.33.506120 (e3e53437346286c0bc2d2dc9aa4915ba81d9023f), userDataDir=C:\Users\GSALUN~1\AppData\Local\Temp\scoped_dir8804_21880}, takesHeapSnapshot=true, pageLoadStrategy=normal, databaseEnabled=false, handlesAlerts=true, hasTouchScreen=false, version=63.0.3239.132, platform=XP, browserConnectionEnabled=false, nativeEvents=true, acceptSslCerts=true, locationContextEnabled=true, webStorageEnabled=true, browserName=chrome, takesScreenshot=true, javascriptEnabled=true, cssSelectorsEnabled=true, setWindowRect=true, unexpectedAlertBehaviour=}]
Session ID: 659781a2c4010c31c8705874a2b4cd4f
*** Element info: {Using=xpath, value=//*[@id=&quot;divApplicationList&quot;]/tr/td[6]})"/>
         <system-out><![CDATA[2018-02-21 19:54:47 - [TEST_CASE][FAILED] - Test Cases/UW Cancellation/UW CAN: Test Cases/UW Cancellation/UW CAN FAILED because (of) Unable to get text of object 'Object Repository/Endorsement_OR/get_POLICYNUMBER' (Root cause: org.openqa.selenium.WebDriverException: chrome not reachable
  (Session info: chrome=63.0.3239.132)
  (Driver info: chromedriver=2.33.506120 (e3e53437346286c0bc2d2dc9aa4915ba81d9023f),platform=Windows NT 6.1.7601 SP1 x86_64) (WARNING: The server did not provide any stacktrace information)
Command duration or timeout: 4.03 seconds
Build info: version: '2.53.0', revision: '35ae25b', time: '2016-03-15 17:00:58'
System info: host: 'CTS-QUA-4', ip: '192.168.0.4', os.name: 'Windows 7', os.arch: 'amd64', os.version: '6.1', java.version: '1.8.0_102'
Driver info: com.kms.katalon.selenium.driver.CChromeDriver
Capabilities [{applicationCacheEnabled=false, rotatable=false, mobileEmulationEnabled=false, networkConnectionEnabled=false, chrome={chromedriverVersion=2.33.506120 (e3e53437346286c0bc2d2dc9aa4915ba81d9023f), userDataDir=C:\Users\GSALUN~1\AppData\Local\Temp\scoped_dir8804_21880}, takesHeapSnapshot=true, pageLoadStrategy=normal, databaseEnabled=false, handlesAlerts=true, hasTouchScreen=false, version=63.0.3239.132, platform=XP, browserConnectionEnabled=false, nativeEvents=true, acceptSslCerts=true, locationContextEnabled=true, webStorageEnabled=true, browserName=chrome, takesScreenshot=true, javascriptEnabled=true, cssSelectorsEnabled=true, setWindowRect=true, unexpectedAlertBehaviour=}]
Session ID: 659781a2c4010c31c8705874a2b4cd4f
*** Element info: {Using=xpath, value=//*[@id="divApplicationList"]/tr/td[6]})

2018-02-21 19:54:47 - [TEST_STEP][FAILED] - com.PPE.Cancellation_UW.CancellationByUW: Unable to get text of object 'Object Repository/Endorsement_OR/get_POLICYNUMBER' (Root cause: org.openqa.selenium.WebDriverException: chrome not reachable
  (Session info: chrome=63.0.3239.132)
  (Driver info: chromedriver=2.33.506120 (e3e53437346286c0bc2d2dc9aa4915ba81d9023f),platform=Windows NT 6.1.7601 SP1 x86_64) (WARNING: The server did not provide any stacktrace information)
Command duration or timeout: 4.03 seconds
Build info: version: '2.53.0', revision: '35ae25b', time: '2016-03-15 17:00:58'
System info: host: 'CTS-QUA-4', ip: '192.168.0.4', os.name: 'Windows 7', os.arch: 'amd64', os.version: '6.1', java.version: '1.8.0_102'
Driver info: com.kms.katalon.selenium.driver.CChromeDriver
Capabilities [{applicationCacheEnabled=false, rotatable=false, mobileEmulationEnabled=false, networkConnectionEnabled=false, chrome={chromedriverVersion=2.33.506120 (e3e53437346286c0bc2d2dc9aa4915ba81d9023f), userDataDir=C:\Users\GSALUN~1\AppData\Local\Temp\scoped_dir8804_21880}, takesHeapSnapshot=true, pageLoadStrategy=normal, databaseEnabled=false, handlesAlerts=true, hasTouchScreen=false, version=63.0.3239.132, platform=XP, browserConnectionEnabled=false, nativeEvents=true, acceptSslCerts=true, locationContextEnabled=true, webStorageEnabled=true, browserName=chrome, takesScreenshot=true, javascriptEnabled=true, cssSelectorsEnabled=true, setWindowRect=true, unexpectedAlertBehaviour=}]
Session ID: 659781a2c4010c31c8705874a2b4cd4f
*** Element info: {Using=xpath, value=//*[@id="divApplicationList"]/tr/td[6]})

2018-02-21 19:54:55 - [MESSAGE][WARNING] - Cannot take screenshot

2018-02-21 19:54:55 - [MESSAGE][FAILED] - Unable to get text of object 'Object Repository/Endorsement_OR/get_POLICYNUMBER' (Root cause: org.openqa.selenium.WebDriverException: chrome not reachable
  (Session info: chrome=63.0.3239.132)
  (Driver info: chromedriver=2.33.506120 (e3e53437346286c0bc2d2dc9aa4915ba81d9023f),platform=Windows NT 6.1.7601 SP1 x86_64) (WARNING: The server did not provide any stacktrace information)
Command duration or timeout: 4.03 seconds
Build info: version: '2.53.0', revision: '35ae25b', time: '2016-03-15 17:00:58'
System info: host: 'CTS-QUA-4', ip: '192.168.0.4', os.name: 'Windows 7', os.arch: 'amd64', os.version: '6.1', java.version: '1.8.0_102'
Driver info: com.kms.katalon.selenium.driver.CChromeDriver
Capabilities [{applicationCacheEnabled=false, rotatable=false, mobileEmulationEnabled=false, networkConnectionEnabled=false, chrome={chromedriverVersion=2.33.506120 (e3e53437346286c0bc2d2dc9aa4915ba81d9023f), userDataDir=C:\Users\GSALUN~1\AppData\Local\Temp\scoped_dir8804_21880}, takesHeapSnapshot=true, pageLoadStrategy=normal, databaseEnabled=false, handlesAlerts=true, hasTouchScreen=false, version=63.0.3239.132, platform=XP, browserConnectionEnabled=false, nativeEvents=true, acceptSslCerts=true, locationContextEnabled=true, webStorageEnabled=true, browserName=chrome, takesScreenshot=true, javascriptEnabled=true, cssSelectorsEnabled=true, setWindowRect=true, unexpectedAlertBehaviour=}]
Session ID: 659781a2c4010c31c8705874a2b4cd4f
*** Element info: {Using=xpath, value=//*[@id="divApplicationList"]/tr/td[6]})

2018-02-21 19:54:55 - [MESSAGE][FAILED] - Unable to get text of object 'Object Repository/Endorsement_OR/get_POLICYNUMBER' (Root cause: org.openqa.selenium.WebDriverException: chrome not reachable
  (Session info: chrome=63.0.3239.132)
  (Driver info: chromedriver=2.33.506120 (e3e53437346286c0bc2d2dc9aa4915ba81d9023f),platform=Windows NT 6.1.7601 SP1 x86_64) (WARNING: The server did not provide any stacktrace information)
Command duration or timeout: 4.03 seconds
Build info: version: '2.53.0', revision: '35ae25b', time: '2016-03-15 17:00:58'
System info: host: 'CTS-QUA-4', ip: '192.168.0.4', os.name: 'Windows 7', os.arch: 'amd64', os.version: '6.1', java.version: '1.8.0_102'
Driver info: com.kms.katalon.selenium.driver.CChromeDriver
Capabilities [{applicationCacheEnabled=false, rotatable=false, mobileEmulationEnabled=false, networkConnectionEnabled=false, chrome={chromedriverVersion=2.33.506120 (e3e53437346286c0bc2d2dc9aa4915ba81d9023f), userDataDir=C:\Users\GSALUN~1\AppData\Local\Temp\scoped_dir8804_21880}, takesHeapSnapshot=true, pageLoadStrategy=normal, databaseEnabled=false, handlesAlerts=true, hasTouchScreen=false, version=63.0.3239.132, platform=XP, browserConnectionEnabled=false, nativeEvents=true, acceptSslCerts=true, locationContextEnabled=true, webStorageEnabled=true, browserName=chrome, takesScreenshot=true, javascriptEnabled=true, cssSelectorsEnabled=true, setWindowRect=true, unexpectedAlertBehaviour=}]
Session ID: 659781a2c4010c31c8705874a2b4cd4f
*** Element info: {Using=xpath, value=//*[@id="divApplicationList"]/tr/td[6]})]]></system-out>
         <system-err><![CDATA[2018-02-21 19:54:47 - [TEST_CASE][FAILED] - Test Cases/UW Cancellation/UW CAN: Test Cases/UW Cancellation/UW CAN FAILED because (of) Unable to get text of object 'Object Repository/Endorsement_OR/get_POLICYNUMBER' (Root cause: org.openqa.selenium.WebDriverException: chrome not reachable
  (Session info: chrome=63.0.3239.132)
  (Driver info: chromedriver=2.33.506120 (e3e53437346286c0bc2d2dc9aa4915ba81d9023f),platform=Windows NT 6.1.7601 SP1 x86_64) (WARNING: The server did not provide any stacktrace information)
Command duration or timeout: 4.03 seconds
Build info: version: '2.53.0', revision: '35ae25b', time: '2016-03-15 17:00:58'
System info: host: 'CTS-QUA-4', ip: '192.168.0.4', os.name: 'Windows 7', os.arch: 'amd64', os.version: '6.1', java.version: '1.8.0_102'
Driver info: com.kms.katalon.selenium.driver.CChromeDriver
Capabilities [{applicationCacheEnabled=false, rotatable=false, mobileEmulationEnabled=false, networkConnectionEnabled=false, chrome={chromedriverVersion=2.33.506120 (e3e53437346286c0bc2d2dc9aa4915ba81d9023f), userDataDir=C:\Users\GSALUN~1\AppData\Local\Temp\scoped_dir8804_21880}, takesHeapSnapshot=true, pageLoadStrategy=normal, databaseEnabled=false, handlesAlerts=true, hasTouchScreen=false, version=63.0.3239.132, platform=XP, browserConnectionEnabled=false, nativeEvents=true, acceptSslCerts=true, locationContextEnabled=true, webStorageEnabled=true, browserName=chrome, takesScreenshot=true, javascriptEnabled=true, cssSelectorsEnabled=true, setWindowRect=true, unexpectedAlertBehaviour=}]
Session ID: 659781a2c4010c31c8705874a2b4cd4f
*** Element info: {Using=xpath, value=//*[@id="divApplicationList"]/tr/td[6]})]]></system-err>
      </testcase>
      <system-out><![CDATA[2018-02-21 19:39:29 - [TEST_SUITE][FAILED] - PPE: Test Cases/Agent Endorsment Req/Agent END FAILED because (of) Unable to get text of object 'Object Repository/ENDORSEMENT_AGENT_OR/get_POLICYNUMBER' (Root cause: com.kms.katalon.core.webui.exception.WebElementNotFoundException: Web element with id: 'Object Repository/ENDORSEMENT_AGENT_OR/get_POLICYNUMBER' located by 'By.xpath: //*[@id="divApplicationList"]/tr/td[3] ' not found)]]></system-out>
      <system-err><![CDATA[2018-02-21 19:39:29 - [TEST_SUITE][FAILED] - PPE: Test Cases/Agent Endorsment Req/Agent END FAILED because (of) Unable to get text of object 'Object Repository/ENDORSEMENT_AGENT_OR/get_POLICYNUMBER' (Root cause: com.kms.katalon.core.webui.exception.WebElementNotFoundException: Web element with id: 'Object Repository/ENDORSEMENT_AGENT_OR/get_POLICYNUMBER' located by 'By.xpath: //*[@id="divApplicationList"]/tr/td[3] ' not found)]]></system-err>
   </testsuite>
</testsuites>
