<?xml version="1.0" encoding="UTF-8"?>
<testsuites name="PPE" time="522" tests="1" failures="3" errors="0">
   <testsuite name="PPE" tests="1" failures="3" errors="0" time="522" timestamp="2018-02-13 16:37:25" hostname="gsalunkhe - CTS-QUA-4.cogitate.india" id="Test Suites/PPE">
      <properties>
         <property name="deviceName" value=""/>
         <property name="devicePlatform" value=""/>
         <property name="logFolder" value="D:\\Katalon_Practice_Workspace\\Katalon_PPE_GANESH\\Reports\\PPE\\20180213_163723"/>
         <property name="logFiles" value="D:\\Katalon_Practice_Workspace\\Katalon_PPE_GANESH\\Reports\\PPE\\20180213_163723\\execution0.log"/>
         <property name="attachments" value="D:\\Katalon_Practice_Workspace\\Katalon_PPE_GANESH\\Reports\\PPE\\20180213_163723\\1518520502618.png, D:\\Katalon_Practice_Workspace\\Katalon_PPE_GANESH\\Reports\\PPE\\20180213_163723\\1518520534648.png, D:\\Katalon_Practice_Workspace\\Katalon_PPE_GANESH\\Reports\\PPE\\20180213_163723\\1518520566220.png"/>
         <property name="hostName" value="gsalunkhe - CTS-QUA-4.cogitate.india"/>
         <property name="os" value="Windows 7 64bit"/>
         <property name="katalonVersion" value="5.0.1.1"/>
         <property name="browser" value="Chrome 63.0.3239.132"/>
         <property name="hostAddress" value="192.168.0.4"/>
         <property name="sessionId" value="ef262db06dcb5cef261036a197a2af7f"/>
         <property name="seleniumVersion" value="2.53.0"/>
         <property name="proxyInformation" value="ProxyInformation{proxyOption=NO_PROXY, proxyServerType=, password=, proxyServerAddress=, proxyServerPort=0}"/>
         <property name="platform" value="Windows 7"/>
      </properties>
      <testcase name="Test Cases/QUOTE_CREATION" classname="Test Cases/QUOTE_CREATION" status="PASSED">
         <system-out><![CDATA[2018-02-13 16:37:26 - [TEST_CASE][PASSED] - Test Cases/QUOTE_CREATION: Test Cases/QUOTE_CREATION

2018-02-13 16:37:26 - [TEST_STEP][PASSED] - Statement - propertyDataRowCounter = 0: null

2018-02-13 16:37:26 - [TEST_STEP][PASSED] - Statement - configDataRowCounter = 0: null

2018-02-13 16:37:26 - [TEST_STEP][PASSED] - Statement - genericDATA = com.kms.katalon.core.testdata.TestDataFactory.findTestData(PPE_Config_File): Test data is internal data, reading internal data

2018-02-13 16:37:26 - [TEST_STEP][PASSED] - Statement - propertyDATA = com.kms.katalon.core.testdata.TestDataFactory.findTestData(PPEPROPERTYDATA): Test data is internal data, reading internal data

2018-02-13 16:37:26 - [TEST_STEP][PASSED] - com.PPE.url_Navigation.gotoURL: com.PPE.url_Navigation.gotoURL is PASSED

2018-02-13 16:37:33 - [MESSAGE][PASSED] - Browser is opened with url: 'http://test.cogitate.us/PPE.Test/'

2018-02-13 16:37:33 - [MESSAGE][PASSED] - Wait for page load successfully

2018-02-13 16:37:34 - [MESSAGE][PASSED] - Current window maximized

2018-02-13 16:37:34 - [MESSAGE][PASSED] - com.PPE.url_Navigation.gotoURL is PASSED

2018-02-13 16:37:34 - [TEST_STEP][PASSED] - com.PPE.IncorrectLogin.login: com.PPE.IncorrectLogin.login is PASSED

2018-02-13 16:37:35 - [MESSAGE][PASSED] - Text '125634' is set on object 'Object Repository/Quote_OR/txtfield_USERNAME'

2018-02-13 16:37:35 - [MESSAGE][PASSED] - Text '10#Hammer' is set on object 'Object Repository/Quote_OR/txtfield_PASSWORD'

2018-02-13 16:37:36 - [MESSAGE][PASSED] - Object: 'Object Repository/Quote_OR/btn-LOGIN' is clicked on

2018-02-13 16:37:42 - [MESSAGE][PASSED] - Delayed 6 second(s)

2018-02-13 16:37:42 - [MESSAGE][PASSED] - Text 'ih.chelms' is set on object 'Object Repository/Quote_OR/txtfield_USERNAME'

2018-02-13 16:37:42 - [MESSAGE][PASSED] - Text '123456' is set on object 'Object Repository/Quote_OR/txtfield_PASSWORD'

2018-02-13 16:37:43 - [MESSAGE][PASSED] - Object: 'Object Repository/Quote_OR/btn-LOGIN' is clicked on

2018-02-13 16:37:49 - [MESSAGE][PASSED] - Delayed 6 second(s)

2018-02-13 16:37:49 - [MESSAGE][PASSED] - Text 'ih.jbutler' is set on object 'Object Repository/Quote_OR/txtfield_USERNAME'

2018-02-13 16:37:50 - [MESSAGE][PASSED] - Text '123456' is set on object 'Object Repository/Quote_OR/txtfield_PASSWORD'

2018-02-13 16:37:50 - [MESSAGE][PASSED] - Object: 'Object Repository/Quote_OR/btn-LOGIN' is clicked on

2018-02-13 16:37:56 - [MESSAGE][PASSED] - Delayed 6 second(s)

2018-02-13 16:37:56 - [MESSAGE][PASSED] - Text 'Ganesh' is set on object 'Object Repository/Quote_OR/txtfield_USERNAME'

2018-02-13 16:37:57 - [MESSAGE][PASSED] - Text 'Salunkhe' is set on object 'Object Repository/Quote_OR/txtfield_PASSWORD'

2018-02-13 16:37:57 - [MESSAGE][PASSED] - Object: 'Object Repository/Quote_OR/btn-LOGIN' is clicked on

2018-02-13 16:38:03 - [MESSAGE][PASSED] - Delayed 6 second(s)

2018-02-13 16:38:04 - [MESSAGE][PASSED] - Text 'ih.william' is set on object 'Object Repository/Quote_OR/txtfield_USERNAME'

2018-02-13 16:38:04 - [MESSAGE][PASSED] - Text 'ih.chelms' is set on object 'Object Repository/Quote_OR/txtfield_PASSWORD'

2018-02-13 16:38:04 - [MESSAGE][PASSED] - Object: 'Object Repository/Quote_OR/btn-LOGIN' is clicked on

2018-02-13 16:38:10 - [MESSAGE][PASSED] - Delayed 6 second(s)

2018-02-13 16:38:10 - [MESSAGE][PASSED] - com.PPE.IncorrectLogin.login is PASSED

2018-02-13 16:38:10 - [TEST_STEP][PASSED] - com.PPE.Login.correctlogin: com.PPE.Login.correctlogin is PASSED

2018-02-13 16:38:11 - [MESSAGE][PASSED] - Text 'ih.chelms' is set on object 'Object Repository/Quote_OR/txtfield_USERNAME'

2018-02-13 16:38:11 - [MESSAGE][PASSED] - Text '10#Hammer' is set on object 'Object Repository/Quote_OR/txtfield_PASSWORD'

2018-02-13 16:38:13 - [MESSAGE][PASSED] - Object: 'Object Repository/Quote_OR/btn-LOGIN' is clicked on

2018-02-13 16:38:13 - [MESSAGE][PASSED] - com.PPE.Login.correctlogin is PASSED

2018-02-13 16:38:13 - [TEST_STEP][PASSED] - Statement - If (genericDATA.internallyGetValue("STATE", configDataRowCounter) == "GA"): Text '1668 Thornton Pl SW Atlanta, GA 30315 USA' is set on object 'Object Repository/Quote_OR/txtfield_ADDRESS_ON_LANDING_PAGE'

2018-02-13 16:38:13 - [TEST_STEP][PASSED] - setText: Text '1668 Thornton Pl SW Atlanta, GA 30315 USA' is set on object 'Object Repository/Quote_OR/txtfield_ADDRESS_ON_LANDING_PAGE'

2018-02-13 16:38:14 - [MESSAGE][PASSED] - Text '1668 Thornton Pl SW Atlanta, GA 30315 USA' is set on object 'Object Repository/Quote_OR/txtfield_ADDRESS_ON_LANDING_PAGE'

2018-02-13 16:38:14 - [TEST_STEP][PASSED] - click: Object: 'Object Repository/Quote_OR/btn_SEARCH_ADDRESS' is clicked on

2018-02-13 16:38:22 - [MESSAGE][PASSED] - Object: 'Object Repository/Quote_OR/btn_SEARCH_ADDRESS' is clicked on

2018-02-13 16:38:22 - [TEST_STEP][PASSED] - waitForPageLoad: Wait for page load successfully

2018-02-13 16:38:22 - [MESSAGE][PASSED] - Wait for page load successfully

2018-02-13 16:38:22 - [TEST_STEP][PASSED] - com.PPE.QuotePropertyDataSelection.QuoteCreation: com.PPE.QuotePropertyDataSelection.QuoteCreation is PASSED

2018-02-13 16:38:22 - [MESSAGE][PASSED] - All options with index in [1] are selected on object 'Object Repository/Quote_OR/drp_PROPERTY_TYPE'

2018-02-13 16:38:22 - [MESSAGE][PASSED] - Text '' is set on object 'Object Repository/Quote_OR/txtfield_HOME_VALUATION'

2018-02-13 16:38:23 - [MESSAGE][PASSED] - Object: 'Object Repository/Quote_OR/btn_GETQUOTE' is clicked on

2018-02-13 16:38:23 - [MESSAGE][PASSED] - All options with index in [2] are selected on object 'Object Repository/Quote_OR/drp_CONSTRUCTION_TYPE'

2018-02-13 16:38:23 - [MESSAGE][PASSED] - Text '75000' is set on object 'Object Repository/Quote_OR/txtfield_HOME_VALUATION'

2018-02-13 16:38:25 - [MESSAGE][PASSED] - Delayed 2 second(s)

2018-02-13 16:38:25 - [MESSAGE][PASSED] - Text '' is set on object 'Object Repository/Quote_OR/txtbx_YEARHOMEBUILD'

2018-02-13 16:38:25 - [MESSAGE][PASSED] - Object: 'Object Repository/Quote_OR/btn_GETQUOTE' is clicked on

2018-02-13 16:38:26 - [MESSAGE][PASSED] - Text '1968' is set on object 'Object Repository/Quote_OR/txtbx_YEARHOMEBUILD'

2018-02-13 16:38:26 - [MESSAGE][PASSED] - Object: 'Object Repository/Quote_OR/btn_GETQUOTE' is clicked on

2018-02-13 16:38:30 - [MESSAGE][PASSED] - Delayed 4 second(s)

2018-02-13 16:38:30 - [MESSAGE][PASSED] - Object: 'Object Repository/Quote_OR/btn_SENDQUOTE' is clicked on

2018-02-13 16:38:31 - [MESSAGE][PASSED] - Delayed 1 second(s)

2018-02-13 16:38:31 - [MESSAGE][PASSED] - Object: 'Object Repository/Quote_OR/btn_SEND_QUOTE_DETAILS' is clicked on

2018-02-13 16:38:32 - [MESSAGE][PASSED] - Delayed 1 second(s)

2018-02-13 16:38:32 - [MESSAGE][PASSED] - Text 'Nitin' is set on object 'Object Repository/Quote_OR/txtfield_SENDQUOTE_FIRSTNAME'

2018-02-13 16:38:33 - [MESSAGE][PASSED] - Text 'Pattinson' is set on object 'Object Repository/Quote_OR/txtfield_SENDQUOTE_LASTNAME'

2018-02-13 16:38:36 - [MESSAGE][PASSED] - Delayed 3 second(s)

2018-02-13 16:38:36 - [MESSAGE][PASSED] - Text '9768180080' is set on object 'Object Repository/Quote_OR/txtfield_SENDQUOTE_CONTACTNUMBER'

2018-02-13 16:38:39 - [MESSAGE][PASSED] - Delayed 3 second(s)

2018-02-13 16:38:39 - [MESSAGE][PASSED] - Text 'gsalunkhe@cogitate.us' is set on object 'Object Repository/Quote_OR/txtfield_SENDQUOTE_EMAIL'

2018-02-13 16:38:43 - [MESSAGE][PASSED] - Delayed 4 second(s)

2018-02-13 16:38:43 - [MESSAGE][PASSED] - Object: 'Object Repository/Quote_OR/btn_SEND_QUOTE_DETAILS' is clicked on

2018-02-13 16:38:47 - [MESSAGE][PASSED] - Delayed 4 second(s)

2018-02-13 16:38:48 - [MESSAGE][PASSED] - All options with index in [1] are selected on object 'Object Repository/Quote_OR/drp_CONSTRUCTION_TYPE'

2018-02-13 16:38:56 - [MESSAGE][PASSED] - Delayed 8 second(s)

2018-02-13 16:38:56 - [MESSAGE][PASSED] - Object: 'Object Repository/Quote_OR/btn_RECALCULATE_PREMIUM' is clicked on

2018-02-13 16:38:56 - [MESSAGE][PASSED] - com.PPE.QuotePropertyDataSelection.QuoteCreation is PASSED]]></system-out>
         <system-err><![CDATA[]]></system-err>
      </testcase>
      <testcase name="Test Cases/APPLICATION_CREATION" classname="Test Cases/APPLICATION_CREATION" status="FAILED">
         <failure type="FAILED" message="Unable to click on object 'Object Repository/Application_OR/btn_VIEW_POLICY_FORMS' (Root cause: com.kms.katalon.core.webui.exception.WebElementNotFoundException: Web element with id: 'Object Repository/Application_OR/btn_VIEW_POLICY_FORMS' located by 'By.xpath: html/body/div[2]/div/section/div[1]/div[2]/form/button' not found)"/>
         <system-out><![CDATA[2018-02-13 16:38:56 - [TEST_CASE][FAILED] - Test Cases/APPLICATION_CREATION: Test Cases/APPLICATION_CREATION FAILED because (of) Unable to click on object 'Object Repository/Application_OR/btn_VIEW_POLICY_FORMS' (Root cause: com.kms.katalon.core.webui.exception.WebElementNotFoundException: Web element with id: 'Object Repository/Application_OR/btn_VIEW_POLICY_FORMS' located by 'By.xpath: html/body/div[2]/div/section/div[1]/div[2]/form/button' not found)

2018-02-13 16:38:56 - [TEST_STEP][PASSED] - Statement - propertyDataRowCounter = 0: null

2018-02-13 16:38:56 - [TEST_STEP][PASSED] - Statement - configDataRowCounter = 0: null

2018-02-13 16:38:56 - [TEST_STEP][PASSED] - Statement - genericDATA = com.kms.katalon.core.testdata.TestDataFactory.findTestData(PPE_Config_File): Test data is internal data, reading internal data

2018-02-13 16:38:56 - [TEST_STEP][PASSED] - Statement - propertyDATA = com.kms.katalon.core.testdata.TestDataFactory.findTestData(PPEPROPERTYDATA): Test data is internal data, reading internal data

2018-02-13 16:38:56 - [TEST_STEP][PASSED] - Statement - Address = com.kms.katalon.core.testobject.ObjectRepository.findTestObject(Endorsement_OR/get_Address): Finding Test Object with id 'Object Repository/Endorsement_OR/get_Address'

2018-02-13 16:38:56 - [TEST_STEP][PASSED] - Statement - propertyaddress = com.kms.katalon.core.webui.keyword.WebUiBuiltInKeywords.getAttribute(Address, "value"): Attribute 'value' of object 'Object Repository/Endorsement_OR/get_Address' is: '1668 Thornton Pl SW, Atlanta, GA 30315, USA'

2018-02-13 16:38:56 - [MESSAGE][PASSED] - Attribute 'value' of object 'Object Repository/Endorsement_OR/get_Address' is: '1668 Thornton Pl SW, Atlanta, GA 30315, USA'

2018-02-13 16:38:56 - [TEST_STEP][PASSED] - Statement - println(propertyaddress): null

2018-02-13 16:38:56 - [TEST_STEP][PASSED] - Statement - propertyaddress = propertyaddress: null

2018-02-13 16:38:56 - [TEST_STEP][PASSED] - com.PPE.Saving_PolicyHolderInfo_Page.PolicyHolderPage: com.PPE.Saving_PolicyHolderInfo_Page.PolicyHolderPage is PASSED

2018-02-13 16:39:00 - [MESSAGE][PASSED] - Delayed 4 second(s)

2018-02-13 16:39:01 - [MESSAGE][PASSED] - Object: 'Object Repository/Application_OR/btn_TOAPPLICATION' is clicked on

2018-02-13 16:39:05 - [MESSAGE][PASSED] - Delayed 4 second(s)

2018-02-13 16:39:05 - [MESSAGE][PASSED] - Object: 'Object Repository/Application_OR/btn-YES_IS_BNESS_PREMISES' is clicked on

2018-02-13 16:39:07 - [MESSAGE][PASSED] - Delayed 2 second(s)

2018-02-13 16:39:07 - [MESSAGE][PASSED] - Object: 'Object Repository/Application_OR/btn-YES_FOOT_TRAFFIC' is clicked on

2018-02-13 16:39:09 - [MESSAGE][PASSED] - Delayed 2 second(s)

2018-02-13 16:39:09 - [MESSAGE][PASSED] - Text '11' is set on object 'Object Repository/Application_OR/txtfield-Traffic_Percentage'

2018-02-13 16:39:12 - [MESSAGE][PASSED] - Delayed 3 second(s)

2018-02-13 16:39:13 - [MESSAGE][PASSED] - Object: 'Object Repository/Application_OR/btn_CONTINUE_UW_QUESTIONS' is clicked on

2018-02-13 16:39:16 - [MESSAGE][PASSED] - Delayed 3 second(s)

2018-02-13 16:39:16 - [MESSAGE][PASSED] - Text '10' is set on object 'Object Repository/Application_OR/txtfield-Traffic_Percentage'

2018-02-13 16:39:20 - [MESSAGE][PASSED] - Delayed 4 second(s)

2018-02-13 16:39:20 - [MESSAGE][PASSED] - Object: 'Object Repository/Application_OR/btn_CONTINUE_UW_QUESTIONS' is clicked on

2018-02-13 16:39:23 - [MESSAGE][PASSED] - Delayed 3 second(s)

2018-02-13 16:39:23 - [MESSAGE][PASSED] - Object: 'Object Repository/Application_OR/txtfield_INSURED_FIRSTNAME' is clicked on

2018-02-13 16:39:23 - [MESSAGE][PASSED] - Text '' is set on object 'Object Repository/Application_OR/txtfield_INSURED_FIRSTNAME'

2018-02-13 16:39:23 - [MESSAGE][PASSED] - Text 'David' is set on object 'Object Repository/Application_OR/txtfield_INSURED_FIRSTNAME'

2018-02-13 16:39:23 - [MESSAGE][PASSED] - Text '' is set on object 'Object Repository/Application_OR/txtfield_INSURED_MIDDLENAME'

2018-02-13 16:39:23 - [MESSAGE][PASSED] - Text 'Faf' is set on object 'Object Repository/Application_OR/txtfield_INSURED_MIDDLENAME'

2018-02-13 16:39:24 - [MESSAGE][PASSED] - Text '' is set on object 'Object Repository/Application_OR/txtfield_INSURED_LASTNAME'

2018-02-13 16:39:24 - [MESSAGE][PASSED] - Text 'Duminy' is set on object 'Object Repository/Application_OR/txtfield_INSURED_LASTNAME'

2018-02-13 16:39:24 - [MESSAGE][PASSED] - Text '09/10/1999' is set on object 'Object Repository/Application_OR/txtfield_INSURED_DOB'

2018-02-13 16:39:29 - [MESSAGE][PASSED] - Delayed 5 second(s)

2018-02-13 16:39:29 - [MESSAGE][PASSED] - Text 'gsalunkhe@cogitate.us' is set on object 'Object Repository/Application_OR/txtfield_INSURED_EMAIL'

2018-02-13 16:39:34 - [MESSAGE][PASSED] - Delayed 5 second(s)

2018-02-13 16:39:35 - [MESSAGE][PASSED] - Text '9768180080' is set on object 'Object Repository/Application_OR/txtfield_INSURED_CONTACTNUMBER'

2018-02-13 16:39:40 - [MESSAGE][PASSED] - Delayed 5 second(s)

2018-02-13 16:39:40 - [MESSAGE][PASSED] - Attribute 'value' of object 'Object Repository/Generic_OR/hdnPolicyInfoId' is: '3181'

2018-02-13 16:39:40 - [MESSAGE][PASSED] - Object: 'Object Repository/Application_OR/btn_POLICYHOLDER_SAVEANDCONTINUE' is clicked on

2018-02-13 16:39:41 - [MESSAGE][PASSED] - Delayed 1 second(s)

2018-02-13 16:39:41 - [MESSAGE][PASSED] - com.PPE.Saving_PolicyHolderInfo_Page.PolicyHolderPage is PASSED

2018-02-13 16:39:41 - [TEST_STEP][PASSED] - com.PPE.Saving_PropertyInfo_Page.PropertyPage: com.PPE.Saving_PropertyInfo_Page.PropertyPage is PASSED

2018-02-13 16:39:41 - [MESSAGE][PASSED] - Object: 'Object Repository/Application_OR/drp_ROOFTYPE_PROPERTYPAGE' is clicked on

2018-02-13 16:39:45 - [MESSAGE][PASSED] - Delayed 3 second(s)

2018-02-13 16:39:45 - [MESSAGE][PASSED] - All options with index in [1] are selected on object 'Object Repository/Application_OR/drp_ROOFTYPE_PROPERTYPAGE'

2018-02-13 16:39:47 - [MESSAGE][PASSED] - Delayed 2 second(s)

2018-02-13 16:39:47 - [MESSAGE][PASSED] - All options with index in [3] are selected on object 'Object Repository/Application_OR/drp_FOUNDATIONTYPE_PROPERTYPAGE'

2018-02-13 16:39:49 - [MESSAGE][PASSED] - Delayed 2 second(s)

2018-02-13 16:39:49 - [MESSAGE][PASSED] - All options with index in [7] are selected on object 'Object Repository/Application_OR/drp_HEATINGTYPE_PROPERTYPAGE'

2018-02-13 16:39:54 - [MESSAGE][PASSED] - Delayed 5 second(s)

2018-02-13 16:39:54 - [MESSAGE][PASSED] - Object: 'Object Repository/Application_OR/btn_OCCUPANYPAGE_SAVEANDCONTINUE' is clicked on

2018-02-13 16:39:58 - [MESSAGE][PASSED] - Delayed 4 second(s)

2018-02-13 16:39:58 - [MESSAGE][PASSED] - Object: 'Object Repository/Application_OR/btn_YES_ROOFAGE_POPUP' is clicked on

2018-02-13 16:40:02 - [MESSAGE][PASSED] - Delayed 4 second(s)

2018-02-13 16:40:03 - [MESSAGE][PASSED] - Object: 'Object Repository/Application_OR/btn_YES_ELECTRICALAGE_POPUP' is clicked on

2018-02-13 16:40:07 - [MESSAGE][PASSED] - Delayed 4 second(s)

2018-02-13 16:40:07 - [MESSAGE][PASSED] - Object: 'Object Repository/Application_OR/btn_YES_ELECTRICALAGE_POPUP' is clicked on

2018-02-13 16:40:12 - [MESSAGE][PASSED] - Delayed 5 second(s)

2018-02-13 16:40:12 - [MESSAGE][PASSED] - com.PPE.Saving_PropertyInfo_Page.PropertyPage is PASSED

2018-02-13 16:40:12 - [TEST_STEP][PASSED] - com.PPE.Policy_Creation.ApplicationBind: com.PPE.Policy_Creation.ApplicationBind is PASSED

2018-02-13 16:40:13 - [MESSAGE][PASSED] - Object: 'Object Repository/Application_OR/btn_OCCUPANYPAGE_SAVEANDCONTINUE' is clicked on

2018-02-13 16:40:18 - [MESSAGE][PASSED] - Delayed 5 second(s)

2018-02-13 16:40:18 - [MESSAGE][PASSED] - Object 'Object Repository/Application_OR/chkbx_AGREEMENT' is checked

2018-02-13 16:40:28 - [MESSAGE][PASSED] - Delayed 10 second(s)

2018-02-13 16:40:28 - [MESSAGE][PASSED] - Object: 'Object Repository/Application_OR/btn_OCCUPANYPAGE_SAVEANDCONTINUE' is clicked on

2018-02-13 16:40:33 - [MESSAGE][PASSED] - Delayed 5 second(s)

2018-02-13 16:40:46 - [MESSAGE][PASSED] - Object: 'Object Repository/Application_OR/btn_SIGNAPPLICATION_AGENT' is clicked on

2018-02-13 16:40:51 - [MESSAGE][PASSED] - Delayed 5 second(s)

2018-02-13 16:40:51 - [MESSAGE][PASSED] - Text of object 'Object Repository/Application_OR/get_INSUREDNAME_APPLICATION FORMSUMMARY' is: 'David Faf Duminy'

2018-02-13 16:40:51 - [MESSAGE][PASSED] - Object: 'Object Repository/Application_OR/btn_INSURED_SIGNATURE' is clicked on

2018-02-13 16:40:56 - [MESSAGE][PASSED] - Delayed 5 second(s)

2018-02-13 16:40:56 - [MESSAGE][PASSED] - Object: 'Object Repository/Application_OR/txtbx_INSURED_SIGNATURE' is clicked on

2018-02-13 16:41:01 - [MESSAGE][PASSED] - Delayed 5 second(s)

2018-02-13 16:41:02 - [MESSAGE][PASSED] - Text 'David Faf Duminy' is set on object 'Object Repository/Application_OR/txtbx_INSURED_SIGNATURE'

2018-02-13 16:41:02 - [MESSAGE][PASSED] - Object: 'Object Repository/Application_OR/btn_SUBMIT_INSURED_SIGNATURE' is clicked on

2018-02-13 16:41:02 - [MESSAGE][PASSED] - com.PPE.Policy_Creation.ApplicationBind is PASSED

2018-02-13 16:41:02 - [TEST_STEP][PASSED] - Statement - otpQuery = "SELECT TOP 1 OtpGenerated FROM PPE_ApplicationForms_trn where PolicyInfoId = " + policyInfoId + " Order BY ModifiedDateTime DESC": null

2018-02-13 16:41:02 - [TEST_STEP][PASSED] - Statement - println("otpQuery" + " " + otpQuery): null

2018-02-13 16:41:02 - [TEST_STEP][PASSED] - com.PPE.Database_Connection.connectDB: com.PPE.Database_Connection.connectDB is PASSED

2018-02-13 16:41:03 - [MESSAGE][PASSED] - com.PPE.Database_Connection.connectDB is PASSED

2018-02-13 16:41:03 - [TEST_STEP][PASSED] - Statement - recordset = CustomKeywords.com.PPE.Database_Connection.executeQuery(otpQuery): com.PPE.Database_Connection.executeQuery is PASSED

2018-02-13 16:41:04 - [MESSAGE][PASSED] - com.PPE.Database_Connection.executeQuery is PASSED

2018-02-13 16:41:04 - [TEST_STEP][PASSED] - Statement - otp = 0: null

2018-02-13 16:41:04 - [TEST_STEP][PASSED] - Statement - While (recordset.next()): null

2018-02-13 16:41:04 - [TEST_STEP][PASSED] - Statement - otp = recordset.getObject("OtpGenerated"): null

2018-02-13 16:41:04 - [TEST_STEP][PASSED] - Statement - println("otp" + " " + otp): null

2018-02-13 16:41:04 - [TEST_STEP][PASSED] - delay: Delayed 10 second(s)

2018-02-13 16:41:14 - [MESSAGE][PASSED] - Delayed 10 second(s)

2018-02-13 16:41:14 - [TEST_STEP][PASSED] - Statement - txtOtp = com.kms.katalon.core.testobject.ObjectRepository.findTestObject(Application_OR/txtfield-OTP): Finding Test Object with id 'Object Repository/Application_OR/txtfield-OTP'

2018-02-13 16:41:14 - [TEST_STEP][PASSED] - setText: Text '4061' is set on object 'Object Repository/Application_OR/txtfield-OTP'

2018-02-13 16:41:14 - [MESSAGE][PASSED] - Text '4061' is set on object 'Object Repository/Application_OR/txtfield-OTP'

2018-02-13 16:41:14 - [TEST_STEP][PASSED] - delay: Delayed 1 second(s)

2018-02-13 16:41:15 - [MESSAGE][PASSED] - Delayed 1 second(s)

2018-02-13 16:41:15 - [TEST_STEP][PASSED] - click: Object: 'Object Repository/Application_OR/btn_OTP_VERIFY' is clicked on

2018-02-13 16:41:15 - [MESSAGE][PASSED] - Object: 'Object Repository/Application_OR/btn_OTP_VERIFY' is clicked on

2018-02-13 16:41:15 - [TEST_STEP][PASSED] - delay: Delayed 5 second(s)

2018-02-13 16:41:20 - [MESSAGE][PASSED] - Delayed 5 second(s)

2018-02-13 16:41:20 - [TEST_STEP][PASSED] - click: Object: 'Object Repository/Application_OR/btn_AGENT_SIGNATURE' is clicked on

2018-02-13 16:41:20 - [MESSAGE][PASSED] - Object: 'Object Repository/Application_OR/btn_AGENT_SIGNATURE' is clicked on

2018-02-13 16:41:20 - [TEST_STEP][PASSED] - delay: Delayed 2 second(s)

2018-02-13 16:41:22 - [MESSAGE][PASSED] - Delayed 2 second(s)

2018-02-13 16:41:22 - [TEST_STEP][PASSED] - click: Object: 'Object Repository/Application_OR/txtbx_AGENT_SIGNATURE' is clicked on

2018-02-13 16:41:22 - [MESSAGE][PASSED] - Object: 'Object Repository/Application_OR/txtbx_AGENT_SIGNATURE' is clicked on

2018-02-13 16:41:22 - [TEST_STEP][PASSED] - delay: Delayed 2 second(s)

2018-02-13 16:41:24 - [MESSAGE][PASSED] - Delayed 2 second(s)

2018-02-13 16:41:24 - [TEST_STEP][PASSED] - Statement - If (genericDATA.internallyGetValue("STATE", configDataRowCounter) == "GA"): Text 'Clement Helms' is set on object 'Object Repository/Application_OR/txtbx_AGENT_SIGNATURE'

2018-02-13 16:41:24 - [TEST_STEP][PASSED] - setText: Text 'Clement Helms' is set on object 'Object Repository/Application_OR/txtbx_AGENT_SIGNATURE'

2018-02-13 16:41:25 - [MESSAGE][PASSED] - Text 'Clement Helms' is set on object 'Object Repository/Application_OR/txtbx_AGENT_SIGNATURE'

2018-02-13 16:41:25 - [TEST_STEP][PASSED] - click: Object: 'Object Repository/Application_OR/btn_SUBMIT_AGENT_SIGNATURE' is clicked on

2018-02-13 16:41:25 - [MESSAGE][PASSED] - Object: 'Object Repository/Application_OR/btn_SUBMIT_AGENT_SIGNATURE' is clicked on

2018-02-13 16:41:25 - [TEST_STEP][PASSED] - delay: Delayed 5 second(s)

2018-02-13 16:41:30 - [MESSAGE][PASSED] - Delayed 5 second(s)

2018-02-13 16:41:30 - [TEST_STEP][PASSED] - click: Object: 'Object Repository/Application_OR/btn_SURPLUSLINE_ACK' is clicked on

2018-02-13 16:41:32 - [MESSAGE][PASSED] - Object: 'Object Repository/Application_OR/btn_SURPLUSLINE_ACK' is clicked on

2018-02-13 16:41:32 - [TEST_STEP][PASSED] - delay: Delayed 5 second(s)

2018-02-13 16:41:37 - [MESSAGE][PASSED] - Delayed 5 second(s)

2018-02-13 16:41:37 - [TEST_STEP][PASSED] - Statement - If (genericDATA.internallyGetValue("STATE", configDataRowCounter) == "GA"): Object: 'Object Repository/Application_OR/btn_SUBMIT_SURPLUSLINE' is clicked on

2018-02-13 16:41:37 - [TEST_STEP][PASSED] - click: Object: 'Object Repository/Application_OR/txtfield_SURPLUSLINE_FORM_TEXT' is clicked on

2018-02-13 16:41:37 - [MESSAGE][PASSED] - Object: 'Object Repository/Application_OR/txtfield_SURPLUSLINE_FORM_TEXT' is clicked on

2018-02-13 16:41:37 - [TEST_STEP][PASSED] - delay: Delayed 2 second(s)

2018-02-13 16:41:39 - [MESSAGE][PASSED] - Delayed 2 second(s)

2018-02-13 16:41:39 - [TEST_STEP][PASSED] - setText: Text 'Testing' is set on object 'Object Repository/Application_OR/txtfield_SURPLUSLINE_FORM_TEXT'

2018-02-13 16:41:39 - [MESSAGE][PASSED] - Text 'Testing' is set on object 'Object Repository/Application_OR/txtfield_SURPLUSLINE_FORM_TEXT'

2018-02-13 16:41:39 - [TEST_STEP][PASSED] - delay: Delayed 2 second(s)

2018-02-13 16:41:41 - [MESSAGE][PASSED] - Delayed 2 second(s)

2018-02-13 16:41:41 - [TEST_STEP][PASSED] - click: Object: 'Object Repository/Application_OR/btn_SUBMIT_SURPLUSLINE' is clicked on

2018-02-13 16:41:41 - [MESSAGE][PASSED] - Object: 'Object Repository/Application_OR/btn_SUBMIT_SURPLUSLINE' is clicked on

2018-02-13 16:41:41 - [TEST_STEP][PASSED] - delay: Delayed 5 second(s)

2018-02-13 16:41:46 - [MESSAGE][PASSED] - Delayed 5 second(s)

2018-02-13 16:41:46 - [TEST_STEP][PASSED] - click: Object: 'Object Repository/Application_OR/btn_SUBMIT_FOR_UW_APPROVAL' is clicked on

2018-02-13 16:41:52 - [MESSAGE][PASSED] - Object: 'Object Repository/Application_OR/btn_SUBMIT_FOR_UW_APPROVAL' is clicked on

2018-02-13 16:41:52 - [TEST_STEP][PASSED] - delay: Delayed 8 second(s)

2018-02-13 16:42:00 - [MESSAGE][PASSED] - Delayed 8 second(s)

2018-02-13 16:42:00 - [TEST_STEP][PASSED] - click: Object: 'Object Repository/Application_OR/btn_LOGOUT' is clicked on

2018-02-13 16:42:06 - [MESSAGE][PASSED] - Object: 'Object Repository/Application_OR/btn_LOGOUT' is clicked on

2018-02-13 16:42:06 - [TEST_STEP][PASSED] - delay: Delayed 5 second(s)

2018-02-13 16:42:11 - [MESSAGE][PASSED] - Delayed 5 second(s)

2018-02-13 16:42:11 - [TEST_STEP][PASSED] - setText: Text 'ih.william' is set on object 'Object Repository/Quote_OR/txtfield_USERNAME'

2018-02-13 16:42:12 - [MESSAGE][PASSED] - Text 'ih.william' is set on object 'Object Repository/Quote_OR/txtfield_USERNAME'

2018-02-13 16:42:12 - [TEST_STEP][PASSED] - setText: Text '10#Hammer' is set on object 'Object Repository/Quote_OR/txtfield_PASSWORD'

2018-02-13 16:42:12 - [MESSAGE][PASSED] - Text '10#Hammer' is set on object 'Object Repository/Quote_OR/txtfield_PASSWORD'

2018-02-13 16:42:12 - [TEST_STEP][PASSED] - click: Object: 'Object Repository/Quote_OR/btn-LOGIN' is clicked on

2018-02-13 16:42:18 - [MESSAGE][PASSED] - Object: 'Object Repository/Quote_OR/btn-LOGIN' is clicked on

2018-02-13 16:42:18 - [TEST_STEP][PASSED] - delay: Delayed 5 second(s)

2018-02-13 16:42:23 - [MESSAGE][PASSED] - Delayed 5 second(s)

2018-02-13 16:42:23 - [TEST_STEP][PASSED] - Statement - btnId = "//*[@id="btnLoadApplication_" + policyInfoId + ""]": null

2018-02-13 16:42:23 - [TEST_STEP][PASSED] - Statement - btnViewApplication = new com.kms.katalon.core.testobject.TestObject(btnViewApplication): null

2018-02-13 16:42:23 - [TEST_STEP][PASSED] - Statement - btnViewApplication.addProperty("xpath", EQUALS, btnId, true): null

2018-02-13 16:42:23 - [TEST_STEP][PASSED] - delay: Delayed 20 second(s)

2018-02-13 16:42:43 - [MESSAGE][PASSED] - Delayed 20 second(s)

2018-02-13 16:42:43 - [TEST_STEP][PASSED] - click: Object: 'btnViewApplication' is clicked on

2018-02-13 16:42:50 - [MESSAGE][PASSED] - Object: 'btnViewApplication' is clicked on

2018-02-13 16:42:50 - [TEST_STEP][PASSED] - delay: Delayed 8 second(s)

2018-02-13 16:42:58 - [MESSAGE][PASSED] - Delayed 8 second(s)

2018-02-13 16:42:58 - [TEST_STEP][PASSED] - click: Object: 'Object Repository/Application_OR/btn_DOWNLOAD_AFS_UW' is clicked on

2018-02-13 16:43:03 - [MESSAGE][PASSED] - Object: 'Object Repository/Application_OR/btn_DOWNLOAD_AFS_UW' is clicked on

2018-02-13 16:43:03 - [TEST_STEP][PASSED] - delay: Delayed 5 second(s)

2018-02-13 16:43:08 - [MESSAGE][PASSED] - Delayed 5 second(s)

2018-02-13 16:43:08 - [TEST_STEP][PASSED] - click: Object: 'Object Repository/Application_OR/btn_REVIEW_APPLICATION_AT_UW' is clicked on

2018-02-13 16:43:09 - [MESSAGE][PASSED] - Object: 'Object Repository/Application_OR/btn_REVIEW_APPLICATION_AT_UW' is clicked on

2018-02-13 16:43:09 - [TEST_STEP][PASSED] - delay: Delayed 5 second(s)

2018-02-13 16:43:14 - [MESSAGE][PASSED] - Delayed 5 second(s)

2018-02-13 16:43:14 - [TEST_STEP][PASSED] - setText: Text '111' is set on object 'Object Repository/Application_OR/txtfield_INSPECTION_FEE'

2018-02-13 16:43:14 - [MESSAGE][PASSED] - Text '111' is set on object 'Object Repository/Application_OR/txtfield_INSPECTION_FEE'

2018-02-13 16:43:14 - [TEST_STEP][PASSED] - delay: Delayed 3 second(s)

2018-02-13 16:43:17 - [MESSAGE][PASSED] - Delayed 3 second(s)

2018-02-13 16:43:17 - [TEST_STEP][PASSED] - click: Object: 'Object Repository/Application_OR/drp_NO_OF_MORTAGAGEE' is clicked on

2018-02-13 16:43:17 - [MESSAGE][PASSED] - Object: 'Object Repository/Application_OR/drp_NO_OF_MORTAGAGEE' is clicked on

2018-02-13 16:43:17 - [TEST_STEP][PASSED] - delay: Delayed 3 second(s)

2018-02-13 16:43:20 - [MESSAGE][PASSED] - Delayed 3 second(s)

2018-02-13 16:43:20 - [TEST_STEP][PASSED] - selectOptionByIndex: All options with index in [1] are selected on object 'Object Repository/Application_OR/drp_NO_OF_MORTAGAGEE'

2018-02-13 16:43:20 - [MESSAGE][PASSED] - All options with index in [1] are selected on object 'Object Repository/Application_OR/drp_NO_OF_MORTAGAGEE'

2018-02-13 16:43:20 - [TEST_STEP][PASSED] - delay: Delayed 3 second(s)

2018-02-13 16:43:23 - [MESSAGE][PASSED] - Delayed 3 second(s)

2018-02-13 16:43:23 - [TEST_STEP][PASSED] - click: Object: 'Object Repository/Application_OR/btn_OCCUPANYPAGE_SAVEANDCONTINUE' is clicked on

2018-02-13 16:43:24 - [MESSAGE][PASSED] - Object: 'Object Repository/Application_OR/btn_OCCUPANYPAGE_SAVEANDCONTINUE' is clicked on

2018-02-13 16:43:24 - [TEST_STEP][PASSED] - delay: Delayed 3 second(s)

2018-02-13 16:43:27 - [MESSAGE][PASSED] - Delayed 3 second(s)

2018-02-13 16:43:27 - [TEST_STEP][PASSED] - setText: Text 'Ricky Ponting' is set on object 'Object Repository/Application_OR/txtfield_Mortagagee_Name1'

2018-02-13 16:43:27 - [MESSAGE][PASSED] - Text 'Ricky Ponting' is set on object 'Object Repository/Application_OR/txtfield_Mortagagee_Name1'

2018-02-13 16:43:27 - [TEST_STEP][PASSED] - delay: Delayed 3 second(s)

2018-02-13 16:43:30 - [MESSAGE][PASSED] - Delayed 3 second(s)

2018-02-13 16:43:30 - [TEST_STEP][PASSED] - setText: Text '1870 5th Ave W Macon, GA 31201 USA' is set on object 'Object Repository/Application_OR/txtfield_Mortagagee_Address'

2018-02-13 16:43:30 - [MESSAGE][PASSED] - Text '1870 5th Ave W Macon, GA 31201 USA' is set on object 'Object Repository/Application_OR/txtfield_Mortagagee_Address'

2018-02-13 16:43:30 - [TEST_STEP][PASSED] - delay: Delayed 3 second(s)

2018-02-13 16:43:33 - [MESSAGE][PASSED] - Delayed 3 second(s)

2018-02-13 16:43:33 - [TEST_STEP][PASSED] - setText: Text '123456789ABCD' is set on object 'Object Repository/Application_OR/txtfield_Mortagagee_LoanNo'

2018-02-13 16:43:34 - [MESSAGE][PASSED] - Text '123456789ABCD' is set on object 'Object Repository/Application_OR/txtfield_Mortagagee_LoanNo'

2018-02-13 16:43:34 - [TEST_STEP][PASSED] - delay: Delayed 3 second(s)

2018-02-13 16:43:37 - [MESSAGE][PASSED] - Delayed 3 second(s)

2018-02-13 16:43:37 - [TEST_STEP][PASSED] - click: Object: 'Object Repository/Application_OR/btn_OCCUPANYPAGE_SAVEANDCONTINUE' is clicked on

2018-02-13 16:43:42 - [MESSAGE][PASSED] - Object: 'Object Repository/Application_OR/btn_OCCUPANYPAGE_SAVEANDCONTINUE' is clicked on

2018-02-13 16:43:42 - [TEST_STEP][PASSED] - delay: Delayed 4 second(s)

2018-02-13 16:43:46 - [MESSAGE][PASSED] - Delayed 4 second(s)

2018-02-13 16:43:46 - [TEST_STEP][PASSED] - click: Object: 'Object Repository/Application_OR/btn_SIGNAPPLICATION_AGENT' is clicked on

2018-02-13 16:43:52 - [MESSAGE][PASSED] - Object: 'Object Repository/Application_OR/btn_SIGNAPPLICATION_AGENT' is clicked on

2018-02-13 16:43:52 - [TEST_STEP][PASSED] - delay: Delayed 4 second(s)

2018-02-13 16:43:56 - [MESSAGE][PASSED] - Delayed 4 second(s)

2018-02-13 16:43:56 - [TEST_STEP][PASSED] - click: Object: 'Object Repository/Application_OR/btn_GENERATE_FORMS' is clicked on

2018-02-13 16:44:01 - [MESSAGE][PASSED] - Object: 'Object Repository/Application_OR/btn_GENERATE_FORMS' is clicked on

2018-02-13 16:44:01 - [TEST_STEP][PASSED] - delay: Delayed 5 second(s)

2018-02-13 16:44:06 - [MESSAGE][PASSED] - Delayed 5 second(s)

2018-02-13 16:44:06 - [TEST_STEP][PASSED] - click: Object: 'Object Repository/Application_OR/btn_REQUEST_FOR_BIND' is clicked on

2018-02-13 16:44:11 - [MESSAGE][PASSED] - Object: 'Object Repository/Application_OR/btn_REQUEST_FOR_BIND' is clicked on

2018-02-13 16:44:11 - [TEST_STEP][PASSED] - delay: Delayed 20 second(s)

2018-02-13 16:44:31 - [MESSAGE][PASSED] - Delayed 20 second(s)

2018-02-13 16:44:31 - [TEST_STEP][FAILED] - click: Unable to click on object 'Object Repository/Application_OR/btn_VIEW_POLICY_FORMS' (Root cause: com.kms.katalon.core.webui.exception.WebElementNotFoundException: Web element with id: 'Object Repository/Application_OR/btn_VIEW_POLICY_FORMS' located by 'By.xpath: html/body/div[2]/div/section/div[1]/div[2]/form/button' not found)

2018-02-13 16:45:03 - [MESSAGE][FAILED] - Unable to click on object 'Object Repository/Application_OR/btn_VIEW_POLICY_FORMS' (Root cause: com.kms.katalon.core.webui.exception.WebElementNotFoundException: Web element with id: 'Object Repository/Application_OR/btn_VIEW_POLICY_FORMS' located by 'By.xpath: html/body/div[2]/div/section/div[1]/div[2]/form/button' not found)
[[ATTACHMENT|D:\\Katalon_Practice_Workspace\\Katalon_PPE_GANESH\\Reports\\PPE\\20180213_163723\\1518520502618.png]]]]></system-out>
         <system-err><![CDATA[2018-02-13 16:38:56 - [TEST_CASE][FAILED] - Test Cases/APPLICATION_CREATION: Test Cases/APPLICATION_CREATION FAILED because (of) Unable to click on object 'Object Repository/Application_OR/btn_VIEW_POLICY_FORMS' (Root cause: com.kms.katalon.core.webui.exception.WebElementNotFoundException: Web element with id: 'Object Repository/Application_OR/btn_VIEW_POLICY_FORMS' located by 'By.xpath: html/body/div[2]/div/section/div[1]/div[2]/form/button' not found)]]></system-err>
      </testcase>
      <testcase name="Test Cases/ENDORSEMENT_CREATION" classname="Test Cases/ENDORSEMENT_CREATION" status="FAILED">
         <failure type="FAILED" message="Unable to click on object 'Object Repository/Endorsement_OR/btn_ADVANCE_FILTER' (Root cause: com.kms.katalon.core.webui.exception.WebElementNotFoundException: Web element with id: 'Object Repository/Endorsement_OR/btn_ADVANCE_FILTER' located by 'By.xpath: //*[@id=&quot;btnAdvanceFilter&quot;]/label' not found)"/>
         <system-out><![CDATA[2018-02-13 16:45:03 - [TEST_CASE][FAILED] - Test Cases/ENDORSEMENT_CREATION: Test Cases/ENDORSEMENT_CREATION FAILED because (of) Unable to click on object 'Object Repository/Endorsement_OR/btn_ADVANCE_FILTER' (Root cause: com.kms.katalon.core.webui.exception.WebElementNotFoundException: Web element with id: 'Object Repository/Endorsement_OR/btn_ADVANCE_FILTER' located by 'By.xpath: //*[@id="btnAdvanceFilter"]/label' not found)

2018-02-13 16:45:03 - [TEST_STEP][FAILED] - com.PPE.Endorsement_UW.EndorsementByUW: Unable to click on object 'Object Repository/Endorsement_OR/btn_ADVANCE_FILTER' (Root cause: com.kms.katalon.core.webui.exception.WebElementNotFoundException: Web element with id: 'Object Repository/Endorsement_OR/btn_ADVANCE_FILTER' located by 'By.xpath: //*[@id="btnAdvanceFilter"]/label' not found)

2018-02-13 16:45:34 - [MESSAGE][FAILED] - Unable to click on object 'Object Repository/Endorsement_OR/btn_ADVANCE_FILTER' (Root cause: com.kms.katalon.core.webui.exception.WebElementNotFoundException: Web element with id: 'Object Repository/Endorsement_OR/btn_ADVANCE_FILTER' located by 'By.xpath: //*[@id="btnAdvanceFilter"]/label' not found)
[[ATTACHMENT|D:\\Katalon_Practice_Workspace\\Katalon_PPE_GANESH\\Reports\\PPE\\20180213_163723\\1518520534648.png]]

2018-02-13 16:45:34 - [MESSAGE][FAILED] - Unable to click on object 'Object Repository/Endorsement_OR/btn_ADVANCE_FILTER' (Root cause: com.kms.katalon.core.webui.exception.WebElementNotFoundException: Web element with id: 'Object Repository/Endorsement_OR/btn_ADVANCE_FILTER' located by 'By.xpath: //*[@id="btnAdvanceFilter"]/label' not found)]]></system-out>
         <system-err><![CDATA[2018-02-13 16:45:03 - [TEST_CASE][FAILED] - Test Cases/ENDORSEMENT_CREATION: Test Cases/ENDORSEMENT_CREATION FAILED because (of) Unable to click on object 'Object Repository/Endorsement_OR/btn_ADVANCE_FILTER' (Root cause: com.kms.katalon.core.webui.exception.WebElementNotFoundException: Web element with id: 'Object Repository/Endorsement_OR/btn_ADVANCE_FILTER' located by 'By.xpath: //*[@id="btnAdvanceFilter"]/label' not found)]]></system-err>
      </testcase>
      <testcase name="Test Cases/AGENT_ENDORSEMENT_REQUEST" classname="Test Cases/AGENT_ENDORSEMENT_REQUEST" status="FAILED">
         <failure type="FAILED" message="Unable to set text 'ih.chelms' of object 'Object Repository/Quote_OR/txtfield_USERNAME' (Root cause: com.kms.katalon.core.webui.exception.WebElementNotFoundException: Web element with id: 'Object Repository/Quote_OR/txtfield_USERNAME' located by 'By.xpath: //*[@id=&quot;txtUserName&quot;]' not found)"/>
         <system-out><![CDATA[2018-02-13 16:45:35 - [TEST_CASE][FAILED] - Test Cases/AGENT_ENDORSEMENT_REQUEST: Test Cases/AGENT_ENDORSEMENT_REQUEST FAILED because (of) Unable to set text 'ih.chelms' of object 'Object Repository/Quote_OR/txtfield_USERNAME' (Root cause: com.kms.katalon.core.webui.exception.WebElementNotFoundException: Web element with id: 'Object Repository/Quote_OR/txtfield_USERNAME' located by 'By.xpath: //*[@id="txtUserName"]' not found)

2018-02-13 16:45:35 - [TEST_STEP][FAILED] - com.PPE.Endorsement_Agent.EndorsementByUW: Unable to set text 'ih.chelms' of object 'Object Repository/Quote_OR/txtfield_USERNAME' (Root cause: com.kms.katalon.core.webui.exception.WebElementNotFoundException: Web element with id: 'Object Repository/Quote_OR/txtfield_USERNAME' located by 'By.xpath: //*[@id="txtUserName"]' not found)

2018-02-13 16:46:06 - [MESSAGE][FAILED] - Unable to set text 'ih.chelms' of object 'Object Repository/Quote_OR/txtfield_USERNAME' (Root cause: com.kms.katalon.core.webui.exception.WebElementNotFoundException: Web element with id: 'Object Repository/Quote_OR/txtfield_USERNAME' located by 'By.xpath: //*[@id="txtUserName"]' not found)
[[ATTACHMENT|D:\\Katalon_Practice_Workspace\\Katalon_PPE_GANESH\\Reports\\PPE\\20180213_163723\\1518520566220.png]]

2018-02-13 16:46:06 - [MESSAGE][FAILED] - Unable to set text 'ih.chelms' of object 'Object Repository/Quote_OR/txtfield_USERNAME' (Root cause: com.kms.katalon.core.webui.exception.WebElementNotFoundException: Web element with id: 'Object Repository/Quote_OR/txtfield_USERNAME' located by 'By.xpath: //*[@id="txtUserName"]' not found)]]></system-out>
         <system-err><![CDATA[2018-02-13 16:45:35 - [TEST_CASE][FAILED] - Test Cases/AGENT_ENDORSEMENT_REQUEST: Test Cases/AGENT_ENDORSEMENT_REQUEST FAILED because (of) Unable to set text 'ih.chelms' of object 'Object Repository/Quote_OR/txtfield_USERNAME' (Root cause: com.kms.katalon.core.webui.exception.WebElementNotFoundException: Web element with id: 'Object Repository/Quote_OR/txtfield_USERNAME' located by 'By.xpath: //*[@id="txtUserName"]' not found)]]></system-err>
      </testcase>
      <system-out><![CDATA[2018-02-13 16:37:25 - [TEST_SUITE][FAILED] - PPE: Test Cases/APPLICATION_CREATION FAILED because (of) Unable to click on object 'Object Repository/Application_OR/btn_VIEW_POLICY_FORMS' (Root cause: com.kms.katalon.core.webui.exception.WebElementNotFoundException: Web element with id: 'Object Repository/Application_OR/btn_VIEW_POLICY_FORMS' located by 'By.xpath: html/body/div[2]/div/section/div[1]/div[2]/form/button' not found)]]></system-out>
      <system-err><![CDATA[2018-02-13 16:37:25 - [TEST_SUITE][FAILED] - PPE: Test Cases/APPLICATION_CREATION FAILED because (of) Unable to click on object 'Object Repository/Application_OR/btn_VIEW_POLICY_FORMS' (Root cause: com.kms.katalon.core.webui.exception.WebElementNotFoundException: Web element with id: 'Object Repository/Application_OR/btn_VIEW_POLICY_FORMS' located by 'By.xpath: html/body/div[2]/div/section/div[1]/div[2]/form/button' not found)]]></system-err>
   </testsuite>
</testsuites>
