<?xml version="1.0" encoding="UTF-8"?>
<testsuites name="PPE" time="107" tests="0" failures="3" errors="0">
   <testsuite name="PPE" tests="0" failures="3" errors="0" time="107" timestamp="2018-02-05 14:42:07" hostname="gsalunkhe - CTS-QUA-4.cogitate.india" id="Test Suites/PPE">
      <properties>
         <property name="deviceName" value=""/>
         <property name="devicePlatform" value=""/>
         <property name="logFolder" value="D:\\Katalon_Practice_Workspace\\Katalon_PPE_GANESH\\Reports\\PPE\\20180205_144205"/>
         <property name="logFiles" value="D:\\Katalon_Practice_Workspace\\Katalon_PPE_GANESH\\Reports\\PPE\\20180205_144205\\execution0.log"/>
         <property name="attachments" value="D:\\Katalon_Practice_Workspace\\Katalon_PPE_GANESH\\Reports\\PPE\\20180205_144205\\1517821981801.png, D:\\Katalon_Practice_Workspace\\Katalon_PPE_GANESH\\Reports\\PPE\\20180205_144205\\1517822017352.png"/>
         <property name="hostName" value="gsalunkhe - CTS-QUA-4.cogitate.india"/>
         <property name="os" value="Windows 7 64bit"/>
         <property name="katalonVersion" value="5.0.1.1"/>
         <property name="browser" value="Chrome 63.0.3239.132"/>
         <property name="hostAddress" value="192.168.0.4"/>
         <property name="sessionId" value="5ba0b37413b1770acbedab90d7cbfbb7"/>
         <property name="seleniumVersion" value="2.53.0"/>
         <property name="proxyInformation" value="ProxyInformation{proxyOption=NO_PROXY, proxyServerType=HTTP, password=, proxyServerAddress=, proxyServerPort=0}"/>
         <property name="platform" value="Windows 7"/>
      </properties>
      <testcase name="Test Cases/QUOTE_CREATION" classname="Test Cases/QUOTE_CREATION" status="FAILED">
         <failure type="FAILED" message="Unable to set text '123456' of object 'Object Repository/Quote_OR/txtfield_PASSWORD' (Root cause: com.kms.katalon.core.webui.exception.WebElementNotFoundException: Web element with id: 'Object Repository/Quote_OR/txtfield_PASSWORD' located by 'By.xpath: //input[count(. | //*[@id = 'txtPassword']) = count(//*[@id = 'txtPassword'])][count(. | //*[@type = 'password']) = count(//*[@type = 'password'])][count(. | //*[@placeholder = 'Password']) = count(//*[@placeholder = 'Password'])][count(. | //*[@name = 'password']) = count(//*[@name = 'password'])][count(. | //*[@class = 'form-control']) = count(//*[@class = 'form-control'])][count(. | //*[@maxlength = '25']) = count(//*[@maxlength = '25'])][count(. | //*[@autocomplete = 'new-password']) = count(//*[@autocomplete = 'new-password'])][count(. | id(&quot;txtPassword&quot;)) = count(id(&quot;txtPassword&quot;))]' not found)"/>
         <system-out><![CDATA[2018-02-05 14:42:07 - [TEST_CASE][FAILED] - Test Cases/QUOTE_CREATION: Test Cases/QUOTE_CREATION FAILED because (of) Unable to set text '123456' of object 'Object Repository/Quote_OR/txtfield_PASSWORD' (Root cause: com.kms.katalon.core.webui.exception.WebElementNotFoundException: Web element with id: 'Object Repository/Quote_OR/txtfield_PASSWORD' located by 'By.xpath: //input[count(. | //*[@id = 'txtPassword']) = count(//*[@id = 'txtPassword'])][count(. | //*[@type = 'password']) = count(//*[@type = 'password'])][count(. | //*[@placeholder = 'Password']) = count(//*[@placeholder = 'Password'])][count(. | //*[@name = 'password']) = count(//*[@name = 'password'])][count(. | //*[@class = 'form-control']) = count(//*[@class = 'form-control'])][count(. | //*[@maxlength = '25']) = count(//*[@maxlength = '25'])][count(. | //*[@autocomplete = 'new-password']) = count(//*[@autocomplete = 'new-password'])][count(. | id("txtPassword")) = count(id("txtPassword"))]' not found)

2018-02-05 14:42:08 - [TEST_STEP][PASSED] - Statement - propertyDataRowCounter = 0: null

2018-02-05 14:42:08 - [TEST_STEP][PASSED] - Statement - configDataRowCounter = 0: null

2018-02-05 14:42:08 - [TEST_STEP][PASSED] - Statement - genericDATA = com.kms.katalon.core.testdata.TestDataFactory.findTestData(PPE_Config_File): Test data is internal data, reading internal data

2018-02-05 14:42:08 - [TEST_STEP][PASSED] - Statement - propertyDATA = com.kms.katalon.core.testdata.TestDataFactory.findTestData(PPEPROPERTYDATA): Test data is internal data, reading internal data

2018-02-05 14:42:08 - [TEST_STEP][PASSED] - Statement - obj = data.get(propertyDataRowCounter): null

2018-02-05 14:42:08 - [TEST_STEP][PASSED] - Statement - obj.toString().replace("N", "Y"): null

2018-02-05 14:42:08 - [TEST_STEP][PASSED] - Statement - data.add(obj): null

2018-02-05 14:42:08 - [TEST_STEP][PASSED] - Statement - println(obj): null

2018-02-05 14:42:08 - [TEST_STEP][PASSED] - com.PPE.url_Navigation.gotoURL: com.PPE.url_Navigation.gotoURL is PASSED

2018-02-05 14:42:20 - [MESSAGE][PASSED] - Browser is opened with url: 'http://13.90.102.191:8066/'

2018-02-05 14:42:20 - [MESSAGE][PASSED] - Wait for page load successfully

2018-02-05 14:42:21 - [MESSAGE][PASSED] - Current window maximized

2018-02-05 14:42:21 - [MESSAGE][PASSED] - com.PPE.url_Navigation.gotoURL is PASSED

2018-02-05 14:42:21 - [TEST_STEP][FAILED] - com.PPE.IncorrectLogin.login: Unable to set text '123456' of object 'Object Repository/Quote_OR/txtfield_PASSWORD' (Root cause: com.kms.katalon.core.webui.exception.WebElementNotFoundException: Web element with id: 'Object Repository/Quote_OR/txtfield_PASSWORD' located by 'By.xpath: //input[count(. | //*[@id = 'txtPassword']) = count(//*[@id = 'txtPassword'])][count(. | //*[@type = 'password']) = count(//*[@type = 'password'])][count(. | //*[@placeholder = 'Password']) = count(//*[@placeholder = 'Password'])][count(. | //*[@name = 'password']) = count(//*[@name = 'password'])][count(. | //*[@class = 'form-control']) = count(//*[@class = 'form-control'])][count(. | //*[@maxlength = '25']) = count(//*[@maxlength = '25'])][count(. | //*[@autocomplete = 'new-password']) = count(//*[@autocomplete = 'new-password'])][count(. | id("txtPassword")) = count(id("txtPassword"))]' not found)

2018-02-05 14:42:21 - [MESSAGE][PASSED] - Text '125634' is set on object 'Object Repository/Quote_OR/txtfield_USERNAME'

2018-02-05 14:42:22 - [MESSAGE][PASSED] - Text '10#Hammer' is set on object 'Object Repository/Quote_OR/txtfield_PASSWORD'

2018-02-05 14:42:24 - [MESSAGE][PASSED] - Object: 'Object Repository/Quote_OR/btn-LOGIN' is clicked on

2018-02-05 14:42:30 - [MESSAGE][PASSED] - Delayed 6 second(s)

2018-02-05 14:42:30 - [MESSAGE][PASSED] - Text 'ih.chelms' is set on object 'Object Repository/Quote_OR/txtfield_USERNAME'

2018-02-05 14:43:02 - [MESSAGE][FAILED] - Unable to set text '123456' of object 'Object Repository/Quote_OR/txtfield_PASSWORD' (Root cause: com.kms.katalon.core.webui.exception.WebElementNotFoundException: Web element with id: 'Object Repository/Quote_OR/txtfield_PASSWORD' located by 'By.xpath: //input[count(. | //*[@id = 'txtPassword']) = count(//*[@id = 'txtPassword'])][count(. | //*[@type = 'password']) = count(//*[@type = 'password'])][count(. | //*[@placeholder = 'Password']) = count(//*[@placeholder = 'Password'])][count(. | //*[@name = 'password']) = count(//*[@name = 'password'])][count(. | //*[@class = 'form-control']) = count(//*[@class = 'form-control'])][count(. | //*[@maxlength = '25']) = count(//*[@maxlength = '25'])][count(. | //*[@autocomplete = 'new-password']) = count(//*[@autocomplete = 'new-password'])][count(. | id("txtPassword")) = count(id("txtPassword"))]' not found)
[[ATTACHMENT|D:\\Katalon_Practice_Workspace\\Katalon_PPE_GANESH\\Reports\\PPE\\20180205_144205\\1517821981801.png]]

2018-02-05 14:43:02 - [MESSAGE][FAILED] - Unable to set text '123456' of object 'Object Repository/Quote_OR/txtfield_PASSWORD' (Root cause: com.kms.katalon.core.webui.exception.WebElementNotFoundException: Web element with id: 'Object Repository/Quote_OR/txtfield_PASSWORD' located by 'By.xpath: //input[count(. | //*[@id = 'txtPassword']) = count(//*[@id = 'txtPassword'])][count(. | //*[@type = 'password']) = count(//*[@type = 'password'])][count(. | //*[@placeholder = 'Password']) = count(//*[@placeholder = 'Password'])][count(. | //*[@name = 'password']) = count(//*[@name = 'password'])][count(. | //*[@class = 'form-control']) = count(//*[@class = 'form-control'])][count(. | //*[@maxlength = '25']) = count(//*[@maxlength = '25'])][count(. | //*[@autocomplete = 'new-password']) = count(//*[@autocomplete = 'new-password'])][count(. | id("txtPassword")) = count(id("txtPassword"))]' not found)]]></system-out>
         <system-err><![CDATA[2018-02-05 14:42:07 - [TEST_CASE][FAILED] - Test Cases/QUOTE_CREATION: Test Cases/QUOTE_CREATION FAILED because (of) Unable to set text '123456' of object 'Object Repository/Quote_OR/txtfield_PASSWORD' (Root cause: com.kms.katalon.core.webui.exception.WebElementNotFoundException: Web element with id: 'Object Repository/Quote_OR/txtfield_PASSWORD' located by 'By.xpath: //input[count(. | //*[@id = 'txtPassword']) = count(//*[@id = 'txtPassword'])][count(. | //*[@type = 'password']) = count(//*[@type = 'password'])][count(. | //*[@placeholder = 'Password']) = count(//*[@placeholder = 'Password'])][count(. | //*[@name = 'password']) = count(//*[@name = 'password'])][count(. | //*[@class = 'form-control']) = count(//*[@class = 'form-control'])][count(. | //*[@maxlength = '25']) = count(//*[@maxlength = '25'])][count(. | //*[@autocomplete = 'new-password']) = count(//*[@autocomplete = 'new-password'])][count(. | id("txtPassword")) = count(id("txtPassword"))]' not found)]]></system-err>
      </testcase>
      <testcase name="Test Cases/APPLICATION_CREATION" classname="Test Cases/APPLICATION_CREATION" status="FAILED">
         <failure type="FAILED" message="Unable to click on object 'Object Repository/Application_OR/btn_TOAPPLICATION' (Root cause: com.kms.katalon.core.webui.exception.WebElementNotFoundException: Web element with id: 'Object Repository/Application_OR/btn_TOAPPLICATION' located by 'By.xpath: //*[@id=&quot;btnToApplication&quot;]' not found)"/>
         <system-out><![CDATA[2018-02-05 14:43:02 - [TEST_CASE][FAILED] - Test Cases/APPLICATION_CREATION: Test Cases/APPLICATION_CREATION FAILED because (of) Unable to click on object 'Object Repository/Application_OR/btn_TOAPPLICATION' (Root cause: com.kms.katalon.core.webui.exception.WebElementNotFoundException: Web element with id: 'Object Repository/Application_OR/btn_TOAPPLICATION' located by 'By.xpath: //*[@id="btnToApplication"]' not found)

2018-02-05 14:43:02 - [TEST_STEP][PASSED] - Statement - propertyDataRowCounter = 0: null

2018-02-05 14:43:02 - [TEST_STEP][PASSED] - Statement - configDataRowCounter = 0: null

2018-02-05 14:43:02 - [TEST_STEP][PASSED] - Statement - genericDATA = com.kms.katalon.core.testdata.TestDataFactory.findTestData(PPE_Config_File): Test data is internal data, reading internal data

2018-02-05 14:43:02 - [TEST_STEP][PASSED] - Statement - propertyDATA = com.kms.katalon.core.testdata.TestDataFactory.findTestData(PPEPROPERTYDATA): Test data is internal data, reading internal data

2018-02-05 14:43:02 - [TEST_STEP][FAILED] - com.PPE.Saving_PolicyHolderInfo_Page.PolicyHolderPage: Unable to click on object 'Object Repository/Application_OR/btn_TOAPPLICATION' (Root cause: com.kms.katalon.core.webui.exception.WebElementNotFoundException: Web element with id: 'Object Repository/Application_OR/btn_TOAPPLICATION' located by 'By.xpath: //*[@id="btnToApplication"]' not found)

2018-02-05 14:43:06 - [MESSAGE][PASSED] - Delayed 4 second(s)

2018-02-05 14:43:37 - [MESSAGE][FAILED] - Unable to click on object 'Object Repository/Application_OR/btn_TOAPPLICATION' (Root cause: com.kms.katalon.core.webui.exception.WebElementNotFoundException: Web element with id: 'Object Repository/Application_OR/btn_TOAPPLICATION' located by 'By.xpath: //*[@id="btnToApplication"]' not found)
[[ATTACHMENT|D:\\Katalon_Practice_Workspace\\Katalon_PPE_GANESH\\Reports\\PPE\\20180205_144205\\1517822017352.png]]

2018-02-05 14:43:37 - [MESSAGE][FAILED] - Unable to click on object 'Object Repository/Application_OR/btn_TOAPPLICATION' (Root cause: com.kms.katalon.core.webui.exception.WebElementNotFoundException: Web element with id: 'Object Repository/Application_OR/btn_TOAPPLICATION' located by 'By.xpath: //*[@id="btnToApplication"]' not found)]]></system-out>
         <system-err><![CDATA[2018-02-05 14:43:02 - [TEST_CASE][FAILED] - Test Cases/APPLICATION_CREATION: Test Cases/APPLICATION_CREATION FAILED because (of) Unable to click on object 'Object Repository/Application_OR/btn_TOAPPLICATION' (Root cause: com.kms.katalon.core.webui.exception.WebElementNotFoundException: Web element with id: 'Object Repository/Application_OR/btn_TOAPPLICATION' located by 'By.xpath: //*[@id="btnToApplication"]' not found)]]></system-err>
      </testcase>
      <testcase name="Test Cases/ENDORSEMENT_CREATION" classname="Test Cases/ENDORSEMENT_CREATION" status="FAILED">
         <failure type="FAILED" message="Unable to click on object 'Object Repository/Endorsement_OR/btn_ADVANCE_FILTER' (Root cause: java.lang.NullPointerException)"/>
         <system-out><![CDATA[2018-02-05 14:43:37 - [TEST_CASE][FAILED] - Test Cases/ENDORSEMENT_CREATION: Test Cases/ENDORSEMENT_CREATION FAILED because (of) Unable to click on object 'Object Repository/Endorsement_OR/btn_ADVANCE_FILTER' (Root cause: java.lang.NullPointerException)

2018-02-05 14:43:37 - [TEST_STEP][FAILED] - click: Unable to click on object 'Object Repository/Endorsement_OR/btn_ADVANCE_FILTER' (Root cause: java.lang.NullPointerException)

2018-02-05 14:43:53 - [MESSAGE][WARNING] - Cannot take screenshot

2018-02-05 14:43:53 - [MESSAGE][FAILED] - Unable to click on object 'Object Repository/Endorsement_OR/btn_ADVANCE_FILTER' (Root cause: java.lang.NullPointerException)]]></system-out>
         <system-err><![CDATA[2018-02-05 14:43:37 - [TEST_CASE][FAILED] - Test Cases/ENDORSEMENT_CREATION: Test Cases/ENDORSEMENT_CREATION FAILED because (of) Unable to click on object 'Object Repository/Endorsement_OR/btn_ADVANCE_FILTER' (Root cause: java.lang.NullPointerException)]]></system-err>
      </testcase>
      <system-out><![CDATA[2018-02-05 14:42:07 - [TEST_SUITE][FAILED] - PPE: Test Cases/QUOTE_CREATION FAILED because (of) Unable to set text '123456' of object 'Object Repository/Quote_OR/txtfield_PASSWORD' (Root cause: com.kms.katalon.core.webui.exception.WebElementNotFoundException: Web element with id: 'Object Repository/Quote_OR/txtfield_PASSWORD' located by 'By.xpath: //input[count(. | //*[@id = 'txtPassword']) = count(//*[@id = 'txtPassword'])][count(. | //*[@type = 'password']) = count(//*[@type = 'password'])][count(. | //*[@placeholder = 'Password']) = count(//*[@placeholder = 'Password'])][count(. | //*[@name = 'password']) = count(//*[@name = 'password'])][count(. | //*[@class = 'form-control']) = count(//*[@class = 'form-control'])][count(. | //*[@maxlength = '25']) = count(//*[@maxlength = '25'])][count(. | //*[@autocomplete = 'new-password']) = count(//*[@autocomplete = 'new-password'])][count(. | id("txtPassword")) = count(id("txtPassword"))]' not found)]]></system-out>
      <system-err><![CDATA[2018-02-05 14:42:07 - [TEST_SUITE][FAILED] - PPE: Test Cases/QUOTE_CREATION FAILED because (of) Unable to set text '123456' of object 'Object Repository/Quote_OR/txtfield_PASSWORD' (Root cause: com.kms.katalon.core.webui.exception.WebElementNotFoundException: Web element with id: 'Object Repository/Quote_OR/txtfield_PASSWORD' located by 'By.xpath: //input[count(. | //*[@id = 'txtPassword']) = count(//*[@id = 'txtPassword'])][count(. | //*[@type = 'password']) = count(//*[@type = 'password'])][count(. | //*[@placeholder = 'Password']) = count(//*[@placeholder = 'Password'])][count(. | //*[@name = 'password']) = count(//*[@name = 'password'])][count(. | //*[@class = 'form-control']) = count(//*[@class = 'form-control'])][count(. | //*[@maxlength = '25']) = count(//*[@maxlength = '25'])][count(. | //*[@autocomplete = 'new-password']) = count(//*[@autocomplete = 'new-password'])][count(. | id("txtPassword")) = count(id("txtPassword"))]' not found)]]></system-err>
   </testsuite>
</testsuites>
