{"devicePlatform":"","logFolder":"D:\\Katalon_Practice_Workspace\\Katalon_PPE_GANESH\\Reports\\PPE\\20180205_144205","runData":{"hostName":"gsalunkhe - CTS-QUA-4.cogitate.india","os":"Windows 7 64bit","katalonVersion":"5.0.1.1","browser":"Chrome 63.0.3239.132","hostAddress":"192.168.0.4","sessionId":"5ba0b37413b1770acbedab90d7cbfbb7","seleniumVersion":"2.53.0","proxyInformation":"ProxyInformation{proxyOption\u003dNO_PROXY, proxyServerType\u003dHTTP, password\u003d, proxyServerAddress\u003d, proxyServerPort\u003d0}","platform":"Windows 7"},"type":"TEST_SUITE","name":"PPE","id":"Test Suites/PPE","source":"","message":"Test Cases/QUOTE_CREATION FAILED because (of) Unable to set text \u0027123456\u0027 of object \u0027Object Repository/Quote_OR/txtfield_PASSWORD\u0027 (Root cause: com.kms.katalon.core.webui.exception.WebElementNotFoundException: Web element with id: \u0027Object Repository/Quote_OR/txtfield_PASSWORD\u0027 located by \u0027By.xpath: //input[count(. | //*[@id \u003d \u0027txtPassword\u0027]) \u003d count(//*[@id \u003d \u0027txtPassword\u0027])][count(. | //*[@type \u003d \u0027password\u0027]) \u003d count(//*[@type \u003d \u0027password\u0027])][count(. | //*[@placeholder \u003d \u0027Password\u0027]) \u003d count(//*[@placeholder \u003d \u0027Password\u0027])][count(. | //*[@name \u003d \u0027password\u0027]) \u003d count(//*[@name \u003d \u0027password\u0027])][count(. | //*[@class \u003d \u0027form-control\u0027]) \u003d count(//*[@class \u003d \u0027form-control\u0027])][count(. | //*[@maxlength \u003d \u002725\u0027]) \u003d count(//*[@maxlength \u003d \u002725\u0027])][count(. | //*[@autocomplete \u003d \u0027new-password\u0027]) \u003d count(//*[@autocomplete \u003d \u0027new-password\u0027])][count(. | id(\"txtPassword\")) \u003d count(id(\"txtPassword\"))]\u0027 not found)","description":"","startTime":1517821927505,"endTime":1517822034795,"childRecords":[{"isOptional":false,"type":"TEST_CASE","name":"Test Cases/QUOTE_CREATION","id":"Test Cases/QUOTE_CREATION","source":"D:\\\\Katalon_Practice_Workspace\\\\Katalon_PPE_GANESHTest Cases\\\\QUOTE_CREATION.tc","message":"Test Cases/QUOTE_CREATION FAILED because (of) Unable to set text \u0027123456\u0027 of object \u0027Object Repository/Quote_OR/txtfield_PASSWORD\u0027 (Root cause: com.kms.katalon.core.webui.exception.WebElementNotFoundException: Web element with id: \u0027Object Repository/Quote_OR/txtfield_PASSWORD\u0027 located by \u0027By.xpath: //input[count(. | //*[@id \u003d \u0027txtPassword\u0027]) \u003d count(//*[@id \u003d \u0027txtPassword\u0027])][count(. | //*[@type \u003d \u0027password\u0027]) \u003d count(//*[@type \u003d \u0027password\u0027])][count(. | //*[@placeholder \u003d \u0027Password\u0027]) \u003d count(//*[@placeholder \u003d \u0027Password\u0027])][count(. | //*[@name \u003d \u0027password\u0027]) \u003d count(//*[@name \u003d \u0027password\u0027])][count(. | //*[@class \u003d \u0027form-control\u0027]) \u003d count(//*[@class \u003d \u0027form-control\u0027])][count(. | //*[@maxlength \u003d \u002725\u0027]) \u003d count(//*[@maxlength \u003d \u002725\u0027])][count(. | //*[@autocomplete \u003d \u0027new-password\u0027]) \u003d count(//*[@autocomplete \u003d \u0027new-password\u0027])][count(. | id(\"txtPassword\")) \u003d count(id(\"txtPassword\"))]\u0027 not found)","description":"Agent Quote process","startTime":1517821927786,"endTime":1517821982136,"childRecords":[{"testStatus":{"stackTrace":"","statusValue":"INFO"},"type":"MESSAGE","name":"","message":"Evaluating variables for test case","startTime":1517821927921,"endTime":0,"childRecords":[],"interuppted":false},{"index":1,"isIgnoredIfFailed":false,"type":"TEST_STEP","name":"Statement - propertyDataRowCounter \u003d 0","description":"","startTime":1517821928215,"endTime":1517821928216,"childRecords":[],"interuppted":false},{"index":2,"isIgnoredIfFailed":false,"type":"TEST_STEP","name":"Statement - configDataRowCounter \u003d 0","description":"","startTime":1517821928217,"endTime":1517821928219,"childRecords":[],"interuppted":false},{"index":3,"isIgnoredIfFailed":false,"type":"TEST_STEP","name":"Statement - genericDATA \u003d com.kms.katalon.core.testdata.TestDataFactory.findTestData(PPE_Config_File)","message":"Test data is internal data, reading internal data","description":"","startTime":1517821928219,"endTime":1517821928264,"childRecords":[],"interuppted":false},{"index":4,"isIgnoredIfFailed":false,"type":"TEST_STEP","name":"Statement - propertyDATA \u003d com.kms.katalon.core.testdata.TestDataFactory.findTestData(PPEPROPERTYDATA)","message":"Test data is internal data, reading internal data","description":"","startTime":1517821928264,"endTime":1517821928280,"childRecords":[],"interuppted":false},{"index":5,"isIgnoredIfFailed":false,"type":"TEST_STEP","name":"Statement - obj \u003d data.get(propertyDataRowCounter)","description":"","startTime":1517821928280,"endTime":1517821928280,"childRecords":[],"interuppted":false},{"index":6,"isIgnoredIfFailed":false,"type":"TEST_STEP","name":"Statement - obj.toString().replace(\"N\", \"Y\")","description":"","startTime":1517821928280,"endTime":1517821928280,"childRecords":[],"interuppted":false},{"index":7,"isIgnoredIfFailed":false,"type":"TEST_STEP","name":"Statement - data.add(obj)","description":"","startTime":1517821928281,"endTime":1517821928281,"childRecords":[],"interuppted":false},{"index":8,"isIgnoredIfFailed":false,"type":"TEST_STEP","name":"Statement - println(obj)","description":"","startTime":1517821928281,"endTime":1517821928281,"childRecords":[],"interuppted":false},{"index":9,"isIgnoredIfFailed":false,"type":"TEST_STEP","name":"com.PPE.url_Navigation.gotoURL","message":"com.PPE.url_Navigation.gotoURL is PASSED","description":"","startTime":1517821928281,"endTime":1517821941795,"childRecords":[{"testStatus":{"stackTrace":"","statusValue":"PASSED"},"type":"MESSAGE","name":"","message":"Browser is opened with url: \u0027http://13.90.102.191:8066/\u0027","startTime":1517821940548,"endTime":0,"childRecords":[],"interuppted":false},{"testStatus":{"stackTrace":"","statusValue":"PASSED"},"type":"MESSAGE","name":"","message":"Wait for page load successfully","startTime":1517821940630,"endTime":0,"childRecords":[],"interuppted":false},{"testStatus":{"stackTrace":"","statusValue":"PASSED"},"type":"MESSAGE","name":"","message":"Current window maximized","startTime":1517821941787,"endTime":0,"childRecords":[],"interuppted":false},{"testStatus":{"stackTrace":"","statusValue":"PASSED"},"type":"MESSAGE","name":"","message":"com.PPE.url_Navigation.gotoURL is PASSED","startTime":1517821941794,"endTime":0,"childRecords":[],"interuppted":false}],"interuppted":false},{"attachment":"1517821981801.png","index":10,"isIgnoredIfFailed":false,"type":"TEST_STEP","name":"com.PPE.IncorrectLogin.login","message":"Unable to set text \u0027123456\u0027 of object \u0027Object Repository/Quote_OR/txtfield_PASSWORD\u0027 (Root cause: com.kms.katalon.core.webui.exception.WebElementNotFoundException: Web element with id: \u0027Object Repository/Quote_OR/txtfield_PASSWORD\u0027 located by \u0027By.xpath: //input[count(. | //*[@id \u003d \u0027txtPassword\u0027]) \u003d count(//*[@id \u003d \u0027txtPassword\u0027])][count(. | //*[@type \u003d \u0027password\u0027]) \u003d count(//*[@type \u003d \u0027password\u0027])][count(. | //*[@placeholder \u003d \u0027Password\u0027]) \u003d count(//*[@placeholder \u003d \u0027Password\u0027])][count(. | //*[@name \u003d \u0027password\u0027]) \u003d count(//*[@name \u003d \u0027password\u0027])][count(. | //*[@class \u003d \u0027form-control\u0027]) \u003d count(//*[@class \u003d \u0027form-control\u0027])][count(. | //*[@maxlength \u003d \u002725\u0027]) \u003d count(//*[@maxlength \u003d \u002725\u0027])][count(. | //*[@autocomplete \u003d \u0027new-password\u0027]) \u003d count(//*[@autocomplete \u003d \u0027new-password\u0027])][count(. | id(\"txtPassword\")) \u003d count(id(\"txtPassword\"))]\u0027 not found)","description":"","startTime":1517821941796,"endTime":1517821982136,"childRecords":[{"testStatus":{"stackTrace":"","statusValue":"PASSED"},"type":"MESSAGE","name":"","message":"Text \u0027125634\u0027 is set on object \u0027Object Repository/Quote_OR/txtfield_USERNAME\u0027","startTime":1517821941988,"endTime":0,"childRecords":[],"interuppted":false},{"testStatus":{"stackTrace":"","statusValue":"PASSED"},"type":"MESSAGE","name":"","message":"Text \u002710#Hammer\u0027 is set on object \u0027Object Repository/Quote_OR/txtfield_PASSWORD\u0027","startTime":1517821942118,"endTime":0,"childRecords":[],"interuppted":false},{"testStatus":{"stackTrace":"","statusValue":"PASSED"},"type":"MESSAGE","name":"","message":"Object: \u0027Object Repository/Quote_OR/btn-LOGIN\u0027 is clicked on","startTime":1517821944472,"endTime":0,"childRecords":[],"interuppted":false},{"testStatus":{"stackTrace":"","statusValue":"PASSED"},"type":"MESSAGE","name":"","message":"Delayed 6 second(s)","startTime":1517821950497,"endTime":0,"childRecords":[],"interuppted":false},{"testStatus":{"stackTrace":"","statusValue":"PASSED"},"type":"MESSAGE","name":"","message":"Text \u0027ih.chelms\u0027 is set on object \u0027Object Repository/Quote_OR/txtfield_USERNAME\u0027","startTime":1517821950702,"endTime":0,"childRecords":[],"interuppted":false},{"testStatus":{"stackTrace":"","statusValue":"FAILED"},"attachment":"1517821981801.png","type":"MESSAGE","name":"","message":"Unable to set text \u0027123456\u0027 of object \u0027Object Repository/Quote_OR/txtfield_PASSWORD\u0027 (Root cause: com.kms.katalon.core.webui.exception.WebElementNotFoundException: Web element with id: \u0027Object Repository/Quote_OR/txtfield_PASSWORD\u0027 located by \u0027By.xpath: //input[count(. | //*[@id \u003d \u0027txtPassword\u0027]) \u003d count(//*[@id \u003d \u0027txtPassword\u0027])][count(. | //*[@type \u003d \u0027password\u0027]) \u003d count(//*[@type \u003d \u0027password\u0027])][count(. | //*[@placeholder \u003d \u0027Password\u0027]) \u003d count(//*[@placeholder \u003d \u0027Password\u0027])][count(. | //*[@name \u003d \u0027password\u0027]) \u003d count(//*[@name \u003d \u0027password\u0027])][count(. | //*[@class \u003d \u0027form-control\u0027]) \u003d count(//*[@class \u003d \u0027form-control\u0027])][count(. | //*[@maxlength \u003d \u002725\u0027]) \u003d count(//*[@maxlength \u003d \u002725\u0027])][count(. | //*[@autocomplete \u003d \u0027new-password\u0027]) \u003d count(//*[@autocomplete \u003d \u0027new-password\u0027])][count(. | id(\"txtPassword\")) \u003d count(id(\"txtPassword\"))]\u0027 not found)","startTime":1517821982136,"endTime":0,"childRecords":[],"interuppted":false},{"testStatus":{"stackTrace":"","statusValue":"FAILED"},"type":"MESSAGE","name":"","message":"Unable to set text \u0027123456\u0027 of object \u0027Object Repository/Quote_OR/txtfield_PASSWORD\u0027 (Root cause: com.kms.katalon.core.webui.exception.WebElementNotFoundException: Web element with id: \u0027Object Repository/Quote_OR/txtfield_PASSWORD\u0027 located by \u0027By.xpath: //input[count(. | //*[@id \u003d \u0027txtPassword\u0027]) \u003d count(//*[@id \u003d \u0027txtPassword\u0027])][count(. | //*[@type \u003d \u0027password\u0027]) \u003d count(//*[@type \u003d \u0027password\u0027])][count(. | //*[@placeholder \u003d \u0027Password\u0027]) \u003d count(//*[@placeholder \u003d \u0027Password\u0027])][count(. | //*[@name \u003d \u0027password\u0027]) \u003d count(//*[@name \u003d \u0027password\u0027])][count(. | //*[@class \u003d \u0027form-control\u0027]) \u003d count(//*[@class \u003d \u0027form-control\u0027])][count(. | //*[@maxlength \u003d \u002725\u0027]) \u003d count(//*[@maxlength \u003d \u002725\u0027])][count(. | //*[@autocomplete \u003d \u0027new-password\u0027]) \u003d count(//*[@autocomplete \u003d \u0027new-password\u0027])][count(. | id(\"txtPassword\")) \u003d count(id(\"txtPassword\"))]\u0027 not found)","startTime":1517821982136,"endTime":0,"childRecords":[],"interuppted":false}],"interuppted":false},{"testStatus":{"stackTrace":"","statusValue":"FAILED"},"type":"MESSAGE","name":"","message":"Test Cases/QUOTE_CREATION FAILED because (of) Unable to set text \u0027123456\u0027 of object \u0027Object Repository/Quote_OR/txtfield_PASSWORD\u0027 (Root cause: com.kms.katalon.core.webui.exception.WebElementNotFoundException: Web element with id: \u0027Object Repository/Quote_OR/txtfield_PASSWORD\u0027 located by \u0027By.xpath: //input[count(. | //*[@id \u003d \u0027txtPassword\u0027]) \u003d count(//*[@id \u003d \u0027txtPassword\u0027])][count(. | //*[@type \u003d \u0027password\u0027]) \u003d count(//*[@type \u003d \u0027password\u0027])][count(. | //*[@placeholder \u003d \u0027Password\u0027]) \u003d count(//*[@placeholder \u003d \u0027Password\u0027])][count(. | //*[@name \u003d \u0027password\u0027]) \u003d count(//*[@name \u003d \u0027password\u0027])][count(. | //*[@class \u003d \u0027form-control\u0027]) \u003d count(//*[@class \u003d \u0027form-control\u0027])][count(. | //*[@maxlength \u003d \u002725\u0027]) \u003d count(//*[@maxlength \u003d \u002725\u0027])][count(. | //*[@autocomplete \u003d \u0027new-password\u0027]) \u003d count(//*[@autocomplete \u003d \u0027new-password\u0027])][count(. | id(\"txtPassword\")) \u003d count(id(\"txtPassword\"))]\u0027 not found)","startTime":1517821982136,"endTime":0,"childRecords":[],"interuppted":false}],"interuppted":false},{"isOptional":false,"type":"TEST_CASE","name":"Test Cases/APPLICATION_CREATION","id":"Test Cases/APPLICATION_CREATION","source":"D:\\\\Katalon_Practice_Workspace\\\\Katalon_PPE_GANESHTest Cases\\\\APPLICATION_CREATION.tc","message":"Test Cases/APPLICATION_CREATION FAILED because (of) Unable to click on object \u0027Object Repository/Application_OR/btn_TOAPPLICATION\u0027 (Root cause: com.kms.katalon.core.webui.exception.WebElementNotFoundException: Web element with id: \u0027Object Repository/Application_OR/btn_TOAPPLICATION\u0027 located by \u0027By.xpath: //*[@id\u003d\"btnToApplication\"]\u0027 not found)","description":"","startTime":1517821982201,"endTime":1517822017639,"childRecords":[{"testStatus":{"stackTrace":"","statusValue":"INFO"},"type":"MESSAGE","name":"","message":"Evaluating variables for test case","startTime":1517821982217,"endTime":0,"childRecords":[],"interuppted":false},{"index":1,"isIgnoredIfFailed":false,"type":"TEST_STEP","name":"Statement - propertyDataRowCounter \u003d 0","description":"","startTime":1517821982284,"endTime":1517821982284,"childRecords":[],"interuppted":false},{"index":2,"isIgnoredIfFailed":false,"type":"TEST_STEP","name":"Statement - configDataRowCounter \u003d 0","description":"","startTime":1517821982284,"endTime":1517821982300,"childRecords":[],"interuppted":false},{"index":3,"isIgnoredIfFailed":false,"type":"TEST_STEP","name":"Statement - genericDATA \u003d com.kms.katalon.core.testdata.TestDataFactory.findTestData(PPE_Config_File)","message":"Test data is internal data, reading internal data","description":"","startTime":1517821982300,"endTime":1517821982316,"childRecords":[],"interuppted":false},{"index":4,"isIgnoredIfFailed":false,"type":"TEST_STEP","name":"Statement - propertyDATA \u003d com.kms.katalon.core.testdata.TestDataFactory.findTestData(PPEPROPERTYDATA)","message":"Test data is internal data, reading internal data","description":"","startTime":1517821982316,"endTime":1517821982317,"childRecords":[],"interuppted":false},{"attachment":"1517822017352.png","index":5,"isIgnoredIfFailed":false,"type":"TEST_STEP","name":"com.PPE.Saving_PolicyHolderInfo_Page.PolicyHolderPage","message":"Unable to click on object \u0027Object Repository/Application_OR/btn_TOAPPLICATION\u0027 (Root cause: com.kms.katalon.core.webui.exception.WebElementNotFoundException: Web element with id: \u0027Object Repository/Application_OR/btn_TOAPPLICATION\u0027 located by \u0027By.xpath: //*[@id\u003d\"btnToApplication\"]\u0027 not found)","description":"","startTime":1517821982317,"endTime":1517822017637,"childRecords":[{"testStatus":{"stackTrace":"","statusValue":"PASSED"},"type":"MESSAGE","name":"","message":"Delayed 4 second(s)","startTime":1517821986341,"endTime":0,"childRecords":[],"interuppted":false},{"testStatus":{"stackTrace":"","statusValue":"FAILED"},"attachment":"1517822017352.png","type":"MESSAGE","name":"","message":"Unable to click on object \u0027Object Repository/Application_OR/btn_TOAPPLICATION\u0027 (Root cause: com.kms.katalon.core.webui.exception.WebElementNotFoundException: Web element with id: \u0027Object Repository/Application_OR/btn_TOAPPLICATION\u0027 located by \u0027By.xpath: //*[@id\u003d\"btnToApplication\"]\u0027 not found)","startTime":1517822017635,"endTime":0,"childRecords":[],"interuppted":false},{"testStatus":{"stackTrace":"","statusValue":"FAILED"},"type":"MESSAGE","name":"","message":"Unable to click on object \u0027Object Repository/Application_OR/btn_TOAPPLICATION\u0027 (Root cause: com.kms.katalon.core.webui.exception.WebElementNotFoundException: Web element with id: \u0027Object Repository/Application_OR/btn_TOAPPLICATION\u0027 located by \u0027By.xpath: //*[@id\u003d\"btnToApplication\"]\u0027 not found)","startTime":1517822017636,"endTime":0,"childRecords":[],"interuppted":false}],"interuppted":false},{"testStatus":{"stackTrace":"","statusValue":"FAILED"},"type":"MESSAGE","name":"","message":"Test Cases/APPLICATION_CREATION FAILED because (of) Unable to click on object \u0027Object Repository/Application_OR/btn_TOAPPLICATION\u0027 (Root cause: com.kms.katalon.core.webui.exception.WebElementNotFoundException: Web element with id: \u0027Object Repository/Application_OR/btn_TOAPPLICATION\u0027 located by \u0027By.xpath: //*[@id\u003d\"btnToApplication\"]\u0027 not found)","startTime":1517822017637,"endTime":0,"childRecords":[],"interuppted":false}],"interuppted":false},{"isOptional":false,"type":"TEST_CASE","name":"Test Cases/ENDORSEMENT_CREATION","id":"Test Cases/ENDORSEMENT_CREATION","source":"D:\\\\Katalon_Practice_Workspace\\\\Katalon_PPE_GANESHTest Cases\\\\ENDORSEMENT_CREATION.tc","message":"Test Cases/ENDORSEMENT_CREATION FAILED because (of) Unable to click on object \u0027Object Repository/Endorsement_OR/btn_ADVANCE_FILTER\u0027 (Root cause: java.lang.NullPointerException)","description":"","startTime":1517822017691,"endTime":1517822033669,"childRecords":[{"testStatus":{"stackTrace":"","statusValue":"INFO"},"type":"MESSAGE","name":"","message":"Evaluating variables for test case","startTime":1517822017719,"endTime":0,"childRecords":[],"interuppted":false},{"index":1,"isIgnoredIfFailed":false,"type":"TEST_STEP","name":"click","message":"Unable to click on object \u0027Object Repository/Endorsement_OR/btn_ADVANCE_FILTER\u0027 (Root cause: java.lang.NullPointerException)","description":"","startTime":1517822017851,"endTime":1517822033669,"childRecords":[{"testStatus":{"stackTrace":"","statusValue":"WARNING"},"type":"MESSAGE","name":"","message":"Cannot take screenshot","startTime":1517822033669,"endTime":0,"childRecords":[],"interuppted":false},{"testStatus":{"stackTrace":"","statusValue":"FAILED"},"type":"MESSAGE","name":"","message":"Unable to click on object \u0027Object Repository/Endorsement_OR/btn_ADVANCE_FILTER\u0027 (Root cause: java.lang.NullPointerException)","startTime":1517822033669,"endTime":0,"childRecords":[],"interuppted":false}],"interuppted":false},{"testStatus":{"stackTrace":"","statusValue":"FAILED"},"type":"MESSAGE","name":"","message":"Test Cases/ENDORSEMENT_CREATION FAILED because (of) Unable to click on object \u0027Object Repository/Endorsement_OR/btn_ADVANCE_FILTER\u0027 (Root cause: java.lang.NullPointerException)","startTime":1517822033669,"endTime":0,"childRecords":[],"interuppted":false}],"interuppted":false}],"interuppted":false}