<?xml version="1.0" encoding="UTF-8"?>
<testsuites name="PPE" time="111" tests="0" failures="3" errors="0">
   <testsuite name="PPE" tests="0" failures="3" errors="0" time="111" timestamp="2018-01-17 19:48:18" hostname="gsalunkhe - CTS-QUA-4.cogitate.india" id="Test Suites/PPE">
      <properties>
         <property name="deviceName" value=""/>
         <property name="devicePlatform" value=""/>
         <property name="logFolder" value="D:\\Katalon_Practice_Workspace\\Katalon_Mitendra\\Reports\\PPE\\20180117_194817"/>
         <property name="logFiles" value="D:\\Katalon_Practice_Workspace\\Katalon_Mitendra\\Reports\\PPE\\20180117_194817\\execution0.log"/>
         <property name="attachments" value="D:\\Katalon_Practice_Workspace\\Katalon_Mitendra\\Reports\\PPE\\20180117_194817\\1516198748211.png, D:\\Katalon_Practice_Workspace\\Katalon_Mitendra\\Reports\\PPE\\20180117_194817\\1516198780455.png"/>
         <property name="hostName" value="gsalunkhe - CTS-QUA-4.cogitate.india"/>
         <property name="os" value="Windows 7 64bit"/>
         <property name="katalonVersion" value="5.0.1.1"/>
         <property name="browser" value="Chrome 63.0.3239.132"/>
         <property name="hostAddress" value="192.168.0.4"/>
         <property name="sessionId" value="573d2651c935bf83620e5def893e8b85"/>
         <property name="seleniumVersion" value="2.53.0"/>
         <property name="proxyInformation" value="ProxyInformation{proxyOption=NO_PROXY, proxyServerType=HTTP, password=, proxyServerAddress=, proxyServerPort=0}"/>
         <property name="platform" value="Windows 7"/>
      </properties>
      <testcase name="Test Cases/QUOTE_CREATION" classname="Test Cases/QUOTE_CREATION" status="FAILED">
         <failure type="FAILED" message="Unable to select option by index '1' of object 'Object Repository/Quote_OR/drp_PROPERTY_TYPE' (Root cause: com.kms.katalon.core.webui.exception.WebElementNotFoundException: Web element with id: 'Object Repository/Quote_OR/drp_PROPERTY_TYPE' located by 'By.xpath: //*[@id=&quot;ddlPropertyType&quot;]' not found)"/>
         <system-out><![CDATA[2018-01-17 19:48:19 - [TEST_CASE][FAILED] - Test Cases/QUOTE_CREATION: Test Cases/QUOTE_CREATION FAILED because (of) Unable to select option by index '1' of object 'Object Repository/Quote_OR/drp_PROPERTY_TYPE' (Root cause: com.kms.katalon.core.webui.exception.WebElementNotFoundException: Web element with id: 'Object Repository/Quote_OR/drp_PROPERTY_TYPE' located by 'By.xpath: //*[@id="ddlPropertyType"]' not found)

2018-01-17 19:48:19 - [TEST_STEP][PASSED] - openBrowser: Browser is opened with url: 'http://13.90.102.191:8066'

2018-01-17 19:48:26 - [MESSAGE][PASSED] - Browser is opened with url: 'http://13.90.102.191:8066'

2018-01-17 19:48:26 - [TEST_STEP][PASSED] - maximizeWindow: Current window maximized

2018-01-17 19:48:28 - [MESSAGE][PASSED] - Current window maximized

2018-01-17 19:48:28 - [TEST_STEP][PASSED] - setText: Text 'ih.chelms' is set on object 'Object Repository/Quote_OR/txtfield_USERNAME'

2018-01-17 19:48:28 - [MESSAGE][PASSED] - Text 'ih.chelms' is set on object 'Object Repository/Quote_OR/txtfield_USERNAME'

2018-01-17 19:48:28 - [TEST_STEP][PASSED] - setText: Text '10#Hammer' is set on object 'Object Repository/Quote_OR/txtfield_PASSWORD'

2018-01-17 19:48:28 - [MESSAGE][PASSED] - Text '10#Hammer' is set on object 'Object Repository/Quote_OR/txtfield_PASSWORD'

2018-01-17 19:48:28 - [TEST_STEP][PASSED] - click: Object: 'Object Repository/Quote_OR/btn-LOGIN' is clicked on

2018-01-17 19:48:31 - [MESSAGE][PASSED] - Object: 'Object Repository/Quote_OR/btn-LOGIN' is clicked on

2018-01-17 19:48:31 - [TEST_STEP][PASSED] - setText: Text '328 Sunset Dr Athens, GA 30606 USA' is set on object 'Object Repository/Quote_OR/txtfield_ADDRESS_ON_LANDING_PAGE'

2018-01-17 19:48:31 - [MESSAGE][PASSED] - Text '328 Sunset Dr Athens, GA 30606 USA' is set on object 'Object Repository/Quote_OR/txtfield_ADDRESS_ON_LANDING_PAGE'

2018-01-17 19:48:31 - [TEST_STEP][PASSED] - click: Object: 'Object Repository/Quote_OR/btn_SEARCH_ADDRESS' is clicked on

2018-01-17 19:48:36 - [MESSAGE][PASSED] - Object: 'Object Repository/Quote_OR/btn_SEARCH_ADDRESS' is clicked on

2018-01-17 19:48:36 - [TEST_STEP][PASSED] - waitForPageLoad: Wait for page load successfully

2018-01-17 19:48:36 - [MESSAGE][PASSED] - Wait for page load successfully

2018-01-17 19:48:36 - [TEST_STEP][FAILED] - selectOptionByIndex: Unable to select option by index '1' of object 'Object Repository/Quote_OR/drp_PROPERTY_TYPE' (Root cause: com.kms.katalon.core.webui.exception.WebElementNotFoundException: Web element with id: 'Object Repository/Quote_OR/drp_PROPERTY_TYPE' located by 'By.xpath: //*[@id="ddlPropertyType"]' not found)

2018-01-17 19:49:08 - [MESSAGE][FAILED] - Unable to select option by index '1' of object 'Object Repository/Quote_OR/drp_PROPERTY_TYPE' (Root cause: com.kms.katalon.core.webui.exception.WebElementNotFoundException: Web element with id: 'Object Repository/Quote_OR/drp_PROPERTY_TYPE' located by 'By.xpath: //*[@id="ddlPropertyType"]' not found)
[[ATTACHMENT|D:\\Katalon_Practice_Workspace\\Katalon_Mitendra\\Reports\\PPE\\20180117_194817\\1516198748211.png]]]]></system-out>
         <system-err><![CDATA[2018-01-17 19:48:19 - [TEST_CASE][FAILED] - Test Cases/QUOTE_CREATION: Test Cases/QUOTE_CREATION FAILED because (of) Unable to select option by index '1' of object 'Object Repository/Quote_OR/drp_PROPERTY_TYPE' (Root cause: com.kms.katalon.core.webui.exception.WebElementNotFoundException: Web element with id: 'Object Repository/Quote_OR/drp_PROPERTY_TYPE' located by 'By.xpath: //*[@id="ddlPropertyType"]' not found)]]></system-err>
      </testcase>
      <testcase name="Test Cases/APPLICATION_CREATION" classname="Test Cases/APPLICATION_CREATION" status="FAILED">
         <failure type="FAILED" message="Unable to set text '250 Sunset Dr Athens, GA 30606 USA' of object 'Object Repository/Application_OR/txtfield_ADDRESS_ON_QUOTE_PAGE' (Root cause: com.kms.katalon.core.webui.exception.WebElementNotFoundException: Web element with id: 'Object Repository/Application_OR/txtfield_ADDRESS_ON_QUOTE_PAGE' located by 'By.xpath: //*[@id=&quot;txtAddressAutoComplete&quot;]' not found)"/>
         <system-out><![CDATA[2018-01-17 19:49:08 - [TEST_CASE][FAILED] - Test Cases/APPLICATION_CREATION: Test Cases/APPLICATION_CREATION FAILED because (of) Unable to set text '250 Sunset Dr Athens, GA 30606 USA' of object 'Object Repository/Application_OR/txtfield_ADDRESS_ON_QUOTE_PAGE' (Root cause: com.kms.katalon.core.webui.exception.WebElementNotFoundException: Web element with id: 'Object Repository/Application_OR/txtfield_ADDRESS_ON_QUOTE_PAGE' located by 'By.xpath: //*[@id="txtAddressAutoComplete"]' not found)

2018-01-17 19:49:08 - [TEST_STEP][FAILED] - setText: Unable to set text '250 Sunset Dr Athens, GA 30606 USA' of object 'Object Repository/Application_OR/txtfield_ADDRESS_ON_QUOTE_PAGE' (Root cause: com.kms.katalon.core.webui.exception.WebElementNotFoundException: Web element with id: 'Object Repository/Application_OR/txtfield_ADDRESS_ON_QUOTE_PAGE' located by 'By.xpath: //*[@id="txtAddressAutoComplete"]' not found)

2018-01-17 19:49:40 - [MESSAGE][FAILED] - Unable to set text '250 Sunset Dr Athens, GA 30606 USA' of object 'Object Repository/Application_OR/txtfield_ADDRESS_ON_QUOTE_PAGE' (Root cause: com.kms.katalon.core.webui.exception.WebElementNotFoundException: Web element with id: 'Object Repository/Application_OR/txtfield_ADDRESS_ON_QUOTE_PAGE' located by 'By.xpath: //*[@id="txtAddressAutoComplete"]' not found)
[[ATTACHMENT|D:\\Katalon_Practice_Workspace\\Katalon_Mitendra\\Reports\\PPE\\20180117_194817\\1516198780455.png]]]]></system-out>
         <system-err><![CDATA[2018-01-17 19:49:08 - [TEST_CASE][FAILED] - Test Cases/APPLICATION_CREATION: Test Cases/APPLICATION_CREATION FAILED because (of) Unable to set text '250 Sunset Dr Athens, GA 30606 USA' of object 'Object Repository/Application_OR/txtfield_ADDRESS_ON_QUOTE_PAGE' (Root cause: com.kms.katalon.core.webui.exception.WebElementNotFoundException: Web element with id: 'Object Repository/Application_OR/txtfield_ADDRESS_ON_QUOTE_PAGE' located by 'By.xpath: //*[@id="txtAddressAutoComplete"]' not found)]]></system-err>
      </testcase>
      <testcase name="Test Cases/ENDORSEMENT_CREATION" classname="Test Cases/ENDORSEMENT_CREATION" status="FAILED">
         <failure type="FAILED" message="Unable to click on object 'Object Repository/Endorsement_OR/btn_ADVANCE_FILTER' (Root cause: org.openqa.selenium.WebDriverException: chrome not reachable
  (Session info: chrome=63.0.3239.132)
  (Driver info: chromedriver=2.33.506120 (e3e53437346286c0bc2d2dc9aa4915ba81d9023f),platform=Windows NT 6.1.7601 SP1 x86_64) (WARNING: The server did not provide any stacktrace information)
Command duration or timeout: 4.01 seconds
Build info: version: '2.53.0', revision: '35ae25b', time: '2016-03-15 17:00:58'
System info: host: 'CTS-QUA-4', ip: '192.168.0.4', os.name: 'Windows 7', os.arch: 'amd64', os.version: '6.1', java.version: '1.8.0_102'
Driver info: com.kms.katalon.selenium.driver.CChromeDriver
Capabilities [{applicationCacheEnabled=false, rotatable=false, mobileEmulationEnabled=false, networkConnectionEnabled=false, chrome={chromedriverVersion=2.33.506120 (e3e53437346286c0bc2d2dc9aa4915ba81d9023f), userDataDir=C:\Users\GSALUN~1\AppData\Local\Temp\scoped_dir12308_11252}, takesHeapSnapshot=true, pageLoadStrategy=normal, databaseEnabled=false, handlesAlerts=true, hasTouchScreen=false, version=63.0.3239.132, platform=XP, browserConnectionEnabled=false, nativeEvents=true, acceptSslCerts=true, locationContextEnabled=true, webStorageEnabled=true, browserName=chrome, takesScreenshot=true, javascriptEnabled=true, cssSelectorsEnabled=true, setWindowRect=true, unexpectedAlertBehaviour=}]
Session ID: 573d2651c935bf83620e5def893e8b85
*** Element info: {Using=xpath, value=//*[@id=&quot;btnAdvanceFilter&quot;]/label})"/>
         <system-out><![CDATA[2018-01-17 19:49:40 - [TEST_CASE][FAILED] - Test Cases/ENDORSEMENT_CREATION: Test Cases/ENDORSEMENT_CREATION FAILED because (of) Unable to click on object 'Object Repository/Endorsement_OR/btn_ADVANCE_FILTER' (Root cause: org.openqa.selenium.WebDriverException: chrome not reachable
  (Session info: chrome=63.0.3239.132)
  (Driver info: chromedriver=2.33.506120 (e3e53437346286c0bc2d2dc9aa4915ba81d9023f),platform=Windows NT 6.1.7601 SP1 x86_64) (WARNING: The server did not provide any stacktrace information)
Command duration or timeout: 4.01 seconds
Build info: version: '2.53.0', revision: '35ae25b', time: '2016-03-15 17:00:58'
System info: host: 'CTS-QUA-4', ip: '192.168.0.4', os.name: 'Windows 7', os.arch: 'amd64', os.version: '6.1', java.version: '1.8.0_102'
Driver info: com.kms.katalon.selenium.driver.CChromeDriver
Capabilities [{applicationCacheEnabled=false, rotatable=false, mobileEmulationEnabled=false, networkConnectionEnabled=false, chrome={chromedriverVersion=2.33.506120 (e3e53437346286c0bc2d2dc9aa4915ba81d9023f), userDataDir=C:\Users\GSALUN~1\AppData\Local\Temp\scoped_dir12308_11252}, takesHeapSnapshot=true, pageLoadStrategy=normal, databaseEnabled=false, handlesAlerts=true, hasTouchScreen=false, version=63.0.3239.132, platform=XP, browserConnectionEnabled=false, nativeEvents=true, acceptSslCerts=true, locationContextEnabled=true, webStorageEnabled=true, browserName=chrome, takesScreenshot=true, javascriptEnabled=true, cssSelectorsEnabled=true, setWindowRect=true, unexpectedAlertBehaviour=}]
Session ID: 573d2651c935bf83620e5def893e8b85
*** Element info: {Using=xpath, value=//*[@id="btnAdvanceFilter"]/label})

2018-01-17 19:49:40 - [TEST_STEP][FAILED] - click: Unable to click on object 'Object Repository/Endorsement_OR/btn_ADVANCE_FILTER' (Root cause: org.openqa.selenium.WebDriverException: chrome not reachable
  (Session info: chrome=63.0.3239.132)
  (Driver info: chromedriver=2.33.506120 (e3e53437346286c0bc2d2dc9aa4915ba81d9023f),platform=Windows NT 6.1.7601 SP1 x86_64) (WARNING: The server did not provide any stacktrace information)
Command duration or timeout: 4.01 seconds
Build info: version: '2.53.0', revision: '35ae25b', time: '2016-03-15 17:00:58'
System info: host: 'CTS-QUA-4', ip: '192.168.0.4', os.name: 'Windows 7', os.arch: 'amd64', os.version: '6.1', java.version: '1.8.0_102'
Driver info: com.kms.katalon.selenium.driver.CChromeDriver
Capabilities [{applicationCacheEnabled=false, rotatable=false, mobileEmulationEnabled=false, networkConnectionEnabled=false, chrome={chromedriverVersion=2.33.506120 (e3e53437346286c0bc2d2dc9aa4915ba81d9023f), userDataDir=C:\Users\GSALUN~1\AppData\Local\Temp\scoped_dir12308_11252}, takesHeapSnapshot=true, pageLoadStrategy=normal, databaseEnabled=false, handlesAlerts=true, hasTouchScreen=false, version=63.0.3239.132, platform=XP, browserConnectionEnabled=false, nativeEvents=true, acceptSslCerts=true, locationContextEnabled=true, webStorageEnabled=true, browserName=chrome, takesScreenshot=true, javascriptEnabled=true, cssSelectorsEnabled=true, setWindowRect=true, unexpectedAlertBehaviour=}]
Session ID: 573d2651c935bf83620e5def893e8b85
*** Element info: {Using=xpath, value=//*[@id="btnAdvanceFilter"]/label})

2018-01-17 19:50:09 - [MESSAGE][WARNING] - Cannot take screenshot

2018-01-17 19:50:09 - [MESSAGE][FAILED] - Unable to click on object 'Object Repository/Endorsement_OR/btn_ADVANCE_FILTER' (Root cause: org.openqa.selenium.WebDriverException: chrome not reachable
  (Session info: chrome=63.0.3239.132)
  (Driver info: chromedriver=2.33.506120 (e3e53437346286c0bc2d2dc9aa4915ba81d9023f),platform=Windows NT 6.1.7601 SP1 x86_64) (WARNING: The server did not provide any stacktrace information)
Command duration or timeout: 4.01 seconds
Build info: version: '2.53.0', revision: '35ae25b', time: '2016-03-15 17:00:58'
System info: host: 'CTS-QUA-4', ip: '192.168.0.4', os.name: 'Windows 7', os.arch: 'amd64', os.version: '6.1', java.version: '1.8.0_102'
Driver info: com.kms.katalon.selenium.driver.CChromeDriver
Capabilities [{applicationCacheEnabled=false, rotatable=false, mobileEmulationEnabled=false, networkConnectionEnabled=false, chrome={chromedriverVersion=2.33.506120 (e3e53437346286c0bc2d2dc9aa4915ba81d9023f), userDataDir=C:\Users\GSALUN~1\AppData\Local\Temp\scoped_dir12308_11252}, takesHeapSnapshot=true, pageLoadStrategy=normal, databaseEnabled=false, handlesAlerts=true, hasTouchScreen=false, version=63.0.3239.132, platform=XP, browserConnectionEnabled=false, nativeEvents=true, acceptSslCerts=true, locationContextEnabled=true, webStorageEnabled=true, browserName=chrome, takesScreenshot=true, javascriptEnabled=true, cssSelectorsEnabled=true, setWindowRect=true, unexpectedAlertBehaviour=}]
Session ID: 573d2651c935bf83620e5def893e8b85
*** Element info: {Using=xpath, value=//*[@id="btnAdvanceFilter"]/label})]]></system-out>
         <system-err><![CDATA[2018-01-17 19:49:40 - [TEST_CASE][FAILED] - Test Cases/ENDORSEMENT_CREATION: Test Cases/ENDORSEMENT_CREATION FAILED because (of) Unable to click on object 'Object Repository/Endorsement_OR/btn_ADVANCE_FILTER' (Root cause: org.openqa.selenium.WebDriverException: chrome not reachable
  (Session info: chrome=63.0.3239.132)
  (Driver info: chromedriver=2.33.506120 (e3e53437346286c0bc2d2dc9aa4915ba81d9023f),platform=Windows NT 6.1.7601 SP1 x86_64) (WARNING: The server did not provide any stacktrace information)
Command duration or timeout: 4.01 seconds
Build info: version: '2.53.0', revision: '35ae25b', time: '2016-03-15 17:00:58'
System info: host: 'CTS-QUA-4', ip: '192.168.0.4', os.name: 'Windows 7', os.arch: 'amd64', os.version: '6.1', java.version: '1.8.0_102'
Driver info: com.kms.katalon.selenium.driver.CChromeDriver
Capabilities [{applicationCacheEnabled=false, rotatable=false, mobileEmulationEnabled=false, networkConnectionEnabled=false, chrome={chromedriverVersion=2.33.506120 (e3e53437346286c0bc2d2dc9aa4915ba81d9023f), userDataDir=C:\Users\GSALUN~1\AppData\Local\Temp\scoped_dir12308_11252}, takesHeapSnapshot=true, pageLoadStrategy=normal, databaseEnabled=false, handlesAlerts=true, hasTouchScreen=false, version=63.0.3239.132, platform=XP, browserConnectionEnabled=false, nativeEvents=true, acceptSslCerts=true, locationContextEnabled=true, webStorageEnabled=true, browserName=chrome, takesScreenshot=true, javascriptEnabled=true, cssSelectorsEnabled=true, setWindowRect=true, unexpectedAlertBehaviour=}]
Session ID: 573d2651c935bf83620e5def893e8b85
*** Element info: {Using=xpath, value=//*[@id="btnAdvanceFilter"]/label})]]></system-err>
      </testcase>
      <system-out><![CDATA[2018-01-17 19:48:18 - [TEST_SUITE][FAILED] - PPE: Test Cases/QUOTE_CREATION FAILED because (of) Unable to select option by index '1' of object 'Object Repository/Quote_OR/drp_PROPERTY_TYPE' (Root cause: com.kms.katalon.core.webui.exception.WebElementNotFoundException: Web element with id: 'Object Repository/Quote_OR/drp_PROPERTY_TYPE' located by 'By.xpath: //*[@id="ddlPropertyType"]' not found)]]></system-out>
      <system-err><![CDATA[2018-01-17 19:48:18 - [TEST_SUITE][FAILED] - PPE: Test Cases/QUOTE_CREATION FAILED because (of) Unable to select option by index '1' of object 'Object Repository/Quote_OR/drp_PROPERTY_TYPE' (Root cause: com.kms.katalon.core.webui.exception.WebElementNotFoundException: Web element with id: 'Object Repository/Quote_OR/drp_PROPERTY_TYPE' located by 'By.xpath: //*[@id="ddlPropertyType"]' not found)]]></system-err>
   </testsuite>
</testsuites>
