<?xml version="1.0" encoding="UTF-8"?>
<testsuites name="PPE" time="412" tests="1" failures="1" errors="0">
   <testsuite name="PPE" tests="1" failures="1" errors="0" time="412" timestamp="2018-01-17 15:10:28" hostname="gsalunkhe - CTS-QUA-4.cogitate.india" id="Test Suites/PPE">
      <properties>
         <property name="deviceName" value=""/>
         <property name="devicePlatform" value=""/>
         <property name="logFolder" value="D:\\Katalon_Practice_Workspace\\Katalon_Mitendra\\Reports\\PPE\\20180117_151027"/>
         <property name="logFiles" value="D:\\Katalon_Practice_Workspace\\Katalon_Mitendra\\Reports\\PPE\\20180117_151027\\execution0.log"/>
         <property name="attachments" value="D:\\Katalon_Practice_Workspace\\Katalon_Mitendra\\Reports\\PPE\\20180117_151027\\1516182438566.png"/>
         <property name="hostName" value="gsalunkhe - CTS-QUA-4.cogitate.india"/>
         <property name="os" value="Windows 7 64bit"/>
         <property name="katalonVersion" value="5.0.1.1"/>
         <property name="browser" value="Chrome 63.0.3239.132"/>
         <property name="hostAddress" value="192.168.0.4"/>
         <property name="sessionId" value="70beff6b26c4d3e4eb581be17950b8df"/>
         <property name="seleniumVersion" value="2.53.0"/>
         <property name="proxyInformation" value="ProxyInformation{proxyOption=NO_PROXY, proxyServerType=HTTP, password=, proxyServerAddress=, proxyServerPort=0}"/>
         <property name="platform" value="Windows 7"/>
      </properties>
      <testcase name="Test Cases/Quote_Process" classname="Test Cases/Quote_Process" status="PASSED">
         <system-out><![CDATA[2018-01-17 15:10:29 - [TEST_CASE][PASSED] - Test Cases/Quote_Process: Test Cases/Quote_Process

2018-01-17 15:10:29 - [TEST_STEP][PASSED] - openBrowser: Browser is opened with url: 'http://13.90.102.191:8066'

2018-01-17 15:10:37 - [MESSAGE][PASSED] - Browser is opened with url: 'http://13.90.102.191:8066'

2018-01-17 15:10:37 - [TEST_STEP][PASSED] - maximizeWindow: Current window maximized

2018-01-17 15:10:38 - [MESSAGE][PASSED] - Current window maximized

2018-01-17 15:10:38 - [TEST_STEP][PASSED] - setText: Text 'ih.chelms' is set on object 'Object Repository/Quote_OR/txtfield_USERNAME'

2018-01-17 15:10:39 - [MESSAGE][PASSED] - Text 'ih.chelms' is set on object 'Object Repository/Quote_OR/txtfield_USERNAME'

2018-01-17 15:10:39 - [TEST_STEP][PASSED] - setText: Text '10#Hammer' is set on object 'Object Repository/Quote_OR/txtfield_PASSWORD'

2018-01-17 15:10:39 - [MESSAGE][PASSED] - Text '10#Hammer' is set on object 'Object Repository/Quote_OR/txtfield_PASSWORD'

2018-01-17 15:10:39 - [TEST_STEP][PASSED] - click: Object: 'Object Repository/Quote_OR/btn-LOGIN' is clicked on

2018-01-17 15:10:46 - [MESSAGE][PASSED] - Object: 'Object Repository/Quote_OR/btn-LOGIN' is clicked on

2018-01-17 15:10:46 - [TEST_STEP][PASSED] - setText: Text '165 Hope Ave Athens, GA 30606 USA' is set on object 'Object Repository/Quote_OR/txtfield_ADDRESS_ON_LANDING_PAGE'

2018-01-17 15:10:46 - [MESSAGE][PASSED] - Text '165 Hope Ave Athens, GA 30606 USA' is set on object 'Object Repository/Quote_OR/txtfield_ADDRESS_ON_LANDING_PAGE'

2018-01-17 15:10:46 - [TEST_STEP][PASSED] - click: Object: 'Object Repository/Quote_OR/btn_SEARCH_ADDRESS' is clicked on

2018-01-17 15:11:00 - [MESSAGE][PASSED] - Object: 'Object Repository/Quote_OR/btn_SEARCH_ADDRESS' is clicked on

2018-01-17 15:11:00 - [TEST_STEP][PASSED] - waitForPageLoad: Wait for page load successfully

2018-01-17 15:11:00 - [MESSAGE][PASSED] - Wait for page load successfully

2018-01-17 15:11:00 - [TEST_STEP][PASSED] - selectOptionByIndex: All options with index in [1] are selected on object 'Object Repository/Quote_OR/drp_PROPERTY_TYPE'

2018-01-17 15:11:00 - [MESSAGE][PASSED] - All options with index in [1] are selected on object 'Object Repository/Quote_OR/drp_PROPERTY_TYPE'

2018-01-17 15:11:00 - [TEST_STEP][PASSED] - setText: Text '' is set on object 'Object Repository/Quote_OR/txtfield_HOME_VALUATION'

2018-01-17 15:11:00 - [MESSAGE][PASSED] - Text '' is set on object 'Object Repository/Quote_OR/txtfield_HOME_VALUATION'

2018-01-17 15:11:00 - [TEST_STEP][PASSED] - selectOptionByIndex: All options with index in [2] are selected on object 'Object Repository/Quote_OR/drp_CONSTRUCTION_TYPE'

2018-01-17 15:11:00 - [MESSAGE][PASSED] - All options with index in [2] are selected on object 'Object Repository/Quote_OR/drp_CONSTRUCTION_TYPE'

2018-01-17 15:11:00 - [TEST_STEP][PASSED] - setText: Text '100000' is set on object 'Object Repository/Quote_OR/txtfield_HOME_VALUATION'

2018-01-17 15:11:01 - [MESSAGE][PASSED] - Text '100000' is set on object 'Object Repository/Quote_OR/txtfield_HOME_VALUATION'

2018-01-17 15:11:01 - [TEST_STEP][PASSED] - delay: Delayed 2 second(s)

2018-01-17 15:11:03 - [MESSAGE][PASSED] - Delayed 2 second(s)

2018-01-17 15:11:03 - [TEST_STEP][PASSED] - setText: Text '' is set on object 'Object Repository/Quote_OR/txtbx_YEARHOMEBUILD'

2018-01-17 15:11:03 - [MESSAGE][PASSED] - Text '' is set on object 'Object Repository/Quote_OR/txtbx_YEARHOMEBUILD'

2018-01-17 15:11:03 - [TEST_STEP][PASSED] - setText: Text '1968' is set on object 'Object Repository/Quote_OR/txtbx_YEARHOMEBUILD'

2018-01-17 15:11:03 - [MESSAGE][PASSED] - Text '1968' is set on object 'Object Repository/Quote_OR/txtbx_YEARHOMEBUILD'

2018-01-17 15:11:03 - [TEST_STEP][PASSED] - click: Object: 'Object Repository/Quote_OR/btn_GETQUOTE' is clicked on

2018-01-17 15:11:03 - [MESSAGE][PASSED] - Object: 'Object Repository/Quote_OR/btn_GETQUOTE' is clicked on

2018-01-17 15:11:03 - [TEST_STEP][PASSED] - delay: Delayed 1 second(s)

2018-01-17 15:11:04 - [MESSAGE][PASSED] - Delayed 1 second(s)

2018-01-17 15:11:04 - [TEST_STEP][PASSED] - click: Object: 'Object Repository/Quote_OR/btn_SENDQUOTE' is clicked on

2018-01-17 15:11:31 - [MESSAGE][PASSED] - Object: 'Object Repository/Quote_OR/btn_SENDQUOTE' is clicked on

2018-01-17 15:11:31 - [TEST_STEP][PASSED] - delay: Delayed 1 second(s)

2018-01-17 15:11:32 - [MESSAGE][PASSED] - Delayed 1 second(s)

2018-01-17 15:11:32 - [TEST_STEP][PASSED] - setText: Text 'Ganesh' is set on object 'Object Repository/Quote_OR/txtfield_SENDQUOTE_FIRSTNAME'

2018-01-17 15:11:32 - [MESSAGE][PASSED] - Text 'Ganesh' is set on object 'Object Repository/Quote_OR/txtfield_SENDQUOTE_FIRSTNAME'

2018-01-17 15:11:32 - [TEST_STEP][PASSED] - setText: Text 'Salunkhe' is set on object 'Object Repository/Quote_OR/txtfield_SENDQUOTE_LASTNAME'

2018-01-17 15:11:33 - [MESSAGE][PASSED] - Text 'Salunkhe' is set on object 'Object Repository/Quote_OR/txtfield_SENDQUOTE_LASTNAME'

2018-01-17 15:11:33 - [TEST_STEP][PASSED] - delay: Delayed 10 second(s)

2018-01-17 15:11:43 - [MESSAGE][PASSED] - Delayed 10 second(s)

2018-01-17 15:11:43 - [TEST_STEP][PASSED] - setText: Text '9768180080' is set on object 'Object Repository/Quote_OR/txtfield_SENDQUOTE_CONTACTNUMBER'

2018-01-17 15:11:43 - [MESSAGE][PASSED] - Text '9768180080' is set on object 'Object Repository/Quote_OR/txtfield_SENDQUOTE_CONTACTNUMBER'

2018-01-17 15:11:43 - [TEST_STEP][PASSED] - delay: Delayed 10 second(s)

2018-01-17 15:11:53 - [MESSAGE][PASSED] - Delayed 10 second(s)

2018-01-17 15:11:53 - [TEST_STEP][PASSED] - setText: Text 'gsalunkhe@cogitate.us' is set on object 'Object Repository/Quote_OR/txtfield_SENDQUOTE_EMAIL'

2018-01-17 15:11:53 - [MESSAGE][PASSED] - Text 'gsalunkhe@cogitate.us' is set on object 'Object Repository/Quote_OR/txtfield_SENDQUOTE_EMAIL'

2018-01-17 15:11:53 - [TEST_STEP][PASSED] - delay: Delayed 10 second(s)

2018-01-17 15:12:03 - [MESSAGE][PASSED] - Delayed 10 second(s)

2018-01-17 15:12:03 - [TEST_STEP][PASSED] - click: Object: 'Object Repository/Quote_OR/btn_SEND_QUOTE_DETAILS' is clicked on

2018-01-17 15:12:04 - [MESSAGE][PASSED] - Object: 'Object Repository/Quote_OR/btn_SEND_QUOTE_DETAILS' is clicked on

2018-01-17 15:12:04 - [TEST_STEP][PASSED] - selectOptionByIndex: All options with index in [1] are selected on object 'Object Repository/Quote_OR/drp_CONSTRUCTION_TYPE'

2018-01-17 15:12:04 - [MESSAGE][PASSED] - All options with index in [1] are selected on object 'Object Repository/Quote_OR/drp_CONSTRUCTION_TYPE'

2018-01-17 15:12:04 - [TEST_STEP][PASSED] - delay: Delayed 1 second(s)

2018-01-17 15:12:05 - [MESSAGE][PASSED] - Delayed 1 second(s)

2018-01-17 15:12:05 - [TEST_STEP][PASSED] - click: Object: 'Object Repository/a_RE-CALCULATE PREMIUM' is clicked on

2018-01-17 15:12:05 - [MESSAGE][PASSED] - Object: 'Object Repository/a_RE-CALCULATE PREMIUM' is clicked on]]></system-out>
         <system-err><![CDATA[]]></system-err>
      </testcase>
      <testcase name="Test Cases/Searching property Address" classname="Test Cases/Searching property Address" status="FAILED">
         <failure type="FAILED" message="Unable to click on object 'Object Repository/Application_Creation/btn_VIEW_POLICY_FORMS' (Root cause: org.openqa.selenium.WebDriverException: unknown error: Element &lt;button type=&quot;button&quot; id=&quot;btnSubmitForApproval&quot; class=&quot;btn btn-primary&quot; data-loading-text=&quot;&lt;i class='fa fa-circle-o-notch fa-spin'>&lt;/i> Please wait...&quot; data-link=&quot;/Status&quot; data-policysubmitedlink=&quot;/Policy&quot; style=&quot;width: 195.375px;&quot;>...&lt;/button> is not clickable at point (1204, 553). Other element would receive the click: &lt;div class=&quot;modal fade in&quot; id=&quot;modalViewForms&quot; tabindex=&quot;-1&quot; role=&quot;dialog&quot; aria-labelledby=&quot;myModalLabel&quot; data-backdrop=&quot;static&quot; aria-hidden=&quot;true&quot; style=&quot;display: block;&quot;>...&lt;/div>
  (Session info: chrome=63.0.3239.132)
  (Driver info: chromedriver=2.33.506120 (e3e53437346286c0bc2d2dc9aa4915ba81d9023f),platform=Windows NT 6.1.7601 SP1 x86_64) (WARNING: The server did not provide any stacktrace information)
Command duration or timeout: 30 milliseconds
Build info: version: '2.53.0', revision: '35ae25b', time: '2016-03-15 17:00:58'
System info: host: 'CTS-QUA-4', ip: '192.168.0.4', os.name: 'Windows 7', os.arch: 'amd64', os.version: '6.1', java.version: '1.8.0_102'
Driver info: com.kms.katalon.selenium.driver.CChromeDriver
Capabilities [{applicationCacheEnabled=false, rotatable=false, mobileEmulationEnabled=false, networkConnectionEnabled=false, chrome={chromedriverVersion=2.33.506120 (e3e53437346286c0bc2d2dc9aa4915ba81d9023f), userDataDir=C:\Users\GSALUN~1\AppData\Local\Temp\scoped_dir8140_21567}, takesHeapSnapshot=true, pageLoadStrategy=normal, databaseEnabled=false, handlesAlerts=true, hasTouchScreen=false, version=63.0.3239.132, platform=XP, browserConnectionEnabled=false, nativeEvents=true, acceptSslCerts=true, locationContextEnabled=true, webStorageEnabled=true, browserName=chrome, takesScreenshot=true, javascriptEnabled=true, cssSelectorsEnabled=true, setWindowRect=true, unexpectedAlertBehaviour=}]
Session ID: 70beff6b26c4d3e4eb581be17950b8df)"/>
         <system-out><![CDATA[2018-01-17 15:12:05 - [TEST_CASE][FAILED] - Test Cases/Searching property Address: Test Cases/Searching property Address FAILED because (of) Unable to click on object 'Object Repository/Application_Creation/btn_VIEW_POLICY_FORMS' (Root cause: org.openqa.selenium.WebDriverException: unknown error: Element <button type="button" id="btnSubmitForApproval" class="btn btn-primary" data-loading-text="<i class='fa fa-circle-o-notch fa-spin'></i> Please wait..." data-link="/Status" data-policysubmitedlink="/Policy" style="width: 195.375px;">...</button> is not clickable at point (1204, 553). Other element would receive the click: <div class="modal fade in" id="modalViewForms" tabindex="-1" role="dialog" aria-labelledby="myModalLabel" data-backdrop="static" aria-hidden="true" style="display: block;">...</div>
  (Session info: chrome=63.0.3239.132)
  (Driver info: chromedriver=2.33.506120 (e3e53437346286c0bc2d2dc9aa4915ba81d9023f),platform=Windows NT 6.1.7601 SP1 x86_64) (WARNING: The server did not provide any stacktrace information)
Command duration or timeout: 30 milliseconds
Build info: version: '2.53.0', revision: '35ae25b', time: '2016-03-15 17:00:58'
System info: host: 'CTS-QUA-4', ip: '192.168.0.4', os.name: 'Windows 7', os.arch: 'amd64', os.version: '6.1', java.version: '1.8.0_102'
Driver info: com.kms.katalon.selenium.driver.CChromeDriver
Capabilities [{applicationCacheEnabled=false, rotatable=false, mobileEmulationEnabled=false, networkConnectionEnabled=false, chrome={chromedriverVersion=2.33.506120 (e3e53437346286c0bc2d2dc9aa4915ba81d9023f), userDataDir=C:\Users\GSALUN~1\AppData\Local\Temp\scoped_dir8140_21567}, takesHeapSnapshot=true, pageLoadStrategy=normal, databaseEnabled=false, handlesAlerts=true, hasTouchScreen=false, version=63.0.3239.132, platform=XP, browserConnectionEnabled=false, nativeEvents=true, acceptSslCerts=true, locationContextEnabled=true, webStorageEnabled=true, browserName=chrome, takesScreenshot=true, javascriptEnabled=true, cssSelectorsEnabled=true, setWindowRect=true, unexpectedAlertBehaviour=}]
Session ID: 70beff6b26c4d3e4eb581be17950b8df)

2018-01-17 15:12:05 - [TEST_STEP][PASSED] - setText: Text '440 Milledge Terrace Athens, GA 30606 USA' is set on object 'Object Repository/Application_Creation/txtfield_ADDRESS_ON_QUOTE_PAGE'

2018-01-17 15:12:06 - [MESSAGE][PASSED] - Text '440 Milledge Terrace Athens, GA 30606 USA' is set on object 'Object Repository/Application_Creation/txtfield_ADDRESS_ON_QUOTE_PAGE'

2018-01-17 15:12:06 - [TEST_STEP][PASSED] - click: Object: 'Object Repository/Application_Creation/btn_SEARCH_ADDRESS_QUOTE_PAGE' is clicked on

2018-01-17 15:12:46 - [MESSAGE][PASSED] - Object: 'Object Repository/Application_Creation/btn_SEARCH_ADDRESS_QUOTE_PAGE' is clicked on

2018-01-17 15:12:46 - [TEST_STEP][PASSED] - setText: Text '' is set on object 'Object Repository/Quote_OR/txtbx_YEARHOMEBUILD'

2018-01-17 15:12:47 - [MESSAGE][PASSED] - Text '' is set on object 'Object Repository/Quote_OR/txtbx_YEARHOMEBUILD'

2018-01-17 15:12:47 - [TEST_STEP][PASSED] - setText: Text '2000' is set on object 'Object Repository/Quote_OR/txtbx_YEARHOMEBUILD'

2018-01-17 15:12:47 - [MESSAGE][PASSED] - Text '2000' is set on object 'Object Repository/Quote_OR/txtbx_YEARHOMEBUILD'

2018-01-17 15:12:47 - [TEST_STEP][PASSED] - selectOptionByIndex: All options with index in [2] are selected on object 'Object Repository/Quote_OR/drp_CONSTRUCTION_TYPE'

2018-01-17 15:12:47 - [MESSAGE][PASSED] - All options with index in [2] are selected on object 'Object Repository/Quote_OR/drp_CONSTRUCTION_TYPE'

2018-01-17 15:12:47 - [TEST_STEP][PASSED] - setText: Text '' is set on object 'Object Repository/Quote_OR/txtfield_HOME_VALUATION'

2018-01-17 15:12:47 - [MESSAGE][PASSED] - Text '' is set on object 'Object Repository/Quote_OR/txtfield_HOME_VALUATION'

2018-01-17 15:12:47 - [TEST_STEP][PASSED] - setText: Text '100000' is set on object 'Object Repository/Quote_OR/txtfield_HOME_VALUATION'

2018-01-17 15:12:47 - [MESSAGE][PASSED] - Text '100000' is set on object 'Object Repository/Quote_OR/txtfield_HOME_VALUATION'

2018-01-17 15:12:47 - [TEST_STEP][PASSED] - click: Object: 'Object Repository/Quote_OR/btn_GETQUOTE' is clicked on

2018-01-17 15:12:48 - [MESSAGE][PASSED] - Object: 'Object Repository/Quote_OR/btn_GETQUOTE' is clicked on

2018-01-17 15:12:48 - [TEST_STEP][PASSED] - delay: Delayed 1 second(s)

2018-01-17 15:12:49 - [MESSAGE][PASSED] - Delayed 1 second(s)

2018-01-17 15:12:49 - [TEST_STEP][PASSED] - click: Object: 'Object Repository/Application_Creation/btn_TOAPPLICATION' is clicked on

2018-01-17 15:12:53 - [MESSAGE][PASSED] - Object: 'Object Repository/Application_Creation/btn_TOAPPLICATION' is clicked on

2018-01-17 15:12:53 - [TEST_STEP][PASSED] - delay: Delayed 10 second(s)

2018-01-17 15:13:03 - [MESSAGE][PASSED] - Delayed 10 second(s)

2018-01-17 15:13:03 - [TEST_STEP][PASSED] - click: Object: 'Object Repository/Application_Creation/btn_CONTINUE_UW_QUESTIONS' is clicked on

2018-01-17 15:13:03 - [MESSAGE][PASSED] - Object: 'Object Repository/Application_Creation/btn_CONTINUE_UW_QUESTIONS' is clicked on

2018-01-17 15:13:03 - [TEST_STEP][PASSED] - delay: Delayed 10 second(s)

2018-01-17 15:13:13 - [MESSAGE][PASSED] - Delayed 10 second(s)

2018-01-17 15:13:13 - [TEST_STEP][PASSED] - delay: Delayed 3 second(s)

2018-01-17 15:13:16 - [MESSAGE][PASSED] - Delayed 3 second(s)

2018-01-17 15:13:16 - [TEST_STEP][PASSED] - click: Object: 'Object Repository/Application_Creation/txtfield_INSURED_FIRSTNAME' is clicked on

2018-01-17 15:13:17 - [MESSAGE][PASSED] - Object: 'Object Repository/Application_Creation/txtfield_INSURED_FIRSTNAME' is clicked on

2018-01-17 15:13:17 - [TEST_STEP][PASSED] - setText: Text 'Ross' is set on object 'Object Repository/Application_Creation/txtfield_INSURED_FIRSTNAME'

2018-01-17 15:13:17 - [MESSAGE][PASSED] - Text 'Ross' is set on object 'Object Repository/Application_Creation/txtfield_INSURED_FIRSTNAME'

2018-01-17 15:13:17 - [TEST_STEP][PASSED] - setText: Text 'Marshal' is set on object 'Object Repository/Application_Creation/txtfield_INSURED_MIDDLENAME'

2018-01-17 15:13:17 - [MESSAGE][PASSED] - Text 'Marshal' is set on object 'Object Repository/Application_Creation/txtfield_INSURED_MIDDLENAME'

2018-01-17 15:13:17 - [TEST_STEP][PASSED] - setText: Text 'Guptil' is set on object 'Object Repository/Application_Creation/txtfield_INSURED_LASTNAME'

2018-01-17 15:13:17 - [MESSAGE][PASSED] - Text 'Guptil' is set on object 'Object Repository/Application_Creation/txtfield_INSURED_LASTNAME'

2018-01-17 15:13:17 - [TEST_STEP][PASSED] - setText: Text '09/10/1999' is set on object 'Object Repository/Application_Creation/txtfield_INSURED_DOB'

2018-01-17 15:13:17 - [MESSAGE][PASSED] - Text '09/10/1999' is set on object 'Object Repository/Application_Creation/txtfield_INSURED_DOB'

2018-01-17 15:13:17 - [TEST_STEP][PASSED] - delay: Delayed 5 second(s)

2018-01-17 15:13:22 - [MESSAGE][PASSED] - Delayed 5 second(s)

2018-01-17 15:13:22 - [TEST_STEP][PASSED] - setText: Text 'gsalunkhe@cogitate.us' is set on object 'Object Repository/Application_Creation/txtfield_INSURED_EMAIL'

2018-01-17 15:13:23 - [MESSAGE][PASSED] - Text 'gsalunkhe@cogitate.us' is set on object 'Object Repository/Application_Creation/txtfield_INSURED_EMAIL'

2018-01-17 15:13:23 - [TEST_STEP][PASSED] - delay: Delayed 5 second(s)

2018-01-17 15:13:28 - [MESSAGE][PASSED] - Delayed 5 second(s)

2018-01-17 15:13:28 - [TEST_STEP][PASSED] - setText: Text '9768180080' is set on object 'Object Repository/Application_Creation/txtfield_INSURED_CONTACTNUMBER'

2018-01-17 15:13:28 - [MESSAGE][PASSED] - Text '9768180080' is set on object 'Object Repository/Application_Creation/txtfield_INSURED_CONTACTNUMBER'

2018-01-17 15:13:28 - [TEST_STEP][PASSED] - delay: Delayed 5 second(s)

2018-01-17 15:13:33 - [MESSAGE][PASSED] - Delayed 5 second(s)

2018-01-17 15:13:33 - [TEST_STEP][PASSED] - Statement - hdnPolicyInfoId = com.kms.katalon.core.testobject.ObjectRepository.findTestObject(hdnPolicyInfoId): Finding Test Object with id 'Object Repository/hdnPolicyInfoId'

2018-01-17 15:13:33 - [TEST_STEP][PASSED] - Statement - policyInfoid = com.kms.katalon.core.webui.keyword.WebUiBuiltInKeywords.getAttribute(hdnPolicyInfoId, "value"): Attribute 'value' of object 'Object Repository/hdnPolicyInfoId' is: '3243'

2018-01-17 15:13:33 - [MESSAGE][PASSED] - Attribute 'value' of object 'Object Repository/hdnPolicyInfoId' is: '3243'

2018-01-17 15:13:33 - [TEST_STEP][PASSED] - Statement - policyInfoId = policyInfoid: null

2018-01-17 15:13:33 - [TEST_STEP][PASSED] - click: Object: 'Object Repository/Application_Creation/btn_POLICYHOLDER_SAVEANDCONTINUE' is clicked on

2018-01-17 15:13:33 - [MESSAGE][PASSED] - Object: 'Object Repository/Application_Creation/btn_POLICYHOLDER_SAVEANDCONTINUE' is clicked on

2018-01-17 15:13:33 - [TEST_STEP][PASSED] - delay: Delayed 1 second(s)

2018-01-17 15:13:34 - [MESSAGE][PASSED] - Delayed 1 second(s)

2018-01-17 15:13:34 - [TEST_STEP][PASSED] - click: Object: 'Object Repository/Application_Creation/drp_ROOFTYPE_PROPERTYPAGE' is clicked on

2018-01-17 15:13:36 - [MESSAGE][PASSED] - Object: 'Object Repository/Application_Creation/drp_ROOFTYPE_PROPERTYPAGE' is clicked on

2018-01-17 15:13:36 - [TEST_STEP][PASSED] - delay: Delayed 3 second(s)

2018-01-17 15:13:39 - [MESSAGE][PASSED] - Delayed 3 second(s)

2018-01-17 15:13:39 - [TEST_STEP][PASSED] - selectOptionByIndex: All options with index in [1] are selected on object 'Object Repository/Application_Creation/drp_ROOFTYPE_PROPERTYPAGE'

2018-01-17 15:13:39 - [MESSAGE][PASSED] - All options with index in [1] are selected on object 'Object Repository/Application_Creation/drp_ROOFTYPE_PROPERTYPAGE'

2018-01-17 15:13:39 - [TEST_STEP][PASSED] - delay: Delayed 2 second(s)

2018-01-17 15:13:41 - [MESSAGE][PASSED] - Delayed 2 second(s)

2018-01-17 15:13:41 - [TEST_STEP][PASSED] - selectOptionByIndex: All options with index in [3] are selected on object 'Object Repository/Application_Creation/drp_FOUNDATIONTYPE_PROPERTYPAGE'

2018-01-17 15:13:41 - [MESSAGE][PASSED] - All options with index in [3] are selected on object 'Object Repository/Application_Creation/drp_FOUNDATIONTYPE_PROPERTYPAGE'

2018-01-17 15:13:41 - [TEST_STEP][PASSED] - delay: Delayed 2 second(s)

2018-01-17 15:13:43 - [MESSAGE][PASSED] - Delayed 2 second(s)

2018-01-17 15:13:43 - [TEST_STEP][PASSED] - selectOptionByIndex: All options with index in [7] are selected on object 'Object Repository/Application_Creation/drp_HEATINGTYPE_PROPERTYPAGE'

2018-01-17 15:13:43 - [MESSAGE][PASSED] - All options with index in [7] are selected on object 'Object Repository/Application_Creation/drp_HEATINGTYPE_PROPERTYPAGE'

2018-01-17 15:13:43 - [TEST_STEP][PASSED] - delay: Delayed 5 second(s)

2018-01-17 15:13:48 - [MESSAGE][PASSED] - Delayed 5 second(s)

2018-01-17 15:13:48 - [TEST_STEP][PASSED] - click: Object: 'Object Repository/Application_Creation/btn_PROPERTYPAGE_SAVEANDCONTINUE' is clicked on

2018-01-17 15:13:48 - [MESSAGE][PASSED] - Object: 'Object Repository/Application_Creation/btn_PROPERTYPAGE_SAVEANDCONTINUE' is clicked on

2018-01-17 15:13:48 - [TEST_STEP][PASSED] - delay: Delayed 5 second(s)

2018-01-17 15:13:53 - [MESSAGE][PASSED] - Delayed 5 second(s)

2018-01-17 15:13:53 - [TEST_STEP][PASSED] - click: Object: 'Object Repository/Application_Creation/btn_YES_ROOFAGE_POPUP' is clicked on

2018-01-17 15:13:54 - [MESSAGE][PASSED] - Object: 'Object Repository/Application_Creation/btn_YES_ROOFAGE_POPUP' is clicked on

2018-01-17 15:13:54 - [TEST_STEP][PASSED] - delay: Delayed 1 second(s)

2018-01-17 15:13:55 - [MESSAGE][PASSED] - Delayed 1 second(s)

2018-01-17 15:13:55 - [TEST_STEP][PASSED] - click: Object: 'Object Repository/Application_Creation/btn_PROPERTYPAGE_SAVEANDCONTINUE' is clicked on

2018-01-17 15:13:55 - [MESSAGE][PASSED] - Object: 'Object Repository/Application_Creation/btn_PROPERTYPAGE_SAVEANDCONTINUE' is clicked on

2018-01-17 15:13:55 - [TEST_STEP][PASSED] - delay: Delayed 1 second(s)

2018-01-17 15:13:56 - [MESSAGE][PASSED] - Delayed 1 second(s)

2018-01-17 15:13:56 - [TEST_STEP][PASSED] - click: Object: 'Object Repository/Application_Creation/btn_YES_ELECTRICALAGE_POPUP' is clicked on

2018-01-17 15:13:56 - [MESSAGE][PASSED] - Object: 'Object Repository/Application_Creation/btn_YES_ELECTRICALAGE_POPUP' is clicked on

2018-01-17 15:13:56 - [TEST_STEP][PASSED] - delay: Delayed 1 second(s)

2018-01-17 15:13:57 - [MESSAGE][PASSED] - Delayed 1 second(s)

2018-01-17 15:13:57 - [TEST_STEP][PASSED] - click: Object: 'Object Repository/Application_Creation/btn_PROPERTYPAGE_SAVEANDCONTINUE' is clicked on

2018-01-17 15:13:57 - [MESSAGE][PASSED] - Object: 'Object Repository/Application_Creation/btn_PROPERTYPAGE_SAVEANDCONTINUE' is clicked on

2018-01-17 15:13:57 - [TEST_STEP][PASSED] - delay: Delayed 1 second(s)

2018-01-17 15:13:58 - [MESSAGE][PASSED] - Delayed 1 second(s)

2018-01-17 15:13:58 - [TEST_STEP][PASSED] - click: Object: 'Object Repository/Application_Creation/btn_YES_ELECTRICALAGE_POPUP' is clicked on

2018-01-17 15:13:58 - [MESSAGE][PASSED] - Object: 'Object Repository/Application_Creation/btn_YES_ELECTRICALAGE_POPUP' is clicked on

2018-01-17 15:13:58 - [TEST_STEP][PASSED] - delay: Delayed 11 second(s)

2018-01-17 15:14:09 - [MESSAGE][PASSED] - Delayed 11 second(s)

2018-01-17 15:14:09 - [TEST_STEP][PASSED] - click: Object: 'Object Repository/Application_Creation/btn_PROPERTYPAGE_SAVEANDCONTINUE' is clicked on

2018-01-17 15:14:09 - [MESSAGE][PASSED] - Object: 'Object Repository/Application_Creation/btn_PROPERTYPAGE_SAVEANDCONTINUE' is clicked on

2018-01-17 15:14:09 - [TEST_STEP][PASSED] - delay: Delayed 10 second(s)

2018-01-17 15:14:19 - [MESSAGE][PASSED] - Delayed 10 second(s)

2018-01-17 15:14:19 - [TEST_STEP][PASSED] - click: Object: 'Object Repository/Application_Creation/btn_PROPERTYPAGE_SAVEANDCONTINUE' is clicked on

2018-01-17 15:14:22 - [MESSAGE][PASSED] - Object: 'Object Repository/Application_Creation/btn_PROPERTYPAGE_SAVEANDCONTINUE' is clicked on

2018-01-17 15:14:22 - [TEST_STEP][PASSED] - delay: Delayed 5 second(s)

2018-01-17 15:14:27 - [MESSAGE][PASSED] - Delayed 5 second(s)

2018-01-17 15:14:27 - [TEST_STEP][PASSED] - check: Object 'Object Repository/Application_Creation/chkbx_AGREEMENT' is checked

2018-01-17 15:14:27 - [MESSAGE][PASSED] - Object 'Object Repository/Application_Creation/chkbx_AGREEMENT' is checked

2018-01-17 15:14:27 - [TEST_STEP][PASSED] - delay: Delayed 10 second(s)

2018-01-17 15:14:37 - [MESSAGE][PASSED] - Delayed 10 second(s)

2018-01-17 15:14:37 - [TEST_STEP][PASSED] - click: Object: 'Object Repository/Application_Creation/btn_PROPERTYPAGE_SAVEANDCONTINUE' is clicked on

2018-01-17 15:14:37 - [MESSAGE][PASSED] - Object: 'Object Repository/Application_Creation/btn_PROPERTYPAGE_SAVEANDCONTINUE' is clicked on

2018-01-17 15:14:37 - [TEST_STEP][PASSED] - delay: Delayed 5 second(s)

2018-01-17 15:14:42 - [MESSAGE][PASSED] - Delayed 5 second(s)

2018-01-17 15:14:42 - [TEST_STEP][PASSED] - click: Object: 'Object Repository/Application_Creation/btn_SIGNAPPLICATION_AGENT' is clicked on

2018-01-17 15:14:55 - [MESSAGE][PASSED] - Object: 'Object Repository/Application_Creation/btn_SIGNAPPLICATION_AGENT' is clicked on

2018-01-17 15:14:55 - [TEST_STEP][PASSED] - delay: Delayed 5 second(s)

2018-01-17 15:15:00 - [MESSAGE][PASSED] - Delayed 5 second(s)

2018-01-17 15:15:00 - [TEST_STEP][PASSED] - click: Object: 'Object Repository/Application_Creation/btn_INSURED_SIGNATURE' is clicked on

2018-01-17 15:15:00 - [MESSAGE][PASSED] - Object: 'Object Repository/Application_Creation/btn_INSURED_SIGNATURE' is clicked on

2018-01-17 15:15:00 - [TEST_STEP][PASSED] - delay: Delayed 5 second(s)

2018-01-17 15:15:05 - [MESSAGE][PASSED] - Delayed 5 second(s)

2018-01-17 15:15:05 - [TEST_STEP][PASSED] - click: Object: 'Object Repository/Application_Creation/txtbx_INSURED_SIGNATURE' is clicked on

2018-01-17 15:15:05 - [MESSAGE][PASSED] - Object: 'Object Repository/Application_Creation/txtbx_INSURED_SIGNATURE' is clicked on

2018-01-17 15:15:05 - [TEST_STEP][PASSED] - delay: Delayed 5 second(s)

2018-01-17 15:15:10 - [MESSAGE][PASSED] - Delayed 5 second(s)

2018-01-17 15:15:10 - [TEST_STEP][PASSED] - setText: Text 'Ross Marshal Guptil' is set on object 'Object Repository/Application_Creation/txtbx_INSURED_SIGNATURE'

2018-01-17 15:15:10 - [MESSAGE][PASSED] - Text 'Ross Marshal Guptil' is set on object 'Object Repository/Application_Creation/txtbx_INSURED_SIGNATURE'

2018-01-17 15:15:10 - [TEST_STEP][PASSED] - click: Object: 'Object Repository/Application_Creation/btn_SUBMIT_INSURED_SIGNATURE' is clicked on

2018-01-17 15:15:11 - [MESSAGE][PASSED] - Object: 'Object Repository/Application_Creation/btn_SUBMIT_INSURED_SIGNATURE' is clicked on

2018-01-17 15:15:11 - [TEST_STEP][PASSED] - Statement - otpQuery = "SELECT TOP 1 OtpGenerated FROM PPE_ApplicationForms_trn where PolicyInfoId = " + policyInfoId + " Order BY ModifiedDateTime DESC": null

2018-01-17 15:15:11 - [TEST_STEP][PASSED] - Statement - println("otpQuery" + " " + otpQuery): null

2018-01-17 15:15:11 - [TEST_STEP][PASSED] - com.PPE.Database_Connection.connectDB: com.PPE.Database_Connection.connectDB is PASSED

2018-01-17 15:15:13 - [MESSAGE][PASSED] - com.PPE.Database_Connection.connectDB is PASSED

2018-01-17 15:15:13 - [TEST_STEP][PASSED] - Statement - recordset = CustomKeywords.com.PPE.Database_Connection.executeQuery(otpQuery): com.PPE.Database_Connection.executeQuery is PASSED

2018-01-17 15:15:13 - [MESSAGE][PASSED] - com.PPE.Database_Connection.executeQuery is PASSED

2018-01-17 15:15:13 - [TEST_STEP][PASSED] - Statement - otp = 0: null

2018-01-17 15:15:13 - [TEST_STEP][PASSED] - Statement - While (recordset.next()): null

2018-01-17 15:15:13 - [TEST_STEP][PASSED] - Statement - otp = recordset.getObject("OtpGenerated"): null

2018-01-17 15:15:13 - [TEST_STEP][PASSED] - Statement - println("otp" + " " + otp): null

2018-01-17 15:15:13 - [TEST_STEP][PASSED] - delay: Delayed 10 second(s)

2018-01-17 15:15:23 - [MESSAGE][PASSED] - Delayed 10 second(s)

2018-01-17 15:15:23 - [TEST_STEP][PASSED] - Statement - txtOtp = com.kms.katalon.core.testobject.ObjectRepository.findTestObject(txtbx-OTP): Finding Test Object with id 'Object Repository/txtbx-OTP'

2018-01-17 15:15:23 - [TEST_STEP][PASSED] - setText: Text '9701' is set on object 'Object Repository/txtbx-OTP'

2018-01-17 15:15:23 - [MESSAGE][PASSED] - Text '9701' is set on object 'Object Repository/txtbx-OTP'

2018-01-17 15:15:23 - [TEST_STEP][PASSED] - delay: Delayed 1 second(s)

2018-01-17 15:15:24 - [MESSAGE][PASSED] - Delayed 1 second(s)

2018-01-17 15:15:24 - [TEST_STEP][PASSED] - click: Object: 'Object Repository/btn-OTP_Verify' is clicked on

2018-01-17 15:15:24 - [MESSAGE][PASSED] - Object: 'Object Repository/btn-OTP_Verify' is clicked on

2018-01-17 15:15:24 - [TEST_STEP][PASSED] - delay: Delayed 5 second(s)

2018-01-17 15:15:29 - [MESSAGE][PASSED] - Delayed 5 second(s)

2018-01-17 15:15:29 - [TEST_STEP][PASSED] - click: Object: 'Object Repository/Application_Creation/btn_AGENT_SIGNATURE' is clicked on

2018-01-17 15:15:30 - [MESSAGE][PASSED] - Object: 'Object Repository/Application_Creation/btn_AGENT_SIGNATURE' is clicked on

2018-01-17 15:15:30 - [TEST_STEP][PASSED] - delay: Delayed 2 second(s)

2018-01-17 15:15:32 - [MESSAGE][PASSED] - Delayed 2 second(s)

2018-01-17 15:15:32 - [TEST_STEP][PASSED] - click: Object: 'Object Repository/Application_Creation/txtbx_AGENT_SIGNATURE' is clicked on

2018-01-17 15:15:32 - [MESSAGE][PASSED] - Object: 'Object Repository/Application_Creation/txtbx_AGENT_SIGNATURE' is clicked on

2018-01-17 15:15:32 - [TEST_STEP][PASSED] - delay: Delayed 2 second(s)

2018-01-17 15:15:34 - [MESSAGE][PASSED] - Delayed 2 second(s)

2018-01-17 15:15:34 - [TEST_STEP][PASSED] - setText: Text 'clement helms' is set on object 'Object Repository/Application_Creation/txtbx_AGENT_SIGNATURE'

2018-01-17 15:15:34 - [MESSAGE][PASSED] - Text 'clement helms' is set on object 'Object Repository/Application_Creation/txtbx_AGENT_SIGNATURE'

2018-01-17 15:15:34 - [TEST_STEP][PASSED] - delay: Delayed 2 second(s)

2018-01-17 15:15:36 - [MESSAGE][PASSED] - Delayed 2 second(s)

2018-01-17 15:15:36 - [TEST_STEP][PASSED] - click: Object: 'Object Repository/Application_Creation/btn_SUBMIT_AGENT_SIGNATURE' is clicked on

2018-01-17 15:15:36 - [MESSAGE][PASSED] - Object: 'Object Repository/Application_Creation/btn_SUBMIT_AGENT_SIGNATURE' is clicked on

2018-01-17 15:15:36 - [TEST_STEP][PASSED] - delay: Delayed 5 second(s)

2018-01-17 15:15:41 - [MESSAGE][PASSED] - Delayed 5 second(s)

2018-01-17 15:15:41 - [TEST_STEP][PASSED] - click: Object: 'Object Repository/Application_Creation/btn_SURPLUSLINE_ACK' is clicked on

2018-01-17 15:15:42 - [MESSAGE][PASSED] - Object: 'Object Repository/Application_Creation/btn_SURPLUSLINE_ACK' is clicked on

2018-01-17 15:15:42 - [TEST_STEP][PASSED] - delay: Delayed 5 second(s)

2018-01-17 15:15:47 - [MESSAGE][PASSED] - Delayed 5 second(s)

2018-01-17 15:15:47 - [TEST_STEP][PASSED] - click: Object: 'Object Repository/Application_Creation/txtfield_SURPLUSLINE_FORM_TEXT' is clicked on

2018-01-17 15:15:48 - [MESSAGE][PASSED] - Object: 'Object Repository/Application_Creation/txtfield_SURPLUSLINE_FORM_TEXT' is clicked on

2018-01-17 15:15:48 - [TEST_STEP][PASSED] - setText: Text 'Testing' is set on object 'Object Repository/Application_Creation/txtfield_SURPLUSLINE_FORM_TEXT'

2018-01-17 15:15:48 - [MESSAGE][PASSED] - Text 'Testing' is set on object 'Object Repository/Application_Creation/txtfield_SURPLUSLINE_FORM_TEXT'

2018-01-17 15:15:48 - [TEST_STEP][PASSED] - delay: Delayed 5 second(s)

2018-01-17 15:15:53 - [MESSAGE][PASSED] - Delayed 5 second(s)

2018-01-17 15:15:53 - [TEST_STEP][PASSED] - click: Object: 'Object Repository/Application_Creation/btn_SUBMIT_SURPLUSLINE' is clicked on

2018-01-17 15:15:53 - [MESSAGE][PASSED] - Object: 'Object Repository/Application_Creation/btn_SUBMIT_SURPLUSLINE' is clicked on

2018-01-17 15:15:53 - [TEST_STEP][PASSED] - delay: Delayed 5 second(s)

2018-01-17 15:15:58 - [MESSAGE][PASSED] - Delayed 5 second(s)

2018-01-17 15:15:58 - [TEST_STEP][PASSED] - click: Object: 'Object Repository/Application_Creation/btn_SUBMIT_FOR_UW_APPROVAL' is clicked on

2018-01-17 15:16:01 - [MESSAGE][PASSED] - Object: 'Object Repository/Application_Creation/btn_SUBMIT_FOR_UW_APPROVAL' is clicked on

2018-01-17 15:16:01 - [TEST_STEP][PASSED] - delay: Delayed 8 second(s)

2018-01-17 15:16:09 - [MESSAGE][PASSED] - Delayed 8 second(s)

2018-01-17 15:16:09 - [TEST_STEP][PASSED] - click: Object: 'Object Repository/Application_Creation/btn_LOGOUT' is clicked on

2018-01-17 15:16:10 - [MESSAGE][PASSED] - Object: 'Object Repository/Application_Creation/btn_LOGOUT' is clicked on

2018-01-17 15:16:10 - [TEST_STEP][PASSED] - delay: Delayed 5 second(s)

2018-01-17 15:16:15 - [MESSAGE][PASSED] - Delayed 5 second(s)

2018-01-17 15:16:15 - [TEST_STEP][PASSED] - setText: Text 'ih.william' is set on object 'Object Repository/Quote_OR/txtfield_USERNAME'

2018-01-17 15:16:15 - [MESSAGE][PASSED] - Text 'ih.william' is set on object 'Object Repository/Quote_OR/txtfield_USERNAME'

2018-01-17 15:16:15 - [TEST_STEP][PASSED] - setText: Text '10#Hammer' is set on object 'Object Repository/Quote_OR/txtfield_PASSWORD'

2018-01-17 15:16:15 - [MESSAGE][PASSED] - Text '10#Hammer' is set on object 'Object Repository/Quote_OR/txtfield_PASSWORD'

2018-01-17 15:16:15 - [TEST_STEP][PASSED] - click: Object: 'Object Repository/Quote_OR/btn-LOGIN' is clicked on

2018-01-17 15:16:17 - [MESSAGE][PASSED] - Object: 'Object Repository/Quote_OR/btn-LOGIN' is clicked on

2018-01-17 15:16:17 - [TEST_STEP][PASSED] - Statement - btnId = "//*[@id="btnLoadApplication_" + policyInfoId + ""]": null

2018-01-17 15:16:17 - [TEST_STEP][PASSED] - Statement - btnViewApplication = new com.kms.katalon.core.testobject.TestObject(btnViewApplication): null

2018-01-17 15:16:17 - [TEST_STEP][PASSED] - Statement - btnViewApplication.addProperty("xpath", EQUALS, btnId, true): null

2018-01-17 15:16:17 - [TEST_STEP][PASSED] - delay: Delayed 20 second(s)

2018-01-17 15:16:37 - [MESSAGE][PASSED] - Delayed 20 second(s)

2018-01-17 15:16:37 - [TEST_STEP][PASSED] - click: Object: 'btnViewApplication' is clicked on

2018-01-17 15:16:39 - [MESSAGE][PASSED] - Object: 'btnViewApplication' is clicked on

2018-01-17 15:16:39 - [TEST_STEP][PASSED] - delay: Delayed 8 second(s)

2018-01-17 15:16:47 - [MESSAGE][PASSED] - Delayed 8 second(s)

2018-01-17 15:16:47 - [TEST_STEP][PASSED] - click: Object: 'Object Repository/Application_Creation/btn_DOWNLOAD_AFS_UW' is clicked on

2018-01-17 15:16:48 - [MESSAGE][PASSED] - Object: 'Object Repository/Application_Creation/btn_DOWNLOAD_AFS_UW' is clicked on

2018-01-17 15:16:48 - [TEST_STEP][PASSED] - delay: Delayed 5 second(s)

2018-01-17 15:16:53 - [MESSAGE][PASSED] - Delayed 5 second(s)

2018-01-17 15:16:53 - [TEST_STEP][PASSED] - click: Object: 'Object Repository/Application_Creation/btn_GENERATE_FORMS' is clicked on

2018-01-17 15:16:53 - [MESSAGE][PASSED] - Object: 'Object Repository/Application_Creation/btn_GENERATE_FORMS' is clicked on

2018-01-17 15:16:53 - [TEST_STEP][PASSED] - delay: Delayed 5 second(s)

2018-01-17 15:16:58 - [MESSAGE][PASSED] - Delayed 5 second(s)

2018-01-17 15:16:58 - [TEST_STEP][PASSED] - click: Object: 'Object Repository/Application_Creation/btn_REQUEST_FOR_BIND' is clicked on

2018-01-17 15:16:58 - [MESSAGE][PASSED] - Object: 'Object Repository/Application_Creation/btn_REQUEST_FOR_BIND' is clicked on

2018-01-17 15:16:58 - [TEST_STEP][PASSED] - delay: Delayed 20 second(s)

2018-01-17 15:17:18 - [MESSAGE][PASSED] - Delayed 20 second(s)

2018-01-17 15:17:18 - [TEST_STEP][FAILED] - click: Unable to click on object 'Object Repository/Application_Creation/btn_VIEW_POLICY_FORMS' (Root cause: org.openqa.selenium.WebDriverException: unknown error: Element <button type="button" id="btnSubmitForApproval" class="btn btn-primary" data-loading-text="<i class='fa fa-circle-o-notch fa-spin'></i> Please wait..." data-link="/Status" data-policysubmitedlink="/Policy" style="width: 195.375px;">...</button> is not clickable at point (1204, 553). Other element would receive the click: <div class="modal fade in" id="modalViewForms" tabindex="-1" role="dialog" aria-labelledby="myModalLabel" data-backdrop="static" aria-hidden="true" style="display: block;">...</div>
  (Session info: chrome=63.0.3239.132)
  (Driver info: chromedriver=2.33.506120 (e3e53437346286c0bc2d2dc9aa4915ba81d9023f),platform=Windows NT 6.1.7601 SP1 x86_64) (WARNING: The server did not provide any stacktrace information)
Command duration or timeout: 30 milliseconds
Build info: version: '2.53.0', revision: '35ae25b', time: '2016-03-15 17:00:58'
System info: host: 'CTS-QUA-4', ip: '192.168.0.4', os.name: 'Windows 7', os.arch: 'amd64', os.version: '6.1', java.version: '1.8.0_102'
Driver info: com.kms.katalon.selenium.driver.CChromeDriver
Capabilities [{applicationCacheEnabled=false, rotatable=false, mobileEmulationEnabled=false, networkConnectionEnabled=false, chrome={chromedriverVersion=2.33.506120 (e3e53437346286c0bc2d2dc9aa4915ba81d9023f), userDataDir=C:\Users\GSALUN~1\AppData\Local\Temp\scoped_dir8140_21567}, takesHeapSnapshot=true, pageLoadStrategy=normal, databaseEnabled=false, handlesAlerts=true, hasTouchScreen=false, version=63.0.3239.132, platform=XP, browserConnectionEnabled=false, nativeEvents=true, acceptSslCerts=true, locationContextEnabled=true, webStorageEnabled=true, browserName=chrome, takesScreenshot=true, javascriptEnabled=true, cssSelectorsEnabled=true, setWindowRect=true, unexpectedAlertBehaviour=}]
Session ID: 70beff6b26c4d3e4eb581be17950b8df)

2018-01-17 15:17:19 - [MESSAGE][FAILED] - Unable to click on object 'Object Repository/Application_Creation/btn_VIEW_POLICY_FORMS' (Root cause: org.openqa.selenium.WebDriverException: unknown error: Element <button type="button" id="btnSubmitForApproval" class="btn btn-primary" data-loading-text="<i class='fa fa-circle-o-notch fa-spin'></i> Please wait..." data-link="/Status" data-policysubmitedlink="/Policy" style="width: 195.375px;">...</button> is not clickable at point (1204, 553). Other element would receive the click: <div class="modal fade in" id="modalViewForms" tabindex="-1" role="dialog" aria-labelledby="myModalLabel" data-backdrop="static" aria-hidden="true" style="display: block;">...</div>
  (Session info: chrome=63.0.3239.132)
  (Driver info: chromedriver=2.33.506120 (e3e53437346286c0bc2d2dc9aa4915ba81d9023f),platform=Windows NT 6.1.7601 SP1 x86_64) (WARNING: The server did not provide any stacktrace information)
Command duration or timeout: 30 milliseconds
Build info: version: '2.53.0', revision: '35ae25b', time: '2016-03-15 17:00:58'
System info: host: 'CTS-QUA-4', ip: '192.168.0.4', os.name: 'Windows 7', os.arch: 'amd64', os.version: '6.1', java.version: '1.8.0_102'
Driver info: com.kms.katalon.selenium.driver.CChromeDriver
Capabilities [{applicationCacheEnabled=false, rotatable=false, mobileEmulationEnabled=false, networkConnectionEnabled=false, chrome={chromedriverVersion=2.33.506120 (e3e53437346286c0bc2d2dc9aa4915ba81d9023f), userDataDir=C:\Users\GSALUN~1\AppData\Local\Temp\scoped_dir8140_21567}, takesHeapSnapshot=true, pageLoadStrategy=normal, databaseEnabled=false, handlesAlerts=true, hasTouchScreen=false, version=63.0.3239.132, platform=XP, browserConnectionEnabled=false, nativeEvents=true, acceptSslCerts=true, locationContextEnabled=true, webStorageEnabled=true, browserName=chrome, takesScreenshot=true, javascriptEnabled=true, cssSelectorsEnabled=true, setWindowRect=true, unexpectedAlertBehaviour=}]
Session ID: 70beff6b26c4d3e4eb581be17950b8df)
[[ATTACHMENT|D:\\Katalon_Practice_Workspace\\Katalon_Mitendra\\Reports\\PPE\\20180117_151027\\1516182438566.png]]]]></system-out>
         <system-err><![CDATA[2018-01-17 15:12:05 - [TEST_CASE][FAILED] - Test Cases/Searching property Address: Test Cases/Searching property Address FAILED because (of) Unable to click on object 'Object Repository/Application_Creation/btn_VIEW_POLICY_FORMS' (Root cause: org.openqa.selenium.WebDriverException: unknown error: Element <button type="button" id="btnSubmitForApproval" class="btn btn-primary" data-loading-text="<i class='fa fa-circle-o-notch fa-spin'></i> Please wait..." data-link="/Status" data-policysubmitedlink="/Policy" style="width: 195.375px;">...</button> is not clickable at point (1204, 553). Other element would receive the click: <div class="modal fade in" id="modalViewForms" tabindex="-1" role="dialog" aria-labelledby="myModalLabel" data-backdrop="static" aria-hidden="true" style="display: block;">...</div>
  (Session info: chrome=63.0.3239.132)
  (Driver info: chromedriver=2.33.506120 (e3e53437346286c0bc2d2dc9aa4915ba81d9023f),platform=Windows NT 6.1.7601 SP1 x86_64) (WARNING: The server did not provide any stacktrace information)
Command duration or timeout: 30 milliseconds
Build info: version: '2.53.0', revision: '35ae25b', time: '2016-03-15 17:00:58'
System info: host: 'CTS-QUA-4', ip: '192.168.0.4', os.name: 'Windows 7', os.arch: 'amd64', os.version: '6.1', java.version: '1.8.0_102'
Driver info: com.kms.katalon.selenium.driver.CChromeDriver
Capabilities [{applicationCacheEnabled=false, rotatable=false, mobileEmulationEnabled=false, networkConnectionEnabled=false, chrome={chromedriverVersion=2.33.506120 (e3e53437346286c0bc2d2dc9aa4915ba81d9023f), userDataDir=C:\Users\GSALUN~1\AppData\Local\Temp\scoped_dir8140_21567}, takesHeapSnapshot=true, pageLoadStrategy=normal, databaseEnabled=false, handlesAlerts=true, hasTouchScreen=false, version=63.0.3239.132, platform=XP, browserConnectionEnabled=false, nativeEvents=true, acceptSslCerts=true, locationContextEnabled=true, webStorageEnabled=true, browserName=chrome, takesScreenshot=true, javascriptEnabled=true, cssSelectorsEnabled=true, setWindowRect=true, unexpectedAlertBehaviour=}]
Session ID: 70beff6b26c4d3e4eb581be17950b8df)]]></system-err>
      </testcase>
      <system-out><![CDATA[2018-01-17 15:10:28 - [TEST_SUITE][FAILED] - PPE: Test Cases/Searching property Address FAILED because (of) Unable to click on object 'Object Repository/Application_Creation/btn_VIEW_POLICY_FORMS' (Root cause: org.openqa.selenium.WebDriverException: unknown error: Element <button type="button" id="btnSubmitForApproval" class="btn btn-primary" data-loading-text="<i class='fa fa-circle-o-notch fa-spin'></i> Please wait..." data-link="/Status" data-policysubmitedlink="/Policy" style="width: 195.375px;">...</button> is not clickable at point (1204, 553). Other element would receive the click: <div class="modal fade in" id="modalViewForms" tabindex="-1" role="dialog" aria-labelledby="myModalLabel" data-backdrop="static" aria-hidden="true" style="display: block;">...</div>
  (Session info: chrome=63.0.3239.132)
  (Driver info: chromedriver=2.33.506120 (e3e53437346286c0bc2d2dc9aa4915ba81d9023f),platform=Windows NT 6.1.7601 SP1 x86_64) (WARNING: The server did not provide any stacktrace information)
Command duration or timeout: 30 milliseconds
Build info: version: '2.53.0', revision: '35ae25b', time: '2016-03-15 17:00:58'
System info: host: 'CTS-QUA-4', ip: '192.168.0.4', os.name: 'Windows 7', os.arch: 'amd64', os.version: '6.1', java.version: '1.8.0_102'
Driver info: com.kms.katalon.selenium.driver.CChromeDriver
Capabilities [{applicationCacheEnabled=false, rotatable=false, mobileEmulationEnabled=false, networkConnectionEnabled=false, chrome={chromedriverVersion=2.33.506120 (e3e53437346286c0bc2d2dc9aa4915ba81d9023f), userDataDir=C:\Users\GSALUN~1\AppData\Local\Temp\scoped_dir8140_21567}, takesHeapSnapshot=true, pageLoadStrategy=normal, databaseEnabled=false, handlesAlerts=true, hasTouchScreen=false, version=63.0.3239.132, platform=XP, browserConnectionEnabled=false, nativeEvents=true, acceptSslCerts=true, locationContextEnabled=true, webStorageEnabled=true, browserName=chrome, takesScreenshot=true, javascriptEnabled=true, cssSelectorsEnabled=true, setWindowRect=true, unexpectedAlertBehaviour=}]
Session ID: 70beff6b26c4d3e4eb581be17950b8df)]]></system-out>
      <system-err><![CDATA[2018-01-17 15:10:28 - [TEST_SUITE][FAILED] - PPE: Test Cases/Searching property Address FAILED because (of) Unable to click on object 'Object Repository/Application_Creation/btn_VIEW_POLICY_FORMS' (Root cause: org.openqa.selenium.WebDriverException: unknown error: Element <button type="button" id="btnSubmitForApproval" class="btn btn-primary" data-loading-text="<i class='fa fa-circle-o-notch fa-spin'></i> Please wait..." data-link="/Status" data-policysubmitedlink="/Policy" style="width: 195.375px;">...</button> is not clickable at point (1204, 553). Other element would receive the click: <div class="modal fade in" id="modalViewForms" tabindex="-1" role="dialog" aria-labelledby="myModalLabel" data-backdrop="static" aria-hidden="true" style="display: block;">...</div>
  (Session info: chrome=63.0.3239.132)
  (Driver info: chromedriver=2.33.506120 (e3e53437346286c0bc2d2dc9aa4915ba81d9023f),platform=Windows NT 6.1.7601 SP1 x86_64) (WARNING: The server did not provide any stacktrace information)
Command duration or timeout: 30 milliseconds
Build info: version: '2.53.0', revision: '35ae25b', time: '2016-03-15 17:00:58'
System info: host: 'CTS-QUA-4', ip: '192.168.0.4', os.name: 'Windows 7', os.arch: 'amd64', os.version: '6.1', java.version: '1.8.0_102'
Driver info: com.kms.katalon.selenium.driver.CChromeDriver
Capabilities [{applicationCacheEnabled=false, rotatable=false, mobileEmulationEnabled=false, networkConnectionEnabled=false, chrome={chromedriverVersion=2.33.506120 (e3e53437346286c0bc2d2dc9aa4915ba81d9023f), userDataDir=C:\Users\GSALUN~1\AppData\Local\Temp\scoped_dir8140_21567}, takesHeapSnapshot=true, pageLoadStrategy=normal, databaseEnabled=false, handlesAlerts=true, hasTouchScreen=false, version=63.0.3239.132, platform=XP, browserConnectionEnabled=false, nativeEvents=true, acceptSslCerts=true, locationContextEnabled=true, webStorageEnabled=true, browserName=chrome, takesScreenshot=true, javascriptEnabled=true, cssSelectorsEnabled=true, setWindowRect=true, unexpectedAlertBehaviour=}]
Session ID: 70beff6b26c4d3e4eb581be17950b8df)]]></system-err>
   </testsuite>
</testsuites>
