<?xml version="1.0" encoding="UTF-8"?>
<testsuites name="PPE" time="113" tests="1" failures="1" errors="1">
   <testsuite name="PPE" tests="1" failures="1" errors="1" time="113" timestamp="2018-01-18 15:55:57" hostname="gsalunkhe - CTS-QUA-4.cogitate.india" id="Test Suites/PPE">
      <properties>
         <property name="deviceName" value=""/>
         <property name="devicePlatform" value=""/>
         <property name="logFolder" value="D:\\Katalon_Practice_Workspace\\Katalon_Mitendra\\Reports\\PPE\\20180118_155556"/>
         <property name="logFiles" value="D:\\Katalon_Practice_Workspace\\Katalon_Mitendra\\Reports\\PPE\\20180118_155556\\execution0.log"/>
         <property name="attachments" value="D:\\Katalon_Practice_Workspace\\Katalon_Mitendra\\Reports\\PPE\\20180118_155556\\1516271269298.png"/>
         <property name="hostName" value="gsalunkhe - CTS-QUA-4.cogitate.india"/>
         <property name="os" value="Windows 7 64bit"/>
         <property name="katalonVersion" value="5.0.1.1"/>
         <property name="browser" value="Chrome 63.0.3239.132"/>
         <property name="hostAddress" value="192.168.0.4"/>
         <property name="sessionId" value="7feca656b9a13404520bab97e539a897"/>
         <property name="seleniumVersion" value="2.53.0"/>
         <property name="proxyInformation" value="ProxyInformation{proxyOption=NO_PROXY, proxyServerType=HTTP, password=, proxyServerAddress=, proxyServerPort=0}"/>
         <property name="platform" value="Windows 7"/>
      </properties>
      <testcase name="Test Cases/QUOTE_CREATION" classname="Test Cases/QUOTE_CREATION" status="PASSED">
         <system-out><![CDATA[2018-01-18 15:55:57 - [TEST_CASE][PASSED] - Test Cases/QUOTE_CREATION: Test Cases/QUOTE_CREATION

2018-01-18 15:55:58 - [TEST_STEP][PASSED] - openBrowser: Browser is opened with url: 'http://13.90.102.191:8066'

2018-01-18 15:56:05 - [MESSAGE][PASSED] - Browser is opened with url: 'http://13.90.102.191:8066'

2018-01-18 15:56:05 - [TEST_STEP][PASSED] - maximizeWindow: Current window maximized

2018-01-18 15:56:07 - [MESSAGE][PASSED] - Current window maximized

2018-01-18 15:56:07 - [TEST_STEP][PASSED] - setText: Text 'ih.chelms' is set on object 'Object Repository/Quote_OR/txtfield_USERNAME'

2018-01-18 15:56:07 - [MESSAGE][PASSED] - Text 'ih.chelms' is set on object 'Object Repository/Quote_OR/txtfield_USERNAME'

2018-01-18 15:56:07 - [TEST_STEP][PASSED] - setText: Text '10#Hammer' is set on object 'Object Repository/Quote_OR/txtfield_PASSWORD'

2018-01-18 15:56:07 - [MESSAGE][PASSED] - Text '10#Hammer' is set on object 'Object Repository/Quote_OR/txtfield_PASSWORD'

2018-01-18 15:56:07 - [TEST_STEP][PASSED] - click: Object: 'Object Repository/Quote_OR/btn-LOGIN' is clicked on

2018-01-18 15:56:13 - [MESSAGE][PASSED] - Object: 'Object Repository/Quote_OR/btn-LOGIN' is clicked on

2018-01-18 15:56:13 - [TEST_STEP][PASSED] - setText: Text '930 Fair St SW Atlanta, GA 30314 USA' is set on object 'Object Repository/Quote_OR/txtfield_ADDRESS_ON_LANDING_PAGE'

2018-01-18 15:56:13 - [MESSAGE][PASSED] - Text '930 Fair St SW Atlanta, GA 30314 USA' is set on object 'Object Repository/Quote_OR/txtfield_ADDRESS_ON_LANDING_PAGE'

2018-01-18 15:56:13 - [TEST_STEP][PASSED] - click: Object: 'Object Repository/Quote_OR/btn_SEARCH_ADDRESS' is clicked on

2018-01-18 15:56:29 - [MESSAGE][PASSED] - Object: 'Object Repository/Quote_OR/btn_SEARCH_ADDRESS' is clicked on

2018-01-18 15:56:29 - [TEST_STEP][PASSED] - waitForPageLoad: Wait for page load successfully

2018-01-18 15:56:29 - [MESSAGE][PASSED] - Wait for page load successfully

2018-01-18 15:56:29 - [TEST_STEP][PASSED] - selectOptionByIndex: All options with index in [1] are selected on object 'Object Repository/Quote_OR/drp_PROPERTY_TYPE'

2018-01-18 15:56:30 - [MESSAGE][PASSED] - All options with index in [1] are selected on object 'Object Repository/Quote_OR/drp_PROPERTY_TYPE'

2018-01-18 15:56:30 - [TEST_STEP][PASSED] - setText: Text '' is set on object 'Object Repository/Quote_OR/txtfield_HOME_VALUATION'

2018-01-18 15:56:30 - [MESSAGE][PASSED] - Text '' is set on object 'Object Repository/Quote_OR/txtfield_HOME_VALUATION'

2018-01-18 15:56:30 - [TEST_STEP][PASSED] - selectOptionByIndex: All options with index in [2] are selected on object 'Object Repository/Quote_OR/drp_CONSTRUCTION_TYPE'

2018-01-18 15:56:30 - [MESSAGE][PASSED] - All options with index in [2] are selected on object 'Object Repository/Quote_OR/drp_CONSTRUCTION_TYPE'

2018-01-18 15:56:30 - [TEST_STEP][PASSED] - setText: Text '100000' is set on object 'Object Repository/Quote_OR/txtfield_HOME_VALUATION'

2018-01-18 15:56:30 - [MESSAGE][PASSED] - Text '100000' is set on object 'Object Repository/Quote_OR/txtfield_HOME_VALUATION'

2018-01-18 15:56:30 - [TEST_STEP][PASSED] - delay: Delayed 2 second(s)

2018-01-18 15:56:32 - [MESSAGE][PASSED] - Delayed 2 second(s)

2018-01-18 15:56:32 - [TEST_STEP][PASSED] - setText: Text '' is set on object 'Object Repository/Quote_OR/txtbx_YEARHOMEBUILD'

2018-01-18 15:56:32 - [MESSAGE][PASSED] - Text '' is set on object 'Object Repository/Quote_OR/txtbx_YEARHOMEBUILD'

2018-01-18 15:56:32 - [TEST_STEP][PASSED] - setText: Text '1968' is set on object 'Object Repository/Quote_OR/txtbx_YEARHOMEBUILD'

2018-01-18 15:56:33 - [MESSAGE][PASSED] - Text '1968' is set on object 'Object Repository/Quote_OR/txtbx_YEARHOMEBUILD'

2018-01-18 15:56:33 - [TEST_STEP][PASSED] - click: Object: 'Object Repository/Quote_OR/btn_GETQUOTE' is clicked on

2018-01-18 15:56:33 - [MESSAGE][PASSED] - Object: 'Object Repository/Quote_OR/btn_GETQUOTE' is clicked on

2018-01-18 15:56:33 - [TEST_STEP][PASSED] - delay: Delayed 1 second(s)

2018-01-18 15:56:34 - [MESSAGE][PASSED] - Delayed 1 second(s)

2018-01-18 15:56:34 - [TEST_STEP][PASSED] - click: Object: 'Object Repository/Quote_OR/btn_SENDQUOTE' is clicked on

2018-01-18 15:56:40 - [MESSAGE][PASSED] - Object: 'Object Repository/Quote_OR/btn_SENDQUOTE' is clicked on

2018-01-18 15:56:40 - [TEST_STEP][PASSED] - delay: Delayed 1 second(s)

2018-01-18 15:56:41 - [MESSAGE][PASSED] - Delayed 1 second(s)

2018-01-18 15:56:41 - [TEST_STEP][PASSED] - setText: Text 'Ganesh' is set on object 'Object Repository/Quote_OR/txtfield_SENDQUOTE_FIRSTNAME'

2018-01-18 15:56:41 - [MESSAGE][PASSED] - Text 'Ganesh' is set on object 'Object Repository/Quote_OR/txtfield_SENDQUOTE_FIRSTNAME'

2018-01-18 15:56:41 - [TEST_STEP][PASSED] - setText: Text 'Salunkhe' is set on object 'Object Repository/Quote_OR/txtfield_SENDQUOTE_LASTNAME'

2018-01-18 15:56:41 - [MESSAGE][PASSED] - Text 'Salunkhe' is set on object 'Object Repository/Quote_OR/txtfield_SENDQUOTE_LASTNAME'

2018-01-18 15:56:41 - [TEST_STEP][PASSED] - delay: Delayed 10 second(s)

2018-01-18 15:56:51 - [MESSAGE][PASSED] - Delayed 10 second(s)

2018-01-18 15:56:51 - [TEST_STEP][PASSED] - setText: Text '9768180080' is set on object 'Object Repository/Quote_OR/txtfield_SENDQUOTE_CONTACTNUMBER'

2018-01-18 15:56:51 - [MESSAGE][PASSED] - Text '9768180080' is set on object 'Object Repository/Quote_OR/txtfield_SENDQUOTE_CONTACTNUMBER'

2018-01-18 15:56:51 - [TEST_STEP][PASSED] - delay: Delayed 10 second(s)

2018-01-18 15:57:01 - [MESSAGE][PASSED] - Delayed 10 second(s)

2018-01-18 15:57:01 - [TEST_STEP][PASSED] - setText: Text 'gsalunkhe@cogitate.us' is set on object 'Object Repository/Quote_OR/txtfield_SENDQUOTE_EMAIL'

2018-01-18 15:57:02 - [MESSAGE][PASSED] - Text 'gsalunkhe@cogitate.us' is set on object 'Object Repository/Quote_OR/txtfield_SENDQUOTE_EMAIL'

2018-01-18 15:57:02 - [TEST_STEP][PASSED] - delay: Delayed 10 second(s)

2018-01-18 15:57:12 - [MESSAGE][PASSED] - Delayed 10 second(s)

2018-01-18 15:57:12 - [TEST_STEP][PASSED] - click: Object: 'Object Repository/Quote_OR/btn_SEND_QUOTE_DETAILS' is clicked on

2018-01-18 15:57:12 - [MESSAGE][PASSED] - Object: 'Object Repository/Quote_OR/btn_SEND_QUOTE_DETAILS' is clicked on

2018-01-18 15:57:12 - [TEST_STEP][PASSED] - selectOptionByIndex: All options with index in [1] are selected on object 'Object Repository/Quote_OR/drp_CONSTRUCTION_TYPE'

2018-01-18 15:57:12 - [MESSAGE][PASSED] - All options with index in [1] are selected on object 'Object Repository/Quote_OR/drp_CONSTRUCTION_TYPE'

2018-01-18 15:57:12 - [TEST_STEP][PASSED] - delay: Delayed 5 second(s)

2018-01-18 15:57:17 - [MESSAGE][PASSED] - Delayed 5 second(s)

2018-01-18 15:57:17 - [TEST_STEP][PASSED] - click: Object: 'Object Repository/Quote_OR/btn_RECALCULATE_PREMIUM' is clicked on

2018-01-18 15:57:17 - [MESSAGE][PASSED] - Object: 'Object Repository/Quote_OR/btn_RECALCULATE_PREMIUM' is clicked on]]></system-out>
         <system-err><![CDATA[]]></system-err>
      </testcase>
      <testcase name="Test Cases/APPLICATION_CREATION" classname="Test Cases/APPLICATION_CREATION" status="ERROR">
         <error type="ERROR" message="Test Cases/APPLICATION_CREATION FAILED because (of) org.codehaus.groovy.control.MultipleCompilationErrorsException: startup failed:
file:/D:/Katalon_Practice_Workspace/Katalon_Mitendra/Scripts/APPLICATION_CREATION/Script1516183804840.groovy: 22: Modifier 'public' not allowed here.
 @ line 22, column 1.
   public String propertyaddress = WebUI.getAttribute(Address, 'value')
   ^

1 error
"/>
         <system-out><![CDATA[2018-01-18 15:57:17 - [TEST_CASE][ERROR] - Test Cases/APPLICATION_CREATION: Test Cases/APPLICATION_CREATION FAILED because (of) org.codehaus.groovy.control.MultipleCompilationErrorsException: startup failed:
file:/D:/Katalon_Practice_Workspace/Katalon_Mitendra/Scripts/APPLICATION_CREATION/Script1516183804840.groovy: 22: Modifier 'public' not allowed here.
 @ line 22, column 1.
   public String propertyaddress = WebUI.getAttribute(Address, 'value')
   ^

1 error]]></system-out>
         <system-err><![CDATA[2018-01-18 15:57:17 - [TEST_CASE][ERROR] - Test Cases/APPLICATION_CREATION: Test Cases/APPLICATION_CREATION FAILED because (of) org.codehaus.groovy.control.MultipleCompilationErrorsException: startup failed:
file:/D:/Katalon_Practice_Workspace/Katalon_Mitendra/Scripts/APPLICATION_CREATION/Script1516183804840.groovy: 22: Modifier 'public' not allowed here.
 @ line 22, column 1.
   public String propertyaddress = WebUI.getAttribute(Address, 'value')
   ^

1 error]]></system-err>
      </testcase>
      <testcase name="Test Cases/ENDORSEMENT_CREATION" classname="Test Cases/ENDORSEMENT_CREATION" status="FAILED">
         <failure type="FAILED" message="Unable to click on object 'Object Repository/Endorsement_OR/btn_ADVANCE_FILTER' (Root cause: com.kms.katalon.core.webui.exception.WebElementNotFoundException: Web element with id: 'Object Repository/Endorsement_OR/btn_ADVANCE_FILTER' located by 'By.xpath: //*[@id=&quot;btnAdvanceFilter&quot;]/label' not found)"/>
         <system-out><![CDATA[2018-01-18 15:57:18 - [TEST_CASE][FAILED] - Test Cases/ENDORSEMENT_CREATION: Test Cases/ENDORSEMENT_CREATION FAILED because (of) Unable to click on object 'Object Repository/Endorsement_OR/btn_ADVANCE_FILTER' (Root cause: com.kms.katalon.core.webui.exception.WebElementNotFoundException: Web element with id: 'Object Repository/Endorsement_OR/btn_ADVANCE_FILTER' located by 'By.xpath: //*[@id="btnAdvanceFilter"]/label' not found)

2018-01-18 15:57:18 - [TEST_STEP][PASSED] - Statement - propertyaddress = "0": null

2018-01-18 15:57:18 - [TEST_STEP][FAILED] - click: Unable to click on object 'Object Repository/Endorsement_OR/btn_ADVANCE_FILTER' (Root cause: com.kms.katalon.core.webui.exception.WebElementNotFoundException: Web element with id: 'Object Repository/Endorsement_OR/btn_ADVANCE_FILTER' located by 'By.xpath: //*[@id="btnAdvanceFilter"]/label' not found)

2018-01-18 15:57:49 - [MESSAGE][FAILED] - Unable to click on object 'Object Repository/Endorsement_OR/btn_ADVANCE_FILTER' (Root cause: com.kms.katalon.core.webui.exception.WebElementNotFoundException: Web element with id: 'Object Repository/Endorsement_OR/btn_ADVANCE_FILTER' located by 'By.xpath: //*[@id="btnAdvanceFilter"]/label' not found)
[[ATTACHMENT|D:\\Katalon_Practice_Workspace\\Katalon_Mitendra\\Reports\\PPE\\20180118_155556\\1516271269298.png]]]]></system-out>
         <system-err><![CDATA[2018-01-18 15:57:18 - [TEST_CASE][FAILED] - Test Cases/ENDORSEMENT_CREATION: Test Cases/ENDORSEMENT_CREATION FAILED because (of) Unable to click on object 'Object Repository/Endorsement_OR/btn_ADVANCE_FILTER' (Root cause: com.kms.katalon.core.webui.exception.WebElementNotFoundException: Web element with id: 'Object Repository/Endorsement_OR/btn_ADVANCE_FILTER' located by 'By.xpath: //*[@id="btnAdvanceFilter"]/label' not found)]]></system-err>
      </testcase>
      <system-out><![CDATA[2018-01-18 15:55:57 - [TEST_SUITE][ERROR] - PPE: Test Cases/APPLICATION_CREATION FAILED because (of) org.codehaus.groovy.control.MultipleCompilationErrorsException: startup failed:
file:/D:/Katalon_Practice_Workspace/Katalon_Mitendra/Scripts/APPLICATION_CREATION/Script1516183804840.groovy: 22: Modifier 'public' not allowed here.
 @ line 22, column 1.
   public String propertyaddress = WebUI.getAttribute(Address, 'value')
   ^

1 error]]></system-out>
      <system-err><![CDATA[2018-01-18 15:55:57 - [TEST_SUITE][ERROR] - PPE: Test Cases/APPLICATION_CREATION FAILED because (of) org.codehaus.groovy.control.MultipleCompilationErrorsException: startup failed:
file:/D:/Katalon_Practice_Workspace/Katalon_Mitendra/Scripts/APPLICATION_CREATION/Script1516183804840.groovy: 22: Modifier 'public' not allowed here.
 @ line 22, column 1.
   public String propertyaddress = WebUI.getAttribute(Address, 'value')
   ^

1 error]]></system-err>
   </testsuite>
</testsuites>
