<?xml version="1.0" encoding="UTF-8"?>
<testsuites name="PPE" time="555" tests="2" failures="1" errors="0">
   <testsuite name="PPE" tests="2" failures="1" errors="0" time="555" timestamp="2018-01-18 19:05:05" hostname="gsalunkhe - CTS-QUA-4.cogitate.india" id="Test Suites/PPE">
      <properties>
         <property name="deviceName" value=""/>
         <property name="devicePlatform" value=""/>
         <property name="logFolder" value="D:\\Katalon_Practice_Workspace\\Katalon_Mitendra\\Reports\\PPE\\20180118_190503"/>
         <property name="logFiles" value="D:\\Katalon_Practice_Workspace\\Katalon_Mitendra\\Reports\\PPE\\20180118_190503\\execution0.log"/>
         <property name="attachments" value="D:\\Katalon_Practice_Workspace\\Katalon_Mitendra\\Reports\\PPE\\20180118_190503\\1516283058513.png"/>
         <property name="hostName" value="gsalunkhe - CTS-QUA-4.cogitate.india"/>
         <property name="os" value="Windows 7 64bit"/>
         <property name="katalonVersion" value="5.0.1.1"/>
         <property name="browser" value="Chrome 63.0.3239.132"/>
         <property name="hostAddress" value="192.168.0.4"/>
         <property name="sessionId" value="35f65e4a0a68b9b3dc057ed21afe8f44"/>
         <property name="seleniumVersion" value="2.53.0"/>
         <property name="proxyInformation" value="ProxyInformation{proxyOption=NO_PROXY, proxyServerType=HTTP, password=, proxyServerAddress=, proxyServerPort=0}"/>
         <property name="platform" value="Windows 7"/>
      </properties>
      <testcase name="Test Cases/QUOTE_CREATION" classname="Test Cases/QUOTE_CREATION" status="PASSED">
         <system-out><![CDATA[2018-01-18 19:05:05 - [TEST_CASE][PASSED] - Test Cases/QUOTE_CREATION: Test Cases/QUOTE_CREATION

2018-01-18 19:05:06 - [TEST_STEP][PASSED] - openBrowser: Browser is opened with url: 'http://13.90.102.191:8066'

2018-01-18 19:05:13 - [MESSAGE][PASSED] - Browser is opened with url: 'http://13.90.102.191:8066'

2018-01-18 19:05:13 - [TEST_STEP][PASSED] - maximizeWindow: Current window maximized

2018-01-18 19:05:14 - [MESSAGE][PASSED] - Current window maximized

2018-01-18 19:05:14 - [TEST_STEP][PASSED] - setText: Text 'ih.chelms' is set on object 'Object Repository/Quote_OR/txtfield_USERNAME'

2018-01-18 19:05:15 - [MESSAGE][PASSED] - Text 'ih.chelms' is set on object 'Object Repository/Quote_OR/txtfield_USERNAME'

2018-01-18 19:05:15 - [TEST_STEP][PASSED] - setText: Text '10#Hammer' is set on object 'Object Repository/Quote_OR/txtfield_PASSWORD'

2018-01-18 19:05:15 - [MESSAGE][PASSED] - Text '10#Hammer' is set on object 'Object Repository/Quote_OR/txtfield_PASSWORD'

2018-01-18 19:05:15 - [TEST_STEP][PASSED] - click: Object: 'Object Repository/Quote_OR/btn-LOGIN' is clicked on

2018-01-18 19:05:18 - [MESSAGE][PASSED] - Object: 'Object Repository/Quote_OR/btn-LOGIN' is clicked on

2018-01-18 19:05:18 - [TEST_STEP][PASSED] - setText: Text '1101 Tuckawanna Dr SW Atlanta, GA 30311 USA' is set on object 'Object Repository/Quote_OR/txtfield_ADDRESS_ON_LANDING_PAGE'

2018-01-18 19:05:19 - [MESSAGE][PASSED] - Text '1101 Tuckawanna Dr SW Atlanta, GA 30311 USA' is set on object 'Object Repository/Quote_OR/txtfield_ADDRESS_ON_LANDING_PAGE'

2018-01-18 19:05:19 - [TEST_STEP][PASSED] - click: Object: 'Object Repository/Quote_OR/btn_SEARCH_ADDRESS' is clicked on

2018-01-18 19:05:44 - [MESSAGE][PASSED] - Object: 'Object Repository/Quote_OR/btn_SEARCH_ADDRESS' is clicked on

2018-01-18 19:05:44 - [TEST_STEP][PASSED] - waitForPageLoad: Wait for page load successfully

2018-01-18 19:05:44 - [MESSAGE][PASSED] - Wait for page load successfully

2018-01-18 19:05:44 - [TEST_STEP][PASSED] - selectOptionByIndex: All options with index in [1] are selected on object 'Object Repository/Quote_OR/drp_PROPERTY_TYPE'

2018-01-18 19:05:44 - [MESSAGE][PASSED] - All options with index in [1] are selected on object 'Object Repository/Quote_OR/drp_PROPERTY_TYPE'

2018-01-18 19:05:44 - [TEST_STEP][PASSED] - setText: Text '' is set on object 'Object Repository/Quote_OR/txtfield_HOME_VALUATION'

2018-01-18 19:05:45 - [MESSAGE][PASSED] - Text '' is set on object 'Object Repository/Quote_OR/txtfield_HOME_VALUATION'

2018-01-18 19:05:45 - [TEST_STEP][PASSED] - selectOptionByIndex: All options with index in [2] are selected on object 'Object Repository/Quote_OR/drp_CONSTRUCTION_TYPE'

2018-01-18 19:05:45 - [MESSAGE][PASSED] - All options with index in [2] are selected on object 'Object Repository/Quote_OR/drp_CONSTRUCTION_TYPE'

2018-01-18 19:05:45 - [TEST_STEP][PASSED] - setText: Text '100000' is set on object 'Object Repository/Quote_OR/txtfield_HOME_VALUATION'

2018-01-18 19:05:45 - [MESSAGE][PASSED] - Text '100000' is set on object 'Object Repository/Quote_OR/txtfield_HOME_VALUATION'

2018-01-18 19:05:45 - [TEST_STEP][PASSED] - delay: Delayed 2 second(s)

2018-01-18 19:05:47 - [MESSAGE][PASSED] - Delayed 2 second(s)

2018-01-18 19:05:47 - [TEST_STEP][PASSED] - setText: Text '' is set on object 'Object Repository/Quote_OR/txtbx_YEARHOMEBUILD'

2018-01-18 19:05:47 - [MESSAGE][PASSED] - Text '' is set on object 'Object Repository/Quote_OR/txtbx_YEARHOMEBUILD'

2018-01-18 19:05:47 - [TEST_STEP][PASSED] - setText: Text '1968' is set on object 'Object Repository/Quote_OR/txtbx_YEARHOMEBUILD'

2018-01-18 19:05:47 - [MESSAGE][PASSED] - Text '1968' is set on object 'Object Repository/Quote_OR/txtbx_YEARHOMEBUILD'

2018-01-18 19:05:47 - [TEST_STEP][PASSED] - click: Object: 'Object Repository/Quote_OR/btn_GETQUOTE' is clicked on

2018-01-18 19:05:48 - [MESSAGE][PASSED] - Object: 'Object Repository/Quote_OR/btn_GETQUOTE' is clicked on

2018-01-18 19:05:48 - [TEST_STEP][PASSED] - delay: Delayed 1 second(s)

2018-01-18 19:05:49 - [MESSAGE][PASSED] - Delayed 1 second(s)

2018-01-18 19:05:49 - [TEST_STEP][PASSED] - click: Object: 'Object Repository/Quote_OR/btn_SENDQUOTE' is clicked on

2018-01-18 19:06:02 - [MESSAGE][PASSED] - Object: 'Object Repository/Quote_OR/btn_SENDQUOTE' is clicked on

2018-01-18 19:06:02 - [TEST_STEP][PASSED] - delay: Delayed 1 second(s)

2018-01-18 19:06:03 - [MESSAGE][PASSED] - Delayed 1 second(s)

2018-01-18 19:06:03 - [TEST_STEP][PASSED] - setText: Text 'Ganesh' is set on object 'Object Repository/Quote_OR/txtfield_SENDQUOTE_FIRSTNAME'

2018-01-18 19:06:03 - [MESSAGE][PASSED] - Text 'Ganesh' is set on object 'Object Repository/Quote_OR/txtfield_SENDQUOTE_FIRSTNAME'

2018-01-18 19:06:03 - [TEST_STEP][PASSED] - setText: Text 'Salunkhe' is set on object 'Object Repository/Quote_OR/txtfield_SENDQUOTE_LASTNAME'

2018-01-18 19:06:03 - [MESSAGE][PASSED] - Text 'Salunkhe' is set on object 'Object Repository/Quote_OR/txtfield_SENDQUOTE_LASTNAME'

2018-01-18 19:06:03 - [TEST_STEP][PASSED] - delay: Delayed 10 second(s)

2018-01-18 19:06:13 - [MESSAGE][PASSED] - Delayed 10 second(s)

2018-01-18 19:06:13 - [TEST_STEP][PASSED] - setText: Text '9768180080' is set on object 'Object Repository/Quote_OR/txtfield_SENDQUOTE_CONTACTNUMBER'

2018-01-18 19:06:14 - [MESSAGE][PASSED] - Text '9768180080' is set on object 'Object Repository/Quote_OR/txtfield_SENDQUOTE_CONTACTNUMBER'

2018-01-18 19:06:14 - [TEST_STEP][PASSED] - delay: Delayed 10 second(s)

2018-01-18 19:06:24 - [MESSAGE][PASSED] - Delayed 10 second(s)

2018-01-18 19:06:24 - [TEST_STEP][PASSED] - setText: Text 'gsalunkhe@cogitate.us' is set on object 'Object Repository/Quote_OR/txtfield_SENDQUOTE_EMAIL'

2018-01-18 19:06:24 - [MESSAGE][PASSED] - Text 'gsalunkhe@cogitate.us' is set on object 'Object Repository/Quote_OR/txtfield_SENDQUOTE_EMAIL'

2018-01-18 19:06:24 - [TEST_STEP][PASSED] - delay: Delayed 10 second(s)

2018-01-18 19:06:34 - [MESSAGE][PASSED] - Delayed 10 second(s)

2018-01-18 19:06:34 - [TEST_STEP][PASSED] - click: Object: 'Object Repository/Quote_OR/btn_SEND_QUOTE_DETAILS' is clicked on

2018-01-18 19:06:34 - [MESSAGE][PASSED] - Object: 'Object Repository/Quote_OR/btn_SEND_QUOTE_DETAILS' is clicked on

2018-01-18 19:06:34 - [TEST_STEP][PASSED] - selectOptionByIndex: All options with index in [1] are selected on object 'Object Repository/Quote_OR/drp_CONSTRUCTION_TYPE'

2018-01-18 19:06:35 - [MESSAGE][PASSED] - All options with index in [1] are selected on object 'Object Repository/Quote_OR/drp_CONSTRUCTION_TYPE'

2018-01-18 19:06:35 - [TEST_STEP][PASSED] - delay: Delayed 5 second(s)

2018-01-18 19:06:40 - [MESSAGE][PASSED] - Delayed 5 second(s)

2018-01-18 19:06:40 - [TEST_STEP][PASSED] - click: Object: 'Object Repository/Quote_OR/btn_RECALCULATE_PREMIUM' is clicked on

2018-01-18 19:06:40 - [MESSAGE][PASSED] - Object: 'Object Repository/Quote_OR/btn_RECALCULATE_PREMIUM' is clicked on]]></system-out>
         <system-err><![CDATA[]]></system-err>
      </testcase>
      <testcase name="Test Cases/APPLICATION_CREATION" classname="Test Cases/APPLICATION_CREATION" status="PASSED">
         <system-out><![CDATA[2018-01-18 19:06:40 - [TEST_CASE][PASSED] - Test Cases/APPLICATION_CREATION: Test Cases/APPLICATION_CREATION

2018-01-18 19:06:40 - [TEST_STEP][PASSED] - setText: Text '1163 Oakcrest Dr SW Atlanta, GA 30311 USA' is set on object 'Object Repository/Application_OR/txtfield_ADDRESS_ON_QUOTE_PAGE'

2018-01-18 19:06:41 - [MESSAGE][PASSED] - Text '1163 Oakcrest Dr SW Atlanta, GA 30311 USA' is set on object 'Object Repository/Application_OR/txtfield_ADDRESS_ON_QUOTE_PAGE'

2018-01-18 19:06:41 - [TEST_STEP][PASSED] - click: Object: 'Object Repository/Application_OR/btn_SEARCH_ADDRESS_QUOTE_PAGE' is clicked on

2018-01-18 19:07:09 - [MESSAGE][PASSED] - Object: 'Object Repository/Application_OR/btn_SEARCH_ADDRESS_QUOTE_PAGE' is clicked on

2018-01-18 19:07:09 - [TEST_STEP][PASSED] - Statement - Address = com.kms.katalon.core.testobject.ObjectRepository.findTestObject(Endorsement_OR/get_Address): Finding Test Object with id 'Object Repository/Endorsement_OR/get_Address'

2018-01-18 19:07:09 - [TEST_STEP][PASSED] - Statement - propertyaddress = com.kms.katalon.core.webui.keyword.WebUiBuiltInKeywords.getAttribute(Address, "value"): Attribute 'value' of object 'Object Repository/Endorsement_OR/get_Address' is: '1163 Oakcrest Dr SW, Atlanta, GA 30311, USA'

2018-01-18 19:07:10 - [MESSAGE][PASSED] - Attribute 'value' of object 'Object Repository/Endorsement_OR/get_Address' is: '1163 Oakcrest Dr SW, Atlanta, GA 30311, USA'

2018-01-18 19:07:10 - [TEST_STEP][PASSED] - Statement - println(propertyaddress): null

2018-01-18 19:07:10 - [TEST_STEP][PASSED] - Statement - propertyaddress = propertyaddress: null

2018-01-18 19:07:10 - [TEST_STEP][PASSED] - selectOptionByIndex: All options with index in [1] are selected on object 'Object Repository/Quote_OR/drp_PROPERTY_TYPE'

2018-01-18 19:07:10 - [MESSAGE][PASSED] - All options with index in [1] are selected on object 'Object Repository/Quote_OR/drp_PROPERTY_TYPE'

2018-01-18 19:07:10 - [TEST_STEP][PASSED] - setText: Text '' is set on object 'Object Repository/Quote_OR/txtbx_YEARHOMEBUILD'

2018-01-18 19:07:10 - [MESSAGE][PASSED] - Text '' is set on object 'Object Repository/Quote_OR/txtbx_YEARHOMEBUILD'

2018-01-18 19:07:10 - [TEST_STEP][PASSED] - setText: Text '2000' is set on object 'Object Repository/Quote_OR/txtbx_YEARHOMEBUILD'

2018-01-18 19:07:10 - [MESSAGE][PASSED] - Text '2000' is set on object 'Object Repository/Quote_OR/txtbx_YEARHOMEBUILD'

2018-01-18 19:07:10 - [TEST_STEP][PASSED] - selectOptionByIndex: All options with index in [2] are selected on object 'Object Repository/Quote_OR/drp_CONSTRUCTION_TYPE'

2018-01-18 19:07:10 - [MESSAGE][PASSED] - All options with index in [2] are selected on object 'Object Repository/Quote_OR/drp_CONSTRUCTION_TYPE'

2018-01-18 19:07:10 - [TEST_STEP][PASSED] - setText: Text '' is set on object 'Object Repository/Quote_OR/txtfield_HOME_VALUATION'

2018-01-18 19:07:10 - [MESSAGE][PASSED] - Text '' is set on object 'Object Repository/Quote_OR/txtfield_HOME_VALUATION'

2018-01-18 19:07:10 - [TEST_STEP][PASSED] - setText: Text '100000' is set on object 'Object Repository/Quote_OR/txtfield_HOME_VALUATION'

2018-01-18 19:07:10 - [MESSAGE][PASSED] - Text '100000' is set on object 'Object Repository/Quote_OR/txtfield_HOME_VALUATION'

2018-01-18 19:07:10 - [TEST_STEP][PASSED] - click: Object: 'Object Repository/Quote_OR/btn_GETQUOTE' is clicked on

2018-01-18 19:07:11 - [MESSAGE][PASSED] - Object: 'Object Repository/Quote_OR/btn_GETQUOTE' is clicked on

2018-01-18 19:07:11 - [TEST_STEP][PASSED] - delay: Delayed 1 second(s)

2018-01-18 19:07:12 - [MESSAGE][PASSED] - Delayed 1 second(s)

2018-01-18 19:07:12 - [TEST_STEP][PASSED] - click: Object: 'Object Repository/Application_OR/btn_TOAPPLICATION' is clicked on

2018-01-18 19:07:40 - [MESSAGE][PASSED] - Object: 'Object Repository/Application_OR/btn_TOAPPLICATION' is clicked on

2018-01-18 19:07:40 - [TEST_STEP][PASSED] - delay: Delayed 10 second(s)

2018-01-18 19:07:50 - [MESSAGE][PASSED] - Delayed 10 second(s)

2018-01-18 19:07:50 - [TEST_STEP][PASSED] - click: Object: 'Object Repository/Application_OR/btn_CONTINUE_UW_QUESTIONS' is clicked on

2018-01-18 19:07:50 - [MESSAGE][PASSED] - Object: 'Object Repository/Application_OR/btn_CONTINUE_UW_QUESTIONS' is clicked on

2018-01-18 19:07:50 - [TEST_STEP][PASSED] - delay: Delayed 10 second(s)

2018-01-18 19:08:00 - [MESSAGE][PASSED] - Delayed 10 second(s)

2018-01-18 19:08:00 - [TEST_STEP][PASSED] - delay: Delayed 3 second(s)

2018-01-18 19:08:03 - [MESSAGE][PASSED] - Delayed 3 second(s)

2018-01-18 19:08:03 - [TEST_STEP][PASSED] - click: Object: 'Object Repository/Application_OR/txtfield_INSURED_FIRSTNAME' is clicked on

2018-01-18 19:08:09 - [MESSAGE][PASSED] - Object: 'Object Repository/Application_OR/txtfield_INSURED_FIRSTNAME' is clicked on

2018-01-18 19:08:09 - [TEST_STEP][PASSED] - setText: Text 'Ross' is set on object 'Object Repository/Application_OR/txtfield_INSURED_FIRSTNAME'

2018-01-18 19:08:09 - [MESSAGE][PASSED] - Text 'Ross' is set on object 'Object Repository/Application_OR/txtfield_INSURED_FIRSTNAME'

2018-01-18 19:08:09 - [TEST_STEP][PASSED] - setText: Text 'Marshal' is set on object 'Object Repository/Application_OR/txtfield_INSURED_MIDDLENAME'

2018-01-18 19:08:09 - [MESSAGE][PASSED] - Text 'Marshal' is set on object 'Object Repository/Application_OR/txtfield_INSURED_MIDDLENAME'

2018-01-18 19:08:09 - [TEST_STEP][PASSED] - setText: Text 'Guptil' is set on object 'Object Repository/Application_OR/txtfield_INSURED_LASTNAME'

2018-01-18 19:08:09 - [MESSAGE][PASSED] - Text 'Guptil' is set on object 'Object Repository/Application_OR/txtfield_INSURED_LASTNAME'

2018-01-18 19:08:09 - [TEST_STEP][PASSED] - setText: Text '09/10/1999' is set on object 'Object Repository/Application_OR/txtfield_INSURED_DOB'

2018-01-18 19:08:10 - [MESSAGE][PASSED] - Text '09/10/1999' is set on object 'Object Repository/Application_OR/txtfield_INSURED_DOB'

2018-01-18 19:08:10 - [TEST_STEP][PASSED] - delay: Delayed 5 second(s)

2018-01-18 19:08:15 - [MESSAGE][PASSED] - Delayed 5 second(s)

2018-01-18 19:08:15 - [TEST_STEP][PASSED] - setText: Text 'gsalunkhe@cogitate.us' is set on object 'Object Repository/Application_OR/txtfield_INSURED_EMAIL'

2018-01-18 19:08:15 - [MESSAGE][PASSED] - Text 'gsalunkhe@cogitate.us' is set on object 'Object Repository/Application_OR/txtfield_INSURED_EMAIL'

2018-01-18 19:08:15 - [TEST_STEP][PASSED] - delay: Delayed 5 second(s)

2018-01-18 19:08:20 - [MESSAGE][PASSED] - Delayed 5 second(s)

2018-01-18 19:08:20 - [TEST_STEP][PASSED] - setText: Text '9768180080' is set on object 'Object Repository/Application_OR/txtfield_INSURED_CONTACTNUMBER'

2018-01-18 19:08:20 - [MESSAGE][PASSED] - Text '9768180080' is set on object 'Object Repository/Application_OR/txtfield_INSURED_CONTACTNUMBER'

2018-01-18 19:08:20 - [TEST_STEP][PASSED] - delay: Delayed 5 second(s)

2018-01-18 19:08:25 - [MESSAGE][PASSED] - Delayed 5 second(s)

2018-01-18 19:08:25 - [TEST_STEP][PASSED] - Statement - hdnPolicyInfoId = com.kms.katalon.core.testobject.ObjectRepository.findTestObject(Generic_OR/hdnPolicyInfoId): Finding Test Object with id 'Object Repository/Generic_OR/hdnPolicyInfoId'

2018-01-18 19:08:25 - [TEST_STEP][PASSED] - Statement - policyInfoid = com.kms.katalon.core.webui.keyword.WebUiBuiltInKeywords.getAttribute(hdnPolicyInfoId, "value"): Attribute 'value' of object 'Object Repository/Generic_OR/hdnPolicyInfoId' is: '3349'

2018-01-18 19:08:25 - [MESSAGE][PASSED] - Attribute 'value' of object 'Object Repository/Generic_OR/hdnPolicyInfoId' is: '3349'

2018-01-18 19:08:25 - [TEST_STEP][PASSED] - Statement - policyInfoId = policyInfoid: null

2018-01-18 19:08:25 - [TEST_STEP][PASSED] - click: Object: 'Object Repository/Application_OR/btn_POLICYHOLDER_SAVEANDCONTINUE' is clicked on

2018-01-18 19:08:30 - [MESSAGE][PASSED] - Object: 'Object Repository/Application_OR/btn_POLICYHOLDER_SAVEANDCONTINUE' is clicked on

2018-01-18 19:08:30 - [TEST_STEP][PASSED] - delay: Delayed 1 second(s)

2018-01-18 19:08:31 - [MESSAGE][PASSED] - Delayed 1 second(s)

2018-01-18 19:08:31 - [TEST_STEP][PASSED] - click: Object: 'Object Repository/Application_OR/drp_ROOFTYPE_PROPERTYPAGE' is clicked on

2018-01-18 19:08:38 - [MESSAGE][PASSED] - Object: 'Object Repository/Application_OR/drp_ROOFTYPE_PROPERTYPAGE' is clicked on

2018-01-18 19:08:38 - [TEST_STEP][PASSED] - delay: Delayed 3 second(s)

2018-01-18 19:08:41 - [MESSAGE][PASSED] - Delayed 3 second(s)

2018-01-18 19:08:41 - [TEST_STEP][PASSED] - selectOptionByIndex: All options with index in [1] are selected on object 'Object Repository/Application_OR/drp_ROOFTYPE_PROPERTYPAGE'

2018-01-18 19:08:41 - [MESSAGE][PASSED] - All options with index in [1] are selected on object 'Object Repository/Application_OR/drp_ROOFTYPE_PROPERTYPAGE'

2018-01-18 19:08:41 - [TEST_STEP][PASSED] - delay: Delayed 2 second(s)

2018-01-18 19:08:43 - [MESSAGE][PASSED] - Delayed 2 second(s)

2018-01-18 19:08:43 - [TEST_STEP][PASSED] - selectOptionByIndex: All options with index in [3] are selected on object 'Object Repository/Application_OR/drp_FOUNDATIONTYPE_PROPERTYPAGE'

2018-01-18 19:08:43 - [MESSAGE][PASSED] - All options with index in [3] are selected on object 'Object Repository/Application_OR/drp_FOUNDATIONTYPE_PROPERTYPAGE'

2018-01-18 19:08:43 - [TEST_STEP][PASSED] - delay: Delayed 2 second(s)

2018-01-18 19:08:45 - [MESSAGE][PASSED] - Delayed 2 second(s)

2018-01-18 19:08:45 - [TEST_STEP][PASSED] - selectOptionByIndex: All options with index in [7] are selected on object 'Object Repository/Application_OR/drp_HEATINGTYPE_PROPERTYPAGE'

2018-01-18 19:08:45 - [MESSAGE][PASSED] - All options with index in [7] are selected on object 'Object Repository/Application_OR/drp_HEATINGTYPE_PROPERTYPAGE'

2018-01-18 19:08:45 - [TEST_STEP][PASSED] - delay: Delayed 5 second(s)

2018-01-18 19:08:50 - [MESSAGE][PASSED] - Delayed 5 second(s)

2018-01-18 19:08:50 - [TEST_STEP][PASSED] - click: Object: 'Object Repository/Application_OR/btn_OCCUPANYPAGE_SAVEANDCONTINUE' is clicked on

2018-01-18 19:08:51 - [MESSAGE][PASSED] - Object: 'Object Repository/Application_OR/btn_OCCUPANYPAGE_SAVEANDCONTINUE' is clicked on

2018-01-18 19:08:51 - [TEST_STEP][PASSED] - delay: Delayed 1 second(s)

2018-01-18 19:08:52 - [MESSAGE][PASSED] - Delayed 1 second(s)

2018-01-18 19:08:52 - [TEST_STEP][PASSED] - click: Object: 'Object Repository/Application_OR/btn_YES_ROOFAGE_POPUP' is clicked on

2018-01-18 19:08:53 - [MESSAGE][PASSED] - Object: 'Object Repository/Application_OR/btn_YES_ROOFAGE_POPUP' is clicked on

2018-01-18 19:08:53 - [TEST_STEP][PASSED] - delay: Delayed 1 second(s)

2018-01-18 19:08:54 - [MESSAGE][PASSED] - Delayed 1 second(s)

2018-01-18 19:08:54 - [TEST_STEP][PASSED] - click: Object: 'Object Repository/Application_OR/btn_YES_ELECTRICALAGE_POPUP' is clicked on

2018-01-18 19:08:54 - [MESSAGE][PASSED] - Object: 'Object Repository/Application_OR/btn_YES_ELECTRICALAGE_POPUP' is clicked on

2018-01-18 19:08:54 - [TEST_STEP][PASSED] - delay: Delayed 1 second(s)

2018-01-18 19:08:55 - [MESSAGE][PASSED] - Delayed 1 second(s)

2018-01-18 19:08:55 - [TEST_STEP][PASSED] - click: Object: 'Object Repository/Application_OR/btn_YES_ELECTRICALAGE_POPUP' is clicked on

2018-01-18 19:08:56 - [MESSAGE][PASSED] - Object: 'Object Repository/Application_OR/btn_YES_ELECTRICALAGE_POPUP' is clicked on

2018-01-18 19:08:56 - [TEST_STEP][PASSED] - delay: Delayed 5 second(s)

2018-01-18 19:09:01 - [MESSAGE][PASSED] - Delayed 5 second(s)

2018-01-18 19:09:01 - [TEST_STEP][PASSED] - click: Object: 'Object Repository/Application_OR/btn_OCCUPANYPAGE_SAVEANDCONTINUE' is clicked on

2018-01-18 19:09:03 - [MESSAGE][PASSED] - Object: 'Object Repository/Application_OR/btn_OCCUPANYPAGE_SAVEANDCONTINUE' is clicked on

2018-01-18 19:09:03 - [TEST_STEP][PASSED] - delay: Delayed 5 second(s)

2018-01-18 19:09:08 - [MESSAGE][PASSED] - Delayed 5 second(s)

2018-01-18 19:09:08 - [TEST_STEP][PASSED] - check: Object 'Object Repository/Application_OR/chkbx_AGREEMENT' is checked

2018-01-18 19:09:08 - [MESSAGE][PASSED] - Object 'Object Repository/Application_OR/chkbx_AGREEMENT' is checked

2018-01-18 19:09:08 - [TEST_STEP][PASSED] - delay: Delayed 10 second(s)

2018-01-18 19:09:18 - [MESSAGE][PASSED] - Delayed 10 second(s)

2018-01-18 19:09:18 - [TEST_STEP][PASSED] - click: Object: 'Object Repository/Application_OR/btn_OCCUPANYPAGE_SAVEANDCONTINUE' is clicked on

2018-01-18 19:09:18 - [MESSAGE][PASSED] - Object: 'Object Repository/Application_OR/btn_OCCUPANYPAGE_SAVEANDCONTINUE' is clicked on

2018-01-18 19:09:18 - [TEST_STEP][PASSED] - delay: Delayed 5 second(s)

2018-01-18 19:09:23 - [MESSAGE][PASSED] - Delayed 5 second(s)

2018-01-18 19:09:23 - [TEST_STEP][PASSED] - click: Object: 'Object Repository/Application_OR/btn_SIGNAPPLICATION_AGENT' is clicked on

2018-01-18 19:09:38 - [MESSAGE][PASSED] - Object: 'Object Repository/Application_OR/btn_SIGNAPPLICATION_AGENT' is clicked on

2018-01-18 19:09:38 - [TEST_STEP][PASSED] - delay: Delayed 5 second(s)

2018-01-18 19:09:43 - [MESSAGE][PASSED] - Delayed 5 second(s)

2018-01-18 19:09:43 - [TEST_STEP][PASSED] - click: Object: 'Object Repository/Application_OR/btn_INSURED_SIGNATURE' is clicked on

2018-01-18 19:09:44 - [MESSAGE][PASSED] - Object: 'Object Repository/Application_OR/btn_INSURED_SIGNATURE' is clicked on

2018-01-18 19:09:44 - [TEST_STEP][PASSED] - delay: Delayed 5 second(s)

2018-01-18 19:09:49 - [MESSAGE][PASSED] - Delayed 5 second(s)

2018-01-18 19:09:49 - [TEST_STEP][PASSED] - click: Object: 'Object Repository/Application_OR/txtbx_INSURED_SIGNATURE' is clicked on

2018-01-18 19:09:49 - [MESSAGE][PASSED] - Object: 'Object Repository/Application_OR/txtbx_INSURED_SIGNATURE' is clicked on

2018-01-18 19:09:49 - [TEST_STEP][PASSED] - delay: Delayed 5 second(s)

2018-01-18 19:09:54 - [MESSAGE][PASSED] - Delayed 5 second(s)

2018-01-18 19:09:54 - [TEST_STEP][PASSED] - setText: Text 'Ross Marshal Guptil' is set on object 'Object Repository/Application_OR/txtbx_INSURED_SIGNATURE'

2018-01-18 19:09:54 - [MESSAGE][PASSED] - Text 'Ross Marshal Guptil' is set on object 'Object Repository/Application_OR/txtbx_INSURED_SIGNATURE'

2018-01-18 19:09:54 - [TEST_STEP][PASSED] - click: Object: 'Object Repository/Application_OR/btn_SUBMIT_INSURED_SIGNATURE' is clicked on

2018-01-18 19:09:54 - [MESSAGE][PASSED] - Object: 'Object Repository/Application_OR/btn_SUBMIT_INSURED_SIGNATURE' is clicked on

2018-01-18 19:09:54 - [TEST_STEP][PASSED] - Statement - otpQuery = "SELECT TOP 1 OtpGenerated FROM PPE_ApplicationForms_trn where PolicyInfoId = " + policyInfoId + " Order BY ModifiedDateTime DESC": null

2018-01-18 19:09:54 - [TEST_STEP][PASSED] - Statement - println("otpQuery" + " " + otpQuery): null

2018-01-18 19:09:54 - [TEST_STEP][PASSED] - com.PPE.Database_Connection.connectDB: com.PPE.Database_Connection.connectDB is PASSED

2018-01-18 19:10:07 - [MESSAGE][PASSED] - com.PPE.Database_Connection.connectDB is PASSED

2018-01-18 19:10:07 - [TEST_STEP][PASSED] - Statement - recordset = CustomKeywords.com.PPE.Database_Connection.executeQuery(otpQuery): com.PPE.Database_Connection.executeQuery is PASSED

2018-01-18 19:10:07 - [MESSAGE][PASSED] - com.PPE.Database_Connection.executeQuery is PASSED

2018-01-18 19:10:08 - [TEST_STEP][PASSED] - Statement - otp = 0: null

2018-01-18 19:10:08 - [TEST_STEP][PASSED] - Statement - While (recordset.next()): null

2018-01-18 19:10:08 - [TEST_STEP][PASSED] - Statement - otp = recordset.getObject("OtpGenerated"): null

2018-01-18 19:10:08 - [TEST_STEP][PASSED] - Statement - println("otp" + " " + otp): null

2018-01-18 19:10:08 - [TEST_STEP][PASSED] - delay: Delayed 10 second(s)

2018-01-18 19:10:18 - [MESSAGE][PASSED] - Delayed 10 second(s)

2018-01-18 19:10:18 - [TEST_STEP][PASSED] - Statement - txtOtp = com.kms.katalon.core.testobject.ObjectRepository.findTestObject(Application_OR/txtfield-OTP): Finding Test Object with id 'Object Repository/Application_OR/txtfield-OTP'

2018-01-18 19:10:18 - [TEST_STEP][PASSED] - setText: Text '4617' is set on object 'Object Repository/Application_OR/txtfield-OTP'

2018-01-18 19:10:18 - [MESSAGE][PASSED] - Text '4617' is set on object 'Object Repository/Application_OR/txtfield-OTP'

2018-01-18 19:10:18 - [TEST_STEP][PASSED] - delay: Delayed 1 second(s)

2018-01-18 19:10:19 - [MESSAGE][PASSED] - Delayed 1 second(s)

2018-01-18 19:10:19 - [TEST_STEP][PASSED] - click: Object: 'Object Repository/Application_OR/btn_OTP_VERIFY' is clicked on

2018-01-18 19:10:19 - [MESSAGE][PASSED] - Object: 'Object Repository/Application_OR/btn_OTP_VERIFY' is clicked on

2018-01-18 19:10:19 - [TEST_STEP][PASSED] - delay: Delayed 5 second(s)

2018-01-18 19:10:24 - [MESSAGE][PASSED] - Delayed 5 second(s)

2018-01-18 19:10:24 - [TEST_STEP][PASSED] - click: Object: 'Object Repository/Application_OR/btn_AGENT_SIGNATURE' is clicked on

2018-01-18 19:10:24 - [MESSAGE][PASSED] - Object: 'Object Repository/Application_OR/btn_AGENT_SIGNATURE' is clicked on

2018-01-18 19:10:24 - [TEST_STEP][PASSED] - delay: Delayed 2 second(s)

2018-01-18 19:10:26 - [MESSAGE][PASSED] - Delayed 2 second(s)

2018-01-18 19:10:26 - [TEST_STEP][PASSED] - click: Object: 'Object Repository/Application_OR/txtbx_AGENT_SIGNATURE' is clicked on

2018-01-18 19:10:26 - [MESSAGE][PASSED] - Object: 'Object Repository/Application_OR/txtbx_AGENT_SIGNATURE' is clicked on

2018-01-18 19:10:26 - [TEST_STEP][PASSED] - delay: Delayed 2 second(s)

2018-01-18 19:10:28 - [MESSAGE][PASSED] - Delayed 2 second(s)

2018-01-18 19:10:28 - [TEST_STEP][PASSED] - setText: Text 'clement helms' is set on object 'Object Repository/Application_OR/txtbx_AGENT_SIGNATURE'

2018-01-18 19:10:28 - [MESSAGE][PASSED] - Text 'clement helms' is set on object 'Object Repository/Application_OR/txtbx_AGENT_SIGNATURE'

2018-01-18 19:10:28 - [TEST_STEP][PASSED] - delay: Delayed 2 second(s)

2018-01-18 19:10:30 - [MESSAGE][PASSED] - Delayed 2 second(s)

2018-01-18 19:10:30 - [TEST_STEP][PASSED] - click: Object: 'Object Repository/Application_OR/btn_SUBMIT_AGENT_SIGNATURE' is clicked on

2018-01-18 19:10:31 - [MESSAGE][PASSED] - Object: 'Object Repository/Application_OR/btn_SUBMIT_AGENT_SIGNATURE' is clicked on

2018-01-18 19:10:31 - [TEST_STEP][PASSED] - delay: Delayed 5 second(s)

2018-01-18 19:10:36 - [MESSAGE][PASSED] - Delayed 5 second(s)

2018-01-18 19:10:36 - [TEST_STEP][PASSED] - click: Object: 'Object Repository/Application_OR/btn_SURPLUSLINE_ACK' is clicked on

2018-01-18 19:10:37 - [MESSAGE][PASSED] - Object: 'Object Repository/Application_OR/btn_SURPLUSLINE_ACK' is clicked on

2018-01-18 19:10:37 - [TEST_STEP][PASSED] - delay: Delayed 5 second(s)

2018-01-18 19:10:42 - [MESSAGE][PASSED] - Delayed 5 second(s)

2018-01-18 19:10:42 - [TEST_STEP][PASSED] - click: Object: 'Object Repository/Application_OR/txtfield_SURPLUSLINE_FORM_TEXT' is clicked on

2018-01-18 19:10:43 - [MESSAGE][PASSED] - Object: 'Object Repository/Application_OR/txtfield_SURPLUSLINE_FORM_TEXT' is clicked on

2018-01-18 19:10:43 - [TEST_STEP][PASSED] - setText: Text 'Testing' is set on object 'Object Repository/Application_OR/txtfield_SURPLUSLINE_FORM_TEXT'

2018-01-18 19:10:43 - [MESSAGE][PASSED] - Text 'Testing' is set on object 'Object Repository/Application_OR/txtfield_SURPLUSLINE_FORM_TEXT'

2018-01-18 19:10:43 - [TEST_STEP][PASSED] - delay: Delayed 5 second(s)

2018-01-18 19:10:48 - [MESSAGE][PASSED] - Delayed 5 second(s)

2018-01-18 19:10:48 - [TEST_STEP][PASSED] - click: Object: 'Object Repository/Application_OR/btn_SUBMIT_SURPLUSLINE' is clicked on

2018-01-18 19:10:48 - [MESSAGE][PASSED] - Object: 'Object Repository/Application_OR/btn_SUBMIT_SURPLUSLINE' is clicked on

2018-01-18 19:10:48 - [TEST_STEP][PASSED] - delay: Delayed 5 second(s)

2018-01-18 19:10:53 - [MESSAGE][PASSED] - Delayed 5 second(s)

2018-01-18 19:10:53 - [TEST_STEP][PASSED] - click: Object: 'Object Repository/Application_OR/btn_SUBMIT_FOR_UW_APPROVAL' is clicked on

2018-01-18 19:10:57 - [MESSAGE][PASSED] - Object: 'Object Repository/Application_OR/btn_SUBMIT_FOR_UW_APPROVAL' is clicked on

2018-01-18 19:10:57 - [TEST_STEP][PASSED] - delay: Delayed 8 second(s)

2018-01-18 19:11:05 - [MESSAGE][PASSED] - Delayed 8 second(s)

2018-01-18 19:11:05 - [TEST_STEP][PASSED] - click: Object: 'Object Repository/Application_OR/btn_LOGOUT' is clicked on

2018-01-18 19:11:06 - [MESSAGE][PASSED] - Object: 'Object Repository/Application_OR/btn_LOGOUT' is clicked on

2018-01-18 19:11:06 - [TEST_STEP][PASSED] - delay: Delayed 5 second(s)

2018-01-18 19:11:11 - [MESSAGE][PASSED] - Delayed 5 second(s)

2018-01-18 19:11:11 - [TEST_STEP][PASSED] - setText: Text 'ih.william' is set on object 'Object Repository/Quote_OR/txtfield_USERNAME'

2018-01-18 19:11:11 - [MESSAGE][PASSED] - Text 'ih.william' is set on object 'Object Repository/Quote_OR/txtfield_USERNAME'

2018-01-18 19:11:11 - [TEST_STEP][PASSED] - setText: Text '10#Hammer' is set on object 'Object Repository/Quote_OR/txtfield_PASSWORD'

2018-01-18 19:11:11 - [MESSAGE][PASSED] - Text '10#Hammer' is set on object 'Object Repository/Quote_OR/txtfield_PASSWORD'

2018-01-18 19:11:11 - [TEST_STEP][PASSED] - click: Object: 'Object Repository/Quote_OR/btn-LOGIN' is clicked on

2018-01-18 19:11:14 - [MESSAGE][PASSED] - Object: 'Object Repository/Quote_OR/btn-LOGIN' is clicked on

2018-01-18 19:11:14 - [TEST_STEP][PASSED] - delay: Delayed 5 second(s)

2018-01-18 19:11:19 - [MESSAGE][PASSED] - Delayed 5 second(s)

2018-01-18 19:11:19 - [TEST_STEP][PASSED] - Statement - btnId = "//*[@id="btnLoadApplication_" + policyInfoId + ""]": null

2018-01-18 19:11:19 - [TEST_STEP][PASSED] - Statement - btnViewApplication = new com.kms.katalon.core.testobject.TestObject(btnViewApplication): null

2018-01-18 19:11:19 - [TEST_STEP][PASSED] - Statement - btnViewApplication.addProperty("xpath", EQUALS, btnId, true): null

2018-01-18 19:11:19 - [TEST_STEP][PASSED] - delay: Delayed 20 second(s)

2018-01-18 19:11:39 - [MESSAGE][PASSED] - Delayed 20 second(s)

2018-01-18 19:11:39 - [TEST_STEP][PASSED] - click: Object: 'btnViewApplication' is clicked on

2018-01-18 19:11:41 - [MESSAGE][PASSED] - Object: 'btnViewApplication' is clicked on

2018-01-18 19:11:41 - [TEST_STEP][PASSED] - delay: Delayed 8 second(s)

2018-01-18 19:11:49 - [MESSAGE][PASSED] - Delayed 8 second(s)

2018-01-18 19:11:49 - [TEST_STEP][PASSED] - click: Object: 'Object Repository/Application_OR/btn_DOWNLOAD_AFS_UW' is clicked on

2018-01-18 19:11:49 - [MESSAGE][PASSED] - Object: 'Object Repository/Application_OR/btn_DOWNLOAD_AFS_UW' is clicked on

2018-01-18 19:11:49 - [TEST_STEP][PASSED] - delay: Delayed 5 second(s)

2018-01-18 19:11:54 - [MESSAGE][PASSED] - Delayed 5 second(s)

2018-01-18 19:11:54 - [TEST_STEP][PASSED] - click: Object: 'Object Repository/Application_OR/btn_GENERATE_FORMS' is clicked on

2018-01-18 19:11:54 - [MESSAGE][PASSED] - Object: 'Object Repository/Application_OR/btn_GENERATE_FORMS' is clicked on

2018-01-18 19:11:54 - [TEST_STEP][PASSED] - delay: Delayed 5 second(s)

2018-01-18 19:11:59 - [MESSAGE][PASSED] - Delayed 5 second(s)

2018-01-18 19:11:59 - [TEST_STEP][PASSED] - click: Object: 'Object Repository/Application_OR/btn_REQUEST_FOR_BIND' is clicked on

2018-01-18 19:11:59 - [MESSAGE][PASSED] - Object: 'Object Repository/Application_OR/btn_REQUEST_FOR_BIND' is clicked on

2018-01-18 19:11:59 - [TEST_STEP][PASSED] - delay: Delayed 20 second(s)

2018-01-18 19:12:19 - [MESSAGE][PASSED] - Delayed 20 second(s)

2018-01-18 19:12:19 - [TEST_STEP][PASSED] - click: Object: 'Object Repository/Application_OR/btn_VIEW_POLICY_FORMS' is clicked on

2018-01-18 19:12:19 - [MESSAGE][PASSED] - Object: 'Object Repository/Application_OR/btn_VIEW_POLICY_FORMS' is clicked on

2018-01-18 19:12:19 - [TEST_STEP][PASSED] - delay: Delayed 20 second(s)

2018-01-18 19:12:39 - [MESSAGE][PASSED] - Delayed 20 second(s)

2018-01-18 19:12:39 - [TEST_STEP][PASSED] - click: Object: 'Object Repository/Application_OR/btn_UW_APPLICATION_STATUS_MENU' is clicked on

2018-01-18 19:12:40 - [MESSAGE][PASSED] - Object: 'Object Repository/Application_OR/btn_UW_APPLICATION_STATUS_MENU' is clicked on

2018-01-18 19:12:40 - [TEST_STEP][PASSED] - delay: Delayed 2 second(s)

2018-01-18 19:12:42 - [MESSAGE][PASSED] - Delayed 2 second(s)

2018-01-18 19:12:42 - [TEST_STEP][PASSED] - click: Object: 'Object Repository/Application_OR/btn_YES_CONFIRMATION' is clicked on

2018-01-18 19:12:42 - [MESSAGE][PASSED] - Object: 'Object Repository/Application_OR/btn_YES_CONFIRMATION' is clicked on

2018-01-18 19:12:42 - [TEST_STEP][PASSED] - delay: Delayed 12 second(s)

2018-01-18 19:12:54 - [MESSAGE][PASSED] - Delayed 12 second(s)]]></system-out>
         <system-err><![CDATA[]]></system-err>
      </testcase>
      <testcase name="Test Cases/ENDORSEMENT_CREATION" classname="Test Cases/ENDORSEMENT_CREATION" status="FAILED">
         <failure type="FAILED" message="Unable to click on object 'Object Repository/Endorsement_OR/btn_EDIT_APPLICANTINFO_UW' (Root cause: org.openqa.selenium.WebDriverException: unknown error: Element &lt;a href=&quot;#_&quot; class=&quot;btn btn-xs btn-primary btn-Edit&quot; id=&quot;btnEditApplicant&quot;>...&lt;/a> is not clickable at point (1238, 13). Other element would receive the click: &lt;div class=&quot;username&quot;>...&lt;/div>
  (Session info: chrome=63.0.3239.132)
  (Driver info: chromedriver=2.33.506120 (e3e53437346286c0bc2d2dc9aa4915ba81d9023f),platform=Windows NT 6.1.7601 SP1 x86_64) (WARNING: The server did not provide any stacktrace information)
Command duration or timeout: 50 milliseconds
Build info: version: '2.53.0', revision: '35ae25b', time: '2016-03-15 17:00:58'
System info: host: 'CTS-QUA-4', ip: '192.168.0.4', os.name: 'Windows 7', os.arch: 'amd64', os.version: '6.1', java.version: '1.8.0_102'
Driver info: com.kms.katalon.selenium.driver.CChromeDriver
Capabilities [{applicationCacheEnabled=false, rotatable=false, mobileEmulationEnabled=false, networkConnectionEnabled=false, chrome={chromedriverVersion=2.33.506120 (e3e53437346286c0bc2d2dc9aa4915ba81d9023f), userDataDir=C:\Users\GSALUN~1\AppData\Local\Temp\scoped_dir16032_6160}, takesHeapSnapshot=true, pageLoadStrategy=normal, databaseEnabled=false, handlesAlerts=true, hasTouchScreen=false, version=63.0.3239.132, platform=XP, browserConnectionEnabled=false, nativeEvents=true, acceptSslCerts=true, locationContextEnabled=true, webStorageEnabled=true, browserName=chrome, takesScreenshot=true, javascriptEnabled=true, cssSelectorsEnabled=true, setWindowRect=true, unexpectedAlertBehaviour=}]
Session ID: 35f65e4a0a68b9b3dc057ed21afe8f44)"/>
         <system-out><![CDATA[2018-01-18 19:12:55 - [TEST_CASE][FAILED] - Test Cases/ENDORSEMENT_CREATION: Test Cases/ENDORSEMENT_CREATION FAILED because (of) Unable to click on object 'Object Repository/Endorsement_OR/btn_EDIT_APPLICANTINFO_UW' (Root cause: org.openqa.selenium.WebDriverException: unknown error: Element <a href="#_" class="btn btn-xs btn-primary btn-Edit" id="btnEditApplicant">...</a> is not clickable at point (1238, 13). Other element would receive the click: <div class="username">...</div>
  (Session info: chrome=63.0.3239.132)
  (Driver info: chromedriver=2.33.506120 (e3e53437346286c0bc2d2dc9aa4915ba81d9023f),platform=Windows NT 6.1.7601 SP1 x86_64) (WARNING: The server did not provide any stacktrace information)
Command duration or timeout: 50 milliseconds
Build info: version: '2.53.0', revision: '35ae25b', time: '2016-03-15 17:00:58'
System info: host: 'CTS-QUA-4', ip: '192.168.0.4', os.name: 'Windows 7', os.arch: 'amd64', os.version: '6.1', java.version: '1.8.0_102'
Driver info: com.kms.katalon.selenium.driver.CChromeDriver
Capabilities [{applicationCacheEnabled=false, rotatable=false, mobileEmulationEnabled=false, networkConnectionEnabled=false, chrome={chromedriverVersion=2.33.506120 (e3e53437346286c0bc2d2dc9aa4915ba81d9023f), userDataDir=C:\Users\GSALUN~1\AppData\Local\Temp\scoped_dir16032_6160}, takesHeapSnapshot=true, pageLoadStrategy=normal, databaseEnabled=false, handlesAlerts=true, hasTouchScreen=false, version=63.0.3239.132, platform=XP, browserConnectionEnabled=false, nativeEvents=true, acceptSslCerts=true, locationContextEnabled=true, webStorageEnabled=true, browserName=chrome, takesScreenshot=true, javascriptEnabled=true, cssSelectorsEnabled=true, setWindowRect=true, unexpectedAlertBehaviour=}]
Session ID: 35f65e4a0a68b9b3dc057ed21afe8f44)

2018-01-18 19:12:55 - [TEST_STEP][PASSED] - click: Object: 'Object Repository/Endorsement_OR/btn_ADVANCE_FILTER' is clicked on

2018-01-18 19:12:55 - [MESSAGE][PASSED] - Object: 'Object Repository/Endorsement_OR/btn_ADVANCE_FILTER' is clicked on

2018-01-18 19:12:55 - [TEST_STEP][PASSED] - setText: Text '1163 Oakcrest Dr SW, Atlanta, GA 30311, USA' is set on object 'Object Repository/Endorsement_OR/txtfield_AdvanceFilter_PROPERTY_ADDRESS'

2018-01-18 19:12:55 - [MESSAGE][PASSED] - Text '1163 Oakcrest Dr SW, Atlanta, GA 30311, USA' is set on object 'Object Repository/Endorsement_OR/txtfield_AdvanceFilter_PROPERTY_ADDRESS'

2018-01-18 19:12:55 - [TEST_STEP][PASSED] - delay: Delayed 12 second(s)

2018-01-18 19:13:07 - [MESSAGE][PASSED] - Delayed 12 second(s)

2018-01-18 19:13:07 - [TEST_STEP][PASSED] - click: Object: 'Object Repository/Endorsement_OR/btn_APPLY_Advance_Filter' is clicked on

2018-01-18 19:13:07 - [MESSAGE][PASSED] - Object: 'Object Repository/Endorsement_OR/btn_APPLY_Advance_Filter' is clicked on

2018-01-18 19:13:07 - [TEST_STEP][PASSED] - delay: Delayed 10 second(s)

2018-01-18 19:13:17 - [MESSAGE][PASSED] - Delayed 10 second(s)

2018-01-18 19:13:17 - [TEST_STEP][PASSED] - delay: Delayed 20 second(s)

2018-01-18 19:13:37 - [MESSAGE][PASSED] - Delayed 20 second(s)

2018-01-18 19:13:37 - [TEST_STEP][PASSED] - Statement - policynumber = com.kms.katalon.core.webui.keyword.WebUiBuiltInKeywords.getText(com.kms.katalon.core.testobject.ObjectRepository.findTestObject(Endorsement_OR/get_POLICYNUMBER)): Text of object 'Object Repository/Endorsement_OR/get_POLICYNUMBER' is: 'BCIHGA1800054'

2018-01-18 19:13:37 - [MESSAGE][PASSED] - Text of object 'Object Repository/Endorsement_OR/get_POLICYNUMBER' is: 'BCIHGA1800054'

2018-01-18 19:13:37 - [TEST_STEP][PASSED] - Statement - println(policynumber): null

2018-01-18 19:13:37 - [TEST_STEP][PASSED] - delay: Delayed 2 second(s)

2018-01-18 19:13:39 - [MESSAGE][PASSED] - Delayed 2 second(s)

2018-01-18 19:13:39 - [TEST_STEP][PASSED] - click: Object: 'Object Repository/Endorsement_OR/btn_ENDORSEMENT_MENU' is clicked on

2018-01-18 19:13:39 - [MESSAGE][PASSED] - Object: 'Object Repository/Endorsement_OR/btn_ENDORSEMENT_MENU' is clicked on

2018-01-18 19:13:39 - [TEST_STEP][PASSED] - delay: Delayed 2 second(s)

2018-01-18 19:13:41 - [MESSAGE][PASSED] - Delayed 2 second(s)

2018-01-18 19:13:41 - [TEST_STEP][PASSED] - click: Object: 'Object Repository/Endorsement_OR/btn_YES_CONFIRMATION_ENDORSEMENT' is clicked on

2018-01-18 19:13:42 - [MESSAGE][PASSED] - Object: 'Object Repository/Endorsement_OR/btn_YES_CONFIRMATION_ENDORSEMENT' is clicked on

2018-01-18 19:13:42 - [TEST_STEP][PASSED] - delay: Delayed 6 second(s)

2018-01-18 19:13:48 - [MESSAGE][PASSED] - Delayed 6 second(s)

2018-01-18 19:13:48 - [TEST_STEP][PASSED] - setText: Text 'BCIHGA1800054' is set on object 'Object Repository/Endorsement_OR/txtfield_POLICYNUMBER_FOR_ENDORSEMENT'

2018-01-18 19:13:48 - [MESSAGE][PASSED] - Text 'BCIHGA1800054' is set on object 'Object Repository/Endorsement_OR/txtfield_POLICYNUMBER_FOR_ENDORSEMENT'

2018-01-18 19:13:48 - [TEST_STEP][PASSED] - delay: Delayed 6 second(s)

2018-01-18 19:13:54 - [MESSAGE][PASSED] - Delayed 6 second(s)

2018-01-18 19:13:54 - [TEST_STEP][PASSED] - click: Object: 'Object Repository/Endorsement_OR/btn_SEARCH_FOR_ENDORSEMENT' is clicked on

2018-01-18 19:13:55 - [MESSAGE][PASSED] - Object: 'Object Repository/Endorsement_OR/btn_SEARCH_FOR_ENDORSEMENT' is clicked on

2018-01-18 19:13:55 - [TEST_STEP][PASSED] - delay: Delayed 10 second(s)

2018-01-18 19:14:05 - [MESSAGE][PASSED] - Delayed 10 second(s)

2018-01-18 19:14:05 - [TEST_STEP][PASSED] - click: Object: 'Object Repository/Endorsement_OR/btn_ENDORSE_UW' is clicked on

2018-01-18 19:14:07 - [MESSAGE][PASSED] - Object: 'Object Repository/Endorsement_OR/btn_ENDORSE_UW' is clicked on

2018-01-18 19:14:07 - [TEST_STEP][PASSED] - delay: Delayed 5 second(s)

2018-01-18 19:14:12 - [MESSAGE][PASSED] - Delayed 5 second(s)

2018-01-18 19:14:12 - [TEST_STEP][PASSED] - click: Object: 'Object Repository/Endorsement_OR/btn_RECALCULATE_UW' is clicked on

2018-01-18 19:14:12 - [MESSAGE][PASSED] - Object: 'Object Repository/Endorsement_OR/btn_RECALCULATE_UW' is clicked on

2018-01-18 19:14:12 - [TEST_STEP][PASSED] - delay: Delayed 6 second(s)

2018-01-18 19:14:18 - [MESSAGE][PASSED] - Delayed 6 second(s)

2018-01-18 19:14:18 - [TEST_STEP][FAILED] - click: Unable to click on object 'Object Repository/Endorsement_OR/btn_EDIT_APPLICANTINFO_UW' (Root cause: org.openqa.selenium.WebDriverException: unknown error: Element <a href="#_" class="btn btn-xs btn-primary btn-Edit" id="btnEditApplicant">...</a> is not clickable at point (1238, 13). Other element would receive the click: <div class="username">...</div>
  (Session info: chrome=63.0.3239.132)
  (Driver info: chromedriver=2.33.506120 (e3e53437346286c0bc2d2dc9aa4915ba81d9023f),platform=Windows NT 6.1.7601 SP1 x86_64) (WARNING: The server did not provide any stacktrace information)
Command duration or timeout: 50 milliseconds
Build info: version: '2.53.0', revision: '35ae25b', time: '2016-03-15 17:00:58'
System info: host: 'CTS-QUA-4', ip: '192.168.0.4', os.name: 'Windows 7', os.arch: 'amd64', os.version: '6.1', java.version: '1.8.0_102'
Driver info: com.kms.katalon.selenium.driver.CChromeDriver
Capabilities [{applicationCacheEnabled=false, rotatable=false, mobileEmulationEnabled=false, networkConnectionEnabled=false, chrome={chromedriverVersion=2.33.506120 (e3e53437346286c0bc2d2dc9aa4915ba81d9023f), userDataDir=C:\Users\GSALUN~1\AppData\Local\Temp\scoped_dir16032_6160}, takesHeapSnapshot=true, pageLoadStrategy=normal, databaseEnabled=false, handlesAlerts=true, hasTouchScreen=false, version=63.0.3239.132, platform=XP, browserConnectionEnabled=false, nativeEvents=true, acceptSslCerts=true, locationContextEnabled=true, webStorageEnabled=true, browserName=chrome, takesScreenshot=true, javascriptEnabled=true, cssSelectorsEnabled=true, setWindowRect=true, unexpectedAlertBehaviour=}]
Session ID: 35f65e4a0a68b9b3dc057ed21afe8f44)

2018-01-18 19:14:19 - [MESSAGE][FAILED] - Unable to click on object 'Object Repository/Endorsement_OR/btn_EDIT_APPLICANTINFO_UW' (Root cause: org.openqa.selenium.WebDriverException: unknown error: Element <a href="#_" class="btn btn-xs btn-primary btn-Edit" id="btnEditApplicant">...</a> is not clickable at point (1238, 13). Other element would receive the click: <div class="username">...</div>
  (Session info: chrome=63.0.3239.132)
  (Driver info: chromedriver=2.33.506120 (e3e53437346286c0bc2d2dc9aa4915ba81d9023f),platform=Windows NT 6.1.7601 SP1 x86_64) (WARNING: The server did not provide any stacktrace information)
Command duration or timeout: 50 milliseconds
Build info: version: '2.53.0', revision: '35ae25b', time: '2016-03-15 17:00:58'
System info: host: 'CTS-QUA-4', ip: '192.168.0.4', os.name: 'Windows 7', os.arch: 'amd64', os.version: '6.1', java.version: '1.8.0_102'
Driver info: com.kms.katalon.selenium.driver.CChromeDriver
Capabilities [{applicationCacheEnabled=false, rotatable=false, mobileEmulationEnabled=false, networkConnectionEnabled=false, chrome={chromedriverVersion=2.33.506120 (e3e53437346286c0bc2d2dc9aa4915ba81d9023f), userDataDir=C:\Users\GSALUN~1\AppData\Local\Temp\scoped_dir16032_6160}, takesHeapSnapshot=true, pageLoadStrategy=normal, databaseEnabled=false, handlesAlerts=true, hasTouchScreen=false, version=63.0.3239.132, platform=XP, browserConnectionEnabled=false, nativeEvents=true, acceptSslCerts=true, locationContextEnabled=true, webStorageEnabled=true, browserName=chrome, takesScreenshot=true, javascriptEnabled=true, cssSelectorsEnabled=true, setWindowRect=true, unexpectedAlertBehaviour=}]
Session ID: 35f65e4a0a68b9b3dc057ed21afe8f44)
[[ATTACHMENT|D:\\Katalon_Practice_Workspace\\Katalon_Mitendra\\Reports\\PPE\\20180118_190503\\1516283058513.png]]]]></system-out>
         <system-err><![CDATA[2018-01-18 19:12:55 - [TEST_CASE][FAILED] - Test Cases/ENDORSEMENT_CREATION: Test Cases/ENDORSEMENT_CREATION FAILED because (of) Unable to click on object 'Object Repository/Endorsement_OR/btn_EDIT_APPLICANTINFO_UW' (Root cause: org.openqa.selenium.WebDriverException: unknown error: Element <a href="#_" class="btn btn-xs btn-primary btn-Edit" id="btnEditApplicant">...</a> is not clickable at point (1238, 13). Other element would receive the click: <div class="username">...</div>
  (Session info: chrome=63.0.3239.132)
  (Driver info: chromedriver=2.33.506120 (e3e53437346286c0bc2d2dc9aa4915ba81d9023f),platform=Windows NT 6.1.7601 SP1 x86_64) (WARNING: The server did not provide any stacktrace information)
Command duration or timeout: 50 milliseconds
Build info: version: '2.53.0', revision: '35ae25b', time: '2016-03-15 17:00:58'
System info: host: 'CTS-QUA-4', ip: '192.168.0.4', os.name: 'Windows 7', os.arch: 'amd64', os.version: '6.1', java.version: '1.8.0_102'
Driver info: com.kms.katalon.selenium.driver.CChromeDriver
Capabilities [{applicationCacheEnabled=false, rotatable=false, mobileEmulationEnabled=false, networkConnectionEnabled=false, chrome={chromedriverVersion=2.33.506120 (e3e53437346286c0bc2d2dc9aa4915ba81d9023f), userDataDir=C:\Users\GSALUN~1\AppData\Local\Temp\scoped_dir16032_6160}, takesHeapSnapshot=true, pageLoadStrategy=normal, databaseEnabled=false, handlesAlerts=true, hasTouchScreen=false, version=63.0.3239.132, platform=XP, browserConnectionEnabled=false, nativeEvents=true, acceptSslCerts=true, locationContextEnabled=true, webStorageEnabled=true, browserName=chrome, takesScreenshot=true, javascriptEnabled=true, cssSelectorsEnabled=true, setWindowRect=true, unexpectedAlertBehaviour=}]
Session ID: 35f65e4a0a68b9b3dc057ed21afe8f44)]]></system-err>
      </testcase>
      <system-out><![CDATA[2018-01-18 19:05:05 - [TEST_SUITE][FAILED] - PPE: Test Cases/ENDORSEMENT_CREATION FAILED because (of) Unable to click on object 'Object Repository/Endorsement_OR/btn_EDIT_APPLICANTINFO_UW' (Root cause: org.openqa.selenium.WebDriverException: unknown error: Element <a href="#_" class="btn btn-xs btn-primary btn-Edit" id="btnEditApplicant">...</a> is not clickable at point (1238, 13). Other element would receive the click: <div class="username">...</div>
  (Session info: chrome=63.0.3239.132)
  (Driver info: chromedriver=2.33.506120 (e3e53437346286c0bc2d2dc9aa4915ba81d9023f),platform=Windows NT 6.1.7601 SP1 x86_64) (WARNING: The server did not provide any stacktrace information)
Command duration or timeout: 50 milliseconds
Build info: version: '2.53.0', revision: '35ae25b', time: '2016-03-15 17:00:58'
System info: host: 'CTS-QUA-4', ip: '192.168.0.4', os.name: 'Windows 7', os.arch: 'amd64', os.version: '6.1', java.version: '1.8.0_102'
Driver info: com.kms.katalon.selenium.driver.CChromeDriver
Capabilities [{applicationCacheEnabled=false, rotatable=false, mobileEmulationEnabled=false, networkConnectionEnabled=false, chrome={chromedriverVersion=2.33.506120 (e3e53437346286c0bc2d2dc9aa4915ba81d9023f), userDataDir=C:\Users\GSALUN~1\AppData\Local\Temp\scoped_dir16032_6160}, takesHeapSnapshot=true, pageLoadStrategy=normal, databaseEnabled=false, handlesAlerts=true, hasTouchScreen=false, version=63.0.3239.132, platform=XP, browserConnectionEnabled=false, nativeEvents=true, acceptSslCerts=true, locationContextEnabled=true, webStorageEnabled=true, browserName=chrome, takesScreenshot=true, javascriptEnabled=true, cssSelectorsEnabled=true, setWindowRect=true, unexpectedAlertBehaviour=}]
Session ID: 35f65e4a0a68b9b3dc057ed21afe8f44)]]></system-out>
      <system-err><![CDATA[2018-01-18 19:05:05 - [TEST_SUITE][FAILED] - PPE: Test Cases/ENDORSEMENT_CREATION FAILED because (of) Unable to click on object 'Object Repository/Endorsement_OR/btn_EDIT_APPLICANTINFO_UW' (Root cause: org.openqa.selenium.WebDriverException: unknown error: Element <a href="#_" class="btn btn-xs btn-primary btn-Edit" id="btnEditApplicant">...</a> is not clickable at point (1238, 13). Other element would receive the click: <div class="username">...</div>
  (Session info: chrome=63.0.3239.132)
  (Driver info: chromedriver=2.33.506120 (e3e53437346286c0bc2d2dc9aa4915ba81d9023f),platform=Windows NT 6.1.7601 SP1 x86_64) (WARNING: The server did not provide any stacktrace information)
Command duration or timeout: 50 milliseconds
Build info: version: '2.53.0', revision: '35ae25b', time: '2016-03-15 17:00:58'
System info: host: 'CTS-QUA-4', ip: '192.168.0.4', os.name: 'Windows 7', os.arch: 'amd64', os.version: '6.1', java.version: '1.8.0_102'
Driver info: com.kms.katalon.selenium.driver.CChromeDriver
Capabilities [{applicationCacheEnabled=false, rotatable=false, mobileEmulationEnabled=false, networkConnectionEnabled=false, chrome={chromedriverVersion=2.33.506120 (e3e53437346286c0bc2d2dc9aa4915ba81d9023f), userDataDir=C:\Users\GSALUN~1\AppData\Local\Temp\scoped_dir16032_6160}, takesHeapSnapshot=true, pageLoadStrategy=normal, databaseEnabled=false, handlesAlerts=true, hasTouchScreen=false, version=63.0.3239.132, platform=XP, browserConnectionEnabled=false, nativeEvents=true, acceptSslCerts=true, locationContextEnabled=true, webStorageEnabled=true, browserName=chrome, takesScreenshot=true, javascriptEnabled=true, cssSelectorsEnabled=true, setWindowRect=true, unexpectedAlertBehaviour=}]
Session ID: 35f65e4a0a68b9b3dc057ed21afe8f44)]]></system-err>
   </testsuite>
</testsuites>
