<?xml version="1.0" encoding="UTF-8"?>
<testsuites name="PPE" time="419" tests="2" failures="1" errors="0">
   <testsuite name="PPE" tests="2" failures="1" errors="0" time="419" timestamp="2018-01-24 17:57:12" hostname="gsalunkhe - CTS-QUA-4.cogitate.india" id="Test Suites/PPE">
      <properties>
         <property name="deviceName" value=""/>
         <property name="devicePlatform" value=""/>
         <property name="logFolder" value="D:\\Katalon_Practice_Workspace\\Katalon_Mitendra\\Reports\\PPE\\20180124_175700"/>
         <property name="logFiles" value="D:\\Katalon_Practice_Workspace\\Katalon_Mitendra\\Reports\\PPE\\20180124_175700\\execution0.log"/>
         <property name="attachments" value="D:\\Katalon_Practice_Workspace\\Katalon_Mitendra\\Reports\\PPE\\20180124_175700\\1516797249506.png"/>
         <property name="hostName" value="gsalunkhe - CTS-QUA-4.cogitate.india"/>
         <property name="os" value="Windows 7 64bit"/>
         <property name="katalonVersion" value="5.0.1.1"/>
         <property name="browser" value="Chrome 63.0.3239.132"/>
         <property name="hostAddress" value="192.168.0.4"/>
         <property name="sessionId" value="624bd927b199d978dc69a432e60b5c99"/>
         <property name="seleniumVersion" value="2.53.0"/>
         <property name="proxyInformation" value="ProxyInformation{proxyOption=NO_PROXY, proxyServerType=HTTP, password=, proxyServerAddress=, proxyServerPort=0}"/>
         <property name="platform" value="Windows 7"/>
      </properties>
      <testcase name="Test Cases/QUOTE_CREATION" classname="Test Cases/QUOTE_CREATION" status="PASSED">
         <system-out><![CDATA[2018-01-24 17:57:12 - [TEST_CASE][PASSED] - Test Cases/QUOTE_CREATION: Test Cases/QUOTE_CREATION

2018-01-24 17:57:13 - [TEST_STEP][PASSED] - openBrowser: Browser is opened with url: 'http://13.90.102.191:8066'

2018-01-24 17:57:23 - [MESSAGE][PASSED] - Browser is opened with url: 'http://13.90.102.191:8066'

2018-01-24 17:57:23 - [TEST_STEP][PASSED] - maximizeWindow: Current window maximized

2018-01-24 17:57:25 - [MESSAGE][PASSED] - Current window maximized

2018-01-24 17:57:25 - [TEST_STEP][PASSED] - setText: Text 'ih.chelms' is set on object 'Object Repository/Quote_OR/txtfield_USERNAME'

2018-01-24 17:57:25 - [MESSAGE][PASSED] - Text 'ih.chelms' is set on object 'Object Repository/Quote_OR/txtfield_USERNAME'

2018-01-24 17:57:25 - [TEST_STEP][PASSED] - setText: Text '10#Hammer' is set on object 'Object Repository/Quote_OR/txtfield_PASSWORD'

2018-01-24 17:57:25 - [MESSAGE][PASSED] - Text '10#Hammer' is set on object 'Object Repository/Quote_OR/txtfield_PASSWORD'

2018-01-24 17:57:25 - [TEST_STEP][PASSED] - click: Object: 'Object Repository/Quote_OR/btn-LOGIN' is clicked on

2018-01-24 17:57:29 - [MESSAGE][PASSED] - Object: 'Object Repository/Quote_OR/btn-LOGIN' is clicked on

2018-01-24 17:57:29 - [TEST_STEP][PASSED] - setText: Text '260 Foxley Way Roswell, GA 30075 USA' is set on object 'Object Repository/Quote_OR/txtfield_ADDRESS_ON_LANDING_PAGE'

2018-01-24 17:57:29 - [MESSAGE][PASSED] - Text '260 Foxley Way Roswell, GA 30075 USA' is set on object 'Object Repository/Quote_OR/txtfield_ADDRESS_ON_LANDING_PAGE'

2018-01-24 17:57:29 - [TEST_STEP][PASSED] - click: Object: 'Object Repository/Quote_OR/btn_SEARCH_ADDRESS' is clicked on

2018-01-24 17:57:41 - [MESSAGE][PASSED] - Object: 'Object Repository/Quote_OR/btn_SEARCH_ADDRESS' is clicked on

2018-01-24 17:57:41 - [TEST_STEP][PASSED] - waitForPageLoad: Wait for page load successfully

2018-01-24 17:57:41 - [MESSAGE][PASSED] - Wait for page load successfully

2018-01-24 17:57:41 - [TEST_STEP][PASSED] - selectOptionByIndex: All options with index in [1] are selected on object 'Object Repository/Quote_OR/drp_PROPERTY_TYPE'

2018-01-24 17:57:42 - [MESSAGE][PASSED] - All options with index in [1] are selected on object 'Object Repository/Quote_OR/drp_PROPERTY_TYPE'

2018-01-24 17:57:42 - [TEST_STEP][PASSED] - setText: Text '' is set on object 'Object Repository/Quote_OR/txtfield_HOME_VALUATION'

2018-01-24 17:57:42 - [MESSAGE][PASSED] - Text '' is set on object 'Object Repository/Quote_OR/txtfield_HOME_VALUATION'

2018-01-24 17:57:42 - [TEST_STEP][PASSED] - selectOptionByIndex: All options with index in [2] are selected on object 'Object Repository/Quote_OR/drp_CONSTRUCTION_TYPE'

2018-01-24 17:57:42 - [MESSAGE][PASSED] - All options with index in [2] are selected on object 'Object Repository/Quote_OR/drp_CONSTRUCTION_TYPE'

2018-01-24 17:57:42 - [TEST_STEP][PASSED] - setText: Text '100000' is set on object 'Object Repository/Quote_OR/txtfield_HOME_VALUATION'

2018-01-24 17:57:42 - [MESSAGE][PASSED] - Text '100000' is set on object 'Object Repository/Quote_OR/txtfield_HOME_VALUATION'

2018-01-24 17:57:42 - [TEST_STEP][PASSED] - delay: Delayed 2 second(s)

2018-01-24 17:57:44 - [MESSAGE][PASSED] - Delayed 2 second(s)

2018-01-24 17:57:44 - [TEST_STEP][PASSED] - setText: Text '' is set on object 'Object Repository/Quote_OR/txtbx_YEARHOMEBUILD'

2018-01-24 17:57:45 - [MESSAGE][PASSED] - Text '' is set on object 'Object Repository/Quote_OR/txtbx_YEARHOMEBUILD'

2018-01-24 17:57:45 - [TEST_STEP][PASSED] - setText: Text '1968' is set on object 'Object Repository/Quote_OR/txtbx_YEARHOMEBUILD'

2018-01-24 17:57:45 - [MESSAGE][PASSED] - Text '1968' is set on object 'Object Repository/Quote_OR/txtbx_YEARHOMEBUILD'

2018-01-24 17:57:45 - [TEST_STEP][PASSED] - click: Object: 'Object Repository/Quote_OR/btn_GETQUOTE' is clicked on

2018-01-24 17:57:45 - [MESSAGE][PASSED] - Object: 'Object Repository/Quote_OR/btn_GETQUOTE' is clicked on

2018-01-24 17:57:45 - [TEST_STEP][PASSED] - delay: Delayed 1 second(s)

2018-01-24 17:57:46 - [MESSAGE][PASSED] - Delayed 1 second(s)

2018-01-24 17:57:46 - [TEST_STEP][PASSED] - click: Object: 'Object Repository/Quote_OR/btn_SENDQUOTE' is clicked on

2018-01-24 17:57:58 - [MESSAGE][PASSED] - Object: 'Object Repository/Quote_OR/btn_SENDQUOTE' is clicked on

2018-01-24 17:57:58 - [TEST_STEP][PASSED] - delay: Delayed 1 second(s)

2018-01-24 17:57:59 - [MESSAGE][PASSED] - Delayed 1 second(s)

2018-01-24 17:57:59 - [TEST_STEP][PASSED] - setText: Text 'Ganesh' is set on object 'Object Repository/Quote_OR/txtfield_SENDQUOTE_FIRSTNAME'

2018-01-24 17:58:00 - [MESSAGE][PASSED] - Text 'Ganesh' is set on object 'Object Repository/Quote_OR/txtfield_SENDQUOTE_FIRSTNAME'

2018-01-24 17:58:00 - [TEST_STEP][PASSED] - setText: Text 'Salunkhe' is set on object 'Object Repository/Quote_OR/txtfield_SENDQUOTE_LASTNAME'

2018-01-24 17:58:00 - [MESSAGE][PASSED] - Text 'Salunkhe' is set on object 'Object Repository/Quote_OR/txtfield_SENDQUOTE_LASTNAME'

2018-01-24 17:58:00 - [TEST_STEP][PASSED] - delay: Delayed 5 second(s)

2018-01-24 17:58:05 - [MESSAGE][PASSED] - Delayed 5 second(s)

2018-01-24 17:58:05 - [TEST_STEP][PASSED] - setText: Text '9768180080' is set on object 'Object Repository/Quote_OR/txtfield_SENDQUOTE_CONTACTNUMBER'

2018-01-24 17:58:05 - [MESSAGE][PASSED] - Text '9768180080' is set on object 'Object Repository/Quote_OR/txtfield_SENDQUOTE_CONTACTNUMBER'

2018-01-24 17:58:05 - [TEST_STEP][PASSED] - delay: Delayed 5 second(s)

2018-01-24 17:58:10 - [MESSAGE][PASSED] - Delayed 5 second(s)

2018-01-24 17:58:10 - [TEST_STEP][PASSED] - setText: Text 'gsalunkhe@cogitate.us' is set on object 'Object Repository/Quote_OR/txtfield_SENDQUOTE_EMAIL'

2018-01-24 17:58:11 - [MESSAGE][PASSED] - Text 'gsalunkhe@cogitate.us' is set on object 'Object Repository/Quote_OR/txtfield_SENDQUOTE_EMAIL'

2018-01-24 17:58:11 - [TEST_STEP][PASSED] - delay: Delayed 10 second(s)

2018-01-24 17:58:21 - [MESSAGE][PASSED] - Delayed 10 second(s)

2018-01-24 17:58:21 - [TEST_STEP][PASSED] - click: Object: 'Object Repository/Quote_OR/btn_SEND_QUOTE_DETAILS' is clicked on

2018-01-24 17:58:21 - [MESSAGE][PASSED] - Object: 'Object Repository/Quote_OR/btn_SEND_QUOTE_DETAILS' is clicked on

2018-01-24 17:58:21 - [TEST_STEP][PASSED] - selectOptionByIndex: All options with index in [1] are selected on object 'Object Repository/Quote_OR/drp_CONSTRUCTION_TYPE'

2018-01-24 17:58:21 - [MESSAGE][PASSED] - All options with index in [1] are selected on object 'Object Repository/Quote_OR/drp_CONSTRUCTION_TYPE'

2018-01-24 17:58:21 - [TEST_STEP][PASSED] - delay: Delayed 5 second(s)

2018-01-24 17:58:26 - [MESSAGE][PASSED] - Delayed 5 second(s)

2018-01-24 17:58:26 - [TEST_STEP][PASSED] - click: Object: 'Object Repository/Quote_OR/btn_RECALCULATE_PREMIUM' is clicked on

2018-01-24 17:58:26 - [MESSAGE][PASSED] - Object: 'Object Repository/Quote_OR/btn_RECALCULATE_PREMIUM' is clicked on]]></system-out>
         <system-err><![CDATA[]]></system-err>
      </testcase>
      <testcase name="Test Cases/APPLICATION_CREATION" classname="Test Cases/APPLICATION_CREATION" status="PASSED">
         <system-out><![CDATA[2018-01-24 17:58:26 - [TEST_CASE][PASSED] - Test Cases/APPLICATION_CREATION: Test Cases/APPLICATION_CREATION

2018-01-24 17:58:26 - [TEST_STEP][PASSED] - setText: Text '6140 Mountainwell Dr Roswell, GA 30075 USA' is set on object 'Object Repository/Application_OR/txtfield_ADDRESS_ON_QUOTE_PAGE'

2018-01-24 17:58:27 - [MESSAGE][PASSED] - Text '6140 Mountainwell Dr Roswell, GA 30075 USA' is set on object 'Object Repository/Application_OR/txtfield_ADDRESS_ON_QUOTE_PAGE'

2018-01-24 17:58:27 - [TEST_STEP][PASSED] - click: Object: 'Object Repository/Application_OR/btn_SEARCH_ADDRESS_QUOTE_PAGE' is clicked on

2018-01-24 17:58:40 - [MESSAGE][PASSED] - Object: 'Object Repository/Application_OR/btn_SEARCH_ADDRESS_QUOTE_PAGE' is clicked on

2018-01-24 17:58:40 - [TEST_STEP][PASSED] - Statement - Address = com.kms.katalon.core.testobject.ObjectRepository.findTestObject(Endorsement_OR/get_Address): Finding Test Object with id 'Object Repository/Endorsement_OR/get_Address'

2018-01-24 17:58:40 - [TEST_STEP][PASSED] - Statement - propertyaddress = com.kms.katalon.core.webui.keyword.WebUiBuiltInKeywords.getAttribute(Address, "value"): Attribute 'value' of object 'Object Repository/Endorsement_OR/get_Address' is: '6140 Mountainwell Dr, Roswell, GA 30075, USA'

2018-01-24 17:58:40 - [MESSAGE][PASSED] - Attribute 'value' of object 'Object Repository/Endorsement_OR/get_Address' is: '6140 Mountainwell Dr, Roswell, GA 30075, USA'

2018-01-24 17:58:40 - [TEST_STEP][PASSED] - Statement - println(propertyaddress): null

2018-01-24 17:58:40 - [TEST_STEP][PASSED] - Statement - propertyaddress = propertyaddress: null

2018-01-24 17:58:40 - [TEST_STEP][PASSED] - selectOptionByIndex: All options with index in [1] are selected on object 'Object Repository/Quote_OR/drp_PROPERTY_TYPE'

2018-01-24 17:58:40 - [MESSAGE][PASSED] - All options with index in [1] are selected on object 'Object Repository/Quote_OR/drp_PROPERTY_TYPE'

2018-01-24 17:58:40 - [TEST_STEP][PASSED] - setText: Text '' is set on object 'Object Repository/Quote_OR/txtbx_YEARHOMEBUILD'

2018-01-24 17:58:41 - [MESSAGE][PASSED] - Text '' is set on object 'Object Repository/Quote_OR/txtbx_YEARHOMEBUILD'

2018-01-24 17:58:41 - [TEST_STEP][PASSED] - setText: Text '2000' is set on object 'Object Repository/Quote_OR/txtbx_YEARHOMEBUILD'

2018-01-24 17:58:41 - [MESSAGE][PASSED] - Text '2000' is set on object 'Object Repository/Quote_OR/txtbx_YEARHOMEBUILD'

2018-01-24 17:58:41 - [TEST_STEP][PASSED] - selectOptionByIndex: All options with index in [2] are selected on object 'Object Repository/Quote_OR/drp_CONSTRUCTION_TYPE'

2018-01-24 17:58:41 - [MESSAGE][PASSED] - All options with index in [2] are selected on object 'Object Repository/Quote_OR/drp_CONSTRUCTION_TYPE'

2018-01-24 17:58:41 - [TEST_STEP][PASSED] - setText: Text '' is set on object 'Object Repository/Quote_OR/txtfield_HOME_VALUATION'

2018-01-24 17:58:41 - [MESSAGE][PASSED] - Text '' is set on object 'Object Repository/Quote_OR/txtfield_HOME_VALUATION'

2018-01-24 17:58:41 - [TEST_STEP][PASSED] - setText: Text '100000' is set on object 'Object Repository/Quote_OR/txtfield_HOME_VALUATION'

2018-01-24 17:58:41 - [MESSAGE][PASSED] - Text '100000' is set on object 'Object Repository/Quote_OR/txtfield_HOME_VALUATION'

2018-01-24 17:58:41 - [TEST_STEP][PASSED] - click: Object: 'Object Repository/Quote_OR/btn_GETQUOTE' is clicked on

2018-01-24 17:58:42 - [MESSAGE][PASSED] - Object: 'Object Repository/Quote_OR/btn_GETQUOTE' is clicked on

2018-01-24 17:58:42 - [TEST_STEP][PASSED] - delay: Delayed 1 second(s)

2018-01-24 17:58:43 - [MESSAGE][PASSED] - Delayed 1 second(s)

2018-01-24 17:58:43 - [TEST_STEP][PASSED] - click: Object: 'Object Repository/Application_OR/btn_TOAPPLICATION' is clicked on

2018-01-24 17:58:57 - [MESSAGE][PASSED] - Object: 'Object Repository/Application_OR/btn_TOAPPLICATION' is clicked on

2018-01-24 17:58:57 - [TEST_STEP][PASSED] - delay: Delayed 10 second(s)

2018-01-24 17:59:07 - [MESSAGE][PASSED] - Delayed 10 second(s)

2018-01-24 17:59:07 - [TEST_STEP][PASSED] - click: Object: 'Object Repository/Application_OR/btn_CONTINUE_UW_QUESTIONS' is clicked on

2018-01-24 17:59:07 - [MESSAGE][PASSED] - Object: 'Object Repository/Application_OR/btn_CONTINUE_UW_QUESTIONS' is clicked on

2018-01-24 17:59:07 - [TEST_STEP][PASSED] - delay: Delayed 10 second(s)

2018-01-24 17:59:17 - [MESSAGE][PASSED] - Delayed 10 second(s)

2018-01-24 17:59:17 - [TEST_STEP][PASSED] - delay: Delayed 3 second(s)

2018-01-24 17:59:20 - [MESSAGE][PASSED] - Delayed 3 second(s)

2018-01-24 17:59:20 - [TEST_STEP][PASSED] - click: Object: 'Object Repository/Application_OR/txtfield_INSURED_FIRSTNAME' is clicked on

2018-01-24 17:59:20 - [MESSAGE][PASSED] - Object: 'Object Repository/Application_OR/txtfield_INSURED_FIRSTNAME' is clicked on

2018-01-24 17:59:20 - [TEST_STEP][PASSED] - setText: Text 'Ross' is set on object 'Object Repository/Application_OR/txtfield_INSURED_FIRSTNAME'

2018-01-24 17:59:20 - [MESSAGE][PASSED] - Text 'Ross' is set on object 'Object Repository/Application_OR/txtfield_INSURED_FIRSTNAME'

2018-01-24 17:59:20 - [TEST_STEP][PASSED] - setText: Text 'Marshal' is set on object 'Object Repository/Application_OR/txtfield_INSURED_MIDDLENAME'

2018-01-24 17:59:20 - [MESSAGE][PASSED] - Text 'Marshal' is set on object 'Object Repository/Application_OR/txtfield_INSURED_MIDDLENAME'

2018-01-24 17:59:20 - [TEST_STEP][PASSED] - setText: Text 'Guptil' is set on object 'Object Repository/Application_OR/txtfield_INSURED_LASTNAME'

2018-01-24 17:59:20 - [MESSAGE][PASSED] - Text 'Guptil' is set on object 'Object Repository/Application_OR/txtfield_INSURED_LASTNAME'

2018-01-24 17:59:20 - [TEST_STEP][PASSED] - setText: Text '09/10/1999' is set on object 'Object Repository/Application_OR/txtfield_INSURED_DOB'

2018-01-24 17:59:21 - [MESSAGE][PASSED] - Text '09/10/1999' is set on object 'Object Repository/Application_OR/txtfield_INSURED_DOB'

2018-01-24 17:59:21 - [TEST_STEP][PASSED] - delay: Delayed 5 second(s)

2018-01-24 17:59:26 - [MESSAGE][PASSED] - Delayed 5 second(s)

2018-01-24 17:59:26 - [TEST_STEP][PASSED] - setText: Text 'gsalunkhe@cogitate.us' is set on object 'Object Repository/Application_OR/txtfield_INSURED_EMAIL'

2018-01-24 17:59:26 - [MESSAGE][PASSED] - Text 'gsalunkhe@cogitate.us' is set on object 'Object Repository/Application_OR/txtfield_INSURED_EMAIL'

2018-01-24 17:59:26 - [TEST_STEP][PASSED] - delay: Delayed 5 second(s)

2018-01-24 17:59:31 - [MESSAGE][PASSED] - Delayed 5 second(s)

2018-01-24 17:59:31 - [TEST_STEP][PASSED] - setText: Text '9768180080' is set on object 'Object Repository/Application_OR/txtfield_INSURED_CONTACTNUMBER'

2018-01-24 17:59:31 - [MESSAGE][PASSED] - Text '9768180080' is set on object 'Object Repository/Application_OR/txtfield_INSURED_CONTACTNUMBER'

2018-01-24 17:59:31 - [TEST_STEP][PASSED] - delay: Delayed 5 second(s)

2018-01-24 17:59:36 - [MESSAGE][PASSED] - Delayed 5 second(s)

2018-01-24 17:59:36 - [TEST_STEP][PASSED] - Statement - hdnPolicyInfoId = com.kms.katalon.core.testobject.ObjectRepository.findTestObject(Generic_OR/hdnPolicyInfoId): Finding Test Object with id 'Object Repository/Generic_OR/hdnPolicyInfoId'

2018-01-24 17:59:36 - [TEST_STEP][PASSED] - Statement - policyInfoid = com.kms.katalon.core.webui.keyword.WebUiBuiltInKeywords.getAttribute(hdnPolicyInfoId, "value"): Attribute 'value' of object 'Object Repository/Generic_OR/hdnPolicyInfoId' is: '3412'

2018-01-24 17:59:36 - [MESSAGE][PASSED] - Attribute 'value' of object 'Object Repository/Generic_OR/hdnPolicyInfoId' is: '3412'

2018-01-24 17:59:36 - [TEST_STEP][PASSED] - Statement - policyInfoId = policyInfoid: null

2018-01-24 17:59:36 - [TEST_STEP][PASSED] - click: Object: 'Object Repository/Application_OR/btn_POLICYHOLDER_SAVEANDCONTINUE' is clicked on

2018-01-24 17:59:37 - [MESSAGE][PASSED] - Object: 'Object Repository/Application_OR/btn_POLICYHOLDER_SAVEANDCONTINUE' is clicked on

2018-01-24 17:59:37 - [TEST_STEP][PASSED] - delay: Delayed 1 second(s)

2018-01-24 17:59:38 - [MESSAGE][PASSED] - Delayed 1 second(s)

2018-01-24 17:59:38 - [TEST_STEP][PASSED] - click: Object: 'Object Repository/Application_OR/drp_ROOFTYPE_PROPERTYPAGE' is clicked on

2018-01-24 17:59:38 - [MESSAGE][PASSED] - Object: 'Object Repository/Application_OR/drp_ROOFTYPE_PROPERTYPAGE' is clicked on

2018-01-24 17:59:38 - [TEST_STEP][PASSED] - delay: Delayed 3 second(s)

2018-01-24 17:59:41 - [MESSAGE][PASSED] - Delayed 3 second(s)

2018-01-24 17:59:41 - [TEST_STEP][PASSED] - selectOptionByIndex: All options with index in [1] are selected on object 'Object Repository/Application_OR/drp_ROOFTYPE_PROPERTYPAGE'

2018-01-24 17:59:41 - [MESSAGE][PASSED] - All options with index in [1] are selected on object 'Object Repository/Application_OR/drp_ROOFTYPE_PROPERTYPAGE'

2018-01-24 17:59:41 - [TEST_STEP][PASSED] - delay: Delayed 2 second(s)

2018-01-24 17:59:43 - [MESSAGE][PASSED] - Delayed 2 second(s)

2018-01-24 17:59:43 - [TEST_STEP][PASSED] - selectOptionByIndex: All options with index in [3] are selected on object 'Object Repository/Application_OR/drp_FOUNDATIONTYPE_PROPERTYPAGE'

2018-01-24 17:59:44 - [MESSAGE][PASSED] - All options with index in [3] are selected on object 'Object Repository/Application_OR/drp_FOUNDATIONTYPE_PROPERTYPAGE'

2018-01-24 17:59:44 - [TEST_STEP][PASSED] - delay: Delayed 2 second(s)

2018-01-24 17:59:46 - [MESSAGE][PASSED] - Delayed 2 second(s)

2018-01-24 17:59:46 - [TEST_STEP][PASSED] - selectOptionByIndex: All options with index in [7] are selected on object 'Object Repository/Application_OR/drp_HEATINGTYPE_PROPERTYPAGE'

2018-01-24 17:59:46 - [MESSAGE][PASSED] - All options with index in [7] are selected on object 'Object Repository/Application_OR/drp_HEATINGTYPE_PROPERTYPAGE'

2018-01-24 17:59:46 - [TEST_STEP][PASSED] - delay: Delayed 5 second(s)

2018-01-24 17:59:51 - [MESSAGE][PASSED] - Delayed 5 second(s)

2018-01-24 17:59:51 - [TEST_STEP][PASSED] - click: Object: 'Object Repository/Application_OR/btn_OCCUPANYPAGE_SAVEANDCONTINUE' is clicked on

2018-01-24 17:59:51 - [MESSAGE][PASSED] - Object: 'Object Repository/Application_OR/btn_OCCUPANYPAGE_SAVEANDCONTINUE' is clicked on

2018-01-24 17:59:51 - [TEST_STEP][PASSED] - delay: Delayed 1 second(s)

2018-01-24 17:59:52 - [MESSAGE][PASSED] - Delayed 1 second(s)

2018-01-24 17:59:52 - [TEST_STEP][PASSED] - click: Object: 'Object Repository/Application_OR/btn_YES_ROOFAGE_POPUP' is clicked on

2018-01-24 17:59:52 - [MESSAGE][PASSED] - Object: 'Object Repository/Application_OR/btn_YES_ROOFAGE_POPUP' is clicked on

2018-01-24 17:59:52 - [TEST_STEP][PASSED] - delay: Delayed 1 second(s)

2018-01-24 17:59:53 - [MESSAGE][PASSED] - Delayed 1 second(s)

2018-01-24 17:59:53 - [TEST_STEP][PASSED] - click: Object: 'Object Repository/Application_OR/btn_YES_ELECTRICALAGE_POPUP' is clicked on

2018-01-24 17:59:53 - [MESSAGE][PASSED] - Object: 'Object Repository/Application_OR/btn_YES_ELECTRICALAGE_POPUP' is clicked on

2018-01-24 17:59:53 - [TEST_STEP][PASSED] - delay: Delayed 1 second(s)

2018-01-24 17:59:54 - [MESSAGE][PASSED] - Delayed 1 second(s)

2018-01-24 17:59:54 - [TEST_STEP][PASSED] - click: Object: 'Object Repository/Application_OR/btn_YES_ELECTRICALAGE_POPUP' is clicked on

2018-01-24 17:59:54 - [MESSAGE][PASSED] - Object: 'Object Repository/Application_OR/btn_YES_ELECTRICALAGE_POPUP' is clicked on

2018-01-24 17:59:54 - [TEST_STEP][PASSED] - delay: Delayed 5 second(s)

2018-01-24 17:59:59 - [MESSAGE][PASSED] - Delayed 5 second(s)

2018-01-24 17:59:59 - [TEST_STEP][PASSED] - click: Object: 'Object Repository/Application_OR/btn_OCCUPANYPAGE_SAVEANDCONTINUE' is clicked on

2018-01-24 18:00:01 - [MESSAGE][PASSED] - Object: 'Object Repository/Application_OR/btn_OCCUPANYPAGE_SAVEANDCONTINUE' is clicked on

2018-01-24 18:00:01 - [TEST_STEP][PASSED] - delay: Delayed 5 second(s)

2018-01-24 18:00:06 - [MESSAGE][PASSED] - Delayed 5 second(s)

2018-01-24 18:00:06 - [TEST_STEP][PASSED] - check: Object 'Object Repository/Application_OR/chkbx_AGREEMENT' is checked

2018-01-24 18:00:06 - [MESSAGE][PASSED] - Object 'Object Repository/Application_OR/chkbx_AGREEMENT' is checked

2018-01-24 18:00:06 - [TEST_STEP][PASSED] - delay: Delayed 10 second(s)

2018-01-24 18:00:16 - [MESSAGE][PASSED] - Delayed 10 second(s)

2018-01-24 18:00:16 - [TEST_STEP][PASSED] - click: Object: 'Object Repository/Application_OR/btn_OCCUPANYPAGE_SAVEANDCONTINUE' is clicked on

2018-01-24 18:00:16 - [MESSAGE][PASSED] - Object: 'Object Repository/Application_OR/btn_OCCUPANYPAGE_SAVEANDCONTINUE' is clicked on

2018-01-24 18:00:16 - [TEST_STEP][PASSED] - delay: Delayed 5 second(s)

2018-01-24 18:00:21 - [MESSAGE][PASSED] - Delayed 5 second(s)

2018-01-24 18:00:21 - [TEST_STEP][PASSED] - click: Object: 'Object Repository/Application_OR/btn_SIGNAPPLICATION_AGENT' is clicked on

2018-01-24 18:00:36 - [MESSAGE][PASSED] - Object: 'Object Repository/Application_OR/btn_SIGNAPPLICATION_AGENT' is clicked on

2018-01-24 18:00:36 - [TEST_STEP][PASSED] - delay: Delayed 5 second(s)

2018-01-24 18:00:41 - [MESSAGE][PASSED] - Delayed 5 second(s)

2018-01-24 18:00:41 - [TEST_STEP][PASSED] - click: Object: 'Object Repository/Application_OR/btn_INSURED_SIGNATURE' is clicked on

2018-01-24 18:00:41 - [MESSAGE][PASSED] - Object: 'Object Repository/Application_OR/btn_INSURED_SIGNATURE' is clicked on

2018-01-24 18:00:41 - [TEST_STEP][PASSED] - delay: Delayed 5 second(s)

2018-01-24 18:00:46 - [MESSAGE][PASSED] - Delayed 5 second(s)

2018-01-24 18:00:46 - [TEST_STEP][PASSED] - click: Object: 'Object Repository/Application_OR/txtbx_INSURED_SIGNATURE' is clicked on

2018-01-24 18:00:46 - [MESSAGE][PASSED] - Object: 'Object Repository/Application_OR/txtbx_INSURED_SIGNATURE' is clicked on

2018-01-24 18:00:46 - [TEST_STEP][PASSED] - delay: Delayed 5 second(s)

2018-01-24 18:00:51 - [MESSAGE][PASSED] - Delayed 5 second(s)

2018-01-24 18:00:51 - [TEST_STEP][PASSED] - setText: Text 'Ross Marshal Guptil' is set on object 'Object Repository/Application_OR/txtbx_INSURED_SIGNATURE'

2018-01-24 18:00:52 - [MESSAGE][PASSED] - Text 'Ross Marshal Guptil' is set on object 'Object Repository/Application_OR/txtbx_INSURED_SIGNATURE'

2018-01-24 18:00:52 - [TEST_STEP][PASSED] - click: Object: 'Object Repository/Application_OR/btn_SUBMIT_INSURED_SIGNATURE' is clicked on

2018-01-24 18:00:52 - [MESSAGE][PASSED] - Object: 'Object Repository/Application_OR/btn_SUBMIT_INSURED_SIGNATURE' is clicked on

2018-01-24 18:00:52 - [TEST_STEP][PASSED] - Statement - otpQuery = "SELECT TOP 1 OtpGenerated FROM PPE_ApplicationForms_trn where PolicyInfoId = " + policyInfoId + " Order BY ModifiedDateTime DESC": null

2018-01-24 18:00:52 - [TEST_STEP][PASSED] - Statement - println("otpQuery" + " " + otpQuery): null

2018-01-24 18:00:52 - [TEST_STEP][PASSED] - com.PPE.Database_Connection.connectDB: com.PPE.Database_Connection.connectDB is PASSED

2018-01-24 18:00:54 - [MESSAGE][PASSED] - com.PPE.Database_Connection.connectDB is PASSED

2018-01-24 18:00:54 - [TEST_STEP][PASSED] - Statement - recordset = CustomKeywords.com.PPE.Database_Connection.executeQuery(otpQuery): com.PPE.Database_Connection.executeQuery is PASSED

2018-01-24 18:00:54 - [MESSAGE][PASSED] - com.PPE.Database_Connection.executeQuery is PASSED

2018-01-24 18:00:54 - [TEST_STEP][PASSED] - Statement - otp = 0: null

2018-01-24 18:00:54 - [TEST_STEP][PASSED] - Statement - While (recordset.next()): null

2018-01-24 18:00:54 - [TEST_STEP][PASSED] - Statement - otp = recordset.getObject("OtpGenerated"): null

2018-01-24 18:00:54 - [TEST_STEP][PASSED] - Statement - println("otp" + " " + otp): null

2018-01-24 18:00:54 - [TEST_STEP][PASSED] - delay: Delayed 10 second(s)

2018-01-24 18:01:04 - [MESSAGE][PASSED] - Delayed 10 second(s)

2018-01-24 18:01:04 - [TEST_STEP][PASSED] - Statement - txtOtp = com.kms.katalon.core.testobject.ObjectRepository.findTestObject(Application_OR/txtfield-OTP): Finding Test Object with id 'Object Repository/Application_OR/txtfield-OTP'

2018-01-24 18:01:04 - [TEST_STEP][PASSED] - setText: Text '6208' is set on object 'Object Repository/Application_OR/txtfield-OTP'

2018-01-24 18:01:04 - [MESSAGE][PASSED] - Text '6208' is set on object 'Object Repository/Application_OR/txtfield-OTP'

2018-01-24 18:01:04 - [TEST_STEP][PASSED] - delay: Delayed 1 second(s)

2018-01-24 18:01:05 - [MESSAGE][PASSED] - Delayed 1 second(s)

2018-01-24 18:01:05 - [TEST_STEP][PASSED] - click: Object: 'Object Repository/Application_OR/btn_OTP_VERIFY' is clicked on

2018-01-24 18:01:05 - [MESSAGE][PASSED] - Object: 'Object Repository/Application_OR/btn_OTP_VERIFY' is clicked on

2018-01-24 18:01:05 - [TEST_STEP][PASSED] - delay: Delayed 5 second(s)

2018-01-24 18:01:10 - [MESSAGE][PASSED] - Delayed 5 second(s)

2018-01-24 18:01:10 - [TEST_STEP][PASSED] - click: Object: 'Object Repository/Application_OR/btn_AGENT_SIGNATURE' is clicked on

2018-01-24 18:01:10 - [MESSAGE][PASSED] - Object: 'Object Repository/Application_OR/btn_AGENT_SIGNATURE' is clicked on

2018-01-24 18:01:10 - [TEST_STEP][PASSED] - delay: Delayed 2 second(s)

2018-01-24 18:01:12 - [MESSAGE][PASSED] - Delayed 2 second(s)

2018-01-24 18:01:12 - [TEST_STEP][PASSED] - click: Object: 'Object Repository/Application_OR/txtbx_AGENT_SIGNATURE' is clicked on

2018-01-24 18:01:12 - [MESSAGE][PASSED] - Object: 'Object Repository/Application_OR/txtbx_AGENT_SIGNATURE' is clicked on

2018-01-24 18:01:12 - [TEST_STEP][PASSED] - delay: Delayed 2 second(s)

2018-01-24 18:01:14 - [MESSAGE][PASSED] - Delayed 2 second(s)

2018-01-24 18:01:14 - [TEST_STEP][PASSED] - setText: Text 'clement helms' is set on object 'Object Repository/Application_OR/txtbx_AGENT_SIGNATURE'

2018-01-24 18:01:15 - [MESSAGE][PASSED] - Text 'clement helms' is set on object 'Object Repository/Application_OR/txtbx_AGENT_SIGNATURE'

2018-01-24 18:01:15 - [TEST_STEP][PASSED] - delay: Delayed 2 second(s)

2018-01-24 18:01:17 - [MESSAGE][PASSED] - Delayed 2 second(s)

2018-01-24 18:01:17 - [TEST_STEP][PASSED] - click: Object: 'Object Repository/Application_OR/btn_SUBMIT_AGENT_SIGNATURE' is clicked on

2018-01-24 18:01:17 - [MESSAGE][PASSED] - Object: 'Object Repository/Application_OR/btn_SUBMIT_AGENT_SIGNATURE' is clicked on

2018-01-24 18:01:17 - [TEST_STEP][PASSED] - delay: Delayed 5 second(s)

2018-01-24 18:01:22 - [MESSAGE][PASSED] - Delayed 5 second(s)

2018-01-24 18:01:22 - [TEST_STEP][PASSED] - click: Object: 'Object Repository/Application_OR/btn_SURPLUSLINE_ACK' is clicked on

2018-01-24 18:01:23 - [MESSAGE][PASSED] - Object: 'Object Repository/Application_OR/btn_SURPLUSLINE_ACK' is clicked on

2018-01-24 18:01:23 - [TEST_STEP][PASSED] - delay: Delayed 5 second(s)

2018-01-24 18:01:28 - [MESSAGE][PASSED] - Delayed 5 second(s)

2018-01-24 18:01:28 - [TEST_STEP][PASSED] - click: Object: 'Object Repository/Application_OR/txtfield_SURPLUSLINE_FORM_TEXT' is clicked on

2018-01-24 18:01:28 - [MESSAGE][PASSED] - Object: 'Object Repository/Application_OR/txtfield_SURPLUSLINE_FORM_TEXT' is clicked on

2018-01-24 18:01:28 - [TEST_STEP][PASSED] - setText: Text 'Testing' is set on object 'Object Repository/Application_OR/txtfield_SURPLUSLINE_FORM_TEXT'

2018-01-24 18:01:28 - [MESSAGE][PASSED] - Text 'Testing' is set on object 'Object Repository/Application_OR/txtfield_SURPLUSLINE_FORM_TEXT'

2018-01-24 18:01:28 - [TEST_STEP][PASSED] - delay: Delayed 5 second(s)

2018-01-24 18:01:33 - [MESSAGE][PASSED] - Delayed 5 second(s)

2018-01-24 18:01:33 - [TEST_STEP][PASSED] - click: Object: 'Object Repository/Application_OR/btn_SUBMIT_SURPLUSLINE' is clicked on

2018-01-24 18:01:33 - [MESSAGE][PASSED] - Object: 'Object Repository/Application_OR/btn_SUBMIT_SURPLUSLINE' is clicked on

2018-01-24 18:01:33 - [TEST_STEP][PASSED] - delay: Delayed 5 second(s)

2018-01-24 18:01:38 - [MESSAGE][PASSED] - Delayed 5 second(s)

2018-01-24 18:01:38 - [TEST_STEP][PASSED] - click: Object: 'Object Repository/Application_OR/btn_SUBMIT_FOR_UW_APPROVAL' is clicked on

2018-01-24 18:01:42 - [MESSAGE][PASSED] - Object: 'Object Repository/Application_OR/btn_SUBMIT_FOR_UW_APPROVAL' is clicked on

2018-01-24 18:01:42 - [TEST_STEP][PASSED] - delay: Delayed 8 second(s)

2018-01-24 18:01:50 - [MESSAGE][PASSED] - Delayed 8 second(s)

2018-01-24 18:01:50 - [TEST_STEP][PASSED] - click: Object: 'Object Repository/Application_OR/btn_LOGOUT' is clicked on

2018-01-24 18:01:50 - [MESSAGE][PASSED] - Object: 'Object Repository/Application_OR/btn_LOGOUT' is clicked on

2018-01-24 18:01:50 - [TEST_STEP][PASSED] - delay: Delayed 5 second(s)

2018-01-24 18:01:55 - [MESSAGE][PASSED] - Delayed 5 second(s)

2018-01-24 18:01:55 - [TEST_STEP][PASSED] - setText: Text 'ih.william' is set on object 'Object Repository/Quote_OR/txtfield_USERNAME'

2018-01-24 18:01:56 - [MESSAGE][PASSED] - Text 'ih.william' is set on object 'Object Repository/Quote_OR/txtfield_USERNAME'

2018-01-24 18:01:56 - [TEST_STEP][PASSED] - setText: Text '10#Hammer' is set on object 'Object Repository/Quote_OR/txtfield_PASSWORD'

2018-01-24 18:01:56 - [MESSAGE][PASSED] - Text '10#Hammer' is set on object 'Object Repository/Quote_OR/txtfield_PASSWORD'

2018-01-24 18:01:56 - [TEST_STEP][PASSED] - click: Object: 'Object Repository/Quote_OR/btn-LOGIN' is clicked on

2018-01-24 18:01:58 - [MESSAGE][PASSED] - Object: 'Object Repository/Quote_OR/btn-LOGIN' is clicked on

2018-01-24 18:01:58 - [TEST_STEP][PASSED] - delay: Delayed 5 second(s)

2018-01-24 18:02:03 - [MESSAGE][PASSED] - Delayed 5 second(s)

2018-01-24 18:02:03 - [TEST_STEP][PASSED] - Statement - btnId = "//*[@id="btnLoadApplication_" + policyInfoId + ""]": null

2018-01-24 18:02:03 - [TEST_STEP][PASSED] - Statement - btnViewApplication = new com.kms.katalon.core.testobject.TestObject(btnViewApplication): null

2018-01-24 18:02:03 - [TEST_STEP][PASSED] - Statement - btnViewApplication.addProperty("xpath", EQUALS, btnId, true): null

2018-01-24 18:02:03 - [TEST_STEP][PASSED] - delay: Delayed 20 second(s)

2018-01-24 18:02:23 - [MESSAGE][PASSED] - Delayed 20 second(s)

2018-01-24 18:02:23 - [TEST_STEP][PASSED] - click: Object: 'btnViewApplication' is clicked on

2018-01-24 18:02:25 - [MESSAGE][PASSED] - Object: 'btnViewApplication' is clicked on

2018-01-24 18:02:25 - [TEST_STEP][PASSED] - delay: Delayed 8 second(s)

2018-01-24 18:02:33 - [MESSAGE][PASSED] - Delayed 8 second(s)

2018-01-24 18:02:33 - [TEST_STEP][PASSED] - click: Object: 'Object Repository/Application_OR/btn_DOWNLOAD_AFS_UW' is clicked on

2018-01-24 18:02:33 - [MESSAGE][PASSED] - Object: 'Object Repository/Application_OR/btn_DOWNLOAD_AFS_UW' is clicked on

2018-01-24 18:02:33 - [TEST_STEP][PASSED] - delay: Delayed 5 second(s)

2018-01-24 18:02:38 - [MESSAGE][PASSED] - Delayed 5 second(s)

2018-01-24 18:02:38 - [TEST_STEP][PASSED] - click: Object: 'Object Repository/Application_OR/btn_GENERATE_FORMS' is clicked on

2018-01-24 18:02:39 - [MESSAGE][PASSED] - Object: 'Object Repository/Application_OR/btn_GENERATE_FORMS' is clicked on

2018-01-24 18:02:39 - [TEST_STEP][PASSED] - delay: Delayed 5 second(s)

2018-01-24 18:02:44 - [MESSAGE][PASSED] - Delayed 5 second(s)

2018-01-24 18:02:44 - [TEST_STEP][PASSED] - click: Object: 'Object Repository/Application_OR/btn_REQUEST_FOR_BIND' is clicked on

2018-01-24 18:02:44 - [MESSAGE][PASSED] - Object: 'Object Repository/Application_OR/btn_REQUEST_FOR_BIND' is clicked on

2018-01-24 18:02:44 - [TEST_STEP][PASSED] - delay: Delayed 20 second(s)

2018-01-24 18:03:04 - [MESSAGE][PASSED] - Delayed 20 second(s)

2018-01-24 18:03:04 - [TEST_STEP][PASSED] - click: Object: 'Object Repository/Application_OR/btn_VIEW_POLICY_FORMS' is clicked on

2018-01-24 18:03:04 - [MESSAGE][PASSED] - Object: 'Object Repository/Application_OR/btn_VIEW_POLICY_FORMS' is clicked on

2018-01-24 18:03:04 - [TEST_STEP][PASSED] - delay: Delayed 15 second(s)

2018-01-24 18:03:19 - [MESSAGE][PASSED] - Delayed 15 second(s)

2018-01-24 18:03:19 - [TEST_STEP][PASSED] - click: Object: 'Object Repository/Application_OR/btn_UW_APPLICATION_STATUS_MENU' is clicked on

2018-01-24 18:03:19 - [MESSAGE][PASSED] - Object: 'Object Repository/Application_OR/btn_UW_APPLICATION_STATUS_MENU' is clicked on

2018-01-24 18:03:19 - [TEST_STEP][PASSED] - delay: Delayed 2 second(s)

2018-01-24 18:03:21 - [MESSAGE][PASSED] - Delayed 2 second(s)

2018-01-24 18:03:21 - [TEST_STEP][PASSED] - click: Object: 'Object Repository/Application_OR/btn_YES_CONFIRMATION' is clicked on

2018-01-24 18:03:22 - [MESSAGE][PASSED] - Object: 'Object Repository/Application_OR/btn_YES_CONFIRMATION' is clicked on

2018-01-24 18:03:22 - [TEST_STEP][PASSED] - delay: Delayed 12 second(s)

2018-01-24 18:03:34 - [MESSAGE][PASSED] - Delayed 12 second(s)]]></system-out>
         <system-err><![CDATA[]]></system-err>
      </testcase>
      <testcase name="Test Cases/ENDORSEMENT_CREATION" classname="Test Cases/ENDORSEMENT_CREATION" status="FAILED">
         <failure type="FAILED" message="Unable to click on object 'Object Repository/Endorsement_OR/btn_ENDORSEMENT_MENU' (Root cause: org.openqa.selenium.WebDriverException: unknown error: Element &lt;img src=&quot;/assets/images/endorsement.png&quot; class=&quot;active&quot; style=&quot;display:inline;&quot; alt=&quot;&quot;> is not clickable at point (54, 352). Other element would receive the click: &lt;div class=&quot;modalLoader&quot;>...&lt;/div>
  (Session info: chrome=63.0.3239.132)
  (Driver info: chromedriver=2.33.506120 (e3e53437346286c0bc2d2dc9aa4915ba81d9023f),platform=Windows NT 6.1.7601 SP1 x86_64) (WARNING: The server did not provide any stacktrace information)
Command duration or timeout: 40 milliseconds
Build info: version: '2.53.0', revision: '35ae25b', time: '2016-03-15 17:00:58'
System info: host: 'CTS-QUA-4', ip: '192.168.0.4', os.name: 'Windows 7', os.arch: 'amd64', os.version: '6.1', java.version: '1.8.0_102'
Driver info: com.kms.katalon.selenium.driver.CChromeDriver
Capabilities [{applicationCacheEnabled=false, rotatable=false, mobileEmulationEnabled=false, networkConnectionEnabled=false, chrome={chromedriverVersion=2.33.506120 (e3e53437346286c0bc2d2dc9aa4915ba81d9023f), userDataDir=C:\Users\GSALUN~1\AppData\Local\Temp\scoped_dir11872_11429}, takesHeapSnapshot=true, pageLoadStrategy=normal, databaseEnabled=false, handlesAlerts=true, hasTouchScreen=false, version=63.0.3239.132, platform=XP, browserConnectionEnabled=false, nativeEvents=true, acceptSslCerts=true, locationContextEnabled=true, webStorageEnabled=true, browserName=chrome, takesScreenshot=true, javascriptEnabled=true, cssSelectorsEnabled=true, setWindowRect=true, unexpectedAlertBehaviour=}]
Session ID: 624bd927b199d978dc69a432e60b5c99)"/>
         <system-out><![CDATA[2018-01-24 18:03:34 - [TEST_CASE][FAILED] - Test Cases/ENDORSEMENT_CREATION: Test Cases/ENDORSEMENT_CREATION FAILED because (of) Unable to click on object 'Object Repository/Endorsement_OR/btn_ENDORSEMENT_MENU' (Root cause: org.openqa.selenium.WebDriverException: unknown error: Element <img src="/assets/images/endorsement.png" class="active" style="display:inline;" alt=""> is not clickable at point (54, 352). Other element would receive the click: <div class="modalLoader">...</div>
  (Session info: chrome=63.0.3239.132)
  (Driver info: chromedriver=2.33.506120 (e3e53437346286c0bc2d2dc9aa4915ba81d9023f),platform=Windows NT 6.1.7601 SP1 x86_64) (WARNING: The server did not provide any stacktrace information)
Command duration or timeout: 40 milliseconds
Build info: version: '2.53.0', revision: '35ae25b', time: '2016-03-15 17:00:58'
System info: host: 'CTS-QUA-4', ip: '192.168.0.4', os.name: 'Windows 7', os.arch: 'amd64', os.version: '6.1', java.version: '1.8.0_102'
Driver info: com.kms.katalon.selenium.driver.CChromeDriver
Capabilities [{applicationCacheEnabled=false, rotatable=false, mobileEmulationEnabled=false, networkConnectionEnabled=false, chrome={chromedriverVersion=2.33.506120 (e3e53437346286c0bc2d2dc9aa4915ba81d9023f), userDataDir=C:\Users\GSALUN~1\AppData\Local\Temp\scoped_dir11872_11429}, takesHeapSnapshot=true, pageLoadStrategy=normal, databaseEnabled=false, handlesAlerts=true, hasTouchScreen=false, version=63.0.3239.132, platform=XP, browserConnectionEnabled=false, nativeEvents=true, acceptSslCerts=true, locationContextEnabled=true, webStorageEnabled=true, browserName=chrome, takesScreenshot=true, javascriptEnabled=true, cssSelectorsEnabled=true, setWindowRect=true, unexpectedAlertBehaviour=}]
Session ID: 624bd927b199d978dc69a432e60b5c99)

2018-01-24 18:03:34 - [TEST_STEP][PASSED] - click: Object: 'Object Repository/Endorsement_OR/btn_ADVANCE_FILTER' is clicked on

2018-01-24 18:03:34 - [MESSAGE][PASSED] - Object: 'Object Repository/Endorsement_OR/btn_ADVANCE_FILTER' is clicked on

2018-01-24 18:03:34 - [TEST_STEP][PASSED] - setText: Text '6140 Mountainwell Dr, Roswell, GA 30075, USA' is set on object 'Object Repository/Endorsement_OR/txtfield_AdvanceFilter_PROPERTY_ADDRESS'

2018-01-24 18:03:35 - [MESSAGE][PASSED] - Text '6140 Mountainwell Dr, Roswell, GA 30075, USA' is set on object 'Object Repository/Endorsement_OR/txtfield_AdvanceFilter_PROPERTY_ADDRESS'

2018-01-24 18:03:35 - [TEST_STEP][PASSED] - delay: Delayed 12 second(s)

2018-01-24 18:03:47 - [MESSAGE][PASSED] - Delayed 12 second(s)

2018-01-24 18:03:47 - [TEST_STEP][PASSED] - click: Object: 'Object Repository/Endorsement_OR/btn_APPLY_Advance_Filter' is clicked on

2018-01-24 18:03:47 - [MESSAGE][PASSED] - Object: 'Object Repository/Endorsement_OR/btn_APPLY_Advance_Filter' is clicked on

2018-01-24 18:03:47 - [TEST_STEP][PASSED] - delay: Delayed 20 second(s)

2018-01-24 18:04:07 - [MESSAGE][PASSED] - Delayed 20 second(s)

2018-01-24 18:04:07 - [TEST_STEP][PASSED] - Statement - policynumber = com.kms.katalon.core.webui.keyword.WebUiBuiltInKeywords.getText(com.kms.katalon.core.testobject.ObjectRepository.findTestObject(Endorsement_OR/get_POLICYNUMBER)): Text of object 'Object Repository/Endorsement_OR/get_POLICYNUMBER' is: 'BCIHGA1800075'

2018-01-24 18:04:07 - [MESSAGE][PASSED] - Text of object 'Object Repository/Endorsement_OR/get_POLICYNUMBER' is: 'BCIHGA1800075'

2018-01-24 18:04:07 - [TEST_STEP][PASSED] - Statement - println(policynumber): null

2018-01-24 18:04:07 - [TEST_STEP][PASSED] - delay: Delayed 2 second(s)

2018-01-24 18:04:09 - [MESSAGE][PASSED] - Delayed 2 second(s)

2018-01-24 18:04:09 - [TEST_STEP][FAILED] - click: Unable to click on object 'Object Repository/Endorsement_OR/btn_ENDORSEMENT_MENU' (Root cause: org.openqa.selenium.WebDriverException: unknown error: Element <img src="/assets/images/endorsement.png" class="active" style="display:inline;" alt=""> is not clickable at point (54, 352). Other element would receive the click: <div class="modalLoader">...</div>
  (Session info: chrome=63.0.3239.132)
  (Driver info: chromedriver=2.33.506120 (e3e53437346286c0bc2d2dc9aa4915ba81d9023f),platform=Windows NT 6.1.7601 SP1 x86_64) (WARNING: The server did not provide any stacktrace information)
Command duration or timeout: 40 milliseconds
Build info: version: '2.53.0', revision: '35ae25b', time: '2016-03-15 17:00:58'
System info: host: 'CTS-QUA-4', ip: '192.168.0.4', os.name: 'Windows 7', os.arch: 'amd64', os.version: '6.1', java.version: '1.8.0_102'
Driver info: com.kms.katalon.selenium.driver.CChromeDriver
Capabilities [{applicationCacheEnabled=false, rotatable=false, mobileEmulationEnabled=false, networkConnectionEnabled=false, chrome={chromedriverVersion=2.33.506120 (e3e53437346286c0bc2d2dc9aa4915ba81d9023f), userDataDir=C:\Users\GSALUN~1\AppData\Local\Temp\scoped_dir11872_11429}, takesHeapSnapshot=true, pageLoadStrategy=normal, databaseEnabled=false, handlesAlerts=true, hasTouchScreen=false, version=63.0.3239.132, platform=XP, browserConnectionEnabled=false, nativeEvents=true, acceptSslCerts=true, locationContextEnabled=true, webStorageEnabled=true, browserName=chrome, takesScreenshot=true, javascriptEnabled=true, cssSelectorsEnabled=true, setWindowRect=true, unexpectedAlertBehaviour=}]
Session ID: 624bd927b199d978dc69a432e60b5c99)

2018-01-24 18:04:10 - [MESSAGE][FAILED] - Unable to click on object 'Object Repository/Endorsement_OR/btn_ENDORSEMENT_MENU' (Root cause: org.openqa.selenium.WebDriverException: unknown error: Element <img src="/assets/images/endorsement.png" class="active" style="display:inline;" alt=""> is not clickable at point (54, 352). Other element would receive the click: <div class="modalLoader">...</div>
  (Session info: chrome=63.0.3239.132)
  (Driver info: chromedriver=2.33.506120 (e3e53437346286c0bc2d2dc9aa4915ba81d9023f),platform=Windows NT 6.1.7601 SP1 x86_64) (WARNING: The server did not provide any stacktrace information)
Command duration or timeout: 40 milliseconds
Build info: version: '2.53.0', revision: '35ae25b', time: '2016-03-15 17:00:58'
System info: host: 'CTS-QUA-4', ip: '192.168.0.4', os.name: 'Windows 7', os.arch: 'amd64', os.version: '6.1', java.version: '1.8.0_102'
Driver info: com.kms.katalon.selenium.driver.CChromeDriver
Capabilities [{applicationCacheEnabled=false, rotatable=false, mobileEmulationEnabled=false, networkConnectionEnabled=false, chrome={chromedriverVersion=2.33.506120 (e3e53437346286c0bc2d2dc9aa4915ba81d9023f), userDataDir=C:\Users\GSALUN~1\AppData\Local\Temp\scoped_dir11872_11429}, takesHeapSnapshot=true, pageLoadStrategy=normal, databaseEnabled=false, handlesAlerts=true, hasTouchScreen=false, version=63.0.3239.132, platform=XP, browserConnectionEnabled=false, nativeEvents=true, acceptSslCerts=true, locationContextEnabled=true, webStorageEnabled=true, browserName=chrome, takesScreenshot=true, javascriptEnabled=true, cssSelectorsEnabled=true, setWindowRect=true, unexpectedAlertBehaviour=}]
Session ID: 624bd927b199d978dc69a432e60b5c99)
[[ATTACHMENT|D:\\Katalon_Practice_Workspace\\Katalon_Mitendra\\Reports\\PPE\\20180124_175700\\1516797249506.png]]]]></system-out>
         <system-err><![CDATA[2018-01-24 18:03:34 - [TEST_CASE][FAILED] - Test Cases/ENDORSEMENT_CREATION: Test Cases/ENDORSEMENT_CREATION FAILED because (of) Unable to click on object 'Object Repository/Endorsement_OR/btn_ENDORSEMENT_MENU' (Root cause: org.openqa.selenium.WebDriverException: unknown error: Element <img src="/assets/images/endorsement.png" class="active" style="display:inline;" alt=""> is not clickable at point (54, 352). Other element would receive the click: <div class="modalLoader">...</div>
  (Session info: chrome=63.0.3239.132)
  (Driver info: chromedriver=2.33.506120 (e3e53437346286c0bc2d2dc9aa4915ba81d9023f),platform=Windows NT 6.1.7601 SP1 x86_64) (WARNING: The server did not provide any stacktrace information)
Command duration or timeout: 40 milliseconds
Build info: version: '2.53.0', revision: '35ae25b', time: '2016-03-15 17:00:58'
System info: host: 'CTS-QUA-4', ip: '192.168.0.4', os.name: 'Windows 7', os.arch: 'amd64', os.version: '6.1', java.version: '1.8.0_102'
Driver info: com.kms.katalon.selenium.driver.CChromeDriver
Capabilities [{applicationCacheEnabled=false, rotatable=false, mobileEmulationEnabled=false, networkConnectionEnabled=false, chrome={chromedriverVersion=2.33.506120 (e3e53437346286c0bc2d2dc9aa4915ba81d9023f), userDataDir=C:\Users\GSALUN~1\AppData\Local\Temp\scoped_dir11872_11429}, takesHeapSnapshot=true, pageLoadStrategy=normal, databaseEnabled=false, handlesAlerts=true, hasTouchScreen=false, version=63.0.3239.132, platform=XP, browserConnectionEnabled=false, nativeEvents=true, acceptSslCerts=true, locationContextEnabled=true, webStorageEnabled=true, browserName=chrome, takesScreenshot=true, javascriptEnabled=true, cssSelectorsEnabled=true, setWindowRect=true, unexpectedAlertBehaviour=}]
Session ID: 624bd927b199d978dc69a432e60b5c99)]]></system-err>
      </testcase>
      <system-out><![CDATA[2018-01-24 17:57:12 - [TEST_SUITE][FAILED] - PPE: Test Cases/ENDORSEMENT_CREATION FAILED because (of) Unable to click on object 'Object Repository/Endorsement_OR/btn_ENDORSEMENT_MENU' (Root cause: org.openqa.selenium.WebDriverException: unknown error: Element <img src="/assets/images/endorsement.png" class="active" style="display:inline;" alt=""> is not clickable at point (54, 352). Other element would receive the click: <div class="modalLoader">...</div>
  (Session info: chrome=63.0.3239.132)
  (Driver info: chromedriver=2.33.506120 (e3e53437346286c0bc2d2dc9aa4915ba81d9023f),platform=Windows NT 6.1.7601 SP1 x86_64) (WARNING: The server did not provide any stacktrace information)
Command duration or timeout: 40 milliseconds
Build info: version: '2.53.0', revision: '35ae25b', time: '2016-03-15 17:00:58'
System info: host: 'CTS-QUA-4', ip: '192.168.0.4', os.name: 'Windows 7', os.arch: 'amd64', os.version: '6.1', java.version: '1.8.0_102'
Driver info: com.kms.katalon.selenium.driver.CChromeDriver
Capabilities [{applicationCacheEnabled=false, rotatable=false, mobileEmulationEnabled=false, networkConnectionEnabled=false, chrome={chromedriverVersion=2.33.506120 (e3e53437346286c0bc2d2dc9aa4915ba81d9023f), userDataDir=C:\Users\GSALUN~1\AppData\Local\Temp\scoped_dir11872_11429}, takesHeapSnapshot=true, pageLoadStrategy=normal, databaseEnabled=false, handlesAlerts=true, hasTouchScreen=false, version=63.0.3239.132, platform=XP, browserConnectionEnabled=false, nativeEvents=true, acceptSslCerts=true, locationContextEnabled=true, webStorageEnabled=true, browserName=chrome, takesScreenshot=true, javascriptEnabled=true, cssSelectorsEnabled=true, setWindowRect=true, unexpectedAlertBehaviour=}]
Session ID: 624bd927b199d978dc69a432e60b5c99)]]></system-out>
      <system-err><![CDATA[2018-01-24 17:57:12 - [TEST_SUITE][FAILED] - PPE: Test Cases/ENDORSEMENT_CREATION FAILED because (of) Unable to click on object 'Object Repository/Endorsement_OR/btn_ENDORSEMENT_MENU' (Root cause: org.openqa.selenium.WebDriverException: unknown error: Element <img src="/assets/images/endorsement.png" class="active" style="display:inline;" alt=""> is not clickable at point (54, 352). Other element would receive the click: <div class="modalLoader">...</div>
  (Session info: chrome=63.0.3239.132)
  (Driver info: chromedriver=2.33.506120 (e3e53437346286c0bc2d2dc9aa4915ba81d9023f),platform=Windows NT 6.1.7601 SP1 x86_64) (WARNING: The server did not provide any stacktrace information)
Command duration or timeout: 40 milliseconds
Build info: version: '2.53.0', revision: '35ae25b', time: '2016-03-15 17:00:58'
System info: host: 'CTS-QUA-4', ip: '192.168.0.4', os.name: 'Windows 7', os.arch: 'amd64', os.version: '6.1', java.version: '1.8.0_102'
Driver info: com.kms.katalon.selenium.driver.CChromeDriver
Capabilities [{applicationCacheEnabled=false, rotatable=false, mobileEmulationEnabled=false, networkConnectionEnabled=false, chrome={chromedriverVersion=2.33.506120 (e3e53437346286c0bc2d2dc9aa4915ba81d9023f), userDataDir=C:\Users\GSALUN~1\AppData\Local\Temp\scoped_dir11872_11429}, takesHeapSnapshot=true, pageLoadStrategy=normal, databaseEnabled=false, handlesAlerts=true, hasTouchScreen=false, version=63.0.3239.132, platform=XP, browserConnectionEnabled=false, nativeEvents=true, acceptSslCerts=true, locationContextEnabled=true, webStorageEnabled=true, browserName=chrome, takesScreenshot=true, javascriptEnabled=true, cssSelectorsEnabled=true, setWindowRect=true, unexpectedAlertBehaviour=}]
Session ID: 624bd927b199d978dc69a432e60b5c99)]]></system-err>
   </testsuite>
</testsuites>
